<?xml version="1.0" encoding="UTF-8"?>
<testsuite xmlns:xsi="http://www.w3.org/2001/XMLSchema-instance" xsi:noNamespaceSchemaLocation="https://maven.apache.org/surefire/maven-surefire-plugin/xsd/surefire-test-report.xsd" name="com.jpa.hibernate.demo.repo.CourseRepoTest" time="7.571" tests="5" errors="5" skipped="0" failures="0">
  <properties>
    <property name="sun.desktop" value="windows"/>
    <property name="awt.toolkit" value="sun.awt.windows.WToolkit"/>
    <property name="file.encoding.pkg" value="sun.io"/>
    <property name="java.specification.version" value="1.8"/>
    <property name="sun.cpu.isalist" value="amd64"/>
    <property name="sun.jnu.encoding" value="Cp1252"/>
    <property name="java.class.path" value="C:\Users\sudha\.m2\repository\org\apache\maven\surefire\surefire-booter\2.22.1\surefire-booter-2.22.1.jar;C:\Users\sudha\.m2\repository\org\apache\maven\surefire\surefire-api\2.22.1\surefire-api-2.22.1.jar;C:\Users\sudha\.m2\repository\org\apache\maven\surefire\surefire-logger-api\2.22.1\surefire-logger-api-2.22.1.jar;C:\Users\sudha\Jpa-hibernate-in-depth\jpa-hibernate\target\test-classes;C:\Users\sudha\Jpa-hibernate-in-depth\jpa-hibernate\target\classes;C:\Users\sudha\.m2\repository\org\springframework\boot\spring-boot-starter-data-jpa\1.5.9.RELEASE\spring-boot-starter-data-jpa-1.5.9.RELEASE.jar;C:\Users\sudha\.m2\repository\org\springframework\boot\spring-boot-starter\1.5.9.RELEASE\spring-boot-starter-1.5.9.RELEASE.jar;C:\Users\sudha\.m2\repository\org\springframework\boot\spring-boot\1.5.9.RELEASE\spring-boot-1.5.9.RELEASE.jar;C:\Users\sudha\.m2\repository\org\springframework\boot\spring-boot-autoconfigure\1.5.9.RELEASE\spring-boot-autoconfigure-1.5.9.RELEASE.jar;C:\Users\sudha\.m2\repository\org\springframework\boot\spring-boot-starter-logging\1.5.9.RELEASE\spring-boot-starter-logging-1.5.9.RELEASE.jar;C:\Users\sudha\.m2\repository\ch\qos\logback\logback-classic\1.1.11\logback-classic-1.1.11.jar;C:\Users\sudha\.m2\repository\ch\qos\logback\logback-core\1.1.11\logback-core-1.1.11.jar;C:\Users\sudha\.m2\repository\org\slf4j\jul-to-slf4j\1.7.25\jul-to-slf4j-1.7.25.jar;C:\Users\sudha\.m2\repository\org\slf4j\log4j-over-slf4j\1.7.25\log4j-over-slf4j-1.7.25.jar;C:\Users\sudha\.m2\repository\org\yaml\snakeyaml\1.17\snakeyaml-1.17.jar;C:\Users\sudha\.m2\repository\org\springframework\boot\spring-boot-starter-aop\1.5.9.RELEASE\spring-boot-starter-aop-1.5.9.RELEASE.jar;C:\Users\sudha\.m2\repository\org\springframework\spring-aop\4.3.13.RELEASE\spring-aop-4.3.13.RELEASE.jar;C:\Users\sudha\.m2\repository\org\aspectj\aspectjweaver\1.8.13\aspectjweaver-1.8.13.jar;C:\Users\sudha\.m2\repository\org\hibernate\hibernate-core\5.0.12.Final\hibernate-core-5.0.12.Final.jar;C:\Users\sudha\.m2\repository\org\jboss\logging\jboss-logging\3.3.1.Final\jboss-logging-3.3.1.Final.jar;C:\Users\sudha\.m2\repository\org\hibernate\javax\persistence\hibernate-jpa-2.1-api\1.0.0.Final\hibernate-jpa-2.1-api-1.0.0.Final.jar;C:\Users\sudha\.m2\repository\org\javassist\javassist\3.21.0-GA\javassist-3.21.0-GA.jar;C:\Users\sudha\.m2\repository\antlr\antlr\2.7.7\antlr-2.7.7.jar;C:\Users\sudha\.m2\repository\org\jboss\jandex\2.0.0.Final\jandex-2.0.0.Final.jar;C:\Users\sudha\.m2\repository\dom4j\dom4j\1.6.1\dom4j-1.6.1.jar;C:\Users\sudha\.m2\repository\org\hibernate\common\hibernate-commons-annotations\5.0.1.Final\hibernate-commons-annotations-5.0.1.Final.jar;C:\Users\sudha\.m2\repository\org\hibernate\hibernate-entitymanager\5.0.12.Final\hibernate-entitymanager-5.0.12.Final.jar;C:\Users\sudha\.m2\repository\javax\transaction\javax.transaction-api\1.2\javax.transaction-api-1.2.jar;C:\Users\sudha\.m2\repository\org\springframework\data\spring-data-jpa\1.11.9.RELEASE\spring-data-jpa-1.11.9.RELEASE.jar;C:\Users\sudha\.m2\repository\org\springframework\data\spring-data-commons\1.13.9.RELEASE\spring-data-commons-1.13.9.RELEASE.jar;C:\Users\sudha\.m2\repository\org\springframework\spring-orm\4.3.13.RELEASE\spring-orm-4.3.13.RELEASE.jar;C:\Users\sudha\.m2\repository\org\springframework\spring-context\4.3.13.RELEASE\spring-context-4.3.13.RELEASE.jar;C:\Users\sudha\.m2\repository\org\springframework\spring-tx\4.3.13.RELEASE\spring-tx-4.3.13.RELEASE.jar;C:\Users\sudha\.m2\repository\org\springframework\spring-beans\4.3.13.RELEASE\spring-beans-4.3.13.RELEASE.jar;C:\Users\sudha\.m2\repository\org\slf4j\slf4j-api\1.7.25\slf4j-api-1.7.25.jar;C:\Users\sudha\.m2\repository\org\slf4j\jcl-over-slf4j\1.7.25\jcl-over-slf4j-1.7.25.jar;C:\Users\sudha\.m2\repository\org\springframework\spring-aspects\4.3.13.RELEASE\spring-aspects-4.3.13.RELEASE.jar;C:\Users\sudha\.m2\repository\org\springframework\boot\spring-boot-starter-web\1.5.9.RELEASE\spring-boot-starter-web-1.5.9.RELEASE.jar;C:\Users\sudha\.m2\repository\org\springframework\boot\spring-boot-starter-tomcat\1.5.9.RELEASE\spring-boot-starter-tomcat-1.5.9.RELEASE.jar;C:\Users\sudha\.m2\repository\org\apache\tomcat\embed\tomcat-embed-core\8.5.23\tomcat-embed-core-8.5.23.jar;C:\Users\sudha\.m2\repository\org\apache\tomcat\tomcat-annotations-api\8.5.23\tomcat-annotations-api-8.5.23.jar;C:\Users\sudha\.m2\repository\org\apache\tomcat\embed\tomcat-embed-el\8.5.23\tomcat-embed-el-8.5.23.jar;C:\Users\sudha\.m2\repository\org\apache\tomcat\embed\tomcat-embed-websocket\8.5.23\tomcat-embed-websocket-8.5.23.jar;C:\Users\sudha\.m2\repository\org\hibernate\hibernate-validator\5.3.6.Final\hibernate-validator-5.3.6.Final.jar;C:\Users\sudha\.m2\repository\javax\validation\validation-api\1.1.0.Final\validation-api-1.1.0.Final.jar;C:\Users\sudha\.m2\repository\com\fasterxml\classmate\1.3.4\classmate-1.3.4.jar;C:\Users\sudha\.m2\repository\org\springframework\spring-web\4.3.13.RELEASE\spring-web-4.3.13.RELEASE.jar;C:\Users\sudha\.m2\repository\org\springframework\spring-webmvc\4.3.13.RELEASE\spring-webmvc-4.3.13.RELEASE.jar;C:\Users\sudha\.m2\repository\org\springframework\spring-expression\4.3.13.RELEASE\spring-expression-4.3.13.RELEASE.jar;C:\Users\sudha\.m2\repository\org\springframework\boot\spring-boot-starter-test\1.5.9.RELEASE\spring-boot-starter-test-1.5.9.RELEASE.jar;C:\Users\sudha\.m2\repository\org\springframework\boot\spring-boot-test\1.5.9.RELEASE\spring-boot-test-1.5.9.RELEASE.jar;C:\Users\sudha\.m2\repository\org\springframework\boot\spring-boot-test-autoconfigure\1.5.9.RELEASE\spring-boot-test-autoconfigure-1.5.9.RELEASE.jar;C:\Users\sudha\.m2\repository\com\jayway\jsonpath\json-path\2.2.0\json-path-2.2.0.jar;C:\Users\sudha\.m2\repository\net\minidev\json-smart\2.2.1\json-smart-2.2.1.jar;C:\Users\sudha\.m2\repository\net\minidev\accessors-smart\1.1\accessors-smart-1.1.jar;C:\Users\sudha\.m2\repository\org\ow2\asm\asm\5.0.3\asm-5.0.3.jar;C:\Users\sudha\.m2\repository\junit\junit\4.12\junit-4.12.jar;C:\Users\sudha\.m2\repository\org\assertj\assertj-core\2.6.0\assertj-core-2.6.0.jar;C:\Users\sudha\.m2\repository\org\mockito\mockito-core\1.10.19\mockito-core-1.10.19.jar;C:\Users\sudha\.m2\repository\org\objenesis\objenesis\2.1\objenesis-2.1.jar;C:\Users\sudha\.m2\repository\org\hamcrest\hamcrest-core\1.3\hamcrest-core-1.3.jar;C:\Users\sudha\.m2\repository\org\hamcrest\hamcrest-library\1.3\hamcrest-library-1.3.jar;C:\Users\sudha\.m2\repository\org\skyscreamer\jsonassert\1.4.0\jsonassert-1.4.0.jar;C:\Users\sudha\.m2\repository\com\vaadin\external\google\android-json\0.0.20131108.vaadin1\android-json-0.0.20131108.vaadin1.jar;C:\Users\sudha\.m2\repository\org\springframework\spring-core\4.3.13.RELEASE\spring-core-4.3.13.RELEASE.jar;C:\Users\sudha\.m2\repository\org\springframework\spring-test\4.3.13.RELEASE\spring-test-4.3.13.RELEASE.jar;C:\Users\sudha\.m2\repository\org\springframework\boot\spring-boot-starter-jdbc\1.5.9.RELEASE\spring-boot-starter-jdbc-1.5.9.RELEASE.jar;C:\Users\sudha\.m2\repository\org\apache\tomcat\tomcat-jdbc\8.5.23\tomcat-jdbc-8.5.23.jar;C:\Users\sudha\.m2\repository\org\apache\tomcat\tomcat-juli\8.5.23\tomcat-juli-8.5.23.jar;C:\Users\sudha\.m2\repository\org\springframework\spring-jdbc\4.3.13.RELEASE\spring-jdbc-4.3.13.RELEASE.jar;C:\Users\sudha\.m2\repository\com\fasterxml\jackson\core\jackson-databind\2.8.10\jackson-databind-2.8.10.jar;C:\Users\sudha\.m2\repository\com\fasterxml\jackson\core\jackson-annotations\2.8.0\jackson-annotations-2.8.0.jar;C:\Users\sudha\.m2\repository\com\fasterxml\jackson\core\jackson-core\2.8.10\jackson-core-2.8.10.jar;C:\Users\sudha\.m2\repository\mysql\mysql-connector-java\5.1.44\mysql-connector-java-5.1.44.jar;C:\Users\sudha\.m2\repository\org\apache\maven\surefire\surefire-junit4\2.22.1\surefire-junit4-2.22.1.jar"/>
    <property name="java.vm.vendor" value="Oracle Corporation"/>
    <property name="sun.arch.data.model" value="64"/>
    <property name="user.variant" value=""/>
    <property name="java.vendor.url" value="http://java.oracle.com/"/>
    <property name="user.timezone" value="Asia/Calcutta"/>
    <property name="java.vm.specification.version" value="1.8"/>
    <property name="os.name" value="Windows 10"/>
    <property name="user.country" value="IN"/>
    <property name="sun.java.launcher" value="SUN_STANDARD"/>
    <property name="sun.boot.library.path" value="C:\Program Files\Java\jdk1.8.0_131\jre\bin"/>
    <property name="sun.java.command" value="org.apache.maven.surefire.booter.ForkedBooter C:\Users\sudha\AppData\Local\Temp\surefire8645342015551571428 2019-06-19T12-00-56_939-jvmRun1 surefire4430288178686466579tmp surefire_05352894487465382123tmp"/>
    <property name="surefire.test.class.path" value="C:\Users\sudha\Jpa-hibernate-in-depth\jpa-hibernate\target\test-classes;C:\Users\sudha\Jpa-hibernate-in-depth\jpa-hibernate\target\classes;C:\Users\sudha\.m2\repository\org\springframework\boot\spring-boot-starter-data-jpa\1.5.9.RELEASE\spring-boot-starter-data-jpa-1.5.9.RELEASE.jar;C:\Users\sudha\.m2\repository\org\springframework\boot\spring-boot-starter\1.5.9.RELEASE\spring-boot-starter-1.5.9.RELEASE.jar;C:\Users\sudha\.m2\repository\org\springframework\boot\spring-boot\1.5.9.RELEASE\spring-boot-1.5.9.RELEASE.jar;C:\Users\sudha\.m2\repository\org\springframework\boot\spring-boot-autoconfigure\1.5.9.RELEASE\spring-boot-autoconfigure-1.5.9.RELEASE.jar;C:\Users\sudha\.m2\repository\org\springframework\boot\spring-boot-starter-logging\1.5.9.RELEASE\spring-boot-starter-logging-1.5.9.RELEASE.jar;C:\Users\sudha\.m2\repository\ch\qos\logback\logback-classic\1.1.11\logback-classic-1.1.11.jar;C:\Users\sudha\.m2\repository\ch\qos\logback\logback-core\1.1.11\logback-core-1.1.11.jar;C:\Users\sudha\.m2\repository\org\slf4j\jul-to-slf4j\1.7.25\jul-to-slf4j-1.7.25.jar;C:\Users\sudha\.m2\repository\org\slf4j\log4j-over-slf4j\1.7.25\log4j-over-slf4j-1.7.25.jar;C:\Users\sudha\.m2\repository\org\yaml\snakeyaml\1.17\snakeyaml-1.17.jar;C:\Users\sudha\.m2\repository\org\springframework\boot\spring-boot-starter-aop\1.5.9.RELEASE\spring-boot-starter-aop-1.5.9.RELEASE.jar;C:\Users\sudha\.m2\repository\org\springframework\spring-aop\4.3.13.RELEASE\spring-aop-4.3.13.RELEASE.jar;C:\Users\sudha\.m2\repository\org\aspectj\aspectjweaver\1.8.13\aspectjweaver-1.8.13.jar;C:\Users\sudha\.m2\repository\org\hibernate\hibernate-core\5.0.12.Final\hibernate-core-5.0.12.Final.jar;C:\Users\sudha\.m2\repository\org\jboss\logging\jboss-logging\3.3.1.Final\jboss-logging-3.3.1.Final.jar;C:\Users\sudha\.m2\repository\org\hibernate\javax\persistence\hibernate-jpa-2.1-api\1.0.0.Final\hibernate-jpa-2.1-api-1.0.0.Final.jar;C:\Users\sudha\.m2\repository\org\javassist\javassist\3.21.0-GA\javassist-3.21.0-GA.jar;C:\Users\sudha\.m2\repository\antlr\antlr\2.7.7\antlr-2.7.7.jar;C:\Users\sudha\.m2\repository\org\jboss\jandex\2.0.0.Final\jandex-2.0.0.Final.jar;C:\Users\sudha\.m2\repository\dom4j\dom4j\1.6.1\dom4j-1.6.1.jar;C:\Users\sudha\.m2\repository\org\hibernate\common\hibernate-commons-annotations\5.0.1.Final\hibernate-commons-annotations-5.0.1.Final.jar;C:\Users\sudha\.m2\repository\org\hibernate\hibernate-entitymanager\5.0.12.Final\hibernate-entitymanager-5.0.12.Final.jar;C:\Users\sudha\.m2\repository\javax\transaction\javax.transaction-api\1.2\javax.transaction-api-1.2.jar;C:\Users\sudha\.m2\repository\org\springframework\data\spring-data-jpa\1.11.9.RELEASE\spring-data-jpa-1.11.9.RELEASE.jar;C:\Users\sudha\.m2\repository\org\springframework\data\spring-data-commons\1.13.9.RELEASE\spring-data-commons-1.13.9.RELEASE.jar;C:\Users\sudha\.m2\repository\org\springframework\spring-orm\4.3.13.RELEASE\spring-orm-4.3.13.RELEASE.jar;C:\Users\sudha\.m2\repository\org\springframework\spring-context\4.3.13.RELEASE\spring-context-4.3.13.RELEASE.jar;C:\Users\sudha\.m2\repository\org\springframework\spring-tx\4.3.13.RELEASE\spring-tx-4.3.13.RELEASE.jar;C:\Users\sudha\.m2\repository\org\springframework\spring-beans\4.3.13.RELEASE\spring-beans-4.3.13.RELEASE.jar;C:\Users\sudha\.m2\repository\org\slf4j\slf4j-api\1.7.25\slf4j-api-1.7.25.jar;C:\Users\sudha\.m2\repository\org\slf4j\jcl-over-slf4j\1.7.25\jcl-over-slf4j-1.7.25.jar;C:\Users\sudha\.m2\repository\org\springframework\spring-aspects\4.3.13.RELEASE\spring-aspects-4.3.13.RELEASE.jar;C:\Users\sudha\.m2\repository\org\springframework\boot\spring-boot-starter-web\1.5.9.RELEASE\spring-boot-starter-web-1.5.9.RELEASE.jar;C:\Users\sudha\.m2\repository\org\springframework\boot\spring-boot-starter-tomcat\1.5.9.RELEASE\spring-boot-starter-tomcat-1.5.9.RELEASE.jar;C:\Users\sudha\.m2\repository\org\apache\tomcat\embed\tomcat-embed-core\8.5.23\tomcat-embed-core-8.5.23.jar;C:\Users\sudha\.m2\repository\org\apache\tomcat\tomcat-annotations-api\8.5.23\tomcat-annotations-api-8.5.23.jar;C:\Users\sudha\.m2\repository\org\apache\tomcat\embed\tomcat-embed-el\8.5.23\tomcat-embed-el-8.5.23.jar;C:\Users\sudha\.m2\repository\org\apache\tomcat\embed\tomcat-embed-websocket\8.5.23\tomcat-embed-websocket-8.5.23.jar;C:\Users\sudha\.m2\repository\org\hibernate\hibernate-validator\5.3.6.Final\hibernate-validator-5.3.6.Final.jar;C:\Users\sudha\.m2\repository\javax\validation\validation-api\1.1.0.Final\validation-api-1.1.0.Final.jar;C:\Users\sudha\.m2\repository\com\fasterxml\classmate\1.3.4\classmate-1.3.4.jar;C:\Users\sudha\.m2\repository\org\springframework\spring-web\4.3.13.RELEASE\spring-web-4.3.13.RELEASE.jar;C:\Users\sudha\.m2\repository\org\springframework\spring-webmvc\4.3.13.RELEASE\spring-webmvc-4.3.13.RELEASE.jar;C:\Users\sudha\.m2\repository\org\springframework\spring-expression\4.3.13.RELEASE\spring-expression-4.3.13.RELEASE.jar;C:\Users\sudha\.m2\repository\org\springframework\boot\spring-boot-starter-test\1.5.9.RELEASE\spring-boot-starter-test-1.5.9.RELEASE.jar;C:\Users\sudha\.m2\repository\org\springframework\boot\spring-boot-test\1.5.9.RELEASE\spring-boot-test-1.5.9.RELEASE.jar;C:\Users\sudha\.m2\repository\org\springframework\boot\spring-boot-test-autoconfigure\1.5.9.RELEASE\spring-boot-test-autoconfigure-1.5.9.RELEASE.jar;C:\Users\sudha\.m2\repository\com\jayway\jsonpath\json-path\2.2.0\json-path-2.2.0.jar;C:\Users\sudha\.m2\repository\net\minidev\json-smart\2.2.1\json-smart-2.2.1.jar;C:\Users\sudha\.m2\repository\net\minidev\accessors-smart\1.1\accessors-smart-1.1.jar;C:\Users\sudha\.m2\repository\org\ow2\asm\asm\5.0.3\asm-5.0.3.jar;C:\Users\sudha\.m2\repository\junit\junit\4.12\junit-4.12.jar;C:\Users\sudha\.m2\repository\org\assertj\assertj-core\2.6.0\assertj-core-2.6.0.jar;C:\Users\sudha\.m2\repository\org\mockito\mockito-core\1.10.19\mockito-core-1.10.19.jar;C:\Users\sudha\.m2\repository\org\objenesis\objenesis\2.1\objenesis-2.1.jar;C:\Users\sudha\.m2\repository\org\hamcrest\hamcrest-core\1.3\hamcrest-core-1.3.jar;C:\Users\sudha\.m2\repository\org\hamcrest\hamcrest-library\1.3\hamcrest-library-1.3.jar;C:\Users\sudha\.m2\repository\org\skyscreamer\jsonassert\1.4.0\jsonassert-1.4.0.jar;C:\Users\sudha\.m2\repository\com\vaadin\external\google\android-json\0.0.20131108.vaadin1\android-json-0.0.20131108.vaadin1.jar;C:\Users\sudha\.m2\repository\org\springframework\spring-core\4.3.13.RELEASE\spring-core-4.3.13.RELEASE.jar;C:\Users\sudha\.m2\repository\org\springframework\spring-test\4.3.13.RELEASE\spring-test-4.3.13.RELEASE.jar;C:\Users\sudha\.m2\repository\org\springframework\boot\spring-boot-starter-jdbc\1.5.9.RELEASE\spring-boot-starter-jdbc-1.5.9.RELEASE.jar;C:\Users\sudha\.m2\repository\org\apache\tomcat\tomcat-jdbc\8.5.23\tomcat-jdbc-8.5.23.jar;C:\Users\sudha\.m2\repository\org\apache\tomcat\tomcat-juli\8.5.23\tomcat-juli-8.5.23.jar;C:\Users\sudha\.m2\repository\org\springframework\spring-jdbc\4.3.13.RELEASE\spring-jdbc-4.3.13.RELEASE.jar;C:\Users\sudha\.m2\repository\com\fasterxml\jackson\core\jackson-databind\2.8.10\jackson-databind-2.8.10.jar;C:\Users\sudha\.m2\repository\com\fasterxml\jackson\core\jackson-annotations\2.8.0\jackson-annotations-2.8.0.jar;C:\Users\sudha\.m2\repository\com\fasterxml\jackson\core\jackson-core\2.8.10\jackson-core-2.8.10.jar;C:\Users\sudha\.m2\repository\mysql\mysql-connector-java\5.1.44\mysql-connector-java-5.1.44.jar;"/>
    <property name="sun.cpu.endian" value="little"/>
    <property name="user.home" value="C:\Users\sudha"/>
    <property name="user.language" value="en"/>
    <property name="java.specification.vendor" value="Oracle Corporation"/>
    <property name="java.home" value="C:\Program Files\Java\jdk1.8.0_131\jre"/>
    <property name="basedir" value="C:\Users\sudha\Jpa-hibernate-in-depth\jpa-hibernate"/>
    <property name="file.separator" value="\"/>
    <property name="line.separator" value="&#10;"/>
    <property name="java.vm.specification.vendor" value="Oracle Corporation"/>
    <property name="java.specification.name" value="Java Platform API Specification"/>
    <property name="java.awt.graphicsenv" value="sun.awt.Win32GraphicsEnvironment"/>
    <property name="sun.boot.class.path" value="C:\Program Files\Java\jdk1.8.0_131\jre\lib\resources.jar;C:\Program Files\Java\jdk1.8.0_131\jre\lib\rt.jar;C:\Program Files\Java\jdk1.8.0_131\jre\lib\sunrsasign.jar;C:\Program Files\Java\jdk1.8.0_131\jre\lib\jsse.jar;C:\Program Files\Java\jdk1.8.0_131\jre\lib\jce.jar;C:\Program Files\Java\jdk1.8.0_131\jre\lib\charsets.jar;C:\Program Files\Java\jdk1.8.0_131\jre\lib\jfr.jar;C:\Program Files\Java\jdk1.8.0_131\jre\classes"/>
    <property name="user.script" value=""/>
    <property name="sun.management.compiler" value="HotSpot 64-Bit Tiered Compilers"/>
    <property name="java.runtime.version" value="1.8.0_131-b11"/>
    <property name="user.name" value="sudha"/>
    <property name="path.separator" value=";"/>
    <property name="os.version" value="10.0"/>
    <property name="java.endorsed.dirs" value="C:\Program Files\Java\jdk1.8.0_131\jre\lib\endorsed"/>
    <property name="java.runtime.name" value="Java(TM) SE Runtime Environment"/>
    <property name="file.encoding" value="Cp1252"/>
    <property name="java.vm.name" value="Java HotSpot(TM) 64-Bit Server VM"/>
    <property name="localRepository" value="C:\Users\sudha\.m2\repository"/>
    <property name="java.vendor.url.bug" value="http://bugreport.sun.com/bugreport/"/>
    <property name="java.io.tmpdir" value="C:\Users\sudha\AppData\Local\Temp\"/>
    <property name="java.version" value="1.8.0_131"/>
    <property name="user.dir" value="C:\Users\sudha\Jpa-hibernate-in-depth\jpa-hibernate"/>
    <property name="os.arch" value="amd64"/>
    <property name="java.vm.specification.name" value="Java Virtual Machine Specification"/>
    <property name="java.awt.printerjob" value="sun.awt.windows.WPrinterJob"/>
    <property name="sun.os.patch.level" value=""/>
    <property name="java.library.path" value="C:\Program Files\Java\jdk1.8.0_131\jre\bin;C:\WINDOWS\Sun\Java\bin;C:\WINDOWS\system32;C:\WINDOWS;C:/Program Files/Java/jre1.8.0_151/bin/server;C:/Program Files/Java/jre1.8.0_151/bin;C:/Program Files/Java/jre1.8.0_151/lib/amd64;C:\ProgramData\Oracle\Java\javapath;C:\Program Files\Java\jdk1.8.0_131\bin;C:\MVN\apache-maven-3.3.9\bin;C:\Users\sudha\AppData\Roaming\npm;C:\Program Files\PuTTY\;C:\WINDOWS\system32;C:\WINDOWS;C:\WINDOWS\System32\Wbem;C:\WINDOWS\System32\WindowsPowerShell\v1.0\;C:\Program Files\MySQL\MySQL Utilities 1.6\;F:\xampp\php;C:\Users\sudha\AppData\Local\Programs\Python\Python36-32;C:\WINDOWS\System32\OpenSSH\;C:\Program Files\Microsoft VS Code\bin;C:\Program Files\Git\cmd;C:\Users\sudha\.windows-build-tools\python27\;C:\Program Files\nodejs\node_modules\npm\node_modules\npm-lifecycle\node-gyp-bin;C:\Users\sudha\AppData\Roaming\npm\node_modules\windows-build-tools\node_modules\.bin;C:\Users\sudha\AppData\Roaming\npm\node_modules\.bin;C:\ProgramData\Oracle\Java\javapath;C:\Program Files\Java\jdk1.8.0_131\bin;C:\MVN\apache-maven-3.3.9\bin;C:\Program Files\Git\cmd;C:\Program Files\PuTTY\;C:\WINDOWS\system32;C:\WINDOWS;C:\WINDOWS\System32\Wbem;C:\WINDOWS\System32\WindowsPowerShell\v1.0\;C:\Program Files\MySQL\MySQL Utilities 1.6\;F:\xampp\php;C:\ProgramData\ComposerSetup\bin;C:\Users\sudha\AppData\Local\Programs\Python\Python36-32;;C:\WINDOWS\System32\OpenSSH\;C:\Program Files\nodejs\;C:\Program Files\Microsoft VS Code\bin;C:\Users\sudha\AppData\Local\Microsoft\WindowsApps;C:\Program Files\Heroku\bin;C:\Users\sudha\AppData\Local\atom\bin;C:\Users\sudha\AppData\Local\Microsoft\WindowsApps;C:\Users\sudha\Downloads\sts-bundle\sts-3.9.8.RELEASE;;."/>
    <property name="java.vm.info" value="mixed mode"/>
    <property name="java.vendor" value="Oracle Corporation"/>
    <property name="java.vm.version" value="25.131-b11"/>
    <property name="java.ext.dirs" value="C:\Program Files\Java\jdk1.8.0_131\jre\lib\ext;C:\WINDOWS\Sun\Java\lib\ext"/>
    <property name="sun.io.unicode.encoding" value="UnicodeLittle"/>
    <property name="java.class.version" value="52.0"/>
  </properties>
  <testcase name="playWithEntity" classname="com.jpa.hibernate.demo.repo.CourseRepoTest" time="0">
    <error type="java.lang.StackOverflowError">java.lang.StackOverflowError
</error>
    <system-out><![CDATA[2019-06-19 12:01:03.013  INFO 6732 --- [           main] .b.t.c.SpringBootTestContextBootstrapper : Neither @ContextConfiguration nor @ContextHierarchy found for test class [com.jpa.hibernate.demo.repo.CourseRepoTest], using SpringBootContextLoader
2019-06-19 12:01:03.015  INFO 6732 --- [           main] o.s.t.c.support.AbstractContextLoader    : Could not detect default resource locations for test class [com.jpa.hibernate.demo.repo.CourseRepoTest]: no resource found for suffixes {-context.xml, Context.groovy}.
2019-06-19 12:01:03.028  INFO 6732 --- [           main] .b.t.c.SpringBootTestContextBootstrapper : Loaded default TestExecutionListener class names from location [META-INF/spring.factories]: [org.springframework.boot.test.mock.mockito.MockitoTestExecutionListener, org.springframework.boot.test.mock.mockito.ResetMocksTestExecutionListener, org.springframework.boot.test.autoconfigure.restdocs.RestDocsTestExecutionListener, org.springframework.boot.test.autoconfigure.web.client.MockRestServiceServerResetTestExecutionListener, org.springframework.boot.test.autoconfigure.web.servlet.MockMvcPrintOnlyOnFailureTestExecutionListener, org.springframework.boot.test.autoconfigure.web.servlet.WebDriverTestExecutionListener, org.springframework.test.context.web.ServletTestExecutionListener, org.springframework.test.context.support.DirtiesContextBeforeModesTestExecutionListener, org.springframework.test.context.support.DependencyInjectionTestExecutionListener, org.springframework.test.context.support.DirtiesContextTestExecutionListener, org.springframework.test.context.transaction.TransactionalTestExecutionListener, org.springframework.test.context.jdbc.SqlScriptsTestExecutionListener]
2019-06-19 12:01:03.031  INFO 6732 --- [           main] .b.t.c.SpringBootTestContextBootstrapper : Using TestExecutionListeners: [org.springframework.test.context.web.ServletTestExecutionListener@482ba4b1, org.springframework.test.context.support.DirtiesContextBeforeModesTestExecutionListener@307af381, org.springframework.boot.test.autoconfigure.SpringBootDependencyInjectionTestExecutionListener@1510b9a2, org.springframework.test.context.support.DirtiesContextTestExecutionListener@76a6f045, org.springframework.test.context.transaction.TransactionalTestExecutionListener@633ddc0c, org.springframework.test.context.jdbc.SqlScriptsTestExecutionListener@4bcdd11, org.springframework.boot.test.mock.mockito.ResetMocksTestExecutionListener@1471b98d, org.springframework.boot.test.mock.mockito.MockitoTestExecutionListener@5514579e, org.springframework.boot.test.autoconfigure.restdocs.RestDocsTestExecutionListener@58c42c8c, org.springframework.boot.test.autoconfigure.web.servlet.MockMvcPrintOnlyOnFailureTestExecutionListener@3af236d0, org.springframework.boot.test.autoconfigure.web.client.MockRestServiceServerResetTestExecutionListener@23564dd2, org.springframework.boot.test.autoconfigure.web.servlet.WebDriverTestExecutionListener@54895681]

  .   ____          _            __ _ _
 /\\ / ___'_ __ _ _(_)_ __  __ _ \ \ \ \
( ( )\___ | '_ | '_| | '_ \/ _` | \ \ \ \
 \\/  ___)| |_)| | | | | || (_| |  ) ) ) )
  '  |____| .__|_| |_|_| |_\__, | / / / /
 =========|_|==============|___/=/_/_/_/
 :: Spring Boot ::        (v1.5.9.RELEASE)

2019-06-19 12:01:03.104  INFO 6732 --- [           main] c.j.hibernate.demo.repo.CourseRepoTest   : Starting CourseRepoTest on Sudhir with PID 6732 (started by sudha in C:\Users\sudha\Jpa-hibernate-in-depth\jpa-hibernate)
2019-06-19 12:01:03.105  INFO 6732 --- [           main] c.j.hibernate.demo.repo.CourseRepoTest   : No active profile set, falling back to default profiles: default
2019-06-19 12:01:03.107  INFO 6732 --- [           main] o.s.w.c.s.GenericWebApplicationContext   : Refreshing org.springframework.web.context.support.GenericWebApplicationContext@375084c9: startup date [Wed Jun 19 12:01:03 IST 2019]; root of context hierarchy
2019-06-19 12:01:04.175  INFO 6732 --- [           main] j.LocalContainerEntityManagerFactoryBean : Building JPA container EntityManagerFactory for persistence unit 'default'
2019-06-19 12:01:04.176  INFO 6732 --- [           main] o.hibernate.jpa.internal.util.LogHelper  : HHH000204: Processing PersistenceUnitInfo [
	name: default
	...]
2019-06-19 12:01:04.184  INFO 6732 --- [           main] org.hibernate.dialect.Dialect            : HHH000400: Using dialect: org.hibernate.dialect.MySQL5Dialect
2019-06-19 12:01:04.226  INFO 6732 --- [           main] o.h.h.i.QueryTranslatorFactoryInitiator  : HHH000397: Using ASTQueryTranslatorFactory
2019-06-19 12:01:04.243  INFO 6732 --- [           main] j.LocalContainerEntityManagerFactoryBean : Initialized JPA EntityManagerFactory for persistence unit 'default'
2019-06-19 12:01:04.533  INFO 6732 --- [           main] s.w.s.m.m.a.RequestMappingHandlerAdapter : Looking for @ControllerAdvice: org.springframework.web.context.support.GenericWebApplicationContext@375084c9: startup date [Wed Jun 19 12:01:03 IST 2019]; root of context hierarchy
2019-06-19 12:01:04.574  INFO 6732 --- [           main] s.w.s.m.m.a.RequestMappingHandlerMapping : Mapped "{[/error]}" onto public org.springframework.http.ResponseEntity<java.util.Map<java.lang.String, java.lang.Object>> org.springframework.boot.autoconfigure.web.BasicErrorController.error(javax.servlet.http.HttpServletRequest)
2019-06-19 12:01:04.577  INFO 6732 --- [           main] s.w.s.m.m.a.RequestMappingHandlerMapping : Mapped "{[/error],produces=[text/html]}" onto public org.springframework.web.servlet.ModelAndView org.springframework.boot.autoconfigure.web.BasicErrorController.errorHtml(javax.servlet.http.HttpServletRequest,javax.servlet.http.HttpServletResponse)
2019-06-19 12:01:04.615  INFO 6732 --- [           main] o.s.w.s.handler.SimpleUrlHandlerMapping  : Mapped URL path [/webjars/**] onto handler of type [class org.springframework.web.servlet.resource.ResourceHttpRequestHandler]
2019-06-19 12:01:04.620  INFO 6732 --- [           main] o.s.w.s.handler.SimpleUrlHandlerMapping  : Mapped URL path [/**] onto handler of type [class org.springframework.web.servlet.resource.ResourceHttpRequestHandler]
2019-06-19 12:01:04.675  INFO 6732 --- [           main] o.s.w.s.handler.SimpleUrlHandlerMapping  : Mapped URL path [/**/favicon.ico] onto handler of type [class org.springframework.web.servlet.resource.ResourceHttpRequestHandler]
Hibernate: select course0_.id as id1_0_0_, course0_.address as address2_0_0_, course0_.contact as contact3_0_0_, course0_.email as email4_0_0_, course0_.name as name5_0_0_ from course course0_ where course0_.id=?
Hibernate: select rating0_.course_id as course_i4_3_0_, rating0_.id as id1_3_0_, rating0_.id as id1_3_1_, rating0_.course_id as course_i4_3_1_, rating0_.description as descript2_3_1_, rating0_.rating as rating3_3_1_ from review rating0_ where rating0_.course_id=?
2019-06-19 12:01:04.998  INFO 6732 --- [           main] utoConfigurationReportLoggingInitializer : 

Error starting ApplicationContext. To display the auto-configuration report re-run your application with 'debug' enabled.
2019-06-19 12:01:05.009 ERROR 6732 --- [           main] o.s.boot.SpringApplication               : Application startup failed

java.lang.StackOverflowError: null
	at java.util.AbstractCollection.toString(AbstractCollection.java:454) ~[na:1.8.0_131]
	at org.hibernate.collection.internal.PersistentBag.toString(PersistentBag.java:510) ~[hibernate-core-5.0.12.Final.jar:5.0.12.Final]
	at java.lang.String.valueOf(String.java:2994) ~[na:1.8.0_131]
	at java.lang.StringBuilder.append(StringBuilder.java:131) ~[na:1.8.0_131]
	at com.jpa.hibernate.demo.entity.Course.toString(Course.java:105) ~[classes/:na]
	at java.lang.String.valueOf(String.java:2994) ~[na:1.8.0_131]
	at java.lang.StringBuilder.append(StringBuilder.java:131) ~[na:1.8.0_131]
	at com.jpa.hibernate.demo.entity.Rating.toString(Rating.java:55) ~[classes/:na]
	at java.lang.String.valueOf(String.java:2994) ~[na:1.8.0_131]
	at java.lang.StringBuilder.append(StringBuilder.java:131) ~[na:1.8.0_131]
	at java.util.AbstractCollection.toString(AbstractCollection.java:462) ~[na:1.8.0_131]
	at org.hibernate.collection.internal.PersistentBag.toString(PersistentBag.java:510) ~[hibernate-core-5.0.12.Final.jar:5.0.12.Final]
	at java.lang.String.valueOf(String.java:2994) ~[na:1.8.0_131]
	at java.lang.StringBuilder.append(StringBuilder.java:131) ~[na:1.8.0_131]
	at com.jpa.hibernate.demo.entity.Course.toString(Course.java:105) ~[classes/:na]
	at java.lang.String.valueOf(String.java:2994) ~[na:1.8.0_131]
	at java.lang.StringBuilder.append(StringBuilder.java:131) ~[na:1.8.0_131]
	at com.jpa.hibernate.demo.entity.Rating.toString(Rating.java:55) ~[classes/:na]
	at java.lang.String.valueOf(String.java:2994) ~[na:1.8.0_131]
	at java.lang.StringBuilder.append(StringBuilder.java:131) ~[na:1.8.0_131]
	at java.util.AbstractCollection.toString(AbstractCollection.java:462) ~[na:1.8.0_131]
	at org.hibernate.collection.internal.PersistentBag.toString(PersistentBag.java:510) ~[hibernate-core-5.0.12.Final.jar:5.0.12.Final]
	at java.lang.String.valueOf(String.java:2994) ~[na:1.8.0_131]
	at java.lang.StringBuilder.append(StringBuilder.java:131) ~[na:1.8.0_131]
	at com.jpa.hibernate.demo.entity.Course.toString(Course.java:105) ~[classes/:na]
	at java.lang.String.valueOf(String.java:2994) ~[na:1.8.0_131]
	at java.lang.StringBuilder.append(StringBuilder.java:131) ~[na:1.8.0_131]
	at com.jpa.hibernate.demo.entity.Rating.toString(Rating.java:55) ~[classes/:na]
	at java.lang.String.valueOf(String.java:2994) ~[na:1.8.0_131]
	at java.lang.StringBuilder.append(StringBuilder.java:131) ~[na:1.8.0_131]
	at java.util.AbstractCollection.toString(AbstractCollection.java:462) ~[na:1.8.0_131]
	at org.hibernate.collection.internal.PersistentBag.toString(PersistentBag.java:510) ~[hibernate-core-5.0.12.Final.jar:5.0.12.Final]
	at java.lang.String.valueOf(String.java:2994) ~[na:1.8.0_131]
	at java.lang.StringBuilder.append(StringBuilder.java:131) ~[na:1.8.0_131]
	at com.jpa.hibernate.demo.entity.Course.toString(Course.java:105) ~[classes/:na]
	at java.lang.String.valueOf(String.java:2994) ~[na:1.8.0_131]
	at java.lang.StringBuilder.append(StringBuilder.java:131) ~[na:1.8.0_131]
	at com.jpa.hibernate.demo.entity.Rating.toString(Rating.java:55) ~[classes/:na]
	at java.lang.String.valueOf(String.java:2994) ~[na:1.8.0_131]
	at java.lang.StringBuilder.append(StringBuilder.java:131) ~[na:1.8.0_131]
	at java.util.AbstractCollection.toString(AbstractCollection.java:462) ~[na:1.8.0_131]
	at org.hibernate.collection.internal.PersistentBag.toString(PersistentBag.java:510) ~[hibernate-core-5.0.12.Final.jar:5.0.12.Final]
	at java.lang.String.valueOf(String.java:2994) ~[na:1.8.0_131]
	at java.lang.StringBuilder.append(StringBuilder.java:131) ~[na:1.8.0_131]
	at com.jpa.hibernate.demo.entity.Course.toString(Course.java:105) ~[classes/:na]
	at java.lang.String.valueOf(String.java:2994) ~[na:1.8.0_131]
	at java.lang.StringBuilder.append(StringBuilder.java:131) ~[na:1.8.0_131]
	at com.jpa.hibernate.demo.entity.Rating.toString(Rating.java:55) ~[classes/:na]
	at java.lang.String.valueOf(String.java:2994) ~[na:1.8.0_131]
	at java.lang.StringBuilder.append(StringBuilder.java:131) ~[na:1.8.0_131]
	at java.util.AbstractCollection.toString(AbstractCollection.java:462) ~[na:1.8.0_131]
	at org.hibernate.collection.internal.PersistentBag.toString(PersistentBag.java:510) ~[hibernate-core-5.0.12.Final.jar:5.0.12.Final]
	at java.lang.String.valueOf(String.java:2994) ~[na:1.8.0_131]
	at java.lang.StringBuilder.append(StringBuilder.java:131) ~[na:1.8.0_131]
	at com.jpa.hibernate.demo.entity.Course.toString(Course.java:105) ~[classes/:na]
	at java.lang.String.valueOf(String.java:2994) ~[na:1.8.0_131]
	at java.lang.StringBuilder.append(StringBuilder.java:131) ~[na:1.8.0_131]
	at com.jpa.hibernate.demo.entity.Rating.toString(Rating.java:55) ~[classes/:na]
	at java.lang.String.valueOf(String.java:2994) ~[na:1.8.0_131]
	at java.lang.StringBuilder.append(StringBuilder.java:131) ~[na:1.8.0_131]
	at java.util.AbstractCollection.toString(AbstractCollection.java:462) ~[na:1.8.0_131]
	at org.hibernate.collection.internal.PersistentBag.toString(PersistentBag.java:510) ~[hibernate-core-5.0.12.Final.jar:5.0.12.Final]
	at java.lang.String.valueOf(String.java:2994) ~[na:1.8.0_131]
	at java.lang.StringBuilder.append(StringBuilder.java:131) ~[na:1.8.0_131]
	at com.jpa.hibernate.demo.entity.Course.toString(Course.java:105) ~[classes/:na]
	at java.lang.String.valueOf(String.java:2994) ~[na:1.8.0_131]
	at java.lang.StringBuilder.append(StringBuilder.java:131) ~[na:1.8.0_131]
	at com.jpa.hibernate.demo.entity.Rating.toString(Rating.java:55) ~[classes/:na]
	at java.lang.String.valueOf(String.java:2994) ~[na:1.8.0_131]
	at java.lang.StringBuilder.append(StringBuilder.java:131) ~[na:1.8.0_131]
	at java.util.AbstractCollection.toString(AbstractCollection.java:462) ~[na:1.8.0_131]
	at org.hibernate.collection.internal.PersistentBag.toString(PersistentBag.java:510) ~[hibernate-core-5.0.12.Final.jar:5.0.12.Final]
	at java.lang.String.valueOf(String.java:2994) ~[na:1.8.0_131]
	at java.lang.StringBuilder.append(StringBuilder.java:131) ~[na:1.8.0_131]
	at com.jpa.hibernate.demo.entity.Course.toString(Course.java:105) ~[classes/:na]
	at java.lang.String.valueOf(String.java:2994) ~[na:1.8.0_131]
	at java.lang.StringBuilder.append(StringBuilder.java:131) ~[na:1.8.0_131]
	at com.jpa.hibernate.demo.entity.Rating.toString(Rating.java:55) ~[classes/:na]
	at java.lang.String.valueOf(String.java:2994) ~[na:1.8.0_131]
	at java.lang.StringBuilder.append(StringBuilder.java:131) ~[na:1.8.0_131]
	at java.util.AbstractCollection.toString(AbstractCollection.java:462) ~[na:1.8.0_131]
	at org.hibernate.collection.internal.PersistentBag.toString(PersistentBag.java:510) ~[hibernate-core-5.0.12.Final.jar:5.0.12.Final]
	at java.lang.String.valueOf(String.java:2994) ~[na:1.8.0_131]
	at java.lang.StringBuilder.append(StringBuilder.java:131) ~[na:1.8.0_131]
	at com.jpa.hibernate.demo.entity.Course.toString(Course.java:105) ~[classes/:na]
	at java.lang.String.valueOf(String.java:2994) ~[na:1.8.0_131]
	at java.lang.StringBuilder.append(StringBuilder.java:131) ~[na:1.8.0_131]
	at com.jpa.hibernate.demo.entity.Rating.toString(Rating.java:55) ~[classes/:na]
	at java.lang.String.valueOf(String.java:2994) ~[na:1.8.0_131]
	at java.lang.StringBuilder.append(StringBuilder.java:131) ~[na:1.8.0_131]
	at java.util.AbstractCollection.toString(AbstractCollection.java:462) ~[na:1.8.0_131]
	at org.hibernate.collection.internal.PersistentBag.toString(PersistentBag.java:510) ~[hibernate-core-5.0.12.Final.jar:5.0.12.Final]
	at java.lang.String.valueOf(String.java:2994) ~[na:1.8.0_131]
	at java.lang.StringBuilder.append(StringBuilder.java:131) ~[na:1.8.0_131]
	at com.jpa.hibernate.demo.entity.Course.toString(Course.java:105) ~[classes/:na]
	at java.lang.String.valueOf(String.java:2994) ~[na:1.8.0_131]
	at java.lang.StringBuilder.append(StringBuilder.java:131) ~[na:1.8.0_131]
	at com.jpa.hibernate.demo.entity.Rating.toString(Rating.java:55) ~[classes/:na]
	at java.lang.String.valueOf(String.java:2994) ~[na:1.8.0_131]
	at java.lang.StringBuilder.append(StringBuilder.java:131) ~[na:1.8.0_131]
	at java.util.AbstractCollection.toString(AbstractCollection.java:462) ~[na:1.8.0_131]
	at org.hibernate.collection.internal.PersistentBag.toString(PersistentBag.java:510) ~[hibernate-core-5.0.12.Final.jar:5.0.12.Final]
	at java.lang.String.valueOf(String.java:2994) ~[na:1.8.0_131]
	at java.lang.StringBuilder.append(StringBuilder.java:131) ~[na:1.8.0_131]
	at com.jpa.hibernate.demo.entity.Course.toString(Course.java:105) ~[classes/:na]
	at java.lang.String.valueOf(String.java:2994) ~[na:1.8.0_131]
	at java.lang.StringBuilder.append(StringBuilder.java:131) ~[na:1.8.0_131]
	at com.jpa.hibernate.demo.entity.Rating.toString(Rating.java:55) ~[classes/:na]
	at java.lang.String.valueOf(String.java:2994) ~[na:1.8.0_131]
	at java.lang.StringBuilder.append(StringBuilder.java:131) ~[na:1.8.0_131]
	at java.util.AbstractCollection.toString(AbstractCollection.java:462) ~[na:1.8.0_131]
	at org.hibernate.collection.internal.PersistentBag.toString(PersistentBag.java:510) ~[hibernate-core-5.0.12.Final.jar:5.0.12.Final]
	at java.lang.String.valueOf(String.java:2994) ~[na:1.8.0_131]
	at java.lang.StringBuilder.append(StringBuilder.java:131) ~[na:1.8.0_131]
	at com.jpa.hibernate.demo.entity.Course.toString(Course.java:105) ~[classes/:na]
	at java.lang.String.valueOf(String.java:2994) ~[na:1.8.0_131]
	at java.lang.StringBuilder.append(StringBuilder.java:131) ~[na:1.8.0_131]
	at com.jpa.hibernate.demo.entity.Rating.toString(Rating.java:55) ~[classes/:na]
	at java.lang.String.valueOf(String.java:2994) ~[na:1.8.0_131]
	at java.lang.StringBuilder.append(StringBuilder.java:131) ~[na:1.8.0_131]
	at java.util.AbstractCollection.toString(AbstractCollection.java:462) ~[na:1.8.0_131]
	at org.hibernate.collection.internal.PersistentBag.toString(PersistentBag.java:510) ~[hibernate-core-5.0.12.Final.jar:5.0.12.Final]
	at java.lang.String.valueOf(String.java:2994) ~[na:1.8.0_131]
	at java.lang.StringBuilder.append(StringBuilder.java:131) ~[na:1.8.0_131]
	at com.jpa.hibernate.demo.entity.Course.toString(Course.java:105) ~[classes/:na]
	at java.lang.String.valueOf(String.java:2994) ~[na:1.8.0_131]
	at java.lang.StringBuilder.append(StringBuilder.java:131) ~[na:1.8.0_131]
	at com.jpa.hibernate.demo.entity.Rating.toString(Rating.java:55) ~[classes/:na]
	at java.lang.String.valueOf(String.java:2994) ~[na:1.8.0_131]
	at java.lang.StringBuilder.append(StringBuilder.java:131) ~[na:1.8.0_131]
	at java.util.AbstractCollection.toString(AbstractCollection.java:462) ~[na:1.8.0_131]
	at org.hibernate.collection.internal.PersistentBag.toString(PersistentBag.java:510) ~[hibernate-core-5.0.12.Final.jar:5.0.12.Final]
	at java.lang.String.valueOf(String.java:2994) ~[na:1.8.0_131]
	at java.lang.StringBuilder.append(StringBuilder.java:131) ~[na:1.8.0_131]
	at com.jpa.hibernate.demo.entity.Course.toString(Course.java:105) ~[classes/:na]
	at java.lang.String.valueOf(String.java:2994) ~[na:1.8.0_131]
	at java.lang.StringBuilder.append(StringBuilder.java:131) ~[na:1.8.0_131]
	at com.jpa.hibernate.demo.entity.Rating.toString(Rating.java:55) ~[classes/:na]
	at java.lang.String.valueOf(String.java:2994) ~[na:1.8.0_131]
	at java.lang.StringBuilder.append(StringBuilder.java:131) ~[na:1.8.0_131]
	at java.util.AbstractCollection.toString(AbstractCollection.java:462) ~[na:1.8.0_131]
	at org.hibernate.collection.internal.PersistentBag.toString(PersistentBag.java:510) ~[hibernate-core-5.0.12.Final.jar:5.0.12.Final]
	at java.lang.String.valueOf(String.java:2994) ~[na:1.8.0_131]
	at java.lang.StringBuilder.append(StringBuilder.java:131) ~[na:1.8.0_131]
	at com.jpa.hibernate.demo.entity.Course.toString(Course.java:105) ~[classes/:na]
	at java.lang.String.valueOf(String.java:2994) ~[na:1.8.0_131]
	at java.lang.StringBuilder.append(StringBuilder.java:131) ~[na:1.8.0_131]
	at com.jpa.hibernate.demo.entity.Rating.toString(Rating.java:55) ~[classes/:na]
	at java.lang.String.valueOf(String.java:2994) ~[na:1.8.0_131]
	at java.lang.StringBuilder.append(StringBuilder.java:131) ~[na:1.8.0_131]
	at java.util.AbstractCollection.toString(AbstractCollection.java:462) ~[na:1.8.0_131]
	at org.hibernate.collection.internal.PersistentBag.toString(PersistentBag.java:510) ~[hibernate-core-5.0.12.Final.jar:5.0.12.Final]
	at java.lang.String.valueOf(String.java:2994) ~[na:1.8.0_131]
	at java.lang.StringBuilder.append(StringBuilder.java:131) ~[na:1.8.0_131]
	at com.jpa.hibernate.demo.entity.Course.toString(Course.java:105) ~[classes/:na]
	at java.lang.String.valueOf(String.java:2994) ~[na:1.8.0_131]
	at java.lang.StringBuilder.append(StringBuilder.java:131) ~[na:1.8.0_131]
	at com.jpa.hibernate.demo.entity.Rating.toString(Rating.java:55) ~[classes/:na]
	at java.lang.String.valueOf(String.java:2994) ~[na:1.8.0_131]
	at java.lang.StringBuilder.append(StringBuilder.java:131) ~[na:1.8.0_131]
	at java.util.AbstractCollection.toString(AbstractCollection.java:462) ~[na:1.8.0_131]
	at org.hibernate.collection.internal.PersistentBag.toString(PersistentBag.java:510) ~[hibernate-core-5.0.12.Final.jar:5.0.12.Final]
	at java.lang.String.valueOf(String.java:2994) ~[na:1.8.0_131]
	at java.lang.StringBuilder.append(StringBuilder.java:131) ~[na:1.8.0_131]
	at com.jpa.hibernate.demo.entity.Course.toString(Course.java:105) ~[classes/:na]
	at java.lang.String.valueOf(String.java:2994) ~[na:1.8.0_131]
	at java.lang.StringBuilder.append(StringBuilder.java:131) ~[na:1.8.0_131]
	at com.jpa.hibernate.demo.entity.Rating.toString(Rating.java:55) ~[classes/:na]
	at java.lang.String.valueOf(String.java:2994) ~[na:1.8.0_131]
	at java.lang.StringBuilder.append(StringBuilder.java:131) ~[na:1.8.0_131]
	at java.util.AbstractCollection.toString(AbstractCollection.java:462) ~[na:1.8.0_131]
	at org.hibernate.collection.internal.PersistentBag.toString(PersistentBag.java:510) ~[hibernate-core-5.0.12.Final.jar:5.0.12.Final]
	at java.lang.String.valueOf(String.java:2994) ~[na:1.8.0_131]
	at java.lang.StringBuilder.append(StringBuilder.java:131) ~[na:1.8.0_131]
	at com.jpa.hibernate.demo.entity.Course.toString(Course.java:105) ~[classes/:na]
	at java.lang.String.valueOf(String.java:2994) ~[na:1.8.0_131]
	at java.lang.StringBuilder.append(StringBuilder.java:131) ~[na:1.8.0_131]
	at com.jpa.hibernate.demo.entity.Rating.toString(Rating.java:55) ~[classes/:na]
	at java.lang.String.valueOf(String.java:2994) ~[na:1.8.0_131]
	at java.lang.StringBuilder.append(StringBuilder.java:131) ~[na:1.8.0_131]
	at java.util.AbstractCollection.toString(AbstractCollection.java:462) ~[na:1.8.0_131]
	at org.hibernate.collection.internal.PersistentBag.toString(PersistentBag.java:510) ~[hibernate-core-5.0.12.Final.jar:5.0.12.Final]
	at java.lang.String.valueOf(String.java:2994) ~[na:1.8.0_131]
	at java.lang.StringBuilder.append(StringBuilder.java:131) ~[na:1.8.0_131]
	at com.jpa.hibernate.demo.entity.Course.toString(Course.java:105) ~[classes/:na]
	at java.lang.String.valueOf(String.java:2994) ~[na:1.8.0_131]
	at java.lang.StringBuilder.append(StringBuilder.java:131) ~[na:1.8.0_131]
	at com.jpa.hibernate.demo.entity.Rating.toString(Rating.java:55) ~[classes/:na]
	at java.lang.String.valueOf(String.java:2994) ~[na:1.8.0_131]
	at java.lang.StringBuilder.append(StringBuilder.java:131) ~[na:1.8.0_131]
	at java.util.AbstractCollection.toString(AbstractCollection.java:462) ~[na:1.8.0_131]
	at org.hibernate.collection.internal.PersistentBag.toString(PersistentBag.java:510) ~[hibernate-core-5.0.12.Final.jar:5.0.12.Final]
	at java.lang.String.valueOf(String.java:2994) ~[na:1.8.0_131]
	at java.lang.StringBuilder.append(StringBuilder.java:131) ~[na:1.8.0_131]
	at com.jpa.hibernate.demo.entity.Course.toString(Course.java:105) ~[classes/:na]
	at java.lang.String.valueOf(String.java:2994) ~[na:1.8.0_131]
	at java.lang.StringBuilder.append(StringBuilder.java:131) ~[na:1.8.0_131]
	at com.jpa.hibernate.demo.entity.Rating.toString(Rating.java:55) ~[classes/:na]
	at java.lang.String.valueOf(String.java:2994) ~[na:1.8.0_131]
	at java.lang.StringBuilder.append(StringBuilder.java:131) ~[na:1.8.0_131]
	at java.util.AbstractCollection.toString(AbstractCollection.java:462) ~[na:1.8.0_131]
	at org.hibernate.collection.internal.PersistentBag.toString(PersistentBag.java:510) ~[hibernate-core-5.0.12.Final.jar:5.0.12.Final]
	at java.lang.String.valueOf(String.java:2994) ~[na:1.8.0_131]
	at java.lang.StringBuilder.append(StringBuilder.java:131) ~[na:1.8.0_131]
	at com.jpa.hibernate.demo.entity.Course.toString(Course.java:105) ~[classes/:na]
	at java.lang.String.valueOf(String.java:2994) ~[na:1.8.0_131]
	at java.lang.StringBuilder.append(StringBuilder.java:131) ~[na:1.8.0_131]
	at com.jpa.hibernate.demo.entity.Rating.toString(Rating.java:55) ~[classes/:na]
	at java.lang.String.valueOf(String.java:2994) ~[na:1.8.0_131]
	at java.lang.StringBuilder.append(StringBuilder.java:131) ~[na:1.8.0_131]
	at java.util.AbstractCollection.toString(AbstractCollection.java:462) ~[na:1.8.0_131]
	at org.hibernate.collection.internal.PersistentBag.toString(PersistentBag.java:510) ~[hibernate-core-5.0.12.Final.jar:5.0.12.Final]
	at java.lang.String.valueOf(String.java:2994) ~[na:1.8.0_131]
	at java.lang.StringBuilder.append(StringBuilder.java:131) ~[na:1.8.0_131]
	at com.jpa.hibernate.demo.entity.Course.toString(Course.java:105) ~[classes/:na]
	at java.lang.String.valueOf(String.java:2994) ~[na:1.8.0_131]
	at java.lang.StringBuilder.append(StringBuilder.java:131) ~[na:1.8.0_131]
	at com.jpa.hibernate.demo.entity.Rating.toString(Rating.java:55) ~[classes/:na]
	at java.lang.String.valueOf(String.java:2994) ~[na:1.8.0_131]
	at java.lang.StringBuilder.append(StringBuilder.java:131) ~[na:1.8.0_131]
	at java.util.AbstractCollection.toString(AbstractCollection.java:462) ~[na:1.8.0_131]
	at org.hibernate.collection.internal.PersistentBag.toString(PersistentBag.java:510) ~[hibernate-core-5.0.12.Final.jar:5.0.12.Final]
	at java.lang.String.valueOf(String.java:2994) ~[na:1.8.0_131]
	at java.lang.StringBuilder.append(StringBuilder.java:131) ~[na:1.8.0_131]
	at com.jpa.hibernate.demo.entity.Course.toString(Course.java:105) ~[classes/:na]
	at java.lang.String.valueOf(String.java:2994) ~[na:1.8.0_131]
	at java.lang.StringBuilder.append(StringBuilder.java:131) ~[na:1.8.0_131]
	at com.jpa.hibernate.demo.entity.Rating.toString(Rating.java:55) ~[classes/:na]
	at java.lang.String.valueOf(String.java:2994) ~[na:1.8.0_131]
	at java.lang.StringBuilder.append(StringBuilder.java:131) ~[na:1.8.0_131]
	at java.util.AbstractCollection.toString(AbstractCollection.java:462) ~[na:1.8.0_131]
	at org.hibernate.collection.internal.PersistentBag.toString(PersistentBag.java:510) ~[hibernate-core-5.0.12.Final.jar:5.0.12.Final]
	at java.lang.String.valueOf(String.java:2994) ~[na:1.8.0_131]
	at java.lang.StringBuilder.append(StringBuilder.java:131) ~[na:1.8.0_131]
	at com.jpa.hibernate.demo.entity.Course.toString(Course.java:105) ~[classes/:na]
	at java.lang.String.valueOf(String.java:2994) ~[na:1.8.0_131]
	at java.lang.StringBuilder.append(StringBuilder.java:131) ~[na:1.8.0_131]
	at com.jpa.hibernate.demo.entity.Rating.toString(Rating.java:55) ~[classes/:na]
	at java.lang.String.valueOf(String.java:2994) ~[na:1.8.0_131]
	at java.lang.StringBuilder.append(StringBuilder.java:131) ~[na:1.8.0_131]
	at java.util.AbstractCollection.toString(AbstractCollection.java:462) ~[na:1.8.0_131]
	at org.hibernate.collection.internal.PersistentBag.toString(PersistentBag.java:510) ~[hibernate-core-5.0.12.Final.jar:5.0.12.Final]
	at java.lang.String.valueOf(String.java:2994) ~[na:1.8.0_131]
	at java.lang.StringBuilder.append(StringBuilder.java:131) ~[na:1.8.0_131]
	at com.jpa.hibernate.demo.entity.Course.toString(Course.java:105) ~[classes/:na]
	at java.lang.String.valueOf(String.java:2994) ~[na:1.8.0_131]
	at java.lang.StringBuilder.append(StringBuilder.java:131) ~[na:1.8.0_131]
	at com.jpa.hibernate.demo.entity.Rating.toString(Rating.java:55) ~[classes/:na]
	at java.lang.String.valueOf(String.java:2994) ~[na:1.8.0_131]
	at java.lang.StringBuilder.append(StringBuilder.java:131) ~[na:1.8.0_131]
	at java.util.AbstractCollection.toString(AbstractCollection.java:462) ~[na:1.8.0_131]
	at org.hibernate.collection.internal.PersistentBag.toString(PersistentBag.java:510) ~[hibernate-core-5.0.12.Final.jar:5.0.12.Final]
	at java.lang.String.valueOf(String.java:2994) ~[na:1.8.0_131]
	at java.lang.StringBuilder.append(StringBuilder.java:131) ~[na:1.8.0_131]
	at com.jpa.hibernate.demo.entity.Course.toString(Course.java:105) ~[classes/:na]
	at java.lang.String.valueOf(String.java:2994) ~[na:1.8.0_131]
	at java.lang.StringBuilder.append(StringBuilder.java:131) ~[na:1.8.0_131]
	at com.jpa.hibernate.demo.entity.Rating.toString(Rating.java:55) ~[classes/:na]
	at java.lang.String.valueOf(String.java:2994) ~[na:1.8.0_131]
	at java.lang.StringBuilder.append(StringBuilder.java:131) ~[na:1.8.0_131]
	at java.util.AbstractCollection.toString(AbstractCollection.java:462) ~[na:1.8.0_131]
	at org.hibernate.collection.internal.PersistentBag.toString(PersistentBag.java:510) ~[hibernate-core-5.0.12.Final.jar:5.0.12.Final]
	at java.lang.String.valueOf(String.java:2994) ~[na:1.8.0_131]
	at java.lang.StringBuilder.append(StringBuilder.java:131) ~[na:1.8.0_131]
	at com.jpa.hibernate.demo.entity.Course.toString(Course.java:105) ~[classes/:na]
	at java.lang.String.valueOf(String.java:2994) ~[na:1.8.0_131]
	at java.lang.StringBuilder.append(StringBuilder.java:131) ~[na:1.8.0_131]
	at com.jpa.hibernate.demo.entity.Rating.toString(Rating.java:55) ~[classes/:na]
	at java.lang.String.valueOf(String.java:2994) ~[na:1.8.0_131]
	at java.lang.StringBuilder.append(StringBuilder.java:131) ~[na:1.8.0_131]
	at java.util.AbstractCollection.toString(AbstractCollection.java:462) ~[na:1.8.0_131]
	at org.hibernate.collection.internal.PersistentBag.toString(PersistentBag.java:510) ~[hibernate-core-5.0.12.Final.jar:5.0.12.Final]
	at java.lang.String.valueOf(String.java:2994) ~[na:1.8.0_131]
	at java.lang.StringBuilder.append(StringBuilder.java:131) ~[na:1.8.0_131]
	at com.jpa.hibernate.demo.entity.Course.toString(Course.java:105) ~[classes/:na]
	at java.lang.String.valueOf(String.java:2994) ~[na:1.8.0_131]
	at java.lang.StringBuilder.append(StringBuilder.java:131) ~[na:1.8.0_131]
	at com.jpa.hibernate.demo.entity.Rating.toString(Rating.java:55) ~[classes/:na]
	at java.lang.String.valueOf(String.java:2994) ~[na:1.8.0_131]
	at java.lang.StringBuilder.append(StringBuilder.java:131) ~[na:1.8.0_131]
	at java.util.AbstractCollection.toString(AbstractCollection.java:462) ~[na:1.8.0_131]
	at org.hibernate.collection.internal.PersistentBag.toString(PersistentBag.java:510) ~[hibernate-core-5.0.12.Final.jar:5.0.12.Final]
	at java.lang.String.valueOf(String.java:2994) ~[na:1.8.0_131]
	at java.lang.StringBuilder.append(StringBuilder.java:131) ~[na:1.8.0_131]
	at com.jpa.hibernate.demo.entity.Course.toString(Course.java:105) ~[classes/:na]
	at java.lang.String.valueOf(String.java:2994) ~[na:1.8.0_131]
	at java.lang.StringBuilder.append(StringBuilder.java:131) ~[na:1.8.0_131]
	at com.jpa.hibernate.demo.entity.Rating.toString(Rating.java:55) ~[classes/:na]
	at java.lang.String.valueOf(String.java:2994) ~[na:1.8.0_131]
	at java.lang.StringBuilder.append(StringBuilder.java:131) ~[na:1.8.0_131]
	at java.util.AbstractCollection.toString(AbstractCollection.java:462) ~[na:1.8.0_131]
	at org.hibernate.collection.internal.PersistentBag.toString(PersistentBag.java:510) ~[hibernate-core-5.0.12.Final.jar:5.0.12.Final]
	at java.lang.String.valueOf(String.java:2994) ~[na:1.8.0_131]
	at java.lang.StringBuilder.append(StringBuilder.java:131) ~[na:1.8.0_131]
	at com.jpa.hibernate.demo.entity.Course.toString(Course.java:105) ~[classes/:na]
	at java.lang.String.valueOf(String.java:2994) ~[na:1.8.0_131]
	at java.lang.StringBuilder.append(StringBuilder.java:131) ~[na:1.8.0_131]
	at com.jpa.hibernate.demo.entity.Rating.toString(Rating.java:55) ~[classes/:na]
	at java.lang.String.valueOf(String.java:2994) ~[na:1.8.0_131]
	at java.lang.StringBuilder.append(StringBuilder.java:131) ~[na:1.8.0_131]
	at java.util.AbstractCollection.toString(AbstractCollection.java:462) ~[na:1.8.0_131]
	at org.hibernate.collection.internal.PersistentBag.toString(PersistentBag.java:510) ~[hibernate-core-5.0.12.Final.jar:5.0.12.Final]
	at java.lang.String.valueOf(String.java:2994) ~[na:1.8.0_131]
	at java.lang.StringBuilder.append(StringBuilder.java:131) ~[na:1.8.0_131]
	at com.jpa.hibernate.demo.entity.Course.toString(Course.java:105) ~[classes/:na]
	at java.lang.String.valueOf(String.java:2994) ~[na:1.8.0_131]
	at java.lang.StringBuilder.append(StringBuilder.java:131) ~[na:1.8.0_131]
	at com.jpa.hibernate.demo.entity.Rating.toString(Rating.java:55) ~[classes/:na]
	at java.lang.String.valueOf(String.java:2994) ~[na:1.8.0_131]
	at java.lang.StringBuilder.append(StringBuilder.java:131) ~[na:1.8.0_131]
	at java.util.AbstractCollection.toString(AbstractCollection.java:462) ~[na:1.8.0_131]
	at org.hibernate.collection.internal.PersistentBag.toString(PersistentBag.java:510) ~[hibernate-core-5.0.12.Final.jar:5.0.12.Final]
	at java.lang.String.valueOf(String.java:2994) ~[na:1.8.0_131]
	at java.lang.StringBuilder.append(StringBuilder.java:131) ~[na:1.8.0_131]
	at com.jpa.hibernate.demo.entity.Course.toString(Course.java:105) ~[classes/:na]
	at java.lang.String.valueOf(String.java:2994) ~[na:1.8.0_131]
	at java.lang.StringBuilder.append(StringBuilder.java:131) ~[na:1.8.0_131]
	at com.jpa.hibernate.demo.entity.Rating.toString(Rating.java:55) ~[classes/:na]
	at java.lang.String.valueOf(String.java:2994) ~[na:1.8.0_131]
	at java.lang.StringBuilder.append(StringBuilder.java:131) ~[na:1.8.0_131]
	at java.util.AbstractCollection.toString(AbstractCollection.java:462) ~[na:1.8.0_131]
	at org.hibernate.collection.internal.PersistentBag.toString(PersistentBag.java:510) ~[hibernate-core-5.0.12.Final.jar:5.0.12.Final]
	at java.lang.String.valueOf(String.java:2994) ~[na:1.8.0_131]
	at java.lang.StringBuilder.append(StringBuilder.java:131) ~[na:1.8.0_131]
	at com.jpa.hibernate.demo.entity.Course.toString(Course.java:105) ~[classes/:na]
	at java.lang.String.valueOf(String.java:2994) ~[na:1.8.0_131]
	at java.lang.StringBuilder.append(StringBuilder.java:131) ~[na:1.8.0_131]
	at com.jpa.hibernate.demo.entity.Rating.toString(Rating.java:55) ~[classes/:na]
	at java.lang.String.valueOf(String.java:2994) ~[na:1.8.0_131]
	at java.lang.StringBuilder.append(StringBuilder.java:131) ~[na:1.8.0_131]
	at java.util.AbstractCollection.toString(AbstractCollection.java:462) ~[na:1.8.0_131]
	at org.hibernate.collection.internal.PersistentBag.toString(PersistentBag.java:510) ~[hibernate-core-5.0.12.Final.jar:5.0.12.Final]
	at java.lang.String.valueOf(String.java:2994) ~[na:1.8.0_131]
	at java.lang.StringBuilder.append(StringBuilder.java:131) ~[na:1.8.0_131]
	at com.jpa.hibernate.demo.entity.Course.toString(Course.java:105) ~[classes/:na]
	at java.lang.String.valueOf(String.java:2994) ~[na:1.8.0_131]
	at java.lang.StringBuilder.append(StringBuilder.java:131) ~[na:1.8.0_131]
	at com.jpa.hibernate.demo.entity.Rating.toString(Rating.java:55) ~[classes/:na]
	at java.lang.String.valueOf(String.java:2994) ~[na:1.8.0_131]
	at java.lang.StringBuilder.append(StringBuilder.java:131) ~[na:1.8.0_131]
	at java.util.AbstractCollection.toString(AbstractCollection.java:462) ~[na:1.8.0_131]
	at org.hibernate.collection.internal.PersistentBag.toString(PersistentBag.java:510) ~[hibernate-core-5.0.12.Final.jar:5.0.12.Final]
	at java.lang.String.valueOf(String.java:2994) ~[na:1.8.0_131]
	at java.lang.StringBuilder.append(StringBuilder.java:131) ~[na:1.8.0_131]
	at com.jpa.hibernate.demo.entity.Course.toString(Course.java:105) ~[classes/:na]
	at java.lang.String.valueOf(String.java:2994) ~[na:1.8.0_131]
	at java.lang.StringBuilder.append(StringBuilder.java:131) ~[na:1.8.0_131]
	at com.jpa.hibernate.demo.entity.Rating.toString(Rating.java:55) ~[classes/:na]
	at java.lang.String.valueOf(String.java:2994) ~[na:1.8.0_131]
	at java.lang.StringBuilder.append(StringBuilder.java:131) ~[na:1.8.0_131]
	at java.util.AbstractCollection.toString(AbstractCollection.java:462) ~[na:1.8.0_131]
	at org.hibernate.collection.internal.PersistentBag.toString(PersistentBag.java:510) ~[hibernate-core-5.0.12.Final.jar:5.0.12.Final]
	at java.lang.String.valueOf(String.java:2994) ~[na:1.8.0_131]
	at java.lang.StringBuilder.append(StringBuilder.java:131) ~[na:1.8.0_131]
	at com.jpa.hibernate.demo.entity.Course.toString(Course.java:105) ~[classes/:na]
	at java.lang.String.valueOf(String.java:2994) ~[na:1.8.0_131]
	at java.lang.StringBuilder.append(StringBuilder.java:131) ~[na:1.8.0_131]
	at com.jpa.hibernate.demo.entity.Rating.toString(Rating.java:55) ~[classes/:na]
	at java.lang.String.valueOf(String.java:2994) ~[na:1.8.0_131]
	at java.lang.StringBuilder.append(StringBuilder.java:131) ~[na:1.8.0_131]
	at java.util.AbstractCollection.toString(AbstractCollection.java:462) ~[na:1.8.0_131]
	at org.hibernate.collection.internal.PersistentBag.toString(PersistentBag.java:510) ~[hibernate-core-5.0.12.Final.jar:5.0.12.Final]
	at java.lang.String.valueOf(String.java:2994) ~[na:1.8.0_131]
	at java.lang.StringBuilder.append(StringBuilder.java:131) ~[na:1.8.0_131]
	at com.jpa.hibernate.demo.entity.Course.toString(Course.java:105) ~[classes/:na]
	at java.lang.String.valueOf(String.java:2994) ~[na:1.8.0_131]
	at java.lang.StringBuilder.append(StringBuilder.java:131) ~[na:1.8.0_131]
	at com.jpa.hibernate.demo.entity.Rating.toString(Rating.java:55) ~[classes/:na]
	at java.lang.String.valueOf(String.java:2994) ~[na:1.8.0_131]
	at java.lang.StringBuilder.append(StringBuilder.java:131) ~[na:1.8.0_131]
	at java.util.AbstractCollection.toString(AbstractCollection.java:462) ~[na:1.8.0_131]
	at org.hibernate.collection.internal.PersistentBag.toString(PersistentBag.java:510) ~[hibernate-core-5.0.12.Final.jar:5.0.12.Final]
	at java.lang.String.valueOf(String.java:2994) ~[na:1.8.0_131]
	at java.lang.StringBuilder.append(StringBuilder.java:131) ~[na:1.8.0_131]
	at com.jpa.hibernate.demo.entity.Course.toString(Course.java:105) ~[classes/:na]
	at java.lang.String.valueOf(String.java:2994) ~[na:1.8.0_131]
	at java.lang.StringBuilder.append(StringBuilder.java:131) ~[na:1.8.0_131]
	at com.jpa.hibernate.demo.entity.Rating.toString(Rating.java:55) ~[classes/:na]
	at java.lang.String.valueOf(String.java:2994) ~[na:1.8.0_131]
	at java.lang.StringBuilder.append(StringBuilder.java:131) ~[na:1.8.0_131]
	at java.util.AbstractCollection.toString(AbstractCollection.java:462) ~[na:1.8.0_131]
	at org.hibernate.collection.internal.PersistentBag.toString(PersistentBag.java:510) ~[hibernate-core-5.0.12.Final.jar:5.0.12.Final]
	at java.lang.String.valueOf(String.java:2994) ~[na:1.8.0_131]
	at java.lang.StringBuilder.append(StringBuilder.java:131) ~[na:1.8.0_131]
	at com.jpa.hibernate.demo.entity.Course.toString(Course.java:105) ~[classes/:na]
	at java.lang.String.valueOf(String.java:2994) ~[na:1.8.0_131]
	at java.lang.StringBuilder.append(StringBuilder.java:131) ~[na:1.8.0_131]
	at com.jpa.hibernate.demo.entity.Rating.toString(Rating.java:55) ~[classes/:na]
	at java.lang.String.valueOf(String.java:2994) ~[na:1.8.0_131]
	at java.lang.StringBuilder.append(StringBuilder.java:131) ~[na:1.8.0_131]
	at java.util.AbstractCollection.toString(AbstractCollection.java:462) ~[na:1.8.0_131]
	at org.hibernate.collection.internal.PersistentBag.toString(PersistentBag.java:510) ~[hibernate-core-5.0.12.Final.jar:5.0.12.Final]
	at java.lang.String.valueOf(String.java:2994) ~[na:1.8.0_131]
	at java.lang.StringBuilder.append(StringBuilder.java:131) ~[na:1.8.0_131]
	at com.jpa.hibernate.demo.entity.Course.toString(Course.java:105) ~[classes/:na]
	at java.lang.String.valueOf(String.java:2994) ~[na:1.8.0_131]
	at java.lang.StringBuilder.append(StringBuilder.java:131) ~[na:1.8.0_131]
	at com.jpa.hibernate.demo.entity.Rating.toString(Rating.java:55) ~[classes/:na]
	at java.lang.String.valueOf(String.java:2994) ~[na:1.8.0_131]
	at java.lang.StringBuilder.append(StringBuilder.java:131) ~[na:1.8.0_131]
	at java.util.AbstractCollection.toString(AbstractCollection.java:462) ~[na:1.8.0_131]
	at org.hibernate.collection.internal.PersistentBag.toString(PersistentBag.java:510) ~[hibernate-core-5.0.12.Final.jar:5.0.12.Final]
	at java.lang.String.valueOf(String.java:2994) ~[na:1.8.0_131]
	at java.lang.StringBuilder.append(StringBuilder.java:131) ~[na:1.8.0_131]
	at com.jpa.hibernate.demo.entity.Course.toString(Course.java:105) ~[classes/:na]
	at java.lang.String.valueOf(String.java:2994) ~[na:1.8.0_131]
	at java.lang.StringBuilder.append(StringBuilder.java:131) ~[na:1.8.0_131]
	at com.jpa.hibernate.demo.entity.Rating.toString(Rating.java:55) ~[classes/:na]
	at java.lang.String.valueOf(String.java:2994) ~[na:1.8.0_131]
	at java.lang.StringBuilder.append(StringBuilder.java:131) ~[na:1.8.0_131]
	at java.util.AbstractCollection.toString(AbstractCollection.java:462) ~[na:1.8.0_131]
	at org.hibernate.collection.internal.PersistentBag.toString(PersistentBag.java:510) ~[hibernate-core-5.0.12.Final.jar:5.0.12.Final]
	at java.lang.String.valueOf(String.java:2994) ~[na:1.8.0_131]
	at java.lang.StringBuilder.append(StringBuilder.java:131) ~[na:1.8.0_131]
	at com.jpa.hibernate.demo.entity.Course.toString(Course.java:105) ~[classes/:na]
	at java.lang.String.valueOf(String.java:2994) ~[na:1.8.0_131]
	at java.lang.StringBuilder.append(StringBuilder.java:131) ~[na:1.8.0_131]
	at com.jpa.hibernate.demo.entity.Rating.toString(Rating.java:55) ~[classes/:na]
	at java.lang.String.valueOf(String.java:2994) ~[na:1.8.0_131]
	at java.lang.StringBuilder.append(StringBuilder.java:131) ~[na:1.8.0_131]
	at java.util.AbstractCollection.toString(AbstractCollection.java:462) ~[na:1.8.0_131]
	at org.hibernate.collection.internal.PersistentBag.toString(PersistentBag.java:510) ~[hibernate-core-5.0.12.Final.jar:5.0.12.Final]
	at java.lang.String.valueOf(String.java:2994) ~[na:1.8.0_131]
	at java.lang.StringBuilder.append(StringBuilder.java:131) ~[na:1.8.0_131]
	at com.jpa.hibernate.demo.entity.Course.toString(Course.java:105) ~[classes/:na]
	at java.lang.String.valueOf(String.java:2994) ~[na:1.8.0_131]
	at java.lang.StringBuilder.append(StringBuilder.java:131) ~[na:1.8.0_131]
	at com.jpa.hibernate.demo.entity.Rating.toString(Rating.java:55) ~[classes/:na]
	at java.lang.String.valueOf(String.java:2994) ~[na:1.8.0_131]
	at java.lang.StringBuilder.append(StringBuilder.java:131) ~[na:1.8.0_131]
	at java.util.AbstractCollection.toString(AbstractCollection.java:462) ~[na:1.8.0_131]
	at org.hibernate.collection.internal.PersistentBag.toString(PersistentBag.java:510) ~[hibernate-core-5.0.12.Final.jar:5.0.12.Final]
	at java.lang.String.valueOf(String.java:2994) ~[na:1.8.0_131]
	at java.lang.StringBuilder.append(StringBuilder.java:131) ~[na:1.8.0_131]
	at com.jpa.hibernate.demo.entity.Course.toString(Course.java:105) ~[classes/:na]
	at java.lang.String.valueOf(String.java:2994) ~[na:1.8.0_131]
	at java.lang.StringBuilder.append(StringBuilder.java:131) ~[na:1.8.0_131]
	at com.jpa.hibernate.demo.entity.Rating.toString(Rating.java:55) ~[classes/:na]
	at java.lang.String.valueOf(String.java:2994) ~[na:1.8.0_131]
	at java.lang.StringBuilder.append(StringBuilder.java:131) ~[na:1.8.0_131]
	at java.util.AbstractCollection.toString(AbstractCollection.java:462) ~[na:1.8.0_131]
	at org.hibernate.collection.internal.PersistentBag.toString(PersistentBag.java:510) ~[hibernate-core-5.0.12.Final.jar:5.0.12.Final]
	at java.lang.String.valueOf(String.java:2994) ~[na:1.8.0_131]
	at java.lang.StringBuilder.append(StringBuilder.java:131) ~[na:1.8.0_131]
	at com.jpa.hibernate.demo.entity.Course.toString(Course.java:105) ~[classes/:na]
	at java.lang.String.valueOf(String.java:2994) ~[na:1.8.0_131]
	at java.lang.StringBuilder.append(StringBuilder.java:131) ~[na:1.8.0_131]
	at com.jpa.hibernate.demo.entity.Rating.toString(Rating.java:55) ~[classes/:na]
	at java.lang.String.valueOf(String.java:2994) ~[na:1.8.0_131]
	at java.lang.StringBuilder.append(StringBuilder.java:131) ~[na:1.8.0_131]
	at java.util.AbstractCollection.toString(AbstractCollection.java:462) ~[na:1.8.0_131]
	at org.hibernate.collection.internal.PersistentBag.toString(PersistentBag.java:510) ~[hibernate-core-5.0.12.Final.jar:5.0.12.Final]
	at java.lang.String.valueOf(String.java:2994) ~[na:1.8.0_131]
	at java.lang.StringBuilder.append(StringBuilder.java:131) ~[na:1.8.0_131]
	at com.jpa.hibernate.demo.entity.Course.toString(Course.java:105) ~[classes/:na]
	at java.lang.String.valueOf(String.java:2994) ~[na:1.8.0_131]
	at java.lang.StringBuilder.append(StringBuilder.java:131) ~[na:1.8.0_131]
	at com.jpa.hibernate.demo.entity.Rating.toString(Rating.java:55) ~[classes/:na]
	at java.lang.String.valueOf(String.java:2994) ~[na:1.8.0_131]
	at java.lang.StringBuilder.append(StringBuilder.java:131) ~[na:1.8.0_131]
	at java.util.AbstractCollection.toString(AbstractCollection.java:462) ~[na:1.8.0_131]
	at org.hibernate.collection.internal.PersistentBag.toString(PersistentBag.java:510) ~[hibernate-core-5.0.12.Final.jar:5.0.12.Final]
	at java.lang.String.valueOf(String.java:2994) ~[na:1.8.0_131]
	at java.lang.StringBuilder.append(StringBuilder.java:131) ~[na:1.8.0_131]
	at com.jpa.hibernate.demo.entity.Course.toString(Course.java:105) ~[classes/:na]
	at java.lang.String.valueOf(String.java:2994) ~[na:1.8.0_131]
	at java.lang.StringBuilder.append(StringBuilder.java:131) ~[na:1.8.0_131]
	at com.jpa.hibernate.demo.entity.Rating.toString(Rating.java:55) ~[classes/:na]
	at java.lang.String.valueOf(String.java:2994) ~[na:1.8.0_131]
	at java.lang.StringBuilder.append(StringBuilder.java:131) ~[na:1.8.0_131]
	at java.util.AbstractCollection.toString(AbstractCollection.java:462) ~[na:1.8.0_131]
	at org.hibernate.collection.internal.PersistentBag.toString(PersistentBag.java:510) ~[hibernate-core-5.0.12.Final.jar:5.0.12.Final]
	at java.lang.String.valueOf(String.java:2994) ~[na:1.8.0_131]
	at java.lang.StringBuilder.append(StringBuilder.java:131) ~[na:1.8.0_131]
	at com.jpa.hibernate.demo.entity.Course.toString(Course.java:105) ~[classes/:na]
	at java.lang.String.valueOf(String.java:2994) ~[na:1.8.0_131]
	at java.lang.StringBuilder.append(StringBuilder.java:131) ~[na:1.8.0_131]
	at com.jpa.hibernate.demo.entity.Rating.toString(Rating.java:55) ~[classes/:na]
	at java.lang.String.valueOf(String.java:2994) ~[na:1.8.0_131]
	at java.lang.StringBuilder.append(StringBuilder.java:131) ~[na:1.8.0_131]
	at java.util.AbstractCollection.toString(AbstractCollection.java:462) ~[na:1.8.0_131]
	at org.hibernate.collection.internal.PersistentBag.toString(PersistentBag.java:510) ~[hibernate-core-5.0.12.Final.jar:5.0.12.Final]
	at java.lang.String.valueOf(String.java:2994) ~[na:1.8.0_131]
	at java.lang.StringBuilder.append(StringBuilder.java:131) ~[na:1.8.0_131]
	at com.jpa.hibernate.demo.entity.Course.toString(Course.java:105) ~[classes/:na]
	at java.lang.String.valueOf(String.java:2994) ~[na:1.8.0_131]
	at java.lang.StringBuilder.append(StringBuilder.java:131) ~[na:1.8.0_131]
	at com.jpa.hibernate.demo.entity.Rating.toString(Rating.java:55) ~[classes/:na]
	at java.lang.String.valueOf(String.java:2994) ~[na:1.8.0_131]
	at java.lang.StringBuilder.append(StringBuilder.java:131) ~[na:1.8.0_131]
	at java.util.AbstractCollection.toString(AbstractCollection.java:462) ~[na:1.8.0_131]
	at org.hibernate.collection.internal.PersistentBag.toString(PersistentBag.java:510) ~[hibernate-core-5.0.12.Final.jar:5.0.12.Final]
	at java.lang.String.valueOf(String.java:2994) ~[na:1.8.0_131]
	at java.lang.StringBuilder.append(StringBuilder.java:131) ~[na:1.8.0_131]
	at com.jpa.hibernate.demo.entity.Course.toString(Course.java:105) ~[classes/:na]
	at java.lang.String.valueOf(String.java:2994) ~[na:1.8.0_131]
	at java.lang.StringBuilder.append(StringBuilder.java:131) ~[na:1.8.0_131]
	at com.jpa.hibernate.demo.entity.Rating.toString(Rating.java:55) ~[classes/:na]
	at java.lang.String.valueOf(String.java:2994) ~[na:1.8.0_131]
	at java.lang.StringBuilder.append(StringBuilder.java:131) ~[na:1.8.0_131]
	at java.util.AbstractCollection.toString(AbstractCollection.java:462) ~[na:1.8.0_131]
	at org.hibernate.collection.internal.PersistentBag.toString(PersistentBag.java:510) ~[hibernate-core-5.0.12.Final.jar:5.0.12.Final]
	at java.lang.String.valueOf(String.java:2994) ~[na:1.8.0_131]
	at java.lang.StringBuilder.append(StringBuilder.java:131) ~[na:1.8.0_131]
	at com.jpa.hibernate.demo.entity.Course.toString(Course.java:105) ~[classes/:na]
	at java.lang.String.valueOf(String.java:2994) ~[na:1.8.0_131]
	at java.lang.StringBuilder.append(StringBuilder.java:131) ~[na:1.8.0_131]
	at com.jpa.hibernate.demo.entity.Rating.toString(Rating.java:55) ~[classes/:na]
	at java.lang.String.valueOf(String.java:2994) ~[na:1.8.0_131]
	at java.lang.StringBuilder.append(StringBuilder.java:131) ~[na:1.8.0_131]
	at java.util.AbstractCollection.toString(AbstractCollection.java:462) ~[na:1.8.0_131]
	at org.hibernate.collection.internal.PersistentBag.toString(PersistentBag.java:510) ~[hibernate-core-5.0.12.Final.jar:5.0.12.Final]
	at java.lang.String.valueOf(String.java:2994) ~[na:1.8.0_131]
	at java.lang.StringBuilder.append(StringBuilder.java:131) ~[na:1.8.0_131]
	at com.jpa.hibernate.demo.entity.Course.toString(Course.java:105) ~[classes/:na]
	at java.lang.String.valueOf(String.java:2994) ~[na:1.8.0_131]
	at java.lang.StringBuilder.append(StringBuilder.java:131) ~[na:1.8.0_131]
	at com.jpa.hibernate.demo.entity.Rating.toString(Rating.java:55) ~[classes/:na]
	at java.lang.String.valueOf(String.java:2994) ~[na:1.8.0_131]
	at java.lang.StringBuilder.append(StringBuilder.java:131) ~[na:1.8.0_131]
	at java.util.AbstractCollection.toString(AbstractCollection.java:462) ~[na:1.8.0_131]
	at org.hibernate.collection.internal.PersistentBag.toString(PersistentBag.java:510) ~[hibernate-core-5.0.12.Final.jar:5.0.12.Final]
	at java.lang.String.valueOf(String.java:2994) ~[na:1.8.0_131]
	at java.lang.StringBuilder.append(StringBuilder.java:131) ~[na:1.8.0_131]
	at com.jpa.hibernate.demo.entity.Course.toString(Course.java:105) ~[classes/:na]
	at java.lang.String.valueOf(String.java:2994) ~[na:1.8.0_131]
	at java.lang.StringBuilder.append(StringBuilder.java:131) ~[na:1.8.0_131]
	at com.jpa.hibernate.demo.entity.Rating.toString(Rating.java:55) ~[classes/:na]
	at java.lang.String.valueOf(String.java:2994) ~[na:1.8.0_131]
	at java.lang.StringBuilder.append(StringBuilder.java:131) ~[na:1.8.0_131]
	at java.util.AbstractCollection.toString(AbstractCollection.java:462) ~[na:1.8.0_131]
	at org.hibernate.collection.internal.PersistentBag.toString(PersistentBag.java:510) ~[hibernate-core-5.0.12.Final.jar:5.0.12.Final]
	at java.lang.String.valueOf(String.java:2994) ~[na:1.8.0_131]
	at java.lang.StringBuilder.append(StringBuilder.java:131) ~[na:1.8.0_131]
	at com.jpa.hibernate.demo.entity.Course.toString(Course.java:105) ~[classes/:na]
	at java.lang.String.valueOf(String.java:2994) ~[na:1.8.0_131]
	at java.lang.StringBuilder.append(StringBuilder.java:131) ~[na:1.8.0_131]
	at com.jpa.hibernate.demo.entity.Rating.toString(Rating.java:55) ~[classes/:na]
	at java.lang.String.valueOf(String.java:2994) ~[na:1.8.0_131]
	at java.lang.StringBuilder.append(StringBuilder.java:131) ~[na:1.8.0_131]
	at java.util.AbstractCollection.toString(AbstractCollection.java:462) ~[na:1.8.0_131]
	at org.hibernate.collection.internal.PersistentBag.toString(PersistentBag.java:510) ~[hibernate-core-5.0.12.Final.jar:5.0.12.Final]
	at java.lang.String.valueOf(String.java:2994) ~[na:1.8.0_131]
	at java.lang.StringBuilder.append(StringBuilder.java:131) ~[na:1.8.0_131]
	at com.jpa.hibernate.demo.entity.Course.toString(Course.java:105) ~[classes/:na]
	at java.lang.String.valueOf(String.java:2994) ~[na:1.8.0_131]
	at java.lang.StringBuilder.append(StringBuilder.java:131) ~[na:1.8.0_131]
	at com.jpa.hibernate.demo.entity.Rating.toString(Rating.java:55) ~[classes/:na]
	at java.lang.String.valueOf(String.java:2994) ~[na:1.8.0_131]
	at java.lang.StringBuilder.append(StringBuilder.java:131) ~[na:1.8.0_131]
	at java.util.AbstractCollection.toString(AbstractCollection.java:462) ~[na:1.8.0_131]
	at org.hibernate.collection.internal.PersistentBag.toString(PersistentBag.java:510) ~[hibernate-core-5.0.12.Final.jar:5.0.12.Final]
	at java.lang.String.valueOf(String.java:2994) ~[na:1.8.0_131]
	at java.lang.StringBuilder.append(StringBuilder.java:131) ~[na:1.8.0_131]
	at com.jpa.hibernate.demo.entity.Course.toString(Course.java:105) ~[classes/:na]
	at java.lang.String.valueOf(String.java:2994) ~[na:1.8.0_131]
	at java.lang.StringBuilder.append(StringBuilder.java:131) ~[na:1.8.0_131]
	at com.jpa.hibernate.demo.entity.Rating.toString(Rating.java:55) ~[classes/:na]
	at java.lang.String.valueOf(String.java:2994) ~[na:1.8.0_131]
	at java.lang.StringBuilder.append(StringBuilder.java:131) ~[na:1.8.0_131]
	at java.util.AbstractCollection.toString(AbstractCollection.java:462) ~[na:1.8.0_131]
	at org.hibernate.collection.internal.PersistentBag.toString(PersistentBag.java:510) ~[hibernate-core-5.0.12.Final.jar:5.0.12.Final]
	at java.lang.String.valueOf(String.java:2994) ~[na:1.8.0_131]
	at java.lang.StringBuilder.append(StringBuilder.java:131) ~[na:1.8.0_131]
	at com.jpa.hibernate.demo.entity.Course.toString(Course.java:105) ~[classes/:na]
	at java.lang.String.valueOf(String.java:2994) ~[na:1.8.0_131]
	at java.lang.StringBuilder.append(StringBuilder.java:131) ~[na:1.8.0_131]
	at com.jpa.hibernate.demo.entity.Rating.toString(Rating.java:55) ~[classes/:na]
	at java.lang.String.valueOf(String.java:2994) ~[na:1.8.0_131]
	at java.lang.StringBuilder.append(StringBuilder.java:131) ~[na:1.8.0_131]
	at java.util.AbstractCollection.toString(AbstractCollection.java:462) ~[na:1.8.0_131]
	at org.hibernate.collection.internal.PersistentBag.toString(PersistentBag.java:510) ~[hibernate-core-5.0.12.Final.jar:5.0.12.Final]
	at java.lang.String.valueOf(String.java:2994) ~[na:1.8.0_131]
	at java.lang.StringBuilder.append(StringBuilder.java:131) ~[na:1.8.0_131]
	at com.jpa.hibernate.demo.entity.Course.toString(Course.java:105) ~[classes/:na]
	at java.lang.String.valueOf(String.java:2994) ~[na:1.8.0_131]
	at java.lang.StringBuilder.append(StringBuilder.java:131) ~[na:1.8.0_131]
	at com.jpa.hibernate.demo.entity.Rating.toString(Rating.java:55) ~[classes/:na]
	at java.lang.String.valueOf(String.java:2994) ~[na:1.8.0_131]
	at java.lang.StringBuilder.append(StringBuilder.java:131) ~[na:1.8.0_131]
	at java.util.AbstractCollection.toString(AbstractCollection.java:462) ~[na:1.8.0_131]
	at org.hibernate.collection.internal.PersistentBag.toString(PersistentBag.java:510) ~[hibernate-core-5.0.12.Final.jar:5.0.12.Final]
	at java.lang.String.valueOf(String.java:2994) ~[na:1.8.0_131]
	at java.lang.StringBuilder.append(StringBuilder.java:131) ~[na:1.8.0_131]
	at com.jpa.hibernate.demo.entity.Course.toString(Course.java:105) ~[classes/:na]
	at java.lang.String.valueOf(String.java:2994) ~[na:1.8.0_131]
	at java.lang.StringBuilder.append(StringBuilder.java:131) ~[na:1.8.0_131]
	at com.jpa.hibernate.demo.entity.Rating.toString(Rating.java:55) ~[classes/:na]
	at java.lang.String.valueOf(String.java:2994) ~[na:1.8.0_131]
	at java.lang.StringBuilder.append(StringBuilder.java:131) ~[na:1.8.0_131]
	at java.util.AbstractCollection.toString(AbstractCollection.java:462) ~[na:1.8.0_131]
	at org.hibernate.collection.internal.PersistentBag.toString(PersistentBag.java:510) ~[hibernate-core-5.0.12.Final.jar:5.0.12.Final]
	at java.lang.String.valueOf(String.java:2994) ~[na:1.8.0_131]
	at java.lang.StringBuilder.append(StringBuilder.java:131) ~[na:1.8.0_131]
	at com.jpa.hibernate.demo.entity.Course.toString(Course.java:105) ~[classes/:na]
	at java.lang.String.valueOf(String.java:2994) ~[na:1.8.0_131]
	at java.lang.StringBuilder.append(StringBuilder.java:131) ~[na:1.8.0_131]
	at com.jpa.hibernate.demo.entity.Rating.toString(Rating.java:55) ~[classes/:na]
	at java.lang.String.valueOf(String.java:2994) ~[na:1.8.0_131]
	at java.lang.StringBuilder.append(StringBuilder.java:131) ~[na:1.8.0_131]
	at java.util.AbstractCollection.toString(AbstractCollection.java:462) ~[na:1.8.0_131]
	at org.hibernate.collection.internal.PersistentBag.toString(PersistentBag.java:510) ~[hibernate-core-5.0.12.Final.jar:5.0.12.Final]
	at java.lang.String.valueOf(String.java:2994) ~[na:1.8.0_131]
	at java.lang.StringBuilder.append(StringBuilder.java:131) ~[na:1.8.0_131]
	at com.jpa.hibernate.demo.entity.Course.toString(Course.java:105) ~[classes/:na]
	at java.lang.String.valueOf(String.java:2994) ~[na:1.8.0_131]
	at java.lang.StringBuilder.append(StringBuilder.java:131) ~[na:1.8.0_131]
	at com.jpa.hibernate.demo.entity.Rating.toString(Rating.java:55) ~[classes/:na]
	at java.lang.String.valueOf(String.java:2994) ~[na:1.8.0_131]
	at java.lang.StringBuilder.append(StringBuilder.java:131) ~[na:1.8.0_131]
	at java.util.AbstractCollection.toString(AbstractCollection.java:462) ~[na:1.8.0_131]
	at org.hibernate.collection.internal.PersistentBag.toString(PersistentBag.java:510) ~[hibernate-core-5.0.12.Final.jar:5.0.12.Final]
	at java.lang.String.valueOf(String.java:2994) ~[na:1.8.0_131]
	at java.lang.StringBuilder.append(StringBuilder.java:131) ~[na:1.8.0_131]
	at com.jpa.hibernate.demo.entity.Course.toString(Course.java:105) ~[classes/:na]
	at java.lang.String.valueOf(String.java:2994) ~[na:1.8.0_131]
	at java.lang.StringBuilder.append(StringBuilder.java:131) ~[na:1.8.0_131]
	at com.jpa.hibernate.demo.entity.Rating.toString(Rating.java:55) ~[classes/:na]
	at java.lang.String.valueOf(String.java:2994) ~[na:1.8.0_131]
	at java.lang.StringBuilder.append(StringBuilder.java:131) ~[na:1.8.0_131]
	at java.util.AbstractCollection.toString(AbstractCollection.java:462) ~[na:1.8.0_131]
	at org.hibernate.collection.internal.PersistentBag.toString(PersistentBag.java:510) ~[hibernate-core-5.0.12.Final.jar:5.0.12.Final]
	at java.lang.String.valueOf(String.java:2994) ~[na:1.8.0_131]
	at java.lang.StringBuilder.append(StringBuilder.java:131) ~[na:1.8.0_131]
	at com.jpa.hibernate.demo.entity.Course.toString(Course.java:105) ~[classes/:na]
	at java.lang.String.valueOf(String.java:2994) ~[na:1.8.0_131]
	at java.lang.StringBuilder.append(StringBuilder.java:131) ~[na:1.8.0_131]
	at com.jpa.hibernate.demo.entity.Rating.toString(Rating.java:55) ~[classes/:na]
	at java.lang.String.valueOf(String.java:2994) ~[na:1.8.0_131]
	at java.lang.StringBuilder.append(StringBuilder.java:131) ~[na:1.8.0_131]
	at java.util.AbstractCollection.toString(AbstractCollection.java:462) ~[na:1.8.0_131]
	at org.hibernate.collection.internal.PersistentBag.toString(PersistentBag.java:510) ~[hibernate-core-5.0.12.Final.jar:5.0.12.Final]
	at java.lang.String.valueOf(String.java:2994) ~[na:1.8.0_131]
	at java.lang.StringBuilder.append(StringBuilder.java:131) ~[na:1.8.0_131]
	at com.jpa.hibernate.demo.entity.Course.toString(Course.java:105) ~[classes/:na]
	at java.lang.String.valueOf(String.java:2994) ~[na:1.8.0_131]
	at java.lang.StringBuilder.append(StringBuilder.java:131) ~[na:1.8.0_131]
	at com.jpa.hibernate.demo.entity.Rating.toString(Rating.java:55) ~[classes/:na]
	at java.lang.String.valueOf(String.java:2994) ~[na:1.8.0_131]
	at java.lang.StringBuilder.append(StringBuilder.java:131) ~[na:1.8.0_131]
	at java.util.AbstractCollection.toString(AbstractCollection.java:462) ~[na:1.8.0_131]
	at org.hibernate.collection.internal.PersistentBag.toString(PersistentBag.java:510) ~[hibernate-core-5.0.12.Final.jar:5.0.12.Final]
	at java.lang.String.valueOf(String.java:2994) ~[na:1.8.0_131]
	at java.lang.StringBuilder.append(StringBuilder.java:131) ~[na:1.8.0_131]
	at com.jpa.hibernate.demo.entity.Course.toString(Course.java:105) ~[classes/:na]
	at java.lang.String.valueOf(String.java:2994) ~[na:1.8.0_131]
	at java.lang.StringBuilder.append(StringBuilder.java:131) ~[na:1.8.0_131]
	at com.jpa.hibernate.demo.entity.Rating.toString(Rating.java:55) ~[classes/:na]
	at java.lang.String.valueOf(String.java:2994) ~[na:1.8.0_131]
	at java.lang.StringBuilder.append(StringBuilder.java:131) ~[na:1.8.0_131]
	at java.util.AbstractCollection.toString(AbstractCollection.java:462) ~[na:1.8.0_131]
	at org.hibernate.collection.internal.PersistentBag.toString(PersistentBag.java:510) ~[hibernate-core-5.0.12.Final.jar:5.0.12.Final]
	at java.lang.String.valueOf(String.java:2994) ~[na:1.8.0_131]
	at java.lang.StringBuilder.append(StringBuilder.java:131) ~[na:1.8.0_131]
	at com.jpa.hibernate.demo.entity.Course.toString(Course.java:105) ~[classes/:na]
	at java.lang.String.valueOf(String.java:2994) ~[na:1.8.0_131]
	at java.lang.StringBuilder.append(StringBuilder.java:131) ~[na:1.8.0_131]
	at com.jpa.hibernate.demo.entity.Rating.toString(Rating.java:55) ~[classes/:na]
	at java.lang.String.valueOf(String.java:2994) ~[na:1.8.0_131]
	at java.lang.StringBuilder.append(StringBuilder.java:131) ~[na:1.8.0_131]
	at java.util.AbstractCollection.toString(AbstractCollection.java:462) ~[na:1.8.0_131]
	at org.hibernate.collection.internal.PersistentBag.toString(PersistentBag.java:510) ~[hibernate-core-5.0.12.Final.jar:5.0.12.Final]
	at java.lang.String.valueOf(String.java:2994) ~[na:1.8.0_131]
	at java.lang.StringBuilder.append(StringBuilder.java:131) ~[na:1.8.0_131]
	at com.jpa.hibernate.demo.entity.Course.toString(Course.java:105) ~[classes/:na]
	at java.lang.String.valueOf(String.java:2994) ~[na:1.8.0_131]
	at java.lang.StringBuilder.append(StringBuilder.java:131) ~[na:1.8.0_131]
	at com.jpa.hibernate.demo.entity.Rating.toString(Rating.java:55) ~[classes/:na]
	at java.lang.String.valueOf(String.java:2994) ~[na:1.8.0_131]
	at java.lang.StringBuilder.append(StringBuilder.java:131) ~[na:1.8.0_131]
	at java.util.AbstractCollection.toString(AbstractCollection.java:462) ~[na:1.8.0_131]
	at org.hibernate.collection.internal.PersistentBag.toString(PersistentBag.java:510) ~[hibernate-core-5.0.12.Final.jar:5.0.12.Final]
	at java.lang.String.valueOf(String.java:2994) ~[na:1.8.0_131]
	at java.lang.StringBuilder.append(StringBuilder.java:131) ~[na:1.8.0_131]
	at com.jpa.hibernate.demo.entity.Course.toString(Course.java:105) ~[classes/:na]
	at java.lang.String.valueOf(String.java:2994) ~[na:1.8.0_131]
	at java.lang.StringBuilder.append(StringBuilder.java:131) ~[na:1.8.0_131]
	at com.jpa.hibernate.demo.entity.Rating.toString(Rating.java:55) ~[classes/:na]
	at java.lang.String.valueOf(String.java:2994) ~[na:1.8.0_131]
	at java.lang.StringBuilder.append(StringBuilder.java:131) ~[na:1.8.0_131]
	at java.util.AbstractCollection.toString(AbstractCollection.java:462) ~[na:1.8.0_131]
	at org.hibernate.collection.internal.PersistentBag.toString(PersistentBag.java:510) ~[hibernate-core-5.0.12.Final.jar:5.0.12.Final]
	at java.lang.String.valueOf(String.java:2994) ~[na:1.8.0_131]
	at java.lang.StringBuilder.append(StringBuilder.java:131) ~[na:1.8.0_131]
	at com.jpa.hibernate.demo.entity.Course.toString(Course.java:105) ~[classes/:na]
	at java.lang.String.valueOf(String.java:2994) ~[na:1.8.0_131]
	at java.lang.StringBuilder.append(StringBuilder.java:131) ~[na:1.8.0_131]
	at com.jpa.hibernate.demo.entity.Rating.toString(Rating.java:55) ~[classes/:na]
	at java.lang.String.valueOf(String.java:2994) ~[na:1.8.0_131]
	at java.lang.StringBuilder.append(StringBuilder.java:131) ~[na:1.8.0_131]
	at java.util.AbstractCollection.toString(AbstractCollection.java:462) ~[na:1.8.0_131]
	at org.hibernate.collection.internal.PersistentBag.toString(PersistentBag.java:510) ~[hibernate-core-5.0.12.Final.jar:5.0.12.Final]
	at java.lang.String.valueOf(String.java:2994) ~[na:1.8.0_131]
	at java.lang.StringBuilder.append(StringBuilder.java:131) ~[na:1.8.0_131]
	at com.jpa.hibernate.demo.entity.Course.toString(Course.java:105) ~[classes/:na]
	at java.lang.String.valueOf(String.java:2994) ~[na:1.8.0_131]
	at java.lang.StringBuilder.append(StringBuilder.java:131) ~[na:1.8.0_131]
	at com.jpa.hibernate.demo.entity.Rating.toString(Rating.java:55) ~[classes/:na]
	at java.lang.String.valueOf(String.java:2994) ~[na:1.8.0_131]
	at java.lang.StringBuilder.append(StringBuilder.java:131) ~[na:1.8.0_131]
	at java.util.AbstractCollection.toString(AbstractCollection.java:462) ~[na:1.8.0_131]
	at org.hibernate.collection.internal.PersistentBag.toString(PersistentBag.java:510) ~[hibernate-core-5.0.12.Final.jar:5.0.12.Final]
	at java.lang.String.valueOf(String.java:2994) ~[na:1.8.0_131]
	at java.lang.StringBuilder.append(StringBuilder.java:131) ~[na:1.8.0_131]
	at com.jpa.hibernate.demo.entity.Course.toString(Course.java:105) ~[classes/:na]
	at java.lang.String.valueOf(String.java:2994) ~[na:1.8.0_131]
	at java.lang.StringBuilder.append(StringBuilder.java:131) ~[na:1.8.0_131]
	at com.jpa.hibernate.demo.entity.Rating.toString(Rating.java:55) ~[classes/:na]
	at java.lang.String.valueOf(String.java:2994) ~[na:1.8.0_131]
	at java.lang.StringBuilder.append(StringBuilder.java:131) ~[na:1.8.0_131]
	at java.util.AbstractCollection.toString(AbstractCollection.java:462) ~[na:1.8.0_131]
	at org.hibernate.collection.internal.PersistentBag.toString(PersistentBag.java:510) ~[hibernate-core-5.0.12.Final.jar:5.0.12.Final]
	at java.lang.String.valueOf(String.java:2994) ~[na:1.8.0_131]
	at java.lang.StringBuilder.append(StringBuilder.java:131) ~[na:1.8.0_131]
	at com.jpa.hibernate.demo.entity.Course.toString(Course.java:105) ~[classes/:na]
	at java.lang.String.valueOf(String.java:2994) ~[na:1.8.0_131]
	at java.lang.StringBuilder.append(StringBuilder.java:131) ~[na:1.8.0_131]
	at com.jpa.hibernate.demo.entity.Rating.toString(Rating.java:55) ~[classes/:na]
	at java.lang.String.valueOf(String.java:2994) ~[na:1.8.0_131]
	at java.lang.StringBuilder.append(StringBuilder.java:131) ~[na:1.8.0_131]
	at java.util.AbstractCollection.toString(AbstractCollection.java:462) ~[na:1.8.0_131]
	at org.hibernate.collection.internal.PersistentBag.toString(PersistentBag.java:510) ~[hibernate-core-5.0.12.Final.jar:5.0.12.Final]
	at java.lang.String.valueOf(String.java:2994) ~[na:1.8.0_131]
	at java.lang.StringBuilder.append(StringBuilder.java:131) ~[na:1.8.0_131]
	at com.jpa.hibernate.demo.entity.Course.toString(Course.java:105) ~[classes/:na]
	at java.lang.String.valueOf(String.java:2994) ~[na:1.8.0_131]
	at java.lang.StringBuilder.append(StringBuilder.java:131) ~[na:1.8.0_131]
	at com.jpa.hibernate.demo.entity.Rating.toString(Rating.java:55) ~[classes/:na]
	at java.lang.String.valueOf(String.java:2994) ~[na:1.8.0_131]
	at java.lang.StringBuilder.append(StringBuilder.java:131) ~[na:1.8.0_131]
	at java.util.AbstractCollection.toString(AbstractCollection.java:462) ~[na:1.8.0_131]
	at org.hibernate.collection.internal.PersistentBag.toString(PersistentBag.java:510) ~[hibernate-core-5.0.12.Final.jar:5.0.12.Final]
	at java.lang.String.valueOf(String.java:2994) ~[na:1.8.0_131]
	at java.lang.StringBuilder.append(StringBuilder.java:131) ~[na:1.8.0_131]
	at com.jpa.hibernate.demo.entity.Course.toString(Course.java:105) ~[classes/:na]
	at java.lang.String.valueOf(String.java:2994) ~[na:1.8.0_131]
	at java.lang.StringBuilder.append(StringBuilder.java:131) ~[na:1.8.0_131]
	at com.jpa.hibernate.demo.entity.Rating.toString(Rating.java:55) ~[classes/:na]
	at java.lang.String.valueOf(String.java:2994) ~[na:1.8.0_131]
	at java.lang.StringBuilder.append(StringBuilder.java:131) ~[na:1.8.0_131]
	at java.util.AbstractCollection.toString(AbstractCollection.java:462) ~[na:1.8.0_131]
	at org.hibernate.collection.internal.PersistentBag.toString(PersistentBag.java:510) ~[hibernate-core-5.0.12.Final.jar:5.0.12.Final]
	at java.lang.String.valueOf(String.java:2994) ~[na:1.8.0_131]
	at java.lang.StringBuilder.append(StringBuilder.java:131) ~[na:1.8.0_131]
	at com.jpa.hibernate.demo.entity.Course.toString(Course.java:105) ~[classes/:na]
	at java.lang.String.valueOf(String.java:2994) ~[na:1.8.0_131]
	at java.lang.StringBuilder.append(StringBuilder.java:131) ~[na:1.8.0_131]
	at com.jpa.hibernate.demo.entity.Rating.toString(Rating.java:55) ~[classes/:na]
	at java.lang.String.valueOf(String.java:2994) ~[na:1.8.0_131]
	at java.lang.StringBuilder.append(StringBuilder.java:131) ~[na:1.8.0_131]
	at java.util.AbstractCollection.toString(AbstractCollection.java:462) ~[na:1.8.0_131]
	at org.hibernate.collection.internal.PersistentBag.toString(PersistentBag.java:510) ~[hibernate-core-5.0.12.Final.jar:5.0.12.Final]
	at java.lang.String.valueOf(String.java:2994) ~[na:1.8.0_131]
	at java.lang.StringBuilder.append(StringBuilder.java:131) ~[na:1.8.0_131]
	at com.jpa.hibernate.demo.entity.Course.toString(Course.java:105) ~[classes/:na]
	at java.lang.String.valueOf(String.java:2994) ~[na:1.8.0_131]
	at java.lang.StringBuilder.append(StringBuilder.java:131) ~[na:1.8.0_131]
	at com.jpa.hibernate.demo.entity.Rating.toString(Rating.java:55) ~[classes/:na]
	at java.lang.String.valueOf(String.java:2994) ~[na:1.8.0_131]
	at java.lang.StringBuilder.append(StringBuilder.java:131) ~[na:1.8.0_131]
	at java.util.AbstractCollection.toString(AbstractCollection.java:462) ~[na:1.8.0_131]
	at org.hibernate.collection.internal.PersistentBag.toString(PersistentBag.java:510) ~[hibernate-core-5.0.12.Final.jar:5.0.12.Final]
	at java.lang.String.valueOf(String.java:2994) ~[na:1.8.0_131]
	at java.lang.StringBuilder.append(StringBuilder.java:131) ~[na:1.8.0_131]
	at com.jpa.hibernate.demo.entity.Course.toString(Course.java:105) ~[classes/:na]
	at java.lang.String.valueOf(String.java:2994) ~[na:1.8.0_131]
	at java.lang.StringBuilder.append(StringBuilder.java:131) ~[na:1.8.0_131]
	at com.jpa.hibernate.demo.entity.Rating.toString(Rating.java:55) ~[classes/:na]
	at java.lang.String.valueOf(String.java:2994) ~[na:1.8.0_131]
	at java.lang.StringBuilder.append(StringBuilder.java:131) ~[na:1.8.0_131]
	at java.util.AbstractCollection.toString(AbstractCollection.java:462) ~[na:1.8.0_131]
	at org.hibernate.collection.internal.PersistentBag.toString(PersistentBag.java:510) ~[hibernate-core-5.0.12.Final.jar:5.0.12.Final]
	at java.lang.String.valueOf(String.java:2994) ~[na:1.8.0_131]
	at java.lang.StringBuilder.append(StringBuilder.java:131) ~[na:1.8.0_131]
	at com.jpa.hibernate.demo.entity.Course.toString(Course.java:105) ~[classes/:na]
	at java.lang.String.valueOf(String.java:2994) ~[na:1.8.0_131]
	at java.lang.StringBuilder.append(StringBuilder.java:131) ~[na:1.8.0_131]
	at com.jpa.hibernate.demo.entity.Rating.toString(Rating.java:55) ~[classes/:na]
	at java.lang.String.valueOf(String.java:2994) ~[na:1.8.0_131]
	at java.lang.StringBuilder.append(StringBuilder.java:131) ~[na:1.8.0_131]
	at java.util.AbstractCollection.toString(AbstractCollection.java:462) ~[na:1.8.0_131]
	at org.hibernate.collection.internal.PersistentBag.toString(PersistentBag.java:510) ~[hibernate-core-5.0.12.Final.jar:5.0.12.Final]
	at java.lang.String.valueOf(String.java:2994) ~[na:1.8.0_131]
	at java.lang.StringBuilder.append(StringBuilder.java:131) ~[na:1.8.0_131]
	at com.jpa.hibernate.demo.entity.Course.toString(Course.java:105) ~[classes/:na]
	at java.lang.String.valueOf(String.java:2994) ~[na:1.8.0_131]
	at java.lang.StringBuilder.append(StringBuilder.java:131) ~[na:1.8.0_131]
	at com.jpa.hibernate.demo.entity.Rating.toString(Rating.java:55) ~[classes/:na]
	at java.lang.String.valueOf(String.java:2994) ~[na:1.8.0_131]
	at java.lang.StringBuilder.append(StringBuilder.java:131) ~[na:1.8.0_131]
	at java.util.AbstractCollection.toString(AbstractCollection.java:462) ~[na:1.8.0_131]
	at org.hibernate.collection.internal.PersistentBag.toString(PersistentBag.java:510) ~[hibernate-core-5.0.12.Final.jar:5.0.12.Final]
	at java.lang.String.valueOf(String.java:2994) ~[na:1.8.0_131]
	at java.lang.StringBuilder.append(StringBuilder.java:131) ~[na:1.8.0_131]
	at com.jpa.hibernate.demo.entity.Course.toString(Course.java:105) ~[classes/:na]
	at java.lang.String.valueOf(String.java:2994) ~[na:1.8.0_131]
	at java.lang.StringBuilder.append(StringBuilder.java:131) ~[na:1.8.0_131]
	at com.jpa.hibernate.demo.entity.Rating.toString(Rating.java:55) ~[classes/:na]
	at java.lang.String.valueOf(String.java:2994) ~[na:1.8.0_131]
	at java.lang.StringBuilder.append(StringBuilder.java:131) ~[na:1.8.0_131]
	at java.util.AbstractCollection.toString(AbstractCollection.java:462) ~[na:1.8.0_131]
	at org.hibernate.collection.internal.PersistentBag.toString(PersistentBag.java:510) ~[hibernate-core-5.0.12.Final.jar:5.0.12.Final]
	at java.lang.String.valueOf(String.java:2994) ~[na:1.8.0_131]
	at java.lang.StringBuilder.append(StringBuilder.java:131) ~[na:1.8.0_131]
	at com.jpa.hibernate.demo.entity.Course.toString(Course.java:105) ~[classes/:na]
	at java.lang.String.valueOf(String.java:2994) ~[na:1.8.0_131]
	at java.lang.StringBuilder.append(StringBuilder.java:131) ~[na:1.8.0_131]
	at com.jpa.hibernate.demo.entity.Rating.toString(Rating.java:55) ~[classes/:na]
	at java.lang.String.valueOf(String.java:2994) ~[na:1.8.0_131]
	at java.lang.StringBuilder.append(StringBuilder.java:131) ~[na:1.8.0_131]
	at java.util.AbstractCollection.toString(AbstractCollection.java:462) ~[na:1.8.0_131]
	at org.hibernate.collection.internal.PersistentBag.toString(PersistentBag.java:510) ~[hibernate-core-5.0.12.Final.jar:5.0.12.Final]
	at java.lang.String.valueOf(String.java:2994) ~[na:1.8.0_131]
	at java.lang.StringBuilder.append(StringBuilder.java:131) ~[na:1.8.0_131]
	at com.jpa.hibernate.demo.entity.Course.toString(Course.java:105) ~[classes/:na]
	at java.lang.String.valueOf(String.java:2994) ~[na:1.8.0_131]
	at java.lang.StringBuilder.append(StringBuilder.java:131) ~[na:1.8.0_131]
	at com.jpa.hibernate.demo.entity.Rating.toString(Rating.java:55) ~[classes/:na]
	at java.lang.String.valueOf(String.java:2994) ~[na:1.8.0_131]
	at java.lang.StringBuilder.append(StringBuilder.java:131) ~[na:1.8.0_131]
	at java.util.AbstractCollection.toString(AbstractCollection.java:462) ~[na:1.8.0_131]
	at org.hibernate.collection.internal.PersistentBag.toString(PersistentBag.java:510) ~[hibernate-core-5.0.12.Final.jar:5.0.12.Final]
	at java.lang.String.valueOf(String.java:2994) ~[na:1.8.0_131]
	at java.lang.StringBuilder.append(StringBuilder.java:131) ~[na:1.8.0_131]
	at com.jpa.hibernate.demo.entity.Course.toString(Course.java:105) ~[classes/:na]
	at java.lang.String.valueOf(String.java:2994) ~[na:1.8.0_131]
	at java.lang.StringBuilder.append(StringBuilder.java:131) ~[na:1.8.0_131]
	at com.jpa.hibernate.demo.entity.Rating.toString(Rating.java:55) ~[classes/:na]
	at java.lang.String.valueOf(String.java:2994) ~[na:1.8.0_131]
	at java.lang.StringBuilder.append(StringBuilder.java:131) ~[na:1.8.0_131]
	at java.util.AbstractCollection.toString(AbstractCollection.java:462) ~[na:1.8.0_131]
	at org.hibernate.collection.internal.PersistentBag.toString(PersistentBag.java:510) ~[hibernate-core-5.0.12.Final.jar:5.0.12.Final]
	at java.lang.String.valueOf(String.java:2994) ~[na:1.8.0_131]
	at java.lang.StringBuilder.append(StringBuilder.java:131) ~[na:1.8.0_131]
	at com.jpa.hibernate.demo.entity.Course.toString(Course.java:105) ~[classes/:na]
	at java.lang.String.valueOf(String.java:2994) ~[na:1.8.0_131]
	at java.lang.StringBuilder.append(StringBuilder.java:131) ~[na:1.8.0_131]
	at com.jpa.hibernate.demo.entity.Rating.toString(Rating.java:55) ~[classes/:na]
	at java.lang.String.valueOf(String.java:2994) ~[na:1.8.0_131]
	at java.lang.StringBuilder.append(StringBuilder.java:131) ~[na:1.8.0_131]
	at java.util.AbstractCollection.toString(AbstractCollection.java:462) ~[na:1.8.0_131]
	at org.hibernate.collection.internal.PersistentBag.toString(PersistentBag.java:510) ~[hibernate-core-5.0.12.Final.jar:5.0.12.Final]
	at java.lang.String.valueOf(String.java:2994) ~[na:1.8.0_131]
	at java.lang.StringBuilder.append(StringBuilder.java:131) ~[na:1.8.0_131]
	at com.jpa.hibernate.demo.entity.Course.toString(Course.java:105) ~[classes/:na]
	at java.lang.String.valueOf(String.java:2994) ~[na:1.8.0_131]
	at java.lang.StringBuilder.append(StringBuilder.java:131) ~[na:1.8.0_131]
	at com.jpa.hibernate.demo.entity.Rating.toString(Rating.java:55) ~[classes/:na]
	at java.lang.String.valueOf(String.java:2994) ~[na:1.8.0_131]
	at java.lang.StringBuilder.append(StringBuilder.java:131) ~[na:1.8.0_131]
	at java.util.AbstractCollection.toString(AbstractCollection.java:462) ~[na:1.8.0_131]
	at org.hibernate.collection.internal.PersistentBag.toString(PersistentBag.java:510) ~[hibernate-core-5.0.12.Final.jar:5.0.12.Final]
	at java.lang.String.valueOf(String.java:2994) ~[na:1.8.0_131]
	at java.lang.StringBuilder.append(StringBuilder.java:131) ~[na:1.8.0_131]
	at com.jpa.hibernate.demo.entity.Course.toString(Course.java:105) ~[classes/:na]
	at java.lang.String.valueOf(String.java:2994) ~[na:1.8.0_131]
	at java.lang.StringBuilder.append(StringBuilder.java:131) ~[na:1.8.0_131]
	at com.jpa.hibernate.demo.entity.Rating.toString(Rating.java:55) ~[classes/:na]
	at java.lang.String.valueOf(String.java:2994) ~[na:1.8.0_131]
	at java.lang.StringBuilder.append(StringBuilder.java:131) ~[na:1.8.0_131]
	at java.util.AbstractCollection.toString(AbstractCollection.java:462) ~[na:1.8.0_131]
	at org.hibernate.collection.internal.PersistentBag.toString(PersistentBag.java:510) ~[hibernate-core-5.0.12.Final.jar:5.0.12.Final]
	at java.lang.String.valueOf(String.java:2994) ~[na:1.8.0_131]
	at java.lang.StringBuilder.append(StringBuilder.java:131) ~[na:1.8.0_131]
	at com.jpa.hibernate.demo.entity.Course.toString(Course.java:105) ~[classes/:na]
	at java.lang.String.valueOf(String.java:2994) ~[na:1.8.0_131]
	at java.lang.StringBuilder.append(StringBuilder.java:131) ~[na:1.8.0_131]
	at com.jpa.hibernate.demo.entity.Rating.toString(Rating.java:55) ~[classes/:na]
	at java.lang.String.valueOf(String.java:2994) ~[na:1.8.0_131]
	at java.lang.StringBuilder.append(StringBuilder.java:131) ~[na:1.8.0_131]
	at java.util.AbstractCollection.toString(AbstractCollection.java:462) ~[na:1.8.0_131]
	at org.hibernate.collection.internal.PersistentBag.toString(PersistentBag.java:510) ~[hibernate-core-5.0.12.Final.jar:5.0.12.Final]
	at java.lang.String.valueOf(String.java:2994) ~[na:1.8.0_131]
	at java.lang.StringBuilder.append(StringBuilder.java:131) ~[na:1.8.0_131]
	at com.jpa.hibernate.demo.entity.Course.toString(Course.java:105) ~[classes/:na]
	at java.lang.String.valueOf(String.java:2994) ~[na:1.8.0_131]
	at java.lang.StringBuilder.append(StringBuilder.java:131) ~[na:1.8.0_131]
	at com.jpa.hibernate.demo.entity.Rating.toString(Rating.java:55) ~[classes/:na]
	at java.lang.String.valueOf(String.java:2994) ~[na:1.8.0_131]
	at java.lang.StringBuilder.append(StringBuilder.java:131) ~[na:1.8.0_131]
	at java.util.AbstractCollection.toString(AbstractCollection.java:462) ~[na:1.8.0_131]
	at org.hibernate.collection.internal.PersistentBag.toString(PersistentBag.java:510) ~[hibernate-core-5.0.12.Final.jar:5.0.12.Final]
	at java.lang.String.valueOf(String.java:2994) ~[na:1.8.0_131]
	at java.lang.StringBuilder.append(StringBuilder.java:131) ~[na:1.8.0_131]
	at com.jpa.hibernate.demo.entity.Course.toString(Course.java:105) ~[classes/:na]
	at java.lang.String.valueOf(String.java:2994) ~[na:1.8.0_131]
	at java.lang.StringBuilder.append(StringBuilder.java:131) ~[na:1.8.0_131]
	at com.jpa.hibernate.demo.entity.Rating.toString(Rating.java:55) ~[classes/:na]
	at java.lang.String.valueOf(String.java:2994) ~[na:1.8.0_131]
	at java.lang.StringBuilder.append(StringBuilder.java:131) ~[na:1.8.0_131]
	at java.util.AbstractCollection.toString(AbstractCollection.java:462) ~[na:1.8.0_131]
	at org.hibernate.collection.internal.PersistentBag.toString(PersistentBag.java:510) ~[hibernate-core-5.0.12.Final.jar:5.0.12.Final]
	at java.lang.String.valueOf(String.java:2994) ~[na:1.8.0_131]
	at java.lang.StringBuilder.append(StringBuilder.java:131) ~[na:1.8.0_131]
	at com.jpa.hibernate.demo.entity.Course.toString(Course.java:105) ~[classes/:na]
	at java.lang.String.valueOf(String.java:2994) ~[na:1.8.0_131]
	at java.lang.StringBuilder.append(StringBuilder.java:131) ~[na:1.8.0_131]
	at com.jpa.hibernate.demo.entity.Rating.toString(Rating.java:55) ~[classes/:na]
	at java.lang.String.valueOf(String.java:2994) ~[na:1.8.0_131]
	at java.lang.StringBuilder.append(StringBuilder.java:131) ~[na:1.8.0_131]
	at java.util.AbstractCollection.toString(AbstractCollection.java:462) ~[na:1.8.0_131]
	at org.hibernate.collection.internal.PersistentBag.toString(PersistentBag.java:510) ~[hibernate-core-5.0.12.Final.jar:5.0.12.Final]
	at java.lang.String.valueOf(String.java:2994) ~[na:1.8.0_131]
	at java.lang.StringBuilder.append(StringBuilder.java:131) ~[na:1.8.0_131]
	at com.jpa.hibernate.demo.entity.Course.toString(Course.java:105) ~[classes/:na]
	at java.lang.String.valueOf(String.java:2994) ~[na:1.8.0_131]
	at java.lang.StringBuilder.append(StringBuilder.java:131) ~[na:1.8.0_131]
	at com.jpa.hibernate.demo.entity.Rating.toString(Rating.java:55) ~[classes/:na]
	at java.lang.String.valueOf(String.java:2994) ~[na:1.8.0_131]
	at java.lang.StringBuilder.append(StringBuilder.java:131) ~[na:1.8.0_131]
	at java.util.AbstractCollection.toString(AbstractCollection.java:462) ~[na:1.8.0_131]
	at org.hibernate.collection.internal.PersistentBag.toString(PersistentBag.java:510) ~[hibernate-core-5.0.12.Final.jar:5.0.12.Final]
	at java.lang.String.valueOf(String.java:2994) ~[na:1.8.0_131]
	at java.lang.StringBuilder.append(StringBuilder.java:131) ~[na:1.8.0_131]
	at com.jpa.hibernate.demo.entity.Course.toString(Course.java:105) ~[classes/:na]
	at java.lang.String.valueOf(String.java:2994) ~[na:1.8.0_131]
	at java.lang.StringBuilder.append(StringBuilder.java:131) ~[na:1.8.0_131]
	at com.jpa.hibernate.demo.entity.Rating.toString(Rating.java:55) ~[classes/:na]
	at java.lang.String.valueOf(String.java:2994) ~[na:1.8.0_131]
	at java.lang.StringBuilder.append(StringBuilder.java:131) ~[na:1.8.0_131]
	at java.util.AbstractCollection.toString(AbstractCollection.java:462) ~[na:1.8.0_131]
	at org.hibernate.collection.internal.PersistentBag.toString(PersistentBag.java:510) ~[hibernate-core-5.0.12.Final.jar:5.0.12.Final]
	at java.lang.String.valueOf(String.java:2994) ~[na:1.8.0_131]
	at java.lang.StringBuilder.append(StringBuilder.java:131) ~[na:1.8.0_131]
	at com.jpa.hibernate.demo.entity.Course.toString(Course.java:105) ~[classes/:na]
	at java.lang.String.valueOf(String.java:2994) ~[na:1.8.0_131]
	at java.lang.StringBuilder.append(StringBuilder.java:131) ~[na:1.8.0_131]
	at com.jpa.hibernate.demo.entity.Rating.toString(Rating.java:55) ~[classes/:na]
	at java.lang.String.valueOf(String.java:2994) ~[na:1.8.0_131]
	at java.lang.StringBuilder.append(StringBuilder.java:131) ~[na:1.8.0_131]
	at java.util.AbstractCollection.toString(AbstractCollection.java:462) ~[na:1.8.0_131]
	at org.hibernate.collection.internal.PersistentBag.toString(PersistentBag.java:510) ~[hibernate-core-5.0.12.Final.jar:5.0.12.Final]
	at java.lang.String.valueOf(String.java:2994) ~[na:1.8.0_131]
	at java.lang.StringBuilder.append(StringBuilder.java:131) ~[na:1.8.0_131]
	at com.jpa.hibernate.demo.entity.Course.toString(Course.java:105) ~[classes/:na]
	at java.lang.String.valueOf(String.java:2994) ~[na:1.8.0_131]
	at java.lang.StringBuilder.append(StringBuilder.java:131) ~[na:1.8.0_131]
	at com.jpa.hibernate.demo.entity.Rating.toString(Rating.java:55) ~[classes/:na]
	at java.lang.String.valueOf(String.java:2994) ~[na:1.8.0_131]
	at java.lang.StringBuilder.append(StringBuilder.java:131) ~[na:1.8.0_131]
	at java.util.AbstractCollection.toString(AbstractCollection.java:462) ~[na:1.8.0_131]
	at org.hibernate.collection.internal.PersistentBag.toString(PersistentBag.java:510) ~[hibernate-core-5.0.12.Final.jar:5.0.12.Final]
	at java.lang.String.valueOf(String.java:2994) ~[na:1.8.0_131]
	at java.lang.StringBuilder.append(StringBuilder.java:131) ~[na:1.8.0_131]
	at com.jpa.hibernate.demo.entity.Course.toString(Course.java:105) ~[classes/:na]
	at java.lang.String.valueOf(String.java:2994) ~[na:1.8.0_131]
	at java.lang.StringBuilder.append(StringBuilder.java:131) ~[na:1.8.0_131]
	at com.jpa.hibernate.demo.entity.Rating.toString(Rating.java:55) ~[classes/:na]
	at java.lang.String.valueOf(String.java:2994) ~[na:1.8.0_131]
	at java.lang.StringBuilder.append(StringBuilder.java:131) ~[na:1.8.0_131]
	at java.util.AbstractCollection.toString(AbstractCollection.java:462) ~[na:1.8.0_131]
	at org.hibernate.collection.internal.PersistentBag.toString(PersistentBag.java:510) ~[hibernate-core-5.0.12.Final.jar:5.0.12.Final]
	at java.lang.String.valueOf(String.java:2994) ~[na:1.8.0_131]
	at java.lang.StringBuilder.append(StringBuilder.java:131) ~[na:1.8.0_131]
	at com.jpa.hibernate.demo.entity.Course.toString(Course.java:105) ~[classes/:na]
	at java.lang.String.valueOf(String.java:2994) ~[na:1.8.0_131]
	at java.lang.StringBuilder.append(StringBuilder.java:131) ~[na:1.8.0_131]
	at com.jpa.hibernate.demo.entity.Rating.toString(Rating.java:55) ~[classes/:na]
	at java.lang.String.valueOf(String.java:2994) ~[na:1.8.0_131]
	at java.lang.StringBuilder.append(StringBuilder.java:131) ~[na:1.8.0_131]
	at java.util.AbstractCollection.toString(AbstractCollection.java:462) ~[na:1.8.0_131]
	at org.hibernate.collection.internal.PersistentBag.toString(PersistentBag.java:510) ~[hibernate-core-5.0.12.Final.jar:5.0.12.Final]
	at java.lang.String.valueOf(String.java:2994) ~[na:1.8.0_131]
	at java.lang.StringBuilder.append(StringBuilder.java:131) ~[na:1.8.0_131]
	at com.jpa.hibernate.demo.entity.Course.toString(Course.java:105) ~[classes/:na]
	at java.lang.String.valueOf(String.java:2994) ~[na:1.8.0_131]
	at java.lang.StringBuilder.append(StringBuilder.java:131) ~[na:1.8.0_131]
	at com.jpa.hibernate.demo.entity.Rating.toString(Rating.java:55) ~[classes/:na]
	at java.lang.String.valueOf(String.java:2994) ~[na:1.8.0_131]
	at java.lang.StringBuilder.append(StringBuilder.java:131) ~[na:1.8.0_131]
	at java.util.AbstractCollection.toString(AbstractCollection.java:462) ~[na:1.8.0_131]
	at org.hibernate.collection.internal.PersistentBag.toString(PersistentBag.java:510) ~[hibernate-core-5.0.12.Final.jar:5.0.12.Final]
	at java.lang.String.valueOf(String.java:2994) ~[na:1.8.0_131]
	at java.lang.StringBuilder.append(StringBuilder.java:131) ~[na:1.8.0_131]
	at com.jpa.hibernate.demo.entity.Course.toString(Course.java:105) ~[classes/:na]
	at java.lang.String.valueOf(String.java:2994) ~[na:1.8.0_131]
	at java.lang.StringBuilder.append(StringBuilder.java:131) ~[na:1.8.0_131]
	at com.jpa.hibernate.demo.entity.Rating.toString(Rating.java:55) ~[classes/:na]
	at java.lang.String.valueOf(String.java:2994) ~[na:1.8.0_131]
	at java.lang.StringBuilder.append(StringBuilder.java:131) ~[na:1.8.0_131]
	at java.util.AbstractCollection.toString(AbstractCollection.java:462) ~[na:1.8.0_131]
	at org.hibernate.collection.internal.PersistentBag.toString(PersistentBag.java:510) ~[hibernate-core-5.0.12.Final.jar:5.0.12.Final]
	at java.lang.String.valueOf(String.java:2994) ~[na:1.8.0_131]
	at java.lang.StringBuilder.append(StringBuilder.java:131) ~[na:1.8.0_131]
	at com.jpa.hibernate.demo.entity.Course.toString(Course.java:105) ~[classes/:na]
	at java.lang.String.valueOf(String.java:2994) ~[na:1.8.0_131]
	at java.lang.StringBuilder.append(StringBuilder.java:131) ~[na:1.8.0_131]
	at com.jpa.hibernate.demo.entity.Rating.toString(Rating.java:55) ~[classes/:na]
	at java.lang.String.valueOf(String.java:2994) ~[na:1.8.0_131]
	at java.lang.StringBuilder.append(StringBuilder.java:131) ~[na:1.8.0_131]
	at java.util.AbstractCollection.toString(AbstractCollection.java:462) ~[na:1.8.0_131]
	at org.hibernate.collection.internal.PersistentBag.toString(PersistentBag.java:510) ~[hibernate-core-5.0.12.Final.jar:5.0.12.Final]
	at java.lang.String.valueOf(String.java:2994) ~[na:1.8.0_131]
	at java.lang.StringBuilder.append(StringBuilder.java:131) ~[na:1.8.0_131]
	at com.jpa.hibernate.demo.entity.Course.toString(Course.java:105) ~[classes/:na]
	at java.lang.String.valueOf(String.java:2994) ~[na:1.8.0_131]
	at java.lang.StringBuilder.append(StringBuilder.java:131) ~[na:1.8.0_131]
	at com.jpa.hibernate.demo.entity.Rating.toString(Rating.java:55) ~[classes/:na]
	at java.lang.String.valueOf(String.java:2994) ~[na:1.8.0_131]
	at java.lang.StringBuilder.append(StringBuilder.java:131) ~[na:1.8.0_131]
	at java.util.AbstractCollection.toString(AbstractCollection.java:462) ~[na:1.8.0_131]
	at org.hibernate.collection.internal.PersistentBag.toString(PersistentBag.java:510) ~[hibernate-core-5.0.12.Final.jar:5.0.12.Final]
	at java.lang.String.valueOf(String.java:2994) ~[na:1.8.0_131]
	at java.lang.StringBuilder.append(StringBuilder.java:131) ~[na:1.8.0_131]
	at com.jpa.hibernate.demo.entity.Course.toString(Course.java:105) ~[classes/:na]
	at java.lang.String.valueOf(String.java:2994) ~[na:1.8.0_131]
	at java.lang.StringBuilder.append(StringBuilder.java:131) ~[na:1.8.0_131]
	at com.jpa.hibernate.demo.entity.Rating.toString(Rating.java:55) ~[classes/:na]
	at java.lang.String.valueOf(String.java:2994) ~[na:1.8.0_131]
	at java.lang.StringBuilder.append(StringBuilder.java:131) ~[na:1.8.0_131]
	at java.util.AbstractCollection.toString(AbstractCollection.java:462) ~[na:1.8.0_131]
	at org.hibernate.collection.internal.PersistentBag.toString(PersistentBag.java:510) ~[hibernate-core-5.0.12.Final.jar:5.0.12.Final]
	at java.lang.String.valueOf(String.java:2994) ~[na:1.8.0_131]
	at java.lang.StringBuilder.append(StringBuilder.java:131) ~[na:1.8.0_131]
	at com.jpa.hibernate.demo.entity.Course.toString(Course.java:105) ~[classes/:na]
	at java.lang.String.valueOf(String.java:2994) ~[na:1.8.0_131]
	at java.lang.StringBuilder.append(StringBuilder.java:131) ~[na:1.8.0_131]
	at com.jpa.hibernate.demo.entity.Rating.toString(Rating.java:55) ~[classes/:na]
	at java.lang.String.valueOf(String.java:2994) ~[na:1.8.0_131]
	at java.lang.StringBuilder.append(StringBuilder.java:131) ~[na:1.8.0_131]
	at java.util.AbstractCollection.toString(AbstractCollection.java:462) ~[na:1.8.0_131]
	at org.hibernate.collection.internal.PersistentBag.toString(PersistentBag.java:510) ~[hibernate-core-5.0.12.Final.jar:5.0.12.Final]
	at java.lang.String.valueOf(String.java:2994) ~[na:1.8.0_131]
	at java.lang.StringBuilder.append(StringBuilder.java:131) ~[na:1.8.0_131]

2019-06-19 12:01:05.025  INFO 6732 --- [           main] o.s.w.c.s.GenericWebApplicationContext   : Closing org.springframework.web.context.support.GenericWebApplicationContext@375084c9: startup date [Wed Jun 19 12:01:03 IST 2019]; root of context hierarchy
2019-06-19 12:01:05.026  INFO 6732 --- [           main] j.LocalContainerEntityManagerFactoryBean : Closing JPA EntityManagerFactory for persistence unit 'default'
2019-06-19 12:01:05.029 ERROR 6732 --- [           main] o.s.test.context.TestContextManager      : Caught exception while allowing TestExecutionListener [org.springframework.test.context.web.ServletTestExecutionListener@482ba4b1] to prepare test instance [com.jpa.hibernate.demo.repo.CourseRepoTest@7f030c72]

java.lang.StackOverflowError: null
	at java.util.AbstractCollection.toString(AbstractCollection.java:454) ~[na:1.8.0_131]
	at org.hibernate.collection.internal.PersistentBag.toString(PersistentBag.java:510) ~[hibernate-core-5.0.12.Final.jar:5.0.12.Final]
	at java.lang.String.valueOf(String.java:2994) ~[na:1.8.0_131]
	at java.lang.StringBuilder.append(StringBuilder.java:131) ~[na:1.8.0_131]
	at com.jpa.hibernate.demo.entity.Course.toString(Course.java:105) ~[classes/:na]
	at java.lang.String.valueOf(String.java:2994) ~[na:1.8.0_131]
	at java.lang.StringBuilder.append(StringBuilder.java:131) ~[na:1.8.0_131]
	at com.jpa.hibernate.demo.entity.Rating.toString(Rating.java:55) ~[classes/:na]
	at java.lang.String.valueOf(String.java:2994) ~[na:1.8.0_131]
	at java.lang.StringBuilder.append(StringBuilder.java:131) ~[na:1.8.0_131]
	at java.util.AbstractCollection.toString(AbstractCollection.java:462) ~[na:1.8.0_131]
	at org.hibernate.collection.internal.PersistentBag.toString(PersistentBag.java:510) ~[hibernate-core-5.0.12.Final.jar:5.0.12.Final]
	at java.lang.String.valueOf(String.java:2994) ~[na:1.8.0_131]
	at java.lang.StringBuilder.append(StringBuilder.java:131) ~[na:1.8.0_131]
	at com.jpa.hibernate.demo.entity.Course.toString(Course.java:105) ~[classes/:na]
	at java.lang.String.valueOf(String.java:2994) ~[na:1.8.0_131]
	at java.lang.StringBuilder.append(StringBuilder.java:131) ~[na:1.8.0_131]
	at com.jpa.hibernate.demo.entity.Rating.toString(Rating.java:55) ~[classes/:na]
	at java.lang.String.valueOf(String.java:2994) ~[na:1.8.0_131]
	at java.lang.StringBuilder.append(StringBuilder.java:131) ~[na:1.8.0_131]
	at java.util.AbstractCollection.toString(AbstractCollection.java:462) ~[na:1.8.0_131]
	at org.hibernate.collection.internal.PersistentBag.toString(PersistentBag.java:510) ~[hibernate-core-5.0.12.Final.jar:5.0.12.Final]
	at java.lang.String.valueOf(String.java:2994) ~[na:1.8.0_131]
	at java.lang.StringBuilder.append(StringBuilder.java:131) ~[na:1.8.0_131]
	at com.jpa.hibernate.demo.entity.Course.toString(Course.java:105) ~[classes/:na]
	at java.lang.String.valueOf(String.java:2994) ~[na:1.8.0_131]
	at java.lang.StringBuilder.append(StringBuilder.java:131) ~[na:1.8.0_131]
	at com.jpa.hibernate.demo.entity.Rating.toString(Rating.java:55) ~[classes/:na]
	at java.lang.String.valueOf(String.java:2994) ~[na:1.8.0_131]
	at java.lang.StringBuilder.append(StringBuilder.java:131) ~[na:1.8.0_131]
	at java.util.AbstractCollection.toString(AbstractCollection.java:462) ~[na:1.8.0_131]
	at org.hibernate.collection.internal.PersistentBag.toString(PersistentBag.java:510) ~[hibernate-core-5.0.12.Final.jar:5.0.12.Final]
	at java.lang.String.valueOf(String.java:2994) ~[na:1.8.0_131]
	at java.lang.StringBuilder.append(StringBuilder.java:131) ~[na:1.8.0_131]
	at com.jpa.hibernate.demo.entity.Course.toString(Course.java:105) ~[classes/:na]
	at java.lang.String.valueOf(String.java:2994) ~[na:1.8.0_131]
	at java.lang.StringBuilder.append(StringBuilder.java:131) ~[na:1.8.0_131]
	at com.jpa.hibernate.demo.entity.Rating.toString(Rating.java:55) ~[classes/:na]
	at java.lang.String.valueOf(String.java:2994) ~[na:1.8.0_131]
	at java.lang.StringBuilder.append(StringBuilder.java:131) ~[na:1.8.0_131]
	at java.util.AbstractCollection.toString(AbstractCollection.java:462) ~[na:1.8.0_131]
	at org.hibernate.collection.internal.PersistentBag.toString(PersistentBag.java:510) ~[hibernate-core-5.0.12.Final.jar:5.0.12.Final]
	at java.lang.String.valueOf(String.java:2994) ~[na:1.8.0_131]
	at java.lang.StringBuilder.append(StringBuilder.java:131) ~[na:1.8.0_131]
	at com.jpa.hibernate.demo.entity.Course.toString(Course.java:105) ~[classes/:na]
	at java.lang.String.valueOf(String.java:2994) ~[na:1.8.0_131]
	at java.lang.StringBuilder.append(StringBuilder.java:131) ~[na:1.8.0_131]
	at com.jpa.hibernate.demo.entity.Rating.toString(Rating.java:55) ~[classes/:na]
	at java.lang.String.valueOf(String.java:2994) ~[na:1.8.0_131]
	at java.lang.StringBuilder.append(StringBuilder.java:131) ~[na:1.8.0_131]
	at java.util.AbstractCollection.toString(AbstractCollection.java:462) ~[na:1.8.0_131]
	at org.hibernate.collection.internal.PersistentBag.toString(PersistentBag.java:510) ~[hibernate-core-5.0.12.Final.jar:5.0.12.Final]
	at java.lang.String.valueOf(String.java:2994) ~[na:1.8.0_131]
	at java.lang.StringBuilder.append(StringBuilder.java:131) ~[na:1.8.0_131]
	at com.jpa.hibernate.demo.entity.Course.toString(Course.java:105) ~[classes/:na]
	at java.lang.String.valueOf(String.java:2994) ~[na:1.8.0_131]
	at java.lang.StringBuilder.append(StringBuilder.java:131) ~[na:1.8.0_131]
	at com.jpa.hibernate.demo.entity.Rating.toString(Rating.java:55) ~[classes/:na]
	at java.lang.String.valueOf(String.java:2994) ~[na:1.8.0_131]
	at java.lang.StringBuilder.append(StringBuilder.java:131) ~[na:1.8.0_131]
	at java.util.AbstractCollection.toString(AbstractCollection.java:462) ~[na:1.8.0_131]
	at org.hibernate.collection.internal.PersistentBag.toString(PersistentBag.java:510) ~[hibernate-core-5.0.12.Final.jar:5.0.12.Final]
	at java.lang.String.valueOf(String.java:2994) ~[na:1.8.0_131]
	at java.lang.StringBuilder.append(StringBuilder.java:131) ~[na:1.8.0_131]
	at com.jpa.hibernate.demo.entity.Course.toString(Course.java:105) ~[classes/:na]
	at java.lang.String.valueOf(String.java:2994) ~[na:1.8.0_131]
	at java.lang.StringBuilder.append(StringBuilder.java:131) ~[na:1.8.0_131]
	at com.jpa.hibernate.demo.entity.Rating.toString(Rating.java:55) ~[classes/:na]
	at java.lang.String.valueOf(String.java:2994) ~[na:1.8.0_131]
	at java.lang.StringBuilder.append(StringBuilder.java:131) ~[na:1.8.0_131]
	at java.util.AbstractCollection.toString(AbstractCollection.java:462) ~[na:1.8.0_131]
	at org.hibernate.collection.internal.PersistentBag.toString(PersistentBag.java:510) ~[hibernate-core-5.0.12.Final.jar:5.0.12.Final]
	at java.lang.String.valueOf(String.java:2994) ~[na:1.8.0_131]
	at java.lang.StringBuilder.append(StringBuilder.java:131) ~[na:1.8.0_131]
	at com.jpa.hibernate.demo.entity.Course.toString(Course.java:105) ~[classes/:na]
	at java.lang.String.valueOf(String.java:2994) ~[na:1.8.0_131]
	at java.lang.StringBuilder.append(StringBuilder.java:131) ~[na:1.8.0_131]
	at com.jpa.hibernate.demo.entity.Rating.toString(Rating.java:55) ~[classes/:na]
	at java.lang.String.valueOf(String.java:2994) ~[na:1.8.0_131]
	at java.lang.StringBuilder.append(StringBuilder.java:131) ~[na:1.8.0_131]
	at java.util.AbstractCollection.toString(AbstractCollection.java:462) ~[na:1.8.0_131]
	at org.hibernate.collection.internal.PersistentBag.toString(PersistentBag.java:510) ~[hibernate-core-5.0.12.Final.jar:5.0.12.Final]
	at java.lang.String.valueOf(String.java:2994) ~[na:1.8.0_131]
	at java.lang.StringBuilder.append(StringBuilder.java:131) ~[na:1.8.0_131]
	at com.jpa.hibernate.demo.entity.Course.toString(Course.java:105) ~[classes/:na]
	at java.lang.String.valueOf(String.java:2994) ~[na:1.8.0_131]
	at java.lang.StringBuilder.append(StringBuilder.java:131) ~[na:1.8.0_131]
	at com.jpa.hibernate.demo.entity.Rating.toString(Rating.java:55) ~[classes/:na]
	at java.lang.String.valueOf(String.java:2994) ~[na:1.8.0_131]
	at java.lang.StringBuilder.append(StringBuilder.java:131) ~[na:1.8.0_131]
	at java.util.AbstractCollection.toString(AbstractCollection.java:462) ~[na:1.8.0_131]
	at org.hibernate.collection.internal.PersistentBag.toString(PersistentBag.java:510) ~[hibernate-core-5.0.12.Final.jar:5.0.12.Final]
	at java.lang.String.valueOf(String.java:2994) ~[na:1.8.0_131]
	at java.lang.StringBuilder.append(StringBuilder.java:131) ~[na:1.8.0_131]
	at com.jpa.hibernate.demo.entity.Course.toString(Course.java:105) ~[classes/:na]
	at java.lang.String.valueOf(String.java:2994) ~[na:1.8.0_131]
	at java.lang.StringBuilder.append(StringBuilder.java:131) ~[na:1.8.0_131]
	at com.jpa.hibernate.demo.entity.Rating.toString(Rating.java:55) ~[classes/:na]
	at java.lang.String.valueOf(String.java:2994) ~[na:1.8.0_131]
	at java.lang.StringBuilder.append(StringBuilder.java:131) ~[na:1.8.0_131]
	at java.util.AbstractCollection.toString(AbstractCollection.java:462) ~[na:1.8.0_131]
	at org.hibernate.collection.internal.PersistentBag.toString(PersistentBag.java:510) ~[hibernate-core-5.0.12.Final.jar:5.0.12.Final]
	at java.lang.String.valueOf(String.java:2994) ~[na:1.8.0_131]
	at java.lang.StringBuilder.append(StringBuilder.java:131) ~[na:1.8.0_131]
	at com.jpa.hibernate.demo.entity.Course.toString(Course.java:105) ~[classes/:na]
	at java.lang.String.valueOf(String.java:2994) ~[na:1.8.0_131]
	at java.lang.StringBuilder.append(StringBuilder.java:131) ~[na:1.8.0_131]
	at com.jpa.hibernate.demo.entity.Rating.toString(Rating.java:55) ~[classes/:na]
	at java.lang.String.valueOf(String.java:2994) ~[na:1.8.0_131]
	at java.lang.StringBuilder.append(StringBuilder.java:131) ~[na:1.8.0_131]
	at java.util.AbstractCollection.toString(AbstractCollection.java:462) ~[na:1.8.0_131]
	at org.hibernate.collection.internal.PersistentBag.toString(PersistentBag.java:510) ~[hibernate-core-5.0.12.Final.jar:5.0.12.Final]
	at java.lang.String.valueOf(String.java:2994) ~[na:1.8.0_131]
	at java.lang.StringBuilder.append(StringBuilder.java:131) ~[na:1.8.0_131]
	at com.jpa.hibernate.demo.entity.Course.toString(Course.java:105) ~[classes/:na]
	at java.lang.String.valueOf(String.java:2994) ~[na:1.8.0_131]
	at java.lang.StringBuilder.append(StringBuilder.java:131) ~[na:1.8.0_131]
	at com.jpa.hibernate.demo.entity.Rating.toString(Rating.java:55) ~[classes/:na]
	at java.lang.String.valueOf(String.java:2994) ~[na:1.8.0_131]
	at java.lang.StringBuilder.append(StringBuilder.java:131) ~[na:1.8.0_131]
	at java.util.AbstractCollection.toString(AbstractCollection.java:462) ~[na:1.8.0_131]
	at org.hibernate.collection.internal.PersistentBag.toString(PersistentBag.java:510) ~[hibernate-core-5.0.12.Final.jar:5.0.12.Final]
	at java.lang.String.valueOf(String.java:2994) ~[na:1.8.0_131]
	at java.lang.StringBuilder.append(StringBuilder.java:131) ~[na:1.8.0_131]
	at com.jpa.hibernate.demo.entity.Course.toString(Course.java:105) ~[classes/:na]
	at java.lang.String.valueOf(String.java:2994) ~[na:1.8.0_131]
	at java.lang.StringBuilder.append(StringBuilder.java:131) ~[na:1.8.0_131]
	at com.jpa.hibernate.demo.entity.Rating.toString(Rating.java:55) ~[classes/:na]
	at java.lang.String.valueOf(String.java:2994) ~[na:1.8.0_131]
	at java.lang.StringBuilder.append(StringBuilder.java:131) ~[na:1.8.0_131]
	at java.util.AbstractCollection.toString(AbstractCollection.java:462) ~[na:1.8.0_131]
	at org.hibernate.collection.internal.PersistentBag.toString(PersistentBag.java:510) ~[hibernate-core-5.0.12.Final.jar:5.0.12.Final]
	at java.lang.String.valueOf(String.java:2994) ~[na:1.8.0_131]
	at java.lang.StringBuilder.append(StringBuilder.java:131) ~[na:1.8.0_131]
	at com.jpa.hibernate.demo.entity.Course.toString(Course.java:105) ~[classes/:na]
	at java.lang.String.valueOf(String.java:2994) ~[na:1.8.0_131]
	at java.lang.StringBuilder.append(StringBuilder.java:131) ~[na:1.8.0_131]
	at com.jpa.hibernate.demo.entity.Rating.toString(Rating.java:55) ~[classes/:na]
	at java.lang.String.valueOf(String.java:2994) ~[na:1.8.0_131]
	at java.lang.StringBuilder.append(StringBuilder.java:131) ~[na:1.8.0_131]
	at java.util.AbstractCollection.toString(AbstractCollection.java:462) ~[na:1.8.0_131]
	at org.hibernate.collection.internal.PersistentBag.toString(PersistentBag.java:510) ~[hibernate-core-5.0.12.Final.jar:5.0.12.Final]
	at java.lang.String.valueOf(String.java:2994) ~[na:1.8.0_131]
	at java.lang.StringBuilder.append(StringBuilder.java:131) ~[na:1.8.0_131]
	at com.jpa.hibernate.demo.entity.Course.toString(Course.java:105) ~[classes/:na]
	at java.lang.String.valueOf(String.java:2994) ~[na:1.8.0_131]
	at java.lang.StringBuilder.append(StringBuilder.java:131) ~[na:1.8.0_131]
	at com.jpa.hibernate.demo.entity.Rating.toString(Rating.java:55) ~[classes/:na]
	at java.lang.String.valueOf(String.java:2994) ~[na:1.8.0_131]
	at java.lang.StringBuilder.append(StringBuilder.java:131) ~[na:1.8.0_131]
	at java.util.AbstractCollection.toString(AbstractCollection.java:462) ~[na:1.8.0_131]
	at org.hibernate.collection.internal.PersistentBag.toString(PersistentBag.java:510) ~[hibernate-core-5.0.12.Final.jar:5.0.12.Final]
	at java.lang.String.valueOf(String.java:2994) ~[na:1.8.0_131]
	at java.lang.StringBuilder.append(StringBuilder.java:131) ~[na:1.8.0_131]
	at com.jpa.hibernate.demo.entity.Course.toString(Course.java:105) ~[classes/:na]
	at java.lang.String.valueOf(String.java:2994) ~[na:1.8.0_131]
	at java.lang.StringBuilder.append(StringBuilder.java:131) ~[na:1.8.0_131]
	at com.jpa.hibernate.demo.entity.Rating.toString(Rating.java:55) ~[classes/:na]
	at java.lang.String.valueOf(String.java:2994) ~[na:1.8.0_131]
	at java.lang.StringBuilder.append(StringBuilder.java:131) ~[na:1.8.0_131]
	at java.util.AbstractCollection.toString(AbstractCollection.java:462) ~[na:1.8.0_131]
	at org.hibernate.collection.internal.PersistentBag.toString(PersistentBag.java:510) ~[hibernate-core-5.0.12.Final.jar:5.0.12.Final]
	at java.lang.String.valueOf(String.java:2994) ~[na:1.8.0_131]
	at java.lang.StringBuilder.append(StringBuilder.java:131) ~[na:1.8.0_131]
	at com.jpa.hibernate.demo.entity.Course.toString(Course.java:105) ~[classes/:na]
	at java.lang.String.valueOf(String.java:2994) ~[na:1.8.0_131]
	at java.lang.StringBuilder.append(StringBuilder.java:131) ~[na:1.8.0_131]
	at com.jpa.hibernate.demo.entity.Rating.toString(Rating.java:55) ~[classes/:na]
	at java.lang.String.valueOf(String.java:2994) ~[na:1.8.0_131]
	at java.lang.StringBuilder.append(StringBuilder.java:131) ~[na:1.8.0_131]
	at java.util.AbstractCollection.toString(AbstractCollection.java:462) ~[na:1.8.0_131]
	at org.hibernate.collection.internal.PersistentBag.toString(PersistentBag.java:510) ~[hibernate-core-5.0.12.Final.jar:5.0.12.Final]
	at java.lang.String.valueOf(String.java:2994) ~[na:1.8.0_131]
	at java.lang.StringBuilder.append(StringBuilder.java:131) ~[na:1.8.0_131]
	at com.jpa.hibernate.demo.entity.Course.toString(Course.java:105) ~[classes/:na]
	at java.lang.String.valueOf(String.java:2994) ~[na:1.8.0_131]
	at java.lang.StringBuilder.append(StringBuilder.java:131) ~[na:1.8.0_131]
	at com.jpa.hibernate.demo.entity.Rating.toString(Rating.java:55) ~[classes/:na]
	at java.lang.String.valueOf(String.java:2994) ~[na:1.8.0_131]
	at java.lang.StringBuilder.append(StringBuilder.java:131) ~[na:1.8.0_131]
	at java.util.AbstractCollection.toString(AbstractCollection.java:462) ~[na:1.8.0_131]
	at org.hibernate.collection.internal.PersistentBag.toString(PersistentBag.java:510) ~[hibernate-core-5.0.12.Final.jar:5.0.12.Final]
	at java.lang.String.valueOf(String.java:2994) ~[na:1.8.0_131]
	at java.lang.StringBuilder.append(StringBuilder.java:131) ~[na:1.8.0_131]
	at com.jpa.hibernate.demo.entity.Course.toString(Course.java:105) ~[classes/:na]
	at java.lang.String.valueOf(String.java:2994) ~[na:1.8.0_131]
	at java.lang.StringBuilder.append(StringBuilder.java:131) ~[na:1.8.0_131]
	at com.jpa.hibernate.demo.entity.Rating.toString(Rating.java:55) ~[classes/:na]
	at java.lang.String.valueOf(String.java:2994) ~[na:1.8.0_131]
	at java.lang.StringBuilder.append(StringBuilder.java:131) ~[na:1.8.0_131]
	at java.util.AbstractCollection.toString(AbstractCollection.java:462) ~[na:1.8.0_131]
	at org.hibernate.collection.internal.PersistentBag.toString(PersistentBag.java:510) ~[hibernate-core-5.0.12.Final.jar:5.0.12.Final]
	at java.lang.String.valueOf(String.java:2994) ~[na:1.8.0_131]
	at java.lang.StringBuilder.append(StringBuilder.java:131) ~[na:1.8.0_131]
	at com.jpa.hibernate.demo.entity.Course.toString(Course.java:105) ~[classes/:na]
	at java.lang.String.valueOf(String.java:2994) ~[na:1.8.0_131]
	at java.lang.StringBuilder.append(StringBuilder.java:131) ~[na:1.8.0_131]
	at com.jpa.hibernate.demo.entity.Rating.toString(Rating.java:55) ~[classes/:na]
	at java.lang.String.valueOf(String.java:2994) ~[na:1.8.0_131]
	at java.lang.StringBuilder.append(StringBuilder.java:131) ~[na:1.8.0_131]
	at java.util.AbstractCollection.toString(AbstractCollection.java:462) ~[na:1.8.0_131]
	at org.hibernate.collection.internal.PersistentBag.toString(PersistentBag.java:510) ~[hibernate-core-5.0.12.Final.jar:5.0.12.Final]
	at java.lang.String.valueOf(String.java:2994) ~[na:1.8.0_131]
	at java.lang.StringBuilder.append(StringBuilder.java:131) ~[na:1.8.0_131]
	at com.jpa.hibernate.demo.entity.Course.toString(Course.java:105) ~[classes/:na]
	at java.lang.String.valueOf(String.java:2994) ~[na:1.8.0_131]
	at java.lang.StringBuilder.append(StringBuilder.java:131) ~[na:1.8.0_131]
	at com.jpa.hibernate.demo.entity.Rating.toString(Rating.java:55) ~[classes/:na]
	at java.lang.String.valueOf(String.java:2994) ~[na:1.8.0_131]
	at java.lang.StringBuilder.append(StringBuilder.java:131) ~[na:1.8.0_131]
	at java.util.AbstractCollection.toString(AbstractCollection.java:462) ~[na:1.8.0_131]
	at org.hibernate.collection.internal.PersistentBag.toString(PersistentBag.java:510) ~[hibernate-core-5.0.12.Final.jar:5.0.12.Final]
	at java.lang.String.valueOf(String.java:2994) ~[na:1.8.0_131]
	at java.lang.StringBuilder.append(StringBuilder.java:131) ~[na:1.8.0_131]
	at com.jpa.hibernate.demo.entity.Course.toString(Course.java:105) ~[classes/:na]
	at java.lang.String.valueOf(String.java:2994) ~[na:1.8.0_131]
	at java.lang.StringBuilder.append(StringBuilder.java:131) ~[na:1.8.0_131]
	at com.jpa.hibernate.demo.entity.Rating.toString(Rating.java:55) ~[classes/:na]
	at java.lang.String.valueOf(String.java:2994) ~[na:1.8.0_131]
	at java.lang.StringBuilder.append(StringBuilder.java:131) ~[na:1.8.0_131]
	at java.util.AbstractCollection.toString(AbstractCollection.java:462) ~[na:1.8.0_131]
	at org.hibernate.collection.internal.PersistentBag.toString(PersistentBag.java:510) ~[hibernate-core-5.0.12.Final.jar:5.0.12.Final]
	at java.lang.String.valueOf(String.java:2994) ~[na:1.8.0_131]
	at java.lang.StringBuilder.append(StringBuilder.java:131) ~[na:1.8.0_131]
	at com.jpa.hibernate.demo.entity.Course.toString(Course.java:105) ~[classes/:na]
	at java.lang.String.valueOf(String.java:2994) ~[na:1.8.0_131]
	at java.lang.StringBuilder.append(StringBuilder.java:131) ~[na:1.8.0_131]
	at com.jpa.hibernate.demo.entity.Rating.toString(Rating.java:55) ~[classes/:na]
	at java.lang.String.valueOf(String.java:2994) ~[na:1.8.0_131]
	at java.lang.StringBuilder.append(StringBuilder.java:131) ~[na:1.8.0_131]
	at java.util.AbstractCollection.toString(AbstractCollection.java:462) ~[na:1.8.0_131]
	at org.hibernate.collection.internal.PersistentBag.toString(PersistentBag.java:510) ~[hibernate-core-5.0.12.Final.jar:5.0.12.Final]
	at java.lang.String.valueOf(String.java:2994) ~[na:1.8.0_131]
	at java.lang.StringBuilder.append(StringBuilder.java:131) ~[na:1.8.0_131]
	at com.jpa.hibernate.demo.entity.Course.toString(Course.java:105) ~[classes/:na]
	at java.lang.String.valueOf(String.java:2994) ~[na:1.8.0_131]
	at java.lang.StringBuilder.append(StringBuilder.java:131) ~[na:1.8.0_131]
	at com.jpa.hibernate.demo.entity.Rating.toString(Rating.java:55) ~[classes/:na]
	at java.lang.String.valueOf(String.java:2994) ~[na:1.8.0_131]
	at java.lang.StringBuilder.append(StringBuilder.java:131) ~[na:1.8.0_131]
	at java.util.AbstractCollection.toString(AbstractCollection.java:462) ~[na:1.8.0_131]
	at org.hibernate.collection.internal.PersistentBag.toString(PersistentBag.java:510) ~[hibernate-core-5.0.12.Final.jar:5.0.12.Final]
	at java.lang.String.valueOf(String.java:2994) ~[na:1.8.0_131]
	at java.lang.StringBuilder.append(StringBuilder.java:131) ~[na:1.8.0_131]
	at com.jpa.hibernate.demo.entity.Course.toString(Course.java:105) ~[classes/:na]
	at java.lang.String.valueOf(String.java:2994) ~[na:1.8.0_131]
	at java.lang.StringBuilder.append(StringBuilder.java:131) ~[na:1.8.0_131]
	at com.jpa.hibernate.demo.entity.Rating.toString(Rating.java:55) ~[classes/:na]
	at java.lang.String.valueOf(String.java:2994) ~[na:1.8.0_131]
	at java.lang.StringBuilder.append(StringBuilder.java:131) ~[na:1.8.0_131]
	at java.util.AbstractCollection.toString(AbstractCollection.java:462) ~[na:1.8.0_131]
	at org.hibernate.collection.internal.PersistentBag.toString(PersistentBag.java:510) ~[hibernate-core-5.0.12.Final.jar:5.0.12.Final]
	at java.lang.String.valueOf(String.java:2994) ~[na:1.8.0_131]
	at java.lang.StringBuilder.append(StringBuilder.java:131) ~[na:1.8.0_131]
	at com.jpa.hibernate.demo.entity.Course.toString(Course.java:105) ~[classes/:na]
	at java.lang.String.valueOf(String.java:2994) ~[na:1.8.0_131]
	at java.lang.StringBuilder.append(StringBuilder.java:131) ~[na:1.8.0_131]
	at com.jpa.hibernate.demo.entity.Rating.toString(Rating.java:55) ~[classes/:na]
	at java.lang.String.valueOf(String.java:2994) ~[na:1.8.0_131]
	at java.lang.StringBuilder.append(StringBuilder.java:131) ~[na:1.8.0_131]
	at java.util.AbstractCollection.toString(AbstractCollection.java:462) ~[na:1.8.0_131]
	at org.hibernate.collection.internal.PersistentBag.toString(PersistentBag.java:510) ~[hibernate-core-5.0.12.Final.jar:5.0.12.Final]
	at java.lang.String.valueOf(String.java:2994) ~[na:1.8.0_131]
	at java.lang.StringBuilder.append(StringBuilder.java:131) ~[na:1.8.0_131]
	at com.jpa.hibernate.demo.entity.Course.toString(Course.java:105) ~[classes/:na]
	at java.lang.String.valueOf(String.java:2994) ~[na:1.8.0_131]
	at java.lang.StringBuilder.append(StringBuilder.java:131) ~[na:1.8.0_131]
	at com.jpa.hibernate.demo.entity.Rating.toString(Rating.java:55) ~[classes/:na]
	at java.lang.String.valueOf(String.java:2994) ~[na:1.8.0_131]
	at java.lang.StringBuilder.append(StringBuilder.java:131) ~[na:1.8.0_131]
	at java.util.AbstractCollection.toString(AbstractCollection.java:462) ~[na:1.8.0_131]
	at org.hibernate.collection.internal.PersistentBag.toString(PersistentBag.java:510) ~[hibernate-core-5.0.12.Final.jar:5.0.12.Final]
	at java.lang.String.valueOf(String.java:2994) ~[na:1.8.0_131]
	at java.lang.StringBuilder.append(StringBuilder.java:131) ~[na:1.8.0_131]
	at com.jpa.hibernate.demo.entity.Course.toString(Course.java:105) ~[classes/:na]
	at java.lang.String.valueOf(String.java:2994) ~[na:1.8.0_131]
	at java.lang.StringBuilder.append(StringBuilder.java:131) ~[na:1.8.0_131]
	at com.jpa.hibernate.demo.entity.Rating.toString(Rating.java:55) ~[classes/:na]
	at java.lang.String.valueOf(String.java:2994) ~[na:1.8.0_131]
	at java.lang.StringBuilder.append(StringBuilder.java:131) ~[na:1.8.0_131]
	at java.util.AbstractCollection.toString(AbstractCollection.java:462) ~[na:1.8.0_131]
	at org.hibernate.collection.internal.PersistentBag.toString(PersistentBag.java:510) ~[hibernate-core-5.0.12.Final.jar:5.0.12.Final]
	at java.lang.String.valueOf(String.java:2994) ~[na:1.8.0_131]
	at java.lang.StringBuilder.append(StringBuilder.java:131) ~[na:1.8.0_131]
	at com.jpa.hibernate.demo.entity.Course.toString(Course.java:105) ~[classes/:na]
	at java.lang.String.valueOf(String.java:2994) ~[na:1.8.0_131]
	at java.lang.StringBuilder.append(StringBuilder.java:131) ~[na:1.8.0_131]
	at com.jpa.hibernate.demo.entity.Rating.toString(Rating.java:55) ~[classes/:na]
	at java.lang.String.valueOf(String.java:2994) ~[na:1.8.0_131]
	at java.lang.StringBuilder.append(StringBuilder.java:131) ~[na:1.8.0_131]
	at java.util.AbstractCollection.toString(AbstractCollection.java:462) ~[na:1.8.0_131]
	at org.hibernate.collection.internal.PersistentBag.toString(PersistentBag.java:510) ~[hibernate-core-5.0.12.Final.jar:5.0.12.Final]
	at java.lang.String.valueOf(String.java:2994) ~[na:1.8.0_131]
	at java.lang.StringBuilder.append(StringBuilder.java:131) ~[na:1.8.0_131]
	at com.jpa.hibernate.demo.entity.Course.toString(Course.java:105) ~[classes/:na]
	at java.lang.String.valueOf(String.java:2994) ~[na:1.8.0_131]
	at java.lang.StringBuilder.append(StringBuilder.java:131) ~[na:1.8.0_131]
	at com.jpa.hibernate.demo.entity.Rating.toString(Rating.java:55) ~[classes/:na]
	at java.lang.String.valueOf(String.java:2994) ~[na:1.8.0_131]
	at java.lang.StringBuilder.append(StringBuilder.java:131) ~[na:1.8.0_131]
	at java.util.AbstractCollection.toString(AbstractCollection.java:462) ~[na:1.8.0_131]
	at org.hibernate.collection.internal.PersistentBag.toString(PersistentBag.java:510) ~[hibernate-core-5.0.12.Final.jar:5.0.12.Final]
	at java.lang.String.valueOf(String.java:2994) ~[na:1.8.0_131]
	at java.lang.StringBuilder.append(StringBuilder.java:131) ~[na:1.8.0_131]
	at com.jpa.hibernate.demo.entity.Course.toString(Course.java:105) ~[classes/:na]
	at java.lang.String.valueOf(String.java:2994) ~[na:1.8.0_131]
	at java.lang.StringBuilder.append(StringBuilder.java:131) ~[na:1.8.0_131]
	at com.jpa.hibernate.demo.entity.Rating.toString(Rating.java:55) ~[classes/:na]
	at java.lang.String.valueOf(String.java:2994) ~[na:1.8.0_131]
	at java.lang.StringBuilder.append(StringBuilder.java:131) ~[na:1.8.0_131]
	at java.util.AbstractCollection.toString(AbstractCollection.java:462) ~[na:1.8.0_131]
	at org.hibernate.collection.internal.PersistentBag.toString(PersistentBag.java:510) ~[hibernate-core-5.0.12.Final.jar:5.0.12.Final]
	at java.lang.String.valueOf(String.java:2994) ~[na:1.8.0_131]
	at java.lang.StringBuilder.append(StringBuilder.java:131) ~[na:1.8.0_131]
	at com.jpa.hibernate.demo.entity.Course.toString(Course.java:105) ~[classes/:na]
	at java.lang.String.valueOf(String.java:2994) ~[na:1.8.0_131]
	at java.lang.StringBuilder.append(StringBuilder.java:131) ~[na:1.8.0_131]
	at com.jpa.hibernate.demo.entity.Rating.toString(Rating.java:55) ~[classes/:na]
	at java.lang.String.valueOf(String.java:2994) ~[na:1.8.0_131]
	at java.lang.StringBuilder.append(StringBuilder.java:131) ~[na:1.8.0_131]
	at java.util.AbstractCollection.toString(AbstractCollection.java:462) ~[na:1.8.0_131]
	at org.hibernate.collection.internal.PersistentBag.toString(PersistentBag.java:510) ~[hibernate-core-5.0.12.Final.jar:5.0.12.Final]
	at java.lang.String.valueOf(String.java:2994) ~[na:1.8.0_131]
	at java.lang.StringBuilder.append(StringBuilder.java:131) ~[na:1.8.0_131]
	at com.jpa.hibernate.demo.entity.Course.toString(Course.java:105) ~[classes/:na]
	at java.lang.String.valueOf(String.java:2994) ~[na:1.8.0_131]
	at java.lang.StringBuilder.append(StringBuilder.java:131) ~[na:1.8.0_131]
	at com.jpa.hibernate.demo.entity.Rating.toString(Rating.java:55) ~[classes/:na]
	at java.lang.String.valueOf(String.java:2994) ~[na:1.8.0_131]
	at java.lang.StringBuilder.append(StringBuilder.java:131) ~[na:1.8.0_131]
	at java.util.AbstractCollection.toString(AbstractCollection.java:462) ~[na:1.8.0_131]
	at org.hibernate.collection.internal.PersistentBag.toString(PersistentBag.java:510) ~[hibernate-core-5.0.12.Final.jar:5.0.12.Final]
	at java.lang.String.valueOf(String.java:2994) ~[na:1.8.0_131]
	at java.lang.StringBuilder.append(StringBuilder.java:131) ~[na:1.8.0_131]
	at com.jpa.hibernate.demo.entity.Course.toString(Course.java:105) ~[classes/:na]
	at java.lang.String.valueOf(String.java:2994) ~[na:1.8.0_131]
	at java.lang.StringBuilder.append(StringBuilder.java:131) ~[na:1.8.0_131]
	at com.jpa.hibernate.demo.entity.Rating.toString(Rating.java:55) ~[classes/:na]
	at java.lang.String.valueOf(String.java:2994) ~[na:1.8.0_131]
	at java.lang.StringBuilder.append(StringBuilder.java:131) ~[na:1.8.0_131]
	at java.util.AbstractCollection.toString(AbstractCollection.java:462) ~[na:1.8.0_131]
	at org.hibernate.collection.internal.PersistentBag.toString(PersistentBag.java:510) ~[hibernate-core-5.0.12.Final.jar:5.0.12.Final]
	at java.lang.String.valueOf(String.java:2994) ~[na:1.8.0_131]
	at java.lang.StringBuilder.append(StringBuilder.java:131) ~[na:1.8.0_131]
	at com.jpa.hibernate.demo.entity.Course.toString(Course.java:105) ~[classes/:na]
	at java.lang.String.valueOf(String.java:2994) ~[na:1.8.0_131]
	at java.lang.StringBuilder.append(StringBuilder.java:131) ~[na:1.8.0_131]
	at com.jpa.hibernate.demo.entity.Rating.toString(Rating.java:55) ~[classes/:na]
	at java.lang.String.valueOf(String.java:2994) ~[na:1.8.0_131]
	at java.lang.StringBuilder.append(StringBuilder.java:131) ~[na:1.8.0_131]
	at java.util.AbstractCollection.toString(AbstractCollection.java:462) ~[na:1.8.0_131]
	at org.hibernate.collection.internal.PersistentBag.toString(PersistentBag.java:510) ~[hibernate-core-5.0.12.Final.jar:5.0.12.Final]
	at java.lang.String.valueOf(String.java:2994) ~[na:1.8.0_131]
	at java.lang.StringBuilder.append(StringBuilder.java:131) ~[na:1.8.0_131]
	at com.jpa.hibernate.demo.entity.Course.toString(Course.java:105) ~[classes/:na]
	at java.lang.String.valueOf(String.java:2994) ~[na:1.8.0_131]
	at java.lang.StringBuilder.append(StringBuilder.java:131) ~[na:1.8.0_131]
	at com.jpa.hibernate.demo.entity.Rating.toString(Rating.java:55) ~[classes/:na]
	at java.lang.String.valueOf(String.java:2994) ~[na:1.8.0_131]
	at java.lang.StringBuilder.append(StringBuilder.java:131) ~[na:1.8.0_131]
	at java.util.AbstractCollection.toString(AbstractCollection.java:462) ~[na:1.8.0_131]
	at org.hibernate.collection.internal.PersistentBag.toString(PersistentBag.java:510) ~[hibernate-core-5.0.12.Final.jar:5.0.12.Final]
	at java.lang.String.valueOf(String.java:2994) ~[na:1.8.0_131]
	at java.lang.StringBuilder.append(StringBuilder.java:131) ~[na:1.8.0_131]
	at com.jpa.hibernate.demo.entity.Course.toString(Course.java:105) ~[classes/:na]
	at java.lang.String.valueOf(String.java:2994) ~[na:1.8.0_131]
	at java.lang.StringBuilder.append(StringBuilder.java:131) ~[na:1.8.0_131]
	at com.jpa.hibernate.demo.entity.Rating.toString(Rating.java:55) ~[classes/:na]
	at java.lang.String.valueOf(String.java:2994) ~[na:1.8.0_131]
	at java.lang.StringBuilder.append(StringBuilder.java:131) ~[na:1.8.0_131]
	at java.util.AbstractCollection.toString(AbstractCollection.java:462) ~[na:1.8.0_131]
	at org.hibernate.collection.internal.PersistentBag.toString(PersistentBag.java:510) ~[hibernate-core-5.0.12.Final.jar:5.0.12.Final]
	at java.lang.String.valueOf(String.java:2994) ~[na:1.8.0_131]
	at java.lang.StringBuilder.append(StringBuilder.java:131) ~[na:1.8.0_131]
	at com.jpa.hibernate.demo.entity.Course.toString(Course.java:105) ~[classes/:na]
	at java.lang.String.valueOf(String.java:2994) ~[na:1.8.0_131]
	at java.lang.StringBuilder.append(StringBuilder.java:131) ~[na:1.8.0_131]
	at com.jpa.hibernate.demo.entity.Rating.toString(Rating.java:55) ~[classes/:na]
	at java.lang.String.valueOf(String.java:2994) ~[na:1.8.0_131]
	at java.lang.StringBuilder.append(StringBuilder.java:131) ~[na:1.8.0_131]
	at java.util.AbstractCollection.toString(AbstractCollection.java:462) ~[na:1.8.0_131]
	at org.hibernate.collection.internal.PersistentBag.toString(PersistentBag.java:510) ~[hibernate-core-5.0.12.Final.jar:5.0.12.Final]
	at java.lang.String.valueOf(String.java:2994) ~[na:1.8.0_131]
	at java.lang.StringBuilder.append(StringBuilder.java:131) ~[na:1.8.0_131]
	at com.jpa.hibernate.demo.entity.Course.toString(Course.java:105) ~[classes/:na]
	at java.lang.String.valueOf(String.java:2994) ~[na:1.8.0_131]
	at java.lang.StringBuilder.append(StringBuilder.java:131) ~[na:1.8.0_131]
	at com.jpa.hibernate.demo.entity.Rating.toString(Rating.java:55) ~[classes/:na]
	at java.lang.String.valueOf(String.java:2994) ~[na:1.8.0_131]
	at java.lang.StringBuilder.append(StringBuilder.java:131) ~[na:1.8.0_131]
	at java.util.AbstractCollection.toString(AbstractCollection.java:462) ~[na:1.8.0_131]
	at org.hibernate.collection.internal.PersistentBag.toString(PersistentBag.java:510) ~[hibernate-core-5.0.12.Final.jar:5.0.12.Final]
	at java.lang.String.valueOf(String.java:2994) ~[na:1.8.0_131]
	at java.lang.StringBuilder.append(StringBuilder.java:131) ~[na:1.8.0_131]
	at com.jpa.hibernate.demo.entity.Course.toString(Course.java:105) ~[classes/:na]
	at java.lang.String.valueOf(String.java:2994) ~[na:1.8.0_131]
	at java.lang.StringBuilder.append(StringBuilder.java:131) ~[na:1.8.0_131]
	at com.jpa.hibernate.demo.entity.Rating.toString(Rating.java:55) ~[classes/:na]
	at java.lang.String.valueOf(String.java:2994) ~[na:1.8.0_131]
	at java.lang.StringBuilder.append(StringBuilder.java:131) ~[na:1.8.0_131]
	at java.util.AbstractCollection.toString(AbstractCollection.java:462) ~[na:1.8.0_131]
	at org.hibernate.collection.internal.PersistentBag.toString(PersistentBag.java:510) ~[hibernate-core-5.0.12.Final.jar:5.0.12.Final]
	at java.lang.String.valueOf(String.java:2994) ~[na:1.8.0_131]
	at java.lang.StringBuilder.append(StringBuilder.java:131) ~[na:1.8.0_131]
	at com.jpa.hibernate.demo.entity.Course.toString(Course.java:105) ~[classes/:na]
	at java.lang.String.valueOf(String.java:2994) ~[na:1.8.0_131]
	at java.lang.StringBuilder.append(StringBuilder.java:131) ~[na:1.8.0_131]
	at com.jpa.hibernate.demo.entity.Rating.toString(Rating.java:55) ~[classes/:na]
	at java.lang.String.valueOf(String.java:2994) ~[na:1.8.0_131]
	at java.lang.StringBuilder.append(StringBuilder.java:131) ~[na:1.8.0_131]
	at java.util.AbstractCollection.toString(AbstractCollection.java:462) ~[na:1.8.0_131]
	at org.hibernate.collection.internal.PersistentBag.toString(PersistentBag.java:510) ~[hibernate-core-5.0.12.Final.jar:5.0.12.Final]
	at java.lang.String.valueOf(String.java:2994) ~[na:1.8.0_131]
	at java.lang.StringBuilder.append(StringBuilder.java:131) ~[na:1.8.0_131]
	at com.jpa.hibernate.demo.entity.Course.toString(Course.java:105) ~[classes/:na]
	at java.lang.String.valueOf(String.java:2994) ~[na:1.8.0_131]
	at java.lang.StringBuilder.append(StringBuilder.java:131) ~[na:1.8.0_131]
	at com.jpa.hibernate.demo.entity.Rating.toString(Rating.java:55) ~[classes/:na]
	at java.lang.String.valueOf(String.java:2994) ~[na:1.8.0_131]
	at java.lang.StringBuilder.append(StringBuilder.java:131) ~[na:1.8.0_131]
	at java.util.AbstractCollection.toString(AbstractCollection.java:462) ~[na:1.8.0_131]
	at org.hibernate.collection.internal.PersistentBag.toString(PersistentBag.java:510) ~[hibernate-core-5.0.12.Final.jar:5.0.12.Final]
	at java.lang.String.valueOf(String.java:2994) ~[na:1.8.0_131]
	at java.lang.StringBuilder.append(StringBuilder.java:131) ~[na:1.8.0_131]
	at com.jpa.hibernate.demo.entity.Course.toString(Course.java:105) ~[classes/:na]
	at java.lang.String.valueOf(String.java:2994) ~[na:1.8.0_131]
	at java.lang.StringBuilder.append(StringBuilder.java:131) ~[na:1.8.0_131]
	at com.jpa.hibernate.demo.entity.Rating.toString(Rating.java:55) ~[classes/:na]
	at java.lang.String.valueOf(String.java:2994) ~[na:1.8.0_131]
	at java.lang.StringBuilder.append(StringBuilder.java:131) ~[na:1.8.0_131]
	at java.util.AbstractCollection.toString(AbstractCollection.java:462) ~[na:1.8.0_131]
	at org.hibernate.collection.internal.PersistentBag.toString(PersistentBag.java:510) ~[hibernate-core-5.0.12.Final.jar:5.0.12.Final]
	at java.lang.String.valueOf(String.java:2994) ~[na:1.8.0_131]
	at java.lang.StringBuilder.append(StringBuilder.java:131) ~[na:1.8.0_131]
	at com.jpa.hibernate.demo.entity.Course.toString(Course.java:105) ~[classes/:na]
	at java.lang.String.valueOf(String.java:2994) ~[na:1.8.0_131]
	at java.lang.StringBuilder.append(StringBuilder.java:131) ~[na:1.8.0_131]
	at com.jpa.hibernate.demo.entity.Rating.toString(Rating.java:55) ~[classes/:na]
	at java.lang.String.valueOf(String.java:2994) ~[na:1.8.0_131]
	at java.lang.StringBuilder.append(StringBuilder.java:131) ~[na:1.8.0_131]
	at java.util.AbstractCollection.toString(AbstractCollection.java:462) ~[na:1.8.0_131]
	at org.hibernate.collection.internal.PersistentBag.toString(PersistentBag.java:510) ~[hibernate-core-5.0.12.Final.jar:5.0.12.Final]
	at java.lang.String.valueOf(String.java:2994) ~[na:1.8.0_131]
	at java.lang.StringBuilder.append(StringBuilder.java:131) ~[na:1.8.0_131]
	at com.jpa.hibernate.demo.entity.Course.toString(Course.java:105) ~[classes/:na]
	at java.lang.String.valueOf(String.java:2994) ~[na:1.8.0_131]
	at java.lang.StringBuilder.append(StringBuilder.java:131) ~[na:1.8.0_131]
	at com.jpa.hibernate.demo.entity.Rating.toString(Rating.java:55) ~[classes/:na]
	at java.lang.String.valueOf(String.java:2994) ~[na:1.8.0_131]
	at java.lang.StringBuilder.append(StringBuilder.java:131) ~[na:1.8.0_131]
	at java.util.AbstractCollection.toString(AbstractCollection.java:462) ~[na:1.8.0_131]
	at org.hibernate.collection.internal.PersistentBag.toString(PersistentBag.java:510) ~[hibernate-core-5.0.12.Final.jar:5.0.12.Final]
	at java.lang.String.valueOf(String.java:2994) ~[na:1.8.0_131]
	at java.lang.StringBuilder.append(StringBuilder.java:131) ~[na:1.8.0_131]
	at com.jpa.hibernate.demo.entity.Course.toString(Course.java:105) ~[classes/:na]
	at java.lang.String.valueOf(String.java:2994) ~[na:1.8.0_131]
	at java.lang.StringBuilder.append(StringBuilder.java:131) ~[na:1.8.0_131]
	at com.jpa.hibernate.demo.entity.Rating.toString(Rating.java:55) ~[classes/:na]
	at java.lang.String.valueOf(String.java:2994) ~[na:1.8.0_131]
	at java.lang.StringBuilder.append(StringBuilder.java:131) ~[na:1.8.0_131]
	at java.util.AbstractCollection.toString(AbstractCollection.java:462) ~[na:1.8.0_131]
	at org.hibernate.collection.internal.PersistentBag.toString(PersistentBag.java:510) ~[hibernate-core-5.0.12.Final.jar:5.0.12.Final]
	at java.lang.String.valueOf(String.java:2994) ~[na:1.8.0_131]
	at java.lang.StringBuilder.append(StringBuilder.java:131) ~[na:1.8.0_131]
	at com.jpa.hibernate.demo.entity.Course.toString(Course.java:105) ~[classes/:na]
	at java.lang.String.valueOf(String.java:2994) ~[na:1.8.0_131]
	at java.lang.StringBuilder.append(StringBuilder.java:131) ~[na:1.8.0_131]
	at com.jpa.hibernate.demo.entity.Rating.toString(Rating.java:55) ~[classes/:na]
	at java.lang.String.valueOf(String.java:2994) ~[na:1.8.0_131]
	at java.lang.StringBuilder.append(StringBuilder.java:131) ~[na:1.8.0_131]
	at java.util.AbstractCollection.toString(AbstractCollection.java:462) ~[na:1.8.0_131]
	at org.hibernate.collection.internal.PersistentBag.toString(PersistentBag.java:510) ~[hibernate-core-5.0.12.Final.jar:5.0.12.Final]
	at java.lang.String.valueOf(String.java:2994) ~[na:1.8.0_131]
	at java.lang.StringBuilder.append(StringBuilder.java:131) ~[na:1.8.0_131]
	at com.jpa.hibernate.demo.entity.Course.toString(Course.java:105) ~[classes/:na]
	at java.lang.String.valueOf(String.java:2994) ~[na:1.8.0_131]
	at java.lang.StringBuilder.append(StringBuilder.java:131) ~[na:1.8.0_131]
	at com.jpa.hibernate.demo.entity.Rating.toString(Rating.java:55) ~[classes/:na]
	at java.lang.String.valueOf(String.java:2994) ~[na:1.8.0_131]
	at java.lang.StringBuilder.append(StringBuilder.java:131) ~[na:1.8.0_131]
	at java.util.AbstractCollection.toString(AbstractCollection.java:462) ~[na:1.8.0_131]
	at org.hibernate.collection.internal.PersistentBag.toString(PersistentBag.java:510) ~[hibernate-core-5.0.12.Final.jar:5.0.12.Final]
	at java.lang.String.valueOf(String.java:2994) ~[na:1.8.0_131]
	at java.lang.StringBuilder.append(StringBuilder.java:131) ~[na:1.8.0_131]
	at com.jpa.hibernate.demo.entity.Course.toString(Course.java:105) ~[classes/:na]
	at java.lang.String.valueOf(String.java:2994) ~[na:1.8.0_131]
	at java.lang.StringBuilder.append(StringBuilder.java:131) ~[na:1.8.0_131]
	at com.jpa.hibernate.demo.entity.Rating.toString(Rating.java:55) ~[classes/:na]
	at java.lang.String.valueOf(String.java:2994) ~[na:1.8.0_131]
	at java.lang.StringBuilder.append(StringBuilder.java:131) ~[na:1.8.0_131]
	at java.util.AbstractCollection.toString(AbstractCollection.java:462) ~[na:1.8.0_131]
	at org.hibernate.collection.internal.PersistentBag.toString(PersistentBag.java:510) ~[hibernate-core-5.0.12.Final.jar:5.0.12.Final]
	at java.lang.String.valueOf(String.java:2994) ~[na:1.8.0_131]
	at java.lang.StringBuilder.append(StringBuilder.java:131) ~[na:1.8.0_131]
	at com.jpa.hibernate.demo.entity.Course.toString(Course.java:105) ~[classes/:na]
	at java.lang.String.valueOf(String.java:2994) ~[na:1.8.0_131]
	at java.lang.StringBuilder.append(StringBuilder.java:131) ~[na:1.8.0_131]
	at com.jpa.hibernate.demo.entity.Rating.toString(Rating.java:55) ~[classes/:na]
	at java.lang.String.valueOf(String.java:2994) ~[na:1.8.0_131]
	at java.lang.StringBuilder.append(StringBuilder.java:131) ~[na:1.8.0_131]
	at java.util.AbstractCollection.toString(AbstractCollection.java:462) ~[na:1.8.0_131]
	at org.hibernate.collection.internal.PersistentBag.toString(PersistentBag.java:510) ~[hibernate-core-5.0.12.Final.jar:5.0.12.Final]
	at java.lang.String.valueOf(String.java:2994) ~[na:1.8.0_131]
	at java.lang.StringBuilder.append(StringBuilder.java:131) ~[na:1.8.0_131]
	at com.jpa.hibernate.demo.entity.Course.toString(Course.java:105) ~[classes/:na]
	at java.lang.String.valueOf(String.java:2994) ~[na:1.8.0_131]
	at java.lang.StringBuilder.append(StringBuilder.java:131) ~[na:1.8.0_131]
	at com.jpa.hibernate.demo.entity.Rating.toString(Rating.java:55) ~[classes/:na]
	at java.lang.String.valueOf(String.java:2994) ~[na:1.8.0_131]
	at java.lang.StringBuilder.append(StringBuilder.java:131) ~[na:1.8.0_131]
	at java.util.AbstractCollection.toString(AbstractCollection.java:462) ~[na:1.8.0_131]
	at org.hibernate.collection.internal.PersistentBag.toString(PersistentBag.java:510) ~[hibernate-core-5.0.12.Final.jar:5.0.12.Final]
	at java.lang.String.valueOf(String.java:2994) ~[na:1.8.0_131]
	at java.lang.StringBuilder.append(StringBuilder.java:131) ~[na:1.8.0_131]
	at com.jpa.hibernate.demo.entity.Course.toString(Course.java:105) ~[classes/:na]
	at java.lang.String.valueOf(String.java:2994) ~[na:1.8.0_131]
	at java.lang.StringBuilder.append(StringBuilder.java:131) ~[na:1.8.0_131]
	at com.jpa.hibernate.demo.entity.Rating.toString(Rating.java:55) ~[classes/:na]
	at java.lang.String.valueOf(String.java:2994) ~[na:1.8.0_131]
	at java.lang.StringBuilder.append(StringBuilder.java:131) ~[na:1.8.0_131]
	at java.util.AbstractCollection.toString(AbstractCollection.java:462) ~[na:1.8.0_131]
	at org.hibernate.collection.internal.PersistentBag.toString(PersistentBag.java:510) ~[hibernate-core-5.0.12.Final.jar:5.0.12.Final]
	at java.lang.String.valueOf(String.java:2994) ~[na:1.8.0_131]
	at java.lang.StringBuilder.append(StringBuilder.java:131) ~[na:1.8.0_131]
	at com.jpa.hibernate.demo.entity.Course.toString(Course.java:105) ~[classes/:na]
	at java.lang.String.valueOf(String.java:2994) ~[na:1.8.0_131]
	at java.lang.StringBuilder.append(StringBuilder.java:131) ~[na:1.8.0_131]
	at com.jpa.hibernate.demo.entity.Rating.toString(Rating.java:55) ~[classes/:na]
	at java.lang.String.valueOf(String.java:2994) ~[na:1.8.0_131]
	at java.lang.StringBuilder.append(StringBuilder.java:131) ~[na:1.8.0_131]
	at java.util.AbstractCollection.toString(AbstractCollection.java:462) ~[na:1.8.0_131]
	at org.hibernate.collection.internal.PersistentBag.toString(PersistentBag.java:510) ~[hibernate-core-5.0.12.Final.jar:5.0.12.Final]
	at java.lang.String.valueOf(String.java:2994) ~[na:1.8.0_131]
	at java.lang.StringBuilder.append(StringBuilder.java:131) ~[na:1.8.0_131]
	at com.jpa.hibernate.demo.entity.Course.toString(Course.java:105) ~[classes/:na]
	at java.lang.String.valueOf(String.java:2994) ~[na:1.8.0_131]
	at java.lang.StringBuilder.append(StringBuilder.java:131) ~[na:1.8.0_131]
	at com.jpa.hibernate.demo.entity.Rating.toString(Rating.java:55) ~[classes/:na]
	at java.lang.String.valueOf(String.java:2994) ~[na:1.8.0_131]
	at java.lang.StringBuilder.append(StringBuilder.java:131) ~[na:1.8.0_131]
	at java.util.AbstractCollection.toString(AbstractCollection.java:462) ~[na:1.8.0_131]
	at org.hibernate.collection.internal.PersistentBag.toString(PersistentBag.java:510) ~[hibernate-core-5.0.12.Final.jar:5.0.12.Final]
	at java.lang.String.valueOf(String.java:2994) ~[na:1.8.0_131]
	at java.lang.StringBuilder.append(StringBuilder.java:131) ~[na:1.8.0_131]
	at com.jpa.hibernate.demo.entity.Course.toString(Course.java:105) ~[classes/:na]
	at java.lang.String.valueOf(String.java:2994) ~[na:1.8.0_131]
	at java.lang.StringBuilder.append(StringBuilder.java:131) ~[na:1.8.0_131]
	at com.jpa.hibernate.demo.entity.Rating.toString(Rating.java:55) ~[classes/:na]
	at java.lang.String.valueOf(String.java:2994) ~[na:1.8.0_131]
	at java.lang.StringBuilder.append(StringBuilder.java:131) ~[na:1.8.0_131]
	at java.util.AbstractCollection.toString(AbstractCollection.java:462) ~[na:1.8.0_131]
	at org.hibernate.collection.internal.PersistentBag.toString(PersistentBag.java:510) ~[hibernate-core-5.0.12.Final.jar:5.0.12.Final]
	at java.lang.String.valueOf(String.java:2994) ~[na:1.8.0_131]
	at java.lang.StringBuilder.append(StringBuilder.java:131) ~[na:1.8.0_131]
	at com.jpa.hibernate.demo.entity.Course.toString(Course.java:105) ~[classes/:na]
	at java.lang.String.valueOf(String.java:2994) ~[na:1.8.0_131]
	at java.lang.StringBuilder.append(StringBuilder.java:131) ~[na:1.8.0_131]
	at com.jpa.hibernate.demo.entity.Rating.toString(Rating.java:55) ~[classes/:na]
	at java.lang.String.valueOf(String.java:2994) ~[na:1.8.0_131]
	at java.lang.StringBuilder.append(StringBuilder.java:131) ~[na:1.8.0_131]
	at java.util.AbstractCollection.toString(AbstractCollection.java:462) ~[na:1.8.0_131]
	at org.hibernate.collection.internal.PersistentBag.toString(PersistentBag.java:510) ~[hibernate-core-5.0.12.Final.jar:5.0.12.Final]
	at java.lang.String.valueOf(String.java:2994) ~[na:1.8.0_131]
	at java.lang.StringBuilder.append(StringBuilder.java:131) ~[na:1.8.0_131]
	at com.jpa.hibernate.demo.entity.Course.toString(Course.java:105) ~[classes/:na]
	at java.lang.String.valueOf(String.java:2994) ~[na:1.8.0_131]
	at java.lang.StringBuilder.append(StringBuilder.java:131) ~[na:1.8.0_131]
	at com.jpa.hibernate.demo.entity.Rating.toString(Rating.java:55) ~[classes/:na]
	at java.lang.String.valueOf(String.java:2994) ~[na:1.8.0_131]
	at java.lang.StringBuilder.append(StringBuilder.java:131) ~[na:1.8.0_131]
	at java.util.AbstractCollection.toString(AbstractCollection.java:462) ~[na:1.8.0_131]
	at org.hibernate.collection.internal.PersistentBag.toString(PersistentBag.java:510) ~[hibernate-core-5.0.12.Final.jar:5.0.12.Final]
	at java.lang.String.valueOf(String.java:2994) ~[na:1.8.0_131]
	at java.lang.StringBuilder.append(StringBuilder.java:131) ~[na:1.8.0_131]
	at com.jpa.hibernate.demo.entity.Course.toString(Course.java:105) ~[classes/:na]
	at java.lang.String.valueOf(String.java:2994) ~[na:1.8.0_131]
	at java.lang.StringBuilder.append(StringBuilder.java:131) ~[na:1.8.0_131]
	at com.jpa.hibernate.demo.entity.Rating.toString(Rating.java:55) ~[classes/:na]
	at java.lang.String.valueOf(String.java:2994) ~[na:1.8.0_131]
	at java.lang.StringBuilder.append(StringBuilder.java:131) ~[na:1.8.0_131]
	at java.util.AbstractCollection.toString(AbstractCollection.java:462) ~[na:1.8.0_131]
	at org.hibernate.collection.internal.PersistentBag.toString(PersistentBag.java:510) ~[hibernate-core-5.0.12.Final.jar:5.0.12.Final]
	at java.lang.String.valueOf(String.java:2994) ~[na:1.8.0_131]
	at java.lang.StringBuilder.append(StringBuilder.java:131) ~[na:1.8.0_131]
	at com.jpa.hibernate.demo.entity.Course.toString(Course.java:105) ~[classes/:na]
	at java.lang.String.valueOf(String.java:2994) ~[na:1.8.0_131]
	at java.lang.StringBuilder.append(StringBuilder.java:131) ~[na:1.8.0_131]
	at com.jpa.hibernate.demo.entity.Rating.toString(Rating.java:55) ~[classes/:na]
	at java.lang.String.valueOf(String.java:2994) ~[na:1.8.0_131]
	at java.lang.StringBuilder.append(StringBuilder.java:131) ~[na:1.8.0_131]
	at java.util.AbstractCollection.toString(AbstractCollection.java:462) ~[na:1.8.0_131]
	at org.hibernate.collection.internal.PersistentBag.toString(PersistentBag.java:510) ~[hibernate-core-5.0.12.Final.jar:5.0.12.Final]
	at java.lang.String.valueOf(String.java:2994) ~[na:1.8.0_131]
	at java.lang.StringBuilder.append(StringBuilder.java:131) ~[na:1.8.0_131]
	at com.jpa.hibernate.demo.entity.Course.toString(Course.java:105) ~[classes/:na]
	at java.lang.String.valueOf(String.java:2994) ~[na:1.8.0_131]
	at java.lang.StringBuilder.append(StringBuilder.java:131) ~[na:1.8.0_131]
	at com.jpa.hibernate.demo.entity.Rating.toString(Rating.java:55) ~[classes/:na]
	at java.lang.String.valueOf(String.java:2994) ~[na:1.8.0_131]
	at java.lang.StringBuilder.append(StringBuilder.java:131) ~[na:1.8.0_131]
	at java.util.AbstractCollection.toString(AbstractCollection.java:462) ~[na:1.8.0_131]
	at org.hibernate.collection.internal.PersistentBag.toString(PersistentBag.java:510) ~[hibernate-core-5.0.12.Final.jar:5.0.12.Final]
	at java.lang.String.valueOf(String.java:2994) ~[na:1.8.0_131]
	at java.lang.StringBuilder.append(StringBuilder.java:131) ~[na:1.8.0_131]
	at com.jpa.hibernate.demo.entity.Course.toString(Course.java:105) ~[classes/:na]
	at java.lang.String.valueOf(String.java:2994) ~[na:1.8.0_131]
	at java.lang.StringBuilder.append(StringBuilder.java:131) ~[na:1.8.0_131]
	at com.jpa.hibernate.demo.entity.Rating.toString(Rating.java:55) ~[classes/:na]
	at java.lang.String.valueOf(String.java:2994) ~[na:1.8.0_131]
	at java.lang.StringBuilder.append(StringBuilder.java:131) ~[na:1.8.0_131]
	at java.util.AbstractCollection.toString(AbstractCollection.java:462) ~[na:1.8.0_131]
	at org.hibernate.collection.internal.PersistentBag.toString(PersistentBag.java:510) ~[hibernate-core-5.0.12.Final.jar:5.0.12.Final]
	at java.lang.String.valueOf(String.java:2994) ~[na:1.8.0_131]
	at java.lang.StringBuilder.append(StringBuilder.java:131) ~[na:1.8.0_131]
	at com.jpa.hibernate.demo.entity.Course.toString(Course.java:105) ~[classes/:na]
	at java.lang.String.valueOf(String.java:2994) ~[na:1.8.0_131]
	at java.lang.StringBuilder.append(StringBuilder.java:131) ~[na:1.8.0_131]
	at com.jpa.hibernate.demo.entity.Rating.toString(Rating.java:55) ~[classes/:na]
	at java.lang.String.valueOf(String.java:2994) ~[na:1.8.0_131]
	at java.lang.StringBuilder.append(StringBuilder.java:131) ~[na:1.8.0_131]
	at java.util.AbstractCollection.toString(AbstractCollection.java:462) ~[na:1.8.0_131]
	at org.hibernate.collection.internal.PersistentBag.toString(PersistentBag.java:510) ~[hibernate-core-5.0.12.Final.jar:5.0.12.Final]
	at java.lang.String.valueOf(String.java:2994) ~[na:1.8.0_131]
	at java.lang.StringBuilder.append(StringBuilder.java:131) ~[na:1.8.0_131]
	at com.jpa.hibernate.demo.entity.Course.toString(Course.java:105) ~[classes/:na]
	at java.lang.String.valueOf(String.java:2994) ~[na:1.8.0_131]
	at java.lang.StringBuilder.append(StringBuilder.java:131) ~[na:1.8.0_131]
	at com.jpa.hibernate.demo.entity.Rating.toString(Rating.java:55) ~[classes/:na]
	at java.lang.String.valueOf(String.java:2994) ~[na:1.8.0_131]
	at java.lang.StringBuilder.append(StringBuilder.java:131) ~[na:1.8.0_131]
	at java.util.AbstractCollection.toString(AbstractCollection.java:462) ~[na:1.8.0_131]
	at org.hibernate.collection.internal.PersistentBag.toString(PersistentBag.java:510) ~[hibernate-core-5.0.12.Final.jar:5.0.12.Final]
	at java.lang.String.valueOf(String.java:2994) ~[na:1.8.0_131]
	at java.lang.StringBuilder.append(StringBuilder.java:131) ~[na:1.8.0_131]
	at com.jpa.hibernate.demo.entity.Course.toString(Course.java:105) ~[classes/:na]
	at java.lang.String.valueOf(String.java:2994) ~[na:1.8.0_131]
	at java.lang.StringBuilder.append(StringBuilder.java:131) ~[na:1.8.0_131]
	at com.jpa.hibernate.demo.entity.Rating.toString(Rating.java:55) ~[classes/:na]
	at java.lang.String.valueOf(String.java:2994) ~[na:1.8.0_131]
	at java.lang.StringBuilder.append(StringBuilder.java:131) ~[na:1.8.0_131]
	at java.util.AbstractCollection.toString(AbstractCollection.java:462) ~[na:1.8.0_131]
	at org.hibernate.collection.internal.PersistentBag.toString(PersistentBag.java:510) ~[hibernate-core-5.0.12.Final.jar:5.0.12.Final]
	at java.lang.String.valueOf(String.java:2994) ~[na:1.8.0_131]
	at java.lang.StringBuilder.append(StringBuilder.java:131) ~[na:1.8.0_131]
	at com.jpa.hibernate.demo.entity.Course.toString(Course.java:105) ~[classes/:na]
	at java.lang.String.valueOf(String.java:2994) ~[na:1.8.0_131]
	at java.lang.StringBuilder.append(StringBuilder.java:131) ~[na:1.8.0_131]
	at com.jpa.hibernate.demo.entity.Rating.toString(Rating.java:55) ~[classes/:na]
	at java.lang.String.valueOf(String.java:2994) ~[na:1.8.0_131]
	at java.lang.StringBuilder.append(StringBuilder.java:131) ~[na:1.8.0_131]
	at java.util.AbstractCollection.toString(AbstractCollection.java:462) ~[na:1.8.0_131]
	at org.hibernate.collection.internal.PersistentBag.toString(PersistentBag.java:510) ~[hibernate-core-5.0.12.Final.jar:5.0.12.Final]
	at java.lang.String.valueOf(String.java:2994) ~[na:1.8.0_131]
	at java.lang.StringBuilder.append(StringBuilder.java:131) ~[na:1.8.0_131]
	at com.jpa.hibernate.demo.entity.Course.toString(Course.java:105) ~[classes/:na]
	at java.lang.String.valueOf(String.java:2994) ~[na:1.8.0_131]
	at java.lang.StringBuilder.append(StringBuilder.java:131) ~[na:1.8.0_131]
	at com.jpa.hibernate.demo.entity.Rating.toString(Rating.java:55) ~[classes/:na]
	at java.lang.String.valueOf(String.java:2994) ~[na:1.8.0_131]
	at java.lang.StringBuilder.append(StringBuilder.java:131) ~[na:1.8.0_131]
	at java.util.AbstractCollection.toString(AbstractCollection.java:462) ~[na:1.8.0_131]
	at org.hibernate.collection.internal.PersistentBag.toString(PersistentBag.java:510) ~[hibernate-core-5.0.12.Final.jar:5.0.12.Final]
	at java.lang.String.valueOf(String.java:2994) ~[na:1.8.0_131]
	at java.lang.StringBuilder.append(StringBuilder.java:131) ~[na:1.8.0_131]
	at com.jpa.hibernate.demo.entity.Course.toString(Course.java:105) ~[classes/:na]
	at java.lang.String.valueOf(String.java:2994) ~[na:1.8.0_131]
	at java.lang.StringBuilder.append(StringBuilder.java:131) ~[na:1.8.0_131]
	at com.jpa.hibernate.demo.entity.Rating.toString(Rating.java:55) ~[classes/:na]
	at java.lang.String.valueOf(String.java:2994) ~[na:1.8.0_131]
	at java.lang.StringBuilder.append(StringBuilder.java:131) ~[na:1.8.0_131]
	at java.util.AbstractCollection.toString(AbstractCollection.java:462) ~[na:1.8.0_131]
	at org.hibernate.collection.internal.PersistentBag.toString(PersistentBag.java:510) ~[hibernate-core-5.0.12.Final.jar:5.0.12.Final]
	at java.lang.String.valueOf(String.java:2994) ~[na:1.8.0_131]
	at java.lang.StringBuilder.append(StringBuilder.java:131) ~[na:1.8.0_131]
	at com.jpa.hibernate.demo.entity.Course.toString(Course.java:105) ~[classes/:na]
	at java.lang.String.valueOf(String.java:2994) ~[na:1.8.0_131]
	at java.lang.StringBuilder.append(StringBuilder.java:131) ~[na:1.8.0_131]
	at com.jpa.hibernate.demo.entity.Rating.toString(Rating.java:55) ~[classes/:na]
	at java.lang.String.valueOf(String.java:2994) ~[na:1.8.0_131]
	at java.lang.StringBuilder.append(StringBuilder.java:131) ~[na:1.8.0_131]
	at java.util.AbstractCollection.toString(AbstractCollection.java:462) ~[na:1.8.0_131]
	at org.hibernate.collection.internal.PersistentBag.toString(PersistentBag.java:510) ~[hibernate-core-5.0.12.Final.jar:5.0.12.Final]
	at java.lang.String.valueOf(String.java:2994) ~[na:1.8.0_131]
	at java.lang.StringBuilder.append(StringBuilder.java:131) ~[na:1.8.0_131]
	at com.jpa.hibernate.demo.entity.Course.toString(Course.java:105) ~[classes/:na]
	at java.lang.String.valueOf(String.java:2994) ~[na:1.8.0_131]
	at java.lang.StringBuilder.append(StringBuilder.java:131) ~[na:1.8.0_131]
	at com.jpa.hibernate.demo.entity.Rating.toString(Rating.java:55) ~[classes/:na]
	at java.lang.String.valueOf(String.java:2994) ~[na:1.8.0_131]
	at java.lang.StringBuilder.append(StringBuilder.java:131) ~[na:1.8.0_131]
	at java.util.AbstractCollection.toString(AbstractCollection.java:462) ~[na:1.8.0_131]
	at org.hibernate.collection.internal.PersistentBag.toString(PersistentBag.java:510) ~[hibernate-core-5.0.12.Final.jar:5.0.12.Final]
	at java.lang.String.valueOf(String.java:2994) ~[na:1.8.0_131]
	at java.lang.StringBuilder.append(StringBuilder.java:131) ~[na:1.8.0_131]
	at com.jpa.hibernate.demo.entity.Course.toString(Course.java:105) ~[classes/:na]
	at java.lang.String.valueOf(String.java:2994) ~[na:1.8.0_131]
	at java.lang.StringBuilder.append(StringBuilder.java:131) ~[na:1.8.0_131]
	at com.jpa.hibernate.demo.entity.Rating.toString(Rating.java:55) ~[classes/:na]
	at java.lang.String.valueOf(String.java:2994) ~[na:1.8.0_131]
	at java.lang.StringBuilder.append(StringBuilder.java:131) ~[na:1.8.0_131]
	at java.util.AbstractCollection.toString(AbstractCollection.java:462) ~[na:1.8.0_131]
	at org.hibernate.collection.internal.PersistentBag.toString(PersistentBag.java:510) ~[hibernate-core-5.0.12.Final.jar:5.0.12.Final]
	at java.lang.String.valueOf(String.java:2994) ~[na:1.8.0_131]
	at java.lang.StringBuilder.append(StringBuilder.java:131) ~[na:1.8.0_131]
	at com.jpa.hibernate.demo.entity.Course.toString(Course.java:105) ~[classes/:na]
	at java.lang.String.valueOf(String.java:2994) ~[na:1.8.0_131]
	at java.lang.StringBuilder.append(StringBuilder.java:131) ~[na:1.8.0_131]
	at com.jpa.hibernate.demo.entity.Rating.toString(Rating.java:55) ~[classes/:na]
	at java.lang.String.valueOf(String.java:2994) ~[na:1.8.0_131]
	at java.lang.StringBuilder.append(StringBuilder.java:131) ~[na:1.8.0_131]
	at java.util.AbstractCollection.toString(AbstractCollection.java:462) ~[na:1.8.0_131]
	at org.hibernate.collection.internal.PersistentBag.toString(PersistentBag.java:510) ~[hibernate-core-5.0.12.Final.jar:5.0.12.Final]
	at java.lang.String.valueOf(String.java:2994) ~[na:1.8.0_131]
	at java.lang.StringBuilder.append(StringBuilder.java:131) ~[na:1.8.0_131]
	at com.jpa.hibernate.demo.entity.Course.toString(Course.java:105) ~[classes/:na]
	at java.lang.String.valueOf(String.java:2994) ~[na:1.8.0_131]
	at java.lang.StringBuilder.append(StringBuilder.java:131) ~[na:1.8.0_131]
	at com.jpa.hibernate.demo.entity.Rating.toString(Rating.java:55) ~[classes/:na]
	at java.lang.String.valueOf(String.java:2994) ~[na:1.8.0_131]
	at java.lang.StringBuilder.append(StringBuilder.java:131) ~[na:1.8.0_131]
	at java.util.AbstractCollection.toString(AbstractCollection.java:462) ~[na:1.8.0_131]
	at org.hibernate.collection.internal.PersistentBag.toString(PersistentBag.java:510) ~[hibernate-core-5.0.12.Final.jar:5.0.12.Final]
	at java.lang.String.valueOf(String.java:2994) ~[na:1.8.0_131]
	at java.lang.StringBuilder.append(StringBuilder.java:131) ~[na:1.8.0_131]
	at com.jpa.hibernate.demo.entity.Course.toString(Course.java:105) ~[classes/:na]
	at java.lang.String.valueOf(String.java:2994) ~[na:1.8.0_131]
	at java.lang.StringBuilder.append(StringBuilder.java:131) ~[na:1.8.0_131]
	at com.jpa.hibernate.demo.entity.Rating.toString(Rating.java:55) ~[classes/:na]
	at java.lang.String.valueOf(String.java:2994) ~[na:1.8.0_131]
	at java.lang.StringBuilder.append(StringBuilder.java:131) ~[na:1.8.0_131]
	at java.util.AbstractCollection.toString(AbstractCollection.java:462) ~[na:1.8.0_131]
	at org.hibernate.collection.internal.PersistentBag.toString(PersistentBag.java:510) ~[hibernate-core-5.0.12.Final.jar:5.0.12.Final]
	at java.lang.String.valueOf(String.java:2994) ~[na:1.8.0_131]
	at java.lang.StringBuilder.append(StringBuilder.java:131) ~[na:1.8.0_131]
	at com.jpa.hibernate.demo.entity.Course.toString(Course.java:105) ~[classes/:na]
	at java.lang.String.valueOf(String.java:2994) ~[na:1.8.0_131]
	at java.lang.StringBuilder.append(StringBuilder.java:131) ~[na:1.8.0_131]
	at com.jpa.hibernate.demo.entity.Rating.toString(Rating.java:55) ~[classes/:na]
	at java.lang.String.valueOf(String.java:2994) ~[na:1.8.0_131]
	at java.lang.StringBuilder.append(StringBuilder.java:131) ~[na:1.8.0_131]
	at java.util.AbstractCollection.toString(AbstractCollection.java:462) ~[na:1.8.0_131]
	at org.hibernate.collection.internal.PersistentBag.toString(PersistentBag.java:510) ~[hibernate-core-5.0.12.Final.jar:5.0.12.Final]
	at java.lang.String.valueOf(String.java:2994) ~[na:1.8.0_131]
	at java.lang.StringBuilder.append(StringBuilder.java:131) ~[na:1.8.0_131]
	at com.jpa.hibernate.demo.entity.Course.toString(Course.java:105) ~[classes/:na]
	at java.lang.String.valueOf(String.java:2994) ~[na:1.8.0_131]
	at java.lang.StringBuilder.append(StringBuilder.java:131) ~[na:1.8.0_131]
	at com.jpa.hibernate.demo.entity.Rating.toString(Rating.java:55) ~[classes/:na]
	at java.lang.String.valueOf(String.java:2994) ~[na:1.8.0_131]
	at java.lang.StringBuilder.append(StringBuilder.java:131) ~[na:1.8.0_131]
	at java.util.AbstractCollection.toString(AbstractCollection.java:462) ~[na:1.8.0_131]
	at org.hibernate.collection.internal.PersistentBag.toString(PersistentBag.java:510) ~[hibernate-core-5.0.12.Final.jar:5.0.12.Final]
	at java.lang.String.valueOf(String.java:2994) ~[na:1.8.0_131]
	at java.lang.StringBuilder.append(StringBuilder.java:131) ~[na:1.8.0_131]
	at com.jpa.hibernate.demo.entity.Course.toString(Course.java:105) ~[classes/:na]
	at java.lang.String.valueOf(String.java:2994) ~[na:1.8.0_131]
	at java.lang.StringBuilder.append(StringBuilder.java:131) ~[na:1.8.0_131]
	at com.jpa.hibernate.demo.entity.Rating.toString(Rating.java:55) ~[classes/:na]
	at java.lang.String.valueOf(String.java:2994) ~[na:1.8.0_131]
	at java.lang.StringBuilder.append(StringBuilder.java:131) ~[na:1.8.0_131]
	at java.util.AbstractCollection.toString(AbstractCollection.java:462) ~[na:1.8.0_131]
	at org.hibernate.collection.internal.PersistentBag.toString(PersistentBag.java:510) ~[hibernate-core-5.0.12.Final.jar:5.0.12.Final]
	at java.lang.String.valueOf(String.java:2994) ~[na:1.8.0_131]
	at java.lang.StringBuilder.append(StringBuilder.java:131) ~[na:1.8.0_131]
	at com.jpa.hibernate.demo.entity.Course.toString(Course.java:105) ~[classes/:na]
	at java.lang.String.valueOf(String.java:2994) ~[na:1.8.0_131]
	at java.lang.StringBuilder.append(StringBuilder.java:131) ~[na:1.8.0_131]
	at com.jpa.hibernate.demo.entity.Rating.toString(Rating.java:55) ~[classes/:na]
	at java.lang.String.valueOf(String.java:2994) ~[na:1.8.0_131]
	at java.lang.StringBuilder.append(StringBuilder.java:131) ~[na:1.8.0_131]
	at java.util.AbstractCollection.toString(AbstractCollection.java:462) ~[na:1.8.0_131]
	at org.hibernate.collection.internal.PersistentBag.toString(PersistentBag.java:510) ~[hibernate-core-5.0.12.Final.jar:5.0.12.Final]
	at java.lang.String.valueOf(String.java:2994) ~[na:1.8.0_131]
	at java.lang.StringBuilder.append(StringBuilder.java:131) ~[na:1.8.0_131]
	at com.jpa.hibernate.demo.entity.Course.toString(Course.java:105) ~[classes/:na]
	at java.lang.String.valueOf(String.java:2994) ~[na:1.8.0_131]
	at java.lang.StringBuilder.append(StringBuilder.java:131) ~[na:1.8.0_131]
	at com.jpa.hibernate.demo.entity.Rating.toString(Rating.java:55) ~[classes/:na]
	at java.lang.String.valueOf(String.java:2994) ~[na:1.8.0_131]
	at java.lang.StringBuilder.append(StringBuilder.java:131) ~[na:1.8.0_131]
	at java.util.AbstractCollection.toString(AbstractCollection.java:462) ~[na:1.8.0_131]
	at org.hibernate.collection.internal.PersistentBag.toString(PersistentBag.java:510) ~[hibernate-core-5.0.12.Final.jar:5.0.12.Final]
	at java.lang.String.valueOf(String.java:2994) ~[na:1.8.0_131]
	at java.lang.StringBuilder.append(StringBuilder.java:131) ~[na:1.8.0_131]
	at com.jpa.hibernate.demo.entity.Course.toString(Course.java:105) ~[classes/:na]
	at java.lang.String.valueOf(String.java:2994) ~[na:1.8.0_131]
	at java.lang.StringBuilder.append(StringBuilder.java:131) ~[na:1.8.0_131]
	at com.jpa.hibernate.demo.entity.Rating.toString(Rating.java:55) ~[classes/:na]
	at java.lang.String.valueOf(String.java:2994) ~[na:1.8.0_131]
	at java.lang.StringBuilder.append(StringBuilder.java:131) ~[na:1.8.0_131]
	at java.util.AbstractCollection.toString(AbstractCollection.java:462) ~[na:1.8.0_131]
	at org.hibernate.collection.internal.PersistentBag.toString(PersistentBag.java:510) ~[hibernate-core-5.0.12.Final.jar:5.0.12.Final]
	at java.lang.String.valueOf(String.java:2994) ~[na:1.8.0_131]
	at java.lang.StringBuilder.append(StringBuilder.java:131) ~[na:1.8.0_131]
	at com.jpa.hibernate.demo.entity.Course.toString(Course.java:105) ~[classes/:na]
	at java.lang.String.valueOf(String.java:2994) ~[na:1.8.0_131]
	at java.lang.StringBuilder.append(StringBuilder.java:131) ~[na:1.8.0_131]
	at com.jpa.hibernate.demo.entity.Rating.toString(Rating.java:55) ~[classes/:na]
	at java.lang.String.valueOf(String.java:2994) ~[na:1.8.0_131]
	at java.lang.StringBuilder.append(StringBuilder.java:131) ~[na:1.8.0_131]
	at java.util.AbstractCollection.toString(AbstractCollection.java:462) ~[na:1.8.0_131]
	at org.hibernate.collection.internal.PersistentBag.toString(PersistentBag.java:510) ~[hibernate-core-5.0.12.Final.jar:5.0.12.Final]
	at java.lang.String.valueOf(String.java:2994) ~[na:1.8.0_131]
	at java.lang.StringBuilder.append(StringBuilder.java:131) ~[na:1.8.0_131]
	at com.jpa.hibernate.demo.entity.Course.toString(Course.java:105) ~[classes/:na]
	at java.lang.String.valueOf(String.java:2994) ~[na:1.8.0_131]
	at java.lang.StringBuilder.append(StringBuilder.java:131) ~[na:1.8.0_131]
	at com.jpa.hibernate.demo.entity.Rating.toString(Rating.java:55) ~[classes/:na]
	at java.lang.String.valueOf(String.java:2994) ~[na:1.8.0_131]
	at java.lang.StringBuilder.append(StringBuilder.java:131) ~[na:1.8.0_131]
	at java.util.AbstractCollection.toString(AbstractCollection.java:462) ~[na:1.8.0_131]
	at org.hibernate.collection.internal.PersistentBag.toString(PersistentBag.java:510) ~[hibernate-core-5.0.12.Final.jar:5.0.12.Final]
	at java.lang.String.valueOf(String.java:2994) ~[na:1.8.0_131]
	at java.lang.StringBuilder.append(StringBuilder.java:131) ~[na:1.8.0_131]
	at com.jpa.hibernate.demo.entity.Course.toString(Course.java:105) ~[classes/:na]
	at java.lang.String.valueOf(String.java:2994) ~[na:1.8.0_131]
	at java.lang.StringBuilder.append(StringBuilder.java:131) ~[na:1.8.0_131]
	at com.jpa.hibernate.demo.entity.Rating.toString(Rating.java:55) ~[classes/:na]
	at java.lang.String.valueOf(String.java:2994) ~[na:1.8.0_131]
	at java.lang.StringBuilder.append(StringBuilder.java:131) ~[na:1.8.0_131]
	at java.util.AbstractCollection.toString(AbstractCollection.java:462) ~[na:1.8.0_131]
	at org.hibernate.collection.internal.PersistentBag.toString(PersistentBag.java:510) ~[hibernate-core-5.0.12.Final.jar:5.0.12.Final]
	at java.lang.String.valueOf(String.java:2994) ~[na:1.8.0_131]
	at java.lang.StringBuilder.append(StringBuilder.java:131) ~[na:1.8.0_131]
	at com.jpa.hibernate.demo.entity.Course.toString(Course.java:105) ~[classes/:na]
	at java.lang.String.valueOf(String.java:2994) ~[na:1.8.0_131]
	at java.lang.StringBuilder.append(StringBuilder.java:131) ~[na:1.8.0_131]
	at com.jpa.hibernate.demo.entity.Rating.toString(Rating.java:55) ~[classes/:na]
	at java.lang.String.valueOf(String.java:2994) ~[na:1.8.0_131]
	at java.lang.StringBuilder.append(StringBuilder.java:131) ~[na:1.8.0_131]
	at java.util.AbstractCollection.toString(AbstractCollection.java:462) ~[na:1.8.0_131]
	at org.hibernate.collection.internal.PersistentBag.toString(PersistentBag.java:510) ~[hibernate-core-5.0.12.Final.jar:5.0.12.Final]
	at java.lang.String.valueOf(String.java:2994) ~[na:1.8.0_131]
	at java.lang.StringBuilder.append(StringBuilder.java:131) ~[na:1.8.0_131]
	at com.jpa.hibernate.demo.entity.Course.toString(Course.java:105) ~[classes/:na]
	at java.lang.String.valueOf(String.java:2994) ~[na:1.8.0_131]
	at java.lang.StringBuilder.append(StringBuilder.java:131) ~[na:1.8.0_131]
	at com.jpa.hibernate.demo.entity.Rating.toString(Rating.java:55) ~[classes/:na]
	at java.lang.String.valueOf(String.java:2994) ~[na:1.8.0_131]
	at java.lang.StringBuilder.append(StringBuilder.java:131) ~[na:1.8.0_131]
	at java.util.AbstractCollection.toString(AbstractCollection.java:462) ~[na:1.8.0_131]
	at org.hibernate.collection.internal.PersistentBag.toString(PersistentBag.java:510) ~[hibernate-core-5.0.12.Final.jar:5.0.12.Final]
	at java.lang.String.valueOf(String.java:2994) ~[na:1.8.0_131]
	at java.lang.StringBuilder.append(StringBuilder.java:131) ~[na:1.8.0_131]
	at com.jpa.hibernate.demo.entity.Course.toString(Course.java:105) ~[classes/:na]
	at java.lang.String.valueOf(String.java:2994) ~[na:1.8.0_131]
	at java.lang.StringBuilder.append(StringBuilder.java:131) ~[na:1.8.0_131]
	at com.jpa.hibernate.demo.entity.Rating.toString(Rating.java:55) ~[classes/:na]
	at java.lang.String.valueOf(String.java:2994) ~[na:1.8.0_131]
	at java.lang.StringBuilder.append(StringBuilder.java:131) ~[na:1.8.0_131]
	at java.util.AbstractCollection.toString(AbstractCollection.java:462) ~[na:1.8.0_131]
	at org.hibernate.collection.internal.PersistentBag.toString(PersistentBag.java:510) ~[hibernate-core-5.0.12.Final.jar:5.0.12.Final]
	at java.lang.String.valueOf(String.java:2994) ~[na:1.8.0_131]
	at java.lang.StringBuilder.append(StringBuilder.java:131) ~[na:1.8.0_131]
	at com.jpa.hibernate.demo.entity.Course.toString(Course.java:105) ~[classes/:na]
	at java.lang.String.valueOf(String.java:2994) ~[na:1.8.0_131]
	at java.lang.StringBuilder.append(StringBuilder.java:131) ~[na:1.8.0_131]
	at com.jpa.hibernate.demo.entity.Rating.toString(Rating.java:55) ~[classes/:na]
	at java.lang.String.valueOf(String.java:2994) ~[na:1.8.0_131]
	at java.lang.StringBuilder.append(StringBuilder.java:131) ~[na:1.8.0_131]
	at java.util.AbstractCollection.toString(AbstractCollection.java:462) ~[na:1.8.0_131]
	at org.hibernate.collection.internal.PersistentBag.toString(PersistentBag.java:510) ~[hibernate-core-5.0.12.Final.jar:5.0.12.Final]
	at java.lang.String.valueOf(String.java:2994) ~[na:1.8.0_131]
	at java.lang.StringBuilder.append(StringBuilder.java:131) ~[na:1.8.0_131]
	at com.jpa.hibernate.demo.entity.Course.toString(Course.java:105) ~[classes/:na]
	at java.lang.String.valueOf(String.java:2994) ~[na:1.8.0_131]
	at java.lang.StringBuilder.append(StringBuilder.java:131) ~[na:1.8.0_131]
	at com.jpa.hibernate.demo.entity.Rating.toString(Rating.java:55) ~[classes/:na]
	at java.lang.String.valueOf(String.java:2994) ~[na:1.8.0_131]
	at java.lang.StringBuilder.append(StringBuilder.java:131) ~[na:1.8.0_131]
	at java.util.AbstractCollection.toString(AbstractCollection.java:462) ~[na:1.8.0_131]
	at org.hibernate.collection.internal.PersistentBag.toString(PersistentBag.java:510) ~[hibernate-core-5.0.12.Final.jar:5.0.12.Final]
	at java.lang.String.valueOf(String.java:2994) ~[na:1.8.0_131]
	at java.lang.StringBuilder.append(StringBuilder.java:131) ~[na:1.8.0_131]
	at com.jpa.hibernate.demo.entity.Course.toString(Course.java:105) ~[classes/:na]
	at java.lang.String.valueOf(String.java:2994) ~[na:1.8.0_131]
	at java.lang.StringBuilder.append(StringBuilder.java:131) ~[na:1.8.0_131]
	at com.jpa.hibernate.demo.entity.Rating.toString(Rating.java:55) ~[classes/:na]
	at java.lang.String.valueOf(String.java:2994) ~[na:1.8.0_131]
	at java.lang.StringBuilder.append(StringBuilder.java:131) ~[na:1.8.0_131]
	at java.util.AbstractCollection.toString(AbstractCollection.java:462) ~[na:1.8.0_131]
	at org.hibernate.collection.internal.PersistentBag.toString(PersistentBag.java:510) ~[hibernate-core-5.0.12.Final.jar:5.0.12.Final]
	at java.lang.String.valueOf(String.java:2994) ~[na:1.8.0_131]
	at java.lang.StringBuilder.append(StringBuilder.java:131) ~[na:1.8.0_131]
	at com.jpa.hibernate.demo.entity.Course.toString(Course.java:105) ~[classes/:na]
	at java.lang.String.valueOf(String.java:2994) ~[na:1.8.0_131]
	at java.lang.StringBuilder.append(StringBuilder.java:131) ~[na:1.8.0_131]
	at com.jpa.hibernate.demo.entity.Rating.toString(Rating.java:55) ~[classes/:na]
	at java.lang.String.valueOf(String.java:2994) ~[na:1.8.0_131]
	at java.lang.StringBuilder.append(StringBuilder.java:131) ~[na:1.8.0_131]
	at java.util.AbstractCollection.toString(AbstractCollection.java:462) ~[na:1.8.0_131]
	at org.hibernate.collection.internal.PersistentBag.toString(PersistentBag.java:510) ~[hibernate-core-5.0.12.Final.jar:5.0.12.Final]
	at java.lang.String.valueOf(String.java:2994) ~[na:1.8.0_131]
	at java.lang.StringBuilder.append(StringBuilder.java:131) ~[na:1.8.0_131]
	at com.jpa.hibernate.demo.entity.Course.toString(Course.java:105) ~[classes/:na]
	at java.lang.String.valueOf(String.java:2994) ~[na:1.8.0_131]
	at java.lang.StringBuilder.append(StringBuilder.java:131) ~[na:1.8.0_131]
	at com.jpa.hibernate.demo.entity.Rating.toString(Rating.java:55) ~[classes/:na]
	at java.lang.String.valueOf(String.java:2994) ~[na:1.8.0_131]
	at java.lang.StringBuilder.append(StringBuilder.java:131) ~[na:1.8.0_131]
	at java.util.AbstractCollection.toString(AbstractCollection.java:462) ~[na:1.8.0_131]
	at org.hibernate.collection.internal.PersistentBag.toString(PersistentBag.java:510) ~[hibernate-core-5.0.12.Final.jar:5.0.12.Final]
	at java.lang.String.valueOf(String.java:2994) ~[na:1.8.0_131]
	at java.lang.StringBuilder.append(StringBuilder.java:131) ~[na:1.8.0_131]
	at com.jpa.hibernate.demo.entity.Course.toString(Course.java:105) ~[classes/:na]
	at java.lang.String.valueOf(String.java:2994) ~[na:1.8.0_131]
	at java.lang.StringBuilder.append(StringBuilder.java:131) ~[na:1.8.0_131]
	at com.jpa.hibernate.demo.entity.Rating.toString(Rating.java:55) ~[classes/:na]
	at java.lang.String.valueOf(String.java:2994) ~[na:1.8.0_131]
	at java.lang.StringBuilder.append(StringBuilder.java:131) ~[na:1.8.0_131]
	at java.util.AbstractCollection.toString(AbstractCollection.java:462) ~[na:1.8.0_131]
	at org.hibernate.collection.internal.PersistentBag.toString(PersistentBag.java:510) ~[hibernate-core-5.0.12.Final.jar:5.0.12.Final]
	at java.lang.String.valueOf(String.java:2994) ~[na:1.8.0_131]
	at java.lang.StringBuilder.append(StringBuilder.java:131) ~[na:1.8.0_131]
	at com.jpa.hibernate.demo.entity.Course.toString(Course.java:105) ~[classes/:na]
	at java.lang.String.valueOf(String.java:2994) ~[na:1.8.0_131]
	at java.lang.StringBuilder.append(StringBuilder.java:131) ~[na:1.8.0_131]
	at com.jpa.hibernate.demo.entity.Rating.toString(Rating.java:55) ~[classes/:na]
	at java.lang.String.valueOf(String.java:2994) ~[na:1.8.0_131]
	at java.lang.StringBuilder.append(StringBuilder.java:131) ~[na:1.8.0_131]
	at java.util.AbstractCollection.toString(AbstractCollection.java:462) ~[na:1.8.0_131]
	at org.hibernate.collection.internal.PersistentBag.toString(PersistentBag.java:510) ~[hibernate-core-5.0.12.Final.jar:5.0.12.Final]
	at java.lang.String.valueOf(String.java:2994) ~[na:1.8.0_131]
	at java.lang.StringBuilder.append(StringBuilder.java:131) ~[na:1.8.0_131]
	at com.jpa.hibernate.demo.entity.Course.toString(Course.java:105) ~[classes/:na]
	at java.lang.String.valueOf(String.java:2994) ~[na:1.8.0_131]
	at java.lang.StringBuilder.append(StringBuilder.java:131) ~[na:1.8.0_131]
	at com.jpa.hibernate.demo.entity.Rating.toString(Rating.java:55) ~[classes/:na]
	at java.lang.String.valueOf(String.java:2994) ~[na:1.8.0_131]
	at java.lang.StringBuilder.append(StringBuilder.java:131) ~[na:1.8.0_131]
	at java.util.AbstractCollection.toString(AbstractCollection.java:462) ~[na:1.8.0_131]
	at org.hibernate.collection.internal.PersistentBag.toString(PersistentBag.java:510) ~[hibernate-core-5.0.12.Final.jar:5.0.12.Final]
	at java.lang.String.valueOf(String.java:2994) ~[na:1.8.0_131]
	at java.lang.StringBuilder.append(StringBuilder.java:131) ~[na:1.8.0_131]
	at com.jpa.hibernate.demo.entity.Course.toString(Course.java:105) ~[classes/:na]
	at java.lang.String.valueOf(String.java:2994) ~[na:1.8.0_131]
	at java.lang.StringBuilder.append(StringBuilder.java:131) ~[na:1.8.0_131]
	at com.jpa.hibernate.demo.entity.Rating.toString(Rating.java:55) ~[classes/:na]
	at java.lang.String.valueOf(String.java:2994) ~[na:1.8.0_131]
	at java.lang.StringBuilder.append(StringBuilder.java:131) ~[na:1.8.0_131]
	at java.util.AbstractCollection.toString(AbstractCollection.java:462) ~[na:1.8.0_131]
	at org.hibernate.collection.internal.PersistentBag.toString(PersistentBag.java:510) ~[hibernate-core-5.0.12.Final.jar:5.0.12.Final]
	at java.lang.String.valueOf(String.java:2994) ~[na:1.8.0_131]
	at java.lang.StringBuilder.append(StringBuilder.java:131) ~[na:1.8.0_131]
	at com.jpa.hibernate.demo.entity.Course.toString(Course.java:105) ~[classes/:na]
	at java.lang.String.valueOf(String.java:2994) ~[na:1.8.0_131]
	at java.lang.StringBuilder.append(StringBuilder.java:131) ~[na:1.8.0_131]
	at com.jpa.hibernate.demo.entity.Rating.toString(Rating.java:55) ~[classes/:na]
	at java.lang.String.valueOf(String.java:2994) ~[na:1.8.0_131]
	at java.lang.StringBuilder.append(StringBuilder.java:131) ~[na:1.8.0_131]
	at java.util.AbstractCollection.toString(AbstractCollection.java:462) ~[na:1.8.0_131]
	at org.hibernate.collection.internal.PersistentBag.toString(PersistentBag.java:510) ~[hibernate-core-5.0.12.Final.jar:5.0.12.Final]
	at java.lang.String.valueOf(String.java:2994) ~[na:1.8.0_131]
	at java.lang.StringBuilder.append(StringBuilder.java:131) ~[na:1.8.0_131]
	at com.jpa.hibernate.demo.entity.Course.toString(Course.java:105) ~[classes/:na]
	at java.lang.String.valueOf(String.java:2994) ~[na:1.8.0_131]
	at java.lang.StringBuilder.append(StringBuilder.java:131) ~[na:1.8.0_131]
	at com.jpa.hibernate.demo.entity.Rating.toString(Rating.java:55) ~[classes/:na]
	at java.lang.String.valueOf(String.java:2994) ~[na:1.8.0_131]
	at java.lang.StringBuilder.append(StringBuilder.java:131) ~[na:1.8.0_131]
	at java.util.AbstractCollection.toString(AbstractCollection.java:462) ~[na:1.8.0_131]
	at org.hibernate.collection.internal.PersistentBag.toString(PersistentBag.java:510) ~[hibernate-core-5.0.12.Final.jar:5.0.12.Final]
	at java.lang.String.valueOf(String.java:2994) ~[na:1.8.0_131]
	at java.lang.StringBuilder.append(StringBuilder.java:131) ~[na:1.8.0_131]
	at com.jpa.hibernate.demo.entity.Course.toString(Course.java:105) ~[classes/:na]
	at java.lang.String.valueOf(String.java:2994) ~[na:1.8.0_131]
	at java.lang.StringBuilder.append(StringBuilder.java:131) ~[na:1.8.0_131]
	at com.jpa.hibernate.demo.entity.Rating.toString(Rating.java:55) ~[classes/:na]
	at java.lang.String.valueOf(String.java:2994) ~[na:1.8.0_131]
	at java.lang.StringBuilder.append(StringBuilder.java:131) ~[na:1.8.0_131]
	at java.util.AbstractCollection.toString(AbstractCollection.java:462) ~[na:1.8.0_131]
	at org.hibernate.collection.internal.PersistentBag.toString(PersistentBag.java:510) ~[hibernate-core-5.0.12.Final.jar:5.0.12.Final]
	at java.lang.String.valueOf(String.java:2994) ~[na:1.8.0_131]
	at java.lang.StringBuilder.append(StringBuilder.java:131) ~[na:1.8.0_131]
	at com.jpa.hibernate.demo.entity.Course.toString(Course.java:105) ~[classes/:na]
	at java.lang.String.valueOf(String.java:2994) ~[na:1.8.0_131]
	at java.lang.StringBuilder.append(StringBuilder.java:131) ~[na:1.8.0_131]
	at com.jpa.hibernate.demo.entity.Rating.toString(Rating.java:55) ~[classes/:na]
	at java.lang.String.valueOf(String.java:2994) ~[na:1.8.0_131]
	at java.lang.StringBuilder.append(StringBuilder.java:131) ~[na:1.8.0_131]
	at java.util.AbstractCollection.toString(AbstractCollection.java:462) ~[na:1.8.0_131]
	at org.hibernate.collection.internal.PersistentBag.toString(PersistentBag.java:510) ~[hibernate-core-5.0.12.Final.jar:5.0.12.Final]
	at java.lang.String.valueOf(String.java:2994) ~[na:1.8.0_131]
	at java.lang.StringBuilder.append(StringBuilder.java:131) ~[na:1.8.0_131]
	at com.jpa.hibernate.demo.entity.Course.toString(Course.java:105) ~[classes/:na]
	at java.lang.String.valueOf(String.java:2994) ~[na:1.8.0_131]
	at java.lang.StringBuilder.append(StringBuilder.java:131) ~[na:1.8.0_131]
	at com.jpa.hibernate.demo.entity.Rating.toString(Rating.java:55) ~[classes/:na]
	at java.lang.String.valueOf(String.java:2994) ~[na:1.8.0_131]
	at java.lang.StringBuilder.append(StringBuilder.java:131) ~[na:1.8.0_131]
	at java.util.AbstractCollection.toString(AbstractCollection.java:462) ~[na:1.8.0_131]
	at org.hibernate.collection.internal.PersistentBag.toString(PersistentBag.java:510) ~[hibernate-core-5.0.12.Final.jar:5.0.12.Final]
	at java.lang.String.valueOf(String.java:2994) ~[na:1.8.0_131]
	at java.lang.StringBuilder.append(StringBuilder.java:131) ~[na:1.8.0_131]
	at com.jpa.hibernate.demo.entity.Course.toString(Course.java:105) ~[classes/:na]
	at java.lang.String.valueOf(String.java:2994) ~[na:1.8.0_131]
	at java.lang.StringBuilder.append(StringBuilder.java:131) ~[na:1.8.0_131]
	at com.jpa.hibernate.demo.entity.Rating.toString(Rating.java:55) ~[classes/:na]
	at java.lang.String.valueOf(String.java:2994) ~[na:1.8.0_131]
	at java.lang.StringBuilder.append(StringBuilder.java:131) ~[na:1.8.0_131]
	at java.util.AbstractCollection.toString(AbstractCollection.java:462) ~[na:1.8.0_131]
	at org.hibernate.collection.internal.PersistentBag.toString(PersistentBag.java:510) ~[hibernate-core-5.0.12.Final.jar:5.0.12.Final]
	at java.lang.String.valueOf(String.java:2994) ~[na:1.8.0_131]
	at java.lang.StringBuilder.append(StringBuilder.java:131) ~[na:1.8.0_131]
	at com.jpa.hibernate.demo.entity.Course.toString(Course.java:105) ~[classes/:na]
	at java.lang.String.valueOf(String.java:2994) ~[na:1.8.0_131]
	at java.lang.StringBuilder.append(StringBuilder.java:131) ~[na:1.8.0_131]
	at com.jpa.hibernate.demo.entity.Rating.toString(Rating.java:55) ~[classes/:na]
	at java.lang.String.valueOf(String.java:2994) ~[na:1.8.0_131]
	at java.lang.StringBuilder.append(StringBuilder.java:131) ~[na:1.8.0_131]
	at java.util.AbstractCollection.toString(AbstractCollection.java:462) ~[na:1.8.0_131]
	at org.hibernate.collection.internal.PersistentBag.toString(PersistentBag.java:510) ~[hibernate-core-5.0.12.Final.jar:5.0.12.Final]
	at java.lang.String.valueOf(String.java:2994) ~[na:1.8.0_131]
	at java.lang.StringBuilder.append(StringBuilder.java:131) ~[na:1.8.0_131]
	at com.jpa.hibernate.demo.entity.Course.toString(Course.java:105) ~[classes/:na]
	at java.lang.String.valueOf(String.java:2994) ~[na:1.8.0_131]
	at java.lang.StringBuilder.append(StringBuilder.java:131) ~[na:1.8.0_131]
	at com.jpa.hibernate.demo.entity.Rating.toString(Rating.java:55) ~[classes/:na]
	at java.lang.String.valueOf(String.java:2994) ~[na:1.8.0_131]
	at java.lang.StringBuilder.append(StringBuilder.java:131) ~[na:1.8.0_131]
	at java.util.AbstractCollection.toString(AbstractCollection.java:462) ~[na:1.8.0_131]
	at org.hibernate.collection.internal.PersistentBag.toString(PersistentBag.java:510) ~[hibernate-core-5.0.12.Final.jar:5.0.12.Final]
	at java.lang.String.valueOf(String.java:2994) ~[na:1.8.0_131]
	at java.lang.StringBuilder.append(StringBuilder.java:131) ~[na:1.8.0_131]

]]></system-out>
    <system-err><![CDATA[Wed Jun 19 12:01:04 IST 2019 WARN: Establishing SSL connection without server's identity verification is not recommended. According to MySQL 5.5.45+, 5.6.26+ and 5.7.6+ requirements SSL connection must be established by default if explicit option isn't set. For compliance with existing applications not using SSL the verifyServerCertificate property is set to 'false'. You need either to explicitly disable SSL by setting useSSL=false, or set useSSL=true and provide truststore for server certificate verification.
Wed Jun 19 12:01:04 IST 2019 WARN: Establishing SSL connection without server's identity verification is not recommended. According to MySQL 5.5.45+, 5.6.26+ and 5.7.6+ requirements SSL connection must be established by default if explicit option isn't set. For compliance with existing applications not using SSL the verifyServerCertificate property is set to 'false'. You need either to explicitly disable SSL by setting useSSL=false, or set useSSL=true and provide truststore for server certificate verification.
Wed Jun 19 12:01:04 IST 2019 WARN: Establishing SSL connection without server's identity verification is not recommended. According to MySQL 5.5.45+, 5.6.26+ and 5.7.6+ requirements SSL connection must be established by default if explicit option isn't set. For compliance with existing applications not using SSL the verifyServerCertificate property is set to 'false'. You need either to explicitly disable SSL by setting useSSL=false, or set useSSL=true and provide truststore for server certificate verification.
Wed Jun 19 12:01:04 IST 2019 WARN: Establishing SSL connection without server's identity verification is not recommended. According to MySQL 5.5.45+, 5.6.26+ and 5.7.6+ requirements SSL connection must be established by default if explicit option isn't set. For compliance with existing applications not using SSL the verifyServerCertificate property is set to 'false'. You need either to explicitly disable SSL by setting useSSL=false, or set useSSL=true and provide truststore for server certificate verification.
Wed Jun 19 12:01:04 IST 2019 WARN: Establishing SSL connection without server's identity verification is not recommended. According to MySQL 5.5.45+, 5.6.26+ and 5.7.6+ requirements SSL connection must be established by default if explicit option isn't set. For compliance with existing applications not using SSL the verifyServerCertificate property is set to 'false'. You need either to explicitly disable SSL by setting useSSL=false, or set useSSL=true and provide truststore for server certificate verification.
Wed Jun 19 12:01:04 IST 2019 WARN: Establishing SSL connection without server's identity verification is not recommended. According to MySQL 5.5.45+, 5.6.26+ and 5.7.6+ requirements SSL connection must be established by default if explicit option isn't set. For compliance with existing applications not using SSL the verifyServerCertificate property is set to 'false'. You need either to explicitly disable SSL by setting useSSL=false, or set useSSL=true and provide truststore for server certificate verification.
Wed Jun 19 12:01:04 IST 2019 WARN: Establishing SSL connection without server's identity verification is not recommended. According to MySQL 5.5.45+, 5.6.26+ and 5.7.6+ requirements SSL connection must be established by default if explicit option isn't set. For compliance with existing applications not using SSL the verifyServerCertificate property is set to 'false'. You need either to explicitly disable SSL by setting useSSL=false, or set useSSL=true and provide truststore for server certificate verification.
Wed Jun 19 12:01:04 IST 2019 WARN: Establishing SSL connection without server's identity verification is not recommended. According to MySQL 5.5.45+, 5.6.26+ and 5.7.6+ requirements SSL connection must be established by default if explicit option isn't set. For compliance with existing applications not using SSL the verifyServerCertificate property is set to 'false'. You need either to explicitly disable SSL by setting useSSL=false, or set useSSL=true and provide truststore for server certificate verification.
Wed Jun 19 12:01:04 IST 2019 WARN: Establishing SSL connection without server's identity verification is not recommended. According to MySQL 5.5.45+, 5.6.26+ and 5.7.6+ requirements SSL connection must be established by default if explicit option isn't set. For compliance with existing applications not using SSL the verifyServerCertificate property is set to 'false'. You need either to explicitly disable SSL by setting useSSL=false, or set useSSL=true and provide truststore for server certificate verification.
Wed Jun 19 12:01:04 IST 2019 WARN: Establishing SSL connection without server's identity verification is not recommended. According to MySQL 5.5.45+, 5.6.26+ and 5.7.6+ requirements SSL connection must be established by default if explicit option isn't set. For compliance with existing applications not using SSL the verifyServerCertificate property is set to 'false'. You need either to explicitly disable SSL by setting useSSL=false, or set useSSL=true and provide truststore for server certificate verification.
]]></system-err>
  </testcase>
  <testcase name="retriewreviewForCourse" classname="com.jpa.hibernate.demo.repo.CourseRepoTest" time="0">
    <error type="java.lang.StackOverflowError">java.lang.StackOverflowError
</error>
    <system-out><![CDATA[
  .   ____          _            __ _ _
 /\\ / ___'_ __ _ _(_)_ __  __ _ \ \ \ \
( ( )\___ | '_ | '_| | '_ \/ _` | \ \ \ \
 \\/  ___)| |_)| | | | | || (_| |  ) ) ) )
  '  |____| .__|_| |_|_| |_\__, | / / / /
 =========|_|==============|___/=/_/_/_/
 :: Spring Boot ::        (v1.5.9.RELEASE)

2019-06-19 12:01:05.058  INFO 6732 --- [           main] c.j.hibernate.demo.repo.CourseRepoTest   : Starting CourseRepoTest on Sudhir with PID 6732 (started by sudha in C:\Users\sudha\Jpa-hibernate-in-depth\jpa-hibernate)
2019-06-19 12:01:05.058  INFO 6732 --- [           main] c.j.hibernate.demo.repo.CourseRepoTest   : No active profile set, falling back to default profiles: default
2019-06-19 12:01:05.060  INFO 6732 --- [           main] o.s.w.c.s.GenericWebApplicationContext   : Refreshing org.springframework.web.context.support.GenericWebApplicationContext@6906be0f: startup date [Wed Jun 19 12:01:05 IST 2019]; root of context hierarchy
2019-06-19 12:01:05.647  INFO 6732 --- [           main] j.LocalContainerEntityManagerFactoryBean : Building JPA container EntityManagerFactory for persistence unit 'default'
2019-06-19 12:01:05.648  INFO 6732 --- [           main] o.hibernate.jpa.internal.util.LogHelper  : HHH000204: Processing PersistenceUnitInfo [
	name: default
	...]
2019-06-19 12:01:05.653  INFO 6732 --- [           main] org.hibernate.dialect.Dialect            : HHH000400: Using dialect: org.hibernate.dialect.MySQL5Dialect
2019-06-19 12:01:05.684  INFO 6732 --- [           main] o.h.h.i.QueryTranslatorFactoryInitiator  : HHH000397: Using ASTQueryTranslatorFactory
2019-06-19 12:01:05.688  INFO 6732 --- [           main] j.LocalContainerEntityManagerFactoryBean : Initialized JPA EntityManagerFactory for persistence unit 'default'
2019-06-19 12:01:06.201  INFO 6732 --- [           main] s.w.s.m.m.a.RequestMappingHandlerAdapter : Looking for @ControllerAdvice: org.springframework.web.context.support.GenericWebApplicationContext@6906be0f: startup date [Wed Jun 19 12:01:05 IST 2019]; root of context hierarchy
2019-06-19 12:01:06.224  INFO 6732 --- [           main] s.w.s.m.m.a.RequestMappingHandlerMapping : Mapped "{[/error]}" onto public org.springframework.http.ResponseEntity<java.util.Map<java.lang.String, java.lang.Object>> org.springframework.boot.autoconfigure.web.BasicErrorController.error(javax.servlet.http.HttpServletRequest)
2019-06-19 12:01:06.225  INFO 6732 --- [           main] s.w.s.m.m.a.RequestMappingHandlerMapping : Mapped "{[/error],produces=[text/html]}" onto public org.springframework.web.servlet.ModelAndView org.springframework.boot.autoconfigure.web.BasicErrorController.errorHtml(javax.servlet.http.HttpServletRequest,javax.servlet.http.HttpServletResponse)
2019-06-19 12:01:06.247  INFO 6732 --- [           main] o.s.w.s.handler.SimpleUrlHandlerMapping  : Mapped URL path [/webjars/**] onto handler of type [class org.springframework.web.servlet.resource.ResourceHttpRequestHandler]
2019-06-19 12:01:06.247  INFO 6732 --- [           main] o.s.w.s.handler.SimpleUrlHandlerMapping  : Mapped URL path [/**] onto handler of type [class org.springframework.web.servlet.resource.ResourceHttpRequestHandler]
2019-06-19 12:01:06.272  INFO 6732 --- [           main] o.s.w.s.handler.SimpleUrlHandlerMapping  : Mapped URL path [/**/favicon.ico] onto handler of type [class org.springframework.web.servlet.resource.ResourceHttpRequestHandler]
Hibernate: select course0_.id as id1_0_0_, course0_.address as address2_0_0_, course0_.contact as contact3_0_0_, course0_.email as email4_0_0_, course0_.name as name5_0_0_ from course course0_ where course0_.id=?
Hibernate: select rating0_.course_id as course_i4_3_0_, rating0_.id as id1_3_0_, rating0_.id as id1_3_1_, rating0_.course_id as course_i4_3_1_, rating0_.description as descript2_3_1_, rating0_.rating as rating3_3_1_ from review rating0_ where rating0_.course_id=?
2019-06-19 12:01:06.439  INFO 6732 --- [           main] utoConfigurationReportLoggingInitializer : 

Error starting ApplicationContext. To display the auto-configuration report re-run your application with 'debug' enabled.
2019-06-19 12:01:06.442 ERROR 6732 --- [           main] o.s.boot.SpringApplication               : Application startup failed

java.lang.StackOverflowError: null
	at java.util.AbstractCollection.toString(AbstractCollection.java:454) ~[na:1.8.0_131]
	at org.hibernate.collection.internal.PersistentBag.toString(PersistentBag.java:510) ~[hibernate-core-5.0.12.Final.jar:5.0.12.Final]
	at java.lang.String.valueOf(String.java:2994) ~[na:1.8.0_131]
	at java.lang.StringBuilder.append(StringBuilder.java:131) ~[na:1.8.0_131]
	at com.jpa.hibernate.demo.entity.Course.toString(Course.java:105) ~[classes/:na]
	at java.lang.String.valueOf(String.java:2994) ~[na:1.8.0_131]
	at java.lang.StringBuilder.append(StringBuilder.java:131) ~[na:1.8.0_131]
	at com.jpa.hibernate.demo.entity.Rating.toString(Rating.java:55) ~[classes/:na]
	at java.lang.String.valueOf(String.java:2994) ~[na:1.8.0_131]
	at java.lang.StringBuilder.append(StringBuilder.java:131) ~[na:1.8.0_131]
	at java.util.AbstractCollection.toString(AbstractCollection.java:462) ~[na:1.8.0_131]
	at org.hibernate.collection.internal.PersistentBag.toString(PersistentBag.java:510) ~[hibernate-core-5.0.12.Final.jar:5.0.12.Final]
	at java.lang.String.valueOf(String.java:2994) ~[na:1.8.0_131]
	at java.lang.StringBuilder.append(StringBuilder.java:131) ~[na:1.8.0_131]
	at com.jpa.hibernate.demo.entity.Course.toString(Course.java:105) ~[classes/:na]
	at java.lang.String.valueOf(String.java:2994) ~[na:1.8.0_131]
	at java.lang.StringBuilder.append(StringBuilder.java:131) ~[na:1.8.0_131]
	at com.jpa.hibernate.demo.entity.Rating.toString(Rating.java:55) ~[classes/:na]
	at java.lang.String.valueOf(String.java:2994) ~[na:1.8.0_131]
	at java.lang.StringBuilder.append(StringBuilder.java:131) ~[na:1.8.0_131]
	at java.util.AbstractCollection.toString(AbstractCollection.java:462) ~[na:1.8.0_131]
	at org.hibernate.collection.internal.PersistentBag.toString(PersistentBag.java:510) ~[hibernate-core-5.0.12.Final.jar:5.0.12.Final]
	at java.lang.String.valueOf(String.java:2994) ~[na:1.8.0_131]
	at java.lang.StringBuilder.append(StringBuilder.java:131) ~[na:1.8.0_131]
	at com.jpa.hibernate.demo.entity.Course.toString(Course.java:105) ~[classes/:na]
	at java.lang.String.valueOf(String.java:2994) ~[na:1.8.0_131]
	at java.lang.StringBuilder.append(StringBuilder.java:131) ~[na:1.8.0_131]
	at com.jpa.hibernate.demo.entity.Rating.toString(Rating.java:55) ~[classes/:na]
	at java.lang.String.valueOf(String.java:2994) ~[na:1.8.0_131]
	at java.lang.StringBuilder.append(StringBuilder.java:131) ~[na:1.8.0_131]
	at java.util.AbstractCollection.toString(AbstractCollection.java:462) ~[na:1.8.0_131]
	at org.hibernate.collection.internal.PersistentBag.toString(PersistentBag.java:510) ~[hibernate-core-5.0.12.Final.jar:5.0.12.Final]
	at java.lang.String.valueOf(String.java:2994) ~[na:1.8.0_131]
	at java.lang.StringBuilder.append(StringBuilder.java:131) ~[na:1.8.0_131]
	at com.jpa.hibernate.demo.entity.Course.toString(Course.java:105) ~[classes/:na]
	at java.lang.String.valueOf(String.java:2994) ~[na:1.8.0_131]
	at java.lang.StringBuilder.append(StringBuilder.java:131) ~[na:1.8.0_131]
	at com.jpa.hibernate.demo.entity.Rating.toString(Rating.java:55) ~[classes/:na]
	at java.lang.String.valueOf(String.java:2994) ~[na:1.8.0_131]
	at java.lang.StringBuilder.append(StringBuilder.java:131) ~[na:1.8.0_131]
	at java.util.AbstractCollection.toString(AbstractCollection.java:462) ~[na:1.8.0_131]
	at org.hibernate.collection.internal.PersistentBag.toString(PersistentBag.java:510) ~[hibernate-core-5.0.12.Final.jar:5.0.12.Final]
	at java.lang.String.valueOf(String.java:2994) ~[na:1.8.0_131]
	at java.lang.StringBuilder.append(StringBuilder.java:131) ~[na:1.8.0_131]
	at com.jpa.hibernate.demo.entity.Course.toString(Course.java:105) ~[classes/:na]
	at java.lang.String.valueOf(String.java:2994) ~[na:1.8.0_131]
	at java.lang.StringBuilder.append(StringBuilder.java:131) ~[na:1.8.0_131]
	at com.jpa.hibernate.demo.entity.Rating.toString(Rating.java:55) ~[classes/:na]
	at java.lang.String.valueOf(String.java:2994) ~[na:1.8.0_131]
	at java.lang.StringBuilder.append(StringBuilder.java:131) ~[na:1.8.0_131]
	at java.util.AbstractCollection.toString(AbstractCollection.java:462) ~[na:1.8.0_131]
	at org.hibernate.collection.internal.PersistentBag.toString(PersistentBag.java:510) ~[hibernate-core-5.0.12.Final.jar:5.0.12.Final]
	at java.lang.String.valueOf(String.java:2994) ~[na:1.8.0_131]
	at java.lang.StringBuilder.append(StringBuilder.java:131) ~[na:1.8.0_131]
	at com.jpa.hibernate.demo.entity.Course.toString(Course.java:105) ~[classes/:na]
	at java.lang.String.valueOf(String.java:2994) ~[na:1.8.0_131]
	at java.lang.StringBuilder.append(StringBuilder.java:131) ~[na:1.8.0_131]
	at com.jpa.hibernate.demo.entity.Rating.toString(Rating.java:55) ~[classes/:na]
	at java.lang.String.valueOf(String.java:2994) ~[na:1.8.0_131]
	at java.lang.StringBuilder.append(StringBuilder.java:131) ~[na:1.8.0_131]
	at java.util.AbstractCollection.toString(AbstractCollection.java:462) ~[na:1.8.0_131]
	at org.hibernate.collection.internal.PersistentBag.toString(PersistentBag.java:510) ~[hibernate-core-5.0.12.Final.jar:5.0.12.Final]
	at java.lang.String.valueOf(String.java:2994) ~[na:1.8.0_131]
	at java.lang.StringBuilder.append(StringBuilder.java:131) ~[na:1.8.0_131]
	at com.jpa.hibernate.demo.entity.Course.toString(Course.java:105) ~[classes/:na]
	at java.lang.String.valueOf(String.java:2994) ~[na:1.8.0_131]
	at java.lang.StringBuilder.append(StringBuilder.java:131) ~[na:1.8.0_131]
	at com.jpa.hibernate.demo.entity.Rating.toString(Rating.java:55) ~[classes/:na]
	at java.lang.String.valueOf(String.java:2994) ~[na:1.8.0_131]
	at java.lang.StringBuilder.append(StringBuilder.java:131) ~[na:1.8.0_131]
	at java.util.AbstractCollection.toString(AbstractCollection.java:462) ~[na:1.8.0_131]
	at org.hibernate.collection.internal.PersistentBag.toString(PersistentBag.java:510) ~[hibernate-core-5.0.12.Final.jar:5.0.12.Final]
	at java.lang.String.valueOf(String.java:2994) ~[na:1.8.0_131]
	at java.lang.StringBuilder.append(StringBuilder.java:131) ~[na:1.8.0_131]
	at com.jpa.hibernate.demo.entity.Course.toString(Course.java:105) ~[classes/:na]
	at java.lang.String.valueOf(String.java:2994) ~[na:1.8.0_131]
	at java.lang.StringBuilder.append(StringBuilder.java:131) ~[na:1.8.0_131]
	at com.jpa.hibernate.demo.entity.Rating.toString(Rating.java:55) ~[classes/:na]
	at java.lang.String.valueOf(String.java:2994) ~[na:1.8.0_131]
	at java.lang.StringBuilder.append(StringBuilder.java:131) ~[na:1.8.0_131]
	at java.util.AbstractCollection.toString(AbstractCollection.java:462) ~[na:1.8.0_131]
	at org.hibernate.collection.internal.PersistentBag.toString(PersistentBag.java:510) ~[hibernate-core-5.0.12.Final.jar:5.0.12.Final]
	at java.lang.String.valueOf(String.java:2994) ~[na:1.8.0_131]
	at java.lang.StringBuilder.append(StringBuilder.java:131) ~[na:1.8.0_131]
	at com.jpa.hibernate.demo.entity.Course.toString(Course.java:105) ~[classes/:na]
	at java.lang.String.valueOf(String.java:2994) ~[na:1.8.0_131]
	at java.lang.StringBuilder.append(StringBuilder.java:131) ~[na:1.8.0_131]
	at com.jpa.hibernate.demo.entity.Rating.toString(Rating.java:55) ~[classes/:na]
	at java.lang.String.valueOf(String.java:2994) ~[na:1.8.0_131]
	at java.lang.StringBuilder.append(StringBuilder.java:131) ~[na:1.8.0_131]
	at java.util.AbstractCollection.toString(AbstractCollection.java:462) ~[na:1.8.0_131]
	at org.hibernate.collection.internal.PersistentBag.toString(PersistentBag.java:510) ~[hibernate-core-5.0.12.Final.jar:5.0.12.Final]
	at java.lang.String.valueOf(String.java:2994) ~[na:1.8.0_131]
	at java.lang.StringBuilder.append(StringBuilder.java:131) ~[na:1.8.0_131]
	at com.jpa.hibernate.demo.entity.Course.toString(Course.java:105) ~[classes/:na]
	at java.lang.String.valueOf(String.java:2994) ~[na:1.8.0_131]
	at java.lang.StringBuilder.append(StringBuilder.java:131) ~[na:1.8.0_131]
	at com.jpa.hibernate.demo.entity.Rating.toString(Rating.java:55) ~[classes/:na]
	at java.lang.String.valueOf(String.java:2994) ~[na:1.8.0_131]
	at java.lang.StringBuilder.append(StringBuilder.java:131) ~[na:1.8.0_131]
	at java.util.AbstractCollection.toString(AbstractCollection.java:462) ~[na:1.8.0_131]
	at org.hibernate.collection.internal.PersistentBag.toString(PersistentBag.java:510) ~[hibernate-core-5.0.12.Final.jar:5.0.12.Final]
	at java.lang.String.valueOf(String.java:2994) ~[na:1.8.0_131]
	at java.lang.StringBuilder.append(StringBuilder.java:131) ~[na:1.8.0_131]
	at com.jpa.hibernate.demo.entity.Course.toString(Course.java:105) ~[classes/:na]
	at java.lang.String.valueOf(String.java:2994) ~[na:1.8.0_131]
	at java.lang.StringBuilder.append(StringBuilder.java:131) ~[na:1.8.0_131]
	at com.jpa.hibernate.demo.entity.Rating.toString(Rating.java:55) ~[classes/:na]
	at java.lang.String.valueOf(String.java:2994) ~[na:1.8.0_131]
	at java.lang.StringBuilder.append(StringBuilder.java:131) ~[na:1.8.0_131]
	at java.util.AbstractCollection.toString(AbstractCollection.java:462) ~[na:1.8.0_131]
	at org.hibernate.collection.internal.PersistentBag.toString(PersistentBag.java:510) ~[hibernate-core-5.0.12.Final.jar:5.0.12.Final]
	at java.lang.String.valueOf(String.java:2994) ~[na:1.8.0_131]
	at java.lang.StringBuilder.append(StringBuilder.java:131) ~[na:1.8.0_131]
	at com.jpa.hibernate.demo.entity.Course.toString(Course.java:105) ~[classes/:na]
	at java.lang.String.valueOf(String.java:2994) ~[na:1.8.0_131]
	at java.lang.StringBuilder.append(StringBuilder.java:131) ~[na:1.8.0_131]
	at com.jpa.hibernate.demo.entity.Rating.toString(Rating.java:55) ~[classes/:na]
	at java.lang.String.valueOf(String.java:2994) ~[na:1.8.0_131]
	at java.lang.StringBuilder.append(StringBuilder.java:131) ~[na:1.8.0_131]
	at java.util.AbstractCollection.toString(AbstractCollection.java:462) ~[na:1.8.0_131]
	at org.hibernate.collection.internal.PersistentBag.toString(PersistentBag.java:510) ~[hibernate-core-5.0.12.Final.jar:5.0.12.Final]
	at java.lang.String.valueOf(String.java:2994) ~[na:1.8.0_131]
	at java.lang.StringBuilder.append(StringBuilder.java:131) ~[na:1.8.0_131]
	at com.jpa.hibernate.demo.entity.Course.toString(Course.java:105) ~[classes/:na]
	at java.lang.String.valueOf(String.java:2994) ~[na:1.8.0_131]
	at java.lang.StringBuilder.append(StringBuilder.java:131) ~[na:1.8.0_131]
	at com.jpa.hibernate.demo.entity.Rating.toString(Rating.java:55) ~[classes/:na]
	at java.lang.String.valueOf(String.java:2994) ~[na:1.8.0_131]
	at java.lang.StringBuilder.append(StringBuilder.java:131) ~[na:1.8.0_131]
	at java.util.AbstractCollection.toString(AbstractCollection.java:462) ~[na:1.8.0_131]
	at org.hibernate.collection.internal.PersistentBag.toString(PersistentBag.java:510) ~[hibernate-core-5.0.12.Final.jar:5.0.12.Final]
	at java.lang.String.valueOf(String.java:2994) ~[na:1.8.0_131]
	at java.lang.StringBuilder.append(StringBuilder.java:131) ~[na:1.8.0_131]
	at com.jpa.hibernate.demo.entity.Course.toString(Course.java:105) ~[classes/:na]
	at java.lang.String.valueOf(String.java:2994) ~[na:1.8.0_131]
	at java.lang.StringBuilder.append(StringBuilder.java:131) ~[na:1.8.0_131]
	at com.jpa.hibernate.demo.entity.Rating.toString(Rating.java:55) ~[classes/:na]
	at java.lang.String.valueOf(String.java:2994) ~[na:1.8.0_131]
	at java.lang.StringBuilder.append(StringBuilder.java:131) ~[na:1.8.0_131]
	at java.util.AbstractCollection.toString(AbstractCollection.java:462) ~[na:1.8.0_131]
	at org.hibernate.collection.internal.PersistentBag.toString(PersistentBag.java:510) ~[hibernate-core-5.0.12.Final.jar:5.0.12.Final]
	at java.lang.String.valueOf(String.java:2994) ~[na:1.8.0_131]
	at java.lang.StringBuilder.append(StringBuilder.java:131) ~[na:1.8.0_131]
	at com.jpa.hibernate.demo.entity.Course.toString(Course.java:105) ~[classes/:na]
	at java.lang.String.valueOf(String.java:2994) ~[na:1.8.0_131]
	at java.lang.StringBuilder.append(StringBuilder.java:131) ~[na:1.8.0_131]
	at com.jpa.hibernate.demo.entity.Rating.toString(Rating.java:55) ~[classes/:na]
	at java.lang.String.valueOf(String.java:2994) ~[na:1.8.0_131]
	at java.lang.StringBuilder.append(StringBuilder.java:131) ~[na:1.8.0_131]
	at java.util.AbstractCollection.toString(AbstractCollection.java:462) ~[na:1.8.0_131]
	at org.hibernate.collection.internal.PersistentBag.toString(PersistentBag.java:510) ~[hibernate-core-5.0.12.Final.jar:5.0.12.Final]
	at java.lang.String.valueOf(String.java:2994) ~[na:1.8.0_131]
	at java.lang.StringBuilder.append(StringBuilder.java:131) ~[na:1.8.0_131]
	at com.jpa.hibernate.demo.entity.Course.toString(Course.java:105) ~[classes/:na]
	at java.lang.String.valueOf(String.java:2994) ~[na:1.8.0_131]
	at java.lang.StringBuilder.append(StringBuilder.java:131) ~[na:1.8.0_131]
	at com.jpa.hibernate.demo.entity.Rating.toString(Rating.java:55) ~[classes/:na]
	at java.lang.String.valueOf(String.java:2994) ~[na:1.8.0_131]
	at java.lang.StringBuilder.append(StringBuilder.java:131) ~[na:1.8.0_131]
	at java.util.AbstractCollection.toString(AbstractCollection.java:462) ~[na:1.8.0_131]
	at org.hibernate.collection.internal.PersistentBag.toString(PersistentBag.java:510) ~[hibernate-core-5.0.12.Final.jar:5.0.12.Final]
	at java.lang.String.valueOf(String.java:2994) ~[na:1.8.0_131]
	at java.lang.StringBuilder.append(StringBuilder.java:131) ~[na:1.8.0_131]
	at com.jpa.hibernate.demo.entity.Course.toString(Course.java:105) ~[classes/:na]
	at java.lang.String.valueOf(String.java:2994) ~[na:1.8.0_131]
	at java.lang.StringBuilder.append(StringBuilder.java:131) ~[na:1.8.0_131]
	at com.jpa.hibernate.demo.entity.Rating.toString(Rating.java:55) ~[classes/:na]
	at java.lang.String.valueOf(String.java:2994) ~[na:1.8.0_131]
	at java.lang.StringBuilder.append(StringBuilder.java:131) ~[na:1.8.0_131]
	at java.util.AbstractCollection.toString(AbstractCollection.java:462) ~[na:1.8.0_131]
	at org.hibernate.collection.internal.PersistentBag.toString(PersistentBag.java:510) ~[hibernate-core-5.0.12.Final.jar:5.0.12.Final]
	at java.lang.String.valueOf(String.java:2994) ~[na:1.8.0_131]
	at java.lang.StringBuilder.append(StringBuilder.java:131) ~[na:1.8.0_131]
	at com.jpa.hibernate.demo.entity.Course.toString(Course.java:105) ~[classes/:na]
	at java.lang.String.valueOf(String.java:2994) ~[na:1.8.0_131]
	at java.lang.StringBuilder.append(StringBuilder.java:131) ~[na:1.8.0_131]
	at com.jpa.hibernate.demo.entity.Rating.toString(Rating.java:55) ~[classes/:na]
	at java.lang.String.valueOf(String.java:2994) ~[na:1.8.0_131]
	at java.lang.StringBuilder.append(StringBuilder.java:131) ~[na:1.8.0_131]
	at java.util.AbstractCollection.toString(AbstractCollection.java:462) ~[na:1.8.0_131]
	at org.hibernate.collection.internal.PersistentBag.toString(PersistentBag.java:510) ~[hibernate-core-5.0.12.Final.jar:5.0.12.Final]
	at java.lang.String.valueOf(String.java:2994) ~[na:1.8.0_131]
	at java.lang.StringBuilder.append(StringBuilder.java:131) ~[na:1.8.0_131]
	at com.jpa.hibernate.demo.entity.Course.toString(Course.java:105) ~[classes/:na]
	at java.lang.String.valueOf(String.java:2994) ~[na:1.8.0_131]
	at java.lang.StringBuilder.append(StringBuilder.java:131) ~[na:1.8.0_131]
	at com.jpa.hibernate.demo.entity.Rating.toString(Rating.java:55) ~[classes/:na]
	at java.lang.String.valueOf(String.java:2994) ~[na:1.8.0_131]
	at java.lang.StringBuilder.append(StringBuilder.java:131) ~[na:1.8.0_131]
	at java.util.AbstractCollection.toString(AbstractCollection.java:462) ~[na:1.8.0_131]
	at org.hibernate.collection.internal.PersistentBag.toString(PersistentBag.java:510) ~[hibernate-core-5.0.12.Final.jar:5.0.12.Final]
	at java.lang.String.valueOf(String.java:2994) ~[na:1.8.0_131]
	at java.lang.StringBuilder.append(StringBuilder.java:131) ~[na:1.8.0_131]
	at com.jpa.hibernate.demo.entity.Course.toString(Course.java:105) ~[classes/:na]
	at java.lang.String.valueOf(String.java:2994) ~[na:1.8.0_131]
	at java.lang.StringBuilder.append(StringBuilder.java:131) ~[na:1.8.0_131]
	at com.jpa.hibernate.demo.entity.Rating.toString(Rating.java:55) ~[classes/:na]
	at java.lang.String.valueOf(String.java:2994) ~[na:1.8.0_131]
	at java.lang.StringBuilder.append(StringBuilder.java:131) ~[na:1.8.0_131]
	at java.util.AbstractCollection.toString(AbstractCollection.java:462) ~[na:1.8.0_131]
	at org.hibernate.collection.internal.PersistentBag.toString(PersistentBag.java:510) ~[hibernate-core-5.0.12.Final.jar:5.0.12.Final]
	at java.lang.String.valueOf(String.java:2994) ~[na:1.8.0_131]
	at java.lang.StringBuilder.append(StringBuilder.java:131) ~[na:1.8.0_131]
	at com.jpa.hibernate.demo.entity.Course.toString(Course.java:105) ~[classes/:na]
	at java.lang.String.valueOf(String.java:2994) ~[na:1.8.0_131]
	at java.lang.StringBuilder.append(StringBuilder.java:131) ~[na:1.8.0_131]
	at com.jpa.hibernate.demo.entity.Rating.toString(Rating.java:55) ~[classes/:na]
	at java.lang.String.valueOf(String.java:2994) ~[na:1.8.0_131]
	at java.lang.StringBuilder.append(StringBuilder.java:131) ~[na:1.8.0_131]
	at java.util.AbstractCollection.toString(AbstractCollection.java:462) ~[na:1.8.0_131]
	at org.hibernate.collection.internal.PersistentBag.toString(PersistentBag.java:510) ~[hibernate-core-5.0.12.Final.jar:5.0.12.Final]
	at java.lang.String.valueOf(String.java:2994) ~[na:1.8.0_131]
	at java.lang.StringBuilder.append(StringBuilder.java:131) ~[na:1.8.0_131]
	at com.jpa.hibernate.demo.entity.Course.toString(Course.java:105) ~[classes/:na]
	at java.lang.String.valueOf(String.java:2994) ~[na:1.8.0_131]
	at java.lang.StringBuilder.append(StringBuilder.java:131) ~[na:1.8.0_131]
	at com.jpa.hibernate.demo.entity.Rating.toString(Rating.java:55) ~[classes/:na]
	at java.lang.String.valueOf(String.java:2994) ~[na:1.8.0_131]
	at java.lang.StringBuilder.append(StringBuilder.java:131) ~[na:1.8.0_131]
	at java.util.AbstractCollection.toString(AbstractCollection.java:462) ~[na:1.8.0_131]
	at org.hibernate.collection.internal.PersistentBag.toString(PersistentBag.java:510) ~[hibernate-core-5.0.12.Final.jar:5.0.12.Final]
	at java.lang.String.valueOf(String.java:2994) ~[na:1.8.0_131]
	at java.lang.StringBuilder.append(StringBuilder.java:131) ~[na:1.8.0_131]
	at com.jpa.hibernate.demo.entity.Course.toString(Course.java:105) ~[classes/:na]
	at java.lang.String.valueOf(String.java:2994) ~[na:1.8.0_131]
	at java.lang.StringBuilder.append(StringBuilder.java:131) ~[na:1.8.0_131]
	at com.jpa.hibernate.demo.entity.Rating.toString(Rating.java:55) ~[classes/:na]
	at java.lang.String.valueOf(String.java:2994) ~[na:1.8.0_131]
	at java.lang.StringBuilder.append(StringBuilder.java:131) ~[na:1.8.0_131]
	at java.util.AbstractCollection.toString(AbstractCollection.java:462) ~[na:1.8.0_131]
	at org.hibernate.collection.internal.PersistentBag.toString(PersistentBag.java:510) ~[hibernate-core-5.0.12.Final.jar:5.0.12.Final]
	at java.lang.String.valueOf(String.java:2994) ~[na:1.8.0_131]
	at java.lang.StringBuilder.append(StringBuilder.java:131) ~[na:1.8.0_131]
	at com.jpa.hibernate.demo.entity.Course.toString(Course.java:105) ~[classes/:na]
	at java.lang.String.valueOf(String.java:2994) ~[na:1.8.0_131]
	at java.lang.StringBuilder.append(StringBuilder.java:131) ~[na:1.8.0_131]
	at com.jpa.hibernate.demo.entity.Rating.toString(Rating.java:55) ~[classes/:na]
	at java.lang.String.valueOf(String.java:2994) ~[na:1.8.0_131]
	at java.lang.StringBuilder.append(StringBuilder.java:131) ~[na:1.8.0_131]
	at java.util.AbstractCollection.toString(AbstractCollection.java:462) ~[na:1.8.0_131]
	at org.hibernate.collection.internal.PersistentBag.toString(PersistentBag.java:510) ~[hibernate-core-5.0.12.Final.jar:5.0.12.Final]
	at java.lang.String.valueOf(String.java:2994) ~[na:1.8.0_131]
	at java.lang.StringBuilder.append(StringBuilder.java:131) ~[na:1.8.0_131]
	at com.jpa.hibernate.demo.entity.Course.toString(Course.java:105) ~[classes/:na]
	at java.lang.String.valueOf(String.java:2994) ~[na:1.8.0_131]
	at java.lang.StringBuilder.append(StringBuilder.java:131) ~[na:1.8.0_131]
	at com.jpa.hibernate.demo.entity.Rating.toString(Rating.java:55) ~[classes/:na]
	at java.lang.String.valueOf(String.java:2994) ~[na:1.8.0_131]
	at java.lang.StringBuilder.append(StringBuilder.java:131) ~[na:1.8.0_131]
	at java.util.AbstractCollection.toString(AbstractCollection.java:462) ~[na:1.8.0_131]
	at org.hibernate.collection.internal.PersistentBag.toString(PersistentBag.java:510) ~[hibernate-core-5.0.12.Final.jar:5.0.12.Final]
	at java.lang.String.valueOf(String.java:2994) ~[na:1.8.0_131]
	at java.lang.StringBuilder.append(StringBuilder.java:131) ~[na:1.8.0_131]
	at com.jpa.hibernate.demo.entity.Course.toString(Course.java:105) ~[classes/:na]
	at java.lang.String.valueOf(String.java:2994) ~[na:1.8.0_131]
	at java.lang.StringBuilder.append(StringBuilder.java:131) ~[na:1.8.0_131]
	at com.jpa.hibernate.demo.entity.Rating.toString(Rating.java:55) ~[classes/:na]
	at java.lang.String.valueOf(String.java:2994) ~[na:1.8.0_131]
	at java.lang.StringBuilder.append(StringBuilder.java:131) ~[na:1.8.0_131]
	at java.util.AbstractCollection.toString(AbstractCollection.java:462) ~[na:1.8.0_131]
	at org.hibernate.collection.internal.PersistentBag.toString(PersistentBag.java:510) ~[hibernate-core-5.0.12.Final.jar:5.0.12.Final]
	at java.lang.String.valueOf(String.java:2994) ~[na:1.8.0_131]
	at java.lang.StringBuilder.append(StringBuilder.java:131) ~[na:1.8.0_131]
	at com.jpa.hibernate.demo.entity.Course.toString(Course.java:105) ~[classes/:na]
	at java.lang.String.valueOf(String.java:2994) ~[na:1.8.0_131]
	at java.lang.StringBuilder.append(StringBuilder.java:131) ~[na:1.8.0_131]
	at com.jpa.hibernate.demo.entity.Rating.toString(Rating.java:55) ~[classes/:na]
	at java.lang.String.valueOf(String.java:2994) ~[na:1.8.0_131]
	at java.lang.StringBuilder.append(StringBuilder.java:131) ~[na:1.8.0_131]
	at java.util.AbstractCollection.toString(AbstractCollection.java:462) ~[na:1.8.0_131]
	at org.hibernate.collection.internal.PersistentBag.toString(PersistentBag.java:510) ~[hibernate-core-5.0.12.Final.jar:5.0.12.Final]
	at java.lang.String.valueOf(String.java:2994) ~[na:1.8.0_131]
	at java.lang.StringBuilder.append(StringBuilder.java:131) ~[na:1.8.0_131]
	at com.jpa.hibernate.demo.entity.Course.toString(Course.java:105) ~[classes/:na]
	at java.lang.String.valueOf(String.java:2994) ~[na:1.8.0_131]
	at java.lang.StringBuilder.append(StringBuilder.java:131) ~[na:1.8.0_131]
	at com.jpa.hibernate.demo.entity.Rating.toString(Rating.java:55) ~[classes/:na]
	at java.lang.String.valueOf(String.java:2994) ~[na:1.8.0_131]
	at java.lang.StringBuilder.append(StringBuilder.java:131) ~[na:1.8.0_131]
	at java.util.AbstractCollection.toString(AbstractCollection.java:462) ~[na:1.8.0_131]
	at org.hibernate.collection.internal.PersistentBag.toString(PersistentBag.java:510) ~[hibernate-core-5.0.12.Final.jar:5.0.12.Final]
	at java.lang.String.valueOf(String.java:2994) ~[na:1.8.0_131]
	at java.lang.StringBuilder.append(StringBuilder.java:131) ~[na:1.8.0_131]
	at com.jpa.hibernate.demo.entity.Course.toString(Course.java:105) ~[classes/:na]
	at java.lang.String.valueOf(String.java:2994) ~[na:1.8.0_131]
	at java.lang.StringBuilder.append(StringBuilder.java:131) ~[na:1.8.0_131]
	at com.jpa.hibernate.demo.entity.Rating.toString(Rating.java:55) ~[classes/:na]
	at java.lang.String.valueOf(String.java:2994) ~[na:1.8.0_131]
	at java.lang.StringBuilder.append(StringBuilder.java:131) ~[na:1.8.0_131]
	at java.util.AbstractCollection.toString(AbstractCollection.java:462) ~[na:1.8.0_131]
	at org.hibernate.collection.internal.PersistentBag.toString(PersistentBag.java:510) ~[hibernate-core-5.0.12.Final.jar:5.0.12.Final]
	at java.lang.String.valueOf(String.java:2994) ~[na:1.8.0_131]
	at java.lang.StringBuilder.append(StringBuilder.java:131) ~[na:1.8.0_131]
	at com.jpa.hibernate.demo.entity.Course.toString(Course.java:105) ~[classes/:na]
	at java.lang.String.valueOf(String.java:2994) ~[na:1.8.0_131]
	at java.lang.StringBuilder.append(StringBuilder.java:131) ~[na:1.8.0_131]
	at com.jpa.hibernate.demo.entity.Rating.toString(Rating.java:55) ~[classes/:na]
	at java.lang.String.valueOf(String.java:2994) ~[na:1.8.0_131]
	at java.lang.StringBuilder.append(StringBuilder.java:131) ~[na:1.8.0_131]
	at java.util.AbstractCollection.toString(AbstractCollection.java:462) ~[na:1.8.0_131]
	at org.hibernate.collection.internal.PersistentBag.toString(PersistentBag.java:510) ~[hibernate-core-5.0.12.Final.jar:5.0.12.Final]
	at java.lang.String.valueOf(String.java:2994) ~[na:1.8.0_131]
	at java.lang.StringBuilder.append(StringBuilder.java:131) ~[na:1.8.0_131]
	at com.jpa.hibernate.demo.entity.Course.toString(Course.java:105) ~[classes/:na]
	at java.lang.String.valueOf(String.java:2994) ~[na:1.8.0_131]
	at java.lang.StringBuilder.append(StringBuilder.java:131) ~[na:1.8.0_131]
	at com.jpa.hibernate.demo.entity.Rating.toString(Rating.java:55) ~[classes/:na]
	at java.lang.String.valueOf(String.java:2994) ~[na:1.8.0_131]
	at java.lang.StringBuilder.append(StringBuilder.java:131) ~[na:1.8.0_131]
	at java.util.AbstractCollection.toString(AbstractCollection.java:462) ~[na:1.8.0_131]
	at org.hibernate.collection.internal.PersistentBag.toString(PersistentBag.java:510) ~[hibernate-core-5.0.12.Final.jar:5.0.12.Final]
	at java.lang.String.valueOf(String.java:2994) ~[na:1.8.0_131]
	at java.lang.StringBuilder.append(StringBuilder.java:131) ~[na:1.8.0_131]
	at com.jpa.hibernate.demo.entity.Course.toString(Course.java:105) ~[classes/:na]
	at java.lang.String.valueOf(String.java:2994) ~[na:1.8.0_131]
	at java.lang.StringBuilder.append(StringBuilder.java:131) ~[na:1.8.0_131]
	at com.jpa.hibernate.demo.entity.Rating.toString(Rating.java:55) ~[classes/:na]
	at java.lang.String.valueOf(String.java:2994) ~[na:1.8.0_131]
	at java.lang.StringBuilder.append(StringBuilder.java:131) ~[na:1.8.0_131]
	at java.util.AbstractCollection.toString(AbstractCollection.java:462) ~[na:1.8.0_131]
	at org.hibernate.collection.internal.PersistentBag.toString(PersistentBag.java:510) ~[hibernate-core-5.0.12.Final.jar:5.0.12.Final]
	at java.lang.String.valueOf(String.java:2994) ~[na:1.8.0_131]
	at java.lang.StringBuilder.append(StringBuilder.java:131) ~[na:1.8.0_131]
	at com.jpa.hibernate.demo.entity.Course.toString(Course.java:105) ~[classes/:na]
	at java.lang.String.valueOf(String.java:2994) ~[na:1.8.0_131]
	at java.lang.StringBuilder.append(StringBuilder.java:131) ~[na:1.8.0_131]
	at com.jpa.hibernate.demo.entity.Rating.toString(Rating.java:55) ~[classes/:na]
	at java.lang.String.valueOf(String.java:2994) ~[na:1.8.0_131]
	at java.lang.StringBuilder.append(StringBuilder.java:131) ~[na:1.8.0_131]
	at java.util.AbstractCollection.toString(AbstractCollection.java:462) ~[na:1.8.0_131]
	at org.hibernate.collection.internal.PersistentBag.toString(PersistentBag.java:510) ~[hibernate-core-5.0.12.Final.jar:5.0.12.Final]
	at java.lang.String.valueOf(String.java:2994) ~[na:1.8.0_131]
	at java.lang.StringBuilder.append(StringBuilder.java:131) ~[na:1.8.0_131]
	at com.jpa.hibernate.demo.entity.Course.toString(Course.java:105) ~[classes/:na]
	at java.lang.String.valueOf(String.java:2994) ~[na:1.8.0_131]
	at java.lang.StringBuilder.append(StringBuilder.java:131) ~[na:1.8.0_131]
	at com.jpa.hibernate.demo.entity.Rating.toString(Rating.java:55) ~[classes/:na]
	at java.lang.String.valueOf(String.java:2994) ~[na:1.8.0_131]
	at java.lang.StringBuilder.append(StringBuilder.java:131) ~[na:1.8.0_131]
	at java.util.AbstractCollection.toString(AbstractCollection.java:462) ~[na:1.8.0_131]
	at org.hibernate.collection.internal.PersistentBag.toString(PersistentBag.java:510) ~[hibernate-core-5.0.12.Final.jar:5.0.12.Final]
	at java.lang.String.valueOf(String.java:2994) ~[na:1.8.0_131]
	at java.lang.StringBuilder.append(StringBuilder.java:131) ~[na:1.8.0_131]
	at com.jpa.hibernate.demo.entity.Course.toString(Course.java:105) ~[classes/:na]
	at java.lang.String.valueOf(String.java:2994) ~[na:1.8.0_131]
	at java.lang.StringBuilder.append(StringBuilder.java:131) ~[na:1.8.0_131]
	at com.jpa.hibernate.demo.entity.Rating.toString(Rating.java:55) ~[classes/:na]
	at java.lang.String.valueOf(String.java:2994) ~[na:1.8.0_131]
	at java.lang.StringBuilder.append(StringBuilder.java:131) ~[na:1.8.0_131]
	at java.util.AbstractCollection.toString(AbstractCollection.java:462) ~[na:1.8.0_131]
	at org.hibernate.collection.internal.PersistentBag.toString(PersistentBag.java:510) ~[hibernate-core-5.0.12.Final.jar:5.0.12.Final]
	at java.lang.String.valueOf(String.java:2994) ~[na:1.8.0_131]
	at java.lang.StringBuilder.append(StringBuilder.java:131) ~[na:1.8.0_131]
	at com.jpa.hibernate.demo.entity.Course.toString(Course.java:105) ~[classes/:na]
	at java.lang.String.valueOf(String.java:2994) ~[na:1.8.0_131]
	at java.lang.StringBuilder.append(StringBuilder.java:131) ~[na:1.8.0_131]
	at com.jpa.hibernate.demo.entity.Rating.toString(Rating.java:55) ~[classes/:na]
	at java.lang.String.valueOf(String.java:2994) ~[na:1.8.0_131]
	at java.lang.StringBuilder.append(StringBuilder.java:131) ~[na:1.8.0_131]
	at java.util.AbstractCollection.toString(AbstractCollection.java:462) ~[na:1.8.0_131]
	at org.hibernate.collection.internal.PersistentBag.toString(PersistentBag.java:510) ~[hibernate-core-5.0.12.Final.jar:5.0.12.Final]
	at java.lang.String.valueOf(String.java:2994) ~[na:1.8.0_131]
	at java.lang.StringBuilder.append(StringBuilder.java:131) ~[na:1.8.0_131]
	at com.jpa.hibernate.demo.entity.Course.toString(Course.java:105) ~[classes/:na]
	at java.lang.String.valueOf(String.java:2994) ~[na:1.8.0_131]
	at java.lang.StringBuilder.append(StringBuilder.java:131) ~[na:1.8.0_131]
	at com.jpa.hibernate.demo.entity.Rating.toString(Rating.java:55) ~[classes/:na]
	at java.lang.String.valueOf(String.java:2994) ~[na:1.8.0_131]
	at java.lang.StringBuilder.append(StringBuilder.java:131) ~[na:1.8.0_131]
	at java.util.AbstractCollection.toString(AbstractCollection.java:462) ~[na:1.8.0_131]
	at org.hibernate.collection.internal.PersistentBag.toString(PersistentBag.java:510) ~[hibernate-core-5.0.12.Final.jar:5.0.12.Final]
	at java.lang.String.valueOf(String.java:2994) ~[na:1.8.0_131]
	at java.lang.StringBuilder.append(StringBuilder.java:131) ~[na:1.8.0_131]
	at com.jpa.hibernate.demo.entity.Course.toString(Course.java:105) ~[classes/:na]
	at java.lang.String.valueOf(String.java:2994) ~[na:1.8.0_131]
	at java.lang.StringBuilder.append(StringBuilder.java:131) ~[na:1.8.0_131]
	at com.jpa.hibernate.demo.entity.Rating.toString(Rating.java:55) ~[classes/:na]
	at java.lang.String.valueOf(String.java:2994) ~[na:1.8.0_131]
	at java.lang.StringBuilder.append(StringBuilder.java:131) ~[na:1.8.0_131]
	at java.util.AbstractCollection.toString(AbstractCollection.java:462) ~[na:1.8.0_131]
	at org.hibernate.collection.internal.PersistentBag.toString(PersistentBag.java:510) ~[hibernate-core-5.0.12.Final.jar:5.0.12.Final]
	at java.lang.String.valueOf(String.java:2994) ~[na:1.8.0_131]
	at java.lang.StringBuilder.append(StringBuilder.java:131) ~[na:1.8.0_131]
	at com.jpa.hibernate.demo.entity.Course.toString(Course.java:105) ~[classes/:na]
	at java.lang.String.valueOf(String.java:2994) ~[na:1.8.0_131]
	at java.lang.StringBuilder.append(StringBuilder.java:131) ~[na:1.8.0_131]
	at com.jpa.hibernate.demo.entity.Rating.toString(Rating.java:55) ~[classes/:na]
	at java.lang.String.valueOf(String.java:2994) ~[na:1.8.0_131]
	at java.lang.StringBuilder.append(StringBuilder.java:131) ~[na:1.8.0_131]
	at java.util.AbstractCollection.toString(AbstractCollection.java:462) ~[na:1.8.0_131]
	at org.hibernate.collection.internal.PersistentBag.toString(PersistentBag.java:510) ~[hibernate-core-5.0.12.Final.jar:5.0.12.Final]
	at java.lang.String.valueOf(String.java:2994) ~[na:1.8.0_131]
	at java.lang.StringBuilder.append(StringBuilder.java:131) ~[na:1.8.0_131]
	at com.jpa.hibernate.demo.entity.Course.toString(Course.java:105) ~[classes/:na]
	at java.lang.String.valueOf(String.java:2994) ~[na:1.8.0_131]
	at java.lang.StringBuilder.append(StringBuilder.java:131) ~[na:1.8.0_131]
	at com.jpa.hibernate.demo.entity.Rating.toString(Rating.java:55) ~[classes/:na]
	at java.lang.String.valueOf(String.java:2994) ~[na:1.8.0_131]
	at java.lang.StringBuilder.append(StringBuilder.java:131) ~[na:1.8.0_131]
	at java.util.AbstractCollection.toString(AbstractCollection.java:462) ~[na:1.8.0_131]
	at org.hibernate.collection.internal.PersistentBag.toString(PersistentBag.java:510) ~[hibernate-core-5.0.12.Final.jar:5.0.12.Final]
	at java.lang.String.valueOf(String.java:2994) ~[na:1.8.0_131]
	at java.lang.StringBuilder.append(StringBuilder.java:131) ~[na:1.8.0_131]
	at com.jpa.hibernate.demo.entity.Course.toString(Course.java:105) ~[classes/:na]
	at java.lang.String.valueOf(String.java:2994) ~[na:1.8.0_131]
	at java.lang.StringBuilder.append(StringBuilder.java:131) ~[na:1.8.0_131]
	at com.jpa.hibernate.demo.entity.Rating.toString(Rating.java:55) ~[classes/:na]
	at java.lang.String.valueOf(String.java:2994) ~[na:1.8.0_131]
	at java.lang.StringBuilder.append(StringBuilder.java:131) ~[na:1.8.0_131]
	at java.util.AbstractCollection.toString(AbstractCollection.java:462) ~[na:1.8.0_131]
	at org.hibernate.collection.internal.PersistentBag.toString(PersistentBag.java:510) ~[hibernate-core-5.0.12.Final.jar:5.0.12.Final]
	at java.lang.String.valueOf(String.java:2994) ~[na:1.8.0_131]
	at java.lang.StringBuilder.append(StringBuilder.java:131) ~[na:1.8.0_131]
	at com.jpa.hibernate.demo.entity.Course.toString(Course.java:105) ~[classes/:na]
	at java.lang.String.valueOf(String.java:2994) ~[na:1.8.0_131]
	at java.lang.StringBuilder.append(StringBuilder.java:131) ~[na:1.8.0_131]
	at com.jpa.hibernate.demo.entity.Rating.toString(Rating.java:55) ~[classes/:na]
	at java.lang.String.valueOf(String.java:2994) ~[na:1.8.0_131]
	at java.lang.StringBuilder.append(StringBuilder.java:131) ~[na:1.8.0_131]
	at java.util.AbstractCollection.toString(AbstractCollection.java:462) ~[na:1.8.0_131]
	at org.hibernate.collection.internal.PersistentBag.toString(PersistentBag.java:510) ~[hibernate-core-5.0.12.Final.jar:5.0.12.Final]
	at java.lang.String.valueOf(String.java:2994) ~[na:1.8.0_131]
	at java.lang.StringBuilder.append(StringBuilder.java:131) ~[na:1.8.0_131]
	at com.jpa.hibernate.demo.entity.Course.toString(Course.java:105) ~[classes/:na]
	at java.lang.String.valueOf(String.java:2994) ~[na:1.8.0_131]
	at java.lang.StringBuilder.append(StringBuilder.java:131) ~[na:1.8.0_131]
	at com.jpa.hibernate.demo.entity.Rating.toString(Rating.java:55) ~[classes/:na]
	at java.lang.String.valueOf(String.java:2994) ~[na:1.8.0_131]
	at java.lang.StringBuilder.append(StringBuilder.java:131) ~[na:1.8.0_131]
	at java.util.AbstractCollection.toString(AbstractCollection.java:462) ~[na:1.8.0_131]
	at org.hibernate.collection.internal.PersistentBag.toString(PersistentBag.java:510) ~[hibernate-core-5.0.12.Final.jar:5.0.12.Final]
	at java.lang.String.valueOf(String.java:2994) ~[na:1.8.0_131]
	at java.lang.StringBuilder.append(StringBuilder.java:131) ~[na:1.8.0_131]
	at com.jpa.hibernate.demo.entity.Course.toString(Course.java:105) ~[classes/:na]
	at java.lang.String.valueOf(String.java:2994) ~[na:1.8.0_131]
	at java.lang.StringBuilder.append(StringBuilder.java:131) ~[na:1.8.0_131]
	at com.jpa.hibernate.demo.entity.Rating.toString(Rating.java:55) ~[classes/:na]
	at java.lang.String.valueOf(String.java:2994) ~[na:1.8.0_131]
	at java.lang.StringBuilder.append(StringBuilder.java:131) ~[na:1.8.0_131]
	at java.util.AbstractCollection.toString(AbstractCollection.java:462) ~[na:1.8.0_131]
	at org.hibernate.collection.internal.PersistentBag.toString(PersistentBag.java:510) ~[hibernate-core-5.0.12.Final.jar:5.0.12.Final]
	at java.lang.String.valueOf(String.java:2994) ~[na:1.8.0_131]
	at java.lang.StringBuilder.append(StringBuilder.java:131) ~[na:1.8.0_131]
	at com.jpa.hibernate.demo.entity.Course.toString(Course.java:105) ~[classes/:na]
	at java.lang.String.valueOf(String.java:2994) ~[na:1.8.0_131]
	at java.lang.StringBuilder.append(StringBuilder.java:131) ~[na:1.8.0_131]
	at com.jpa.hibernate.demo.entity.Rating.toString(Rating.java:55) ~[classes/:na]
	at java.lang.String.valueOf(String.java:2994) ~[na:1.8.0_131]
	at java.lang.StringBuilder.append(StringBuilder.java:131) ~[na:1.8.0_131]
	at java.util.AbstractCollection.toString(AbstractCollection.java:462) ~[na:1.8.0_131]
	at org.hibernate.collection.internal.PersistentBag.toString(PersistentBag.java:510) ~[hibernate-core-5.0.12.Final.jar:5.0.12.Final]
	at java.lang.String.valueOf(String.java:2994) ~[na:1.8.0_131]
	at java.lang.StringBuilder.append(StringBuilder.java:131) ~[na:1.8.0_131]
	at com.jpa.hibernate.demo.entity.Course.toString(Course.java:105) ~[classes/:na]
	at java.lang.String.valueOf(String.java:2994) ~[na:1.8.0_131]
	at java.lang.StringBuilder.append(StringBuilder.java:131) ~[na:1.8.0_131]
	at com.jpa.hibernate.demo.entity.Rating.toString(Rating.java:55) ~[classes/:na]
	at java.lang.String.valueOf(String.java:2994) ~[na:1.8.0_131]
	at java.lang.StringBuilder.append(StringBuilder.java:131) ~[na:1.8.0_131]
	at java.util.AbstractCollection.toString(AbstractCollection.java:462) ~[na:1.8.0_131]
	at org.hibernate.collection.internal.PersistentBag.toString(PersistentBag.java:510) ~[hibernate-core-5.0.12.Final.jar:5.0.12.Final]
	at java.lang.String.valueOf(String.java:2994) ~[na:1.8.0_131]
	at java.lang.StringBuilder.append(StringBuilder.java:131) ~[na:1.8.0_131]
	at com.jpa.hibernate.demo.entity.Course.toString(Course.java:105) ~[classes/:na]
	at java.lang.String.valueOf(String.java:2994) ~[na:1.8.0_131]
	at java.lang.StringBuilder.append(StringBuilder.java:131) ~[na:1.8.0_131]
	at com.jpa.hibernate.demo.entity.Rating.toString(Rating.java:55) ~[classes/:na]
	at java.lang.String.valueOf(String.java:2994) ~[na:1.8.0_131]
	at java.lang.StringBuilder.append(StringBuilder.java:131) ~[na:1.8.0_131]
	at java.util.AbstractCollection.toString(AbstractCollection.java:462) ~[na:1.8.0_131]
	at org.hibernate.collection.internal.PersistentBag.toString(PersistentBag.java:510) ~[hibernate-core-5.0.12.Final.jar:5.0.12.Final]
	at java.lang.String.valueOf(String.java:2994) ~[na:1.8.0_131]
	at java.lang.StringBuilder.append(StringBuilder.java:131) ~[na:1.8.0_131]
	at com.jpa.hibernate.demo.entity.Course.toString(Course.java:105) ~[classes/:na]
	at java.lang.String.valueOf(String.java:2994) ~[na:1.8.0_131]
	at java.lang.StringBuilder.append(StringBuilder.java:131) ~[na:1.8.0_131]
	at com.jpa.hibernate.demo.entity.Rating.toString(Rating.java:55) ~[classes/:na]
	at java.lang.String.valueOf(String.java:2994) ~[na:1.8.0_131]
	at java.lang.StringBuilder.append(StringBuilder.java:131) ~[na:1.8.0_131]
	at java.util.AbstractCollection.toString(AbstractCollection.java:462) ~[na:1.8.0_131]
	at org.hibernate.collection.internal.PersistentBag.toString(PersistentBag.java:510) ~[hibernate-core-5.0.12.Final.jar:5.0.12.Final]
	at java.lang.String.valueOf(String.java:2994) ~[na:1.8.0_131]
	at java.lang.StringBuilder.append(StringBuilder.java:131) ~[na:1.8.0_131]
	at com.jpa.hibernate.demo.entity.Course.toString(Course.java:105) ~[classes/:na]
	at java.lang.String.valueOf(String.java:2994) ~[na:1.8.0_131]
	at java.lang.StringBuilder.append(StringBuilder.java:131) ~[na:1.8.0_131]
	at com.jpa.hibernate.demo.entity.Rating.toString(Rating.java:55) ~[classes/:na]
	at java.lang.String.valueOf(String.java:2994) ~[na:1.8.0_131]
	at java.lang.StringBuilder.append(StringBuilder.java:131) ~[na:1.8.0_131]
	at java.util.AbstractCollection.toString(AbstractCollection.java:462) ~[na:1.8.0_131]
	at org.hibernate.collection.internal.PersistentBag.toString(PersistentBag.java:510) ~[hibernate-core-5.0.12.Final.jar:5.0.12.Final]
	at java.lang.String.valueOf(String.java:2994) ~[na:1.8.0_131]
	at java.lang.StringBuilder.append(StringBuilder.java:131) ~[na:1.8.0_131]
	at com.jpa.hibernate.demo.entity.Course.toString(Course.java:105) ~[classes/:na]
	at java.lang.String.valueOf(String.java:2994) ~[na:1.8.0_131]
	at java.lang.StringBuilder.append(StringBuilder.java:131) ~[na:1.8.0_131]
	at com.jpa.hibernate.demo.entity.Rating.toString(Rating.java:55) ~[classes/:na]
	at java.lang.String.valueOf(String.java:2994) ~[na:1.8.0_131]
	at java.lang.StringBuilder.append(StringBuilder.java:131) ~[na:1.8.0_131]
	at java.util.AbstractCollection.toString(AbstractCollection.java:462) ~[na:1.8.0_131]
	at org.hibernate.collection.internal.PersistentBag.toString(PersistentBag.java:510) ~[hibernate-core-5.0.12.Final.jar:5.0.12.Final]
	at java.lang.String.valueOf(String.java:2994) ~[na:1.8.0_131]
	at java.lang.StringBuilder.append(StringBuilder.java:131) ~[na:1.8.0_131]
	at com.jpa.hibernate.demo.entity.Course.toString(Course.java:105) ~[classes/:na]
	at java.lang.String.valueOf(String.java:2994) ~[na:1.8.0_131]
	at java.lang.StringBuilder.append(StringBuilder.java:131) ~[na:1.8.0_131]
	at com.jpa.hibernate.demo.entity.Rating.toString(Rating.java:55) ~[classes/:na]
	at java.lang.String.valueOf(String.java:2994) ~[na:1.8.0_131]
	at java.lang.StringBuilder.append(StringBuilder.java:131) ~[na:1.8.0_131]
	at java.util.AbstractCollection.toString(AbstractCollection.java:462) ~[na:1.8.0_131]
	at org.hibernate.collection.internal.PersistentBag.toString(PersistentBag.java:510) ~[hibernate-core-5.0.12.Final.jar:5.0.12.Final]
	at java.lang.String.valueOf(String.java:2994) ~[na:1.8.0_131]
	at java.lang.StringBuilder.append(StringBuilder.java:131) ~[na:1.8.0_131]
	at com.jpa.hibernate.demo.entity.Course.toString(Course.java:105) ~[classes/:na]
	at java.lang.String.valueOf(String.java:2994) ~[na:1.8.0_131]
	at java.lang.StringBuilder.append(StringBuilder.java:131) ~[na:1.8.0_131]
	at com.jpa.hibernate.demo.entity.Rating.toString(Rating.java:55) ~[classes/:na]
	at java.lang.String.valueOf(String.java:2994) ~[na:1.8.0_131]
	at java.lang.StringBuilder.append(StringBuilder.java:131) ~[na:1.8.0_131]
	at java.util.AbstractCollection.toString(AbstractCollection.java:462) ~[na:1.8.0_131]
	at org.hibernate.collection.internal.PersistentBag.toString(PersistentBag.java:510) ~[hibernate-core-5.0.12.Final.jar:5.0.12.Final]
	at java.lang.String.valueOf(String.java:2994) ~[na:1.8.0_131]
	at java.lang.StringBuilder.append(StringBuilder.java:131) ~[na:1.8.0_131]
	at com.jpa.hibernate.demo.entity.Course.toString(Course.java:105) ~[classes/:na]
	at java.lang.String.valueOf(String.java:2994) ~[na:1.8.0_131]
	at java.lang.StringBuilder.append(StringBuilder.java:131) ~[na:1.8.0_131]
	at com.jpa.hibernate.demo.entity.Rating.toString(Rating.java:55) ~[classes/:na]
	at java.lang.String.valueOf(String.java:2994) ~[na:1.8.0_131]
	at java.lang.StringBuilder.append(StringBuilder.java:131) ~[na:1.8.0_131]
	at java.util.AbstractCollection.toString(AbstractCollection.java:462) ~[na:1.8.0_131]
	at org.hibernate.collection.internal.PersistentBag.toString(PersistentBag.java:510) ~[hibernate-core-5.0.12.Final.jar:5.0.12.Final]
	at java.lang.String.valueOf(String.java:2994) ~[na:1.8.0_131]
	at java.lang.StringBuilder.append(StringBuilder.java:131) ~[na:1.8.0_131]
	at com.jpa.hibernate.demo.entity.Course.toString(Course.java:105) ~[classes/:na]
	at java.lang.String.valueOf(String.java:2994) ~[na:1.8.0_131]
	at java.lang.StringBuilder.append(StringBuilder.java:131) ~[na:1.8.0_131]
	at com.jpa.hibernate.demo.entity.Rating.toString(Rating.java:55) ~[classes/:na]
	at java.lang.String.valueOf(String.java:2994) ~[na:1.8.0_131]
	at java.lang.StringBuilder.append(StringBuilder.java:131) ~[na:1.8.0_131]
	at java.util.AbstractCollection.toString(AbstractCollection.java:462) ~[na:1.8.0_131]
	at org.hibernate.collection.internal.PersistentBag.toString(PersistentBag.java:510) ~[hibernate-core-5.0.12.Final.jar:5.0.12.Final]
	at java.lang.String.valueOf(String.java:2994) ~[na:1.8.0_131]
	at java.lang.StringBuilder.append(StringBuilder.java:131) ~[na:1.8.0_131]
	at com.jpa.hibernate.demo.entity.Course.toString(Course.java:105) ~[classes/:na]
	at java.lang.String.valueOf(String.java:2994) ~[na:1.8.0_131]
	at java.lang.StringBuilder.append(StringBuilder.java:131) ~[na:1.8.0_131]
	at com.jpa.hibernate.demo.entity.Rating.toString(Rating.java:55) ~[classes/:na]
	at java.lang.String.valueOf(String.java:2994) ~[na:1.8.0_131]
	at java.lang.StringBuilder.append(StringBuilder.java:131) ~[na:1.8.0_131]
	at java.util.AbstractCollection.toString(AbstractCollection.java:462) ~[na:1.8.0_131]
	at org.hibernate.collection.internal.PersistentBag.toString(PersistentBag.java:510) ~[hibernate-core-5.0.12.Final.jar:5.0.12.Final]
	at java.lang.String.valueOf(String.java:2994) ~[na:1.8.0_131]
	at java.lang.StringBuilder.append(StringBuilder.java:131) ~[na:1.8.0_131]
	at com.jpa.hibernate.demo.entity.Course.toString(Course.java:105) ~[classes/:na]
	at java.lang.String.valueOf(String.java:2994) ~[na:1.8.0_131]
	at java.lang.StringBuilder.append(StringBuilder.java:131) ~[na:1.8.0_131]
	at com.jpa.hibernate.demo.entity.Rating.toString(Rating.java:55) ~[classes/:na]
	at java.lang.String.valueOf(String.java:2994) ~[na:1.8.0_131]
	at java.lang.StringBuilder.append(StringBuilder.java:131) ~[na:1.8.0_131]
	at java.util.AbstractCollection.toString(AbstractCollection.java:462) ~[na:1.8.0_131]
	at org.hibernate.collection.internal.PersistentBag.toString(PersistentBag.java:510) ~[hibernate-core-5.0.12.Final.jar:5.0.12.Final]
	at java.lang.String.valueOf(String.java:2994) ~[na:1.8.0_131]
	at java.lang.StringBuilder.append(StringBuilder.java:131) ~[na:1.8.0_131]
	at com.jpa.hibernate.demo.entity.Course.toString(Course.java:105) ~[classes/:na]
	at java.lang.String.valueOf(String.java:2994) ~[na:1.8.0_131]
	at java.lang.StringBuilder.append(StringBuilder.java:131) ~[na:1.8.0_131]
	at com.jpa.hibernate.demo.entity.Rating.toString(Rating.java:55) ~[classes/:na]
	at java.lang.String.valueOf(String.java:2994) ~[na:1.8.0_131]
	at java.lang.StringBuilder.append(StringBuilder.java:131) ~[na:1.8.0_131]
	at java.util.AbstractCollection.toString(AbstractCollection.java:462) ~[na:1.8.0_131]
	at org.hibernate.collection.internal.PersistentBag.toString(PersistentBag.java:510) ~[hibernate-core-5.0.12.Final.jar:5.0.12.Final]
	at java.lang.String.valueOf(String.java:2994) ~[na:1.8.0_131]
	at java.lang.StringBuilder.append(StringBuilder.java:131) ~[na:1.8.0_131]
	at com.jpa.hibernate.demo.entity.Course.toString(Course.java:105) ~[classes/:na]
	at java.lang.String.valueOf(String.java:2994) ~[na:1.8.0_131]
	at java.lang.StringBuilder.append(StringBuilder.java:131) ~[na:1.8.0_131]
	at com.jpa.hibernate.demo.entity.Rating.toString(Rating.java:55) ~[classes/:na]
	at java.lang.String.valueOf(String.java:2994) ~[na:1.8.0_131]
	at java.lang.StringBuilder.append(StringBuilder.java:131) ~[na:1.8.0_131]
	at java.util.AbstractCollection.toString(AbstractCollection.java:462) ~[na:1.8.0_131]
	at org.hibernate.collection.internal.PersistentBag.toString(PersistentBag.java:510) ~[hibernate-core-5.0.12.Final.jar:5.0.12.Final]
	at java.lang.String.valueOf(String.java:2994) ~[na:1.8.0_131]
	at java.lang.StringBuilder.append(StringBuilder.java:131) ~[na:1.8.0_131]
	at com.jpa.hibernate.demo.entity.Course.toString(Course.java:105) ~[classes/:na]
	at java.lang.String.valueOf(String.java:2994) ~[na:1.8.0_131]
	at java.lang.StringBuilder.append(StringBuilder.java:131) ~[na:1.8.0_131]
	at com.jpa.hibernate.demo.entity.Rating.toString(Rating.java:55) ~[classes/:na]
	at java.lang.String.valueOf(String.java:2994) ~[na:1.8.0_131]
	at java.lang.StringBuilder.append(StringBuilder.java:131) ~[na:1.8.0_131]
	at java.util.AbstractCollection.toString(AbstractCollection.java:462) ~[na:1.8.0_131]
	at org.hibernate.collection.internal.PersistentBag.toString(PersistentBag.java:510) ~[hibernate-core-5.0.12.Final.jar:5.0.12.Final]
	at java.lang.String.valueOf(String.java:2994) ~[na:1.8.0_131]
	at java.lang.StringBuilder.append(StringBuilder.java:131) ~[na:1.8.0_131]
	at com.jpa.hibernate.demo.entity.Course.toString(Course.java:105) ~[classes/:na]
	at java.lang.String.valueOf(String.java:2994) ~[na:1.8.0_131]
	at java.lang.StringBuilder.append(StringBuilder.java:131) ~[na:1.8.0_131]
	at com.jpa.hibernate.demo.entity.Rating.toString(Rating.java:55) ~[classes/:na]
	at java.lang.String.valueOf(String.java:2994) ~[na:1.8.0_131]
	at java.lang.StringBuilder.append(StringBuilder.java:131) ~[na:1.8.0_131]
	at java.util.AbstractCollection.toString(AbstractCollection.java:462) ~[na:1.8.0_131]
	at org.hibernate.collection.internal.PersistentBag.toString(PersistentBag.java:510) ~[hibernate-core-5.0.12.Final.jar:5.0.12.Final]
	at java.lang.String.valueOf(String.java:2994) ~[na:1.8.0_131]
	at java.lang.StringBuilder.append(StringBuilder.java:131) ~[na:1.8.0_131]
	at com.jpa.hibernate.demo.entity.Course.toString(Course.java:105) ~[classes/:na]
	at java.lang.String.valueOf(String.java:2994) ~[na:1.8.0_131]
	at java.lang.StringBuilder.append(StringBuilder.java:131) ~[na:1.8.0_131]
	at com.jpa.hibernate.demo.entity.Rating.toString(Rating.java:55) ~[classes/:na]
	at java.lang.String.valueOf(String.java:2994) ~[na:1.8.0_131]
	at java.lang.StringBuilder.append(StringBuilder.java:131) ~[na:1.8.0_131]
	at java.util.AbstractCollection.toString(AbstractCollection.java:462) ~[na:1.8.0_131]
	at org.hibernate.collection.internal.PersistentBag.toString(PersistentBag.java:510) ~[hibernate-core-5.0.12.Final.jar:5.0.12.Final]
	at java.lang.String.valueOf(String.java:2994) ~[na:1.8.0_131]
	at java.lang.StringBuilder.append(StringBuilder.java:131) ~[na:1.8.0_131]
	at com.jpa.hibernate.demo.entity.Course.toString(Course.java:105) ~[classes/:na]
	at java.lang.String.valueOf(String.java:2994) ~[na:1.8.0_131]
	at java.lang.StringBuilder.append(StringBuilder.java:131) ~[na:1.8.0_131]
	at com.jpa.hibernate.demo.entity.Rating.toString(Rating.java:55) ~[classes/:na]
	at java.lang.String.valueOf(String.java:2994) ~[na:1.8.0_131]
	at java.lang.StringBuilder.append(StringBuilder.java:131) ~[na:1.8.0_131]
	at java.util.AbstractCollection.toString(AbstractCollection.java:462) ~[na:1.8.0_131]
	at org.hibernate.collection.internal.PersistentBag.toString(PersistentBag.java:510) ~[hibernate-core-5.0.12.Final.jar:5.0.12.Final]
	at java.lang.String.valueOf(String.java:2994) ~[na:1.8.0_131]
	at java.lang.StringBuilder.append(StringBuilder.java:131) ~[na:1.8.0_131]
	at com.jpa.hibernate.demo.entity.Course.toString(Course.java:105) ~[classes/:na]
	at java.lang.String.valueOf(String.java:2994) ~[na:1.8.0_131]
	at java.lang.StringBuilder.append(StringBuilder.java:131) ~[na:1.8.0_131]
	at com.jpa.hibernate.demo.entity.Rating.toString(Rating.java:55) ~[classes/:na]
	at java.lang.String.valueOf(String.java:2994) ~[na:1.8.0_131]
	at java.lang.StringBuilder.append(StringBuilder.java:131) ~[na:1.8.0_131]
	at java.util.AbstractCollection.toString(AbstractCollection.java:462) ~[na:1.8.0_131]
	at org.hibernate.collection.internal.PersistentBag.toString(PersistentBag.java:510) ~[hibernate-core-5.0.12.Final.jar:5.0.12.Final]
	at java.lang.String.valueOf(String.java:2994) ~[na:1.8.0_131]
	at java.lang.StringBuilder.append(StringBuilder.java:131) ~[na:1.8.0_131]
	at com.jpa.hibernate.demo.entity.Course.toString(Course.java:105) ~[classes/:na]
	at java.lang.String.valueOf(String.java:2994) ~[na:1.8.0_131]
	at java.lang.StringBuilder.append(StringBuilder.java:131) ~[na:1.8.0_131]
	at com.jpa.hibernate.demo.entity.Rating.toString(Rating.java:55) ~[classes/:na]
	at java.lang.String.valueOf(String.java:2994) ~[na:1.8.0_131]
	at java.lang.StringBuilder.append(StringBuilder.java:131) ~[na:1.8.0_131]
	at java.util.AbstractCollection.toString(AbstractCollection.java:462) ~[na:1.8.0_131]
	at org.hibernate.collection.internal.PersistentBag.toString(PersistentBag.java:510) ~[hibernate-core-5.0.12.Final.jar:5.0.12.Final]
	at java.lang.String.valueOf(String.java:2994) ~[na:1.8.0_131]
	at java.lang.StringBuilder.append(StringBuilder.java:131) ~[na:1.8.0_131]
	at com.jpa.hibernate.demo.entity.Course.toString(Course.java:105) ~[classes/:na]
	at java.lang.String.valueOf(String.java:2994) ~[na:1.8.0_131]
	at java.lang.StringBuilder.append(StringBuilder.java:131) ~[na:1.8.0_131]
	at com.jpa.hibernate.demo.entity.Rating.toString(Rating.java:55) ~[classes/:na]
	at java.lang.String.valueOf(String.java:2994) ~[na:1.8.0_131]
	at java.lang.StringBuilder.append(StringBuilder.java:131) ~[na:1.8.0_131]
	at java.util.AbstractCollection.toString(AbstractCollection.java:462) ~[na:1.8.0_131]
	at org.hibernate.collection.internal.PersistentBag.toString(PersistentBag.java:510) ~[hibernate-core-5.0.12.Final.jar:5.0.12.Final]
	at java.lang.String.valueOf(String.java:2994) ~[na:1.8.0_131]
	at java.lang.StringBuilder.append(StringBuilder.java:131) ~[na:1.8.0_131]
	at com.jpa.hibernate.demo.entity.Course.toString(Course.java:105) ~[classes/:na]
	at java.lang.String.valueOf(String.java:2994) ~[na:1.8.0_131]
	at java.lang.StringBuilder.append(StringBuilder.java:131) ~[na:1.8.0_131]
	at com.jpa.hibernate.demo.entity.Rating.toString(Rating.java:55) ~[classes/:na]
	at java.lang.String.valueOf(String.java:2994) ~[na:1.8.0_131]
	at java.lang.StringBuilder.append(StringBuilder.java:131) ~[na:1.8.0_131]
	at java.util.AbstractCollection.toString(AbstractCollection.java:462) ~[na:1.8.0_131]
	at org.hibernate.collection.internal.PersistentBag.toString(PersistentBag.java:510) ~[hibernate-core-5.0.12.Final.jar:5.0.12.Final]
	at java.lang.String.valueOf(String.java:2994) ~[na:1.8.0_131]
	at java.lang.StringBuilder.append(StringBuilder.java:131) ~[na:1.8.0_131]
	at com.jpa.hibernate.demo.entity.Course.toString(Course.java:105) ~[classes/:na]
	at java.lang.String.valueOf(String.java:2994) ~[na:1.8.0_131]
	at java.lang.StringBuilder.append(StringBuilder.java:131) ~[na:1.8.0_131]
	at com.jpa.hibernate.demo.entity.Rating.toString(Rating.java:55) ~[classes/:na]
	at java.lang.String.valueOf(String.java:2994) ~[na:1.8.0_131]
	at java.lang.StringBuilder.append(StringBuilder.java:131) ~[na:1.8.0_131]
	at java.util.AbstractCollection.toString(AbstractCollection.java:462) ~[na:1.8.0_131]
	at org.hibernate.collection.internal.PersistentBag.toString(PersistentBag.java:510) ~[hibernate-core-5.0.12.Final.jar:5.0.12.Final]
	at java.lang.String.valueOf(String.java:2994) ~[na:1.8.0_131]
	at java.lang.StringBuilder.append(StringBuilder.java:131) ~[na:1.8.0_131]
	at com.jpa.hibernate.demo.entity.Course.toString(Course.java:105) ~[classes/:na]
	at java.lang.String.valueOf(String.java:2994) ~[na:1.8.0_131]
	at java.lang.StringBuilder.append(StringBuilder.java:131) ~[na:1.8.0_131]
	at com.jpa.hibernate.demo.entity.Rating.toString(Rating.java:55) ~[classes/:na]
	at java.lang.String.valueOf(String.java:2994) ~[na:1.8.0_131]
	at java.lang.StringBuilder.append(StringBuilder.java:131) ~[na:1.8.0_131]
	at java.util.AbstractCollection.toString(AbstractCollection.java:462) ~[na:1.8.0_131]
	at org.hibernate.collection.internal.PersistentBag.toString(PersistentBag.java:510) ~[hibernate-core-5.0.12.Final.jar:5.0.12.Final]
	at java.lang.String.valueOf(String.java:2994) ~[na:1.8.0_131]
	at java.lang.StringBuilder.append(StringBuilder.java:131) ~[na:1.8.0_131]
	at com.jpa.hibernate.demo.entity.Course.toString(Course.java:105) ~[classes/:na]
	at java.lang.String.valueOf(String.java:2994) ~[na:1.8.0_131]
	at java.lang.StringBuilder.append(StringBuilder.java:131) ~[na:1.8.0_131]
	at com.jpa.hibernate.demo.entity.Rating.toString(Rating.java:55) ~[classes/:na]
	at java.lang.String.valueOf(String.java:2994) ~[na:1.8.0_131]
	at java.lang.StringBuilder.append(StringBuilder.java:131) ~[na:1.8.0_131]
	at java.util.AbstractCollection.toString(AbstractCollection.java:462) ~[na:1.8.0_131]
	at org.hibernate.collection.internal.PersistentBag.toString(PersistentBag.java:510) ~[hibernate-core-5.0.12.Final.jar:5.0.12.Final]
	at java.lang.String.valueOf(String.java:2994) ~[na:1.8.0_131]
	at java.lang.StringBuilder.append(StringBuilder.java:131) ~[na:1.8.0_131]
	at com.jpa.hibernate.demo.entity.Course.toString(Course.java:105) ~[classes/:na]
	at java.lang.String.valueOf(String.java:2994) ~[na:1.8.0_131]
	at java.lang.StringBuilder.append(StringBuilder.java:131) ~[na:1.8.0_131]
	at com.jpa.hibernate.demo.entity.Rating.toString(Rating.java:55) ~[classes/:na]
	at java.lang.String.valueOf(String.java:2994) ~[na:1.8.0_131]
	at java.lang.StringBuilder.append(StringBuilder.java:131) ~[na:1.8.0_131]
	at java.util.AbstractCollection.toString(AbstractCollection.java:462) ~[na:1.8.0_131]
	at org.hibernate.collection.internal.PersistentBag.toString(PersistentBag.java:510) ~[hibernate-core-5.0.12.Final.jar:5.0.12.Final]
	at java.lang.String.valueOf(String.java:2994) ~[na:1.8.0_131]
	at java.lang.StringBuilder.append(StringBuilder.java:131) ~[na:1.8.0_131]
	at com.jpa.hibernate.demo.entity.Course.toString(Course.java:105) ~[classes/:na]
	at java.lang.String.valueOf(String.java:2994) ~[na:1.8.0_131]
	at java.lang.StringBuilder.append(StringBuilder.java:131) ~[na:1.8.0_131]
	at com.jpa.hibernate.demo.entity.Rating.toString(Rating.java:55) ~[classes/:na]
	at java.lang.String.valueOf(String.java:2994) ~[na:1.8.0_131]
	at java.lang.StringBuilder.append(StringBuilder.java:131) ~[na:1.8.0_131]
	at java.util.AbstractCollection.toString(AbstractCollection.java:462) ~[na:1.8.0_131]
	at org.hibernate.collection.internal.PersistentBag.toString(PersistentBag.java:510) ~[hibernate-core-5.0.12.Final.jar:5.0.12.Final]
	at java.lang.String.valueOf(String.java:2994) ~[na:1.8.0_131]
	at java.lang.StringBuilder.append(StringBuilder.java:131) ~[na:1.8.0_131]
	at com.jpa.hibernate.demo.entity.Course.toString(Course.java:105) ~[classes/:na]
	at java.lang.String.valueOf(String.java:2994) ~[na:1.8.0_131]
	at java.lang.StringBuilder.append(StringBuilder.java:131) ~[na:1.8.0_131]
	at com.jpa.hibernate.demo.entity.Rating.toString(Rating.java:55) ~[classes/:na]
	at java.lang.String.valueOf(String.java:2994) ~[na:1.8.0_131]
	at java.lang.StringBuilder.append(StringBuilder.java:131) ~[na:1.8.0_131]
	at java.util.AbstractCollection.toString(AbstractCollection.java:462) ~[na:1.8.0_131]
	at org.hibernate.collection.internal.PersistentBag.toString(PersistentBag.java:510) ~[hibernate-core-5.0.12.Final.jar:5.0.12.Final]
	at java.lang.String.valueOf(String.java:2994) ~[na:1.8.0_131]
	at java.lang.StringBuilder.append(StringBuilder.java:131) ~[na:1.8.0_131]
	at com.jpa.hibernate.demo.entity.Course.toString(Course.java:105) ~[classes/:na]
	at java.lang.String.valueOf(String.java:2994) ~[na:1.8.0_131]
	at java.lang.StringBuilder.append(StringBuilder.java:131) ~[na:1.8.0_131]
	at com.jpa.hibernate.demo.entity.Rating.toString(Rating.java:55) ~[classes/:na]
	at java.lang.String.valueOf(String.java:2994) ~[na:1.8.0_131]
	at java.lang.StringBuilder.append(StringBuilder.java:131) ~[na:1.8.0_131]
	at java.util.AbstractCollection.toString(AbstractCollection.java:462) ~[na:1.8.0_131]
	at org.hibernate.collection.internal.PersistentBag.toString(PersistentBag.java:510) ~[hibernate-core-5.0.12.Final.jar:5.0.12.Final]
	at java.lang.String.valueOf(String.java:2994) ~[na:1.8.0_131]
	at java.lang.StringBuilder.append(StringBuilder.java:131) ~[na:1.8.0_131]
	at com.jpa.hibernate.demo.entity.Course.toString(Course.java:105) ~[classes/:na]
	at java.lang.String.valueOf(String.java:2994) ~[na:1.8.0_131]
	at java.lang.StringBuilder.append(StringBuilder.java:131) ~[na:1.8.0_131]
	at com.jpa.hibernate.demo.entity.Rating.toString(Rating.java:55) ~[classes/:na]
	at java.lang.String.valueOf(String.java:2994) ~[na:1.8.0_131]
	at java.lang.StringBuilder.append(StringBuilder.java:131) ~[na:1.8.0_131]
	at java.util.AbstractCollection.toString(AbstractCollection.java:462) ~[na:1.8.0_131]
	at org.hibernate.collection.internal.PersistentBag.toString(PersistentBag.java:510) ~[hibernate-core-5.0.12.Final.jar:5.0.12.Final]
	at java.lang.String.valueOf(String.java:2994) ~[na:1.8.0_131]
	at java.lang.StringBuilder.append(StringBuilder.java:131) ~[na:1.8.0_131]
	at com.jpa.hibernate.demo.entity.Course.toString(Course.java:105) ~[classes/:na]
	at java.lang.String.valueOf(String.java:2994) ~[na:1.8.0_131]
	at java.lang.StringBuilder.append(StringBuilder.java:131) ~[na:1.8.0_131]
	at com.jpa.hibernate.demo.entity.Rating.toString(Rating.java:55) ~[classes/:na]
	at java.lang.String.valueOf(String.java:2994) ~[na:1.8.0_131]
	at java.lang.StringBuilder.append(StringBuilder.java:131) ~[na:1.8.0_131]
	at java.util.AbstractCollection.toString(AbstractCollection.java:462) ~[na:1.8.0_131]
	at org.hibernate.collection.internal.PersistentBag.toString(PersistentBag.java:510) ~[hibernate-core-5.0.12.Final.jar:5.0.12.Final]
	at java.lang.String.valueOf(String.java:2994) ~[na:1.8.0_131]
	at java.lang.StringBuilder.append(StringBuilder.java:131) ~[na:1.8.0_131]
	at com.jpa.hibernate.demo.entity.Course.toString(Course.java:105) ~[classes/:na]
	at java.lang.String.valueOf(String.java:2994) ~[na:1.8.0_131]
	at java.lang.StringBuilder.append(StringBuilder.java:131) ~[na:1.8.0_131]
	at com.jpa.hibernate.demo.entity.Rating.toString(Rating.java:55) ~[classes/:na]
	at java.lang.String.valueOf(String.java:2994) ~[na:1.8.0_131]
	at java.lang.StringBuilder.append(StringBuilder.java:131) ~[na:1.8.0_131]
	at java.util.AbstractCollection.toString(AbstractCollection.java:462) ~[na:1.8.0_131]
	at org.hibernate.collection.internal.PersistentBag.toString(PersistentBag.java:510) ~[hibernate-core-5.0.12.Final.jar:5.0.12.Final]
	at java.lang.String.valueOf(String.java:2994) ~[na:1.8.0_131]
	at java.lang.StringBuilder.append(StringBuilder.java:131) ~[na:1.8.0_131]
	at com.jpa.hibernate.demo.entity.Course.toString(Course.java:105) ~[classes/:na]
	at java.lang.String.valueOf(String.java:2994) ~[na:1.8.0_131]
	at java.lang.StringBuilder.append(StringBuilder.java:131) ~[na:1.8.0_131]
	at com.jpa.hibernate.demo.entity.Rating.toString(Rating.java:55) ~[classes/:na]
	at java.lang.String.valueOf(String.java:2994) ~[na:1.8.0_131]
	at java.lang.StringBuilder.append(StringBuilder.java:131) ~[na:1.8.0_131]
	at java.util.AbstractCollection.toString(AbstractCollection.java:462) ~[na:1.8.0_131]
	at org.hibernate.collection.internal.PersistentBag.toString(PersistentBag.java:510) ~[hibernate-core-5.0.12.Final.jar:5.0.12.Final]
	at java.lang.String.valueOf(String.java:2994) ~[na:1.8.0_131]
	at java.lang.StringBuilder.append(StringBuilder.java:131) ~[na:1.8.0_131]
	at com.jpa.hibernate.demo.entity.Course.toString(Course.java:105) ~[classes/:na]
	at java.lang.String.valueOf(String.java:2994) ~[na:1.8.0_131]
	at java.lang.StringBuilder.append(StringBuilder.java:131) ~[na:1.8.0_131]
	at com.jpa.hibernate.demo.entity.Rating.toString(Rating.java:55) ~[classes/:na]
	at java.lang.String.valueOf(String.java:2994) ~[na:1.8.0_131]
	at java.lang.StringBuilder.append(StringBuilder.java:131) ~[na:1.8.0_131]
	at java.util.AbstractCollection.toString(AbstractCollection.java:462) ~[na:1.8.0_131]
	at org.hibernate.collection.internal.PersistentBag.toString(PersistentBag.java:510) ~[hibernate-core-5.0.12.Final.jar:5.0.12.Final]
	at java.lang.String.valueOf(String.java:2994) ~[na:1.8.0_131]
	at java.lang.StringBuilder.append(StringBuilder.java:131) ~[na:1.8.0_131]
	at com.jpa.hibernate.demo.entity.Course.toString(Course.java:105) ~[classes/:na]
	at java.lang.String.valueOf(String.java:2994) ~[na:1.8.0_131]
	at java.lang.StringBuilder.append(StringBuilder.java:131) ~[na:1.8.0_131]
	at com.jpa.hibernate.demo.entity.Rating.toString(Rating.java:55) ~[classes/:na]
	at java.lang.String.valueOf(String.java:2994) ~[na:1.8.0_131]
	at java.lang.StringBuilder.append(StringBuilder.java:131) ~[na:1.8.0_131]
	at java.util.AbstractCollection.toString(AbstractCollection.java:462) ~[na:1.8.0_131]
	at org.hibernate.collection.internal.PersistentBag.toString(PersistentBag.java:510) ~[hibernate-core-5.0.12.Final.jar:5.0.12.Final]
	at java.lang.String.valueOf(String.java:2994) ~[na:1.8.0_131]
	at java.lang.StringBuilder.append(StringBuilder.java:131) ~[na:1.8.0_131]
	at com.jpa.hibernate.demo.entity.Course.toString(Course.java:105) ~[classes/:na]
	at java.lang.String.valueOf(String.java:2994) ~[na:1.8.0_131]
	at java.lang.StringBuilder.append(StringBuilder.java:131) ~[na:1.8.0_131]
	at com.jpa.hibernate.demo.entity.Rating.toString(Rating.java:55) ~[classes/:na]
	at java.lang.String.valueOf(String.java:2994) ~[na:1.8.0_131]
	at java.lang.StringBuilder.append(StringBuilder.java:131) ~[na:1.8.0_131]
	at java.util.AbstractCollection.toString(AbstractCollection.java:462) ~[na:1.8.0_131]
	at org.hibernate.collection.internal.PersistentBag.toString(PersistentBag.java:510) ~[hibernate-core-5.0.12.Final.jar:5.0.12.Final]
	at java.lang.String.valueOf(String.java:2994) ~[na:1.8.0_131]
	at java.lang.StringBuilder.append(StringBuilder.java:131) ~[na:1.8.0_131]
	at com.jpa.hibernate.demo.entity.Course.toString(Course.java:105) ~[classes/:na]
	at java.lang.String.valueOf(String.java:2994) ~[na:1.8.0_131]
	at java.lang.StringBuilder.append(StringBuilder.java:131) ~[na:1.8.0_131]
	at com.jpa.hibernate.demo.entity.Rating.toString(Rating.java:55) ~[classes/:na]
	at java.lang.String.valueOf(String.java:2994) ~[na:1.8.0_131]
	at java.lang.StringBuilder.append(StringBuilder.java:131) ~[na:1.8.0_131]
	at java.util.AbstractCollection.toString(AbstractCollection.java:462) ~[na:1.8.0_131]
	at org.hibernate.collection.internal.PersistentBag.toString(PersistentBag.java:510) ~[hibernate-core-5.0.12.Final.jar:5.0.12.Final]
	at java.lang.String.valueOf(String.java:2994) ~[na:1.8.0_131]
	at java.lang.StringBuilder.append(StringBuilder.java:131) ~[na:1.8.0_131]
	at com.jpa.hibernate.demo.entity.Course.toString(Course.java:105) ~[classes/:na]
	at java.lang.String.valueOf(String.java:2994) ~[na:1.8.0_131]
	at java.lang.StringBuilder.append(StringBuilder.java:131) ~[na:1.8.0_131]
	at com.jpa.hibernate.demo.entity.Rating.toString(Rating.java:55) ~[classes/:na]
	at java.lang.String.valueOf(String.java:2994) ~[na:1.8.0_131]
	at java.lang.StringBuilder.append(StringBuilder.java:131) ~[na:1.8.0_131]
	at java.util.AbstractCollection.toString(AbstractCollection.java:462) ~[na:1.8.0_131]
	at org.hibernate.collection.internal.PersistentBag.toString(PersistentBag.java:510) ~[hibernate-core-5.0.12.Final.jar:5.0.12.Final]
	at java.lang.String.valueOf(String.java:2994) ~[na:1.8.0_131]
	at java.lang.StringBuilder.append(StringBuilder.java:131) ~[na:1.8.0_131]
	at com.jpa.hibernate.demo.entity.Course.toString(Course.java:105) ~[classes/:na]
	at java.lang.String.valueOf(String.java:2994) ~[na:1.8.0_131]
	at java.lang.StringBuilder.append(StringBuilder.java:131) ~[na:1.8.0_131]
	at com.jpa.hibernate.demo.entity.Rating.toString(Rating.java:55) ~[classes/:na]
	at java.lang.String.valueOf(String.java:2994) ~[na:1.8.0_131]
	at java.lang.StringBuilder.append(StringBuilder.java:131) ~[na:1.8.0_131]
	at java.util.AbstractCollection.toString(AbstractCollection.java:462) ~[na:1.8.0_131]
	at org.hibernate.collection.internal.PersistentBag.toString(PersistentBag.java:510) ~[hibernate-core-5.0.12.Final.jar:5.0.12.Final]
	at java.lang.String.valueOf(String.java:2994) ~[na:1.8.0_131]
	at java.lang.StringBuilder.append(StringBuilder.java:131) ~[na:1.8.0_131]
	at com.jpa.hibernate.demo.entity.Course.toString(Course.java:105) ~[classes/:na]
	at java.lang.String.valueOf(String.java:2994) ~[na:1.8.0_131]
	at java.lang.StringBuilder.append(StringBuilder.java:131) ~[na:1.8.0_131]
	at com.jpa.hibernate.demo.entity.Rating.toString(Rating.java:55) ~[classes/:na]
	at java.lang.String.valueOf(String.java:2994) ~[na:1.8.0_131]
	at java.lang.StringBuilder.append(StringBuilder.java:131) ~[na:1.8.0_131]
	at java.util.AbstractCollection.toString(AbstractCollection.java:462) ~[na:1.8.0_131]
	at org.hibernate.collection.internal.PersistentBag.toString(PersistentBag.java:510) ~[hibernate-core-5.0.12.Final.jar:5.0.12.Final]
	at java.lang.String.valueOf(String.java:2994) ~[na:1.8.0_131]
	at java.lang.StringBuilder.append(StringBuilder.java:131) ~[na:1.8.0_131]
	at com.jpa.hibernate.demo.entity.Course.toString(Course.java:105) ~[classes/:na]
	at java.lang.String.valueOf(String.java:2994) ~[na:1.8.0_131]
	at java.lang.StringBuilder.append(StringBuilder.java:131) ~[na:1.8.0_131]
	at com.jpa.hibernate.demo.entity.Rating.toString(Rating.java:55) ~[classes/:na]
	at java.lang.String.valueOf(String.java:2994) ~[na:1.8.0_131]
	at java.lang.StringBuilder.append(StringBuilder.java:131) ~[na:1.8.0_131]
	at java.util.AbstractCollection.toString(AbstractCollection.java:462) ~[na:1.8.0_131]
	at org.hibernate.collection.internal.PersistentBag.toString(PersistentBag.java:510) ~[hibernate-core-5.0.12.Final.jar:5.0.12.Final]
	at java.lang.String.valueOf(String.java:2994) ~[na:1.8.0_131]
	at java.lang.StringBuilder.append(StringBuilder.java:131) ~[na:1.8.0_131]
	at com.jpa.hibernate.demo.entity.Course.toString(Course.java:105) ~[classes/:na]
	at java.lang.String.valueOf(String.java:2994) ~[na:1.8.0_131]
	at java.lang.StringBuilder.append(StringBuilder.java:131) ~[na:1.8.0_131]
	at com.jpa.hibernate.demo.entity.Rating.toString(Rating.java:55) ~[classes/:na]
	at java.lang.String.valueOf(String.java:2994) ~[na:1.8.0_131]
	at java.lang.StringBuilder.append(StringBuilder.java:131) ~[na:1.8.0_131]
	at java.util.AbstractCollection.toString(AbstractCollection.java:462) ~[na:1.8.0_131]
	at org.hibernate.collection.internal.PersistentBag.toString(PersistentBag.java:510) ~[hibernate-core-5.0.12.Final.jar:5.0.12.Final]
	at java.lang.String.valueOf(String.java:2994) ~[na:1.8.0_131]
	at java.lang.StringBuilder.append(StringBuilder.java:131) ~[na:1.8.0_131]
	at com.jpa.hibernate.demo.entity.Course.toString(Course.java:105) ~[classes/:na]
	at java.lang.String.valueOf(String.java:2994) ~[na:1.8.0_131]
	at java.lang.StringBuilder.append(StringBuilder.java:131) ~[na:1.8.0_131]
	at com.jpa.hibernate.demo.entity.Rating.toString(Rating.java:55) ~[classes/:na]
	at java.lang.String.valueOf(String.java:2994) ~[na:1.8.0_131]
	at java.lang.StringBuilder.append(StringBuilder.java:131) ~[na:1.8.0_131]
	at java.util.AbstractCollection.toString(AbstractCollection.java:462) ~[na:1.8.0_131]
	at org.hibernate.collection.internal.PersistentBag.toString(PersistentBag.java:510) ~[hibernate-core-5.0.12.Final.jar:5.0.12.Final]
	at java.lang.String.valueOf(String.java:2994) ~[na:1.8.0_131]
	at java.lang.StringBuilder.append(StringBuilder.java:131) ~[na:1.8.0_131]
	at com.jpa.hibernate.demo.entity.Course.toString(Course.java:105) ~[classes/:na]
	at java.lang.String.valueOf(String.java:2994) ~[na:1.8.0_131]
	at java.lang.StringBuilder.append(StringBuilder.java:131) ~[na:1.8.0_131]
	at com.jpa.hibernate.demo.entity.Rating.toString(Rating.java:55) ~[classes/:na]
	at java.lang.String.valueOf(String.java:2994) ~[na:1.8.0_131]
	at java.lang.StringBuilder.append(StringBuilder.java:131) ~[na:1.8.0_131]
	at java.util.AbstractCollection.toString(AbstractCollection.java:462) ~[na:1.8.0_131]
	at org.hibernate.collection.internal.PersistentBag.toString(PersistentBag.java:510) ~[hibernate-core-5.0.12.Final.jar:5.0.12.Final]
	at java.lang.String.valueOf(String.java:2994) ~[na:1.8.0_131]
	at java.lang.StringBuilder.append(StringBuilder.java:131) ~[na:1.8.0_131]
	at com.jpa.hibernate.demo.entity.Course.toString(Course.java:105) ~[classes/:na]
	at java.lang.String.valueOf(String.java:2994) ~[na:1.8.0_131]
	at java.lang.StringBuilder.append(StringBuilder.java:131) ~[na:1.8.0_131]
	at com.jpa.hibernate.demo.entity.Rating.toString(Rating.java:55) ~[classes/:na]
	at java.lang.String.valueOf(String.java:2994) ~[na:1.8.0_131]
	at java.lang.StringBuilder.append(StringBuilder.java:131) ~[na:1.8.0_131]
	at java.util.AbstractCollection.toString(AbstractCollection.java:462) ~[na:1.8.0_131]
	at org.hibernate.collection.internal.PersistentBag.toString(PersistentBag.java:510) ~[hibernate-core-5.0.12.Final.jar:5.0.12.Final]
	at java.lang.String.valueOf(String.java:2994) ~[na:1.8.0_131]
	at java.lang.StringBuilder.append(StringBuilder.java:131) ~[na:1.8.0_131]
	at com.jpa.hibernate.demo.entity.Course.toString(Course.java:105) ~[classes/:na]
	at java.lang.String.valueOf(String.java:2994) ~[na:1.8.0_131]
	at java.lang.StringBuilder.append(StringBuilder.java:131) ~[na:1.8.0_131]
	at com.jpa.hibernate.demo.entity.Rating.toString(Rating.java:55) ~[classes/:na]
	at java.lang.String.valueOf(String.java:2994) ~[na:1.8.0_131]
	at java.lang.StringBuilder.append(StringBuilder.java:131) ~[na:1.8.0_131]
	at java.util.AbstractCollection.toString(AbstractCollection.java:462) ~[na:1.8.0_131]
	at org.hibernate.collection.internal.PersistentBag.toString(PersistentBag.java:510) ~[hibernate-core-5.0.12.Final.jar:5.0.12.Final]
	at java.lang.String.valueOf(String.java:2994) ~[na:1.8.0_131]
	at java.lang.StringBuilder.append(StringBuilder.java:131) ~[na:1.8.0_131]
	at com.jpa.hibernate.demo.entity.Course.toString(Course.java:105) ~[classes/:na]
	at java.lang.String.valueOf(String.java:2994) ~[na:1.8.0_131]
	at java.lang.StringBuilder.append(StringBuilder.java:131) ~[na:1.8.0_131]
	at com.jpa.hibernate.demo.entity.Rating.toString(Rating.java:55) ~[classes/:na]
	at java.lang.String.valueOf(String.java:2994) ~[na:1.8.0_131]
	at java.lang.StringBuilder.append(StringBuilder.java:131) ~[na:1.8.0_131]
	at java.util.AbstractCollection.toString(AbstractCollection.java:462) ~[na:1.8.0_131]
	at org.hibernate.collection.internal.PersistentBag.toString(PersistentBag.java:510) ~[hibernate-core-5.0.12.Final.jar:5.0.12.Final]
	at java.lang.String.valueOf(String.java:2994) ~[na:1.8.0_131]
	at java.lang.StringBuilder.append(StringBuilder.java:131) ~[na:1.8.0_131]
	at com.jpa.hibernate.demo.entity.Course.toString(Course.java:105) ~[classes/:na]
	at java.lang.String.valueOf(String.java:2994) ~[na:1.8.0_131]
	at java.lang.StringBuilder.append(StringBuilder.java:131) ~[na:1.8.0_131]
	at com.jpa.hibernate.demo.entity.Rating.toString(Rating.java:55) ~[classes/:na]
	at java.lang.String.valueOf(String.java:2994) ~[na:1.8.0_131]
	at java.lang.StringBuilder.append(StringBuilder.java:131) ~[na:1.8.0_131]
	at java.util.AbstractCollection.toString(AbstractCollection.java:462) ~[na:1.8.0_131]
	at org.hibernate.collection.internal.PersistentBag.toString(PersistentBag.java:510) ~[hibernate-core-5.0.12.Final.jar:5.0.12.Final]
	at java.lang.String.valueOf(String.java:2994) ~[na:1.8.0_131]
	at java.lang.StringBuilder.append(StringBuilder.java:131) ~[na:1.8.0_131]
	at com.jpa.hibernate.demo.entity.Course.toString(Course.java:105) ~[classes/:na]
	at java.lang.String.valueOf(String.java:2994) ~[na:1.8.0_131]
	at java.lang.StringBuilder.append(StringBuilder.java:131) ~[na:1.8.0_131]
	at com.jpa.hibernate.demo.entity.Rating.toString(Rating.java:55) ~[classes/:na]
	at java.lang.String.valueOf(String.java:2994) ~[na:1.8.0_131]
	at java.lang.StringBuilder.append(StringBuilder.java:131) ~[na:1.8.0_131]
	at java.util.AbstractCollection.toString(AbstractCollection.java:462) ~[na:1.8.0_131]
	at org.hibernate.collection.internal.PersistentBag.toString(PersistentBag.java:510) ~[hibernate-core-5.0.12.Final.jar:5.0.12.Final]
	at java.lang.String.valueOf(String.java:2994) ~[na:1.8.0_131]
	at java.lang.StringBuilder.append(StringBuilder.java:131) ~[na:1.8.0_131]
	at com.jpa.hibernate.demo.entity.Course.toString(Course.java:105) ~[classes/:na]
	at java.lang.String.valueOf(String.java:2994) ~[na:1.8.0_131]
	at java.lang.StringBuilder.append(StringBuilder.java:131) ~[na:1.8.0_131]
	at com.jpa.hibernate.demo.entity.Rating.toString(Rating.java:55) ~[classes/:na]
	at java.lang.String.valueOf(String.java:2994) ~[na:1.8.0_131]
	at java.lang.StringBuilder.append(StringBuilder.java:131) ~[na:1.8.0_131]
	at java.util.AbstractCollection.toString(AbstractCollection.java:462) ~[na:1.8.0_131]
	at org.hibernate.collection.internal.PersistentBag.toString(PersistentBag.java:510) ~[hibernate-core-5.0.12.Final.jar:5.0.12.Final]
	at java.lang.String.valueOf(String.java:2994) ~[na:1.8.0_131]
	at java.lang.StringBuilder.append(StringBuilder.java:131) ~[na:1.8.0_131]
	at com.jpa.hibernate.demo.entity.Course.toString(Course.java:105) ~[classes/:na]
	at java.lang.String.valueOf(String.java:2994) ~[na:1.8.0_131]
	at java.lang.StringBuilder.append(StringBuilder.java:131) ~[na:1.8.0_131]
	at com.jpa.hibernate.demo.entity.Rating.toString(Rating.java:55) ~[classes/:na]
	at java.lang.String.valueOf(String.java:2994) ~[na:1.8.0_131]
	at java.lang.StringBuilder.append(StringBuilder.java:131) ~[na:1.8.0_131]
	at java.util.AbstractCollection.toString(AbstractCollection.java:462) ~[na:1.8.0_131]
	at org.hibernate.collection.internal.PersistentBag.toString(PersistentBag.java:510) ~[hibernate-core-5.0.12.Final.jar:5.0.12.Final]
	at java.lang.String.valueOf(String.java:2994) ~[na:1.8.0_131]
	at java.lang.StringBuilder.append(StringBuilder.java:131) ~[na:1.8.0_131]
	at com.jpa.hibernate.demo.entity.Course.toString(Course.java:105) ~[classes/:na]
	at java.lang.String.valueOf(String.java:2994) ~[na:1.8.0_131]
	at java.lang.StringBuilder.append(StringBuilder.java:131) ~[na:1.8.0_131]
	at com.jpa.hibernate.demo.entity.Rating.toString(Rating.java:55) ~[classes/:na]
	at java.lang.String.valueOf(String.java:2994) ~[na:1.8.0_131]
	at java.lang.StringBuilder.append(StringBuilder.java:131) ~[na:1.8.0_131]
	at java.util.AbstractCollection.toString(AbstractCollection.java:462) ~[na:1.8.0_131]
	at org.hibernate.collection.internal.PersistentBag.toString(PersistentBag.java:510) ~[hibernate-core-5.0.12.Final.jar:5.0.12.Final]
	at java.lang.String.valueOf(String.java:2994) ~[na:1.8.0_131]
	at java.lang.StringBuilder.append(StringBuilder.java:131) ~[na:1.8.0_131]
	at com.jpa.hibernate.demo.entity.Course.toString(Course.java:105) ~[classes/:na]
	at java.lang.String.valueOf(String.java:2994) ~[na:1.8.0_131]
	at java.lang.StringBuilder.append(StringBuilder.java:131) ~[na:1.8.0_131]
	at com.jpa.hibernate.demo.entity.Rating.toString(Rating.java:55) ~[classes/:na]
	at java.lang.String.valueOf(String.java:2994) ~[na:1.8.0_131]
	at java.lang.StringBuilder.append(StringBuilder.java:131) ~[na:1.8.0_131]
	at java.util.AbstractCollection.toString(AbstractCollection.java:462) ~[na:1.8.0_131]
	at org.hibernate.collection.internal.PersistentBag.toString(PersistentBag.java:510) ~[hibernate-core-5.0.12.Final.jar:5.0.12.Final]
	at java.lang.String.valueOf(String.java:2994) ~[na:1.8.0_131]
	at java.lang.StringBuilder.append(StringBuilder.java:131) ~[na:1.8.0_131]
	at com.jpa.hibernate.demo.entity.Course.toString(Course.java:105) ~[classes/:na]
	at java.lang.String.valueOf(String.java:2994) ~[na:1.8.0_131]
	at java.lang.StringBuilder.append(StringBuilder.java:131) ~[na:1.8.0_131]
	at com.jpa.hibernate.demo.entity.Rating.toString(Rating.java:55) ~[classes/:na]
	at java.lang.String.valueOf(String.java:2994) ~[na:1.8.0_131]
	at java.lang.StringBuilder.append(StringBuilder.java:131) ~[na:1.8.0_131]
	at java.util.AbstractCollection.toString(AbstractCollection.java:462) ~[na:1.8.0_131]
	at org.hibernate.collection.internal.PersistentBag.toString(PersistentBag.java:510) ~[hibernate-core-5.0.12.Final.jar:5.0.12.Final]
	at java.lang.String.valueOf(String.java:2994) ~[na:1.8.0_131]
	at java.lang.StringBuilder.append(StringBuilder.java:131) ~[na:1.8.0_131]
	at com.jpa.hibernate.demo.entity.Course.toString(Course.java:105) ~[classes/:na]
	at java.lang.String.valueOf(String.java:2994) ~[na:1.8.0_131]
	at java.lang.StringBuilder.append(StringBuilder.java:131) ~[na:1.8.0_131]
	at com.jpa.hibernate.demo.entity.Rating.toString(Rating.java:55) ~[classes/:na]
	at java.lang.String.valueOf(String.java:2994) ~[na:1.8.0_131]
	at java.lang.StringBuilder.append(StringBuilder.java:131) ~[na:1.8.0_131]
	at java.util.AbstractCollection.toString(AbstractCollection.java:462) ~[na:1.8.0_131]
	at org.hibernate.collection.internal.PersistentBag.toString(PersistentBag.java:510) ~[hibernate-core-5.0.12.Final.jar:5.0.12.Final]
	at java.lang.String.valueOf(String.java:2994) ~[na:1.8.0_131]
	at java.lang.StringBuilder.append(StringBuilder.java:131) ~[na:1.8.0_131]
	at com.jpa.hibernate.demo.entity.Course.toString(Course.java:105) ~[classes/:na]
	at java.lang.String.valueOf(String.java:2994) ~[na:1.8.0_131]
	at java.lang.StringBuilder.append(StringBuilder.java:131) ~[na:1.8.0_131]
	at com.jpa.hibernate.demo.entity.Rating.toString(Rating.java:55) ~[classes/:na]
	at java.lang.String.valueOf(String.java:2994) ~[na:1.8.0_131]
	at java.lang.StringBuilder.append(StringBuilder.java:131) ~[na:1.8.0_131]
	at java.util.AbstractCollection.toString(AbstractCollection.java:462) ~[na:1.8.0_131]
	at org.hibernate.collection.internal.PersistentBag.toString(PersistentBag.java:510) ~[hibernate-core-5.0.12.Final.jar:5.0.12.Final]
	at java.lang.String.valueOf(String.java:2994) ~[na:1.8.0_131]
	at java.lang.StringBuilder.append(StringBuilder.java:131) ~[na:1.8.0_131]
	at com.jpa.hibernate.demo.entity.Course.toString(Course.java:105) ~[classes/:na]
	at java.lang.String.valueOf(String.java:2994) ~[na:1.8.0_131]
	at java.lang.StringBuilder.append(StringBuilder.java:131) ~[na:1.8.0_131]
	at com.jpa.hibernate.demo.entity.Rating.toString(Rating.java:55) ~[classes/:na]
	at java.lang.String.valueOf(String.java:2994) ~[na:1.8.0_131]
	at java.lang.StringBuilder.append(StringBuilder.java:131) ~[na:1.8.0_131]
	at java.util.AbstractCollection.toString(AbstractCollection.java:462) ~[na:1.8.0_131]
	at org.hibernate.collection.internal.PersistentBag.toString(PersistentBag.java:510) ~[hibernate-core-5.0.12.Final.jar:5.0.12.Final]
	at java.lang.String.valueOf(String.java:2994) ~[na:1.8.0_131]
	at java.lang.StringBuilder.append(StringBuilder.java:131) ~[na:1.8.0_131]
	at com.jpa.hibernate.demo.entity.Course.toString(Course.java:105) ~[classes/:na]
	at java.lang.String.valueOf(String.java:2994) ~[na:1.8.0_131]
	at java.lang.StringBuilder.append(StringBuilder.java:131) ~[na:1.8.0_131]
	at com.jpa.hibernate.demo.entity.Rating.toString(Rating.java:55) ~[classes/:na]
	at java.lang.String.valueOf(String.java:2994) ~[na:1.8.0_131]
	at java.lang.StringBuilder.append(StringBuilder.java:131) ~[na:1.8.0_131]
	at java.util.AbstractCollection.toString(AbstractCollection.java:462) ~[na:1.8.0_131]
	at org.hibernate.collection.internal.PersistentBag.toString(PersistentBag.java:510) ~[hibernate-core-5.0.12.Final.jar:5.0.12.Final]
	at java.lang.String.valueOf(String.java:2994) ~[na:1.8.0_131]
	at java.lang.StringBuilder.append(StringBuilder.java:131) ~[na:1.8.0_131]

2019-06-19 12:01:06.443  INFO 6732 --- [           main] o.s.w.c.s.GenericWebApplicationContext   : Closing org.springframework.web.context.support.GenericWebApplicationContext@6906be0f: startup date [Wed Jun 19 12:01:05 IST 2019]; root of context hierarchy
2019-06-19 12:01:06.444  INFO 6732 --- [           main] j.LocalContainerEntityManagerFactoryBean : Closing JPA EntityManagerFactory for persistence unit 'default'
2019-06-19 12:01:06.445 ERROR 6732 --- [           main] o.s.test.context.TestContextManager      : Caught exception while allowing TestExecutionListener [org.springframework.test.context.web.ServletTestExecutionListener@482ba4b1] to prepare test instance [com.jpa.hibernate.demo.repo.CourseRepoTest@5c0ece6d]

java.lang.StackOverflowError: null
	at java.util.AbstractCollection.toString(AbstractCollection.java:454) ~[na:1.8.0_131]
	at org.hibernate.collection.internal.PersistentBag.toString(PersistentBag.java:510) ~[hibernate-core-5.0.12.Final.jar:5.0.12.Final]
	at java.lang.String.valueOf(String.java:2994) ~[na:1.8.0_131]
	at java.lang.StringBuilder.append(StringBuilder.java:131) ~[na:1.8.0_131]
	at com.jpa.hibernate.demo.entity.Course.toString(Course.java:105) ~[classes/:na]
	at java.lang.String.valueOf(String.java:2994) ~[na:1.8.0_131]
	at java.lang.StringBuilder.append(StringBuilder.java:131) ~[na:1.8.0_131]
	at com.jpa.hibernate.demo.entity.Rating.toString(Rating.java:55) ~[classes/:na]
	at java.lang.String.valueOf(String.java:2994) ~[na:1.8.0_131]
	at java.lang.StringBuilder.append(StringBuilder.java:131) ~[na:1.8.0_131]
	at java.util.AbstractCollection.toString(AbstractCollection.java:462) ~[na:1.8.0_131]
	at org.hibernate.collection.internal.PersistentBag.toString(PersistentBag.java:510) ~[hibernate-core-5.0.12.Final.jar:5.0.12.Final]
	at java.lang.String.valueOf(String.java:2994) ~[na:1.8.0_131]
	at java.lang.StringBuilder.append(StringBuilder.java:131) ~[na:1.8.0_131]
	at com.jpa.hibernate.demo.entity.Course.toString(Course.java:105) ~[classes/:na]
	at java.lang.String.valueOf(String.java:2994) ~[na:1.8.0_131]
	at java.lang.StringBuilder.append(StringBuilder.java:131) ~[na:1.8.0_131]
	at com.jpa.hibernate.demo.entity.Rating.toString(Rating.java:55) ~[classes/:na]
	at java.lang.String.valueOf(String.java:2994) ~[na:1.8.0_131]
	at java.lang.StringBuilder.append(StringBuilder.java:131) ~[na:1.8.0_131]
	at java.util.AbstractCollection.toString(AbstractCollection.java:462) ~[na:1.8.0_131]
	at org.hibernate.collection.internal.PersistentBag.toString(PersistentBag.java:510) ~[hibernate-core-5.0.12.Final.jar:5.0.12.Final]
	at java.lang.String.valueOf(String.java:2994) ~[na:1.8.0_131]
	at java.lang.StringBuilder.append(StringBuilder.java:131) ~[na:1.8.0_131]
	at com.jpa.hibernate.demo.entity.Course.toString(Course.java:105) ~[classes/:na]
	at java.lang.String.valueOf(String.java:2994) ~[na:1.8.0_131]
	at java.lang.StringBuilder.append(StringBuilder.java:131) ~[na:1.8.0_131]
	at com.jpa.hibernate.demo.entity.Rating.toString(Rating.java:55) ~[classes/:na]
	at java.lang.String.valueOf(String.java:2994) ~[na:1.8.0_131]
	at java.lang.StringBuilder.append(StringBuilder.java:131) ~[na:1.8.0_131]
	at java.util.AbstractCollection.toString(AbstractCollection.java:462) ~[na:1.8.0_131]
	at org.hibernate.collection.internal.PersistentBag.toString(PersistentBag.java:510) ~[hibernate-core-5.0.12.Final.jar:5.0.12.Final]
	at java.lang.String.valueOf(String.java:2994) ~[na:1.8.0_131]
	at java.lang.StringBuilder.append(StringBuilder.java:131) ~[na:1.8.0_131]
	at com.jpa.hibernate.demo.entity.Course.toString(Course.java:105) ~[classes/:na]
	at java.lang.String.valueOf(String.java:2994) ~[na:1.8.0_131]
	at java.lang.StringBuilder.append(StringBuilder.java:131) ~[na:1.8.0_131]
	at com.jpa.hibernate.demo.entity.Rating.toString(Rating.java:55) ~[classes/:na]
	at java.lang.String.valueOf(String.java:2994) ~[na:1.8.0_131]
	at java.lang.StringBuilder.append(StringBuilder.java:131) ~[na:1.8.0_131]
	at java.util.AbstractCollection.toString(AbstractCollection.java:462) ~[na:1.8.0_131]
	at org.hibernate.collection.internal.PersistentBag.toString(PersistentBag.java:510) ~[hibernate-core-5.0.12.Final.jar:5.0.12.Final]
	at java.lang.String.valueOf(String.java:2994) ~[na:1.8.0_131]
	at java.lang.StringBuilder.append(StringBuilder.java:131) ~[na:1.8.0_131]
	at com.jpa.hibernate.demo.entity.Course.toString(Course.java:105) ~[classes/:na]
	at java.lang.String.valueOf(String.java:2994) ~[na:1.8.0_131]
	at java.lang.StringBuilder.append(StringBuilder.java:131) ~[na:1.8.0_131]
	at com.jpa.hibernate.demo.entity.Rating.toString(Rating.java:55) ~[classes/:na]
	at java.lang.String.valueOf(String.java:2994) ~[na:1.8.0_131]
	at java.lang.StringBuilder.append(StringBuilder.java:131) ~[na:1.8.0_131]
	at java.util.AbstractCollection.toString(AbstractCollection.java:462) ~[na:1.8.0_131]
	at org.hibernate.collection.internal.PersistentBag.toString(PersistentBag.java:510) ~[hibernate-core-5.0.12.Final.jar:5.0.12.Final]
	at java.lang.String.valueOf(String.java:2994) ~[na:1.8.0_131]
	at java.lang.StringBuilder.append(StringBuilder.java:131) ~[na:1.8.0_131]
	at com.jpa.hibernate.demo.entity.Course.toString(Course.java:105) ~[classes/:na]
	at java.lang.String.valueOf(String.java:2994) ~[na:1.8.0_131]
	at java.lang.StringBuilder.append(StringBuilder.java:131) ~[na:1.8.0_131]
	at com.jpa.hibernate.demo.entity.Rating.toString(Rating.java:55) ~[classes/:na]
	at java.lang.String.valueOf(String.java:2994) ~[na:1.8.0_131]
	at java.lang.StringBuilder.append(StringBuilder.java:131) ~[na:1.8.0_131]
	at java.util.AbstractCollection.toString(AbstractCollection.java:462) ~[na:1.8.0_131]
	at org.hibernate.collection.internal.PersistentBag.toString(PersistentBag.java:510) ~[hibernate-core-5.0.12.Final.jar:5.0.12.Final]
	at java.lang.String.valueOf(String.java:2994) ~[na:1.8.0_131]
	at java.lang.StringBuilder.append(StringBuilder.java:131) ~[na:1.8.0_131]
	at com.jpa.hibernate.demo.entity.Course.toString(Course.java:105) ~[classes/:na]
	at java.lang.String.valueOf(String.java:2994) ~[na:1.8.0_131]
	at java.lang.StringBuilder.append(StringBuilder.java:131) ~[na:1.8.0_131]
	at com.jpa.hibernate.demo.entity.Rating.toString(Rating.java:55) ~[classes/:na]
	at java.lang.String.valueOf(String.java:2994) ~[na:1.8.0_131]
	at java.lang.StringBuilder.append(StringBuilder.java:131) ~[na:1.8.0_131]
	at java.util.AbstractCollection.toString(AbstractCollection.java:462) ~[na:1.8.0_131]
	at org.hibernate.collection.internal.PersistentBag.toString(PersistentBag.java:510) ~[hibernate-core-5.0.12.Final.jar:5.0.12.Final]
	at java.lang.String.valueOf(String.java:2994) ~[na:1.8.0_131]
	at java.lang.StringBuilder.append(StringBuilder.java:131) ~[na:1.8.0_131]
	at com.jpa.hibernate.demo.entity.Course.toString(Course.java:105) ~[classes/:na]
	at java.lang.String.valueOf(String.java:2994) ~[na:1.8.0_131]
	at java.lang.StringBuilder.append(StringBuilder.java:131) ~[na:1.8.0_131]
	at com.jpa.hibernate.demo.entity.Rating.toString(Rating.java:55) ~[classes/:na]
	at java.lang.String.valueOf(String.java:2994) ~[na:1.8.0_131]
	at java.lang.StringBuilder.append(StringBuilder.java:131) ~[na:1.8.0_131]
	at java.util.AbstractCollection.toString(AbstractCollection.java:462) ~[na:1.8.0_131]
	at org.hibernate.collection.internal.PersistentBag.toString(PersistentBag.java:510) ~[hibernate-core-5.0.12.Final.jar:5.0.12.Final]
	at java.lang.String.valueOf(String.java:2994) ~[na:1.8.0_131]
	at java.lang.StringBuilder.append(StringBuilder.java:131) ~[na:1.8.0_131]
	at com.jpa.hibernate.demo.entity.Course.toString(Course.java:105) ~[classes/:na]
	at java.lang.String.valueOf(String.java:2994) ~[na:1.8.0_131]
	at java.lang.StringBuilder.append(StringBuilder.java:131) ~[na:1.8.0_131]
	at com.jpa.hibernate.demo.entity.Rating.toString(Rating.java:55) ~[classes/:na]
	at java.lang.String.valueOf(String.java:2994) ~[na:1.8.0_131]
	at java.lang.StringBuilder.append(StringBuilder.java:131) ~[na:1.8.0_131]
	at java.util.AbstractCollection.toString(AbstractCollection.java:462) ~[na:1.8.0_131]
	at org.hibernate.collection.internal.PersistentBag.toString(PersistentBag.java:510) ~[hibernate-core-5.0.12.Final.jar:5.0.12.Final]
	at java.lang.String.valueOf(String.java:2994) ~[na:1.8.0_131]
	at java.lang.StringBuilder.append(StringBuilder.java:131) ~[na:1.8.0_131]
	at com.jpa.hibernate.demo.entity.Course.toString(Course.java:105) ~[classes/:na]
	at java.lang.String.valueOf(String.java:2994) ~[na:1.8.0_131]
	at java.lang.StringBuilder.append(StringBuilder.java:131) ~[na:1.8.0_131]
	at com.jpa.hibernate.demo.entity.Rating.toString(Rating.java:55) ~[classes/:na]
	at java.lang.String.valueOf(String.java:2994) ~[na:1.8.0_131]
	at java.lang.StringBuilder.append(StringBuilder.java:131) ~[na:1.8.0_131]
	at java.util.AbstractCollection.toString(AbstractCollection.java:462) ~[na:1.8.0_131]
	at org.hibernate.collection.internal.PersistentBag.toString(PersistentBag.java:510) ~[hibernate-core-5.0.12.Final.jar:5.0.12.Final]
	at java.lang.String.valueOf(String.java:2994) ~[na:1.8.0_131]
	at java.lang.StringBuilder.append(StringBuilder.java:131) ~[na:1.8.0_131]
	at com.jpa.hibernate.demo.entity.Course.toString(Course.java:105) ~[classes/:na]
	at java.lang.String.valueOf(String.java:2994) ~[na:1.8.0_131]
	at java.lang.StringBuilder.append(StringBuilder.java:131) ~[na:1.8.0_131]
	at com.jpa.hibernate.demo.entity.Rating.toString(Rating.java:55) ~[classes/:na]
	at java.lang.String.valueOf(String.java:2994) ~[na:1.8.0_131]
	at java.lang.StringBuilder.append(StringBuilder.java:131) ~[na:1.8.0_131]
	at java.util.AbstractCollection.toString(AbstractCollection.java:462) ~[na:1.8.0_131]
	at org.hibernate.collection.internal.PersistentBag.toString(PersistentBag.java:510) ~[hibernate-core-5.0.12.Final.jar:5.0.12.Final]
	at java.lang.String.valueOf(String.java:2994) ~[na:1.8.0_131]
	at java.lang.StringBuilder.append(StringBuilder.java:131) ~[na:1.8.0_131]
	at com.jpa.hibernate.demo.entity.Course.toString(Course.java:105) ~[classes/:na]
	at java.lang.String.valueOf(String.java:2994) ~[na:1.8.0_131]
	at java.lang.StringBuilder.append(StringBuilder.java:131) ~[na:1.8.0_131]
	at com.jpa.hibernate.demo.entity.Rating.toString(Rating.java:55) ~[classes/:na]
	at java.lang.String.valueOf(String.java:2994) ~[na:1.8.0_131]
	at java.lang.StringBuilder.append(StringBuilder.java:131) ~[na:1.8.0_131]
	at java.util.AbstractCollection.toString(AbstractCollection.java:462) ~[na:1.8.0_131]
	at org.hibernate.collection.internal.PersistentBag.toString(PersistentBag.java:510) ~[hibernate-core-5.0.12.Final.jar:5.0.12.Final]
	at java.lang.String.valueOf(String.java:2994) ~[na:1.8.0_131]
	at java.lang.StringBuilder.append(StringBuilder.java:131) ~[na:1.8.0_131]
	at com.jpa.hibernate.demo.entity.Course.toString(Course.java:105) ~[classes/:na]
	at java.lang.String.valueOf(String.java:2994) ~[na:1.8.0_131]
	at java.lang.StringBuilder.append(StringBuilder.java:131) ~[na:1.8.0_131]
	at com.jpa.hibernate.demo.entity.Rating.toString(Rating.java:55) ~[classes/:na]
	at java.lang.String.valueOf(String.java:2994) ~[na:1.8.0_131]
	at java.lang.StringBuilder.append(StringBuilder.java:131) ~[na:1.8.0_131]
	at java.util.AbstractCollection.toString(AbstractCollection.java:462) ~[na:1.8.0_131]
	at org.hibernate.collection.internal.PersistentBag.toString(PersistentBag.java:510) ~[hibernate-core-5.0.12.Final.jar:5.0.12.Final]
	at java.lang.String.valueOf(String.java:2994) ~[na:1.8.0_131]
	at java.lang.StringBuilder.append(StringBuilder.java:131) ~[na:1.8.0_131]
	at com.jpa.hibernate.demo.entity.Course.toString(Course.java:105) ~[classes/:na]
	at java.lang.String.valueOf(String.java:2994) ~[na:1.8.0_131]
	at java.lang.StringBuilder.append(StringBuilder.java:131) ~[na:1.8.0_131]
	at com.jpa.hibernate.demo.entity.Rating.toString(Rating.java:55) ~[classes/:na]
	at java.lang.String.valueOf(String.java:2994) ~[na:1.8.0_131]
	at java.lang.StringBuilder.append(StringBuilder.java:131) ~[na:1.8.0_131]
	at java.util.AbstractCollection.toString(AbstractCollection.java:462) ~[na:1.8.0_131]
	at org.hibernate.collection.internal.PersistentBag.toString(PersistentBag.java:510) ~[hibernate-core-5.0.12.Final.jar:5.0.12.Final]
	at java.lang.String.valueOf(String.java:2994) ~[na:1.8.0_131]
	at java.lang.StringBuilder.append(StringBuilder.java:131) ~[na:1.8.0_131]
	at com.jpa.hibernate.demo.entity.Course.toString(Course.java:105) ~[classes/:na]
	at java.lang.String.valueOf(String.java:2994) ~[na:1.8.0_131]
	at java.lang.StringBuilder.append(StringBuilder.java:131) ~[na:1.8.0_131]
	at com.jpa.hibernate.demo.entity.Rating.toString(Rating.java:55) ~[classes/:na]
	at java.lang.String.valueOf(String.java:2994) ~[na:1.8.0_131]
	at java.lang.StringBuilder.append(StringBuilder.java:131) ~[na:1.8.0_131]
	at java.util.AbstractCollection.toString(AbstractCollection.java:462) ~[na:1.8.0_131]
	at org.hibernate.collection.internal.PersistentBag.toString(PersistentBag.java:510) ~[hibernate-core-5.0.12.Final.jar:5.0.12.Final]
	at java.lang.String.valueOf(String.java:2994) ~[na:1.8.0_131]
	at java.lang.StringBuilder.append(StringBuilder.java:131) ~[na:1.8.0_131]
	at com.jpa.hibernate.demo.entity.Course.toString(Course.java:105) ~[classes/:na]
	at java.lang.String.valueOf(String.java:2994) ~[na:1.8.0_131]
	at java.lang.StringBuilder.append(StringBuilder.java:131) ~[na:1.8.0_131]
	at com.jpa.hibernate.demo.entity.Rating.toString(Rating.java:55) ~[classes/:na]
	at java.lang.String.valueOf(String.java:2994) ~[na:1.8.0_131]
	at java.lang.StringBuilder.append(StringBuilder.java:131) ~[na:1.8.0_131]
	at java.util.AbstractCollection.toString(AbstractCollection.java:462) ~[na:1.8.0_131]
	at org.hibernate.collection.internal.PersistentBag.toString(PersistentBag.java:510) ~[hibernate-core-5.0.12.Final.jar:5.0.12.Final]
	at java.lang.String.valueOf(String.java:2994) ~[na:1.8.0_131]
	at java.lang.StringBuilder.append(StringBuilder.java:131) ~[na:1.8.0_131]
	at com.jpa.hibernate.demo.entity.Course.toString(Course.java:105) ~[classes/:na]
	at java.lang.String.valueOf(String.java:2994) ~[na:1.8.0_131]
	at java.lang.StringBuilder.append(StringBuilder.java:131) ~[na:1.8.0_131]
	at com.jpa.hibernate.demo.entity.Rating.toString(Rating.java:55) ~[classes/:na]
	at java.lang.String.valueOf(String.java:2994) ~[na:1.8.0_131]
	at java.lang.StringBuilder.append(StringBuilder.java:131) ~[na:1.8.0_131]
	at java.util.AbstractCollection.toString(AbstractCollection.java:462) ~[na:1.8.0_131]
	at org.hibernate.collection.internal.PersistentBag.toString(PersistentBag.java:510) ~[hibernate-core-5.0.12.Final.jar:5.0.12.Final]
	at java.lang.String.valueOf(String.java:2994) ~[na:1.8.0_131]
	at java.lang.StringBuilder.append(StringBuilder.java:131) ~[na:1.8.0_131]
	at com.jpa.hibernate.demo.entity.Course.toString(Course.java:105) ~[classes/:na]
	at java.lang.String.valueOf(String.java:2994) ~[na:1.8.0_131]
	at java.lang.StringBuilder.append(StringBuilder.java:131) ~[na:1.8.0_131]
	at com.jpa.hibernate.demo.entity.Rating.toString(Rating.java:55) ~[classes/:na]
	at java.lang.String.valueOf(String.java:2994) ~[na:1.8.0_131]
	at java.lang.StringBuilder.append(StringBuilder.java:131) ~[na:1.8.0_131]
	at java.util.AbstractCollection.toString(AbstractCollection.java:462) ~[na:1.8.0_131]
	at org.hibernate.collection.internal.PersistentBag.toString(PersistentBag.java:510) ~[hibernate-core-5.0.12.Final.jar:5.0.12.Final]
	at java.lang.String.valueOf(String.java:2994) ~[na:1.8.0_131]
	at java.lang.StringBuilder.append(StringBuilder.java:131) ~[na:1.8.0_131]
	at com.jpa.hibernate.demo.entity.Course.toString(Course.java:105) ~[classes/:na]
	at java.lang.String.valueOf(String.java:2994) ~[na:1.8.0_131]
	at java.lang.StringBuilder.append(StringBuilder.java:131) ~[na:1.8.0_131]
	at com.jpa.hibernate.demo.entity.Rating.toString(Rating.java:55) ~[classes/:na]
	at java.lang.String.valueOf(String.java:2994) ~[na:1.8.0_131]
	at java.lang.StringBuilder.append(StringBuilder.java:131) ~[na:1.8.0_131]
	at java.util.AbstractCollection.toString(AbstractCollection.java:462) ~[na:1.8.0_131]
	at org.hibernate.collection.internal.PersistentBag.toString(PersistentBag.java:510) ~[hibernate-core-5.0.12.Final.jar:5.0.12.Final]
	at java.lang.String.valueOf(String.java:2994) ~[na:1.8.0_131]
	at java.lang.StringBuilder.append(StringBuilder.java:131) ~[na:1.8.0_131]
	at com.jpa.hibernate.demo.entity.Course.toString(Course.java:105) ~[classes/:na]
	at java.lang.String.valueOf(String.java:2994) ~[na:1.8.0_131]
	at java.lang.StringBuilder.append(StringBuilder.java:131) ~[na:1.8.0_131]
	at com.jpa.hibernate.demo.entity.Rating.toString(Rating.java:55) ~[classes/:na]
	at java.lang.String.valueOf(String.java:2994) ~[na:1.8.0_131]
	at java.lang.StringBuilder.append(StringBuilder.java:131) ~[na:1.8.0_131]
	at java.util.AbstractCollection.toString(AbstractCollection.java:462) ~[na:1.8.0_131]
	at org.hibernate.collection.internal.PersistentBag.toString(PersistentBag.java:510) ~[hibernate-core-5.0.12.Final.jar:5.0.12.Final]
	at java.lang.String.valueOf(String.java:2994) ~[na:1.8.0_131]
	at java.lang.StringBuilder.append(StringBuilder.java:131) ~[na:1.8.0_131]
	at com.jpa.hibernate.demo.entity.Course.toString(Course.java:105) ~[classes/:na]
	at java.lang.String.valueOf(String.java:2994) ~[na:1.8.0_131]
	at java.lang.StringBuilder.append(StringBuilder.java:131) ~[na:1.8.0_131]
	at com.jpa.hibernate.demo.entity.Rating.toString(Rating.java:55) ~[classes/:na]
	at java.lang.String.valueOf(String.java:2994) ~[na:1.8.0_131]
	at java.lang.StringBuilder.append(StringBuilder.java:131) ~[na:1.8.0_131]
	at java.util.AbstractCollection.toString(AbstractCollection.java:462) ~[na:1.8.0_131]
	at org.hibernate.collection.internal.PersistentBag.toString(PersistentBag.java:510) ~[hibernate-core-5.0.12.Final.jar:5.0.12.Final]
	at java.lang.String.valueOf(String.java:2994) ~[na:1.8.0_131]
	at java.lang.StringBuilder.append(StringBuilder.java:131) ~[na:1.8.0_131]
	at com.jpa.hibernate.demo.entity.Course.toString(Course.java:105) ~[classes/:na]
	at java.lang.String.valueOf(String.java:2994) ~[na:1.8.0_131]
	at java.lang.StringBuilder.append(StringBuilder.java:131) ~[na:1.8.0_131]
	at com.jpa.hibernate.demo.entity.Rating.toString(Rating.java:55) ~[classes/:na]
	at java.lang.String.valueOf(String.java:2994) ~[na:1.8.0_131]
	at java.lang.StringBuilder.append(StringBuilder.java:131) ~[na:1.8.0_131]
	at java.util.AbstractCollection.toString(AbstractCollection.java:462) ~[na:1.8.0_131]
	at org.hibernate.collection.internal.PersistentBag.toString(PersistentBag.java:510) ~[hibernate-core-5.0.12.Final.jar:5.0.12.Final]
	at java.lang.String.valueOf(String.java:2994) ~[na:1.8.0_131]
	at java.lang.StringBuilder.append(StringBuilder.java:131) ~[na:1.8.0_131]
	at com.jpa.hibernate.demo.entity.Course.toString(Course.java:105) ~[classes/:na]
	at java.lang.String.valueOf(String.java:2994) ~[na:1.8.0_131]
	at java.lang.StringBuilder.append(StringBuilder.java:131) ~[na:1.8.0_131]
	at com.jpa.hibernate.demo.entity.Rating.toString(Rating.java:55) ~[classes/:na]
	at java.lang.String.valueOf(String.java:2994) ~[na:1.8.0_131]
	at java.lang.StringBuilder.append(StringBuilder.java:131) ~[na:1.8.0_131]
	at java.util.AbstractCollection.toString(AbstractCollection.java:462) ~[na:1.8.0_131]
	at org.hibernate.collection.internal.PersistentBag.toString(PersistentBag.java:510) ~[hibernate-core-5.0.12.Final.jar:5.0.12.Final]
	at java.lang.String.valueOf(String.java:2994) ~[na:1.8.0_131]
	at java.lang.StringBuilder.append(StringBuilder.java:131) ~[na:1.8.0_131]
	at com.jpa.hibernate.demo.entity.Course.toString(Course.java:105) ~[classes/:na]
	at java.lang.String.valueOf(String.java:2994) ~[na:1.8.0_131]
	at java.lang.StringBuilder.append(StringBuilder.java:131) ~[na:1.8.0_131]
	at com.jpa.hibernate.demo.entity.Rating.toString(Rating.java:55) ~[classes/:na]
	at java.lang.String.valueOf(String.java:2994) ~[na:1.8.0_131]
	at java.lang.StringBuilder.append(StringBuilder.java:131) ~[na:1.8.0_131]
	at java.util.AbstractCollection.toString(AbstractCollection.java:462) ~[na:1.8.0_131]
	at org.hibernate.collection.internal.PersistentBag.toString(PersistentBag.java:510) ~[hibernate-core-5.0.12.Final.jar:5.0.12.Final]
	at java.lang.String.valueOf(String.java:2994) ~[na:1.8.0_131]
	at java.lang.StringBuilder.append(StringBuilder.java:131) ~[na:1.8.0_131]
	at com.jpa.hibernate.demo.entity.Course.toString(Course.java:105) ~[classes/:na]
	at java.lang.String.valueOf(String.java:2994) ~[na:1.8.0_131]
	at java.lang.StringBuilder.append(StringBuilder.java:131) ~[na:1.8.0_131]
	at com.jpa.hibernate.demo.entity.Rating.toString(Rating.java:55) ~[classes/:na]
	at java.lang.String.valueOf(String.java:2994) ~[na:1.8.0_131]
	at java.lang.StringBuilder.append(StringBuilder.java:131) ~[na:1.8.0_131]
	at java.util.AbstractCollection.toString(AbstractCollection.java:462) ~[na:1.8.0_131]
	at org.hibernate.collection.internal.PersistentBag.toString(PersistentBag.java:510) ~[hibernate-core-5.0.12.Final.jar:5.0.12.Final]
	at java.lang.String.valueOf(String.java:2994) ~[na:1.8.0_131]
	at java.lang.StringBuilder.append(StringBuilder.java:131) ~[na:1.8.0_131]
	at com.jpa.hibernate.demo.entity.Course.toString(Course.java:105) ~[classes/:na]
	at java.lang.String.valueOf(String.java:2994) ~[na:1.8.0_131]
	at java.lang.StringBuilder.append(StringBuilder.java:131) ~[na:1.8.0_131]
	at com.jpa.hibernate.demo.entity.Rating.toString(Rating.java:55) ~[classes/:na]
	at java.lang.String.valueOf(String.java:2994) ~[na:1.8.0_131]
	at java.lang.StringBuilder.append(StringBuilder.java:131) ~[na:1.8.0_131]
	at java.util.AbstractCollection.toString(AbstractCollection.java:462) ~[na:1.8.0_131]
	at org.hibernate.collection.internal.PersistentBag.toString(PersistentBag.java:510) ~[hibernate-core-5.0.12.Final.jar:5.0.12.Final]
	at java.lang.String.valueOf(String.java:2994) ~[na:1.8.0_131]
	at java.lang.StringBuilder.append(StringBuilder.java:131) ~[na:1.8.0_131]
	at com.jpa.hibernate.demo.entity.Course.toString(Course.java:105) ~[classes/:na]
	at java.lang.String.valueOf(String.java:2994) ~[na:1.8.0_131]
	at java.lang.StringBuilder.append(StringBuilder.java:131) ~[na:1.8.0_131]
	at com.jpa.hibernate.demo.entity.Rating.toString(Rating.java:55) ~[classes/:na]
	at java.lang.String.valueOf(String.java:2994) ~[na:1.8.0_131]
	at java.lang.StringBuilder.append(StringBuilder.java:131) ~[na:1.8.0_131]
	at java.util.AbstractCollection.toString(AbstractCollection.java:462) ~[na:1.8.0_131]
	at org.hibernate.collection.internal.PersistentBag.toString(PersistentBag.java:510) ~[hibernate-core-5.0.12.Final.jar:5.0.12.Final]
	at java.lang.String.valueOf(String.java:2994) ~[na:1.8.0_131]
	at java.lang.StringBuilder.append(StringBuilder.java:131) ~[na:1.8.0_131]
	at com.jpa.hibernate.demo.entity.Course.toString(Course.java:105) ~[classes/:na]
	at java.lang.String.valueOf(String.java:2994) ~[na:1.8.0_131]
	at java.lang.StringBuilder.append(StringBuilder.java:131) ~[na:1.8.0_131]
	at com.jpa.hibernate.demo.entity.Rating.toString(Rating.java:55) ~[classes/:na]
	at java.lang.String.valueOf(String.java:2994) ~[na:1.8.0_131]
	at java.lang.StringBuilder.append(StringBuilder.java:131) ~[na:1.8.0_131]
	at java.util.AbstractCollection.toString(AbstractCollection.java:462) ~[na:1.8.0_131]
	at org.hibernate.collection.internal.PersistentBag.toString(PersistentBag.java:510) ~[hibernate-core-5.0.12.Final.jar:5.0.12.Final]
	at java.lang.String.valueOf(String.java:2994) ~[na:1.8.0_131]
	at java.lang.StringBuilder.append(StringBuilder.java:131) ~[na:1.8.0_131]
	at com.jpa.hibernate.demo.entity.Course.toString(Course.java:105) ~[classes/:na]
	at java.lang.String.valueOf(String.java:2994) ~[na:1.8.0_131]
	at java.lang.StringBuilder.append(StringBuilder.java:131) ~[na:1.8.0_131]
	at com.jpa.hibernate.demo.entity.Rating.toString(Rating.java:55) ~[classes/:na]
	at java.lang.String.valueOf(String.java:2994) ~[na:1.8.0_131]
	at java.lang.StringBuilder.append(StringBuilder.java:131) ~[na:1.8.0_131]
	at java.util.AbstractCollection.toString(AbstractCollection.java:462) ~[na:1.8.0_131]
	at org.hibernate.collection.internal.PersistentBag.toString(PersistentBag.java:510) ~[hibernate-core-5.0.12.Final.jar:5.0.12.Final]
	at java.lang.String.valueOf(String.java:2994) ~[na:1.8.0_131]
	at java.lang.StringBuilder.append(StringBuilder.java:131) ~[na:1.8.0_131]
	at com.jpa.hibernate.demo.entity.Course.toString(Course.java:105) ~[classes/:na]
	at java.lang.String.valueOf(String.java:2994) ~[na:1.8.0_131]
	at java.lang.StringBuilder.append(StringBuilder.java:131) ~[na:1.8.0_131]
	at com.jpa.hibernate.demo.entity.Rating.toString(Rating.java:55) ~[classes/:na]
	at java.lang.String.valueOf(String.java:2994) ~[na:1.8.0_131]
	at java.lang.StringBuilder.append(StringBuilder.java:131) ~[na:1.8.0_131]
	at java.util.AbstractCollection.toString(AbstractCollection.java:462) ~[na:1.8.0_131]
	at org.hibernate.collection.internal.PersistentBag.toString(PersistentBag.java:510) ~[hibernate-core-5.0.12.Final.jar:5.0.12.Final]
	at java.lang.String.valueOf(String.java:2994) ~[na:1.8.0_131]
	at java.lang.StringBuilder.append(StringBuilder.java:131) ~[na:1.8.0_131]
	at com.jpa.hibernate.demo.entity.Course.toString(Course.java:105) ~[classes/:na]
	at java.lang.String.valueOf(String.java:2994) ~[na:1.8.0_131]
	at java.lang.StringBuilder.append(StringBuilder.java:131) ~[na:1.8.0_131]
	at com.jpa.hibernate.demo.entity.Rating.toString(Rating.java:55) ~[classes/:na]
	at java.lang.String.valueOf(String.java:2994) ~[na:1.8.0_131]
	at java.lang.StringBuilder.append(StringBuilder.java:131) ~[na:1.8.0_131]
	at java.util.AbstractCollection.toString(AbstractCollection.java:462) ~[na:1.8.0_131]
	at org.hibernate.collection.internal.PersistentBag.toString(PersistentBag.java:510) ~[hibernate-core-5.0.12.Final.jar:5.0.12.Final]
	at java.lang.String.valueOf(String.java:2994) ~[na:1.8.0_131]
	at java.lang.StringBuilder.append(StringBuilder.java:131) ~[na:1.8.0_131]
	at com.jpa.hibernate.demo.entity.Course.toString(Course.java:105) ~[classes/:na]
	at java.lang.String.valueOf(String.java:2994) ~[na:1.8.0_131]
	at java.lang.StringBuilder.append(StringBuilder.java:131) ~[na:1.8.0_131]
	at com.jpa.hibernate.demo.entity.Rating.toString(Rating.java:55) ~[classes/:na]
	at java.lang.String.valueOf(String.java:2994) ~[na:1.8.0_131]
	at java.lang.StringBuilder.append(StringBuilder.java:131) ~[na:1.8.0_131]
	at java.util.AbstractCollection.toString(AbstractCollection.java:462) ~[na:1.8.0_131]
	at org.hibernate.collection.internal.PersistentBag.toString(PersistentBag.java:510) ~[hibernate-core-5.0.12.Final.jar:5.0.12.Final]
	at java.lang.String.valueOf(String.java:2994) ~[na:1.8.0_131]
	at java.lang.StringBuilder.append(StringBuilder.java:131) ~[na:1.8.0_131]
	at com.jpa.hibernate.demo.entity.Course.toString(Course.java:105) ~[classes/:na]
	at java.lang.String.valueOf(String.java:2994) ~[na:1.8.0_131]
	at java.lang.StringBuilder.append(StringBuilder.java:131) ~[na:1.8.0_131]
	at com.jpa.hibernate.demo.entity.Rating.toString(Rating.java:55) ~[classes/:na]
	at java.lang.String.valueOf(String.java:2994) ~[na:1.8.0_131]
	at java.lang.StringBuilder.append(StringBuilder.java:131) ~[na:1.8.0_131]
	at java.util.AbstractCollection.toString(AbstractCollection.java:462) ~[na:1.8.0_131]
	at org.hibernate.collection.internal.PersistentBag.toString(PersistentBag.java:510) ~[hibernate-core-5.0.12.Final.jar:5.0.12.Final]
	at java.lang.String.valueOf(String.java:2994) ~[na:1.8.0_131]
	at java.lang.StringBuilder.append(StringBuilder.java:131) ~[na:1.8.0_131]
	at com.jpa.hibernate.demo.entity.Course.toString(Course.java:105) ~[classes/:na]
	at java.lang.String.valueOf(String.java:2994) ~[na:1.8.0_131]
	at java.lang.StringBuilder.append(StringBuilder.java:131) ~[na:1.8.0_131]
	at com.jpa.hibernate.demo.entity.Rating.toString(Rating.java:55) ~[classes/:na]
	at java.lang.String.valueOf(String.java:2994) ~[na:1.8.0_131]
	at java.lang.StringBuilder.append(StringBuilder.java:131) ~[na:1.8.0_131]
	at java.util.AbstractCollection.toString(AbstractCollection.java:462) ~[na:1.8.0_131]
	at org.hibernate.collection.internal.PersistentBag.toString(PersistentBag.java:510) ~[hibernate-core-5.0.12.Final.jar:5.0.12.Final]
	at java.lang.String.valueOf(String.java:2994) ~[na:1.8.0_131]
	at java.lang.StringBuilder.append(StringBuilder.java:131) ~[na:1.8.0_131]
	at com.jpa.hibernate.demo.entity.Course.toString(Course.java:105) ~[classes/:na]
	at java.lang.String.valueOf(String.java:2994) ~[na:1.8.0_131]
	at java.lang.StringBuilder.append(StringBuilder.java:131) ~[na:1.8.0_131]
	at com.jpa.hibernate.demo.entity.Rating.toString(Rating.java:55) ~[classes/:na]
	at java.lang.String.valueOf(String.java:2994) ~[na:1.8.0_131]
	at java.lang.StringBuilder.append(StringBuilder.java:131) ~[na:1.8.0_131]
	at java.util.AbstractCollection.toString(AbstractCollection.java:462) ~[na:1.8.0_131]
	at org.hibernate.collection.internal.PersistentBag.toString(PersistentBag.java:510) ~[hibernate-core-5.0.12.Final.jar:5.0.12.Final]
	at java.lang.String.valueOf(String.java:2994) ~[na:1.8.0_131]
	at java.lang.StringBuilder.append(StringBuilder.java:131) ~[na:1.8.0_131]
	at com.jpa.hibernate.demo.entity.Course.toString(Course.java:105) ~[classes/:na]
	at java.lang.String.valueOf(String.java:2994) ~[na:1.8.0_131]
	at java.lang.StringBuilder.append(StringBuilder.java:131) ~[na:1.8.0_131]
	at com.jpa.hibernate.demo.entity.Rating.toString(Rating.java:55) ~[classes/:na]
	at java.lang.String.valueOf(String.java:2994) ~[na:1.8.0_131]
	at java.lang.StringBuilder.append(StringBuilder.java:131) ~[na:1.8.0_131]
	at java.util.AbstractCollection.toString(AbstractCollection.java:462) ~[na:1.8.0_131]
	at org.hibernate.collection.internal.PersistentBag.toString(PersistentBag.java:510) ~[hibernate-core-5.0.12.Final.jar:5.0.12.Final]
	at java.lang.String.valueOf(String.java:2994) ~[na:1.8.0_131]
	at java.lang.StringBuilder.append(StringBuilder.java:131) ~[na:1.8.0_131]
	at com.jpa.hibernate.demo.entity.Course.toString(Course.java:105) ~[classes/:na]
	at java.lang.String.valueOf(String.java:2994) ~[na:1.8.0_131]
	at java.lang.StringBuilder.append(StringBuilder.java:131) ~[na:1.8.0_131]
	at com.jpa.hibernate.demo.entity.Rating.toString(Rating.java:55) ~[classes/:na]
	at java.lang.String.valueOf(String.java:2994) ~[na:1.8.0_131]
	at java.lang.StringBuilder.append(StringBuilder.java:131) ~[na:1.8.0_131]
	at java.util.AbstractCollection.toString(AbstractCollection.java:462) ~[na:1.8.0_131]
	at org.hibernate.collection.internal.PersistentBag.toString(PersistentBag.java:510) ~[hibernate-core-5.0.12.Final.jar:5.0.12.Final]
	at java.lang.String.valueOf(String.java:2994) ~[na:1.8.0_131]
	at java.lang.StringBuilder.append(StringBuilder.java:131) ~[na:1.8.0_131]
	at com.jpa.hibernate.demo.entity.Course.toString(Course.java:105) ~[classes/:na]
	at java.lang.String.valueOf(String.java:2994) ~[na:1.8.0_131]
	at java.lang.StringBuilder.append(StringBuilder.java:131) ~[na:1.8.0_131]
	at com.jpa.hibernate.demo.entity.Rating.toString(Rating.java:55) ~[classes/:na]
	at java.lang.String.valueOf(String.java:2994) ~[na:1.8.0_131]
	at java.lang.StringBuilder.append(StringBuilder.java:131) ~[na:1.8.0_131]
	at java.util.AbstractCollection.toString(AbstractCollection.java:462) ~[na:1.8.0_131]
	at org.hibernate.collection.internal.PersistentBag.toString(PersistentBag.java:510) ~[hibernate-core-5.0.12.Final.jar:5.0.12.Final]
	at java.lang.String.valueOf(String.java:2994) ~[na:1.8.0_131]
	at java.lang.StringBuilder.append(StringBuilder.java:131) ~[na:1.8.0_131]
	at com.jpa.hibernate.demo.entity.Course.toString(Course.java:105) ~[classes/:na]
	at java.lang.String.valueOf(String.java:2994) ~[na:1.8.0_131]
	at java.lang.StringBuilder.append(StringBuilder.java:131) ~[na:1.8.0_131]
	at com.jpa.hibernate.demo.entity.Rating.toString(Rating.java:55) ~[classes/:na]
	at java.lang.String.valueOf(String.java:2994) ~[na:1.8.0_131]
	at java.lang.StringBuilder.append(StringBuilder.java:131) ~[na:1.8.0_131]
	at java.util.AbstractCollection.toString(AbstractCollection.java:462) ~[na:1.8.0_131]
	at org.hibernate.collection.internal.PersistentBag.toString(PersistentBag.java:510) ~[hibernate-core-5.0.12.Final.jar:5.0.12.Final]
	at java.lang.String.valueOf(String.java:2994) ~[na:1.8.0_131]
	at java.lang.StringBuilder.append(StringBuilder.java:131) ~[na:1.8.0_131]
	at com.jpa.hibernate.demo.entity.Course.toString(Course.java:105) ~[classes/:na]
	at java.lang.String.valueOf(String.java:2994) ~[na:1.8.0_131]
	at java.lang.StringBuilder.append(StringBuilder.java:131) ~[na:1.8.0_131]
	at com.jpa.hibernate.demo.entity.Rating.toString(Rating.java:55) ~[classes/:na]
	at java.lang.String.valueOf(String.java:2994) ~[na:1.8.0_131]
	at java.lang.StringBuilder.append(StringBuilder.java:131) ~[na:1.8.0_131]
	at java.util.AbstractCollection.toString(AbstractCollection.java:462) ~[na:1.8.0_131]
	at org.hibernate.collection.internal.PersistentBag.toString(PersistentBag.java:510) ~[hibernate-core-5.0.12.Final.jar:5.0.12.Final]
	at java.lang.String.valueOf(String.java:2994) ~[na:1.8.0_131]
	at java.lang.StringBuilder.append(StringBuilder.java:131) ~[na:1.8.0_131]
	at com.jpa.hibernate.demo.entity.Course.toString(Course.java:105) ~[classes/:na]
	at java.lang.String.valueOf(String.java:2994) ~[na:1.8.0_131]
	at java.lang.StringBuilder.append(StringBuilder.java:131) ~[na:1.8.0_131]
	at com.jpa.hibernate.demo.entity.Rating.toString(Rating.java:55) ~[classes/:na]
	at java.lang.String.valueOf(String.java:2994) ~[na:1.8.0_131]
	at java.lang.StringBuilder.append(StringBuilder.java:131) ~[na:1.8.0_131]
	at java.util.AbstractCollection.toString(AbstractCollection.java:462) ~[na:1.8.0_131]
	at org.hibernate.collection.internal.PersistentBag.toString(PersistentBag.java:510) ~[hibernate-core-5.0.12.Final.jar:5.0.12.Final]
	at java.lang.String.valueOf(String.java:2994) ~[na:1.8.0_131]
	at java.lang.StringBuilder.append(StringBuilder.java:131) ~[na:1.8.0_131]
	at com.jpa.hibernate.demo.entity.Course.toString(Course.java:105) ~[classes/:na]
	at java.lang.String.valueOf(String.java:2994) ~[na:1.8.0_131]
	at java.lang.StringBuilder.append(StringBuilder.java:131) ~[na:1.8.0_131]
	at com.jpa.hibernate.demo.entity.Rating.toString(Rating.java:55) ~[classes/:na]
	at java.lang.String.valueOf(String.java:2994) ~[na:1.8.0_131]
	at java.lang.StringBuilder.append(StringBuilder.java:131) ~[na:1.8.0_131]
	at java.util.AbstractCollection.toString(AbstractCollection.java:462) ~[na:1.8.0_131]
	at org.hibernate.collection.internal.PersistentBag.toString(PersistentBag.java:510) ~[hibernate-core-5.0.12.Final.jar:5.0.12.Final]
	at java.lang.String.valueOf(String.java:2994) ~[na:1.8.0_131]
	at java.lang.StringBuilder.append(StringBuilder.java:131) ~[na:1.8.0_131]
	at com.jpa.hibernate.demo.entity.Course.toString(Course.java:105) ~[classes/:na]
	at java.lang.String.valueOf(String.java:2994) ~[na:1.8.0_131]
	at java.lang.StringBuilder.append(StringBuilder.java:131) ~[na:1.8.0_131]
	at com.jpa.hibernate.demo.entity.Rating.toString(Rating.java:55) ~[classes/:na]
	at java.lang.String.valueOf(String.java:2994) ~[na:1.8.0_131]
	at java.lang.StringBuilder.append(StringBuilder.java:131) ~[na:1.8.0_131]
	at java.util.AbstractCollection.toString(AbstractCollection.java:462) ~[na:1.8.0_131]
	at org.hibernate.collection.internal.PersistentBag.toString(PersistentBag.java:510) ~[hibernate-core-5.0.12.Final.jar:5.0.12.Final]
	at java.lang.String.valueOf(String.java:2994) ~[na:1.8.0_131]
	at java.lang.StringBuilder.append(StringBuilder.java:131) ~[na:1.8.0_131]
	at com.jpa.hibernate.demo.entity.Course.toString(Course.java:105) ~[classes/:na]
	at java.lang.String.valueOf(String.java:2994) ~[na:1.8.0_131]
	at java.lang.StringBuilder.append(StringBuilder.java:131) ~[na:1.8.0_131]
	at com.jpa.hibernate.demo.entity.Rating.toString(Rating.java:55) ~[classes/:na]
	at java.lang.String.valueOf(String.java:2994) ~[na:1.8.0_131]
	at java.lang.StringBuilder.append(StringBuilder.java:131) ~[na:1.8.0_131]
	at java.util.AbstractCollection.toString(AbstractCollection.java:462) ~[na:1.8.0_131]
	at org.hibernate.collection.internal.PersistentBag.toString(PersistentBag.java:510) ~[hibernate-core-5.0.12.Final.jar:5.0.12.Final]
	at java.lang.String.valueOf(String.java:2994) ~[na:1.8.0_131]
	at java.lang.StringBuilder.append(StringBuilder.java:131) ~[na:1.8.0_131]
	at com.jpa.hibernate.demo.entity.Course.toString(Course.java:105) ~[classes/:na]
	at java.lang.String.valueOf(String.java:2994) ~[na:1.8.0_131]
	at java.lang.StringBuilder.append(StringBuilder.java:131) ~[na:1.8.0_131]
	at com.jpa.hibernate.demo.entity.Rating.toString(Rating.java:55) ~[classes/:na]
	at java.lang.String.valueOf(String.java:2994) ~[na:1.8.0_131]
	at java.lang.StringBuilder.append(StringBuilder.java:131) ~[na:1.8.0_131]
	at java.util.AbstractCollection.toString(AbstractCollection.java:462) ~[na:1.8.0_131]
	at org.hibernate.collection.internal.PersistentBag.toString(PersistentBag.java:510) ~[hibernate-core-5.0.12.Final.jar:5.0.12.Final]
	at java.lang.String.valueOf(String.java:2994) ~[na:1.8.0_131]
	at java.lang.StringBuilder.append(StringBuilder.java:131) ~[na:1.8.0_131]
	at com.jpa.hibernate.demo.entity.Course.toString(Course.java:105) ~[classes/:na]
	at java.lang.String.valueOf(String.java:2994) ~[na:1.8.0_131]
	at java.lang.StringBuilder.append(StringBuilder.java:131) ~[na:1.8.0_131]
	at com.jpa.hibernate.demo.entity.Rating.toString(Rating.java:55) ~[classes/:na]
	at java.lang.String.valueOf(String.java:2994) ~[na:1.8.0_131]
	at java.lang.StringBuilder.append(StringBuilder.java:131) ~[na:1.8.0_131]
	at java.util.AbstractCollection.toString(AbstractCollection.java:462) ~[na:1.8.0_131]
	at org.hibernate.collection.internal.PersistentBag.toString(PersistentBag.java:510) ~[hibernate-core-5.0.12.Final.jar:5.0.12.Final]
	at java.lang.String.valueOf(String.java:2994) ~[na:1.8.0_131]
	at java.lang.StringBuilder.append(StringBuilder.java:131) ~[na:1.8.0_131]
	at com.jpa.hibernate.demo.entity.Course.toString(Course.java:105) ~[classes/:na]
	at java.lang.String.valueOf(String.java:2994) ~[na:1.8.0_131]
	at java.lang.StringBuilder.append(StringBuilder.java:131) ~[na:1.8.0_131]
	at com.jpa.hibernate.demo.entity.Rating.toString(Rating.java:55) ~[classes/:na]
	at java.lang.String.valueOf(String.java:2994) ~[na:1.8.0_131]
	at java.lang.StringBuilder.append(StringBuilder.java:131) ~[na:1.8.0_131]
	at java.util.AbstractCollection.toString(AbstractCollection.java:462) ~[na:1.8.0_131]
	at org.hibernate.collection.internal.PersistentBag.toString(PersistentBag.java:510) ~[hibernate-core-5.0.12.Final.jar:5.0.12.Final]
	at java.lang.String.valueOf(String.java:2994) ~[na:1.8.0_131]
	at java.lang.StringBuilder.append(StringBuilder.java:131) ~[na:1.8.0_131]
	at com.jpa.hibernate.demo.entity.Course.toString(Course.java:105) ~[classes/:na]
	at java.lang.String.valueOf(String.java:2994) ~[na:1.8.0_131]
	at java.lang.StringBuilder.append(StringBuilder.java:131) ~[na:1.8.0_131]
	at com.jpa.hibernate.demo.entity.Rating.toString(Rating.java:55) ~[classes/:na]
	at java.lang.String.valueOf(String.java:2994) ~[na:1.8.0_131]
	at java.lang.StringBuilder.append(StringBuilder.java:131) ~[na:1.8.0_131]
	at java.util.AbstractCollection.toString(AbstractCollection.java:462) ~[na:1.8.0_131]
	at org.hibernate.collection.internal.PersistentBag.toString(PersistentBag.java:510) ~[hibernate-core-5.0.12.Final.jar:5.0.12.Final]
	at java.lang.String.valueOf(String.java:2994) ~[na:1.8.0_131]
	at java.lang.StringBuilder.append(StringBuilder.java:131) ~[na:1.8.0_131]
	at com.jpa.hibernate.demo.entity.Course.toString(Course.java:105) ~[classes/:na]
	at java.lang.String.valueOf(String.java:2994) ~[na:1.8.0_131]
	at java.lang.StringBuilder.append(StringBuilder.java:131) ~[na:1.8.0_131]
	at com.jpa.hibernate.demo.entity.Rating.toString(Rating.java:55) ~[classes/:na]
	at java.lang.String.valueOf(String.java:2994) ~[na:1.8.0_131]
	at java.lang.StringBuilder.append(StringBuilder.java:131) ~[na:1.8.0_131]
	at java.util.AbstractCollection.toString(AbstractCollection.java:462) ~[na:1.8.0_131]
	at org.hibernate.collection.internal.PersistentBag.toString(PersistentBag.java:510) ~[hibernate-core-5.0.12.Final.jar:5.0.12.Final]
	at java.lang.String.valueOf(String.java:2994) ~[na:1.8.0_131]
	at java.lang.StringBuilder.append(StringBuilder.java:131) ~[na:1.8.0_131]
	at com.jpa.hibernate.demo.entity.Course.toString(Course.java:105) ~[classes/:na]
	at java.lang.String.valueOf(String.java:2994) ~[na:1.8.0_131]
	at java.lang.StringBuilder.append(StringBuilder.java:131) ~[na:1.8.0_131]
	at com.jpa.hibernate.demo.entity.Rating.toString(Rating.java:55) ~[classes/:na]
	at java.lang.String.valueOf(String.java:2994) ~[na:1.8.0_131]
	at java.lang.StringBuilder.append(StringBuilder.java:131) ~[na:1.8.0_131]
	at java.util.AbstractCollection.toString(AbstractCollection.java:462) ~[na:1.8.0_131]
	at org.hibernate.collection.internal.PersistentBag.toString(PersistentBag.java:510) ~[hibernate-core-5.0.12.Final.jar:5.0.12.Final]
	at java.lang.String.valueOf(String.java:2994) ~[na:1.8.0_131]
	at java.lang.StringBuilder.append(StringBuilder.java:131) ~[na:1.8.0_131]
	at com.jpa.hibernate.demo.entity.Course.toString(Course.java:105) ~[classes/:na]
	at java.lang.String.valueOf(String.java:2994) ~[na:1.8.0_131]
	at java.lang.StringBuilder.append(StringBuilder.java:131) ~[na:1.8.0_131]
	at com.jpa.hibernate.demo.entity.Rating.toString(Rating.java:55) ~[classes/:na]
	at java.lang.String.valueOf(String.java:2994) ~[na:1.8.0_131]
	at java.lang.StringBuilder.append(StringBuilder.java:131) ~[na:1.8.0_131]
	at java.util.AbstractCollection.toString(AbstractCollection.java:462) ~[na:1.8.0_131]
	at org.hibernate.collection.internal.PersistentBag.toString(PersistentBag.java:510) ~[hibernate-core-5.0.12.Final.jar:5.0.12.Final]
	at java.lang.String.valueOf(String.java:2994) ~[na:1.8.0_131]
	at java.lang.StringBuilder.append(StringBuilder.java:131) ~[na:1.8.0_131]
	at com.jpa.hibernate.demo.entity.Course.toString(Course.java:105) ~[classes/:na]
	at java.lang.String.valueOf(String.java:2994) ~[na:1.8.0_131]
	at java.lang.StringBuilder.append(StringBuilder.java:131) ~[na:1.8.0_131]
	at com.jpa.hibernate.demo.entity.Rating.toString(Rating.java:55) ~[classes/:na]
	at java.lang.String.valueOf(String.java:2994) ~[na:1.8.0_131]
	at java.lang.StringBuilder.append(StringBuilder.java:131) ~[na:1.8.0_131]
	at java.util.AbstractCollection.toString(AbstractCollection.java:462) ~[na:1.8.0_131]
	at org.hibernate.collection.internal.PersistentBag.toString(PersistentBag.java:510) ~[hibernate-core-5.0.12.Final.jar:5.0.12.Final]
	at java.lang.String.valueOf(String.java:2994) ~[na:1.8.0_131]
	at java.lang.StringBuilder.append(StringBuilder.java:131) ~[na:1.8.0_131]
	at com.jpa.hibernate.demo.entity.Course.toString(Course.java:105) ~[classes/:na]
	at java.lang.String.valueOf(String.java:2994) ~[na:1.8.0_131]
	at java.lang.StringBuilder.append(StringBuilder.java:131) ~[na:1.8.0_131]
	at com.jpa.hibernate.demo.entity.Rating.toString(Rating.java:55) ~[classes/:na]
	at java.lang.String.valueOf(String.java:2994) ~[na:1.8.0_131]
	at java.lang.StringBuilder.append(StringBuilder.java:131) ~[na:1.8.0_131]
	at java.util.AbstractCollection.toString(AbstractCollection.java:462) ~[na:1.8.0_131]
	at org.hibernate.collection.internal.PersistentBag.toString(PersistentBag.java:510) ~[hibernate-core-5.0.12.Final.jar:5.0.12.Final]
	at java.lang.String.valueOf(String.java:2994) ~[na:1.8.0_131]
	at java.lang.StringBuilder.append(StringBuilder.java:131) ~[na:1.8.0_131]
	at com.jpa.hibernate.demo.entity.Course.toString(Course.java:105) ~[classes/:na]
	at java.lang.String.valueOf(String.java:2994) ~[na:1.8.0_131]
	at java.lang.StringBuilder.append(StringBuilder.java:131) ~[na:1.8.0_131]
	at com.jpa.hibernate.demo.entity.Rating.toString(Rating.java:55) ~[classes/:na]
	at java.lang.String.valueOf(String.java:2994) ~[na:1.8.0_131]
	at java.lang.StringBuilder.append(StringBuilder.java:131) ~[na:1.8.0_131]
	at java.util.AbstractCollection.toString(AbstractCollection.java:462) ~[na:1.8.0_131]
	at org.hibernate.collection.internal.PersistentBag.toString(PersistentBag.java:510) ~[hibernate-core-5.0.12.Final.jar:5.0.12.Final]
	at java.lang.String.valueOf(String.java:2994) ~[na:1.8.0_131]
	at java.lang.StringBuilder.append(StringBuilder.java:131) ~[na:1.8.0_131]
	at com.jpa.hibernate.demo.entity.Course.toString(Course.java:105) ~[classes/:na]
	at java.lang.String.valueOf(String.java:2994) ~[na:1.8.0_131]
	at java.lang.StringBuilder.append(StringBuilder.java:131) ~[na:1.8.0_131]
	at com.jpa.hibernate.demo.entity.Rating.toString(Rating.java:55) ~[classes/:na]
	at java.lang.String.valueOf(String.java:2994) ~[na:1.8.0_131]
	at java.lang.StringBuilder.append(StringBuilder.java:131) ~[na:1.8.0_131]
	at java.util.AbstractCollection.toString(AbstractCollection.java:462) ~[na:1.8.0_131]
	at org.hibernate.collection.internal.PersistentBag.toString(PersistentBag.java:510) ~[hibernate-core-5.0.12.Final.jar:5.0.12.Final]
	at java.lang.String.valueOf(String.java:2994) ~[na:1.8.0_131]
	at java.lang.StringBuilder.append(StringBuilder.java:131) ~[na:1.8.0_131]
	at com.jpa.hibernate.demo.entity.Course.toString(Course.java:105) ~[classes/:na]
	at java.lang.String.valueOf(String.java:2994) ~[na:1.8.0_131]
	at java.lang.StringBuilder.append(StringBuilder.java:131) ~[na:1.8.0_131]
	at com.jpa.hibernate.demo.entity.Rating.toString(Rating.java:55) ~[classes/:na]
	at java.lang.String.valueOf(String.java:2994) ~[na:1.8.0_131]
	at java.lang.StringBuilder.append(StringBuilder.java:131) ~[na:1.8.0_131]
	at java.util.AbstractCollection.toString(AbstractCollection.java:462) ~[na:1.8.0_131]
	at org.hibernate.collection.internal.PersistentBag.toString(PersistentBag.java:510) ~[hibernate-core-5.0.12.Final.jar:5.0.12.Final]
	at java.lang.String.valueOf(String.java:2994) ~[na:1.8.0_131]
	at java.lang.StringBuilder.append(StringBuilder.java:131) ~[na:1.8.0_131]
	at com.jpa.hibernate.demo.entity.Course.toString(Course.java:105) ~[classes/:na]
	at java.lang.String.valueOf(String.java:2994) ~[na:1.8.0_131]
	at java.lang.StringBuilder.append(StringBuilder.java:131) ~[na:1.8.0_131]
	at com.jpa.hibernate.demo.entity.Rating.toString(Rating.java:55) ~[classes/:na]
	at java.lang.String.valueOf(String.java:2994) ~[na:1.8.0_131]
	at java.lang.StringBuilder.append(StringBuilder.java:131) ~[na:1.8.0_131]
	at java.util.AbstractCollection.toString(AbstractCollection.java:462) ~[na:1.8.0_131]
	at org.hibernate.collection.internal.PersistentBag.toString(PersistentBag.java:510) ~[hibernate-core-5.0.12.Final.jar:5.0.12.Final]
	at java.lang.String.valueOf(String.java:2994) ~[na:1.8.0_131]
	at java.lang.StringBuilder.append(StringBuilder.java:131) ~[na:1.8.0_131]
	at com.jpa.hibernate.demo.entity.Course.toString(Course.java:105) ~[classes/:na]
	at java.lang.String.valueOf(String.java:2994) ~[na:1.8.0_131]
	at java.lang.StringBuilder.append(StringBuilder.java:131) ~[na:1.8.0_131]
	at com.jpa.hibernate.demo.entity.Rating.toString(Rating.java:55) ~[classes/:na]
	at java.lang.String.valueOf(String.java:2994) ~[na:1.8.0_131]
	at java.lang.StringBuilder.append(StringBuilder.java:131) ~[na:1.8.0_131]
	at java.util.AbstractCollection.toString(AbstractCollection.java:462) ~[na:1.8.0_131]
	at org.hibernate.collection.internal.PersistentBag.toString(PersistentBag.java:510) ~[hibernate-core-5.0.12.Final.jar:5.0.12.Final]
	at java.lang.String.valueOf(String.java:2994) ~[na:1.8.0_131]
	at java.lang.StringBuilder.append(StringBuilder.java:131) ~[na:1.8.0_131]
	at com.jpa.hibernate.demo.entity.Course.toString(Course.java:105) ~[classes/:na]
	at java.lang.String.valueOf(String.java:2994) ~[na:1.8.0_131]
	at java.lang.StringBuilder.append(StringBuilder.java:131) ~[na:1.8.0_131]
	at com.jpa.hibernate.demo.entity.Rating.toString(Rating.java:55) ~[classes/:na]
	at java.lang.String.valueOf(String.java:2994) ~[na:1.8.0_131]
	at java.lang.StringBuilder.append(StringBuilder.java:131) ~[na:1.8.0_131]
	at java.util.AbstractCollection.toString(AbstractCollection.java:462) ~[na:1.8.0_131]
	at org.hibernate.collection.internal.PersistentBag.toString(PersistentBag.java:510) ~[hibernate-core-5.0.12.Final.jar:5.0.12.Final]
	at java.lang.String.valueOf(String.java:2994) ~[na:1.8.0_131]
	at java.lang.StringBuilder.append(StringBuilder.java:131) ~[na:1.8.0_131]
	at com.jpa.hibernate.demo.entity.Course.toString(Course.java:105) ~[classes/:na]
	at java.lang.String.valueOf(String.java:2994) ~[na:1.8.0_131]
	at java.lang.StringBuilder.append(StringBuilder.java:131) ~[na:1.8.0_131]
	at com.jpa.hibernate.demo.entity.Rating.toString(Rating.java:55) ~[classes/:na]
	at java.lang.String.valueOf(String.java:2994) ~[na:1.8.0_131]
	at java.lang.StringBuilder.append(StringBuilder.java:131) ~[na:1.8.0_131]
	at java.util.AbstractCollection.toString(AbstractCollection.java:462) ~[na:1.8.0_131]
	at org.hibernate.collection.internal.PersistentBag.toString(PersistentBag.java:510) ~[hibernate-core-5.0.12.Final.jar:5.0.12.Final]
	at java.lang.String.valueOf(String.java:2994) ~[na:1.8.0_131]
	at java.lang.StringBuilder.append(StringBuilder.java:131) ~[na:1.8.0_131]
	at com.jpa.hibernate.demo.entity.Course.toString(Course.java:105) ~[classes/:na]
	at java.lang.String.valueOf(String.java:2994) ~[na:1.8.0_131]
	at java.lang.StringBuilder.append(StringBuilder.java:131) ~[na:1.8.0_131]
	at com.jpa.hibernate.demo.entity.Rating.toString(Rating.java:55) ~[classes/:na]
	at java.lang.String.valueOf(String.java:2994) ~[na:1.8.0_131]
	at java.lang.StringBuilder.append(StringBuilder.java:131) ~[na:1.8.0_131]
	at java.util.AbstractCollection.toString(AbstractCollection.java:462) ~[na:1.8.0_131]
	at org.hibernate.collection.internal.PersistentBag.toString(PersistentBag.java:510) ~[hibernate-core-5.0.12.Final.jar:5.0.12.Final]
	at java.lang.String.valueOf(String.java:2994) ~[na:1.8.0_131]
	at java.lang.StringBuilder.append(StringBuilder.java:131) ~[na:1.8.0_131]
	at com.jpa.hibernate.demo.entity.Course.toString(Course.java:105) ~[classes/:na]
	at java.lang.String.valueOf(String.java:2994) ~[na:1.8.0_131]
	at java.lang.StringBuilder.append(StringBuilder.java:131) ~[na:1.8.0_131]
	at com.jpa.hibernate.demo.entity.Rating.toString(Rating.java:55) ~[classes/:na]
	at java.lang.String.valueOf(String.java:2994) ~[na:1.8.0_131]
	at java.lang.StringBuilder.append(StringBuilder.java:131) ~[na:1.8.0_131]
	at java.util.AbstractCollection.toString(AbstractCollection.java:462) ~[na:1.8.0_131]
	at org.hibernate.collection.internal.PersistentBag.toString(PersistentBag.java:510) ~[hibernate-core-5.0.12.Final.jar:5.0.12.Final]
	at java.lang.String.valueOf(String.java:2994) ~[na:1.8.0_131]
	at java.lang.StringBuilder.append(StringBuilder.java:131) ~[na:1.8.0_131]
	at com.jpa.hibernate.demo.entity.Course.toString(Course.java:105) ~[classes/:na]
	at java.lang.String.valueOf(String.java:2994) ~[na:1.8.0_131]
	at java.lang.StringBuilder.append(StringBuilder.java:131) ~[na:1.8.0_131]
	at com.jpa.hibernate.demo.entity.Rating.toString(Rating.java:55) ~[classes/:na]
	at java.lang.String.valueOf(String.java:2994) ~[na:1.8.0_131]
	at java.lang.StringBuilder.append(StringBuilder.java:131) ~[na:1.8.0_131]
	at java.util.AbstractCollection.toString(AbstractCollection.java:462) ~[na:1.8.0_131]
	at org.hibernate.collection.internal.PersistentBag.toString(PersistentBag.java:510) ~[hibernate-core-5.0.12.Final.jar:5.0.12.Final]
	at java.lang.String.valueOf(String.java:2994) ~[na:1.8.0_131]
	at java.lang.StringBuilder.append(StringBuilder.java:131) ~[na:1.8.0_131]
	at com.jpa.hibernate.demo.entity.Course.toString(Course.java:105) ~[classes/:na]
	at java.lang.String.valueOf(String.java:2994) ~[na:1.8.0_131]
	at java.lang.StringBuilder.append(StringBuilder.java:131) ~[na:1.8.0_131]
	at com.jpa.hibernate.demo.entity.Rating.toString(Rating.java:55) ~[classes/:na]
	at java.lang.String.valueOf(String.java:2994) ~[na:1.8.0_131]
	at java.lang.StringBuilder.append(StringBuilder.java:131) ~[na:1.8.0_131]
	at java.util.AbstractCollection.toString(AbstractCollection.java:462) ~[na:1.8.0_131]
	at org.hibernate.collection.internal.PersistentBag.toString(PersistentBag.java:510) ~[hibernate-core-5.0.12.Final.jar:5.0.12.Final]
	at java.lang.String.valueOf(String.java:2994) ~[na:1.8.0_131]
	at java.lang.StringBuilder.append(StringBuilder.java:131) ~[na:1.8.0_131]
	at com.jpa.hibernate.demo.entity.Course.toString(Course.java:105) ~[classes/:na]
	at java.lang.String.valueOf(String.java:2994) ~[na:1.8.0_131]
	at java.lang.StringBuilder.append(StringBuilder.java:131) ~[na:1.8.0_131]
	at com.jpa.hibernate.demo.entity.Rating.toString(Rating.java:55) ~[classes/:na]
	at java.lang.String.valueOf(String.java:2994) ~[na:1.8.0_131]
	at java.lang.StringBuilder.append(StringBuilder.java:131) ~[na:1.8.0_131]
	at java.util.AbstractCollection.toString(AbstractCollection.java:462) ~[na:1.8.0_131]
	at org.hibernate.collection.internal.PersistentBag.toString(PersistentBag.java:510) ~[hibernate-core-5.0.12.Final.jar:5.0.12.Final]
	at java.lang.String.valueOf(String.java:2994) ~[na:1.8.0_131]
	at java.lang.StringBuilder.append(StringBuilder.java:131) ~[na:1.8.0_131]
	at com.jpa.hibernate.demo.entity.Course.toString(Course.java:105) ~[classes/:na]
	at java.lang.String.valueOf(String.java:2994) ~[na:1.8.0_131]
	at java.lang.StringBuilder.append(StringBuilder.java:131) ~[na:1.8.0_131]
	at com.jpa.hibernate.demo.entity.Rating.toString(Rating.java:55) ~[classes/:na]
	at java.lang.String.valueOf(String.java:2994) ~[na:1.8.0_131]
	at java.lang.StringBuilder.append(StringBuilder.java:131) ~[na:1.8.0_131]
	at java.util.AbstractCollection.toString(AbstractCollection.java:462) ~[na:1.8.0_131]
	at org.hibernate.collection.internal.PersistentBag.toString(PersistentBag.java:510) ~[hibernate-core-5.0.12.Final.jar:5.0.12.Final]
	at java.lang.String.valueOf(String.java:2994) ~[na:1.8.0_131]
	at java.lang.StringBuilder.append(StringBuilder.java:131) ~[na:1.8.0_131]
	at com.jpa.hibernate.demo.entity.Course.toString(Course.java:105) ~[classes/:na]
	at java.lang.String.valueOf(String.java:2994) ~[na:1.8.0_131]
	at java.lang.StringBuilder.append(StringBuilder.java:131) ~[na:1.8.0_131]
	at com.jpa.hibernate.demo.entity.Rating.toString(Rating.java:55) ~[classes/:na]
	at java.lang.String.valueOf(String.java:2994) ~[na:1.8.0_131]
	at java.lang.StringBuilder.append(StringBuilder.java:131) ~[na:1.8.0_131]
	at java.util.AbstractCollection.toString(AbstractCollection.java:462) ~[na:1.8.0_131]
	at org.hibernate.collection.internal.PersistentBag.toString(PersistentBag.java:510) ~[hibernate-core-5.0.12.Final.jar:5.0.12.Final]
	at java.lang.String.valueOf(String.java:2994) ~[na:1.8.0_131]
	at java.lang.StringBuilder.append(StringBuilder.java:131) ~[na:1.8.0_131]
	at com.jpa.hibernate.demo.entity.Course.toString(Course.java:105) ~[classes/:na]
	at java.lang.String.valueOf(String.java:2994) ~[na:1.8.0_131]
	at java.lang.StringBuilder.append(StringBuilder.java:131) ~[na:1.8.0_131]
	at com.jpa.hibernate.demo.entity.Rating.toString(Rating.java:55) ~[classes/:na]
	at java.lang.String.valueOf(String.java:2994) ~[na:1.8.0_131]
	at java.lang.StringBuilder.append(StringBuilder.java:131) ~[na:1.8.0_131]
	at java.util.AbstractCollection.toString(AbstractCollection.java:462) ~[na:1.8.0_131]
	at org.hibernate.collection.internal.PersistentBag.toString(PersistentBag.java:510) ~[hibernate-core-5.0.12.Final.jar:5.0.12.Final]
	at java.lang.String.valueOf(String.java:2994) ~[na:1.8.0_131]
	at java.lang.StringBuilder.append(StringBuilder.java:131) ~[na:1.8.0_131]
	at com.jpa.hibernate.demo.entity.Course.toString(Course.java:105) ~[classes/:na]
	at java.lang.String.valueOf(String.java:2994) ~[na:1.8.0_131]
	at java.lang.StringBuilder.append(StringBuilder.java:131) ~[na:1.8.0_131]
	at com.jpa.hibernate.demo.entity.Rating.toString(Rating.java:55) ~[classes/:na]
	at java.lang.String.valueOf(String.java:2994) ~[na:1.8.0_131]
	at java.lang.StringBuilder.append(StringBuilder.java:131) ~[na:1.8.0_131]
	at java.util.AbstractCollection.toString(AbstractCollection.java:462) ~[na:1.8.0_131]
	at org.hibernate.collection.internal.PersistentBag.toString(PersistentBag.java:510) ~[hibernate-core-5.0.12.Final.jar:5.0.12.Final]
	at java.lang.String.valueOf(String.java:2994) ~[na:1.8.0_131]
	at java.lang.StringBuilder.append(StringBuilder.java:131) ~[na:1.8.0_131]
	at com.jpa.hibernate.demo.entity.Course.toString(Course.java:105) ~[classes/:na]
	at java.lang.String.valueOf(String.java:2994) ~[na:1.8.0_131]
	at java.lang.StringBuilder.append(StringBuilder.java:131) ~[na:1.8.0_131]
	at com.jpa.hibernate.demo.entity.Rating.toString(Rating.java:55) ~[classes/:na]
	at java.lang.String.valueOf(String.java:2994) ~[na:1.8.0_131]
	at java.lang.StringBuilder.append(StringBuilder.java:131) ~[na:1.8.0_131]
	at java.util.AbstractCollection.toString(AbstractCollection.java:462) ~[na:1.8.0_131]
	at org.hibernate.collection.internal.PersistentBag.toString(PersistentBag.java:510) ~[hibernate-core-5.0.12.Final.jar:5.0.12.Final]
	at java.lang.String.valueOf(String.java:2994) ~[na:1.8.0_131]
	at java.lang.StringBuilder.append(StringBuilder.java:131) ~[na:1.8.0_131]
	at com.jpa.hibernate.demo.entity.Course.toString(Course.java:105) ~[classes/:na]
	at java.lang.String.valueOf(String.java:2994) ~[na:1.8.0_131]
	at java.lang.StringBuilder.append(StringBuilder.java:131) ~[na:1.8.0_131]
	at com.jpa.hibernate.demo.entity.Rating.toString(Rating.java:55) ~[classes/:na]
	at java.lang.String.valueOf(String.java:2994) ~[na:1.8.0_131]
	at java.lang.StringBuilder.append(StringBuilder.java:131) ~[na:1.8.0_131]
	at java.util.AbstractCollection.toString(AbstractCollection.java:462) ~[na:1.8.0_131]
	at org.hibernate.collection.internal.PersistentBag.toString(PersistentBag.java:510) ~[hibernate-core-5.0.12.Final.jar:5.0.12.Final]
	at java.lang.String.valueOf(String.java:2994) ~[na:1.8.0_131]
	at java.lang.StringBuilder.append(StringBuilder.java:131) ~[na:1.8.0_131]
	at com.jpa.hibernate.demo.entity.Course.toString(Course.java:105) ~[classes/:na]
	at java.lang.String.valueOf(String.java:2994) ~[na:1.8.0_131]
	at java.lang.StringBuilder.append(StringBuilder.java:131) ~[na:1.8.0_131]
	at com.jpa.hibernate.demo.entity.Rating.toString(Rating.java:55) ~[classes/:na]
	at java.lang.String.valueOf(String.java:2994) ~[na:1.8.0_131]
	at java.lang.StringBuilder.append(StringBuilder.java:131) ~[na:1.8.0_131]
	at java.util.AbstractCollection.toString(AbstractCollection.java:462) ~[na:1.8.0_131]
	at org.hibernate.collection.internal.PersistentBag.toString(PersistentBag.java:510) ~[hibernate-core-5.0.12.Final.jar:5.0.12.Final]
	at java.lang.String.valueOf(String.java:2994) ~[na:1.8.0_131]
	at java.lang.StringBuilder.append(StringBuilder.java:131) ~[na:1.8.0_131]
	at com.jpa.hibernate.demo.entity.Course.toString(Course.java:105) ~[classes/:na]
	at java.lang.String.valueOf(String.java:2994) ~[na:1.8.0_131]
	at java.lang.StringBuilder.append(StringBuilder.java:131) ~[na:1.8.0_131]
	at com.jpa.hibernate.demo.entity.Rating.toString(Rating.java:55) ~[classes/:na]
	at java.lang.String.valueOf(String.java:2994) ~[na:1.8.0_131]
	at java.lang.StringBuilder.append(StringBuilder.java:131) ~[na:1.8.0_131]
	at java.util.AbstractCollection.toString(AbstractCollection.java:462) ~[na:1.8.0_131]
	at org.hibernate.collection.internal.PersistentBag.toString(PersistentBag.java:510) ~[hibernate-core-5.0.12.Final.jar:5.0.12.Final]
	at java.lang.String.valueOf(String.java:2994) ~[na:1.8.0_131]
	at java.lang.StringBuilder.append(StringBuilder.java:131) ~[na:1.8.0_131]
	at com.jpa.hibernate.demo.entity.Course.toString(Course.java:105) ~[classes/:na]
	at java.lang.String.valueOf(String.java:2994) ~[na:1.8.0_131]
	at java.lang.StringBuilder.append(StringBuilder.java:131) ~[na:1.8.0_131]
	at com.jpa.hibernate.demo.entity.Rating.toString(Rating.java:55) ~[classes/:na]
	at java.lang.String.valueOf(String.java:2994) ~[na:1.8.0_131]
	at java.lang.StringBuilder.append(StringBuilder.java:131) ~[na:1.8.0_131]
	at java.util.AbstractCollection.toString(AbstractCollection.java:462) ~[na:1.8.0_131]
	at org.hibernate.collection.internal.PersistentBag.toString(PersistentBag.java:510) ~[hibernate-core-5.0.12.Final.jar:5.0.12.Final]
	at java.lang.String.valueOf(String.java:2994) ~[na:1.8.0_131]
	at java.lang.StringBuilder.append(StringBuilder.java:131) ~[na:1.8.0_131]
	at com.jpa.hibernate.demo.entity.Course.toString(Course.java:105) ~[classes/:na]
	at java.lang.String.valueOf(String.java:2994) ~[na:1.8.0_131]
	at java.lang.StringBuilder.append(StringBuilder.java:131) ~[na:1.8.0_131]
	at com.jpa.hibernate.demo.entity.Rating.toString(Rating.java:55) ~[classes/:na]
	at java.lang.String.valueOf(String.java:2994) ~[na:1.8.0_131]
	at java.lang.StringBuilder.append(StringBuilder.java:131) ~[na:1.8.0_131]
	at java.util.AbstractCollection.toString(AbstractCollection.java:462) ~[na:1.8.0_131]
	at org.hibernate.collection.internal.PersistentBag.toString(PersistentBag.java:510) ~[hibernate-core-5.0.12.Final.jar:5.0.12.Final]
	at java.lang.String.valueOf(String.java:2994) ~[na:1.8.0_131]
	at java.lang.StringBuilder.append(StringBuilder.java:131) ~[na:1.8.0_131]
	at com.jpa.hibernate.demo.entity.Course.toString(Course.java:105) ~[classes/:na]
	at java.lang.String.valueOf(String.java:2994) ~[na:1.8.0_131]
	at java.lang.StringBuilder.append(StringBuilder.java:131) ~[na:1.8.0_131]
	at com.jpa.hibernate.demo.entity.Rating.toString(Rating.java:55) ~[classes/:na]
	at java.lang.String.valueOf(String.java:2994) ~[na:1.8.0_131]
	at java.lang.StringBuilder.append(StringBuilder.java:131) ~[na:1.8.0_131]
	at java.util.AbstractCollection.toString(AbstractCollection.java:462) ~[na:1.8.0_131]
	at org.hibernate.collection.internal.PersistentBag.toString(PersistentBag.java:510) ~[hibernate-core-5.0.12.Final.jar:5.0.12.Final]
	at java.lang.String.valueOf(String.java:2994) ~[na:1.8.0_131]
	at java.lang.StringBuilder.append(StringBuilder.java:131) ~[na:1.8.0_131]
	at com.jpa.hibernate.demo.entity.Course.toString(Course.java:105) ~[classes/:na]
	at java.lang.String.valueOf(String.java:2994) ~[na:1.8.0_131]
	at java.lang.StringBuilder.append(StringBuilder.java:131) ~[na:1.8.0_131]
	at com.jpa.hibernate.demo.entity.Rating.toString(Rating.java:55) ~[classes/:na]
	at java.lang.String.valueOf(String.java:2994) ~[na:1.8.0_131]
	at java.lang.StringBuilder.append(StringBuilder.java:131) ~[na:1.8.0_131]
	at java.util.AbstractCollection.toString(AbstractCollection.java:462) ~[na:1.8.0_131]
	at org.hibernate.collection.internal.PersistentBag.toString(PersistentBag.java:510) ~[hibernate-core-5.0.12.Final.jar:5.0.12.Final]
	at java.lang.String.valueOf(String.java:2994) ~[na:1.8.0_131]
	at java.lang.StringBuilder.append(StringBuilder.java:131) ~[na:1.8.0_131]
	at com.jpa.hibernate.demo.entity.Course.toString(Course.java:105) ~[classes/:na]
	at java.lang.String.valueOf(String.java:2994) ~[na:1.8.0_131]
	at java.lang.StringBuilder.append(StringBuilder.java:131) ~[na:1.8.0_131]
	at com.jpa.hibernate.demo.entity.Rating.toString(Rating.java:55) ~[classes/:na]
	at java.lang.String.valueOf(String.java:2994) ~[na:1.8.0_131]
	at java.lang.StringBuilder.append(StringBuilder.java:131) ~[na:1.8.0_131]
	at java.util.AbstractCollection.toString(AbstractCollection.java:462) ~[na:1.8.0_131]
	at org.hibernate.collection.internal.PersistentBag.toString(PersistentBag.java:510) ~[hibernate-core-5.0.12.Final.jar:5.0.12.Final]
	at java.lang.String.valueOf(String.java:2994) ~[na:1.8.0_131]
	at java.lang.StringBuilder.append(StringBuilder.java:131) ~[na:1.8.0_131]
	at com.jpa.hibernate.demo.entity.Course.toString(Course.java:105) ~[classes/:na]
	at java.lang.String.valueOf(String.java:2994) ~[na:1.8.0_131]
	at java.lang.StringBuilder.append(StringBuilder.java:131) ~[na:1.8.0_131]
	at com.jpa.hibernate.demo.entity.Rating.toString(Rating.java:55) ~[classes/:na]
	at java.lang.String.valueOf(String.java:2994) ~[na:1.8.0_131]
	at java.lang.StringBuilder.append(StringBuilder.java:131) ~[na:1.8.0_131]
	at java.util.AbstractCollection.toString(AbstractCollection.java:462) ~[na:1.8.0_131]
	at org.hibernate.collection.internal.PersistentBag.toString(PersistentBag.java:510) ~[hibernate-core-5.0.12.Final.jar:5.0.12.Final]
	at java.lang.String.valueOf(String.java:2994) ~[na:1.8.0_131]
	at java.lang.StringBuilder.append(StringBuilder.java:131) ~[na:1.8.0_131]
	at com.jpa.hibernate.demo.entity.Course.toString(Course.java:105) ~[classes/:na]
	at java.lang.String.valueOf(String.java:2994) ~[na:1.8.0_131]
	at java.lang.StringBuilder.append(StringBuilder.java:131) ~[na:1.8.0_131]
	at com.jpa.hibernate.demo.entity.Rating.toString(Rating.java:55) ~[classes/:na]
	at java.lang.String.valueOf(String.java:2994) ~[na:1.8.0_131]
	at java.lang.StringBuilder.append(StringBuilder.java:131) ~[na:1.8.0_131]
	at java.util.AbstractCollection.toString(AbstractCollection.java:462) ~[na:1.8.0_131]
	at org.hibernate.collection.internal.PersistentBag.toString(PersistentBag.java:510) ~[hibernate-core-5.0.12.Final.jar:5.0.12.Final]
	at java.lang.String.valueOf(String.java:2994) ~[na:1.8.0_131]
	at java.lang.StringBuilder.append(StringBuilder.java:131) ~[na:1.8.0_131]
	at com.jpa.hibernate.demo.entity.Course.toString(Course.java:105) ~[classes/:na]
	at java.lang.String.valueOf(String.java:2994) ~[na:1.8.0_131]
	at java.lang.StringBuilder.append(StringBuilder.java:131) ~[na:1.8.0_131]
	at com.jpa.hibernate.demo.entity.Rating.toString(Rating.java:55) ~[classes/:na]
	at java.lang.String.valueOf(String.java:2994) ~[na:1.8.0_131]
	at java.lang.StringBuilder.append(StringBuilder.java:131) ~[na:1.8.0_131]
	at java.util.AbstractCollection.toString(AbstractCollection.java:462) ~[na:1.8.0_131]
	at org.hibernate.collection.internal.PersistentBag.toString(PersistentBag.java:510) ~[hibernate-core-5.0.12.Final.jar:5.0.12.Final]
	at java.lang.String.valueOf(String.java:2994) ~[na:1.8.0_131]
	at java.lang.StringBuilder.append(StringBuilder.java:131) ~[na:1.8.0_131]
	at com.jpa.hibernate.demo.entity.Course.toString(Course.java:105) ~[classes/:na]
	at java.lang.String.valueOf(String.java:2994) ~[na:1.8.0_131]
	at java.lang.StringBuilder.append(StringBuilder.java:131) ~[na:1.8.0_131]
	at com.jpa.hibernate.demo.entity.Rating.toString(Rating.java:55) ~[classes/:na]
	at java.lang.String.valueOf(String.java:2994) ~[na:1.8.0_131]
	at java.lang.StringBuilder.append(StringBuilder.java:131) ~[na:1.8.0_131]
	at java.util.AbstractCollection.toString(AbstractCollection.java:462) ~[na:1.8.0_131]
	at org.hibernate.collection.internal.PersistentBag.toString(PersistentBag.java:510) ~[hibernate-core-5.0.12.Final.jar:5.0.12.Final]
	at java.lang.String.valueOf(String.java:2994) ~[na:1.8.0_131]
	at java.lang.StringBuilder.append(StringBuilder.java:131) ~[na:1.8.0_131]
	at com.jpa.hibernate.demo.entity.Course.toString(Course.java:105) ~[classes/:na]
	at java.lang.String.valueOf(String.java:2994) ~[na:1.8.0_131]
	at java.lang.StringBuilder.append(StringBuilder.java:131) ~[na:1.8.0_131]
	at com.jpa.hibernate.demo.entity.Rating.toString(Rating.java:55) ~[classes/:na]
	at java.lang.String.valueOf(String.java:2994) ~[na:1.8.0_131]
	at java.lang.StringBuilder.append(StringBuilder.java:131) ~[na:1.8.0_131]
	at java.util.AbstractCollection.toString(AbstractCollection.java:462) ~[na:1.8.0_131]
	at org.hibernate.collection.internal.PersistentBag.toString(PersistentBag.java:510) ~[hibernate-core-5.0.12.Final.jar:5.0.12.Final]
	at java.lang.String.valueOf(String.java:2994) ~[na:1.8.0_131]
	at java.lang.StringBuilder.append(StringBuilder.java:131) ~[na:1.8.0_131]
	at com.jpa.hibernate.demo.entity.Course.toString(Course.java:105) ~[classes/:na]
	at java.lang.String.valueOf(String.java:2994) ~[na:1.8.0_131]
	at java.lang.StringBuilder.append(StringBuilder.java:131) ~[na:1.8.0_131]
	at com.jpa.hibernate.demo.entity.Rating.toString(Rating.java:55) ~[classes/:na]
	at java.lang.String.valueOf(String.java:2994) ~[na:1.8.0_131]
	at java.lang.StringBuilder.append(StringBuilder.java:131) ~[na:1.8.0_131]
	at java.util.AbstractCollection.toString(AbstractCollection.java:462) ~[na:1.8.0_131]
	at org.hibernate.collection.internal.PersistentBag.toString(PersistentBag.java:510) ~[hibernate-core-5.0.12.Final.jar:5.0.12.Final]
	at java.lang.String.valueOf(String.java:2994) ~[na:1.8.0_131]
	at java.lang.StringBuilder.append(StringBuilder.java:131) ~[na:1.8.0_131]
	at com.jpa.hibernate.demo.entity.Course.toString(Course.java:105) ~[classes/:na]
	at java.lang.String.valueOf(String.java:2994) ~[na:1.8.0_131]
	at java.lang.StringBuilder.append(StringBuilder.java:131) ~[na:1.8.0_131]
	at com.jpa.hibernate.demo.entity.Rating.toString(Rating.java:55) ~[classes/:na]
	at java.lang.String.valueOf(String.java:2994) ~[na:1.8.0_131]
	at java.lang.StringBuilder.append(StringBuilder.java:131) ~[na:1.8.0_131]
	at java.util.AbstractCollection.toString(AbstractCollection.java:462) ~[na:1.8.0_131]
	at org.hibernate.collection.internal.PersistentBag.toString(PersistentBag.java:510) ~[hibernate-core-5.0.12.Final.jar:5.0.12.Final]
	at java.lang.String.valueOf(String.java:2994) ~[na:1.8.0_131]
	at java.lang.StringBuilder.append(StringBuilder.java:131) ~[na:1.8.0_131]
	at com.jpa.hibernate.demo.entity.Course.toString(Course.java:105) ~[classes/:na]
	at java.lang.String.valueOf(String.java:2994) ~[na:1.8.0_131]
	at java.lang.StringBuilder.append(StringBuilder.java:131) ~[na:1.8.0_131]
	at com.jpa.hibernate.demo.entity.Rating.toString(Rating.java:55) ~[classes/:na]
	at java.lang.String.valueOf(String.java:2994) ~[na:1.8.0_131]
	at java.lang.StringBuilder.append(StringBuilder.java:131) ~[na:1.8.0_131]
	at java.util.AbstractCollection.toString(AbstractCollection.java:462) ~[na:1.8.0_131]
	at org.hibernate.collection.internal.PersistentBag.toString(PersistentBag.java:510) ~[hibernate-core-5.0.12.Final.jar:5.0.12.Final]
	at java.lang.String.valueOf(String.java:2994) ~[na:1.8.0_131]
	at java.lang.StringBuilder.append(StringBuilder.java:131) ~[na:1.8.0_131]
	at com.jpa.hibernate.demo.entity.Course.toString(Course.java:105) ~[classes/:na]
	at java.lang.String.valueOf(String.java:2994) ~[na:1.8.0_131]
	at java.lang.StringBuilder.append(StringBuilder.java:131) ~[na:1.8.0_131]
	at com.jpa.hibernate.demo.entity.Rating.toString(Rating.java:55) ~[classes/:na]
	at java.lang.String.valueOf(String.java:2994) ~[na:1.8.0_131]
	at java.lang.StringBuilder.append(StringBuilder.java:131) ~[na:1.8.0_131]
	at java.util.AbstractCollection.toString(AbstractCollection.java:462) ~[na:1.8.0_131]
	at org.hibernate.collection.internal.PersistentBag.toString(PersistentBag.java:510) ~[hibernate-core-5.0.12.Final.jar:5.0.12.Final]
	at java.lang.String.valueOf(String.java:2994) ~[na:1.8.0_131]
	at java.lang.StringBuilder.append(StringBuilder.java:131) ~[na:1.8.0_131]
	at com.jpa.hibernate.demo.entity.Course.toString(Course.java:105) ~[classes/:na]
	at java.lang.String.valueOf(String.java:2994) ~[na:1.8.0_131]
	at java.lang.StringBuilder.append(StringBuilder.java:131) ~[na:1.8.0_131]
	at com.jpa.hibernate.demo.entity.Rating.toString(Rating.java:55) ~[classes/:na]
	at java.lang.String.valueOf(String.java:2994) ~[na:1.8.0_131]
	at java.lang.StringBuilder.append(StringBuilder.java:131) ~[na:1.8.0_131]
	at java.util.AbstractCollection.toString(AbstractCollection.java:462) ~[na:1.8.0_131]
	at org.hibernate.collection.internal.PersistentBag.toString(PersistentBag.java:510) ~[hibernate-core-5.0.12.Final.jar:5.0.12.Final]
	at java.lang.String.valueOf(String.java:2994) ~[na:1.8.0_131]
	at java.lang.StringBuilder.append(StringBuilder.java:131) ~[na:1.8.0_131]
	at com.jpa.hibernate.demo.entity.Course.toString(Course.java:105) ~[classes/:na]
	at java.lang.String.valueOf(String.java:2994) ~[na:1.8.0_131]
	at java.lang.StringBuilder.append(StringBuilder.java:131) ~[na:1.8.0_131]
	at com.jpa.hibernate.demo.entity.Rating.toString(Rating.java:55) ~[classes/:na]
	at java.lang.String.valueOf(String.java:2994) ~[na:1.8.0_131]
	at java.lang.StringBuilder.append(StringBuilder.java:131) ~[na:1.8.0_131]
	at java.util.AbstractCollection.toString(AbstractCollection.java:462) ~[na:1.8.0_131]
	at org.hibernate.collection.internal.PersistentBag.toString(PersistentBag.java:510) ~[hibernate-core-5.0.12.Final.jar:5.0.12.Final]
	at java.lang.String.valueOf(String.java:2994) ~[na:1.8.0_131]
	at java.lang.StringBuilder.append(StringBuilder.java:131) ~[na:1.8.0_131]
	at com.jpa.hibernate.demo.entity.Course.toString(Course.java:105) ~[classes/:na]
	at java.lang.String.valueOf(String.java:2994) ~[na:1.8.0_131]
	at java.lang.StringBuilder.append(StringBuilder.java:131) ~[na:1.8.0_131]
	at com.jpa.hibernate.demo.entity.Rating.toString(Rating.java:55) ~[classes/:na]
	at java.lang.String.valueOf(String.java:2994) ~[na:1.8.0_131]
	at java.lang.StringBuilder.append(StringBuilder.java:131) ~[na:1.8.0_131]
	at java.util.AbstractCollection.toString(AbstractCollection.java:462) ~[na:1.8.0_131]
	at org.hibernate.collection.internal.PersistentBag.toString(PersistentBag.java:510) ~[hibernate-core-5.0.12.Final.jar:5.0.12.Final]
	at java.lang.String.valueOf(String.java:2994) ~[na:1.8.0_131]
	at java.lang.StringBuilder.append(StringBuilder.java:131) ~[na:1.8.0_131]
	at com.jpa.hibernate.demo.entity.Course.toString(Course.java:105) ~[classes/:na]
	at java.lang.String.valueOf(String.java:2994) ~[na:1.8.0_131]
	at java.lang.StringBuilder.append(StringBuilder.java:131) ~[na:1.8.0_131]
	at com.jpa.hibernate.demo.entity.Rating.toString(Rating.java:55) ~[classes/:na]
	at java.lang.String.valueOf(String.java:2994) ~[na:1.8.0_131]
	at java.lang.StringBuilder.append(StringBuilder.java:131) ~[na:1.8.0_131]
	at java.util.AbstractCollection.toString(AbstractCollection.java:462) ~[na:1.8.0_131]
	at org.hibernate.collection.internal.PersistentBag.toString(PersistentBag.java:510) ~[hibernate-core-5.0.12.Final.jar:5.0.12.Final]
	at java.lang.String.valueOf(String.java:2994) ~[na:1.8.0_131]
	at java.lang.StringBuilder.append(StringBuilder.java:131) ~[na:1.8.0_131]
	at com.jpa.hibernate.demo.entity.Course.toString(Course.java:105) ~[classes/:na]
	at java.lang.String.valueOf(String.java:2994) ~[na:1.8.0_131]
	at java.lang.StringBuilder.append(StringBuilder.java:131) ~[na:1.8.0_131]
	at com.jpa.hibernate.demo.entity.Rating.toString(Rating.java:55) ~[classes/:na]
	at java.lang.String.valueOf(String.java:2994) ~[na:1.8.0_131]
	at java.lang.StringBuilder.append(StringBuilder.java:131) ~[na:1.8.0_131]
	at java.util.AbstractCollection.toString(AbstractCollection.java:462) ~[na:1.8.0_131]
	at org.hibernate.collection.internal.PersistentBag.toString(PersistentBag.java:510) ~[hibernate-core-5.0.12.Final.jar:5.0.12.Final]
	at java.lang.String.valueOf(String.java:2994) ~[na:1.8.0_131]
	at java.lang.StringBuilder.append(StringBuilder.java:131) ~[na:1.8.0_131]
	at com.jpa.hibernate.demo.entity.Course.toString(Course.java:105) ~[classes/:na]
	at java.lang.String.valueOf(String.java:2994) ~[na:1.8.0_131]
	at java.lang.StringBuilder.append(StringBuilder.java:131) ~[na:1.8.0_131]
	at com.jpa.hibernate.demo.entity.Rating.toString(Rating.java:55) ~[classes/:na]
	at java.lang.String.valueOf(String.java:2994) ~[na:1.8.0_131]
	at java.lang.StringBuilder.append(StringBuilder.java:131) ~[na:1.8.0_131]
	at java.util.AbstractCollection.toString(AbstractCollection.java:462) ~[na:1.8.0_131]
	at org.hibernate.collection.internal.PersistentBag.toString(PersistentBag.java:510) ~[hibernate-core-5.0.12.Final.jar:5.0.12.Final]
	at java.lang.String.valueOf(String.java:2994) ~[na:1.8.0_131]
	at java.lang.StringBuilder.append(StringBuilder.java:131) ~[na:1.8.0_131]
	at com.jpa.hibernate.demo.entity.Course.toString(Course.java:105) ~[classes/:na]
	at java.lang.String.valueOf(String.java:2994) ~[na:1.8.0_131]
	at java.lang.StringBuilder.append(StringBuilder.java:131) ~[na:1.8.0_131]
	at com.jpa.hibernate.demo.entity.Rating.toString(Rating.java:55) ~[classes/:na]
	at java.lang.String.valueOf(String.java:2994) ~[na:1.8.0_131]
	at java.lang.StringBuilder.append(StringBuilder.java:131) ~[na:1.8.0_131]
	at java.util.AbstractCollection.toString(AbstractCollection.java:462) ~[na:1.8.0_131]
	at org.hibernate.collection.internal.PersistentBag.toString(PersistentBag.java:510) ~[hibernate-core-5.0.12.Final.jar:5.0.12.Final]
	at java.lang.String.valueOf(String.java:2994) ~[na:1.8.0_131]
	at java.lang.StringBuilder.append(StringBuilder.java:131) ~[na:1.8.0_131]
	at com.jpa.hibernate.demo.entity.Course.toString(Course.java:105) ~[classes/:na]
	at java.lang.String.valueOf(String.java:2994) ~[na:1.8.0_131]
	at java.lang.StringBuilder.append(StringBuilder.java:131) ~[na:1.8.0_131]
	at com.jpa.hibernate.demo.entity.Rating.toString(Rating.java:55) ~[classes/:na]
	at java.lang.String.valueOf(String.java:2994) ~[na:1.8.0_131]
	at java.lang.StringBuilder.append(StringBuilder.java:131) ~[na:1.8.0_131]
	at java.util.AbstractCollection.toString(AbstractCollection.java:462) ~[na:1.8.0_131]
	at org.hibernate.collection.internal.PersistentBag.toString(PersistentBag.java:510) ~[hibernate-core-5.0.12.Final.jar:5.0.12.Final]
	at java.lang.String.valueOf(String.java:2994) ~[na:1.8.0_131]
	at java.lang.StringBuilder.append(StringBuilder.java:131) ~[na:1.8.0_131]
	at com.jpa.hibernate.demo.entity.Course.toString(Course.java:105) ~[classes/:na]
	at java.lang.String.valueOf(String.java:2994) ~[na:1.8.0_131]
	at java.lang.StringBuilder.append(StringBuilder.java:131) ~[na:1.8.0_131]
	at com.jpa.hibernate.demo.entity.Rating.toString(Rating.java:55) ~[classes/:na]
	at java.lang.String.valueOf(String.java:2994) ~[na:1.8.0_131]
	at java.lang.StringBuilder.append(StringBuilder.java:131) ~[na:1.8.0_131]
	at java.util.AbstractCollection.toString(AbstractCollection.java:462) ~[na:1.8.0_131]
	at org.hibernate.collection.internal.PersistentBag.toString(PersistentBag.java:510) ~[hibernate-core-5.0.12.Final.jar:5.0.12.Final]
	at java.lang.String.valueOf(String.java:2994) ~[na:1.8.0_131]
	at java.lang.StringBuilder.append(StringBuilder.java:131) ~[na:1.8.0_131]
	at com.jpa.hibernate.demo.entity.Course.toString(Course.java:105) ~[classes/:na]
	at java.lang.String.valueOf(String.java:2994) ~[na:1.8.0_131]
	at java.lang.StringBuilder.append(StringBuilder.java:131) ~[na:1.8.0_131]
	at com.jpa.hibernate.demo.entity.Rating.toString(Rating.java:55) ~[classes/:na]
	at java.lang.String.valueOf(String.java:2994) ~[na:1.8.0_131]
	at java.lang.StringBuilder.append(StringBuilder.java:131) ~[na:1.8.0_131]
	at java.util.AbstractCollection.toString(AbstractCollection.java:462) ~[na:1.8.0_131]
	at org.hibernate.collection.internal.PersistentBag.toString(PersistentBag.java:510) ~[hibernate-core-5.0.12.Final.jar:5.0.12.Final]
	at java.lang.String.valueOf(String.java:2994) ~[na:1.8.0_131]
	at java.lang.StringBuilder.append(StringBuilder.java:131) ~[na:1.8.0_131]
	at com.jpa.hibernate.demo.entity.Course.toString(Course.java:105) ~[classes/:na]
	at java.lang.String.valueOf(String.java:2994) ~[na:1.8.0_131]
	at java.lang.StringBuilder.append(StringBuilder.java:131) ~[na:1.8.0_131]
	at com.jpa.hibernate.demo.entity.Rating.toString(Rating.java:55) ~[classes/:na]
	at java.lang.String.valueOf(String.java:2994) ~[na:1.8.0_131]
	at java.lang.StringBuilder.append(StringBuilder.java:131) ~[na:1.8.0_131]
	at java.util.AbstractCollection.toString(AbstractCollection.java:462) ~[na:1.8.0_131]
	at org.hibernate.collection.internal.PersistentBag.toString(PersistentBag.java:510) ~[hibernate-core-5.0.12.Final.jar:5.0.12.Final]
	at java.lang.String.valueOf(String.java:2994) ~[na:1.8.0_131]
	at java.lang.StringBuilder.append(StringBuilder.java:131) ~[na:1.8.0_131]
	at com.jpa.hibernate.demo.entity.Course.toString(Course.java:105) ~[classes/:na]
	at java.lang.String.valueOf(String.java:2994) ~[na:1.8.0_131]
	at java.lang.StringBuilder.append(StringBuilder.java:131) ~[na:1.8.0_131]
	at com.jpa.hibernate.demo.entity.Rating.toString(Rating.java:55) ~[classes/:na]
	at java.lang.String.valueOf(String.java:2994) ~[na:1.8.0_131]
	at java.lang.StringBuilder.append(StringBuilder.java:131) ~[na:1.8.0_131]
	at java.util.AbstractCollection.toString(AbstractCollection.java:462) ~[na:1.8.0_131]
	at org.hibernate.collection.internal.PersistentBag.toString(PersistentBag.java:510) ~[hibernate-core-5.0.12.Final.jar:5.0.12.Final]
	at java.lang.String.valueOf(String.java:2994) ~[na:1.8.0_131]
	at java.lang.StringBuilder.append(StringBuilder.java:131) ~[na:1.8.0_131]
	at com.jpa.hibernate.demo.entity.Course.toString(Course.java:105) ~[classes/:na]
	at java.lang.String.valueOf(String.java:2994) ~[na:1.8.0_131]
	at java.lang.StringBuilder.append(StringBuilder.java:131) ~[na:1.8.0_131]
	at com.jpa.hibernate.demo.entity.Rating.toString(Rating.java:55) ~[classes/:na]
	at java.lang.String.valueOf(String.java:2994) ~[na:1.8.0_131]
	at java.lang.StringBuilder.append(StringBuilder.java:131) ~[na:1.8.0_131]
	at java.util.AbstractCollection.toString(AbstractCollection.java:462) ~[na:1.8.0_131]
	at org.hibernate.collection.internal.PersistentBag.toString(PersistentBag.java:510) ~[hibernate-core-5.0.12.Final.jar:5.0.12.Final]
	at java.lang.String.valueOf(String.java:2994) ~[na:1.8.0_131]
	at java.lang.StringBuilder.append(StringBuilder.java:131) ~[na:1.8.0_131]
	at com.jpa.hibernate.demo.entity.Course.toString(Course.java:105) ~[classes/:na]
	at java.lang.String.valueOf(String.java:2994) ~[na:1.8.0_131]
	at java.lang.StringBuilder.append(StringBuilder.java:131) ~[na:1.8.0_131]
	at com.jpa.hibernate.demo.entity.Rating.toString(Rating.java:55) ~[classes/:na]
	at java.lang.String.valueOf(String.java:2994) ~[na:1.8.0_131]
	at java.lang.StringBuilder.append(StringBuilder.java:131) ~[na:1.8.0_131]
	at java.util.AbstractCollection.toString(AbstractCollection.java:462) ~[na:1.8.0_131]
	at org.hibernate.collection.internal.PersistentBag.toString(PersistentBag.java:510) ~[hibernate-core-5.0.12.Final.jar:5.0.12.Final]
	at java.lang.String.valueOf(String.java:2994) ~[na:1.8.0_131]
	at java.lang.StringBuilder.append(StringBuilder.java:131) ~[na:1.8.0_131]
	at com.jpa.hibernate.demo.entity.Course.toString(Course.java:105) ~[classes/:na]
	at java.lang.String.valueOf(String.java:2994) ~[na:1.8.0_131]
	at java.lang.StringBuilder.append(StringBuilder.java:131) ~[na:1.8.0_131]
	at com.jpa.hibernate.demo.entity.Rating.toString(Rating.java:55) ~[classes/:na]
	at java.lang.String.valueOf(String.java:2994) ~[na:1.8.0_131]
	at java.lang.StringBuilder.append(StringBuilder.java:131) ~[na:1.8.0_131]
	at java.util.AbstractCollection.toString(AbstractCollection.java:462) ~[na:1.8.0_131]
	at org.hibernate.collection.internal.PersistentBag.toString(PersistentBag.java:510) ~[hibernate-core-5.0.12.Final.jar:5.0.12.Final]
	at java.lang.String.valueOf(String.java:2994) ~[na:1.8.0_131]
	at java.lang.StringBuilder.append(StringBuilder.java:131) ~[na:1.8.0_131]

]]></system-out>
    <system-err><![CDATA[Wed Jun 19 12:01:05 IST 2019 WARN: Establishing SSL connection without server's identity verification is not recommended. According to MySQL 5.5.45+, 5.6.26+ and 5.7.6+ requirements SSL connection must be established by default if explicit option isn't set. For compliance with existing applications not using SSL the verifyServerCertificate property is set to 'false'. You need either to explicitly disable SSL by setting useSSL=false, or set useSSL=true and provide truststore for server certificate verification.
Wed Jun 19 12:01:05 IST 2019 WARN: Establishing SSL connection without server's identity verification is not recommended. According to MySQL 5.5.45+, 5.6.26+ and 5.7.6+ requirements SSL connection must be established by default if explicit option isn't set. For compliance with existing applications not using SSL the verifyServerCertificate property is set to 'false'. You need either to explicitly disable SSL by setting useSSL=false, or set useSSL=true and provide truststore for server certificate verification.
Wed Jun 19 12:01:05 IST 2019 WARN: Establishing SSL connection without server's identity verification is not recommended. According to MySQL 5.5.45+, 5.6.26+ and 5.7.6+ requirements SSL connection must be established by default if explicit option isn't set. For compliance with existing applications not using SSL the verifyServerCertificate property is set to 'false'. You need either to explicitly disable SSL by setting useSSL=false, or set useSSL=true and provide truststore for server certificate verification.
Wed Jun 19 12:01:05 IST 2019 WARN: Establishing SSL connection without server's identity verification is not recommended. According to MySQL 5.5.45+, 5.6.26+ and 5.7.6+ requirements SSL connection must be established by default if explicit option isn't set. For compliance with existing applications not using SSL the verifyServerCertificate property is set to 'false'. You need either to explicitly disable SSL by setting useSSL=false, or set useSSL=true and provide truststore for server certificate verification.
Wed Jun 19 12:01:05 IST 2019 WARN: Establishing SSL connection without server's identity verification is not recommended. According to MySQL 5.5.45+, 5.6.26+ and 5.7.6+ requirements SSL connection must be established by default if explicit option isn't set. For compliance with existing applications not using SSL the verifyServerCertificate property is set to 'false'. You need either to explicitly disable SSL by setting useSSL=false, or set useSSL=true and provide truststore for server certificate verification.
Wed Jun 19 12:01:05 IST 2019 WARN: Establishing SSL connection without server's identity verification is not recommended. According to MySQL 5.5.45+, 5.6.26+ and 5.7.6+ requirements SSL connection must be established by default if explicit option isn't set. For compliance with existing applications not using SSL the verifyServerCertificate property is set to 'false'. You need either to explicitly disable SSL by setting useSSL=false, or set useSSL=true and provide truststore for server certificate verification.
Wed Jun 19 12:01:05 IST 2019 WARN: Establishing SSL connection without server's identity verification is not recommended. According to MySQL 5.5.45+, 5.6.26+ and 5.7.6+ requirements SSL connection must be established by default if explicit option isn't set. For compliance with existing applications not using SSL the verifyServerCertificate property is set to 'false'. You need either to explicitly disable SSL by setting useSSL=false, or set useSSL=true and provide truststore for server certificate verification.
Wed Jun 19 12:01:05 IST 2019 WARN: Establishing SSL connection without server's identity verification is not recommended. According to MySQL 5.5.45+, 5.6.26+ and 5.7.6+ requirements SSL connection must be established by default if explicit option isn't set. For compliance with existing applications not using SSL the verifyServerCertificate property is set to 'false'. You need either to explicitly disable SSL by setting useSSL=false, or set useSSL=true and provide truststore for server certificate verification.
Wed Jun 19 12:01:05 IST 2019 WARN: Establishing SSL connection without server's identity verification is not recommended. According to MySQL 5.5.45+, 5.6.26+ and 5.7.6+ requirements SSL connection must be established by default if explicit option isn't set. For compliance with existing applications not using SSL the verifyServerCertificate property is set to 'false'. You need either to explicitly disable SSL by setting useSSL=false, or set useSSL=true and provide truststore for server certificate verification.
Wed Jun 19 12:01:05 IST 2019 WARN: Establishing SSL connection without server's identity verification is not recommended. According to MySQL 5.5.45+, 5.6.26+ and 5.7.6+ requirements SSL connection must be established by default if explicit option isn't set. For compliance with existing applications not using SSL the verifyServerCertificate property is set to 'false'. You need either to explicitly disable SSL by setting useSSL=false, or set useSSL=true and provide truststore for server certificate verification.
]]></system-err>
  </testcase>
  <testcase name="reviewForCourse" classname="com.jpa.hibernate.demo.repo.CourseRepoTest" time="0">
    <error type="java.lang.StackOverflowError">java.lang.StackOverflowError
</error>
    <system-out><![CDATA[
  .   ____          _            __ _ _
 /\\ / ___'_ __ _ _(_)_ __  __ _ \ \ \ \
( ( )\___ | '_ | '_| | '_ \/ _` | \ \ \ \
 \\/  ___)| |_)| | | | | || (_| |  ) ) ) )
  '  |____| .__|_| |_|_| |_\__, | / / / /
 =========|_|==============|___/=/_/_/_/
 :: Spring Boot ::        (v1.5.9.RELEASE)

2019-06-19 12:01:06.472  INFO 6732 --- [           main] c.j.hibernate.demo.repo.CourseRepoTest   : Starting CourseRepoTest on Sudhir with PID 6732 (started by sudha in C:\Users\sudha\Jpa-hibernate-in-depth\jpa-hibernate)
2019-06-19 12:01:06.473  INFO 6732 --- [           main] c.j.hibernate.demo.repo.CourseRepoTest   : No active profile set, falling back to default profiles: default
2019-06-19 12:01:06.474  INFO 6732 --- [           main] o.s.w.c.s.GenericWebApplicationContext   : Refreshing org.springframework.web.context.support.GenericWebApplicationContext@2ac3d530: startup date [Wed Jun 19 12:01:06 IST 2019]; root of context hierarchy
2019-06-19 12:01:07.135  INFO 6732 --- [           main] j.LocalContainerEntityManagerFactoryBean : Building JPA container EntityManagerFactory for persistence unit 'default'
2019-06-19 12:01:07.136  INFO 6732 --- [           main] o.hibernate.jpa.internal.util.LogHelper  : HHH000204: Processing PersistenceUnitInfo [
	name: default
	...]
2019-06-19 12:01:07.141  INFO 6732 --- [           main] org.hibernate.dialect.Dialect            : HHH000400: Using dialect: org.hibernate.dialect.MySQL5Dialect
2019-06-19 12:01:07.225  INFO 6732 --- [           main] o.h.h.i.QueryTranslatorFactoryInitiator  : HHH000397: Using ASTQueryTranslatorFactory
2019-06-19 12:01:07.231  INFO 6732 --- [           main] j.LocalContainerEntityManagerFactoryBean : Initialized JPA EntityManagerFactory for persistence unit 'default'
2019-06-19 12:01:07.577  INFO 6732 --- [           main] s.w.s.m.m.a.RequestMappingHandlerAdapter : Looking for @ControllerAdvice: org.springframework.web.context.support.GenericWebApplicationContext@2ac3d530: startup date [Wed Jun 19 12:01:06 IST 2019]; root of context hierarchy
2019-06-19 12:01:07.598  INFO 6732 --- [           main] s.w.s.m.m.a.RequestMappingHandlerMapping : Mapped "{[/error]}" onto public org.springframework.http.ResponseEntity<java.util.Map<java.lang.String, java.lang.Object>> org.springframework.boot.autoconfigure.web.BasicErrorController.error(javax.servlet.http.HttpServletRequest)
2019-06-19 12:01:07.599  INFO 6732 --- [           main] s.w.s.m.m.a.RequestMappingHandlerMapping : Mapped "{[/error],produces=[text/html]}" onto public org.springframework.web.servlet.ModelAndView org.springframework.boot.autoconfigure.web.BasicErrorController.errorHtml(javax.servlet.http.HttpServletRequest,javax.servlet.http.HttpServletResponse)
2019-06-19 12:01:07.637  INFO 6732 --- [           main] o.s.w.s.handler.SimpleUrlHandlerMapping  : Mapped URL path [/webjars/**] onto handler of type [class org.springframework.web.servlet.resource.ResourceHttpRequestHandler]
2019-06-19 12:01:07.637  INFO 6732 --- [           main] o.s.w.s.handler.SimpleUrlHandlerMapping  : Mapped URL path [/**] onto handler of type [class org.springframework.web.servlet.resource.ResourceHttpRequestHandler]
2019-06-19 12:01:07.665  INFO 6732 --- [           main] o.s.w.s.handler.SimpleUrlHandlerMapping  : Mapped URL path [/**/favicon.ico] onto handler of type [class org.springframework.web.servlet.resource.ResourceHttpRequestHandler]
Hibernate: select course0_.id as id1_0_0_, course0_.address as address2_0_0_, course0_.contact as contact3_0_0_, course0_.email as email4_0_0_, course0_.name as name5_0_0_ from course course0_ where course0_.id=?
Hibernate: select rating0_.course_id as course_i4_3_0_, rating0_.id as id1_3_0_, rating0_.id as id1_3_1_, rating0_.course_id as course_i4_3_1_, rating0_.description as descript2_3_1_, rating0_.rating as rating3_3_1_ from review rating0_ where rating0_.course_id=?
2019-06-19 12:01:07.829  INFO 6732 --- [           main] utoConfigurationReportLoggingInitializer : 

Error starting ApplicationContext. To display the auto-configuration report re-run your application with 'debug' enabled.
2019-06-19 12:01:07.834 ERROR 6732 --- [           main] o.s.boot.SpringApplication               : Application startup failed

java.lang.StackOverflowError: null
	at java.util.AbstractCollection.toString(AbstractCollection.java:454) ~[na:1.8.0_131]
	at org.hibernate.collection.internal.PersistentBag.toString(PersistentBag.java:510) ~[hibernate-core-5.0.12.Final.jar:5.0.12.Final]
	at java.lang.String.valueOf(String.java:2994) ~[na:1.8.0_131]
	at java.lang.StringBuilder.append(StringBuilder.java:131) ~[na:1.8.0_131]
	at com.jpa.hibernate.demo.entity.Course.toString(Course.java:105) ~[classes/:na]
	at java.lang.String.valueOf(String.java:2994) ~[na:1.8.0_131]
	at java.lang.StringBuilder.append(StringBuilder.java:131) ~[na:1.8.0_131]
	at com.jpa.hibernate.demo.entity.Rating.toString(Rating.java:55) ~[classes/:na]
	at java.lang.String.valueOf(String.java:2994) ~[na:1.8.0_131]
	at java.lang.StringBuilder.append(StringBuilder.java:131) ~[na:1.8.0_131]
	at java.util.AbstractCollection.toString(AbstractCollection.java:462) ~[na:1.8.0_131]
	at org.hibernate.collection.internal.PersistentBag.toString(PersistentBag.java:510) ~[hibernate-core-5.0.12.Final.jar:5.0.12.Final]
	at java.lang.String.valueOf(String.java:2994) ~[na:1.8.0_131]
	at java.lang.StringBuilder.append(StringBuilder.java:131) ~[na:1.8.0_131]
	at com.jpa.hibernate.demo.entity.Course.toString(Course.java:105) ~[classes/:na]
	at java.lang.String.valueOf(String.java:2994) ~[na:1.8.0_131]
	at java.lang.StringBuilder.append(StringBuilder.java:131) ~[na:1.8.0_131]
	at com.jpa.hibernate.demo.entity.Rating.toString(Rating.java:55) ~[classes/:na]
	at java.lang.String.valueOf(String.java:2994) ~[na:1.8.0_131]
	at java.lang.StringBuilder.append(StringBuilder.java:131) ~[na:1.8.0_131]
	at java.util.AbstractCollection.toString(AbstractCollection.java:462) ~[na:1.8.0_131]
	at org.hibernate.collection.internal.PersistentBag.toString(PersistentBag.java:510) ~[hibernate-core-5.0.12.Final.jar:5.0.12.Final]
	at java.lang.String.valueOf(String.java:2994) ~[na:1.8.0_131]
	at java.lang.StringBuilder.append(StringBuilder.java:131) ~[na:1.8.0_131]
	at com.jpa.hibernate.demo.entity.Course.toString(Course.java:105) ~[classes/:na]
	at java.lang.String.valueOf(String.java:2994) ~[na:1.8.0_131]
	at java.lang.StringBuilder.append(StringBuilder.java:131) ~[na:1.8.0_131]
	at com.jpa.hibernate.demo.entity.Rating.toString(Rating.java:55) ~[classes/:na]
	at java.lang.String.valueOf(String.java:2994) ~[na:1.8.0_131]
	at java.lang.StringBuilder.append(StringBuilder.java:131) ~[na:1.8.0_131]
	at java.util.AbstractCollection.toString(AbstractCollection.java:462) ~[na:1.8.0_131]
	at org.hibernate.collection.internal.PersistentBag.toString(PersistentBag.java:510) ~[hibernate-core-5.0.12.Final.jar:5.0.12.Final]
	at java.lang.String.valueOf(String.java:2994) ~[na:1.8.0_131]
	at java.lang.StringBuilder.append(StringBuilder.java:131) ~[na:1.8.0_131]
	at com.jpa.hibernate.demo.entity.Course.toString(Course.java:105) ~[classes/:na]
	at java.lang.String.valueOf(String.java:2994) ~[na:1.8.0_131]
	at java.lang.StringBuilder.append(StringBuilder.java:131) ~[na:1.8.0_131]
	at com.jpa.hibernate.demo.entity.Rating.toString(Rating.java:55) ~[classes/:na]
	at java.lang.String.valueOf(String.java:2994) ~[na:1.8.0_131]
	at java.lang.StringBuilder.append(StringBuilder.java:131) ~[na:1.8.0_131]
	at java.util.AbstractCollection.toString(AbstractCollection.java:462) ~[na:1.8.0_131]
	at org.hibernate.collection.internal.PersistentBag.toString(PersistentBag.java:510) ~[hibernate-core-5.0.12.Final.jar:5.0.12.Final]
	at java.lang.String.valueOf(String.java:2994) ~[na:1.8.0_131]
	at java.lang.StringBuilder.append(StringBuilder.java:131) ~[na:1.8.0_131]
	at com.jpa.hibernate.demo.entity.Course.toString(Course.java:105) ~[classes/:na]
	at java.lang.String.valueOf(String.java:2994) ~[na:1.8.0_131]
	at java.lang.StringBuilder.append(StringBuilder.java:131) ~[na:1.8.0_131]
	at com.jpa.hibernate.demo.entity.Rating.toString(Rating.java:55) ~[classes/:na]
	at java.lang.String.valueOf(String.java:2994) ~[na:1.8.0_131]
	at java.lang.StringBuilder.append(StringBuilder.java:131) ~[na:1.8.0_131]
	at java.util.AbstractCollection.toString(AbstractCollection.java:462) ~[na:1.8.0_131]
	at org.hibernate.collection.internal.PersistentBag.toString(PersistentBag.java:510) ~[hibernate-core-5.0.12.Final.jar:5.0.12.Final]
	at java.lang.String.valueOf(String.java:2994) ~[na:1.8.0_131]
	at java.lang.StringBuilder.append(StringBuilder.java:131) ~[na:1.8.0_131]
	at com.jpa.hibernate.demo.entity.Course.toString(Course.java:105) ~[classes/:na]
	at java.lang.String.valueOf(String.java:2994) ~[na:1.8.0_131]
	at java.lang.StringBuilder.append(StringBuilder.java:131) ~[na:1.8.0_131]
	at com.jpa.hibernate.demo.entity.Rating.toString(Rating.java:55) ~[classes/:na]
	at java.lang.String.valueOf(String.java:2994) ~[na:1.8.0_131]
	at java.lang.StringBuilder.append(StringBuilder.java:131) ~[na:1.8.0_131]
	at java.util.AbstractCollection.toString(AbstractCollection.java:462) ~[na:1.8.0_131]
	at org.hibernate.collection.internal.PersistentBag.toString(PersistentBag.java:510) ~[hibernate-core-5.0.12.Final.jar:5.0.12.Final]
	at java.lang.String.valueOf(String.java:2994) ~[na:1.8.0_131]
	at java.lang.StringBuilder.append(StringBuilder.java:131) ~[na:1.8.0_131]
	at com.jpa.hibernate.demo.entity.Course.toString(Course.java:105) ~[classes/:na]
	at java.lang.String.valueOf(String.java:2994) ~[na:1.8.0_131]
	at java.lang.StringBuilder.append(StringBuilder.java:131) ~[na:1.8.0_131]
	at com.jpa.hibernate.demo.entity.Rating.toString(Rating.java:55) ~[classes/:na]
	at java.lang.String.valueOf(String.java:2994) ~[na:1.8.0_131]
	at java.lang.StringBuilder.append(StringBuilder.java:131) ~[na:1.8.0_131]
	at java.util.AbstractCollection.toString(AbstractCollection.java:462) ~[na:1.8.0_131]
	at org.hibernate.collection.internal.PersistentBag.toString(PersistentBag.java:510) ~[hibernate-core-5.0.12.Final.jar:5.0.12.Final]
	at java.lang.String.valueOf(String.java:2994) ~[na:1.8.0_131]
	at java.lang.StringBuilder.append(StringBuilder.java:131) ~[na:1.8.0_131]
	at com.jpa.hibernate.demo.entity.Course.toString(Course.java:105) ~[classes/:na]
	at java.lang.String.valueOf(String.java:2994) ~[na:1.8.0_131]
	at java.lang.StringBuilder.append(StringBuilder.java:131) ~[na:1.8.0_131]
	at com.jpa.hibernate.demo.entity.Rating.toString(Rating.java:55) ~[classes/:na]
	at java.lang.String.valueOf(String.java:2994) ~[na:1.8.0_131]
	at java.lang.StringBuilder.append(StringBuilder.java:131) ~[na:1.8.0_131]
	at java.util.AbstractCollection.toString(AbstractCollection.java:462) ~[na:1.8.0_131]
	at org.hibernate.collection.internal.PersistentBag.toString(PersistentBag.java:510) ~[hibernate-core-5.0.12.Final.jar:5.0.12.Final]
	at java.lang.String.valueOf(String.java:2994) ~[na:1.8.0_131]
	at java.lang.StringBuilder.append(StringBuilder.java:131) ~[na:1.8.0_131]
	at com.jpa.hibernate.demo.entity.Course.toString(Course.java:105) ~[classes/:na]
	at java.lang.String.valueOf(String.java:2994) ~[na:1.8.0_131]
	at java.lang.StringBuilder.append(StringBuilder.java:131) ~[na:1.8.0_131]
	at com.jpa.hibernate.demo.entity.Rating.toString(Rating.java:55) ~[classes/:na]
	at java.lang.String.valueOf(String.java:2994) ~[na:1.8.0_131]
	at java.lang.StringBuilder.append(StringBuilder.java:131) ~[na:1.8.0_131]
	at java.util.AbstractCollection.toString(AbstractCollection.java:462) ~[na:1.8.0_131]
	at org.hibernate.collection.internal.PersistentBag.toString(PersistentBag.java:510) ~[hibernate-core-5.0.12.Final.jar:5.0.12.Final]
	at java.lang.String.valueOf(String.java:2994) ~[na:1.8.0_131]
	at java.lang.StringBuilder.append(StringBuilder.java:131) ~[na:1.8.0_131]
	at com.jpa.hibernate.demo.entity.Course.toString(Course.java:105) ~[classes/:na]
	at java.lang.String.valueOf(String.java:2994) ~[na:1.8.0_131]
	at java.lang.StringBuilder.append(StringBuilder.java:131) ~[na:1.8.0_131]
	at com.jpa.hibernate.demo.entity.Rating.toString(Rating.java:55) ~[classes/:na]
	at java.lang.String.valueOf(String.java:2994) ~[na:1.8.0_131]
	at java.lang.StringBuilder.append(StringBuilder.java:131) ~[na:1.8.0_131]
	at java.util.AbstractCollection.toString(AbstractCollection.java:462) ~[na:1.8.0_131]
	at org.hibernate.collection.internal.PersistentBag.toString(PersistentBag.java:510) ~[hibernate-core-5.0.12.Final.jar:5.0.12.Final]
	at java.lang.String.valueOf(String.java:2994) ~[na:1.8.0_131]
	at java.lang.StringBuilder.append(StringBuilder.java:131) ~[na:1.8.0_131]
	at com.jpa.hibernate.demo.entity.Course.toString(Course.java:105) ~[classes/:na]
	at java.lang.String.valueOf(String.java:2994) ~[na:1.8.0_131]
	at java.lang.StringBuilder.append(StringBuilder.java:131) ~[na:1.8.0_131]
	at com.jpa.hibernate.demo.entity.Rating.toString(Rating.java:55) ~[classes/:na]
	at java.lang.String.valueOf(String.java:2994) ~[na:1.8.0_131]
	at java.lang.StringBuilder.append(StringBuilder.java:131) ~[na:1.8.0_131]
	at java.util.AbstractCollection.toString(AbstractCollection.java:462) ~[na:1.8.0_131]
	at org.hibernate.collection.internal.PersistentBag.toString(PersistentBag.java:510) ~[hibernate-core-5.0.12.Final.jar:5.0.12.Final]
	at java.lang.String.valueOf(String.java:2994) ~[na:1.8.0_131]
	at java.lang.StringBuilder.append(StringBuilder.java:131) ~[na:1.8.0_131]
	at com.jpa.hibernate.demo.entity.Course.toString(Course.java:105) ~[classes/:na]
	at java.lang.String.valueOf(String.java:2994) ~[na:1.8.0_131]
	at java.lang.StringBuilder.append(StringBuilder.java:131) ~[na:1.8.0_131]
	at com.jpa.hibernate.demo.entity.Rating.toString(Rating.java:55) ~[classes/:na]
	at java.lang.String.valueOf(String.java:2994) ~[na:1.8.0_131]
	at java.lang.StringBuilder.append(StringBuilder.java:131) ~[na:1.8.0_131]
	at java.util.AbstractCollection.toString(AbstractCollection.java:462) ~[na:1.8.0_131]
	at org.hibernate.collection.internal.PersistentBag.toString(PersistentBag.java:510) ~[hibernate-core-5.0.12.Final.jar:5.0.12.Final]
	at java.lang.String.valueOf(String.java:2994) ~[na:1.8.0_131]
	at java.lang.StringBuilder.append(StringBuilder.java:131) ~[na:1.8.0_131]
	at com.jpa.hibernate.demo.entity.Course.toString(Course.java:105) ~[classes/:na]
	at java.lang.String.valueOf(String.java:2994) ~[na:1.8.0_131]
	at java.lang.StringBuilder.append(StringBuilder.java:131) ~[na:1.8.0_131]
	at com.jpa.hibernate.demo.entity.Rating.toString(Rating.java:55) ~[classes/:na]
	at java.lang.String.valueOf(String.java:2994) ~[na:1.8.0_131]
	at java.lang.StringBuilder.append(StringBuilder.java:131) ~[na:1.8.0_131]
	at java.util.AbstractCollection.toString(AbstractCollection.java:462) ~[na:1.8.0_131]
	at org.hibernate.collection.internal.PersistentBag.toString(PersistentBag.java:510) ~[hibernate-core-5.0.12.Final.jar:5.0.12.Final]
	at java.lang.String.valueOf(String.java:2994) ~[na:1.8.0_131]
	at java.lang.StringBuilder.append(StringBuilder.java:131) ~[na:1.8.0_131]
	at com.jpa.hibernate.demo.entity.Course.toString(Course.java:105) ~[classes/:na]
	at java.lang.String.valueOf(String.java:2994) ~[na:1.8.0_131]
	at java.lang.StringBuilder.append(StringBuilder.java:131) ~[na:1.8.0_131]
	at com.jpa.hibernate.demo.entity.Rating.toString(Rating.java:55) ~[classes/:na]
	at java.lang.String.valueOf(String.java:2994) ~[na:1.8.0_131]
	at java.lang.StringBuilder.append(StringBuilder.java:131) ~[na:1.8.0_131]
	at java.util.AbstractCollection.toString(AbstractCollection.java:462) ~[na:1.8.0_131]
	at org.hibernate.collection.internal.PersistentBag.toString(PersistentBag.java:510) ~[hibernate-core-5.0.12.Final.jar:5.0.12.Final]
	at java.lang.String.valueOf(String.java:2994) ~[na:1.8.0_131]
	at java.lang.StringBuilder.append(StringBuilder.java:131) ~[na:1.8.0_131]
	at com.jpa.hibernate.demo.entity.Course.toString(Course.java:105) ~[classes/:na]
	at java.lang.String.valueOf(String.java:2994) ~[na:1.8.0_131]
	at java.lang.StringBuilder.append(StringBuilder.java:131) ~[na:1.8.0_131]
	at com.jpa.hibernate.demo.entity.Rating.toString(Rating.java:55) ~[classes/:na]
	at java.lang.String.valueOf(String.java:2994) ~[na:1.8.0_131]
	at java.lang.StringBuilder.append(StringBuilder.java:131) ~[na:1.8.0_131]
	at java.util.AbstractCollection.toString(AbstractCollection.java:462) ~[na:1.8.0_131]
	at org.hibernate.collection.internal.PersistentBag.toString(PersistentBag.java:510) ~[hibernate-core-5.0.12.Final.jar:5.0.12.Final]
	at java.lang.String.valueOf(String.java:2994) ~[na:1.8.0_131]
	at java.lang.StringBuilder.append(StringBuilder.java:131) ~[na:1.8.0_131]
	at com.jpa.hibernate.demo.entity.Course.toString(Course.java:105) ~[classes/:na]
	at java.lang.String.valueOf(String.java:2994) ~[na:1.8.0_131]
	at java.lang.StringBuilder.append(StringBuilder.java:131) ~[na:1.8.0_131]
	at com.jpa.hibernate.demo.entity.Rating.toString(Rating.java:55) ~[classes/:na]
	at java.lang.String.valueOf(String.java:2994) ~[na:1.8.0_131]
	at java.lang.StringBuilder.append(StringBuilder.java:131) ~[na:1.8.0_131]
	at java.util.AbstractCollection.toString(AbstractCollection.java:462) ~[na:1.8.0_131]
	at org.hibernate.collection.internal.PersistentBag.toString(PersistentBag.java:510) ~[hibernate-core-5.0.12.Final.jar:5.0.12.Final]
	at java.lang.String.valueOf(String.java:2994) ~[na:1.8.0_131]
	at java.lang.StringBuilder.append(StringBuilder.java:131) ~[na:1.8.0_131]
	at com.jpa.hibernate.demo.entity.Course.toString(Course.java:105) ~[classes/:na]
	at java.lang.String.valueOf(String.java:2994) ~[na:1.8.0_131]
	at java.lang.StringBuilder.append(StringBuilder.java:131) ~[na:1.8.0_131]
	at com.jpa.hibernate.demo.entity.Rating.toString(Rating.java:55) ~[classes/:na]
	at java.lang.String.valueOf(String.java:2994) ~[na:1.8.0_131]
	at java.lang.StringBuilder.append(StringBuilder.java:131) ~[na:1.8.0_131]
	at java.util.AbstractCollection.toString(AbstractCollection.java:462) ~[na:1.8.0_131]
	at org.hibernate.collection.internal.PersistentBag.toString(PersistentBag.java:510) ~[hibernate-core-5.0.12.Final.jar:5.0.12.Final]
	at java.lang.String.valueOf(String.java:2994) ~[na:1.8.0_131]
	at java.lang.StringBuilder.append(StringBuilder.java:131) ~[na:1.8.0_131]
	at com.jpa.hibernate.demo.entity.Course.toString(Course.java:105) ~[classes/:na]
	at java.lang.String.valueOf(String.java:2994) ~[na:1.8.0_131]
	at java.lang.StringBuilder.append(StringBuilder.java:131) ~[na:1.8.0_131]
	at com.jpa.hibernate.demo.entity.Rating.toString(Rating.java:55) ~[classes/:na]
	at java.lang.String.valueOf(String.java:2994) ~[na:1.8.0_131]
	at java.lang.StringBuilder.append(StringBuilder.java:131) ~[na:1.8.0_131]
	at java.util.AbstractCollection.toString(AbstractCollection.java:462) ~[na:1.8.0_131]
	at org.hibernate.collection.internal.PersistentBag.toString(PersistentBag.java:510) ~[hibernate-core-5.0.12.Final.jar:5.0.12.Final]
	at java.lang.String.valueOf(String.java:2994) ~[na:1.8.0_131]
	at java.lang.StringBuilder.append(StringBuilder.java:131) ~[na:1.8.0_131]
	at com.jpa.hibernate.demo.entity.Course.toString(Course.java:105) ~[classes/:na]
	at java.lang.String.valueOf(String.java:2994) ~[na:1.8.0_131]
	at java.lang.StringBuilder.append(StringBuilder.java:131) ~[na:1.8.0_131]
	at com.jpa.hibernate.demo.entity.Rating.toString(Rating.java:55) ~[classes/:na]
	at java.lang.String.valueOf(String.java:2994) ~[na:1.8.0_131]
	at java.lang.StringBuilder.append(StringBuilder.java:131) ~[na:1.8.0_131]
	at java.util.AbstractCollection.toString(AbstractCollection.java:462) ~[na:1.8.0_131]
	at org.hibernate.collection.internal.PersistentBag.toString(PersistentBag.java:510) ~[hibernate-core-5.0.12.Final.jar:5.0.12.Final]
	at java.lang.String.valueOf(String.java:2994) ~[na:1.8.0_131]
	at java.lang.StringBuilder.append(StringBuilder.java:131) ~[na:1.8.0_131]
	at com.jpa.hibernate.demo.entity.Course.toString(Course.java:105) ~[classes/:na]
	at java.lang.String.valueOf(String.java:2994) ~[na:1.8.0_131]
	at java.lang.StringBuilder.append(StringBuilder.java:131) ~[na:1.8.0_131]
	at com.jpa.hibernate.demo.entity.Rating.toString(Rating.java:55) ~[classes/:na]
	at java.lang.String.valueOf(String.java:2994) ~[na:1.8.0_131]
	at java.lang.StringBuilder.append(StringBuilder.java:131) ~[na:1.8.0_131]
	at java.util.AbstractCollection.toString(AbstractCollection.java:462) ~[na:1.8.0_131]
	at org.hibernate.collection.internal.PersistentBag.toString(PersistentBag.java:510) ~[hibernate-core-5.0.12.Final.jar:5.0.12.Final]
	at java.lang.String.valueOf(String.java:2994) ~[na:1.8.0_131]
	at java.lang.StringBuilder.append(StringBuilder.java:131) ~[na:1.8.0_131]
	at com.jpa.hibernate.demo.entity.Course.toString(Course.java:105) ~[classes/:na]
	at java.lang.String.valueOf(String.java:2994) ~[na:1.8.0_131]
	at java.lang.StringBuilder.append(StringBuilder.java:131) ~[na:1.8.0_131]
	at com.jpa.hibernate.demo.entity.Rating.toString(Rating.java:55) ~[classes/:na]
	at java.lang.String.valueOf(String.java:2994) ~[na:1.8.0_131]
	at java.lang.StringBuilder.append(StringBuilder.java:131) ~[na:1.8.0_131]
	at java.util.AbstractCollection.toString(AbstractCollection.java:462) ~[na:1.8.0_131]
	at org.hibernate.collection.internal.PersistentBag.toString(PersistentBag.java:510) ~[hibernate-core-5.0.12.Final.jar:5.0.12.Final]
	at java.lang.String.valueOf(String.java:2994) ~[na:1.8.0_131]
	at java.lang.StringBuilder.append(StringBuilder.java:131) ~[na:1.8.0_131]
	at com.jpa.hibernate.demo.entity.Course.toString(Course.java:105) ~[classes/:na]
	at java.lang.String.valueOf(String.java:2994) ~[na:1.8.0_131]
	at java.lang.StringBuilder.append(StringBuilder.java:131) ~[na:1.8.0_131]
	at com.jpa.hibernate.demo.entity.Rating.toString(Rating.java:55) ~[classes/:na]
	at java.lang.String.valueOf(String.java:2994) ~[na:1.8.0_131]
	at java.lang.StringBuilder.append(StringBuilder.java:131) ~[na:1.8.0_131]
	at java.util.AbstractCollection.toString(AbstractCollection.java:462) ~[na:1.8.0_131]
	at org.hibernate.collection.internal.PersistentBag.toString(PersistentBag.java:510) ~[hibernate-core-5.0.12.Final.jar:5.0.12.Final]
	at java.lang.String.valueOf(String.java:2994) ~[na:1.8.0_131]
	at java.lang.StringBuilder.append(StringBuilder.java:131) ~[na:1.8.0_131]
	at com.jpa.hibernate.demo.entity.Course.toString(Course.java:105) ~[classes/:na]
	at java.lang.String.valueOf(String.java:2994) ~[na:1.8.0_131]
	at java.lang.StringBuilder.append(StringBuilder.java:131) ~[na:1.8.0_131]
	at com.jpa.hibernate.demo.entity.Rating.toString(Rating.java:55) ~[classes/:na]
	at java.lang.String.valueOf(String.java:2994) ~[na:1.8.0_131]
	at java.lang.StringBuilder.append(StringBuilder.java:131) ~[na:1.8.0_131]
	at java.util.AbstractCollection.toString(AbstractCollection.java:462) ~[na:1.8.0_131]
	at org.hibernate.collection.internal.PersistentBag.toString(PersistentBag.java:510) ~[hibernate-core-5.0.12.Final.jar:5.0.12.Final]
	at java.lang.String.valueOf(String.java:2994) ~[na:1.8.0_131]
	at java.lang.StringBuilder.append(StringBuilder.java:131) ~[na:1.8.0_131]
	at com.jpa.hibernate.demo.entity.Course.toString(Course.java:105) ~[classes/:na]
	at java.lang.String.valueOf(String.java:2994) ~[na:1.8.0_131]
	at java.lang.StringBuilder.append(StringBuilder.java:131) ~[na:1.8.0_131]
	at com.jpa.hibernate.demo.entity.Rating.toString(Rating.java:55) ~[classes/:na]
	at java.lang.String.valueOf(String.java:2994) ~[na:1.8.0_131]
	at java.lang.StringBuilder.append(StringBuilder.java:131) ~[na:1.8.0_131]
	at java.util.AbstractCollection.toString(AbstractCollection.java:462) ~[na:1.8.0_131]
	at org.hibernate.collection.internal.PersistentBag.toString(PersistentBag.java:510) ~[hibernate-core-5.0.12.Final.jar:5.0.12.Final]
	at java.lang.String.valueOf(String.java:2994) ~[na:1.8.0_131]
	at java.lang.StringBuilder.append(StringBuilder.java:131) ~[na:1.8.0_131]
	at com.jpa.hibernate.demo.entity.Course.toString(Course.java:105) ~[classes/:na]
	at java.lang.String.valueOf(String.java:2994) ~[na:1.8.0_131]
	at java.lang.StringBuilder.append(StringBuilder.java:131) ~[na:1.8.0_131]
	at com.jpa.hibernate.demo.entity.Rating.toString(Rating.java:55) ~[classes/:na]
	at java.lang.String.valueOf(String.java:2994) ~[na:1.8.0_131]
	at java.lang.StringBuilder.append(StringBuilder.java:131) ~[na:1.8.0_131]
	at java.util.AbstractCollection.toString(AbstractCollection.java:462) ~[na:1.8.0_131]
	at org.hibernate.collection.internal.PersistentBag.toString(PersistentBag.java:510) ~[hibernate-core-5.0.12.Final.jar:5.0.12.Final]
	at java.lang.String.valueOf(String.java:2994) ~[na:1.8.0_131]
	at java.lang.StringBuilder.append(StringBuilder.java:131) ~[na:1.8.0_131]
	at com.jpa.hibernate.demo.entity.Course.toString(Course.java:105) ~[classes/:na]
	at java.lang.String.valueOf(String.java:2994) ~[na:1.8.0_131]
	at java.lang.StringBuilder.append(StringBuilder.java:131) ~[na:1.8.0_131]
	at com.jpa.hibernate.demo.entity.Rating.toString(Rating.java:55) ~[classes/:na]
	at java.lang.String.valueOf(String.java:2994) ~[na:1.8.0_131]
	at java.lang.StringBuilder.append(StringBuilder.java:131) ~[na:1.8.0_131]
	at java.util.AbstractCollection.toString(AbstractCollection.java:462) ~[na:1.8.0_131]
	at org.hibernate.collection.internal.PersistentBag.toString(PersistentBag.java:510) ~[hibernate-core-5.0.12.Final.jar:5.0.12.Final]
	at java.lang.String.valueOf(String.java:2994) ~[na:1.8.0_131]
	at java.lang.StringBuilder.append(StringBuilder.java:131) ~[na:1.8.0_131]
	at com.jpa.hibernate.demo.entity.Course.toString(Course.java:105) ~[classes/:na]
	at java.lang.String.valueOf(String.java:2994) ~[na:1.8.0_131]
	at java.lang.StringBuilder.append(StringBuilder.java:131) ~[na:1.8.0_131]
	at com.jpa.hibernate.demo.entity.Rating.toString(Rating.java:55) ~[classes/:na]
	at java.lang.String.valueOf(String.java:2994) ~[na:1.8.0_131]
	at java.lang.StringBuilder.append(StringBuilder.java:131) ~[na:1.8.0_131]
	at java.util.AbstractCollection.toString(AbstractCollection.java:462) ~[na:1.8.0_131]
	at org.hibernate.collection.internal.PersistentBag.toString(PersistentBag.java:510) ~[hibernate-core-5.0.12.Final.jar:5.0.12.Final]
	at java.lang.String.valueOf(String.java:2994) ~[na:1.8.0_131]
	at java.lang.StringBuilder.append(StringBuilder.java:131) ~[na:1.8.0_131]
	at com.jpa.hibernate.demo.entity.Course.toString(Course.java:105) ~[classes/:na]
	at java.lang.String.valueOf(String.java:2994) ~[na:1.8.0_131]
	at java.lang.StringBuilder.append(StringBuilder.java:131) ~[na:1.8.0_131]
	at com.jpa.hibernate.demo.entity.Rating.toString(Rating.java:55) ~[classes/:na]
	at java.lang.String.valueOf(String.java:2994) ~[na:1.8.0_131]
	at java.lang.StringBuilder.append(StringBuilder.java:131) ~[na:1.8.0_131]
	at java.util.AbstractCollection.toString(AbstractCollection.java:462) ~[na:1.8.0_131]
	at org.hibernate.collection.internal.PersistentBag.toString(PersistentBag.java:510) ~[hibernate-core-5.0.12.Final.jar:5.0.12.Final]
	at java.lang.String.valueOf(String.java:2994) ~[na:1.8.0_131]
	at java.lang.StringBuilder.append(StringBuilder.java:131) ~[na:1.8.0_131]
	at com.jpa.hibernate.demo.entity.Course.toString(Course.java:105) ~[classes/:na]
	at java.lang.String.valueOf(String.java:2994) ~[na:1.8.0_131]
	at java.lang.StringBuilder.append(StringBuilder.java:131) ~[na:1.8.0_131]
	at com.jpa.hibernate.demo.entity.Rating.toString(Rating.java:55) ~[classes/:na]
	at java.lang.String.valueOf(String.java:2994) ~[na:1.8.0_131]
	at java.lang.StringBuilder.append(StringBuilder.java:131) ~[na:1.8.0_131]
	at java.util.AbstractCollection.toString(AbstractCollection.java:462) ~[na:1.8.0_131]
	at org.hibernate.collection.internal.PersistentBag.toString(PersistentBag.java:510) ~[hibernate-core-5.0.12.Final.jar:5.0.12.Final]
	at java.lang.String.valueOf(String.java:2994) ~[na:1.8.0_131]
	at java.lang.StringBuilder.append(StringBuilder.java:131) ~[na:1.8.0_131]
	at com.jpa.hibernate.demo.entity.Course.toString(Course.java:105) ~[classes/:na]
	at java.lang.String.valueOf(String.java:2994) ~[na:1.8.0_131]
	at java.lang.StringBuilder.append(StringBuilder.java:131) ~[na:1.8.0_131]
	at com.jpa.hibernate.demo.entity.Rating.toString(Rating.java:55) ~[classes/:na]
	at java.lang.String.valueOf(String.java:2994) ~[na:1.8.0_131]
	at java.lang.StringBuilder.append(StringBuilder.java:131) ~[na:1.8.0_131]
	at java.util.AbstractCollection.toString(AbstractCollection.java:462) ~[na:1.8.0_131]
	at org.hibernate.collection.internal.PersistentBag.toString(PersistentBag.java:510) ~[hibernate-core-5.0.12.Final.jar:5.0.12.Final]
	at java.lang.String.valueOf(String.java:2994) ~[na:1.8.0_131]
	at java.lang.StringBuilder.append(StringBuilder.java:131) ~[na:1.8.0_131]
	at com.jpa.hibernate.demo.entity.Course.toString(Course.java:105) ~[classes/:na]
	at java.lang.String.valueOf(String.java:2994) ~[na:1.8.0_131]
	at java.lang.StringBuilder.append(StringBuilder.java:131) ~[na:1.8.0_131]
	at com.jpa.hibernate.demo.entity.Rating.toString(Rating.java:55) ~[classes/:na]
	at java.lang.String.valueOf(String.java:2994) ~[na:1.8.0_131]
	at java.lang.StringBuilder.append(StringBuilder.java:131) ~[na:1.8.0_131]
	at java.util.AbstractCollection.toString(AbstractCollection.java:462) ~[na:1.8.0_131]
	at org.hibernate.collection.internal.PersistentBag.toString(PersistentBag.java:510) ~[hibernate-core-5.0.12.Final.jar:5.0.12.Final]
	at java.lang.String.valueOf(String.java:2994) ~[na:1.8.0_131]
	at java.lang.StringBuilder.append(StringBuilder.java:131) ~[na:1.8.0_131]
	at com.jpa.hibernate.demo.entity.Course.toString(Course.java:105) ~[classes/:na]
	at java.lang.String.valueOf(String.java:2994) ~[na:1.8.0_131]
	at java.lang.StringBuilder.append(StringBuilder.java:131) ~[na:1.8.0_131]
	at com.jpa.hibernate.demo.entity.Rating.toString(Rating.java:55) ~[classes/:na]
	at java.lang.String.valueOf(String.java:2994) ~[na:1.8.0_131]
	at java.lang.StringBuilder.append(StringBuilder.java:131) ~[na:1.8.0_131]
	at java.util.AbstractCollection.toString(AbstractCollection.java:462) ~[na:1.8.0_131]
	at org.hibernate.collection.internal.PersistentBag.toString(PersistentBag.java:510) ~[hibernate-core-5.0.12.Final.jar:5.0.12.Final]
	at java.lang.String.valueOf(String.java:2994) ~[na:1.8.0_131]
	at java.lang.StringBuilder.append(StringBuilder.java:131) ~[na:1.8.0_131]
	at com.jpa.hibernate.demo.entity.Course.toString(Course.java:105) ~[classes/:na]
	at java.lang.String.valueOf(String.java:2994) ~[na:1.8.0_131]
	at java.lang.StringBuilder.append(StringBuilder.java:131) ~[na:1.8.0_131]
	at com.jpa.hibernate.demo.entity.Rating.toString(Rating.java:55) ~[classes/:na]
	at java.lang.String.valueOf(String.java:2994) ~[na:1.8.0_131]
	at java.lang.StringBuilder.append(StringBuilder.java:131) ~[na:1.8.0_131]
	at java.util.AbstractCollection.toString(AbstractCollection.java:462) ~[na:1.8.0_131]
	at org.hibernate.collection.internal.PersistentBag.toString(PersistentBag.java:510) ~[hibernate-core-5.0.12.Final.jar:5.0.12.Final]
	at java.lang.String.valueOf(String.java:2994) ~[na:1.8.0_131]
	at java.lang.StringBuilder.append(StringBuilder.java:131) ~[na:1.8.0_131]
	at com.jpa.hibernate.demo.entity.Course.toString(Course.java:105) ~[classes/:na]
	at java.lang.String.valueOf(String.java:2994) ~[na:1.8.0_131]
	at java.lang.StringBuilder.append(StringBuilder.java:131) ~[na:1.8.0_131]
	at com.jpa.hibernate.demo.entity.Rating.toString(Rating.java:55) ~[classes/:na]
	at java.lang.String.valueOf(String.java:2994) ~[na:1.8.0_131]
	at java.lang.StringBuilder.append(StringBuilder.java:131) ~[na:1.8.0_131]
	at java.util.AbstractCollection.toString(AbstractCollection.java:462) ~[na:1.8.0_131]
	at org.hibernate.collection.internal.PersistentBag.toString(PersistentBag.java:510) ~[hibernate-core-5.0.12.Final.jar:5.0.12.Final]
	at java.lang.String.valueOf(String.java:2994) ~[na:1.8.0_131]
	at java.lang.StringBuilder.append(StringBuilder.java:131) ~[na:1.8.0_131]
	at com.jpa.hibernate.demo.entity.Course.toString(Course.java:105) ~[classes/:na]
	at java.lang.String.valueOf(String.java:2994) ~[na:1.8.0_131]
	at java.lang.StringBuilder.append(StringBuilder.java:131) ~[na:1.8.0_131]
	at com.jpa.hibernate.demo.entity.Rating.toString(Rating.java:55) ~[classes/:na]
	at java.lang.String.valueOf(String.java:2994) ~[na:1.8.0_131]
	at java.lang.StringBuilder.append(StringBuilder.java:131) ~[na:1.8.0_131]
	at java.util.AbstractCollection.toString(AbstractCollection.java:462) ~[na:1.8.0_131]
	at org.hibernate.collection.internal.PersistentBag.toString(PersistentBag.java:510) ~[hibernate-core-5.0.12.Final.jar:5.0.12.Final]
	at java.lang.String.valueOf(String.java:2994) ~[na:1.8.0_131]
	at java.lang.StringBuilder.append(StringBuilder.java:131) ~[na:1.8.0_131]
	at com.jpa.hibernate.demo.entity.Course.toString(Course.java:105) ~[classes/:na]
	at java.lang.String.valueOf(String.java:2994) ~[na:1.8.0_131]
	at java.lang.StringBuilder.append(StringBuilder.java:131) ~[na:1.8.0_131]
	at com.jpa.hibernate.demo.entity.Rating.toString(Rating.java:55) ~[classes/:na]
	at java.lang.String.valueOf(String.java:2994) ~[na:1.8.0_131]
	at java.lang.StringBuilder.append(StringBuilder.java:131) ~[na:1.8.0_131]
	at java.util.AbstractCollection.toString(AbstractCollection.java:462) ~[na:1.8.0_131]
	at org.hibernate.collection.internal.PersistentBag.toString(PersistentBag.java:510) ~[hibernate-core-5.0.12.Final.jar:5.0.12.Final]
	at java.lang.String.valueOf(String.java:2994) ~[na:1.8.0_131]
	at java.lang.StringBuilder.append(StringBuilder.java:131) ~[na:1.8.0_131]
	at com.jpa.hibernate.demo.entity.Course.toString(Course.java:105) ~[classes/:na]
	at java.lang.String.valueOf(String.java:2994) ~[na:1.8.0_131]
	at java.lang.StringBuilder.append(StringBuilder.java:131) ~[na:1.8.0_131]
	at com.jpa.hibernate.demo.entity.Rating.toString(Rating.java:55) ~[classes/:na]
	at java.lang.String.valueOf(String.java:2994) ~[na:1.8.0_131]
	at java.lang.StringBuilder.append(StringBuilder.java:131) ~[na:1.8.0_131]
	at java.util.AbstractCollection.toString(AbstractCollection.java:462) ~[na:1.8.0_131]
	at org.hibernate.collection.internal.PersistentBag.toString(PersistentBag.java:510) ~[hibernate-core-5.0.12.Final.jar:5.0.12.Final]
	at java.lang.String.valueOf(String.java:2994) ~[na:1.8.0_131]
	at java.lang.StringBuilder.append(StringBuilder.java:131) ~[na:1.8.0_131]
	at com.jpa.hibernate.demo.entity.Course.toString(Course.java:105) ~[classes/:na]
	at java.lang.String.valueOf(String.java:2994) ~[na:1.8.0_131]
	at java.lang.StringBuilder.append(StringBuilder.java:131) ~[na:1.8.0_131]
	at com.jpa.hibernate.demo.entity.Rating.toString(Rating.java:55) ~[classes/:na]
	at java.lang.String.valueOf(String.java:2994) ~[na:1.8.0_131]
	at java.lang.StringBuilder.append(StringBuilder.java:131) ~[na:1.8.0_131]
	at java.util.AbstractCollection.toString(AbstractCollection.java:462) ~[na:1.8.0_131]
	at org.hibernate.collection.internal.PersistentBag.toString(PersistentBag.java:510) ~[hibernate-core-5.0.12.Final.jar:5.0.12.Final]
	at java.lang.String.valueOf(String.java:2994) ~[na:1.8.0_131]
	at java.lang.StringBuilder.append(StringBuilder.java:131) ~[na:1.8.0_131]
	at com.jpa.hibernate.demo.entity.Course.toString(Course.java:105) ~[classes/:na]
	at java.lang.String.valueOf(String.java:2994) ~[na:1.8.0_131]
	at java.lang.StringBuilder.append(StringBuilder.java:131) ~[na:1.8.0_131]
	at com.jpa.hibernate.demo.entity.Rating.toString(Rating.java:55) ~[classes/:na]
	at java.lang.String.valueOf(String.java:2994) ~[na:1.8.0_131]
	at java.lang.StringBuilder.append(StringBuilder.java:131) ~[na:1.8.0_131]
	at java.util.AbstractCollection.toString(AbstractCollection.java:462) ~[na:1.8.0_131]
	at org.hibernate.collection.internal.PersistentBag.toString(PersistentBag.java:510) ~[hibernate-core-5.0.12.Final.jar:5.0.12.Final]
	at java.lang.String.valueOf(String.java:2994) ~[na:1.8.0_131]
	at java.lang.StringBuilder.append(StringBuilder.java:131) ~[na:1.8.0_131]
	at com.jpa.hibernate.demo.entity.Course.toString(Course.java:105) ~[classes/:na]
	at java.lang.String.valueOf(String.java:2994) ~[na:1.8.0_131]
	at java.lang.StringBuilder.append(StringBuilder.java:131) ~[na:1.8.0_131]
	at com.jpa.hibernate.demo.entity.Rating.toString(Rating.java:55) ~[classes/:na]
	at java.lang.String.valueOf(String.java:2994) ~[na:1.8.0_131]
	at java.lang.StringBuilder.append(StringBuilder.java:131) ~[na:1.8.0_131]
	at java.util.AbstractCollection.toString(AbstractCollection.java:462) ~[na:1.8.0_131]
	at org.hibernate.collection.internal.PersistentBag.toString(PersistentBag.java:510) ~[hibernate-core-5.0.12.Final.jar:5.0.12.Final]
	at java.lang.String.valueOf(String.java:2994) ~[na:1.8.0_131]
	at java.lang.StringBuilder.append(StringBuilder.java:131) ~[na:1.8.0_131]
	at com.jpa.hibernate.demo.entity.Course.toString(Course.java:105) ~[classes/:na]
	at java.lang.String.valueOf(String.java:2994) ~[na:1.8.0_131]
	at java.lang.StringBuilder.append(StringBuilder.java:131) ~[na:1.8.0_131]
	at com.jpa.hibernate.demo.entity.Rating.toString(Rating.java:55) ~[classes/:na]
	at java.lang.String.valueOf(String.java:2994) ~[na:1.8.0_131]
	at java.lang.StringBuilder.append(StringBuilder.java:131) ~[na:1.8.0_131]
	at java.util.AbstractCollection.toString(AbstractCollection.java:462) ~[na:1.8.0_131]
	at org.hibernate.collection.internal.PersistentBag.toString(PersistentBag.java:510) ~[hibernate-core-5.0.12.Final.jar:5.0.12.Final]
	at java.lang.String.valueOf(String.java:2994) ~[na:1.8.0_131]
	at java.lang.StringBuilder.append(StringBuilder.java:131) ~[na:1.8.0_131]
	at com.jpa.hibernate.demo.entity.Course.toString(Course.java:105) ~[classes/:na]
	at java.lang.String.valueOf(String.java:2994) ~[na:1.8.0_131]
	at java.lang.StringBuilder.append(StringBuilder.java:131) ~[na:1.8.0_131]
	at com.jpa.hibernate.demo.entity.Rating.toString(Rating.java:55) ~[classes/:na]
	at java.lang.String.valueOf(String.java:2994) ~[na:1.8.0_131]
	at java.lang.StringBuilder.append(StringBuilder.java:131) ~[na:1.8.0_131]
	at java.util.AbstractCollection.toString(AbstractCollection.java:462) ~[na:1.8.0_131]
	at org.hibernate.collection.internal.PersistentBag.toString(PersistentBag.java:510) ~[hibernate-core-5.0.12.Final.jar:5.0.12.Final]
	at java.lang.String.valueOf(String.java:2994) ~[na:1.8.0_131]
	at java.lang.StringBuilder.append(StringBuilder.java:131) ~[na:1.8.0_131]
	at com.jpa.hibernate.demo.entity.Course.toString(Course.java:105) ~[classes/:na]
	at java.lang.String.valueOf(String.java:2994) ~[na:1.8.0_131]
	at java.lang.StringBuilder.append(StringBuilder.java:131) ~[na:1.8.0_131]
	at com.jpa.hibernate.demo.entity.Rating.toString(Rating.java:55) ~[classes/:na]
	at java.lang.String.valueOf(String.java:2994) ~[na:1.8.0_131]
	at java.lang.StringBuilder.append(StringBuilder.java:131) ~[na:1.8.0_131]
	at java.util.AbstractCollection.toString(AbstractCollection.java:462) ~[na:1.8.0_131]
	at org.hibernate.collection.internal.PersistentBag.toString(PersistentBag.java:510) ~[hibernate-core-5.0.12.Final.jar:5.0.12.Final]
	at java.lang.String.valueOf(String.java:2994) ~[na:1.8.0_131]
	at java.lang.StringBuilder.append(StringBuilder.java:131) ~[na:1.8.0_131]
	at com.jpa.hibernate.demo.entity.Course.toString(Course.java:105) ~[classes/:na]
	at java.lang.String.valueOf(String.java:2994) ~[na:1.8.0_131]
	at java.lang.StringBuilder.append(StringBuilder.java:131) ~[na:1.8.0_131]
	at com.jpa.hibernate.demo.entity.Rating.toString(Rating.java:55) ~[classes/:na]
	at java.lang.String.valueOf(String.java:2994) ~[na:1.8.0_131]
	at java.lang.StringBuilder.append(StringBuilder.java:131) ~[na:1.8.0_131]
	at java.util.AbstractCollection.toString(AbstractCollection.java:462) ~[na:1.8.0_131]
	at org.hibernate.collection.internal.PersistentBag.toString(PersistentBag.java:510) ~[hibernate-core-5.0.12.Final.jar:5.0.12.Final]
	at java.lang.String.valueOf(String.java:2994) ~[na:1.8.0_131]
	at java.lang.StringBuilder.append(StringBuilder.java:131) ~[na:1.8.0_131]
	at com.jpa.hibernate.demo.entity.Course.toString(Course.java:105) ~[classes/:na]
	at java.lang.String.valueOf(String.java:2994) ~[na:1.8.0_131]
	at java.lang.StringBuilder.append(StringBuilder.java:131) ~[na:1.8.0_131]
	at com.jpa.hibernate.demo.entity.Rating.toString(Rating.java:55) ~[classes/:na]
	at java.lang.String.valueOf(String.java:2994) ~[na:1.8.0_131]
	at java.lang.StringBuilder.append(StringBuilder.java:131) ~[na:1.8.0_131]
	at java.util.AbstractCollection.toString(AbstractCollection.java:462) ~[na:1.8.0_131]
	at org.hibernate.collection.internal.PersistentBag.toString(PersistentBag.java:510) ~[hibernate-core-5.0.12.Final.jar:5.0.12.Final]
	at java.lang.String.valueOf(String.java:2994) ~[na:1.8.0_131]
	at java.lang.StringBuilder.append(StringBuilder.java:131) ~[na:1.8.0_131]
	at com.jpa.hibernate.demo.entity.Course.toString(Course.java:105) ~[classes/:na]
	at java.lang.String.valueOf(String.java:2994) ~[na:1.8.0_131]
	at java.lang.StringBuilder.append(StringBuilder.java:131) ~[na:1.8.0_131]
	at com.jpa.hibernate.demo.entity.Rating.toString(Rating.java:55) ~[classes/:na]
	at java.lang.String.valueOf(String.java:2994) ~[na:1.8.0_131]
	at java.lang.StringBuilder.append(StringBuilder.java:131) ~[na:1.8.0_131]
	at java.util.AbstractCollection.toString(AbstractCollection.java:462) ~[na:1.8.0_131]
	at org.hibernate.collection.internal.PersistentBag.toString(PersistentBag.java:510) ~[hibernate-core-5.0.12.Final.jar:5.0.12.Final]
	at java.lang.String.valueOf(String.java:2994) ~[na:1.8.0_131]
	at java.lang.StringBuilder.append(StringBuilder.java:131) ~[na:1.8.0_131]
	at com.jpa.hibernate.demo.entity.Course.toString(Course.java:105) ~[classes/:na]
	at java.lang.String.valueOf(String.java:2994) ~[na:1.8.0_131]
	at java.lang.StringBuilder.append(StringBuilder.java:131) ~[na:1.8.0_131]
	at com.jpa.hibernate.demo.entity.Rating.toString(Rating.java:55) ~[classes/:na]
	at java.lang.String.valueOf(String.java:2994) ~[na:1.8.0_131]
	at java.lang.StringBuilder.append(StringBuilder.java:131) ~[na:1.8.0_131]
	at java.util.AbstractCollection.toString(AbstractCollection.java:462) ~[na:1.8.0_131]
	at org.hibernate.collection.internal.PersistentBag.toString(PersistentBag.java:510) ~[hibernate-core-5.0.12.Final.jar:5.0.12.Final]
	at java.lang.String.valueOf(String.java:2994) ~[na:1.8.0_131]
	at java.lang.StringBuilder.append(StringBuilder.java:131) ~[na:1.8.0_131]
	at com.jpa.hibernate.demo.entity.Course.toString(Course.java:105) ~[classes/:na]
	at java.lang.String.valueOf(String.java:2994) ~[na:1.8.0_131]
	at java.lang.StringBuilder.append(StringBuilder.java:131) ~[na:1.8.0_131]
	at com.jpa.hibernate.demo.entity.Rating.toString(Rating.java:55) ~[classes/:na]
	at java.lang.String.valueOf(String.java:2994) ~[na:1.8.0_131]
	at java.lang.StringBuilder.append(StringBuilder.java:131) ~[na:1.8.0_131]
	at java.util.AbstractCollection.toString(AbstractCollection.java:462) ~[na:1.8.0_131]
	at org.hibernate.collection.internal.PersistentBag.toString(PersistentBag.java:510) ~[hibernate-core-5.0.12.Final.jar:5.0.12.Final]
	at java.lang.String.valueOf(String.java:2994) ~[na:1.8.0_131]
	at java.lang.StringBuilder.append(StringBuilder.java:131) ~[na:1.8.0_131]
	at com.jpa.hibernate.demo.entity.Course.toString(Course.java:105) ~[classes/:na]
	at java.lang.String.valueOf(String.java:2994) ~[na:1.8.0_131]
	at java.lang.StringBuilder.append(StringBuilder.java:131) ~[na:1.8.0_131]
	at com.jpa.hibernate.demo.entity.Rating.toString(Rating.java:55) ~[classes/:na]
	at java.lang.String.valueOf(String.java:2994) ~[na:1.8.0_131]
	at java.lang.StringBuilder.append(StringBuilder.java:131) ~[na:1.8.0_131]
	at java.util.AbstractCollection.toString(AbstractCollection.java:462) ~[na:1.8.0_131]
	at org.hibernate.collection.internal.PersistentBag.toString(PersistentBag.java:510) ~[hibernate-core-5.0.12.Final.jar:5.0.12.Final]
	at java.lang.String.valueOf(String.java:2994) ~[na:1.8.0_131]
	at java.lang.StringBuilder.append(StringBuilder.java:131) ~[na:1.8.0_131]
	at com.jpa.hibernate.demo.entity.Course.toString(Course.java:105) ~[classes/:na]
	at java.lang.String.valueOf(String.java:2994) ~[na:1.8.0_131]
	at java.lang.StringBuilder.append(StringBuilder.java:131) ~[na:1.8.0_131]
	at com.jpa.hibernate.demo.entity.Rating.toString(Rating.java:55) ~[classes/:na]
	at java.lang.String.valueOf(String.java:2994) ~[na:1.8.0_131]
	at java.lang.StringBuilder.append(StringBuilder.java:131) ~[na:1.8.0_131]
	at java.util.AbstractCollection.toString(AbstractCollection.java:462) ~[na:1.8.0_131]
	at org.hibernate.collection.internal.PersistentBag.toString(PersistentBag.java:510) ~[hibernate-core-5.0.12.Final.jar:5.0.12.Final]
	at java.lang.String.valueOf(String.java:2994) ~[na:1.8.0_131]
	at java.lang.StringBuilder.append(StringBuilder.java:131) ~[na:1.8.0_131]
	at com.jpa.hibernate.demo.entity.Course.toString(Course.java:105) ~[classes/:na]
	at java.lang.String.valueOf(String.java:2994) ~[na:1.8.0_131]
	at java.lang.StringBuilder.append(StringBuilder.java:131) ~[na:1.8.0_131]
	at com.jpa.hibernate.demo.entity.Rating.toString(Rating.java:55) ~[classes/:na]
	at java.lang.String.valueOf(String.java:2994) ~[na:1.8.0_131]
	at java.lang.StringBuilder.append(StringBuilder.java:131) ~[na:1.8.0_131]
	at java.util.AbstractCollection.toString(AbstractCollection.java:462) ~[na:1.8.0_131]
	at org.hibernate.collection.internal.PersistentBag.toString(PersistentBag.java:510) ~[hibernate-core-5.0.12.Final.jar:5.0.12.Final]
	at java.lang.String.valueOf(String.java:2994) ~[na:1.8.0_131]
	at java.lang.StringBuilder.append(StringBuilder.java:131) ~[na:1.8.0_131]
	at com.jpa.hibernate.demo.entity.Course.toString(Course.java:105) ~[classes/:na]
	at java.lang.String.valueOf(String.java:2994) ~[na:1.8.0_131]
	at java.lang.StringBuilder.append(StringBuilder.java:131) ~[na:1.8.0_131]
	at com.jpa.hibernate.demo.entity.Rating.toString(Rating.java:55) ~[classes/:na]
	at java.lang.String.valueOf(String.java:2994) ~[na:1.8.0_131]
	at java.lang.StringBuilder.append(StringBuilder.java:131) ~[na:1.8.0_131]
	at java.util.AbstractCollection.toString(AbstractCollection.java:462) ~[na:1.8.0_131]
	at org.hibernate.collection.internal.PersistentBag.toString(PersistentBag.java:510) ~[hibernate-core-5.0.12.Final.jar:5.0.12.Final]
	at java.lang.String.valueOf(String.java:2994) ~[na:1.8.0_131]
	at java.lang.StringBuilder.append(StringBuilder.java:131) ~[na:1.8.0_131]
	at com.jpa.hibernate.demo.entity.Course.toString(Course.java:105) ~[classes/:na]
	at java.lang.String.valueOf(String.java:2994) ~[na:1.8.0_131]
	at java.lang.StringBuilder.append(StringBuilder.java:131) ~[na:1.8.0_131]
	at com.jpa.hibernate.demo.entity.Rating.toString(Rating.java:55) ~[classes/:na]
	at java.lang.String.valueOf(String.java:2994) ~[na:1.8.0_131]
	at java.lang.StringBuilder.append(StringBuilder.java:131) ~[na:1.8.0_131]
	at java.util.AbstractCollection.toString(AbstractCollection.java:462) ~[na:1.8.0_131]
	at org.hibernate.collection.internal.PersistentBag.toString(PersistentBag.java:510) ~[hibernate-core-5.0.12.Final.jar:5.0.12.Final]
	at java.lang.String.valueOf(String.java:2994) ~[na:1.8.0_131]
	at java.lang.StringBuilder.append(StringBuilder.java:131) ~[na:1.8.0_131]
	at com.jpa.hibernate.demo.entity.Course.toString(Course.java:105) ~[classes/:na]
	at java.lang.String.valueOf(String.java:2994) ~[na:1.8.0_131]
	at java.lang.StringBuilder.append(StringBuilder.java:131) ~[na:1.8.0_131]
	at com.jpa.hibernate.demo.entity.Rating.toString(Rating.java:55) ~[classes/:na]
	at java.lang.String.valueOf(String.java:2994) ~[na:1.8.0_131]
	at java.lang.StringBuilder.append(StringBuilder.java:131) ~[na:1.8.0_131]
	at java.util.AbstractCollection.toString(AbstractCollection.java:462) ~[na:1.8.0_131]
	at org.hibernate.collection.internal.PersistentBag.toString(PersistentBag.java:510) ~[hibernate-core-5.0.12.Final.jar:5.0.12.Final]
	at java.lang.String.valueOf(String.java:2994) ~[na:1.8.0_131]
	at java.lang.StringBuilder.append(StringBuilder.java:131) ~[na:1.8.0_131]
	at com.jpa.hibernate.demo.entity.Course.toString(Course.java:105) ~[classes/:na]
	at java.lang.String.valueOf(String.java:2994) ~[na:1.8.0_131]
	at java.lang.StringBuilder.append(StringBuilder.java:131) ~[na:1.8.0_131]
	at com.jpa.hibernate.demo.entity.Rating.toString(Rating.java:55) ~[classes/:na]
	at java.lang.String.valueOf(String.java:2994) ~[na:1.8.0_131]
	at java.lang.StringBuilder.append(StringBuilder.java:131) ~[na:1.8.0_131]
	at java.util.AbstractCollection.toString(AbstractCollection.java:462) ~[na:1.8.0_131]
	at org.hibernate.collection.internal.PersistentBag.toString(PersistentBag.java:510) ~[hibernate-core-5.0.12.Final.jar:5.0.12.Final]
	at java.lang.String.valueOf(String.java:2994) ~[na:1.8.0_131]
	at java.lang.StringBuilder.append(StringBuilder.java:131) ~[na:1.8.0_131]
	at com.jpa.hibernate.demo.entity.Course.toString(Course.java:105) ~[classes/:na]
	at java.lang.String.valueOf(String.java:2994) ~[na:1.8.0_131]
	at java.lang.StringBuilder.append(StringBuilder.java:131) ~[na:1.8.0_131]
	at com.jpa.hibernate.demo.entity.Rating.toString(Rating.java:55) ~[classes/:na]
	at java.lang.String.valueOf(String.java:2994) ~[na:1.8.0_131]
	at java.lang.StringBuilder.append(StringBuilder.java:131) ~[na:1.8.0_131]
	at java.util.AbstractCollection.toString(AbstractCollection.java:462) ~[na:1.8.0_131]
	at org.hibernate.collection.internal.PersistentBag.toString(PersistentBag.java:510) ~[hibernate-core-5.0.12.Final.jar:5.0.12.Final]
	at java.lang.String.valueOf(String.java:2994) ~[na:1.8.0_131]
	at java.lang.StringBuilder.append(StringBuilder.java:131) ~[na:1.8.0_131]
	at com.jpa.hibernate.demo.entity.Course.toString(Course.java:105) ~[classes/:na]
	at java.lang.String.valueOf(String.java:2994) ~[na:1.8.0_131]
	at java.lang.StringBuilder.append(StringBuilder.java:131) ~[na:1.8.0_131]
	at com.jpa.hibernate.demo.entity.Rating.toString(Rating.java:55) ~[classes/:na]
	at java.lang.String.valueOf(String.java:2994) ~[na:1.8.0_131]
	at java.lang.StringBuilder.append(StringBuilder.java:131) ~[na:1.8.0_131]
	at java.util.AbstractCollection.toString(AbstractCollection.java:462) ~[na:1.8.0_131]
	at org.hibernate.collection.internal.PersistentBag.toString(PersistentBag.java:510) ~[hibernate-core-5.0.12.Final.jar:5.0.12.Final]
	at java.lang.String.valueOf(String.java:2994) ~[na:1.8.0_131]
	at java.lang.StringBuilder.append(StringBuilder.java:131) ~[na:1.8.0_131]
	at com.jpa.hibernate.demo.entity.Course.toString(Course.java:105) ~[classes/:na]
	at java.lang.String.valueOf(String.java:2994) ~[na:1.8.0_131]
	at java.lang.StringBuilder.append(StringBuilder.java:131) ~[na:1.8.0_131]
	at com.jpa.hibernate.demo.entity.Rating.toString(Rating.java:55) ~[classes/:na]
	at java.lang.String.valueOf(String.java:2994) ~[na:1.8.0_131]
	at java.lang.StringBuilder.append(StringBuilder.java:131) ~[na:1.8.0_131]
	at java.util.AbstractCollection.toString(AbstractCollection.java:462) ~[na:1.8.0_131]
	at org.hibernate.collection.internal.PersistentBag.toString(PersistentBag.java:510) ~[hibernate-core-5.0.12.Final.jar:5.0.12.Final]
	at java.lang.String.valueOf(String.java:2994) ~[na:1.8.0_131]
	at java.lang.StringBuilder.append(StringBuilder.java:131) ~[na:1.8.0_131]
	at com.jpa.hibernate.demo.entity.Course.toString(Course.java:105) ~[classes/:na]
	at java.lang.String.valueOf(String.java:2994) ~[na:1.8.0_131]
	at java.lang.StringBuilder.append(StringBuilder.java:131) ~[na:1.8.0_131]
	at com.jpa.hibernate.demo.entity.Rating.toString(Rating.java:55) ~[classes/:na]
	at java.lang.String.valueOf(String.java:2994) ~[na:1.8.0_131]
	at java.lang.StringBuilder.append(StringBuilder.java:131) ~[na:1.8.0_131]
	at java.util.AbstractCollection.toString(AbstractCollection.java:462) ~[na:1.8.0_131]
	at org.hibernate.collection.internal.PersistentBag.toString(PersistentBag.java:510) ~[hibernate-core-5.0.12.Final.jar:5.0.12.Final]
	at java.lang.String.valueOf(String.java:2994) ~[na:1.8.0_131]
	at java.lang.StringBuilder.append(StringBuilder.java:131) ~[na:1.8.0_131]
	at com.jpa.hibernate.demo.entity.Course.toString(Course.java:105) ~[classes/:na]
	at java.lang.String.valueOf(String.java:2994) ~[na:1.8.0_131]
	at java.lang.StringBuilder.append(StringBuilder.java:131) ~[na:1.8.0_131]
	at com.jpa.hibernate.demo.entity.Rating.toString(Rating.java:55) ~[classes/:na]
	at java.lang.String.valueOf(String.java:2994) ~[na:1.8.0_131]
	at java.lang.StringBuilder.append(StringBuilder.java:131) ~[na:1.8.0_131]
	at java.util.AbstractCollection.toString(AbstractCollection.java:462) ~[na:1.8.0_131]
	at org.hibernate.collection.internal.PersistentBag.toString(PersistentBag.java:510) ~[hibernate-core-5.0.12.Final.jar:5.0.12.Final]
	at java.lang.String.valueOf(String.java:2994) ~[na:1.8.0_131]
	at java.lang.StringBuilder.append(StringBuilder.java:131) ~[na:1.8.0_131]
	at com.jpa.hibernate.demo.entity.Course.toString(Course.java:105) ~[classes/:na]
	at java.lang.String.valueOf(String.java:2994) ~[na:1.8.0_131]
	at java.lang.StringBuilder.append(StringBuilder.java:131) ~[na:1.8.0_131]
	at com.jpa.hibernate.demo.entity.Rating.toString(Rating.java:55) ~[classes/:na]
	at java.lang.String.valueOf(String.java:2994) ~[na:1.8.0_131]
	at java.lang.StringBuilder.append(StringBuilder.java:131) ~[na:1.8.0_131]
	at java.util.AbstractCollection.toString(AbstractCollection.java:462) ~[na:1.8.0_131]
	at org.hibernate.collection.internal.PersistentBag.toString(PersistentBag.java:510) ~[hibernate-core-5.0.12.Final.jar:5.0.12.Final]
	at java.lang.String.valueOf(String.java:2994) ~[na:1.8.0_131]
	at java.lang.StringBuilder.append(StringBuilder.java:131) ~[na:1.8.0_131]
	at com.jpa.hibernate.demo.entity.Course.toString(Course.java:105) ~[classes/:na]
	at java.lang.String.valueOf(String.java:2994) ~[na:1.8.0_131]
	at java.lang.StringBuilder.append(StringBuilder.java:131) ~[na:1.8.0_131]
	at com.jpa.hibernate.demo.entity.Rating.toString(Rating.java:55) ~[classes/:na]
	at java.lang.String.valueOf(String.java:2994) ~[na:1.8.0_131]
	at java.lang.StringBuilder.append(StringBuilder.java:131) ~[na:1.8.0_131]
	at java.util.AbstractCollection.toString(AbstractCollection.java:462) ~[na:1.8.0_131]
	at org.hibernate.collection.internal.PersistentBag.toString(PersistentBag.java:510) ~[hibernate-core-5.0.12.Final.jar:5.0.12.Final]
	at java.lang.String.valueOf(String.java:2994) ~[na:1.8.0_131]
	at java.lang.StringBuilder.append(StringBuilder.java:131) ~[na:1.8.0_131]
	at com.jpa.hibernate.demo.entity.Course.toString(Course.java:105) ~[classes/:na]
	at java.lang.String.valueOf(String.java:2994) ~[na:1.8.0_131]
	at java.lang.StringBuilder.append(StringBuilder.java:131) ~[na:1.8.0_131]
	at com.jpa.hibernate.demo.entity.Rating.toString(Rating.java:55) ~[classes/:na]
	at java.lang.String.valueOf(String.java:2994) ~[na:1.8.0_131]
	at java.lang.StringBuilder.append(StringBuilder.java:131) ~[na:1.8.0_131]
	at java.util.AbstractCollection.toString(AbstractCollection.java:462) ~[na:1.8.0_131]
	at org.hibernate.collection.internal.PersistentBag.toString(PersistentBag.java:510) ~[hibernate-core-5.0.12.Final.jar:5.0.12.Final]
	at java.lang.String.valueOf(String.java:2994) ~[na:1.8.0_131]
	at java.lang.StringBuilder.append(StringBuilder.java:131) ~[na:1.8.0_131]
	at com.jpa.hibernate.demo.entity.Course.toString(Course.java:105) ~[classes/:na]
	at java.lang.String.valueOf(String.java:2994) ~[na:1.8.0_131]
	at java.lang.StringBuilder.append(StringBuilder.java:131) ~[na:1.8.0_131]
	at com.jpa.hibernate.demo.entity.Rating.toString(Rating.java:55) ~[classes/:na]
	at java.lang.String.valueOf(String.java:2994) ~[na:1.8.0_131]
	at java.lang.StringBuilder.append(StringBuilder.java:131) ~[na:1.8.0_131]
	at java.util.AbstractCollection.toString(AbstractCollection.java:462) ~[na:1.8.0_131]
	at org.hibernate.collection.internal.PersistentBag.toString(PersistentBag.java:510) ~[hibernate-core-5.0.12.Final.jar:5.0.12.Final]
	at java.lang.String.valueOf(String.java:2994) ~[na:1.8.0_131]
	at java.lang.StringBuilder.append(StringBuilder.java:131) ~[na:1.8.0_131]
	at com.jpa.hibernate.demo.entity.Course.toString(Course.java:105) ~[classes/:na]
	at java.lang.String.valueOf(String.java:2994) ~[na:1.8.0_131]
	at java.lang.StringBuilder.append(StringBuilder.java:131) ~[na:1.8.0_131]
	at com.jpa.hibernate.demo.entity.Rating.toString(Rating.java:55) ~[classes/:na]
	at java.lang.String.valueOf(String.java:2994) ~[na:1.8.0_131]
	at java.lang.StringBuilder.append(StringBuilder.java:131) ~[na:1.8.0_131]
	at java.util.AbstractCollection.toString(AbstractCollection.java:462) ~[na:1.8.0_131]
	at org.hibernate.collection.internal.PersistentBag.toString(PersistentBag.java:510) ~[hibernate-core-5.0.12.Final.jar:5.0.12.Final]
	at java.lang.String.valueOf(String.java:2994) ~[na:1.8.0_131]
	at java.lang.StringBuilder.append(StringBuilder.java:131) ~[na:1.8.0_131]
	at com.jpa.hibernate.demo.entity.Course.toString(Course.java:105) ~[classes/:na]
	at java.lang.String.valueOf(String.java:2994) ~[na:1.8.0_131]
	at java.lang.StringBuilder.append(StringBuilder.java:131) ~[na:1.8.0_131]
	at com.jpa.hibernate.demo.entity.Rating.toString(Rating.java:55) ~[classes/:na]
	at java.lang.String.valueOf(String.java:2994) ~[na:1.8.0_131]
	at java.lang.StringBuilder.append(StringBuilder.java:131) ~[na:1.8.0_131]
	at java.util.AbstractCollection.toString(AbstractCollection.java:462) ~[na:1.8.0_131]
	at org.hibernate.collection.internal.PersistentBag.toString(PersistentBag.java:510) ~[hibernate-core-5.0.12.Final.jar:5.0.12.Final]
	at java.lang.String.valueOf(String.java:2994) ~[na:1.8.0_131]
	at java.lang.StringBuilder.append(StringBuilder.java:131) ~[na:1.8.0_131]
	at com.jpa.hibernate.demo.entity.Course.toString(Course.java:105) ~[classes/:na]
	at java.lang.String.valueOf(String.java:2994) ~[na:1.8.0_131]
	at java.lang.StringBuilder.append(StringBuilder.java:131) ~[na:1.8.0_131]
	at com.jpa.hibernate.demo.entity.Rating.toString(Rating.java:55) ~[classes/:na]
	at java.lang.String.valueOf(String.java:2994) ~[na:1.8.0_131]
	at java.lang.StringBuilder.append(StringBuilder.java:131) ~[na:1.8.0_131]
	at java.util.AbstractCollection.toString(AbstractCollection.java:462) ~[na:1.8.0_131]
	at org.hibernate.collection.internal.PersistentBag.toString(PersistentBag.java:510) ~[hibernate-core-5.0.12.Final.jar:5.0.12.Final]
	at java.lang.String.valueOf(String.java:2994) ~[na:1.8.0_131]
	at java.lang.StringBuilder.append(StringBuilder.java:131) ~[na:1.8.0_131]
	at com.jpa.hibernate.demo.entity.Course.toString(Course.java:105) ~[classes/:na]
	at java.lang.String.valueOf(String.java:2994) ~[na:1.8.0_131]
	at java.lang.StringBuilder.append(StringBuilder.java:131) ~[na:1.8.0_131]
	at com.jpa.hibernate.demo.entity.Rating.toString(Rating.java:55) ~[classes/:na]
	at java.lang.String.valueOf(String.java:2994) ~[na:1.8.0_131]
	at java.lang.StringBuilder.append(StringBuilder.java:131) ~[na:1.8.0_131]
	at java.util.AbstractCollection.toString(AbstractCollection.java:462) ~[na:1.8.0_131]
	at org.hibernate.collection.internal.PersistentBag.toString(PersistentBag.java:510) ~[hibernate-core-5.0.12.Final.jar:5.0.12.Final]
	at java.lang.String.valueOf(String.java:2994) ~[na:1.8.0_131]
	at java.lang.StringBuilder.append(StringBuilder.java:131) ~[na:1.8.0_131]
	at com.jpa.hibernate.demo.entity.Course.toString(Course.java:105) ~[classes/:na]
	at java.lang.String.valueOf(String.java:2994) ~[na:1.8.0_131]
	at java.lang.StringBuilder.append(StringBuilder.java:131) ~[na:1.8.0_131]
	at com.jpa.hibernate.demo.entity.Rating.toString(Rating.java:55) ~[classes/:na]
	at java.lang.String.valueOf(String.java:2994) ~[na:1.8.0_131]
	at java.lang.StringBuilder.append(StringBuilder.java:131) ~[na:1.8.0_131]
	at java.util.AbstractCollection.toString(AbstractCollection.java:462) ~[na:1.8.0_131]
	at org.hibernate.collection.internal.PersistentBag.toString(PersistentBag.java:510) ~[hibernate-core-5.0.12.Final.jar:5.0.12.Final]
	at java.lang.String.valueOf(String.java:2994) ~[na:1.8.0_131]
	at java.lang.StringBuilder.append(StringBuilder.java:131) ~[na:1.8.0_131]
	at com.jpa.hibernate.demo.entity.Course.toString(Course.java:105) ~[classes/:na]
	at java.lang.String.valueOf(String.java:2994) ~[na:1.8.0_131]
	at java.lang.StringBuilder.append(StringBuilder.java:131) ~[na:1.8.0_131]
	at com.jpa.hibernate.demo.entity.Rating.toString(Rating.java:55) ~[classes/:na]
	at java.lang.String.valueOf(String.java:2994) ~[na:1.8.0_131]
	at java.lang.StringBuilder.append(StringBuilder.java:131) ~[na:1.8.0_131]
	at java.util.AbstractCollection.toString(AbstractCollection.java:462) ~[na:1.8.0_131]
	at org.hibernate.collection.internal.PersistentBag.toString(PersistentBag.java:510) ~[hibernate-core-5.0.12.Final.jar:5.0.12.Final]
	at java.lang.String.valueOf(String.java:2994) ~[na:1.8.0_131]
	at java.lang.StringBuilder.append(StringBuilder.java:131) ~[na:1.8.0_131]
	at com.jpa.hibernate.demo.entity.Course.toString(Course.java:105) ~[classes/:na]
	at java.lang.String.valueOf(String.java:2994) ~[na:1.8.0_131]
	at java.lang.StringBuilder.append(StringBuilder.java:131) ~[na:1.8.0_131]
	at com.jpa.hibernate.demo.entity.Rating.toString(Rating.java:55) ~[classes/:na]
	at java.lang.String.valueOf(String.java:2994) ~[na:1.8.0_131]
	at java.lang.StringBuilder.append(StringBuilder.java:131) ~[na:1.8.0_131]
	at java.util.AbstractCollection.toString(AbstractCollection.java:462) ~[na:1.8.0_131]
	at org.hibernate.collection.internal.PersistentBag.toString(PersistentBag.java:510) ~[hibernate-core-5.0.12.Final.jar:5.0.12.Final]
	at java.lang.String.valueOf(String.java:2994) ~[na:1.8.0_131]
	at java.lang.StringBuilder.append(StringBuilder.java:131) ~[na:1.8.0_131]
	at com.jpa.hibernate.demo.entity.Course.toString(Course.java:105) ~[classes/:na]
	at java.lang.String.valueOf(String.java:2994) ~[na:1.8.0_131]
	at java.lang.StringBuilder.append(StringBuilder.java:131) ~[na:1.8.0_131]
	at com.jpa.hibernate.demo.entity.Rating.toString(Rating.java:55) ~[classes/:na]
	at java.lang.String.valueOf(String.java:2994) ~[na:1.8.0_131]
	at java.lang.StringBuilder.append(StringBuilder.java:131) ~[na:1.8.0_131]
	at java.util.AbstractCollection.toString(AbstractCollection.java:462) ~[na:1.8.0_131]
	at org.hibernate.collection.internal.PersistentBag.toString(PersistentBag.java:510) ~[hibernate-core-5.0.12.Final.jar:5.0.12.Final]
	at java.lang.String.valueOf(String.java:2994) ~[na:1.8.0_131]
	at java.lang.StringBuilder.append(StringBuilder.java:131) ~[na:1.8.0_131]
	at com.jpa.hibernate.demo.entity.Course.toString(Course.java:105) ~[classes/:na]
	at java.lang.String.valueOf(String.java:2994) ~[na:1.8.0_131]
	at java.lang.StringBuilder.append(StringBuilder.java:131) ~[na:1.8.0_131]
	at com.jpa.hibernate.demo.entity.Rating.toString(Rating.java:55) ~[classes/:na]
	at java.lang.String.valueOf(String.java:2994) ~[na:1.8.0_131]
	at java.lang.StringBuilder.append(StringBuilder.java:131) ~[na:1.8.0_131]
	at java.util.AbstractCollection.toString(AbstractCollection.java:462) ~[na:1.8.0_131]
	at org.hibernate.collection.internal.PersistentBag.toString(PersistentBag.java:510) ~[hibernate-core-5.0.12.Final.jar:5.0.12.Final]
	at java.lang.String.valueOf(String.java:2994) ~[na:1.8.0_131]
	at java.lang.StringBuilder.append(StringBuilder.java:131) ~[na:1.8.0_131]
	at com.jpa.hibernate.demo.entity.Course.toString(Course.java:105) ~[classes/:na]
	at java.lang.String.valueOf(String.java:2994) ~[na:1.8.0_131]
	at java.lang.StringBuilder.append(StringBuilder.java:131) ~[na:1.8.0_131]
	at com.jpa.hibernate.demo.entity.Rating.toString(Rating.java:55) ~[classes/:na]
	at java.lang.String.valueOf(String.java:2994) ~[na:1.8.0_131]
	at java.lang.StringBuilder.append(StringBuilder.java:131) ~[na:1.8.0_131]
	at java.util.AbstractCollection.toString(AbstractCollection.java:462) ~[na:1.8.0_131]
	at org.hibernate.collection.internal.PersistentBag.toString(PersistentBag.java:510) ~[hibernate-core-5.0.12.Final.jar:5.0.12.Final]
	at java.lang.String.valueOf(String.java:2994) ~[na:1.8.0_131]
	at java.lang.StringBuilder.append(StringBuilder.java:131) ~[na:1.8.0_131]
	at com.jpa.hibernate.demo.entity.Course.toString(Course.java:105) ~[classes/:na]
	at java.lang.String.valueOf(String.java:2994) ~[na:1.8.0_131]
	at java.lang.StringBuilder.append(StringBuilder.java:131) ~[na:1.8.0_131]
	at com.jpa.hibernate.demo.entity.Rating.toString(Rating.java:55) ~[classes/:na]
	at java.lang.String.valueOf(String.java:2994) ~[na:1.8.0_131]
	at java.lang.StringBuilder.append(StringBuilder.java:131) ~[na:1.8.0_131]
	at java.util.AbstractCollection.toString(AbstractCollection.java:462) ~[na:1.8.0_131]
	at org.hibernate.collection.internal.PersistentBag.toString(PersistentBag.java:510) ~[hibernate-core-5.0.12.Final.jar:5.0.12.Final]
	at java.lang.String.valueOf(String.java:2994) ~[na:1.8.0_131]
	at java.lang.StringBuilder.append(StringBuilder.java:131) ~[na:1.8.0_131]
	at com.jpa.hibernate.demo.entity.Course.toString(Course.java:105) ~[classes/:na]
	at java.lang.String.valueOf(String.java:2994) ~[na:1.8.0_131]
	at java.lang.StringBuilder.append(StringBuilder.java:131) ~[na:1.8.0_131]
	at com.jpa.hibernate.demo.entity.Rating.toString(Rating.java:55) ~[classes/:na]
	at java.lang.String.valueOf(String.java:2994) ~[na:1.8.0_131]
	at java.lang.StringBuilder.append(StringBuilder.java:131) ~[na:1.8.0_131]
	at java.util.AbstractCollection.toString(AbstractCollection.java:462) ~[na:1.8.0_131]
	at org.hibernate.collection.internal.PersistentBag.toString(PersistentBag.java:510) ~[hibernate-core-5.0.12.Final.jar:5.0.12.Final]
	at java.lang.String.valueOf(String.java:2994) ~[na:1.8.0_131]
	at java.lang.StringBuilder.append(StringBuilder.java:131) ~[na:1.8.0_131]
	at com.jpa.hibernate.demo.entity.Course.toString(Course.java:105) ~[classes/:na]
	at java.lang.String.valueOf(String.java:2994) ~[na:1.8.0_131]
	at java.lang.StringBuilder.append(StringBuilder.java:131) ~[na:1.8.0_131]
	at com.jpa.hibernate.demo.entity.Rating.toString(Rating.java:55) ~[classes/:na]
	at java.lang.String.valueOf(String.java:2994) ~[na:1.8.0_131]
	at java.lang.StringBuilder.append(StringBuilder.java:131) ~[na:1.8.0_131]
	at java.util.AbstractCollection.toString(AbstractCollection.java:462) ~[na:1.8.0_131]
	at org.hibernate.collection.internal.PersistentBag.toString(PersistentBag.java:510) ~[hibernate-core-5.0.12.Final.jar:5.0.12.Final]
	at java.lang.String.valueOf(String.java:2994) ~[na:1.8.0_131]
	at java.lang.StringBuilder.append(StringBuilder.java:131) ~[na:1.8.0_131]
	at com.jpa.hibernate.demo.entity.Course.toString(Course.java:105) ~[classes/:na]
	at java.lang.String.valueOf(String.java:2994) ~[na:1.8.0_131]
	at java.lang.StringBuilder.append(StringBuilder.java:131) ~[na:1.8.0_131]
	at com.jpa.hibernate.demo.entity.Rating.toString(Rating.java:55) ~[classes/:na]
	at java.lang.String.valueOf(String.java:2994) ~[na:1.8.0_131]
	at java.lang.StringBuilder.append(StringBuilder.java:131) ~[na:1.8.0_131]
	at java.util.AbstractCollection.toString(AbstractCollection.java:462) ~[na:1.8.0_131]
	at org.hibernate.collection.internal.PersistentBag.toString(PersistentBag.java:510) ~[hibernate-core-5.0.12.Final.jar:5.0.12.Final]
	at java.lang.String.valueOf(String.java:2994) ~[na:1.8.0_131]
	at java.lang.StringBuilder.append(StringBuilder.java:131) ~[na:1.8.0_131]
	at com.jpa.hibernate.demo.entity.Course.toString(Course.java:105) ~[classes/:na]
	at java.lang.String.valueOf(String.java:2994) ~[na:1.8.0_131]
	at java.lang.StringBuilder.append(StringBuilder.java:131) ~[na:1.8.0_131]
	at com.jpa.hibernate.demo.entity.Rating.toString(Rating.java:55) ~[classes/:na]
	at java.lang.String.valueOf(String.java:2994) ~[na:1.8.0_131]
	at java.lang.StringBuilder.append(StringBuilder.java:131) ~[na:1.8.0_131]
	at java.util.AbstractCollection.toString(AbstractCollection.java:462) ~[na:1.8.0_131]
	at org.hibernate.collection.internal.PersistentBag.toString(PersistentBag.java:510) ~[hibernate-core-5.0.12.Final.jar:5.0.12.Final]
	at java.lang.String.valueOf(String.java:2994) ~[na:1.8.0_131]
	at java.lang.StringBuilder.append(StringBuilder.java:131) ~[na:1.8.0_131]
	at com.jpa.hibernate.demo.entity.Course.toString(Course.java:105) ~[classes/:na]
	at java.lang.String.valueOf(String.java:2994) ~[na:1.8.0_131]
	at java.lang.StringBuilder.append(StringBuilder.java:131) ~[na:1.8.0_131]
	at com.jpa.hibernate.demo.entity.Rating.toString(Rating.java:55) ~[classes/:na]
	at java.lang.String.valueOf(String.java:2994) ~[na:1.8.0_131]
	at java.lang.StringBuilder.append(StringBuilder.java:131) ~[na:1.8.0_131]
	at java.util.AbstractCollection.toString(AbstractCollection.java:462) ~[na:1.8.0_131]
	at org.hibernate.collection.internal.PersistentBag.toString(PersistentBag.java:510) ~[hibernate-core-5.0.12.Final.jar:5.0.12.Final]
	at java.lang.String.valueOf(String.java:2994) ~[na:1.8.0_131]
	at java.lang.StringBuilder.append(StringBuilder.java:131) ~[na:1.8.0_131]
	at com.jpa.hibernate.demo.entity.Course.toString(Course.java:105) ~[classes/:na]
	at java.lang.String.valueOf(String.java:2994) ~[na:1.8.0_131]
	at java.lang.StringBuilder.append(StringBuilder.java:131) ~[na:1.8.0_131]
	at com.jpa.hibernate.demo.entity.Rating.toString(Rating.java:55) ~[classes/:na]
	at java.lang.String.valueOf(String.java:2994) ~[na:1.8.0_131]
	at java.lang.StringBuilder.append(StringBuilder.java:131) ~[na:1.8.0_131]
	at java.util.AbstractCollection.toString(AbstractCollection.java:462) ~[na:1.8.0_131]
	at org.hibernate.collection.internal.PersistentBag.toString(PersistentBag.java:510) ~[hibernate-core-5.0.12.Final.jar:5.0.12.Final]
	at java.lang.String.valueOf(String.java:2994) ~[na:1.8.0_131]
	at java.lang.StringBuilder.append(StringBuilder.java:131) ~[na:1.8.0_131]
	at com.jpa.hibernate.demo.entity.Course.toString(Course.java:105) ~[classes/:na]
	at java.lang.String.valueOf(String.java:2994) ~[na:1.8.0_131]
	at java.lang.StringBuilder.append(StringBuilder.java:131) ~[na:1.8.0_131]
	at com.jpa.hibernate.demo.entity.Rating.toString(Rating.java:55) ~[classes/:na]
	at java.lang.String.valueOf(String.java:2994) ~[na:1.8.0_131]
	at java.lang.StringBuilder.append(StringBuilder.java:131) ~[na:1.8.0_131]
	at java.util.AbstractCollection.toString(AbstractCollection.java:462) ~[na:1.8.0_131]
	at org.hibernate.collection.internal.PersistentBag.toString(PersistentBag.java:510) ~[hibernate-core-5.0.12.Final.jar:5.0.12.Final]
	at java.lang.String.valueOf(String.java:2994) ~[na:1.8.0_131]
	at java.lang.StringBuilder.append(StringBuilder.java:131) ~[na:1.8.0_131]
	at com.jpa.hibernate.demo.entity.Course.toString(Course.java:105) ~[classes/:na]
	at java.lang.String.valueOf(String.java:2994) ~[na:1.8.0_131]
	at java.lang.StringBuilder.append(StringBuilder.java:131) ~[na:1.8.0_131]
	at com.jpa.hibernate.demo.entity.Rating.toString(Rating.java:55) ~[classes/:na]
	at java.lang.String.valueOf(String.java:2994) ~[na:1.8.0_131]
	at java.lang.StringBuilder.append(StringBuilder.java:131) ~[na:1.8.0_131]
	at java.util.AbstractCollection.toString(AbstractCollection.java:462) ~[na:1.8.0_131]
	at org.hibernate.collection.internal.PersistentBag.toString(PersistentBag.java:510) ~[hibernate-core-5.0.12.Final.jar:5.0.12.Final]
	at java.lang.String.valueOf(String.java:2994) ~[na:1.8.0_131]
	at java.lang.StringBuilder.append(StringBuilder.java:131) ~[na:1.8.0_131]
	at com.jpa.hibernate.demo.entity.Course.toString(Course.java:105) ~[classes/:na]
	at java.lang.String.valueOf(String.java:2994) ~[na:1.8.0_131]
	at java.lang.StringBuilder.append(StringBuilder.java:131) ~[na:1.8.0_131]
	at com.jpa.hibernate.demo.entity.Rating.toString(Rating.java:55) ~[classes/:na]
	at java.lang.String.valueOf(String.java:2994) ~[na:1.8.0_131]
	at java.lang.StringBuilder.append(StringBuilder.java:131) ~[na:1.8.0_131]
	at java.util.AbstractCollection.toString(AbstractCollection.java:462) ~[na:1.8.0_131]
	at org.hibernate.collection.internal.PersistentBag.toString(PersistentBag.java:510) ~[hibernate-core-5.0.12.Final.jar:5.0.12.Final]
	at java.lang.String.valueOf(String.java:2994) ~[na:1.8.0_131]
	at java.lang.StringBuilder.append(StringBuilder.java:131) ~[na:1.8.0_131]
	at com.jpa.hibernate.demo.entity.Course.toString(Course.java:105) ~[classes/:na]
	at java.lang.String.valueOf(String.java:2994) ~[na:1.8.0_131]
	at java.lang.StringBuilder.append(StringBuilder.java:131) ~[na:1.8.0_131]
	at com.jpa.hibernate.demo.entity.Rating.toString(Rating.java:55) ~[classes/:na]
	at java.lang.String.valueOf(String.java:2994) ~[na:1.8.0_131]
	at java.lang.StringBuilder.append(StringBuilder.java:131) ~[na:1.8.0_131]
	at java.util.AbstractCollection.toString(AbstractCollection.java:462) ~[na:1.8.0_131]
	at org.hibernate.collection.internal.PersistentBag.toString(PersistentBag.java:510) ~[hibernate-core-5.0.12.Final.jar:5.0.12.Final]
	at java.lang.String.valueOf(String.java:2994) ~[na:1.8.0_131]
	at java.lang.StringBuilder.append(StringBuilder.java:131) ~[na:1.8.0_131]
	at com.jpa.hibernate.demo.entity.Course.toString(Course.java:105) ~[classes/:na]
	at java.lang.String.valueOf(String.java:2994) ~[na:1.8.0_131]
	at java.lang.StringBuilder.append(StringBuilder.java:131) ~[na:1.8.0_131]
	at com.jpa.hibernate.demo.entity.Rating.toString(Rating.java:55) ~[classes/:na]
	at java.lang.String.valueOf(String.java:2994) ~[na:1.8.0_131]
	at java.lang.StringBuilder.append(StringBuilder.java:131) ~[na:1.8.0_131]
	at java.util.AbstractCollection.toString(AbstractCollection.java:462) ~[na:1.8.0_131]
	at org.hibernate.collection.internal.PersistentBag.toString(PersistentBag.java:510) ~[hibernate-core-5.0.12.Final.jar:5.0.12.Final]
	at java.lang.String.valueOf(String.java:2994) ~[na:1.8.0_131]
	at java.lang.StringBuilder.append(StringBuilder.java:131) ~[na:1.8.0_131]
	at com.jpa.hibernate.demo.entity.Course.toString(Course.java:105) ~[classes/:na]
	at java.lang.String.valueOf(String.java:2994) ~[na:1.8.0_131]
	at java.lang.StringBuilder.append(StringBuilder.java:131) ~[na:1.8.0_131]
	at com.jpa.hibernate.demo.entity.Rating.toString(Rating.java:55) ~[classes/:na]
	at java.lang.String.valueOf(String.java:2994) ~[na:1.8.0_131]
	at java.lang.StringBuilder.append(StringBuilder.java:131) ~[na:1.8.0_131]
	at java.util.AbstractCollection.toString(AbstractCollection.java:462) ~[na:1.8.0_131]
	at org.hibernate.collection.internal.PersistentBag.toString(PersistentBag.java:510) ~[hibernate-core-5.0.12.Final.jar:5.0.12.Final]
	at java.lang.String.valueOf(String.java:2994) ~[na:1.8.0_131]
	at java.lang.StringBuilder.append(StringBuilder.java:131) ~[na:1.8.0_131]
	at com.jpa.hibernate.demo.entity.Course.toString(Course.java:105) ~[classes/:na]
	at java.lang.String.valueOf(String.java:2994) ~[na:1.8.0_131]
	at java.lang.StringBuilder.append(StringBuilder.java:131) ~[na:1.8.0_131]
	at com.jpa.hibernate.demo.entity.Rating.toString(Rating.java:55) ~[classes/:na]
	at java.lang.String.valueOf(String.java:2994) ~[na:1.8.0_131]
	at java.lang.StringBuilder.append(StringBuilder.java:131) ~[na:1.8.0_131]
	at java.util.AbstractCollection.toString(AbstractCollection.java:462) ~[na:1.8.0_131]
	at org.hibernate.collection.internal.PersistentBag.toString(PersistentBag.java:510) ~[hibernate-core-5.0.12.Final.jar:5.0.12.Final]
	at java.lang.String.valueOf(String.java:2994) ~[na:1.8.0_131]
	at java.lang.StringBuilder.append(StringBuilder.java:131) ~[na:1.8.0_131]
	at com.jpa.hibernate.demo.entity.Course.toString(Course.java:105) ~[classes/:na]
	at java.lang.String.valueOf(String.java:2994) ~[na:1.8.0_131]
	at java.lang.StringBuilder.append(StringBuilder.java:131) ~[na:1.8.0_131]
	at com.jpa.hibernate.demo.entity.Rating.toString(Rating.java:55) ~[classes/:na]
	at java.lang.String.valueOf(String.java:2994) ~[na:1.8.0_131]
	at java.lang.StringBuilder.append(StringBuilder.java:131) ~[na:1.8.0_131]
	at java.util.AbstractCollection.toString(AbstractCollection.java:462) ~[na:1.8.0_131]
	at org.hibernate.collection.internal.PersistentBag.toString(PersistentBag.java:510) ~[hibernate-core-5.0.12.Final.jar:5.0.12.Final]
	at java.lang.String.valueOf(String.java:2994) ~[na:1.8.0_131]
	at java.lang.StringBuilder.append(StringBuilder.java:131) ~[na:1.8.0_131]
	at com.jpa.hibernate.demo.entity.Course.toString(Course.java:105) ~[classes/:na]
	at java.lang.String.valueOf(String.java:2994) ~[na:1.8.0_131]
	at java.lang.StringBuilder.append(StringBuilder.java:131) ~[na:1.8.0_131]
	at com.jpa.hibernate.demo.entity.Rating.toString(Rating.java:55) ~[classes/:na]
	at java.lang.String.valueOf(String.java:2994) ~[na:1.8.0_131]
	at java.lang.StringBuilder.append(StringBuilder.java:131) ~[na:1.8.0_131]
	at java.util.AbstractCollection.toString(AbstractCollection.java:462) ~[na:1.8.0_131]
	at org.hibernate.collection.internal.PersistentBag.toString(PersistentBag.java:510) ~[hibernate-core-5.0.12.Final.jar:5.0.12.Final]
	at java.lang.String.valueOf(String.java:2994) ~[na:1.8.0_131]
	at java.lang.StringBuilder.append(StringBuilder.java:131) ~[na:1.8.0_131]
	at com.jpa.hibernate.demo.entity.Course.toString(Course.java:105) ~[classes/:na]
	at java.lang.String.valueOf(String.java:2994) ~[na:1.8.0_131]
	at java.lang.StringBuilder.append(StringBuilder.java:131) ~[na:1.8.0_131]
	at com.jpa.hibernate.demo.entity.Rating.toString(Rating.java:55) ~[classes/:na]
	at java.lang.String.valueOf(String.java:2994) ~[na:1.8.0_131]
	at java.lang.StringBuilder.append(StringBuilder.java:131) ~[na:1.8.0_131]
	at java.util.AbstractCollection.toString(AbstractCollection.java:462) ~[na:1.8.0_131]
	at org.hibernate.collection.internal.PersistentBag.toString(PersistentBag.java:510) ~[hibernate-core-5.0.12.Final.jar:5.0.12.Final]
	at java.lang.String.valueOf(String.java:2994) ~[na:1.8.0_131]
	at java.lang.StringBuilder.append(StringBuilder.java:131) ~[na:1.8.0_131]
	at com.jpa.hibernate.demo.entity.Course.toString(Course.java:105) ~[classes/:na]
	at java.lang.String.valueOf(String.java:2994) ~[na:1.8.0_131]
	at java.lang.StringBuilder.append(StringBuilder.java:131) ~[na:1.8.0_131]
	at com.jpa.hibernate.demo.entity.Rating.toString(Rating.java:55) ~[classes/:na]
	at java.lang.String.valueOf(String.java:2994) ~[na:1.8.0_131]
	at java.lang.StringBuilder.append(StringBuilder.java:131) ~[na:1.8.0_131]
	at java.util.AbstractCollection.toString(AbstractCollection.java:462) ~[na:1.8.0_131]
	at org.hibernate.collection.internal.PersistentBag.toString(PersistentBag.java:510) ~[hibernate-core-5.0.12.Final.jar:5.0.12.Final]
	at java.lang.String.valueOf(String.java:2994) ~[na:1.8.0_131]
	at java.lang.StringBuilder.append(StringBuilder.java:131) ~[na:1.8.0_131]
	at com.jpa.hibernate.demo.entity.Course.toString(Course.java:105) ~[classes/:na]
	at java.lang.String.valueOf(String.java:2994) ~[na:1.8.0_131]
	at java.lang.StringBuilder.append(StringBuilder.java:131) ~[na:1.8.0_131]
	at com.jpa.hibernate.demo.entity.Rating.toString(Rating.java:55) ~[classes/:na]
	at java.lang.String.valueOf(String.java:2994) ~[na:1.8.0_131]
	at java.lang.StringBuilder.append(StringBuilder.java:131) ~[na:1.8.0_131]
	at java.util.AbstractCollection.toString(AbstractCollection.java:462) ~[na:1.8.0_131]
	at org.hibernate.collection.internal.PersistentBag.toString(PersistentBag.java:510) ~[hibernate-core-5.0.12.Final.jar:5.0.12.Final]
	at java.lang.String.valueOf(String.java:2994) ~[na:1.8.0_131]
	at java.lang.StringBuilder.append(StringBuilder.java:131) ~[na:1.8.0_131]
	at com.jpa.hibernate.demo.entity.Course.toString(Course.java:105) ~[classes/:na]
	at java.lang.String.valueOf(String.java:2994) ~[na:1.8.0_131]
	at java.lang.StringBuilder.append(StringBuilder.java:131) ~[na:1.8.0_131]
	at com.jpa.hibernate.demo.entity.Rating.toString(Rating.java:55) ~[classes/:na]
	at java.lang.String.valueOf(String.java:2994) ~[na:1.8.0_131]
	at java.lang.StringBuilder.append(StringBuilder.java:131) ~[na:1.8.0_131]
	at java.util.AbstractCollection.toString(AbstractCollection.java:462) ~[na:1.8.0_131]
	at org.hibernate.collection.internal.PersistentBag.toString(PersistentBag.java:510) ~[hibernate-core-5.0.12.Final.jar:5.0.12.Final]
	at java.lang.String.valueOf(String.java:2994) ~[na:1.8.0_131]
	at java.lang.StringBuilder.append(StringBuilder.java:131) ~[na:1.8.0_131]
	at com.jpa.hibernate.demo.entity.Course.toString(Course.java:105) ~[classes/:na]
	at java.lang.String.valueOf(String.java:2994) ~[na:1.8.0_131]
	at java.lang.StringBuilder.append(StringBuilder.java:131) ~[na:1.8.0_131]
	at com.jpa.hibernate.demo.entity.Rating.toString(Rating.java:55) ~[classes/:na]
	at java.lang.String.valueOf(String.java:2994) ~[na:1.8.0_131]
	at java.lang.StringBuilder.append(StringBuilder.java:131) ~[na:1.8.0_131]
	at java.util.AbstractCollection.toString(AbstractCollection.java:462) ~[na:1.8.0_131]
	at org.hibernate.collection.internal.PersistentBag.toString(PersistentBag.java:510) ~[hibernate-core-5.0.12.Final.jar:5.0.12.Final]
	at java.lang.String.valueOf(String.java:2994) ~[na:1.8.0_131]
	at java.lang.StringBuilder.append(StringBuilder.java:131) ~[na:1.8.0_131]
	at com.jpa.hibernate.demo.entity.Course.toString(Course.java:105) ~[classes/:na]
	at java.lang.String.valueOf(String.java:2994) ~[na:1.8.0_131]
	at java.lang.StringBuilder.append(StringBuilder.java:131) ~[na:1.8.0_131]
	at com.jpa.hibernate.demo.entity.Rating.toString(Rating.java:55) ~[classes/:na]
	at java.lang.String.valueOf(String.java:2994) ~[na:1.8.0_131]
	at java.lang.StringBuilder.append(StringBuilder.java:131) ~[na:1.8.0_131]
	at java.util.AbstractCollection.toString(AbstractCollection.java:462) ~[na:1.8.0_131]
	at org.hibernate.collection.internal.PersistentBag.toString(PersistentBag.java:510) ~[hibernate-core-5.0.12.Final.jar:5.0.12.Final]
	at java.lang.String.valueOf(String.java:2994) ~[na:1.8.0_131]
	at java.lang.StringBuilder.append(StringBuilder.java:131) ~[na:1.8.0_131]
	at com.jpa.hibernate.demo.entity.Course.toString(Course.java:105) ~[classes/:na]
	at java.lang.String.valueOf(String.java:2994) ~[na:1.8.0_131]
	at java.lang.StringBuilder.append(StringBuilder.java:131) ~[na:1.8.0_131]
	at com.jpa.hibernate.demo.entity.Rating.toString(Rating.java:55) ~[classes/:na]
	at java.lang.String.valueOf(String.java:2994) ~[na:1.8.0_131]
	at java.lang.StringBuilder.append(StringBuilder.java:131) ~[na:1.8.0_131]
	at java.util.AbstractCollection.toString(AbstractCollection.java:462) ~[na:1.8.0_131]
	at org.hibernate.collection.internal.PersistentBag.toString(PersistentBag.java:510) ~[hibernate-core-5.0.12.Final.jar:5.0.12.Final]
	at java.lang.String.valueOf(String.java:2994) ~[na:1.8.0_131]
	at java.lang.StringBuilder.append(StringBuilder.java:131) ~[na:1.8.0_131]
	at com.jpa.hibernate.demo.entity.Course.toString(Course.java:105) ~[classes/:na]
	at java.lang.String.valueOf(String.java:2994) ~[na:1.8.0_131]
	at java.lang.StringBuilder.append(StringBuilder.java:131) ~[na:1.8.0_131]
	at com.jpa.hibernate.demo.entity.Rating.toString(Rating.java:55) ~[classes/:na]
	at java.lang.String.valueOf(String.java:2994) ~[na:1.8.0_131]
	at java.lang.StringBuilder.append(StringBuilder.java:131) ~[na:1.8.0_131]
	at java.util.AbstractCollection.toString(AbstractCollection.java:462) ~[na:1.8.0_131]
	at org.hibernate.collection.internal.PersistentBag.toString(PersistentBag.java:510) ~[hibernate-core-5.0.12.Final.jar:5.0.12.Final]
	at java.lang.String.valueOf(String.java:2994) ~[na:1.8.0_131]
	at java.lang.StringBuilder.append(StringBuilder.java:131) ~[na:1.8.0_131]
	at com.jpa.hibernate.demo.entity.Course.toString(Course.java:105) ~[classes/:na]
	at java.lang.String.valueOf(String.java:2994) ~[na:1.8.0_131]
	at java.lang.StringBuilder.append(StringBuilder.java:131) ~[na:1.8.0_131]
	at com.jpa.hibernate.demo.entity.Rating.toString(Rating.java:55) ~[classes/:na]
	at java.lang.String.valueOf(String.java:2994) ~[na:1.8.0_131]
	at java.lang.StringBuilder.append(StringBuilder.java:131) ~[na:1.8.0_131]
	at java.util.AbstractCollection.toString(AbstractCollection.java:462) ~[na:1.8.0_131]
	at org.hibernate.collection.internal.PersistentBag.toString(PersistentBag.java:510) ~[hibernate-core-5.0.12.Final.jar:5.0.12.Final]
	at java.lang.String.valueOf(String.java:2994) ~[na:1.8.0_131]
	at java.lang.StringBuilder.append(StringBuilder.java:131) ~[na:1.8.0_131]
	at com.jpa.hibernate.demo.entity.Course.toString(Course.java:105) ~[classes/:na]
	at java.lang.String.valueOf(String.java:2994) ~[na:1.8.0_131]
	at java.lang.StringBuilder.append(StringBuilder.java:131) ~[na:1.8.0_131]
	at com.jpa.hibernate.demo.entity.Rating.toString(Rating.java:55) ~[classes/:na]
	at java.lang.String.valueOf(String.java:2994) ~[na:1.8.0_131]
	at java.lang.StringBuilder.append(StringBuilder.java:131) ~[na:1.8.0_131]
	at java.util.AbstractCollection.toString(AbstractCollection.java:462) ~[na:1.8.0_131]
	at org.hibernate.collection.internal.PersistentBag.toString(PersistentBag.java:510) ~[hibernate-core-5.0.12.Final.jar:5.0.12.Final]
	at java.lang.String.valueOf(String.java:2994) ~[na:1.8.0_131]
	at java.lang.StringBuilder.append(StringBuilder.java:131) ~[na:1.8.0_131]
	at com.jpa.hibernate.demo.entity.Course.toString(Course.java:105) ~[classes/:na]
	at java.lang.String.valueOf(String.java:2994) ~[na:1.8.0_131]
	at java.lang.StringBuilder.append(StringBuilder.java:131) ~[na:1.8.0_131]
	at com.jpa.hibernate.demo.entity.Rating.toString(Rating.java:55) ~[classes/:na]
	at java.lang.String.valueOf(String.java:2994) ~[na:1.8.0_131]
	at java.lang.StringBuilder.append(StringBuilder.java:131) ~[na:1.8.0_131]
	at java.util.AbstractCollection.toString(AbstractCollection.java:462) ~[na:1.8.0_131]
	at org.hibernate.collection.internal.PersistentBag.toString(PersistentBag.java:510) ~[hibernate-core-5.0.12.Final.jar:5.0.12.Final]
	at java.lang.String.valueOf(String.java:2994) ~[na:1.8.0_131]
	at java.lang.StringBuilder.append(StringBuilder.java:131) ~[na:1.8.0_131]
	at com.jpa.hibernate.demo.entity.Course.toString(Course.java:105) ~[classes/:na]
	at java.lang.String.valueOf(String.java:2994) ~[na:1.8.0_131]
	at java.lang.StringBuilder.append(StringBuilder.java:131) ~[na:1.8.0_131]
	at com.jpa.hibernate.demo.entity.Rating.toString(Rating.java:55) ~[classes/:na]
	at java.lang.String.valueOf(String.java:2994) ~[na:1.8.0_131]
	at java.lang.StringBuilder.append(StringBuilder.java:131) ~[na:1.8.0_131]
	at java.util.AbstractCollection.toString(AbstractCollection.java:462) ~[na:1.8.0_131]
	at org.hibernate.collection.internal.PersistentBag.toString(PersistentBag.java:510) ~[hibernate-core-5.0.12.Final.jar:5.0.12.Final]
	at java.lang.String.valueOf(String.java:2994) ~[na:1.8.0_131]
	at java.lang.StringBuilder.append(StringBuilder.java:131) ~[na:1.8.0_131]

2019-06-19 12:01:07.836  INFO 6732 --- [           main] o.s.w.c.s.GenericWebApplicationContext   : Closing org.springframework.web.context.support.GenericWebApplicationContext@2ac3d530: startup date [Wed Jun 19 12:01:06 IST 2019]; root of context hierarchy
2019-06-19 12:01:07.837  INFO 6732 --- [           main] j.LocalContainerEntityManagerFactoryBean : Closing JPA EntityManagerFactory for persistence unit 'default'
2019-06-19 12:01:07.839 ERROR 6732 --- [           main] o.s.test.context.TestContextManager      : Caught exception while allowing TestExecutionListener [org.springframework.test.context.web.ServletTestExecutionListener@482ba4b1] to prepare test instance [com.jpa.hibernate.demo.repo.CourseRepoTest@65cc3902]

java.lang.StackOverflowError: null
	at java.util.AbstractCollection.toString(AbstractCollection.java:454) ~[na:1.8.0_131]
	at org.hibernate.collection.internal.PersistentBag.toString(PersistentBag.java:510) ~[hibernate-core-5.0.12.Final.jar:5.0.12.Final]
	at java.lang.String.valueOf(String.java:2994) ~[na:1.8.0_131]
	at java.lang.StringBuilder.append(StringBuilder.java:131) ~[na:1.8.0_131]
	at com.jpa.hibernate.demo.entity.Course.toString(Course.java:105) ~[classes/:na]
	at java.lang.String.valueOf(String.java:2994) ~[na:1.8.0_131]
	at java.lang.StringBuilder.append(StringBuilder.java:131) ~[na:1.8.0_131]
	at com.jpa.hibernate.demo.entity.Rating.toString(Rating.java:55) ~[classes/:na]
	at java.lang.String.valueOf(String.java:2994) ~[na:1.8.0_131]
	at java.lang.StringBuilder.append(StringBuilder.java:131) ~[na:1.8.0_131]
	at java.util.AbstractCollection.toString(AbstractCollection.java:462) ~[na:1.8.0_131]
	at org.hibernate.collection.internal.PersistentBag.toString(PersistentBag.java:510) ~[hibernate-core-5.0.12.Final.jar:5.0.12.Final]
	at java.lang.String.valueOf(String.java:2994) ~[na:1.8.0_131]
	at java.lang.StringBuilder.append(StringBuilder.java:131) ~[na:1.8.0_131]
	at com.jpa.hibernate.demo.entity.Course.toString(Course.java:105) ~[classes/:na]
	at java.lang.String.valueOf(String.java:2994) ~[na:1.8.0_131]
	at java.lang.StringBuilder.append(StringBuilder.java:131) ~[na:1.8.0_131]
	at com.jpa.hibernate.demo.entity.Rating.toString(Rating.java:55) ~[classes/:na]
	at java.lang.String.valueOf(String.java:2994) ~[na:1.8.0_131]
	at java.lang.StringBuilder.append(StringBuilder.java:131) ~[na:1.8.0_131]
	at java.util.AbstractCollection.toString(AbstractCollection.java:462) ~[na:1.8.0_131]
	at org.hibernate.collection.internal.PersistentBag.toString(PersistentBag.java:510) ~[hibernate-core-5.0.12.Final.jar:5.0.12.Final]
	at java.lang.String.valueOf(String.java:2994) ~[na:1.8.0_131]
	at java.lang.StringBuilder.append(StringBuilder.java:131) ~[na:1.8.0_131]
	at com.jpa.hibernate.demo.entity.Course.toString(Course.java:105) ~[classes/:na]
	at java.lang.String.valueOf(String.java:2994) ~[na:1.8.0_131]
	at java.lang.StringBuilder.append(StringBuilder.java:131) ~[na:1.8.0_131]
	at com.jpa.hibernate.demo.entity.Rating.toString(Rating.java:55) ~[classes/:na]
	at java.lang.String.valueOf(String.java:2994) ~[na:1.8.0_131]
	at java.lang.StringBuilder.append(StringBuilder.java:131) ~[na:1.8.0_131]
	at java.util.AbstractCollection.toString(AbstractCollection.java:462) ~[na:1.8.0_131]
	at org.hibernate.collection.internal.PersistentBag.toString(PersistentBag.java:510) ~[hibernate-core-5.0.12.Final.jar:5.0.12.Final]
	at java.lang.String.valueOf(String.java:2994) ~[na:1.8.0_131]
	at java.lang.StringBuilder.append(StringBuilder.java:131) ~[na:1.8.0_131]
	at com.jpa.hibernate.demo.entity.Course.toString(Course.java:105) ~[classes/:na]
	at java.lang.String.valueOf(String.java:2994) ~[na:1.8.0_131]
	at java.lang.StringBuilder.append(StringBuilder.java:131) ~[na:1.8.0_131]
	at com.jpa.hibernate.demo.entity.Rating.toString(Rating.java:55) ~[classes/:na]
	at java.lang.String.valueOf(String.java:2994) ~[na:1.8.0_131]
	at java.lang.StringBuilder.append(StringBuilder.java:131) ~[na:1.8.0_131]
	at java.util.AbstractCollection.toString(AbstractCollection.java:462) ~[na:1.8.0_131]
	at org.hibernate.collection.internal.PersistentBag.toString(PersistentBag.java:510) ~[hibernate-core-5.0.12.Final.jar:5.0.12.Final]
	at java.lang.String.valueOf(String.java:2994) ~[na:1.8.0_131]
	at java.lang.StringBuilder.append(StringBuilder.java:131) ~[na:1.8.0_131]
	at com.jpa.hibernate.demo.entity.Course.toString(Course.java:105) ~[classes/:na]
	at java.lang.String.valueOf(String.java:2994) ~[na:1.8.0_131]
	at java.lang.StringBuilder.append(StringBuilder.java:131) ~[na:1.8.0_131]
	at com.jpa.hibernate.demo.entity.Rating.toString(Rating.java:55) ~[classes/:na]
	at java.lang.String.valueOf(String.java:2994) ~[na:1.8.0_131]
	at java.lang.StringBuilder.append(StringBuilder.java:131) ~[na:1.8.0_131]
	at java.util.AbstractCollection.toString(AbstractCollection.java:462) ~[na:1.8.0_131]
	at org.hibernate.collection.internal.PersistentBag.toString(PersistentBag.java:510) ~[hibernate-core-5.0.12.Final.jar:5.0.12.Final]
	at java.lang.String.valueOf(String.java:2994) ~[na:1.8.0_131]
	at java.lang.StringBuilder.append(StringBuilder.java:131) ~[na:1.8.0_131]
	at com.jpa.hibernate.demo.entity.Course.toString(Course.java:105) ~[classes/:na]
	at java.lang.String.valueOf(String.java:2994) ~[na:1.8.0_131]
	at java.lang.StringBuilder.append(StringBuilder.java:131) ~[na:1.8.0_131]
	at com.jpa.hibernate.demo.entity.Rating.toString(Rating.java:55) ~[classes/:na]
	at java.lang.String.valueOf(String.java:2994) ~[na:1.8.0_131]
	at java.lang.StringBuilder.append(StringBuilder.java:131) ~[na:1.8.0_131]
	at java.util.AbstractCollection.toString(AbstractCollection.java:462) ~[na:1.8.0_131]
	at org.hibernate.collection.internal.PersistentBag.toString(PersistentBag.java:510) ~[hibernate-core-5.0.12.Final.jar:5.0.12.Final]
	at java.lang.String.valueOf(String.java:2994) ~[na:1.8.0_131]
	at java.lang.StringBuilder.append(StringBuilder.java:131) ~[na:1.8.0_131]
	at com.jpa.hibernate.demo.entity.Course.toString(Course.java:105) ~[classes/:na]
	at java.lang.String.valueOf(String.java:2994) ~[na:1.8.0_131]
	at java.lang.StringBuilder.append(StringBuilder.java:131) ~[na:1.8.0_131]
	at com.jpa.hibernate.demo.entity.Rating.toString(Rating.java:55) ~[classes/:na]
	at java.lang.String.valueOf(String.java:2994) ~[na:1.8.0_131]
	at java.lang.StringBuilder.append(StringBuilder.java:131) ~[na:1.8.0_131]
	at java.util.AbstractCollection.toString(AbstractCollection.java:462) ~[na:1.8.0_131]
	at org.hibernate.collection.internal.PersistentBag.toString(PersistentBag.java:510) ~[hibernate-core-5.0.12.Final.jar:5.0.12.Final]
	at java.lang.String.valueOf(String.java:2994) ~[na:1.8.0_131]
	at java.lang.StringBuilder.append(StringBuilder.java:131) ~[na:1.8.0_131]
	at com.jpa.hibernate.demo.entity.Course.toString(Course.java:105) ~[classes/:na]
	at java.lang.String.valueOf(String.java:2994) ~[na:1.8.0_131]
	at java.lang.StringBuilder.append(StringBuilder.java:131) ~[na:1.8.0_131]
	at com.jpa.hibernate.demo.entity.Rating.toString(Rating.java:55) ~[classes/:na]
	at java.lang.String.valueOf(String.java:2994) ~[na:1.8.0_131]
	at java.lang.StringBuilder.append(StringBuilder.java:131) ~[na:1.8.0_131]
	at java.util.AbstractCollection.toString(AbstractCollection.java:462) ~[na:1.8.0_131]
	at org.hibernate.collection.internal.PersistentBag.toString(PersistentBag.java:510) ~[hibernate-core-5.0.12.Final.jar:5.0.12.Final]
	at java.lang.String.valueOf(String.java:2994) ~[na:1.8.0_131]
	at java.lang.StringBuilder.append(StringBuilder.java:131) ~[na:1.8.0_131]
	at com.jpa.hibernate.demo.entity.Course.toString(Course.java:105) ~[classes/:na]
	at java.lang.String.valueOf(String.java:2994) ~[na:1.8.0_131]
	at java.lang.StringBuilder.append(StringBuilder.java:131) ~[na:1.8.0_131]
	at com.jpa.hibernate.demo.entity.Rating.toString(Rating.java:55) ~[classes/:na]
	at java.lang.String.valueOf(String.java:2994) ~[na:1.8.0_131]
	at java.lang.StringBuilder.append(StringBuilder.java:131) ~[na:1.8.0_131]
	at java.util.AbstractCollection.toString(AbstractCollection.java:462) ~[na:1.8.0_131]
	at org.hibernate.collection.internal.PersistentBag.toString(PersistentBag.java:510) ~[hibernate-core-5.0.12.Final.jar:5.0.12.Final]
	at java.lang.String.valueOf(String.java:2994) ~[na:1.8.0_131]
	at java.lang.StringBuilder.append(StringBuilder.java:131) ~[na:1.8.0_131]
	at com.jpa.hibernate.demo.entity.Course.toString(Course.java:105) ~[classes/:na]
	at java.lang.String.valueOf(String.java:2994) ~[na:1.8.0_131]
	at java.lang.StringBuilder.append(StringBuilder.java:131) ~[na:1.8.0_131]
	at com.jpa.hibernate.demo.entity.Rating.toString(Rating.java:55) ~[classes/:na]
	at java.lang.String.valueOf(String.java:2994) ~[na:1.8.0_131]
	at java.lang.StringBuilder.append(StringBuilder.java:131) ~[na:1.8.0_131]
	at java.util.AbstractCollection.toString(AbstractCollection.java:462) ~[na:1.8.0_131]
	at org.hibernate.collection.internal.PersistentBag.toString(PersistentBag.java:510) ~[hibernate-core-5.0.12.Final.jar:5.0.12.Final]
	at java.lang.String.valueOf(String.java:2994) ~[na:1.8.0_131]
	at java.lang.StringBuilder.append(StringBuilder.java:131) ~[na:1.8.0_131]
	at com.jpa.hibernate.demo.entity.Course.toString(Course.java:105) ~[classes/:na]
	at java.lang.String.valueOf(String.java:2994) ~[na:1.8.0_131]
	at java.lang.StringBuilder.append(StringBuilder.java:131) ~[na:1.8.0_131]
	at com.jpa.hibernate.demo.entity.Rating.toString(Rating.java:55) ~[classes/:na]
	at java.lang.String.valueOf(String.java:2994) ~[na:1.8.0_131]
	at java.lang.StringBuilder.append(StringBuilder.java:131) ~[na:1.8.0_131]
	at java.util.AbstractCollection.toString(AbstractCollection.java:462) ~[na:1.8.0_131]
	at org.hibernate.collection.internal.PersistentBag.toString(PersistentBag.java:510) ~[hibernate-core-5.0.12.Final.jar:5.0.12.Final]
	at java.lang.String.valueOf(String.java:2994) ~[na:1.8.0_131]
	at java.lang.StringBuilder.append(StringBuilder.java:131) ~[na:1.8.0_131]
	at com.jpa.hibernate.demo.entity.Course.toString(Course.java:105) ~[classes/:na]
	at java.lang.String.valueOf(String.java:2994) ~[na:1.8.0_131]
	at java.lang.StringBuilder.append(StringBuilder.java:131) ~[na:1.8.0_131]
	at com.jpa.hibernate.demo.entity.Rating.toString(Rating.java:55) ~[classes/:na]
	at java.lang.String.valueOf(String.java:2994) ~[na:1.8.0_131]
	at java.lang.StringBuilder.append(StringBuilder.java:131) ~[na:1.8.0_131]
	at java.util.AbstractCollection.toString(AbstractCollection.java:462) ~[na:1.8.0_131]
	at org.hibernate.collection.internal.PersistentBag.toString(PersistentBag.java:510) ~[hibernate-core-5.0.12.Final.jar:5.0.12.Final]
	at java.lang.String.valueOf(String.java:2994) ~[na:1.8.0_131]
	at java.lang.StringBuilder.append(StringBuilder.java:131) ~[na:1.8.0_131]
	at com.jpa.hibernate.demo.entity.Course.toString(Course.java:105) ~[classes/:na]
	at java.lang.String.valueOf(String.java:2994) ~[na:1.8.0_131]
	at java.lang.StringBuilder.append(StringBuilder.java:131) ~[na:1.8.0_131]
	at com.jpa.hibernate.demo.entity.Rating.toString(Rating.java:55) ~[classes/:na]
	at java.lang.String.valueOf(String.java:2994) ~[na:1.8.0_131]
	at java.lang.StringBuilder.append(StringBuilder.java:131) ~[na:1.8.0_131]
	at java.util.AbstractCollection.toString(AbstractCollection.java:462) ~[na:1.8.0_131]
	at org.hibernate.collection.internal.PersistentBag.toString(PersistentBag.java:510) ~[hibernate-core-5.0.12.Final.jar:5.0.12.Final]
	at java.lang.String.valueOf(String.java:2994) ~[na:1.8.0_131]
	at java.lang.StringBuilder.append(StringBuilder.java:131) ~[na:1.8.0_131]
	at com.jpa.hibernate.demo.entity.Course.toString(Course.java:105) ~[classes/:na]
	at java.lang.String.valueOf(String.java:2994) ~[na:1.8.0_131]
	at java.lang.StringBuilder.append(StringBuilder.java:131) ~[na:1.8.0_131]
	at com.jpa.hibernate.demo.entity.Rating.toString(Rating.java:55) ~[classes/:na]
	at java.lang.String.valueOf(String.java:2994) ~[na:1.8.0_131]
	at java.lang.StringBuilder.append(StringBuilder.java:131) ~[na:1.8.0_131]
	at java.util.AbstractCollection.toString(AbstractCollection.java:462) ~[na:1.8.0_131]
	at org.hibernate.collection.internal.PersistentBag.toString(PersistentBag.java:510) ~[hibernate-core-5.0.12.Final.jar:5.0.12.Final]
	at java.lang.String.valueOf(String.java:2994) ~[na:1.8.0_131]
	at java.lang.StringBuilder.append(StringBuilder.java:131) ~[na:1.8.0_131]
	at com.jpa.hibernate.demo.entity.Course.toString(Course.java:105) ~[classes/:na]
	at java.lang.String.valueOf(String.java:2994) ~[na:1.8.0_131]
	at java.lang.StringBuilder.append(StringBuilder.java:131) ~[na:1.8.0_131]
	at com.jpa.hibernate.demo.entity.Rating.toString(Rating.java:55) ~[classes/:na]
	at java.lang.String.valueOf(String.java:2994) ~[na:1.8.0_131]
	at java.lang.StringBuilder.append(StringBuilder.java:131) ~[na:1.8.0_131]
	at java.util.AbstractCollection.toString(AbstractCollection.java:462) ~[na:1.8.0_131]
	at org.hibernate.collection.internal.PersistentBag.toString(PersistentBag.java:510) ~[hibernate-core-5.0.12.Final.jar:5.0.12.Final]
	at java.lang.String.valueOf(String.java:2994) ~[na:1.8.0_131]
	at java.lang.StringBuilder.append(StringBuilder.java:131) ~[na:1.8.0_131]
	at com.jpa.hibernate.demo.entity.Course.toString(Course.java:105) ~[classes/:na]
	at java.lang.String.valueOf(String.java:2994) ~[na:1.8.0_131]
	at java.lang.StringBuilder.append(StringBuilder.java:131) ~[na:1.8.0_131]
	at com.jpa.hibernate.demo.entity.Rating.toString(Rating.java:55) ~[classes/:na]
	at java.lang.String.valueOf(String.java:2994) ~[na:1.8.0_131]
	at java.lang.StringBuilder.append(StringBuilder.java:131) ~[na:1.8.0_131]
	at java.util.AbstractCollection.toString(AbstractCollection.java:462) ~[na:1.8.0_131]
	at org.hibernate.collection.internal.PersistentBag.toString(PersistentBag.java:510) ~[hibernate-core-5.0.12.Final.jar:5.0.12.Final]
	at java.lang.String.valueOf(String.java:2994) ~[na:1.8.0_131]
	at java.lang.StringBuilder.append(StringBuilder.java:131) ~[na:1.8.0_131]
	at com.jpa.hibernate.demo.entity.Course.toString(Course.java:105) ~[classes/:na]
	at java.lang.String.valueOf(String.java:2994) ~[na:1.8.0_131]
	at java.lang.StringBuilder.append(StringBuilder.java:131) ~[na:1.8.0_131]
	at com.jpa.hibernate.demo.entity.Rating.toString(Rating.java:55) ~[classes/:na]
	at java.lang.String.valueOf(String.java:2994) ~[na:1.8.0_131]
	at java.lang.StringBuilder.append(StringBuilder.java:131) ~[na:1.8.0_131]
	at java.util.AbstractCollection.toString(AbstractCollection.java:462) ~[na:1.8.0_131]
	at org.hibernate.collection.internal.PersistentBag.toString(PersistentBag.java:510) ~[hibernate-core-5.0.12.Final.jar:5.0.12.Final]
	at java.lang.String.valueOf(String.java:2994) ~[na:1.8.0_131]
	at java.lang.StringBuilder.append(StringBuilder.java:131) ~[na:1.8.0_131]
	at com.jpa.hibernate.demo.entity.Course.toString(Course.java:105) ~[classes/:na]
	at java.lang.String.valueOf(String.java:2994) ~[na:1.8.0_131]
	at java.lang.StringBuilder.append(StringBuilder.java:131) ~[na:1.8.0_131]
	at com.jpa.hibernate.demo.entity.Rating.toString(Rating.java:55) ~[classes/:na]
	at java.lang.String.valueOf(String.java:2994) ~[na:1.8.0_131]
	at java.lang.StringBuilder.append(StringBuilder.java:131) ~[na:1.8.0_131]
	at java.util.AbstractCollection.toString(AbstractCollection.java:462) ~[na:1.8.0_131]
	at org.hibernate.collection.internal.PersistentBag.toString(PersistentBag.java:510) ~[hibernate-core-5.0.12.Final.jar:5.0.12.Final]
	at java.lang.String.valueOf(String.java:2994) ~[na:1.8.0_131]
	at java.lang.StringBuilder.append(StringBuilder.java:131) ~[na:1.8.0_131]
	at com.jpa.hibernate.demo.entity.Course.toString(Course.java:105) ~[classes/:na]
	at java.lang.String.valueOf(String.java:2994) ~[na:1.8.0_131]
	at java.lang.StringBuilder.append(StringBuilder.java:131) ~[na:1.8.0_131]
	at com.jpa.hibernate.demo.entity.Rating.toString(Rating.java:55) ~[classes/:na]
	at java.lang.String.valueOf(String.java:2994) ~[na:1.8.0_131]
	at java.lang.StringBuilder.append(StringBuilder.java:131) ~[na:1.8.0_131]
	at java.util.AbstractCollection.toString(AbstractCollection.java:462) ~[na:1.8.0_131]
	at org.hibernate.collection.internal.PersistentBag.toString(PersistentBag.java:510) ~[hibernate-core-5.0.12.Final.jar:5.0.12.Final]
	at java.lang.String.valueOf(String.java:2994) ~[na:1.8.0_131]
	at java.lang.StringBuilder.append(StringBuilder.java:131) ~[na:1.8.0_131]
	at com.jpa.hibernate.demo.entity.Course.toString(Course.java:105) ~[classes/:na]
	at java.lang.String.valueOf(String.java:2994) ~[na:1.8.0_131]
	at java.lang.StringBuilder.append(StringBuilder.java:131) ~[na:1.8.0_131]
	at com.jpa.hibernate.demo.entity.Rating.toString(Rating.java:55) ~[classes/:na]
	at java.lang.String.valueOf(String.java:2994) ~[na:1.8.0_131]
	at java.lang.StringBuilder.append(StringBuilder.java:131) ~[na:1.8.0_131]
	at java.util.AbstractCollection.toString(AbstractCollection.java:462) ~[na:1.8.0_131]
	at org.hibernate.collection.internal.PersistentBag.toString(PersistentBag.java:510) ~[hibernate-core-5.0.12.Final.jar:5.0.12.Final]
	at java.lang.String.valueOf(String.java:2994) ~[na:1.8.0_131]
	at java.lang.StringBuilder.append(StringBuilder.java:131) ~[na:1.8.0_131]
	at com.jpa.hibernate.demo.entity.Course.toString(Course.java:105) ~[classes/:na]
	at java.lang.String.valueOf(String.java:2994) ~[na:1.8.0_131]
	at java.lang.StringBuilder.append(StringBuilder.java:131) ~[na:1.8.0_131]
	at com.jpa.hibernate.demo.entity.Rating.toString(Rating.java:55) ~[classes/:na]
	at java.lang.String.valueOf(String.java:2994) ~[na:1.8.0_131]
	at java.lang.StringBuilder.append(StringBuilder.java:131) ~[na:1.8.0_131]
	at java.util.AbstractCollection.toString(AbstractCollection.java:462) ~[na:1.8.0_131]
	at org.hibernate.collection.internal.PersistentBag.toString(PersistentBag.java:510) ~[hibernate-core-5.0.12.Final.jar:5.0.12.Final]
	at java.lang.String.valueOf(String.java:2994) ~[na:1.8.0_131]
	at java.lang.StringBuilder.append(StringBuilder.java:131) ~[na:1.8.0_131]
	at com.jpa.hibernate.demo.entity.Course.toString(Course.java:105) ~[classes/:na]
	at java.lang.String.valueOf(String.java:2994) ~[na:1.8.0_131]
	at java.lang.StringBuilder.append(StringBuilder.java:131) ~[na:1.8.0_131]
	at com.jpa.hibernate.demo.entity.Rating.toString(Rating.java:55) ~[classes/:na]
	at java.lang.String.valueOf(String.java:2994) ~[na:1.8.0_131]
	at java.lang.StringBuilder.append(StringBuilder.java:131) ~[na:1.8.0_131]
	at java.util.AbstractCollection.toString(AbstractCollection.java:462) ~[na:1.8.0_131]
	at org.hibernate.collection.internal.PersistentBag.toString(PersistentBag.java:510) ~[hibernate-core-5.0.12.Final.jar:5.0.12.Final]
	at java.lang.String.valueOf(String.java:2994) ~[na:1.8.0_131]
	at java.lang.StringBuilder.append(StringBuilder.java:131) ~[na:1.8.0_131]
	at com.jpa.hibernate.demo.entity.Course.toString(Course.java:105) ~[classes/:na]
	at java.lang.String.valueOf(String.java:2994) ~[na:1.8.0_131]
	at java.lang.StringBuilder.append(StringBuilder.java:131) ~[na:1.8.0_131]
	at com.jpa.hibernate.demo.entity.Rating.toString(Rating.java:55) ~[classes/:na]
	at java.lang.String.valueOf(String.java:2994) ~[na:1.8.0_131]
	at java.lang.StringBuilder.append(StringBuilder.java:131) ~[na:1.8.0_131]
	at java.util.AbstractCollection.toString(AbstractCollection.java:462) ~[na:1.8.0_131]
	at org.hibernate.collection.internal.PersistentBag.toString(PersistentBag.java:510) ~[hibernate-core-5.0.12.Final.jar:5.0.12.Final]
	at java.lang.String.valueOf(String.java:2994) ~[na:1.8.0_131]
	at java.lang.StringBuilder.append(StringBuilder.java:131) ~[na:1.8.0_131]
	at com.jpa.hibernate.demo.entity.Course.toString(Course.java:105) ~[classes/:na]
	at java.lang.String.valueOf(String.java:2994) ~[na:1.8.0_131]
	at java.lang.StringBuilder.append(StringBuilder.java:131) ~[na:1.8.0_131]
	at com.jpa.hibernate.demo.entity.Rating.toString(Rating.java:55) ~[classes/:na]
	at java.lang.String.valueOf(String.java:2994) ~[na:1.8.0_131]
	at java.lang.StringBuilder.append(StringBuilder.java:131) ~[na:1.8.0_131]
	at java.util.AbstractCollection.toString(AbstractCollection.java:462) ~[na:1.8.0_131]
	at org.hibernate.collection.internal.PersistentBag.toString(PersistentBag.java:510) ~[hibernate-core-5.0.12.Final.jar:5.0.12.Final]
	at java.lang.String.valueOf(String.java:2994) ~[na:1.8.0_131]
	at java.lang.StringBuilder.append(StringBuilder.java:131) ~[na:1.8.0_131]
	at com.jpa.hibernate.demo.entity.Course.toString(Course.java:105) ~[classes/:na]
	at java.lang.String.valueOf(String.java:2994) ~[na:1.8.0_131]
	at java.lang.StringBuilder.append(StringBuilder.java:131) ~[na:1.8.0_131]
	at com.jpa.hibernate.demo.entity.Rating.toString(Rating.java:55) ~[classes/:na]
	at java.lang.String.valueOf(String.java:2994) ~[na:1.8.0_131]
	at java.lang.StringBuilder.append(StringBuilder.java:131) ~[na:1.8.0_131]
	at java.util.AbstractCollection.toString(AbstractCollection.java:462) ~[na:1.8.0_131]
	at org.hibernate.collection.internal.PersistentBag.toString(PersistentBag.java:510) ~[hibernate-core-5.0.12.Final.jar:5.0.12.Final]
	at java.lang.String.valueOf(String.java:2994) ~[na:1.8.0_131]
	at java.lang.StringBuilder.append(StringBuilder.java:131) ~[na:1.8.0_131]
	at com.jpa.hibernate.demo.entity.Course.toString(Course.java:105) ~[classes/:na]
	at java.lang.String.valueOf(String.java:2994) ~[na:1.8.0_131]
	at java.lang.StringBuilder.append(StringBuilder.java:131) ~[na:1.8.0_131]
	at com.jpa.hibernate.demo.entity.Rating.toString(Rating.java:55) ~[classes/:na]
	at java.lang.String.valueOf(String.java:2994) ~[na:1.8.0_131]
	at java.lang.StringBuilder.append(StringBuilder.java:131) ~[na:1.8.0_131]
	at java.util.AbstractCollection.toString(AbstractCollection.java:462) ~[na:1.8.0_131]
	at org.hibernate.collection.internal.PersistentBag.toString(PersistentBag.java:510) ~[hibernate-core-5.0.12.Final.jar:5.0.12.Final]
	at java.lang.String.valueOf(String.java:2994) ~[na:1.8.0_131]
	at java.lang.StringBuilder.append(StringBuilder.java:131) ~[na:1.8.0_131]
	at com.jpa.hibernate.demo.entity.Course.toString(Course.java:105) ~[classes/:na]
	at java.lang.String.valueOf(String.java:2994) ~[na:1.8.0_131]
	at java.lang.StringBuilder.append(StringBuilder.java:131) ~[na:1.8.0_131]
	at com.jpa.hibernate.demo.entity.Rating.toString(Rating.java:55) ~[classes/:na]
	at java.lang.String.valueOf(String.java:2994) ~[na:1.8.0_131]
	at java.lang.StringBuilder.append(StringBuilder.java:131) ~[na:1.8.0_131]
	at java.util.AbstractCollection.toString(AbstractCollection.java:462) ~[na:1.8.0_131]
	at org.hibernate.collection.internal.PersistentBag.toString(PersistentBag.java:510) ~[hibernate-core-5.0.12.Final.jar:5.0.12.Final]
	at java.lang.String.valueOf(String.java:2994) ~[na:1.8.0_131]
	at java.lang.StringBuilder.append(StringBuilder.java:131) ~[na:1.8.0_131]
	at com.jpa.hibernate.demo.entity.Course.toString(Course.java:105) ~[classes/:na]
	at java.lang.String.valueOf(String.java:2994) ~[na:1.8.0_131]
	at java.lang.StringBuilder.append(StringBuilder.java:131) ~[na:1.8.0_131]
	at com.jpa.hibernate.demo.entity.Rating.toString(Rating.java:55) ~[classes/:na]
	at java.lang.String.valueOf(String.java:2994) ~[na:1.8.0_131]
	at java.lang.StringBuilder.append(StringBuilder.java:131) ~[na:1.8.0_131]
	at java.util.AbstractCollection.toString(AbstractCollection.java:462) ~[na:1.8.0_131]
	at org.hibernate.collection.internal.PersistentBag.toString(PersistentBag.java:510) ~[hibernate-core-5.0.12.Final.jar:5.0.12.Final]
	at java.lang.String.valueOf(String.java:2994) ~[na:1.8.0_131]
	at java.lang.StringBuilder.append(StringBuilder.java:131) ~[na:1.8.0_131]
	at com.jpa.hibernate.demo.entity.Course.toString(Course.java:105) ~[classes/:na]
	at java.lang.String.valueOf(String.java:2994) ~[na:1.8.0_131]
	at java.lang.StringBuilder.append(StringBuilder.java:131) ~[na:1.8.0_131]
	at com.jpa.hibernate.demo.entity.Rating.toString(Rating.java:55) ~[classes/:na]
	at java.lang.String.valueOf(String.java:2994) ~[na:1.8.0_131]
	at java.lang.StringBuilder.append(StringBuilder.java:131) ~[na:1.8.0_131]
	at java.util.AbstractCollection.toString(AbstractCollection.java:462) ~[na:1.8.0_131]
	at org.hibernate.collection.internal.PersistentBag.toString(PersistentBag.java:510) ~[hibernate-core-5.0.12.Final.jar:5.0.12.Final]
	at java.lang.String.valueOf(String.java:2994) ~[na:1.8.0_131]
	at java.lang.StringBuilder.append(StringBuilder.java:131) ~[na:1.8.0_131]
	at com.jpa.hibernate.demo.entity.Course.toString(Course.java:105) ~[classes/:na]
	at java.lang.String.valueOf(String.java:2994) ~[na:1.8.0_131]
	at java.lang.StringBuilder.append(StringBuilder.java:131) ~[na:1.8.0_131]
	at com.jpa.hibernate.demo.entity.Rating.toString(Rating.java:55) ~[classes/:na]
	at java.lang.String.valueOf(String.java:2994) ~[na:1.8.0_131]
	at java.lang.StringBuilder.append(StringBuilder.java:131) ~[na:1.8.0_131]
	at java.util.AbstractCollection.toString(AbstractCollection.java:462) ~[na:1.8.0_131]
	at org.hibernate.collection.internal.PersistentBag.toString(PersistentBag.java:510) ~[hibernate-core-5.0.12.Final.jar:5.0.12.Final]
	at java.lang.String.valueOf(String.java:2994) ~[na:1.8.0_131]
	at java.lang.StringBuilder.append(StringBuilder.java:131) ~[na:1.8.0_131]
	at com.jpa.hibernate.demo.entity.Course.toString(Course.java:105) ~[classes/:na]
	at java.lang.String.valueOf(String.java:2994) ~[na:1.8.0_131]
	at java.lang.StringBuilder.append(StringBuilder.java:131) ~[na:1.8.0_131]
	at com.jpa.hibernate.demo.entity.Rating.toString(Rating.java:55) ~[classes/:na]
	at java.lang.String.valueOf(String.java:2994) ~[na:1.8.0_131]
	at java.lang.StringBuilder.append(StringBuilder.java:131) ~[na:1.8.0_131]
	at java.util.AbstractCollection.toString(AbstractCollection.java:462) ~[na:1.8.0_131]
	at org.hibernate.collection.internal.PersistentBag.toString(PersistentBag.java:510) ~[hibernate-core-5.0.12.Final.jar:5.0.12.Final]
	at java.lang.String.valueOf(String.java:2994) ~[na:1.8.0_131]
	at java.lang.StringBuilder.append(StringBuilder.java:131) ~[na:1.8.0_131]
	at com.jpa.hibernate.demo.entity.Course.toString(Course.java:105) ~[classes/:na]
	at java.lang.String.valueOf(String.java:2994) ~[na:1.8.0_131]
	at java.lang.StringBuilder.append(StringBuilder.java:131) ~[na:1.8.0_131]
	at com.jpa.hibernate.demo.entity.Rating.toString(Rating.java:55) ~[classes/:na]
	at java.lang.String.valueOf(String.java:2994) ~[na:1.8.0_131]
	at java.lang.StringBuilder.append(StringBuilder.java:131) ~[na:1.8.0_131]
	at java.util.AbstractCollection.toString(AbstractCollection.java:462) ~[na:1.8.0_131]
	at org.hibernate.collection.internal.PersistentBag.toString(PersistentBag.java:510) ~[hibernate-core-5.0.12.Final.jar:5.0.12.Final]
	at java.lang.String.valueOf(String.java:2994) ~[na:1.8.0_131]
	at java.lang.StringBuilder.append(StringBuilder.java:131) ~[na:1.8.0_131]
	at com.jpa.hibernate.demo.entity.Course.toString(Course.java:105) ~[classes/:na]
	at java.lang.String.valueOf(String.java:2994) ~[na:1.8.0_131]
	at java.lang.StringBuilder.append(StringBuilder.java:131) ~[na:1.8.0_131]
	at com.jpa.hibernate.demo.entity.Rating.toString(Rating.java:55) ~[classes/:na]
	at java.lang.String.valueOf(String.java:2994) ~[na:1.8.0_131]
	at java.lang.StringBuilder.append(StringBuilder.java:131) ~[na:1.8.0_131]
	at java.util.AbstractCollection.toString(AbstractCollection.java:462) ~[na:1.8.0_131]
	at org.hibernate.collection.internal.PersistentBag.toString(PersistentBag.java:510) ~[hibernate-core-5.0.12.Final.jar:5.0.12.Final]
	at java.lang.String.valueOf(String.java:2994) ~[na:1.8.0_131]
	at java.lang.StringBuilder.append(StringBuilder.java:131) ~[na:1.8.0_131]
	at com.jpa.hibernate.demo.entity.Course.toString(Course.java:105) ~[classes/:na]
	at java.lang.String.valueOf(String.java:2994) ~[na:1.8.0_131]
	at java.lang.StringBuilder.append(StringBuilder.java:131) ~[na:1.8.0_131]
	at com.jpa.hibernate.demo.entity.Rating.toString(Rating.java:55) ~[classes/:na]
	at java.lang.String.valueOf(String.java:2994) ~[na:1.8.0_131]
	at java.lang.StringBuilder.append(StringBuilder.java:131) ~[na:1.8.0_131]
	at java.util.AbstractCollection.toString(AbstractCollection.java:462) ~[na:1.8.0_131]
	at org.hibernate.collection.internal.PersistentBag.toString(PersistentBag.java:510) ~[hibernate-core-5.0.12.Final.jar:5.0.12.Final]
	at java.lang.String.valueOf(String.java:2994) ~[na:1.8.0_131]
	at java.lang.StringBuilder.append(StringBuilder.java:131) ~[na:1.8.0_131]
	at com.jpa.hibernate.demo.entity.Course.toString(Course.java:105) ~[classes/:na]
	at java.lang.String.valueOf(String.java:2994) ~[na:1.8.0_131]
	at java.lang.StringBuilder.append(StringBuilder.java:131) ~[na:1.8.0_131]
	at com.jpa.hibernate.demo.entity.Rating.toString(Rating.java:55) ~[classes/:na]
	at java.lang.String.valueOf(String.java:2994) ~[na:1.8.0_131]
	at java.lang.StringBuilder.append(StringBuilder.java:131) ~[na:1.8.0_131]
	at java.util.AbstractCollection.toString(AbstractCollection.java:462) ~[na:1.8.0_131]
	at org.hibernate.collection.internal.PersistentBag.toString(PersistentBag.java:510) ~[hibernate-core-5.0.12.Final.jar:5.0.12.Final]
	at java.lang.String.valueOf(String.java:2994) ~[na:1.8.0_131]
	at java.lang.StringBuilder.append(StringBuilder.java:131) ~[na:1.8.0_131]
	at com.jpa.hibernate.demo.entity.Course.toString(Course.java:105) ~[classes/:na]
	at java.lang.String.valueOf(String.java:2994) ~[na:1.8.0_131]
	at java.lang.StringBuilder.append(StringBuilder.java:131) ~[na:1.8.0_131]
	at com.jpa.hibernate.demo.entity.Rating.toString(Rating.java:55) ~[classes/:na]
	at java.lang.String.valueOf(String.java:2994) ~[na:1.8.0_131]
	at java.lang.StringBuilder.append(StringBuilder.java:131) ~[na:1.8.0_131]
	at java.util.AbstractCollection.toString(AbstractCollection.java:462) ~[na:1.8.0_131]
	at org.hibernate.collection.internal.PersistentBag.toString(PersistentBag.java:510) ~[hibernate-core-5.0.12.Final.jar:5.0.12.Final]
	at java.lang.String.valueOf(String.java:2994) ~[na:1.8.0_131]
	at java.lang.StringBuilder.append(StringBuilder.java:131) ~[na:1.8.0_131]
	at com.jpa.hibernate.demo.entity.Course.toString(Course.java:105) ~[classes/:na]
	at java.lang.String.valueOf(String.java:2994) ~[na:1.8.0_131]
	at java.lang.StringBuilder.append(StringBuilder.java:131) ~[na:1.8.0_131]
	at com.jpa.hibernate.demo.entity.Rating.toString(Rating.java:55) ~[classes/:na]
	at java.lang.String.valueOf(String.java:2994) ~[na:1.8.0_131]
	at java.lang.StringBuilder.append(StringBuilder.java:131) ~[na:1.8.0_131]
	at java.util.AbstractCollection.toString(AbstractCollection.java:462) ~[na:1.8.0_131]
	at org.hibernate.collection.internal.PersistentBag.toString(PersistentBag.java:510) ~[hibernate-core-5.0.12.Final.jar:5.0.12.Final]
	at java.lang.String.valueOf(String.java:2994) ~[na:1.8.0_131]
	at java.lang.StringBuilder.append(StringBuilder.java:131) ~[na:1.8.0_131]
	at com.jpa.hibernate.demo.entity.Course.toString(Course.java:105) ~[classes/:na]
	at java.lang.String.valueOf(String.java:2994) ~[na:1.8.0_131]
	at java.lang.StringBuilder.append(StringBuilder.java:131) ~[na:1.8.0_131]
	at com.jpa.hibernate.demo.entity.Rating.toString(Rating.java:55) ~[classes/:na]
	at java.lang.String.valueOf(String.java:2994) ~[na:1.8.0_131]
	at java.lang.StringBuilder.append(StringBuilder.java:131) ~[na:1.8.0_131]
	at java.util.AbstractCollection.toString(AbstractCollection.java:462) ~[na:1.8.0_131]
	at org.hibernate.collection.internal.PersistentBag.toString(PersistentBag.java:510) ~[hibernate-core-5.0.12.Final.jar:5.0.12.Final]
	at java.lang.String.valueOf(String.java:2994) ~[na:1.8.0_131]
	at java.lang.StringBuilder.append(StringBuilder.java:131) ~[na:1.8.0_131]
	at com.jpa.hibernate.demo.entity.Course.toString(Course.java:105) ~[classes/:na]
	at java.lang.String.valueOf(String.java:2994) ~[na:1.8.0_131]
	at java.lang.StringBuilder.append(StringBuilder.java:131) ~[na:1.8.0_131]
	at com.jpa.hibernate.demo.entity.Rating.toString(Rating.java:55) ~[classes/:na]
	at java.lang.String.valueOf(String.java:2994) ~[na:1.8.0_131]
	at java.lang.StringBuilder.append(StringBuilder.java:131) ~[na:1.8.0_131]
	at java.util.AbstractCollection.toString(AbstractCollection.java:462) ~[na:1.8.0_131]
	at org.hibernate.collection.internal.PersistentBag.toString(PersistentBag.java:510) ~[hibernate-core-5.0.12.Final.jar:5.0.12.Final]
	at java.lang.String.valueOf(String.java:2994) ~[na:1.8.0_131]
	at java.lang.StringBuilder.append(StringBuilder.java:131) ~[na:1.8.0_131]
	at com.jpa.hibernate.demo.entity.Course.toString(Course.java:105) ~[classes/:na]
	at java.lang.String.valueOf(String.java:2994) ~[na:1.8.0_131]
	at java.lang.StringBuilder.append(StringBuilder.java:131) ~[na:1.8.0_131]
	at com.jpa.hibernate.demo.entity.Rating.toString(Rating.java:55) ~[classes/:na]
	at java.lang.String.valueOf(String.java:2994) ~[na:1.8.0_131]
	at java.lang.StringBuilder.append(StringBuilder.java:131) ~[na:1.8.0_131]
	at java.util.AbstractCollection.toString(AbstractCollection.java:462) ~[na:1.8.0_131]
	at org.hibernate.collection.internal.PersistentBag.toString(PersistentBag.java:510) ~[hibernate-core-5.0.12.Final.jar:5.0.12.Final]
	at java.lang.String.valueOf(String.java:2994) ~[na:1.8.0_131]
	at java.lang.StringBuilder.append(StringBuilder.java:131) ~[na:1.8.0_131]
	at com.jpa.hibernate.demo.entity.Course.toString(Course.java:105) ~[classes/:na]
	at java.lang.String.valueOf(String.java:2994) ~[na:1.8.0_131]
	at java.lang.StringBuilder.append(StringBuilder.java:131) ~[na:1.8.0_131]
	at com.jpa.hibernate.demo.entity.Rating.toString(Rating.java:55) ~[classes/:na]
	at java.lang.String.valueOf(String.java:2994) ~[na:1.8.0_131]
	at java.lang.StringBuilder.append(StringBuilder.java:131) ~[na:1.8.0_131]
	at java.util.AbstractCollection.toString(AbstractCollection.java:462) ~[na:1.8.0_131]
	at org.hibernate.collection.internal.PersistentBag.toString(PersistentBag.java:510) ~[hibernate-core-5.0.12.Final.jar:5.0.12.Final]
	at java.lang.String.valueOf(String.java:2994) ~[na:1.8.0_131]
	at java.lang.StringBuilder.append(StringBuilder.java:131) ~[na:1.8.0_131]
	at com.jpa.hibernate.demo.entity.Course.toString(Course.java:105) ~[classes/:na]
	at java.lang.String.valueOf(String.java:2994) ~[na:1.8.0_131]
	at java.lang.StringBuilder.append(StringBuilder.java:131) ~[na:1.8.0_131]
	at com.jpa.hibernate.demo.entity.Rating.toString(Rating.java:55) ~[classes/:na]
	at java.lang.String.valueOf(String.java:2994) ~[na:1.8.0_131]
	at java.lang.StringBuilder.append(StringBuilder.java:131) ~[na:1.8.0_131]
	at java.util.AbstractCollection.toString(AbstractCollection.java:462) ~[na:1.8.0_131]
	at org.hibernate.collection.internal.PersistentBag.toString(PersistentBag.java:510) ~[hibernate-core-5.0.12.Final.jar:5.0.12.Final]
	at java.lang.String.valueOf(String.java:2994) ~[na:1.8.0_131]
	at java.lang.StringBuilder.append(StringBuilder.java:131) ~[na:1.8.0_131]
	at com.jpa.hibernate.demo.entity.Course.toString(Course.java:105) ~[classes/:na]
	at java.lang.String.valueOf(String.java:2994) ~[na:1.8.0_131]
	at java.lang.StringBuilder.append(StringBuilder.java:131) ~[na:1.8.0_131]
	at com.jpa.hibernate.demo.entity.Rating.toString(Rating.java:55) ~[classes/:na]
	at java.lang.String.valueOf(String.java:2994) ~[na:1.8.0_131]
	at java.lang.StringBuilder.append(StringBuilder.java:131) ~[na:1.8.0_131]
	at java.util.AbstractCollection.toString(AbstractCollection.java:462) ~[na:1.8.0_131]
	at org.hibernate.collection.internal.PersistentBag.toString(PersistentBag.java:510) ~[hibernate-core-5.0.12.Final.jar:5.0.12.Final]
	at java.lang.String.valueOf(String.java:2994) ~[na:1.8.0_131]
	at java.lang.StringBuilder.append(StringBuilder.java:131) ~[na:1.8.0_131]
	at com.jpa.hibernate.demo.entity.Course.toString(Course.java:105) ~[classes/:na]
	at java.lang.String.valueOf(String.java:2994) ~[na:1.8.0_131]
	at java.lang.StringBuilder.append(StringBuilder.java:131) ~[na:1.8.0_131]
	at com.jpa.hibernate.demo.entity.Rating.toString(Rating.java:55) ~[classes/:na]
	at java.lang.String.valueOf(String.java:2994) ~[na:1.8.0_131]
	at java.lang.StringBuilder.append(StringBuilder.java:131) ~[na:1.8.0_131]
	at java.util.AbstractCollection.toString(AbstractCollection.java:462) ~[na:1.8.0_131]
	at org.hibernate.collection.internal.PersistentBag.toString(PersistentBag.java:510) ~[hibernate-core-5.0.12.Final.jar:5.0.12.Final]
	at java.lang.String.valueOf(String.java:2994) ~[na:1.8.0_131]
	at java.lang.StringBuilder.append(StringBuilder.java:131) ~[na:1.8.0_131]
	at com.jpa.hibernate.demo.entity.Course.toString(Course.java:105) ~[classes/:na]
	at java.lang.String.valueOf(String.java:2994) ~[na:1.8.0_131]
	at java.lang.StringBuilder.append(StringBuilder.java:131) ~[na:1.8.0_131]
	at com.jpa.hibernate.demo.entity.Rating.toString(Rating.java:55) ~[classes/:na]
	at java.lang.String.valueOf(String.java:2994) ~[na:1.8.0_131]
	at java.lang.StringBuilder.append(StringBuilder.java:131) ~[na:1.8.0_131]
	at java.util.AbstractCollection.toString(AbstractCollection.java:462) ~[na:1.8.0_131]
	at org.hibernate.collection.internal.PersistentBag.toString(PersistentBag.java:510) ~[hibernate-core-5.0.12.Final.jar:5.0.12.Final]
	at java.lang.String.valueOf(String.java:2994) ~[na:1.8.0_131]
	at java.lang.StringBuilder.append(StringBuilder.java:131) ~[na:1.8.0_131]
	at com.jpa.hibernate.demo.entity.Course.toString(Course.java:105) ~[classes/:na]
	at java.lang.String.valueOf(String.java:2994) ~[na:1.8.0_131]
	at java.lang.StringBuilder.append(StringBuilder.java:131) ~[na:1.8.0_131]
	at com.jpa.hibernate.demo.entity.Rating.toString(Rating.java:55) ~[classes/:na]
	at java.lang.String.valueOf(String.java:2994) ~[na:1.8.0_131]
	at java.lang.StringBuilder.append(StringBuilder.java:131) ~[na:1.8.0_131]
	at java.util.AbstractCollection.toString(AbstractCollection.java:462) ~[na:1.8.0_131]
	at org.hibernate.collection.internal.PersistentBag.toString(PersistentBag.java:510) ~[hibernate-core-5.0.12.Final.jar:5.0.12.Final]
	at java.lang.String.valueOf(String.java:2994) ~[na:1.8.0_131]
	at java.lang.StringBuilder.append(StringBuilder.java:131) ~[na:1.8.0_131]
	at com.jpa.hibernate.demo.entity.Course.toString(Course.java:105) ~[classes/:na]
	at java.lang.String.valueOf(String.java:2994) ~[na:1.8.0_131]
	at java.lang.StringBuilder.append(StringBuilder.java:131) ~[na:1.8.0_131]
	at com.jpa.hibernate.demo.entity.Rating.toString(Rating.java:55) ~[classes/:na]
	at java.lang.String.valueOf(String.java:2994) ~[na:1.8.0_131]
	at java.lang.StringBuilder.append(StringBuilder.java:131) ~[na:1.8.0_131]
	at java.util.AbstractCollection.toString(AbstractCollection.java:462) ~[na:1.8.0_131]
	at org.hibernate.collection.internal.PersistentBag.toString(PersistentBag.java:510) ~[hibernate-core-5.0.12.Final.jar:5.0.12.Final]
	at java.lang.String.valueOf(String.java:2994) ~[na:1.8.0_131]
	at java.lang.StringBuilder.append(StringBuilder.java:131) ~[na:1.8.0_131]
	at com.jpa.hibernate.demo.entity.Course.toString(Course.java:105) ~[classes/:na]
	at java.lang.String.valueOf(String.java:2994) ~[na:1.8.0_131]
	at java.lang.StringBuilder.append(StringBuilder.java:131) ~[na:1.8.0_131]
	at com.jpa.hibernate.demo.entity.Rating.toString(Rating.java:55) ~[classes/:na]
	at java.lang.String.valueOf(String.java:2994) ~[na:1.8.0_131]
	at java.lang.StringBuilder.append(StringBuilder.java:131) ~[na:1.8.0_131]
	at java.util.AbstractCollection.toString(AbstractCollection.java:462) ~[na:1.8.0_131]
	at org.hibernate.collection.internal.PersistentBag.toString(PersistentBag.java:510) ~[hibernate-core-5.0.12.Final.jar:5.0.12.Final]
	at java.lang.String.valueOf(String.java:2994) ~[na:1.8.0_131]
	at java.lang.StringBuilder.append(StringBuilder.java:131) ~[na:1.8.0_131]
	at com.jpa.hibernate.demo.entity.Course.toString(Course.java:105) ~[classes/:na]
	at java.lang.String.valueOf(String.java:2994) ~[na:1.8.0_131]
	at java.lang.StringBuilder.append(StringBuilder.java:131) ~[na:1.8.0_131]
	at com.jpa.hibernate.demo.entity.Rating.toString(Rating.java:55) ~[classes/:na]
	at java.lang.String.valueOf(String.java:2994) ~[na:1.8.0_131]
	at java.lang.StringBuilder.append(StringBuilder.java:131) ~[na:1.8.0_131]
	at java.util.AbstractCollection.toString(AbstractCollection.java:462) ~[na:1.8.0_131]
	at org.hibernate.collection.internal.PersistentBag.toString(PersistentBag.java:510) ~[hibernate-core-5.0.12.Final.jar:5.0.12.Final]
	at java.lang.String.valueOf(String.java:2994) ~[na:1.8.0_131]
	at java.lang.StringBuilder.append(StringBuilder.java:131) ~[na:1.8.0_131]
	at com.jpa.hibernate.demo.entity.Course.toString(Course.java:105) ~[classes/:na]
	at java.lang.String.valueOf(String.java:2994) ~[na:1.8.0_131]
	at java.lang.StringBuilder.append(StringBuilder.java:131) ~[na:1.8.0_131]
	at com.jpa.hibernate.demo.entity.Rating.toString(Rating.java:55) ~[classes/:na]
	at java.lang.String.valueOf(String.java:2994) ~[na:1.8.0_131]
	at java.lang.StringBuilder.append(StringBuilder.java:131) ~[na:1.8.0_131]
	at java.util.AbstractCollection.toString(AbstractCollection.java:462) ~[na:1.8.0_131]
	at org.hibernate.collection.internal.PersistentBag.toString(PersistentBag.java:510) ~[hibernate-core-5.0.12.Final.jar:5.0.12.Final]
	at java.lang.String.valueOf(String.java:2994) ~[na:1.8.0_131]
	at java.lang.StringBuilder.append(StringBuilder.java:131) ~[na:1.8.0_131]
	at com.jpa.hibernate.demo.entity.Course.toString(Course.java:105) ~[classes/:na]
	at java.lang.String.valueOf(String.java:2994) ~[na:1.8.0_131]
	at java.lang.StringBuilder.append(StringBuilder.java:131) ~[na:1.8.0_131]
	at com.jpa.hibernate.demo.entity.Rating.toString(Rating.java:55) ~[classes/:na]
	at java.lang.String.valueOf(String.java:2994) ~[na:1.8.0_131]
	at java.lang.StringBuilder.append(StringBuilder.java:131) ~[na:1.8.0_131]
	at java.util.AbstractCollection.toString(AbstractCollection.java:462) ~[na:1.8.0_131]
	at org.hibernate.collection.internal.PersistentBag.toString(PersistentBag.java:510) ~[hibernate-core-5.0.12.Final.jar:5.0.12.Final]
	at java.lang.String.valueOf(String.java:2994) ~[na:1.8.0_131]
	at java.lang.StringBuilder.append(StringBuilder.java:131) ~[na:1.8.0_131]
	at com.jpa.hibernate.demo.entity.Course.toString(Course.java:105) ~[classes/:na]
	at java.lang.String.valueOf(String.java:2994) ~[na:1.8.0_131]
	at java.lang.StringBuilder.append(StringBuilder.java:131) ~[na:1.8.0_131]
	at com.jpa.hibernate.demo.entity.Rating.toString(Rating.java:55) ~[classes/:na]
	at java.lang.String.valueOf(String.java:2994) ~[na:1.8.0_131]
	at java.lang.StringBuilder.append(StringBuilder.java:131) ~[na:1.8.0_131]
	at java.util.AbstractCollection.toString(AbstractCollection.java:462) ~[na:1.8.0_131]
	at org.hibernate.collection.internal.PersistentBag.toString(PersistentBag.java:510) ~[hibernate-core-5.0.12.Final.jar:5.0.12.Final]
	at java.lang.String.valueOf(String.java:2994) ~[na:1.8.0_131]
	at java.lang.StringBuilder.append(StringBuilder.java:131) ~[na:1.8.0_131]
	at com.jpa.hibernate.demo.entity.Course.toString(Course.java:105) ~[classes/:na]
	at java.lang.String.valueOf(String.java:2994) ~[na:1.8.0_131]
	at java.lang.StringBuilder.append(StringBuilder.java:131) ~[na:1.8.0_131]
	at com.jpa.hibernate.demo.entity.Rating.toString(Rating.java:55) ~[classes/:na]
	at java.lang.String.valueOf(String.java:2994) ~[na:1.8.0_131]
	at java.lang.StringBuilder.append(StringBuilder.java:131) ~[na:1.8.0_131]
	at java.util.AbstractCollection.toString(AbstractCollection.java:462) ~[na:1.8.0_131]
	at org.hibernate.collection.internal.PersistentBag.toString(PersistentBag.java:510) ~[hibernate-core-5.0.12.Final.jar:5.0.12.Final]
	at java.lang.String.valueOf(String.java:2994) ~[na:1.8.0_131]
	at java.lang.StringBuilder.append(StringBuilder.java:131) ~[na:1.8.0_131]
	at com.jpa.hibernate.demo.entity.Course.toString(Course.java:105) ~[classes/:na]
	at java.lang.String.valueOf(String.java:2994) ~[na:1.8.0_131]
	at java.lang.StringBuilder.append(StringBuilder.java:131) ~[na:1.8.0_131]
	at com.jpa.hibernate.demo.entity.Rating.toString(Rating.java:55) ~[classes/:na]
	at java.lang.String.valueOf(String.java:2994) ~[na:1.8.0_131]
	at java.lang.StringBuilder.append(StringBuilder.java:131) ~[na:1.8.0_131]
	at java.util.AbstractCollection.toString(AbstractCollection.java:462) ~[na:1.8.0_131]
	at org.hibernate.collection.internal.PersistentBag.toString(PersistentBag.java:510) ~[hibernate-core-5.0.12.Final.jar:5.0.12.Final]
	at java.lang.String.valueOf(String.java:2994) ~[na:1.8.0_131]
	at java.lang.StringBuilder.append(StringBuilder.java:131) ~[na:1.8.0_131]
	at com.jpa.hibernate.demo.entity.Course.toString(Course.java:105) ~[classes/:na]
	at java.lang.String.valueOf(String.java:2994) ~[na:1.8.0_131]
	at java.lang.StringBuilder.append(StringBuilder.java:131) ~[na:1.8.0_131]
	at com.jpa.hibernate.demo.entity.Rating.toString(Rating.java:55) ~[classes/:na]
	at java.lang.String.valueOf(String.java:2994) ~[na:1.8.0_131]
	at java.lang.StringBuilder.append(StringBuilder.java:131) ~[na:1.8.0_131]
	at java.util.AbstractCollection.toString(AbstractCollection.java:462) ~[na:1.8.0_131]
	at org.hibernate.collection.internal.PersistentBag.toString(PersistentBag.java:510) ~[hibernate-core-5.0.12.Final.jar:5.0.12.Final]
	at java.lang.String.valueOf(String.java:2994) ~[na:1.8.0_131]
	at java.lang.StringBuilder.append(StringBuilder.java:131) ~[na:1.8.0_131]
	at com.jpa.hibernate.demo.entity.Course.toString(Course.java:105) ~[classes/:na]
	at java.lang.String.valueOf(String.java:2994) ~[na:1.8.0_131]
	at java.lang.StringBuilder.append(StringBuilder.java:131) ~[na:1.8.0_131]
	at com.jpa.hibernate.demo.entity.Rating.toString(Rating.java:55) ~[classes/:na]
	at java.lang.String.valueOf(String.java:2994) ~[na:1.8.0_131]
	at java.lang.StringBuilder.append(StringBuilder.java:131) ~[na:1.8.0_131]
	at java.util.AbstractCollection.toString(AbstractCollection.java:462) ~[na:1.8.0_131]
	at org.hibernate.collection.internal.PersistentBag.toString(PersistentBag.java:510) ~[hibernate-core-5.0.12.Final.jar:5.0.12.Final]
	at java.lang.String.valueOf(String.java:2994) ~[na:1.8.0_131]
	at java.lang.StringBuilder.append(StringBuilder.java:131) ~[na:1.8.0_131]
	at com.jpa.hibernate.demo.entity.Course.toString(Course.java:105) ~[classes/:na]
	at java.lang.String.valueOf(String.java:2994) ~[na:1.8.0_131]
	at java.lang.StringBuilder.append(StringBuilder.java:131) ~[na:1.8.0_131]
	at com.jpa.hibernate.demo.entity.Rating.toString(Rating.java:55) ~[classes/:na]
	at java.lang.String.valueOf(String.java:2994) ~[na:1.8.0_131]
	at java.lang.StringBuilder.append(StringBuilder.java:131) ~[na:1.8.0_131]
	at java.util.AbstractCollection.toString(AbstractCollection.java:462) ~[na:1.8.0_131]
	at org.hibernate.collection.internal.PersistentBag.toString(PersistentBag.java:510) ~[hibernate-core-5.0.12.Final.jar:5.0.12.Final]
	at java.lang.String.valueOf(String.java:2994) ~[na:1.8.0_131]
	at java.lang.StringBuilder.append(StringBuilder.java:131) ~[na:1.8.0_131]
	at com.jpa.hibernate.demo.entity.Course.toString(Course.java:105) ~[classes/:na]
	at java.lang.String.valueOf(String.java:2994) ~[na:1.8.0_131]
	at java.lang.StringBuilder.append(StringBuilder.java:131) ~[na:1.8.0_131]
	at com.jpa.hibernate.demo.entity.Rating.toString(Rating.java:55) ~[classes/:na]
	at java.lang.String.valueOf(String.java:2994) ~[na:1.8.0_131]
	at java.lang.StringBuilder.append(StringBuilder.java:131) ~[na:1.8.0_131]
	at java.util.AbstractCollection.toString(AbstractCollection.java:462) ~[na:1.8.0_131]
	at org.hibernate.collection.internal.PersistentBag.toString(PersistentBag.java:510) ~[hibernate-core-5.0.12.Final.jar:5.0.12.Final]
	at java.lang.String.valueOf(String.java:2994) ~[na:1.8.0_131]
	at java.lang.StringBuilder.append(StringBuilder.java:131) ~[na:1.8.0_131]
	at com.jpa.hibernate.demo.entity.Course.toString(Course.java:105) ~[classes/:na]
	at java.lang.String.valueOf(String.java:2994) ~[na:1.8.0_131]
	at java.lang.StringBuilder.append(StringBuilder.java:131) ~[na:1.8.0_131]
	at com.jpa.hibernate.demo.entity.Rating.toString(Rating.java:55) ~[classes/:na]
	at java.lang.String.valueOf(String.java:2994) ~[na:1.8.0_131]
	at java.lang.StringBuilder.append(StringBuilder.java:131) ~[na:1.8.0_131]
	at java.util.AbstractCollection.toString(AbstractCollection.java:462) ~[na:1.8.0_131]
	at org.hibernate.collection.internal.PersistentBag.toString(PersistentBag.java:510) ~[hibernate-core-5.0.12.Final.jar:5.0.12.Final]
	at java.lang.String.valueOf(String.java:2994) ~[na:1.8.0_131]
	at java.lang.StringBuilder.append(StringBuilder.java:131) ~[na:1.8.0_131]
	at com.jpa.hibernate.demo.entity.Course.toString(Course.java:105) ~[classes/:na]
	at java.lang.String.valueOf(String.java:2994) ~[na:1.8.0_131]
	at java.lang.StringBuilder.append(StringBuilder.java:131) ~[na:1.8.0_131]
	at com.jpa.hibernate.demo.entity.Rating.toString(Rating.java:55) ~[classes/:na]
	at java.lang.String.valueOf(String.java:2994) ~[na:1.8.0_131]
	at java.lang.StringBuilder.append(StringBuilder.java:131) ~[na:1.8.0_131]
	at java.util.AbstractCollection.toString(AbstractCollection.java:462) ~[na:1.8.0_131]
	at org.hibernate.collection.internal.PersistentBag.toString(PersistentBag.java:510) ~[hibernate-core-5.0.12.Final.jar:5.0.12.Final]
	at java.lang.String.valueOf(String.java:2994) ~[na:1.8.0_131]
	at java.lang.StringBuilder.append(StringBuilder.java:131) ~[na:1.8.0_131]
	at com.jpa.hibernate.demo.entity.Course.toString(Course.java:105) ~[classes/:na]
	at java.lang.String.valueOf(String.java:2994) ~[na:1.8.0_131]
	at java.lang.StringBuilder.append(StringBuilder.java:131) ~[na:1.8.0_131]
	at com.jpa.hibernate.demo.entity.Rating.toString(Rating.java:55) ~[classes/:na]
	at java.lang.String.valueOf(String.java:2994) ~[na:1.8.0_131]
	at java.lang.StringBuilder.append(StringBuilder.java:131) ~[na:1.8.0_131]
	at java.util.AbstractCollection.toString(AbstractCollection.java:462) ~[na:1.8.0_131]
	at org.hibernate.collection.internal.PersistentBag.toString(PersistentBag.java:510) ~[hibernate-core-5.0.12.Final.jar:5.0.12.Final]
	at java.lang.String.valueOf(String.java:2994) ~[na:1.8.0_131]
	at java.lang.StringBuilder.append(StringBuilder.java:131) ~[na:1.8.0_131]
	at com.jpa.hibernate.demo.entity.Course.toString(Course.java:105) ~[classes/:na]
	at java.lang.String.valueOf(String.java:2994) ~[na:1.8.0_131]
	at java.lang.StringBuilder.append(StringBuilder.java:131) ~[na:1.8.0_131]
	at com.jpa.hibernate.demo.entity.Rating.toString(Rating.java:55) ~[classes/:na]
	at java.lang.String.valueOf(String.java:2994) ~[na:1.8.0_131]
	at java.lang.StringBuilder.append(StringBuilder.java:131) ~[na:1.8.0_131]
	at java.util.AbstractCollection.toString(AbstractCollection.java:462) ~[na:1.8.0_131]
	at org.hibernate.collection.internal.PersistentBag.toString(PersistentBag.java:510) ~[hibernate-core-5.0.12.Final.jar:5.0.12.Final]
	at java.lang.String.valueOf(String.java:2994) ~[na:1.8.0_131]
	at java.lang.StringBuilder.append(StringBuilder.java:131) ~[na:1.8.0_131]
	at com.jpa.hibernate.demo.entity.Course.toString(Course.java:105) ~[classes/:na]
	at java.lang.String.valueOf(String.java:2994) ~[na:1.8.0_131]
	at java.lang.StringBuilder.append(StringBuilder.java:131) ~[na:1.8.0_131]
	at com.jpa.hibernate.demo.entity.Rating.toString(Rating.java:55) ~[classes/:na]
	at java.lang.String.valueOf(String.java:2994) ~[na:1.8.0_131]
	at java.lang.StringBuilder.append(StringBuilder.java:131) ~[na:1.8.0_131]
	at java.util.AbstractCollection.toString(AbstractCollection.java:462) ~[na:1.8.0_131]
	at org.hibernate.collection.internal.PersistentBag.toString(PersistentBag.java:510) ~[hibernate-core-5.0.12.Final.jar:5.0.12.Final]
	at java.lang.String.valueOf(String.java:2994) ~[na:1.8.0_131]
	at java.lang.StringBuilder.append(StringBuilder.java:131) ~[na:1.8.0_131]
	at com.jpa.hibernate.demo.entity.Course.toString(Course.java:105) ~[classes/:na]
	at java.lang.String.valueOf(String.java:2994) ~[na:1.8.0_131]
	at java.lang.StringBuilder.append(StringBuilder.java:131) ~[na:1.8.0_131]
	at com.jpa.hibernate.demo.entity.Rating.toString(Rating.java:55) ~[classes/:na]
	at java.lang.String.valueOf(String.java:2994) ~[na:1.8.0_131]
	at java.lang.StringBuilder.append(StringBuilder.java:131) ~[na:1.8.0_131]
	at java.util.AbstractCollection.toString(AbstractCollection.java:462) ~[na:1.8.0_131]
	at org.hibernate.collection.internal.PersistentBag.toString(PersistentBag.java:510) ~[hibernate-core-5.0.12.Final.jar:5.0.12.Final]
	at java.lang.String.valueOf(String.java:2994) ~[na:1.8.0_131]
	at java.lang.StringBuilder.append(StringBuilder.java:131) ~[na:1.8.0_131]
	at com.jpa.hibernate.demo.entity.Course.toString(Course.java:105) ~[classes/:na]
	at java.lang.String.valueOf(String.java:2994) ~[na:1.8.0_131]
	at java.lang.StringBuilder.append(StringBuilder.java:131) ~[na:1.8.0_131]
	at com.jpa.hibernate.demo.entity.Rating.toString(Rating.java:55) ~[classes/:na]
	at java.lang.String.valueOf(String.java:2994) ~[na:1.8.0_131]
	at java.lang.StringBuilder.append(StringBuilder.java:131) ~[na:1.8.0_131]
	at java.util.AbstractCollection.toString(AbstractCollection.java:462) ~[na:1.8.0_131]
	at org.hibernate.collection.internal.PersistentBag.toString(PersistentBag.java:510) ~[hibernate-core-5.0.12.Final.jar:5.0.12.Final]
	at java.lang.String.valueOf(String.java:2994) ~[na:1.8.0_131]
	at java.lang.StringBuilder.append(StringBuilder.java:131) ~[na:1.8.0_131]
	at com.jpa.hibernate.demo.entity.Course.toString(Course.java:105) ~[classes/:na]
	at java.lang.String.valueOf(String.java:2994) ~[na:1.8.0_131]
	at java.lang.StringBuilder.append(StringBuilder.java:131) ~[na:1.8.0_131]
	at com.jpa.hibernate.demo.entity.Rating.toString(Rating.java:55) ~[classes/:na]
	at java.lang.String.valueOf(String.java:2994) ~[na:1.8.0_131]
	at java.lang.StringBuilder.append(StringBuilder.java:131) ~[na:1.8.0_131]
	at java.util.AbstractCollection.toString(AbstractCollection.java:462) ~[na:1.8.0_131]
	at org.hibernate.collection.internal.PersistentBag.toString(PersistentBag.java:510) ~[hibernate-core-5.0.12.Final.jar:5.0.12.Final]
	at java.lang.String.valueOf(String.java:2994) ~[na:1.8.0_131]
	at java.lang.StringBuilder.append(StringBuilder.java:131) ~[na:1.8.0_131]
	at com.jpa.hibernate.demo.entity.Course.toString(Course.java:105) ~[classes/:na]
	at java.lang.String.valueOf(String.java:2994) ~[na:1.8.0_131]
	at java.lang.StringBuilder.append(StringBuilder.java:131) ~[na:1.8.0_131]
	at com.jpa.hibernate.demo.entity.Rating.toString(Rating.java:55) ~[classes/:na]
	at java.lang.String.valueOf(String.java:2994) ~[na:1.8.0_131]
	at java.lang.StringBuilder.append(StringBuilder.java:131) ~[na:1.8.0_131]
	at java.util.AbstractCollection.toString(AbstractCollection.java:462) ~[na:1.8.0_131]
	at org.hibernate.collection.internal.PersistentBag.toString(PersistentBag.java:510) ~[hibernate-core-5.0.12.Final.jar:5.0.12.Final]
	at java.lang.String.valueOf(String.java:2994) ~[na:1.8.0_131]
	at java.lang.StringBuilder.append(StringBuilder.java:131) ~[na:1.8.0_131]
	at com.jpa.hibernate.demo.entity.Course.toString(Course.java:105) ~[classes/:na]
	at java.lang.String.valueOf(String.java:2994) ~[na:1.8.0_131]
	at java.lang.StringBuilder.append(StringBuilder.java:131) ~[na:1.8.0_131]
	at com.jpa.hibernate.demo.entity.Rating.toString(Rating.java:55) ~[classes/:na]
	at java.lang.String.valueOf(String.java:2994) ~[na:1.8.0_131]
	at java.lang.StringBuilder.append(StringBuilder.java:131) ~[na:1.8.0_131]
	at java.util.AbstractCollection.toString(AbstractCollection.java:462) ~[na:1.8.0_131]
	at org.hibernate.collection.internal.PersistentBag.toString(PersistentBag.java:510) ~[hibernate-core-5.0.12.Final.jar:5.0.12.Final]
	at java.lang.String.valueOf(String.java:2994) ~[na:1.8.0_131]
	at java.lang.StringBuilder.append(StringBuilder.java:131) ~[na:1.8.0_131]
	at com.jpa.hibernate.demo.entity.Course.toString(Course.java:105) ~[classes/:na]
	at java.lang.String.valueOf(String.java:2994) ~[na:1.8.0_131]
	at java.lang.StringBuilder.append(StringBuilder.java:131) ~[na:1.8.0_131]
	at com.jpa.hibernate.demo.entity.Rating.toString(Rating.java:55) ~[classes/:na]
	at java.lang.String.valueOf(String.java:2994) ~[na:1.8.0_131]
	at java.lang.StringBuilder.append(StringBuilder.java:131) ~[na:1.8.0_131]
	at java.util.AbstractCollection.toString(AbstractCollection.java:462) ~[na:1.8.0_131]
	at org.hibernate.collection.internal.PersistentBag.toString(PersistentBag.java:510) ~[hibernate-core-5.0.12.Final.jar:5.0.12.Final]
	at java.lang.String.valueOf(String.java:2994) ~[na:1.8.0_131]
	at java.lang.StringBuilder.append(StringBuilder.java:131) ~[na:1.8.0_131]
	at com.jpa.hibernate.demo.entity.Course.toString(Course.java:105) ~[classes/:na]
	at java.lang.String.valueOf(String.java:2994) ~[na:1.8.0_131]
	at java.lang.StringBuilder.append(StringBuilder.java:131) ~[na:1.8.0_131]
	at com.jpa.hibernate.demo.entity.Rating.toString(Rating.java:55) ~[classes/:na]
	at java.lang.String.valueOf(String.java:2994) ~[na:1.8.0_131]
	at java.lang.StringBuilder.append(StringBuilder.java:131) ~[na:1.8.0_131]
	at java.util.AbstractCollection.toString(AbstractCollection.java:462) ~[na:1.8.0_131]
	at org.hibernate.collection.internal.PersistentBag.toString(PersistentBag.java:510) ~[hibernate-core-5.0.12.Final.jar:5.0.12.Final]
	at java.lang.String.valueOf(String.java:2994) ~[na:1.8.0_131]
	at java.lang.StringBuilder.append(StringBuilder.java:131) ~[na:1.8.0_131]
	at com.jpa.hibernate.demo.entity.Course.toString(Course.java:105) ~[classes/:na]
	at java.lang.String.valueOf(String.java:2994) ~[na:1.8.0_131]
	at java.lang.StringBuilder.append(StringBuilder.java:131) ~[na:1.8.0_131]
	at com.jpa.hibernate.demo.entity.Rating.toString(Rating.java:55) ~[classes/:na]
	at java.lang.String.valueOf(String.java:2994) ~[na:1.8.0_131]
	at java.lang.StringBuilder.append(StringBuilder.java:131) ~[na:1.8.0_131]
	at java.util.AbstractCollection.toString(AbstractCollection.java:462) ~[na:1.8.0_131]
	at org.hibernate.collection.internal.PersistentBag.toString(PersistentBag.java:510) ~[hibernate-core-5.0.12.Final.jar:5.0.12.Final]
	at java.lang.String.valueOf(String.java:2994) ~[na:1.8.0_131]
	at java.lang.StringBuilder.append(StringBuilder.java:131) ~[na:1.8.0_131]
	at com.jpa.hibernate.demo.entity.Course.toString(Course.java:105) ~[classes/:na]
	at java.lang.String.valueOf(String.java:2994) ~[na:1.8.0_131]
	at java.lang.StringBuilder.append(StringBuilder.java:131) ~[na:1.8.0_131]
	at com.jpa.hibernate.demo.entity.Rating.toString(Rating.java:55) ~[classes/:na]
	at java.lang.String.valueOf(String.java:2994) ~[na:1.8.0_131]
	at java.lang.StringBuilder.append(StringBuilder.java:131) ~[na:1.8.0_131]
	at java.util.AbstractCollection.toString(AbstractCollection.java:462) ~[na:1.8.0_131]
	at org.hibernate.collection.internal.PersistentBag.toString(PersistentBag.java:510) ~[hibernate-core-5.0.12.Final.jar:5.0.12.Final]
	at java.lang.String.valueOf(String.java:2994) ~[na:1.8.0_131]
	at java.lang.StringBuilder.append(StringBuilder.java:131) ~[na:1.8.0_131]
	at com.jpa.hibernate.demo.entity.Course.toString(Course.java:105) ~[classes/:na]
	at java.lang.String.valueOf(String.java:2994) ~[na:1.8.0_131]
	at java.lang.StringBuilder.append(StringBuilder.java:131) ~[na:1.8.0_131]
	at com.jpa.hibernate.demo.entity.Rating.toString(Rating.java:55) ~[classes/:na]
	at java.lang.String.valueOf(String.java:2994) ~[na:1.8.0_131]
	at java.lang.StringBuilder.append(StringBuilder.java:131) ~[na:1.8.0_131]
	at java.util.AbstractCollection.toString(AbstractCollection.java:462) ~[na:1.8.0_131]
	at org.hibernate.collection.internal.PersistentBag.toString(PersistentBag.java:510) ~[hibernate-core-5.0.12.Final.jar:5.0.12.Final]
	at java.lang.String.valueOf(String.java:2994) ~[na:1.8.0_131]
	at java.lang.StringBuilder.append(StringBuilder.java:131) ~[na:1.8.0_131]
	at com.jpa.hibernate.demo.entity.Course.toString(Course.java:105) ~[classes/:na]
	at java.lang.String.valueOf(String.java:2994) ~[na:1.8.0_131]
	at java.lang.StringBuilder.append(StringBuilder.java:131) ~[na:1.8.0_131]
	at com.jpa.hibernate.demo.entity.Rating.toString(Rating.java:55) ~[classes/:na]
	at java.lang.String.valueOf(String.java:2994) ~[na:1.8.0_131]
	at java.lang.StringBuilder.append(StringBuilder.java:131) ~[na:1.8.0_131]
	at java.util.AbstractCollection.toString(AbstractCollection.java:462) ~[na:1.8.0_131]
	at org.hibernate.collection.internal.PersistentBag.toString(PersistentBag.java:510) ~[hibernate-core-5.0.12.Final.jar:5.0.12.Final]
	at java.lang.String.valueOf(String.java:2994) ~[na:1.8.0_131]
	at java.lang.StringBuilder.append(StringBuilder.java:131) ~[na:1.8.0_131]
	at com.jpa.hibernate.demo.entity.Course.toString(Course.java:105) ~[classes/:na]
	at java.lang.String.valueOf(String.java:2994) ~[na:1.8.0_131]
	at java.lang.StringBuilder.append(StringBuilder.java:131) ~[na:1.8.0_131]
	at com.jpa.hibernate.demo.entity.Rating.toString(Rating.java:55) ~[classes/:na]
	at java.lang.String.valueOf(String.java:2994) ~[na:1.8.0_131]
	at java.lang.StringBuilder.append(StringBuilder.java:131) ~[na:1.8.0_131]
	at java.util.AbstractCollection.toString(AbstractCollection.java:462) ~[na:1.8.0_131]
	at org.hibernate.collection.internal.PersistentBag.toString(PersistentBag.java:510) ~[hibernate-core-5.0.12.Final.jar:5.0.12.Final]
	at java.lang.String.valueOf(String.java:2994) ~[na:1.8.0_131]
	at java.lang.StringBuilder.append(StringBuilder.java:131) ~[na:1.8.0_131]
	at com.jpa.hibernate.demo.entity.Course.toString(Course.java:105) ~[classes/:na]
	at java.lang.String.valueOf(String.java:2994) ~[na:1.8.0_131]
	at java.lang.StringBuilder.append(StringBuilder.java:131) ~[na:1.8.0_131]
	at com.jpa.hibernate.demo.entity.Rating.toString(Rating.java:55) ~[classes/:na]
	at java.lang.String.valueOf(String.java:2994) ~[na:1.8.0_131]
	at java.lang.StringBuilder.append(StringBuilder.java:131) ~[na:1.8.0_131]
	at java.util.AbstractCollection.toString(AbstractCollection.java:462) ~[na:1.8.0_131]
	at org.hibernate.collection.internal.PersistentBag.toString(PersistentBag.java:510) ~[hibernate-core-5.0.12.Final.jar:5.0.12.Final]
	at java.lang.String.valueOf(String.java:2994) ~[na:1.8.0_131]
	at java.lang.StringBuilder.append(StringBuilder.java:131) ~[na:1.8.0_131]
	at com.jpa.hibernate.demo.entity.Course.toString(Course.java:105) ~[classes/:na]
	at java.lang.String.valueOf(String.java:2994) ~[na:1.8.0_131]
	at java.lang.StringBuilder.append(StringBuilder.java:131) ~[na:1.8.0_131]
	at com.jpa.hibernate.demo.entity.Rating.toString(Rating.java:55) ~[classes/:na]
	at java.lang.String.valueOf(String.java:2994) ~[na:1.8.0_131]
	at java.lang.StringBuilder.append(StringBuilder.java:131) ~[na:1.8.0_131]
	at java.util.AbstractCollection.toString(AbstractCollection.java:462) ~[na:1.8.0_131]
	at org.hibernate.collection.internal.PersistentBag.toString(PersistentBag.java:510) ~[hibernate-core-5.0.12.Final.jar:5.0.12.Final]
	at java.lang.String.valueOf(String.java:2994) ~[na:1.8.0_131]
	at java.lang.StringBuilder.append(StringBuilder.java:131) ~[na:1.8.0_131]
	at com.jpa.hibernate.demo.entity.Course.toString(Course.java:105) ~[classes/:na]
	at java.lang.String.valueOf(String.java:2994) ~[na:1.8.0_131]
	at java.lang.StringBuilder.append(StringBuilder.java:131) ~[na:1.8.0_131]
	at com.jpa.hibernate.demo.entity.Rating.toString(Rating.java:55) ~[classes/:na]
	at java.lang.String.valueOf(String.java:2994) ~[na:1.8.0_131]
	at java.lang.StringBuilder.append(StringBuilder.java:131) ~[na:1.8.0_131]
	at java.util.AbstractCollection.toString(AbstractCollection.java:462) ~[na:1.8.0_131]
	at org.hibernate.collection.internal.PersistentBag.toString(PersistentBag.java:510) ~[hibernate-core-5.0.12.Final.jar:5.0.12.Final]
	at java.lang.String.valueOf(String.java:2994) ~[na:1.8.0_131]
	at java.lang.StringBuilder.append(StringBuilder.java:131) ~[na:1.8.0_131]
	at com.jpa.hibernate.demo.entity.Course.toString(Course.java:105) ~[classes/:na]
	at java.lang.String.valueOf(String.java:2994) ~[na:1.8.0_131]
	at java.lang.StringBuilder.append(StringBuilder.java:131) ~[na:1.8.0_131]
	at com.jpa.hibernate.demo.entity.Rating.toString(Rating.java:55) ~[classes/:na]
	at java.lang.String.valueOf(String.java:2994) ~[na:1.8.0_131]
	at java.lang.StringBuilder.append(StringBuilder.java:131) ~[na:1.8.0_131]
	at java.util.AbstractCollection.toString(AbstractCollection.java:462) ~[na:1.8.0_131]
	at org.hibernate.collection.internal.PersistentBag.toString(PersistentBag.java:510) ~[hibernate-core-5.0.12.Final.jar:5.0.12.Final]
	at java.lang.String.valueOf(String.java:2994) ~[na:1.8.0_131]
	at java.lang.StringBuilder.append(StringBuilder.java:131) ~[na:1.8.0_131]
	at com.jpa.hibernate.demo.entity.Course.toString(Course.java:105) ~[classes/:na]
	at java.lang.String.valueOf(String.java:2994) ~[na:1.8.0_131]
	at java.lang.StringBuilder.append(StringBuilder.java:131) ~[na:1.8.0_131]
	at com.jpa.hibernate.demo.entity.Rating.toString(Rating.java:55) ~[classes/:na]
	at java.lang.String.valueOf(String.java:2994) ~[na:1.8.0_131]
	at java.lang.StringBuilder.append(StringBuilder.java:131) ~[na:1.8.0_131]
	at java.util.AbstractCollection.toString(AbstractCollection.java:462) ~[na:1.8.0_131]
	at org.hibernate.collection.internal.PersistentBag.toString(PersistentBag.java:510) ~[hibernate-core-5.0.12.Final.jar:5.0.12.Final]
	at java.lang.String.valueOf(String.java:2994) ~[na:1.8.0_131]
	at java.lang.StringBuilder.append(StringBuilder.java:131) ~[na:1.8.0_131]
	at com.jpa.hibernate.demo.entity.Course.toString(Course.java:105) ~[classes/:na]
	at java.lang.String.valueOf(String.java:2994) ~[na:1.8.0_131]
	at java.lang.StringBuilder.append(StringBuilder.java:131) ~[na:1.8.0_131]
	at com.jpa.hibernate.demo.entity.Rating.toString(Rating.java:55) ~[classes/:na]
	at java.lang.String.valueOf(String.java:2994) ~[na:1.8.0_131]
	at java.lang.StringBuilder.append(StringBuilder.java:131) ~[na:1.8.0_131]
	at java.util.AbstractCollection.toString(AbstractCollection.java:462) ~[na:1.8.0_131]
	at org.hibernate.collection.internal.PersistentBag.toString(PersistentBag.java:510) ~[hibernate-core-5.0.12.Final.jar:5.0.12.Final]
	at java.lang.String.valueOf(String.java:2994) ~[na:1.8.0_131]
	at java.lang.StringBuilder.append(StringBuilder.java:131) ~[na:1.8.0_131]
	at com.jpa.hibernate.demo.entity.Course.toString(Course.java:105) ~[classes/:na]
	at java.lang.String.valueOf(String.java:2994) ~[na:1.8.0_131]
	at java.lang.StringBuilder.append(StringBuilder.java:131) ~[na:1.8.0_131]
	at com.jpa.hibernate.demo.entity.Rating.toString(Rating.java:55) ~[classes/:na]
	at java.lang.String.valueOf(String.java:2994) ~[na:1.8.0_131]
	at java.lang.StringBuilder.append(StringBuilder.java:131) ~[na:1.8.0_131]
	at java.util.AbstractCollection.toString(AbstractCollection.java:462) ~[na:1.8.0_131]
	at org.hibernate.collection.internal.PersistentBag.toString(PersistentBag.java:510) ~[hibernate-core-5.0.12.Final.jar:5.0.12.Final]
	at java.lang.String.valueOf(String.java:2994) ~[na:1.8.0_131]
	at java.lang.StringBuilder.append(StringBuilder.java:131) ~[na:1.8.0_131]
	at com.jpa.hibernate.demo.entity.Course.toString(Course.java:105) ~[classes/:na]
	at java.lang.String.valueOf(String.java:2994) ~[na:1.8.0_131]
	at java.lang.StringBuilder.append(StringBuilder.java:131) ~[na:1.8.0_131]
	at com.jpa.hibernate.demo.entity.Rating.toString(Rating.java:55) ~[classes/:na]
	at java.lang.String.valueOf(String.java:2994) ~[na:1.8.0_131]
	at java.lang.StringBuilder.append(StringBuilder.java:131) ~[na:1.8.0_131]
	at java.util.AbstractCollection.toString(AbstractCollection.java:462) ~[na:1.8.0_131]
	at org.hibernate.collection.internal.PersistentBag.toString(PersistentBag.java:510) ~[hibernate-core-5.0.12.Final.jar:5.0.12.Final]
	at java.lang.String.valueOf(String.java:2994) ~[na:1.8.0_131]
	at java.lang.StringBuilder.append(StringBuilder.java:131) ~[na:1.8.0_131]
	at com.jpa.hibernate.demo.entity.Course.toString(Course.java:105) ~[classes/:na]
	at java.lang.String.valueOf(String.java:2994) ~[na:1.8.0_131]
	at java.lang.StringBuilder.append(StringBuilder.java:131) ~[na:1.8.0_131]
	at com.jpa.hibernate.demo.entity.Rating.toString(Rating.java:55) ~[classes/:na]
	at java.lang.String.valueOf(String.java:2994) ~[na:1.8.0_131]
	at java.lang.StringBuilder.append(StringBuilder.java:131) ~[na:1.8.0_131]
	at java.util.AbstractCollection.toString(AbstractCollection.java:462) ~[na:1.8.0_131]
	at org.hibernate.collection.internal.PersistentBag.toString(PersistentBag.java:510) ~[hibernate-core-5.0.12.Final.jar:5.0.12.Final]
	at java.lang.String.valueOf(String.java:2994) ~[na:1.8.0_131]
	at java.lang.StringBuilder.append(StringBuilder.java:131) ~[na:1.8.0_131]
	at com.jpa.hibernate.demo.entity.Course.toString(Course.java:105) ~[classes/:na]
	at java.lang.String.valueOf(String.java:2994) ~[na:1.8.0_131]
	at java.lang.StringBuilder.append(StringBuilder.java:131) ~[na:1.8.0_131]
	at com.jpa.hibernate.demo.entity.Rating.toString(Rating.java:55) ~[classes/:na]
	at java.lang.String.valueOf(String.java:2994) ~[na:1.8.0_131]
	at java.lang.StringBuilder.append(StringBuilder.java:131) ~[na:1.8.0_131]
	at java.util.AbstractCollection.toString(AbstractCollection.java:462) ~[na:1.8.0_131]
	at org.hibernate.collection.internal.PersistentBag.toString(PersistentBag.java:510) ~[hibernate-core-5.0.12.Final.jar:5.0.12.Final]
	at java.lang.String.valueOf(String.java:2994) ~[na:1.8.0_131]
	at java.lang.StringBuilder.append(StringBuilder.java:131) ~[na:1.8.0_131]
	at com.jpa.hibernate.demo.entity.Course.toString(Course.java:105) ~[classes/:na]
	at java.lang.String.valueOf(String.java:2994) ~[na:1.8.0_131]
	at java.lang.StringBuilder.append(StringBuilder.java:131) ~[na:1.8.0_131]
	at com.jpa.hibernate.demo.entity.Rating.toString(Rating.java:55) ~[classes/:na]
	at java.lang.String.valueOf(String.java:2994) ~[na:1.8.0_131]
	at java.lang.StringBuilder.append(StringBuilder.java:131) ~[na:1.8.0_131]
	at java.util.AbstractCollection.toString(AbstractCollection.java:462) ~[na:1.8.0_131]
	at org.hibernate.collection.internal.PersistentBag.toString(PersistentBag.java:510) ~[hibernate-core-5.0.12.Final.jar:5.0.12.Final]
	at java.lang.String.valueOf(String.java:2994) ~[na:1.8.0_131]
	at java.lang.StringBuilder.append(StringBuilder.java:131) ~[na:1.8.0_131]
	at com.jpa.hibernate.demo.entity.Course.toString(Course.java:105) ~[classes/:na]
	at java.lang.String.valueOf(String.java:2994) ~[na:1.8.0_131]
	at java.lang.StringBuilder.append(StringBuilder.java:131) ~[na:1.8.0_131]
	at com.jpa.hibernate.demo.entity.Rating.toString(Rating.java:55) ~[classes/:na]
	at java.lang.String.valueOf(String.java:2994) ~[na:1.8.0_131]
	at java.lang.StringBuilder.append(StringBuilder.java:131) ~[na:1.8.0_131]
	at java.util.AbstractCollection.toString(AbstractCollection.java:462) ~[na:1.8.0_131]
	at org.hibernate.collection.internal.PersistentBag.toString(PersistentBag.java:510) ~[hibernate-core-5.0.12.Final.jar:5.0.12.Final]
	at java.lang.String.valueOf(String.java:2994) ~[na:1.8.0_131]
	at java.lang.StringBuilder.append(StringBuilder.java:131) ~[na:1.8.0_131]
	at com.jpa.hibernate.demo.entity.Course.toString(Course.java:105) ~[classes/:na]
	at java.lang.String.valueOf(String.java:2994) ~[na:1.8.0_131]
	at java.lang.StringBuilder.append(StringBuilder.java:131) ~[na:1.8.0_131]
	at com.jpa.hibernate.demo.entity.Rating.toString(Rating.java:55) ~[classes/:na]
	at java.lang.String.valueOf(String.java:2994) ~[na:1.8.0_131]
	at java.lang.StringBuilder.append(StringBuilder.java:131) ~[na:1.8.0_131]
	at java.util.AbstractCollection.toString(AbstractCollection.java:462) ~[na:1.8.0_131]
	at org.hibernate.collection.internal.PersistentBag.toString(PersistentBag.java:510) ~[hibernate-core-5.0.12.Final.jar:5.0.12.Final]
	at java.lang.String.valueOf(String.java:2994) ~[na:1.8.0_131]
	at java.lang.StringBuilder.append(StringBuilder.java:131) ~[na:1.8.0_131]
	at com.jpa.hibernate.demo.entity.Course.toString(Course.java:105) ~[classes/:na]
	at java.lang.String.valueOf(String.java:2994) ~[na:1.8.0_131]
	at java.lang.StringBuilder.append(StringBuilder.java:131) ~[na:1.8.0_131]
	at com.jpa.hibernate.demo.entity.Rating.toString(Rating.java:55) ~[classes/:na]
	at java.lang.String.valueOf(String.java:2994) ~[na:1.8.0_131]
	at java.lang.StringBuilder.append(StringBuilder.java:131) ~[na:1.8.0_131]
	at java.util.AbstractCollection.toString(AbstractCollection.java:462) ~[na:1.8.0_131]
	at org.hibernate.collection.internal.PersistentBag.toString(PersistentBag.java:510) ~[hibernate-core-5.0.12.Final.jar:5.0.12.Final]
	at java.lang.String.valueOf(String.java:2994) ~[na:1.8.0_131]
	at java.lang.StringBuilder.append(StringBuilder.java:131) ~[na:1.8.0_131]
	at com.jpa.hibernate.demo.entity.Course.toString(Course.java:105) ~[classes/:na]
	at java.lang.String.valueOf(String.java:2994) ~[na:1.8.0_131]
	at java.lang.StringBuilder.append(StringBuilder.java:131) ~[na:1.8.0_131]
	at com.jpa.hibernate.demo.entity.Rating.toString(Rating.java:55) ~[classes/:na]
	at java.lang.String.valueOf(String.java:2994) ~[na:1.8.0_131]
	at java.lang.StringBuilder.append(StringBuilder.java:131) ~[na:1.8.0_131]
	at java.util.AbstractCollection.toString(AbstractCollection.java:462) ~[na:1.8.0_131]
	at org.hibernate.collection.internal.PersistentBag.toString(PersistentBag.java:510) ~[hibernate-core-5.0.12.Final.jar:5.0.12.Final]
	at java.lang.String.valueOf(String.java:2994) ~[na:1.8.0_131]
	at java.lang.StringBuilder.append(StringBuilder.java:131) ~[na:1.8.0_131]
	at com.jpa.hibernate.demo.entity.Course.toString(Course.java:105) ~[classes/:na]
	at java.lang.String.valueOf(String.java:2994) ~[na:1.8.0_131]
	at java.lang.StringBuilder.append(StringBuilder.java:131) ~[na:1.8.0_131]
	at com.jpa.hibernate.demo.entity.Rating.toString(Rating.java:55) ~[classes/:na]
	at java.lang.String.valueOf(String.java:2994) ~[na:1.8.0_131]
	at java.lang.StringBuilder.append(StringBuilder.java:131) ~[na:1.8.0_131]
	at java.util.AbstractCollection.toString(AbstractCollection.java:462) ~[na:1.8.0_131]
	at org.hibernate.collection.internal.PersistentBag.toString(PersistentBag.java:510) ~[hibernate-core-5.0.12.Final.jar:5.0.12.Final]
	at java.lang.String.valueOf(String.java:2994) ~[na:1.8.0_131]
	at java.lang.StringBuilder.append(StringBuilder.java:131) ~[na:1.8.0_131]
	at com.jpa.hibernate.demo.entity.Course.toString(Course.java:105) ~[classes/:na]
	at java.lang.String.valueOf(String.java:2994) ~[na:1.8.0_131]
	at java.lang.StringBuilder.append(StringBuilder.java:131) ~[na:1.8.0_131]
	at com.jpa.hibernate.demo.entity.Rating.toString(Rating.java:55) ~[classes/:na]
	at java.lang.String.valueOf(String.java:2994) ~[na:1.8.0_131]
	at java.lang.StringBuilder.append(StringBuilder.java:131) ~[na:1.8.0_131]
	at java.util.AbstractCollection.toString(AbstractCollection.java:462) ~[na:1.8.0_131]
	at org.hibernate.collection.internal.PersistentBag.toString(PersistentBag.java:510) ~[hibernate-core-5.0.12.Final.jar:5.0.12.Final]
	at java.lang.String.valueOf(String.java:2994) ~[na:1.8.0_131]
	at java.lang.StringBuilder.append(StringBuilder.java:131) ~[na:1.8.0_131]
	at com.jpa.hibernate.demo.entity.Course.toString(Course.java:105) ~[classes/:na]
	at java.lang.String.valueOf(String.java:2994) ~[na:1.8.0_131]
	at java.lang.StringBuilder.append(StringBuilder.java:131) ~[na:1.8.0_131]
	at com.jpa.hibernate.demo.entity.Rating.toString(Rating.java:55) ~[classes/:na]
	at java.lang.String.valueOf(String.java:2994) ~[na:1.8.0_131]
	at java.lang.StringBuilder.append(StringBuilder.java:131) ~[na:1.8.0_131]
	at java.util.AbstractCollection.toString(AbstractCollection.java:462) ~[na:1.8.0_131]
	at org.hibernate.collection.internal.PersistentBag.toString(PersistentBag.java:510) ~[hibernate-core-5.0.12.Final.jar:5.0.12.Final]
	at java.lang.String.valueOf(String.java:2994) ~[na:1.8.0_131]
	at java.lang.StringBuilder.append(StringBuilder.java:131) ~[na:1.8.0_131]
	at com.jpa.hibernate.demo.entity.Course.toString(Course.java:105) ~[classes/:na]
	at java.lang.String.valueOf(String.java:2994) ~[na:1.8.0_131]
	at java.lang.StringBuilder.append(StringBuilder.java:131) ~[na:1.8.0_131]
	at com.jpa.hibernate.demo.entity.Rating.toString(Rating.java:55) ~[classes/:na]
	at java.lang.String.valueOf(String.java:2994) ~[na:1.8.0_131]
	at java.lang.StringBuilder.append(StringBuilder.java:131) ~[na:1.8.0_131]
	at java.util.AbstractCollection.toString(AbstractCollection.java:462) ~[na:1.8.0_131]
	at org.hibernate.collection.internal.PersistentBag.toString(PersistentBag.java:510) ~[hibernate-core-5.0.12.Final.jar:5.0.12.Final]
	at java.lang.String.valueOf(String.java:2994) ~[na:1.8.0_131]
	at java.lang.StringBuilder.append(StringBuilder.java:131) ~[na:1.8.0_131]
	at com.jpa.hibernate.demo.entity.Course.toString(Course.java:105) ~[classes/:na]
	at java.lang.String.valueOf(String.java:2994) ~[na:1.8.0_131]
	at java.lang.StringBuilder.append(StringBuilder.java:131) ~[na:1.8.0_131]
	at com.jpa.hibernate.demo.entity.Rating.toString(Rating.java:55) ~[classes/:na]
	at java.lang.String.valueOf(String.java:2994) ~[na:1.8.0_131]
	at java.lang.StringBuilder.append(StringBuilder.java:131) ~[na:1.8.0_131]
	at java.util.AbstractCollection.toString(AbstractCollection.java:462) ~[na:1.8.0_131]
	at org.hibernate.collection.internal.PersistentBag.toString(PersistentBag.java:510) ~[hibernate-core-5.0.12.Final.jar:5.0.12.Final]
	at java.lang.String.valueOf(String.java:2994) ~[na:1.8.0_131]
	at java.lang.StringBuilder.append(StringBuilder.java:131) ~[na:1.8.0_131]
	at com.jpa.hibernate.demo.entity.Course.toString(Course.java:105) ~[classes/:na]
	at java.lang.String.valueOf(String.java:2994) ~[na:1.8.0_131]
	at java.lang.StringBuilder.append(StringBuilder.java:131) ~[na:1.8.0_131]
	at com.jpa.hibernate.demo.entity.Rating.toString(Rating.java:55) ~[classes/:na]
	at java.lang.String.valueOf(String.java:2994) ~[na:1.8.0_131]
	at java.lang.StringBuilder.append(StringBuilder.java:131) ~[na:1.8.0_131]
	at java.util.AbstractCollection.toString(AbstractCollection.java:462) ~[na:1.8.0_131]
	at org.hibernate.collection.internal.PersistentBag.toString(PersistentBag.java:510) ~[hibernate-core-5.0.12.Final.jar:5.0.12.Final]
	at java.lang.String.valueOf(String.java:2994) ~[na:1.8.0_131]
	at java.lang.StringBuilder.append(StringBuilder.java:131) ~[na:1.8.0_131]
	at com.jpa.hibernate.demo.entity.Course.toString(Course.java:105) ~[classes/:na]
	at java.lang.String.valueOf(String.java:2994) ~[na:1.8.0_131]
	at java.lang.StringBuilder.append(StringBuilder.java:131) ~[na:1.8.0_131]
	at com.jpa.hibernate.demo.entity.Rating.toString(Rating.java:55) ~[classes/:na]
	at java.lang.String.valueOf(String.java:2994) ~[na:1.8.0_131]
	at java.lang.StringBuilder.append(StringBuilder.java:131) ~[na:1.8.0_131]
	at java.util.AbstractCollection.toString(AbstractCollection.java:462) ~[na:1.8.0_131]
	at org.hibernate.collection.internal.PersistentBag.toString(PersistentBag.java:510) ~[hibernate-core-5.0.12.Final.jar:5.0.12.Final]
	at java.lang.String.valueOf(String.java:2994) ~[na:1.8.0_131]
	at java.lang.StringBuilder.append(StringBuilder.java:131) ~[na:1.8.0_131]
	at com.jpa.hibernate.demo.entity.Course.toString(Course.java:105) ~[classes/:na]
	at java.lang.String.valueOf(String.java:2994) ~[na:1.8.0_131]
	at java.lang.StringBuilder.append(StringBuilder.java:131) ~[na:1.8.0_131]
	at com.jpa.hibernate.demo.entity.Rating.toString(Rating.java:55) ~[classes/:na]
	at java.lang.String.valueOf(String.java:2994) ~[na:1.8.0_131]
	at java.lang.StringBuilder.append(StringBuilder.java:131) ~[na:1.8.0_131]
	at java.util.AbstractCollection.toString(AbstractCollection.java:462) ~[na:1.8.0_131]
	at org.hibernate.collection.internal.PersistentBag.toString(PersistentBag.java:510) ~[hibernate-core-5.0.12.Final.jar:5.0.12.Final]
	at java.lang.String.valueOf(String.java:2994) ~[na:1.8.0_131]
	at java.lang.StringBuilder.append(StringBuilder.java:131) ~[na:1.8.0_131]
	at com.jpa.hibernate.demo.entity.Course.toString(Course.java:105) ~[classes/:na]
	at java.lang.String.valueOf(String.java:2994) ~[na:1.8.0_131]
	at java.lang.StringBuilder.append(StringBuilder.java:131) ~[na:1.8.0_131]
	at com.jpa.hibernate.demo.entity.Rating.toString(Rating.java:55) ~[classes/:na]
	at java.lang.String.valueOf(String.java:2994) ~[na:1.8.0_131]
	at java.lang.StringBuilder.append(StringBuilder.java:131) ~[na:1.8.0_131]
	at java.util.AbstractCollection.toString(AbstractCollection.java:462) ~[na:1.8.0_131]
	at org.hibernate.collection.internal.PersistentBag.toString(PersistentBag.java:510) ~[hibernate-core-5.0.12.Final.jar:5.0.12.Final]
	at java.lang.String.valueOf(String.java:2994) ~[na:1.8.0_131]
	at java.lang.StringBuilder.append(StringBuilder.java:131) ~[na:1.8.0_131]
	at com.jpa.hibernate.demo.entity.Course.toString(Course.java:105) ~[classes/:na]
	at java.lang.String.valueOf(String.java:2994) ~[na:1.8.0_131]
	at java.lang.StringBuilder.append(StringBuilder.java:131) ~[na:1.8.0_131]
	at com.jpa.hibernate.demo.entity.Rating.toString(Rating.java:55) ~[classes/:na]
	at java.lang.String.valueOf(String.java:2994) ~[na:1.8.0_131]
	at java.lang.StringBuilder.append(StringBuilder.java:131) ~[na:1.8.0_131]
	at java.util.AbstractCollection.toString(AbstractCollection.java:462) ~[na:1.8.0_131]
	at org.hibernate.collection.internal.PersistentBag.toString(PersistentBag.java:510) ~[hibernate-core-5.0.12.Final.jar:5.0.12.Final]
	at java.lang.String.valueOf(String.java:2994) ~[na:1.8.0_131]
	at java.lang.StringBuilder.append(StringBuilder.java:131) ~[na:1.8.0_131]
	at com.jpa.hibernate.demo.entity.Course.toString(Course.java:105) ~[classes/:na]
	at java.lang.String.valueOf(String.java:2994) ~[na:1.8.0_131]
	at java.lang.StringBuilder.append(StringBuilder.java:131) ~[na:1.8.0_131]
	at com.jpa.hibernate.demo.entity.Rating.toString(Rating.java:55) ~[classes/:na]
	at java.lang.String.valueOf(String.java:2994) ~[na:1.8.0_131]
	at java.lang.StringBuilder.append(StringBuilder.java:131) ~[na:1.8.0_131]
	at java.util.AbstractCollection.toString(AbstractCollection.java:462) ~[na:1.8.0_131]
	at org.hibernate.collection.internal.PersistentBag.toString(PersistentBag.java:510) ~[hibernate-core-5.0.12.Final.jar:5.0.12.Final]
	at java.lang.String.valueOf(String.java:2994) ~[na:1.8.0_131]
	at java.lang.StringBuilder.append(StringBuilder.java:131) ~[na:1.8.0_131]
	at com.jpa.hibernate.demo.entity.Course.toString(Course.java:105) ~[classes/:na]
	at java.lang.String.valueOf(String.java:2994) ~[na:1.8.0_131]
	at java.lang.StringBuilder.append(StringBuilder.java:131) ~[na:1.8.0_131]
	at com.jpa.hibernate.demo.entity.Rating.toString(Rating.java:55) ~[classes/:na]
	at java.lang.String.valueOf(String.java:2994) ~[na:1.8.0_131]
	at java.lang.StringBuilder.append(StringBuilder.java:131) ~[na:1.8.0_131]
	at java.util.AbstractCollection.toString(AbstractCollection.java:462) ~[na:1.8.0_131]
	at org.hibernate.collection.internal.PersistentBag.toString(PersistentBag.java:510) ~[hibernate-core-5.0.12.Final.jar:5.0.12.Final]
	at java.lang.String.valueOf(String.java:2994) ~[na:1.8.0_131]
	at java.lang.StringBuilder.append(StringBuilder.java:131) ~[na:1.8.0_131]

]]></system-out>
    <system-err><![CDATA[Wed Jun 19 12:01:07 IST 2019 WARN: Establishing SSL connection without server's identity verification is not recommended. According to MySQL 5.5.45+, 5.6.26+ and 5.7.6+ requirements SSL connection must be established by default if explicit option isn't set. For compliance with existing applications not using SSL the verifyServerCertificate property is set to 'false'. You need either to explicitly disable SSL by setting useSSL=false, or set useSSL=true and provide truststore for server certificate verification.
Wed Jun 19 12:01:07 IST 2019 WARN: Establishing SSL connection without server's identity verification is not recommended. According to MySQL 5.5.45+, 5.6.26+ and 5.7.6+ requirements SSL connection must be established by default if explicit option isn't set. For compliance with existing applications not using SSL the verifyServerCertificate property is set to 'false'. You need either to explicitly disable SSL by setting useSSL=false, or set useSSL=true and provide truststore for server certificate verification.
Wed Jun 19 12:01:07 IST 2019 WARN: Establishing SSL connection without server's identity verification is not recommended. According to MySQL 5.5.45+, 5.6.26+ and 5.7.6+ requirements SSL connection must be established by default if explicit option isn't set. For compliance with existing applications not using SSL the verifyServerCertificate property is set to 'false'. You need either to explicitly disable SSL by setting useSSL=false, or set useSSL=true and provide truststore for server certificate verification.
Wed Jun 19 12:01:07 IST 2019 WARN: Establishing SSL connection without server's identity verification is not recommended. According to MySQL 5.5.45+, 5.6.26+ and 5.7.6+ requirements SSL connection must be established by default if explicit option isn't set. For compliance with existing applications not using SSL the verifyServerCertificate property is set to 'false'. You need either to explicitly disable SSL by setting useSSL=false, or set useSSL=true and provide truststore for server certificate verification.
Wed Jun 19 12:01:07 IST 2019 WARN: Establishing SSL connection without server's identity verification is not recommended. According to MySQL 5.5.45+, 5.6.26+ and 5.7.6+ requirements SSL connection must be established by default if explicit option isn't set. For compliance with existing applications not using SSL the verifyServerCertificate property is set to 'false'. You need either to explicitly disable SSL by setting useSSL=false, or set useSSL=true and provide truststore for server certificate verification.
Wed Jun 19 12:01:07 IST 2019 WARN: Establishing SSL connection without server's identity verification is not recommended. According to MySQL 5.5.45+, 5.6.26+ and 5.7.6+ requirements SSL connection must be established by default if explicit option isn't set. For compliance with existing applications not using SSL the verifyServerCertificate property is set to 'false'. You need either to explicitly disable SSL by setting useSSL=false, or set useSSL=true and provide truststore for server certificate verification.
Wed Jun 19 12:01:07 IST 2019 WARN: Establishing SSL connection without server's identity verification is not recommended. According to MySQL 5.5.45+, 5.6.26+ and 5.7.6+ requirements SSL connection must be established by default if explicit option isn't set. For compliance with existing applications not using SSL the verifyServerCertificate property is set to 'false'. You need either to explicitly disable SSL by setting useSSL=false, or set useSSL=true and provide truststore for server certificate verification.
Wed Jun 19 12:01:07 IST 2019 WARN: Establishing SSL connection without server's identity verification is not recommended. According to MySQL 5.5.45+, 5.6.26+ and 5.7.6+ requirements SSL connection must be established by default if explicit option isn't set. For compliance with existing applications not using SSL the verifyServerCertificate property is set to 'false'. You need either to explicitly disable SSL by setting useSSL=false, or set useSSL=true and provide truststore for server certificate verification.
Wed Jun 19 12:01:07 IST 2019 WARN: Establishing SSL connection without server's identity verification is not recommended. According to MySQL 5.5.45+, 5.6.26+ and 5.7.6+ requirements SSL connection must be established by default if explicit option isn't set. For compliance with existing applications not using SSL the verifyServerCertificate property is set to 'false'. You need either to explicitly disable SSL by setting useSSL=false, or set useSSL=true and provide truststore for server certificate verification.
Wed Jun 19 12:01:07 IST 2019 WARN: Establishing SSL connection without server's identity verification is not recommended. According to MySQL 5.5.45+, 5.6.26+ and 5.7.6+ requirements SSL connection must be established by default if explicit option isn't set. For compliance with existing applications not using SSL the verifyServerCertificate property is set to 'false'. You need either to explicitly disable SSL by setting useSSL=false, or set useSSL=true and provide truststore for server certificate verification.
]]></system-err>
  </testcase>
  <testcase name="contextLoads" classname="com.jpa.hibernate.demo.repo.CourseRepoTest" time="0">
    <error type="java.lang.StackOverflowError">java.lang.StackOverflowError
</error>
    <system-out><![CDATA[
  .   ____          _            __ _ _
 /\\ / ___'_ __ _ _(_)_ __  __ _ \ \ \ \
( ( )\___ | '_ | '_| | '_ \/ _` | \ \ \ \
 \\/  ___)| |_)| | | | | || (_| |  ) ) ) )
  '  |____| .__|_| |_|_| |_\__, | / / / /
 =========|_|==============|___/=/_/_/_/
 :: Spring Boot ::        (v1.5.9.RELEASE)

2019-06-19 12:01:07.872  INFO 6732 --- [           main] c.j.hibernate.demo.repo.CourseRepoTest   : Starting CourseRepoTest on Sudhir with PID 6732 (started by sudha in C:\Users\sudha\Jpa-hibernate-in-depth\jpa-hibernate)
2019-06-19 12:01:07.873  INFO 6732 --- [           main] c.j.hibernate.demo.repo.CourseRepoTest   : No active profile set, falling back to default profiles: default
2019-06-19 12:01:07.874  INFO 6732 --- [           main] o.s.w.c.s.GenericWebApplicationContext   : Refreshing org.springframework.web.context.support.GenericWebApplicationContext@53b7f08: startup date [Wed Jun 19 12:01:07 IST 2019]; root of context hierarchy
2019-06-19 12:01:08.444  INFO 6732 --- [           main] j.LocalContainerEntityManagerFactoryBean : Building JPA container EntityManagerFactory for persistence unit 'default'
2019-06-19 12:01:08.444  INFO 6732 --- [           main] o.hibernate.jpa.internal.util.LogHelper  : HHH000204: Processing PersistenceUnitInfo [
	name: default
	...]
2019-06-19 12:01:08.451  INFO 6732 --- [           main] org.hibernate.dialect.Dialect            : HHH000400: Using dialect: org.hibernate.dialect.MySQL5Dialect
2019-06-19 12:01:08.485  INFO 6732 --- [           main] o.h.h.i.QueryTranslatorFactoryInitiator  : HHH000397: Using ASTQueryTranslatorFactory
2019-06-19 12:01:08.489  INFO 6732 --- [           main] j.LocalContainerEntityManagerFactoryBean : Initialized JPA EntityManagerFactory for persistence unit 'default'
2019-06-19 12:01:08.783  INFO 6732 --- [           main] s.w.s.m.m.a.RequestMappingHandlerAdapter : Looking for @ControllerAdvice: org.springframework.web.context.support.GenericWebApplicationContext@53b7f08: startup date [Wed Jun 19 12:01:07 IST 2019]; root of context hierarchy
2019-06-19 12:01:08.802  INFO 6732 --- [           main] s.w.s.m.m.a.RequestMappingHandlerMapping : Mapped "{[/error]}" onto public org.springframework.http.ResponseEntity<java.util.Map<java.lang.String, java.lang.Object>> org.springframework.boot.autoconfigure.web.BasicErrorController.error(javax.servlet.http.HttpServletRequest)
2019-06-19 12:01:08.803  INFO 6732 --- [           main] s.w.s.m.m.a.RequestMappingHandlerMapping : Mapped "{[/error],produces=[text/html]}" onto public org.springframework.web.servlet.ModelAndView org.springframework.boot.autoconfigure.web.BasicErrorController.errorHtml(javax.servlet.http.HttpServletRequest,javax.servlet.http.HttpServletResponse)
2019-06-19 12:01:08.831  INFO 6732 --- [           main] o.s.w.s.handler.SimpleUrlHandlerMapping  : Mapped URL path [/webjars/**] onto handler of type [class org.springframework.web.servlet.resource.ResourceHttpRequestHandler]
2019-06-19 12:01:08.832  INFO 6732 --- [           main] o.s.w.s.handler.SimpleUrlHandlerMapping  : Mapped URL path [/**] onto handler of type [class org.springframework.web.servlet.resource.ResourceHttpRequestHandler]
2019-06-19 12:01:08.856  INFO 6732 --- [           main] o.s.w.s.handler.SimpleUrlHandlerMapping  : Mapped URL path [/**/favicon.ico] onto handler of type [class org.springframework.web.servlet.resource.ResourceHttpRequestHandler]
Hibernate: select course0_.id as id1_0_0_, course0_.address as address2_0_0_, course0_.contact as contact3_0_0_, course0_.email as email4_0_0_, course0_.name as name5_0_0_ from course course0_ where course0_.id=?
Hibernate: select rating0_.course_id as course_i4_3_0_, rating0_.id as id1_3_0_, rating0_.id as id1_3_1_, rating0_.course_id as course_i4_3_1_, rating0_.description as descript2_3_1_, rating0_.rating as rating3_3_1_ from review rating0_ where rating0_.course_id=?
2019-06-19 12:01:09.055  INFO 6732 --- [           main] utoConfigurationReportLoggingInitializer : 

Error starting ApplicationContext. To display the auto-configuration report re-run your application with 'debug' enabled.
2019-06-19 12:01:09.059 ERROR 6732 --- [           main] o.s.boot.SpringApplication               : Application startup failed

java.lang.StackOverflowError: null
	at java.util.AbstractCollection.toString(AbstractCollection.java:454) ~[na:1.8.0_131]
	at org.hibernate.collection.internal.PersistentBag.toString(PersistentBag.java:510) ~[hibernate-core-5.0.12.Final.jar:5.0.12.Final]
	at java.lang.String.valueOf(String.java:2994) ~[na:1.8.0_131]
	at java.lang.StringBuilder.append(StringBuilder.java:131) ~[na:1.8.0_131]
	at com.jpa.hibernate.demo.entity.Course.toString(Course.java:105) ~[classes/:na]
	at java.lang.String.valueOf(String.java:2994) ~[na:1.8.0_131]
	at java.lang.StringBuilder.append(StringBuilder.java:131) ~[na:1.8.0_131]
	at com.jpa.hibernate.demo.entity.Rating.toString(Rating.java:55) ~[classes/:na]
	at java.lang.String.valueOf(String.java:2994) ~[na:1.8.0_131]
	at java.lang.StringBuilder.append(StringBuilder.java:131) ~[na:1.8.0_131]
	at java.util.AbstractCollection.toString(AbstractCollection.java:462) ~[na:1.8.0_131]
	at org.hibernate.collection.internal.PersistentBag.toString(PersistentBag.java:510) ~[hibernate-core-5.0.12.Final.jar:5.0.12.Final]
	at java.lang.String.valueOf(String.java:2994) ~[na:1.8.0_131]
	at java.lang.StringBuilder.append(StringBuilder.java:131) ~[na:1.8.0_131]
	at com.jpa.hibernate.demo.entity.Course.toString(Course.java:105) ~[classes/:na]
	at java.lang.String.valueOf(String.java:2994) ~[na:1.8.0_131]
	at java.lang.StringBuilder.append(StringBuilder.java:131) ~[na:1.8.0_131]
	at com.jpa.hibernate.demo.entity.Rating.toString(Rating.java:55) ~[classes/:na]
	at java.lang.String.valueOf(String.java:2994) ~[na:1.8.0_131]
	at java.lang.StringBuilder.append(StringBuilder.java:131) ~[na:1.8.0_131]
	at java.util.AbstractCollection.toString(AbstractCollection.java:462) ~[na:1.8.0_131]
	at org.hibernate.collection.internal.PersistentBag.toString(PersistentBag.java:510) ~[hibernate-core-5.0.12.Final.jar:5.0.12.Final]
	at java.lang.String.valueOf(String.java:2994) ~[na:1.8.0_131]
	at java.lang.StringBuilder.append(StringBuilder.java:131) ~[na:1.8.0_131]
	at com.jpa.hibernate.demo.entity.Course.toString(Course.java:105) ~[classes/:na]
	at java.lang.String.valueOf(String.java:2994) ~[na:1.8.0_131]
	at java.lang.StringBuilder.append(StringBuilder.java:131) ~[na:1.8.0_131]
	at com.jpa.hibernate.demo.entity.Rating.toString(Rating.java:55) ~[classes/:na]
	at java.lang.String.valueOf(String.java:2994) ~[na:1.8.0_131]
	at java.lang.StringBuilder.append(StringBuilder.java:131) ~[na:1.8.0_131]
	at java.util.AbstractCollection.toString(AbstractCollection.java:462) ~[na:1.8.0_131]
	at org.hibernate.collection.internal.PersistentBag.toString(PersistentBag.java:510) ~[hibernate-core-5.0.12.Final.jar:5.0.12.Final]
	at java.lang.String.valueOf(String.java:2994) ~[na:1.8.0_131]
	at java.lang.StringBuilder.append(StringBuilder.java:131) ~[na:1.8.0_131]
	at com.jpa.hibernate.demo.entity.Course.toString(Course.java:105) ~[classes/:na]
	at java.lang.String.valueOf(String.java:2994) ~[na:1.8.0_131]
	at java.lang.StringBuilder.append(StringBuilder.java:131) ~[na:1.8.0_131]
	at com.jpa.hibernate.demo.entity.Rating.toString(Rating.java:55) ~[classes/:na]
	at java.lang.String.valueOf(String.java:2994) ~[na:1.8.0_131]
	at java.lang.StringBuilder.append(StringBuilder.java:131) ~[na:1.8.0_131]
	at java.util.AbstractCollection.toString(AbstractCollection.java:462) ~[na:1.8.0_131]
	at org.hibernate.collection.internal.PersistentBag.toString(PersistentBag.java:510) ~[hibernate-core-5.0.12.Final.jar:5.0.12.Final]
	at java.lang.String.valueOf(String.java:2994) ~[na:1.8.0_131]
	at java.lang.StringBuilder.append(StringBuilder.java:131) ~[na:1.8.0_131]
	at com.jpa.hibernate.demo.entity.Course.toString(Course.java:105) ~[classes/:na]
	at java.lang.String.valueOf(String.java:2994) ~[na:1.8.0_131]
	at java.lang.StringBuilder.append(StringBuilder.java:131) ~[na:1.8.0_131]
	at com.jpa.hibernate.demo.entity.Rating.toString(Rating.java:55) ~[classes/:na]
	at java.lang.String.valueOf(String.java:2994) ~[na:1.8.0_131]
	at java.lang.StringBuilder.append(StringBuilder.java:131) ~[na:1.8.0_131]
	at java.util.AbstractCollection.toString(AbstractCollection.java:462) ~[na:1.8.0_131]
	at org.hibernate.collection.internal.PersistentBag.toString(PersistentBag.java:510) ~[hibernate-core-5.0.12.Final.jar:5.0.12.Final]
	at java.lang.String.valueOf(String.java:2994) ~[na:1.8.0_131]
	at java.lang.StringBuilder.append(StringBuilder.java:131) ~[na:1.8.0_131]
	at com.jpa.hibernate.demo.entity.Course.toString(Course.java:105) ~[classes/:na]
	at java.lang.String.valueOf(String.java:2994) ~[na:1.8.0_131]
	at java.lang.StringBuilder.append(StringBuilder.java:131) ~[na:1.8.0_131]
	at com.jpa.hibernate.demo.entity.Rating.toString(Rating.java:55) ~[classes/:na]
	at java.lang.String.valueOf(String.java:2994) ~[na:1.8.0_131]
	at java.lang.StringBuilder.append(StringBuilder.java:131) ~[na:1.8.0_131]
	at java.util.AbstractCollection.toString(AbstractCollection.java:462) ~[na:1.8.0_131]
	at org.hibernate.collection.internal.PersistentBag.toString(PersistentBag.java:510) ~[hibernate-core-5.0.12.Final.jar:5.0.12.Final]
	at java.lang.String.valueOf(String.java:2994) ~[na:1.8.0_131]
	at java.lang.StringBuilder.append(StringBuilder.java:131) ~[na:1.8.0_131]
	at com.jpa.hibernate.demo.entity.Course.toString(Course.java:105) ~[classes/:na]
	at java.lang.String.valueOf(String.java:2994) ~[na:1.8.0_131]
	at java.lang.StringBuilder.append(StringBuilder.java:131) ~[na:1.8.0_131]
	at com.jpa.hibernate.demo.entity.Rating.toString(Rating.java:55) ~[classes/:na]
	at java.lang.String.valueOf(String.java:2994) ~[na:1.8.0_131]
	at java.lang.StringBuilder.append(StringBuilder.java:131) ~[na:1.8.0_131]
	at java.util.AbstractCollection.toString(AbstractCollection.java:462) ~[na:1.8.0_131]
	at org.hibernate.collection.internal.PersistentBag.toString(PersistentBag.java:510) ~[hibernate-core-5.0.12.Final.jar:5.0.12.Final]
	at java.lang.String.valueOf(String.java:2994) ~[na:1.8.0_131]
	at java.lang.StringBuilder.append(StringBuilder.java:131) ~[na:1.8.0_131]
	at com.jpa.hibernate.demo.entity.Course.toString(Course.java:105) ~[classes/:na]
	at java.lang.String.valueOf(String.java:2994) ~[na:1.8.0_131]
	at java.lang.StringBuilder.append(StringBuilder.java:131) ~[na:1.8.0_131]
	at com.jpa.hibernate.demo.entity.Rating.toString(Rating.java:55) ~[classes/:na]
	at java.lang.String.valueOf(String.java:2994) ~[na:1.8.0_131]
	at java.lang.StringBuilder.append(StringBuilder.java:131) ~[na:1.8.0_131]
	at java.util.AbstractCollection.toString(AbstractCollection.java:462) ~[na:1.8.0_131]
	at org.hibernate.collection.internal.PersistentBag.toString(PersistentBag.java:510) ~[hibernate-core-5.0.12.Final.jar:5.0.12.Final]
	at java.lang.String.valueOf(String.java:2994) ~[na:1.8.0_131]
	at java.lang.StringBuilder.append(StringBuilder.java:131) ~[na:1.8.0_131]
	at com.jpa.hibernate.demo.entity.Course.toString(Course.java:105) ~[classes/:na]
	at java.lang.String.valueOf(String.java:2994) ~[na:1.8.0_131]
	at java.lang.StringBuilder.append(StringBuilder.java:131) ~[na:1.8.0_131]
	at com.jpa.hibernate.demo.entity.Rating.toString(Rating.java:55) ~[classes/:na]
	at java.lang.String.valueOf(String.java:2994) ~[na:1.8.0_131]
	at java.lang.StringBuilder.append(StringBuilder.java:131) ~[na:1.8.0_131]
	at java.util.AbstractCollection.toString(AbstractCollection.java:462) ~[na:1.8.0_131]
	at org.hibernate.collection.internal.PersistentBag.toString(PersistentBag.java:510) ~[hibernate-core-5.0.12.Final.jar:5.0.12.Final]
	at java.lang.String.valueOf(String.java:2994) ~[na:1.8.0_131]
	at java.lang.StringBuilder.append(StringBuilder.java:131) ~[na:1.8.0_131]
	at com.jpa.hibernate.demo.entity.Course.toString(Course.java:105) ~[classes/:na]
	at java.lang.String.valueOf(String.java:2994) ~[na:1.8.0_131]
	at java.lang.StringBuilder.append(StringBuilder.java:131) ~[na:1.8.0_131]
	at com.jpa.hibernate.demo.entity.Rating.toString(Rating.java:55) ~[classes/:na]
	at java.lang.String.valueOf(String.java:2994) ~[na:1.8.0_131]
	at java.lang.StringBuilder.append(StringBuilder.java:131) ~[na:1.8.0_131]
	at java.util.AbstractCollection.toString(AbstractCollection.java:462) ~[na:1.8.0_131]
	at org.hibernate.collection.internal.PersistentBag.toString(PersistentBag.java:510) ~[hibernate-core-5.0.12.Final.jar:5.0.12.Final]
	at java.lang.String.valueOf(String.java:2994) ~[na:1.8.0_131]
	at java.lang.StringBuilder.append(StringBuilder.java:131) ~[na:1.8.0_131]
	at com.jpa.hibernate.demo.entity.Course.toString(Course.java:105) ~[classes/:na]
	at java.lang.String.valueOf(String.java:2994) ~[na:1.8.0_131]
	at java.lang.StringBuilder.append(StringBuilder.java:131) ~[na:1.8.0_131]
	at com.jpa.hibernate.demo.entity.Rating.toString(Rating.java:55) ~[classes/:na]
	at java.lang.String.valueOf(String.java:2994) ~[na:1.8.0_131]
	at java.lang.StringBuilder.append(StringBuilder.java:131) ~[na:1.8.0_131]
	at java.util.AbstractCollection.toString(AbstractCollection.java:462) ~[na:1.8.0_131]
	at org.hibernate.collection.internal.PersistentBag.toString(PersistentBag.java:510) ~[hibernate-core-5.0.12.Final.jar:5.0.12.Final]
	at java.lang.String.valueOf(String.java:2994) ~[na:1.8.0_131]
	at java.lang.StringBuilder.append(StringBuilder.java:131) ~[na:1.8.0_131]
	at com.jpa.hibernate.demo.entity.Course.toString(Course.java:105) ~[classes/:na]
	at java.lang.String.valueOf(String.java:2994) ~[na:1.8.0_131]
	at java.lang.StringBuilder.append(StringBuilder.java:131) ~[na:1.8.0_131]
	at com.jpa.hibernate.demo.entity.Rating.toString(Rating.java:55) ~[classes/:na]
	at java.lang.String.valueOf(String.java:2994) ~[na:1.8.0_131]
	at java.lang.StringBuilder.append(StringBuilder.java:131) ~[na:1.8.0_131]
	at java.util.AbstractCollection.toString(AbstractCollection.java:462) ~[na:1.8.0_131]
	at org.hibernate.collection.internal.PersistentBag.toString(PersistentBag.java:510) ~[hibernate-core-5.0.12.Final.jar:5.0.12.Final]
	at java.lang.String.valueOf(String.java:2994) ~[na:1.8.0_131]
	at java.lang.StringBuilder.append(StringBuilder.java:131) ~[na:1.8.0_131]
	at com.jpa.hibernate.demo.entity.Course.toString(Course.java:105) ~[classes/:na]
	at java.lang.String.valueOf(String.java:2994) ~[na:1.8.0_131]
	at java.lang.StringBuilder.append(StringBuilder.java:131) ~[na:1.8.0_131]
	at com.jpa.hibernate.demo.entity.Rating.toString(Rating.java:55) ~[classes/:na]
	at java.lang.String.valueOf(String.java:2994) ~[na:1.8.0_131]
	at java.lang.StringBuilder.append(StringBuilder.java:131) ~[na:1.8.0_131]
	at java.util.AbstractCollection.toString(AbstractCollection.java:462) ~[na:1.8.0_131]
	at org.hibernate.collection.internal.PersistentBag.toString(PersistentBag.java:510) ~[hibernate-core-5.0.12.Final.jar:5.0.12.Final]
	at java.lang.String.valueOf(String.java:2994) ~[na:1.8.0_131]
	at java.lang.StringBuilder.append(StringBuilder.java:131) ~[na:1.8.0_131]
	at com.jpa.hibernate.demo.entity.Course.toString(Course.java:105) ~[classes/:na]
	at java.lang.String.valueOf(String.java:2994) ~[na:1.8.0_131]
	at java.lang.StringBuilder.append(StringBuilder.java:131) ~[na:1.8.0_131]
	at com.jpa.hibernate.demo.entity.Rating.toString(Rating.java:55) ~[classes/:na]
	at java.lang.String.valueOf(String.java:2994) ~[na:1.8.0_131]
	at java.lang.StringBuilder.append(StringBuilder.java:131) ~[na:1.8.0_131]
	at java.util.AbstractCollection.toString(AbstractCollection.java:462) ~[na:1.8.0_131]
	at org.hibernate.collection.internal.PersistentBag.toString(PersistentBag.java:510) ~[hibernate-core-5.0.12.Final.jar:5.0.12.Final]
	at java.lang.String.valueOf(String.java:2994) ~[na:1.8.0_131]
	at java.lang.StringBuilder.append(StringBuilder.java:131) ~[na:1.8.0_131]
	at com.jpa.hibernate.demo.entity.Course.toString(Course.java:105) ~[classes/:na]
	at java.lang.String.valueOf(String.java:2994) ~[na:1.8.0_131]
	at java.lang.StringBuilder.append(StringBuilder.java:131) ~[na:1.8.0_131]
	at com.jpa.hibernate.demo.entity.Rating.toString(Rating.java:55) ~[classes/:na]
	at java.lang.String.valueOf(String.java:2994) ~[na:1.8.0_131]
	at java.lang.StringBuilder.append(StringBuilder.java:131) ~[na:1.8.0_131]
	at java.util.AbstractCollection.toString(AbstractCollection.java:462) ~[na:1.8.0_131]
	at org.hibernate.collection.internal.PersistentBag.toString(PersistentBag.java:510) ~[hibernate-core-5.0.12.Final.jar:5.0.12.Final]
	at java.lang.String.valueOf(String.java:2994) ~[na:1.8.0_131]
	at java.lang.StringBuilder.append(StringBuilder.java:131) ~[na:1.8.0_131]
	at com.jpa.hibernate.demo.entity.Course.toString(Course.java:105) ~[classes/:na]
	at java.lang.String.valueOf(String.java:2994) ~[na:1.8.0_131]
	at java.lang.StringBuilder.append(StringBuilder.java:131) ~[na:1.8.0_131]
	at com.jpa.hibernate.demo.entity.Rating.toString(Rating.java:55) ~[classes/:na]
	at java.lang.String.valueOf(String.java:2994) ~[na:1.8.0_131]
	at java.lang.StringBuilder.append(StringBuilder.java:131) ~[na:1.8.0_131]
	at java.util.AbstractCollection.toString(AbstractCollection.java:462) ~[na:1.8.0_131]
	at org.hibernate.collection.internal.PersistentBag.toString(PersistentBag.java:510) ~[hibernate-core-5.0.12.Final.jar:5.0.12.Final]
	at java.lang.String.valueOf(String.java:2994) ~[na:1.8.0_131]
	at java.lang.StringBuilder.append(StringBuilder.java:131) ~[na:1.8.0_131]
	at com.jpa.hibernate.demo.entity.Course.toString(Course.java:105) ~[classes/:na]
	at java.lang.String.valueOf(String.java:2994) ~[na:1.8.0_131]
	at java.lang.StringBuilder.append(StringBuilder.java:131) ~[na:1.8.0_131]
	at com.jpa.hibernate.demo.entity.Rating.toString(Rating.java:55) ~[classes/:na]
	at java.lang.String.valueOf(String.java:2994) ~[na:1.8.0_131]
	at java.lang.StringBuilder.append(StringBuilder.java:131) ~[na:1.8.0_131]
	at java.util.AbstractCollection.toString(AbstractCollection.java:462) ~[na:1.8.0_131]
	at org.hibernate.collection.internal.PersistentBag.toString(PersistentBag.java:510) ~[hibernate-core-5.0.12.Final.jar:5.0.12.Final]
	at java.lang.String.valueOf(String.java:2994) ~[na:1.8.0_131]
	at java.lang.StringBuilder.append(StringBuilder.java:131) ~[na:1.8.0_131]
	at com.jpa.hibernate.demo.entity.Course.toString(Course.java:105) ~[classes/:na]
	at java.lang.String.valueOf(String.java:2994) ~[na:1.8.0_131]
	at java.lang.StringBuilder.append(StringBuilder.java:131) ~[na:1.8.0_131]
	at com.jpa.hibernate.demo.entity.Rating.toString(Rating.java:55) ~[classes/:na]
	at java.lang.String.valueOf(String.java:2994) ~[na:1.8.0_131]
	at java.lang.StringBuilder.append(StringBuilder.java:131) ~[na:1.8.0_131]
	at java.util.AbstractCollection.toString(AbstractCollection.java:462) ~[na:1.8.0_131]
	at org.hibernate.collection.internal.PersistentBag.toString(PersistentBag.java:510) ~[hibernate-core-5.0.12.Final.jar:5.0.12.Final]
	at java.lang.String.valueOf(String.java:2994) ~[na:1.8.0_131]
	at java.lang.StringBuilder.append(StringBuilder.java:131) ~[na:1.8.0_131]
	at com.jpa.hibernate.demo.entity.Course.toString(Course.java:105) ~[classes/:na]
	at java.lang.String.valueOf(String.java:2994) ~[na:1.8.0_131]
	at java.lang.StringBuilder.append(StringBuilder.java:131) ~[na:1.8.0_131]
	at com.jpa.hibernate.demo.entity.Rating.toString(Rating.java:55) ~[classes/:na]
	at java.lang.String.valueOf(String.java:2994) ~[na:1.8.0_131]
	at java.lang.StringBuilder.append(StringBuilder.java:131) ~[na:1.8.0_131]
	at java.util.AbstractCollection.toString(AbstractCollection.java:462) ~[na:1.8.0_131]
	at org.hibernate.collection.internal.PersistentBag.toString(PersistentBag.java:510) ~[hibernate-core-5.0.12.Final.jar:5.0.12.Final]
	at java.lang.String.valueOf(String.java:2994) ~[na:1.8.0_131]
	at java.lang.StringBuilder.append(StringBuilder.java:131) ~[na:1.8.0_131]
	at com.jpa.hibernate.demo.entity.Course.toString(Course.java:105) ~[classes/:na]
	at java.lang.String.valueOf(String.java:2994) ~[na:1.8.0_131]
	at java.lang.StringBuilder.append(StringBuilder.java:131) ~[na:1.8.0_131]
	at com.jpa.hibernate.demo.entity.Rating.toString(Rating.java:55) ~[classes/:na]
	at java.lang.String.valueOf(String.java:2994) ~[na:1.8.0_131]
	at java.lang.StringBuilder.append(StringBuilder.java:131) ~[na:1.8.0_131]
	at java.util.AbstractCollection.toString(AbstractCollection.java:462) ~[na:1.8.0_131]
	at org.hibernate.collection.internal.PersistentBag.toString(PersistentBag.java:510) ~[hibernate-core-5.0.12.Final.jar:5.0.12.Final]
	at java.lang.String.valueOf(String.java:2994) ~[na:1.8.0_131]
	at java.lang.StringBuilder.append(StringBuilder.java:131) ~[na:1.8.0_131]
	at com.jpa.hibernate.demo.entity.Course.toString(Course.java:105) ~[classes/:na]
	at java.lang.String.valueOf(String.java:2994) ~[na:1.8.0_131]
	at java.lang.StringBuilder.append(StringBuilder.java:131) ~[na:1.8.0_131]
	at com.jpa.hibernate.demo.entity.Rating.toString(Rating.java:55) ~[classes/:na]
	at java.lang.String.valueOf(String.java:2994) ~[na:1.8.0_131]
	at java.lang.StringBuilder.append(StringBuilder.java:131) ~[na:1.8.0_131]
	at java.util.AbstractCollection.toString(AbstractCollection.java:462) ~[na:1.8.0_131]
	at org.hibernate.collection.internal.PersistentBag.toString(PersistentBag.java:510) ~[hibernate-core-5.0.12.Final.jar:5.0.12.Final]
	at java.lang.String.valueOf(String.java:2994) ~[na:1.8.0_131]
	at java.lang.StringBuilder.append(StringBuilder.java:131) ~[na:1.8.0_131]
	at com.jpa.hibernate.demo.entity.Course.toString(Course.java:105) ~[classes/:na]
	at java.lang.String.valueOf(String.java:2994) ~[na:1.8.0_131]
	at java.lang.StringBuilder.append(StringBuilder.java:131) ~[na:1.8.0_131]
	at com.jpa.hibernate.demo.entity.Rating.toString(Rating.java:55) ~[classes/:na]
	at java.lang.String.valueOf(String.java:2994) ~[na:1.8.0_131]
	at java.lang.StringBuilder.append(StringBuilder.java:131) ~[na:1.8.0_131]
	at java.util.AbstractCollection.toString(AbstractCollection.java:462) ~[na:1.8.0_131]
	at org.hibernate.collection.internal.PersistentBag.toString(PersistentBag.java:510) ~[hibernate-core-5.0.12.Final.jar:5.0.12.Final]
	at java.lang.String.valueOf(String.java:2994) ~[na:1.8.0_131]
	at java.lang.StringBuilder.append(StringBuilder.java:131) ~[na:1.8.0_131]
	at com.jpa.hibernate.demo.entity.Course.toString(Course.java:105) ~[classes/:na]
	at java.lang.String.valueOf(String.java:2994) ~[na:1.8.0_131]
	at java.lang.StringBuilder.append(StringBuilder.java:131) ~[na:1.8.0_131]
	at com.jpa.hibernate.demo.entity.Rating.toString(Rating.java:55) ~[classes/:na]
	at java.lang.String.valueOf(String.java:2994) ~[na:1.8.0_131]
	at java.lang.StringBuilder.append(StringBuilder.java:131) ~[na:1.8.0_131]
	at java.util.AbstractCollection.toString(AbstractCollection.java:462) ~[na:1.8.0_131]
	at org.hibernate.collection.internal.PersistentBag.toString(PersistentBag.java:510) ~[hibernate-core-5.0.12.Final.jar:5.0.12.Final]
	at java.lang.String.valueOf(String.java:2994) ~[na:1.8.0_131]
	at java.lang.StringBuilder.append(StringBuilder.java:131) ~[na:1.8.0_131]
	at com.jpa.hibernate.demo.entity.Course.toString(Course.java:105) ~[classes/:na]
	at java.lang.String.valueOf(String.java:2994) ~[na:1.8.0_131]
	at java.lang.StringBuilder.append(StringBuilder.java:131) ~[na:1.8.0_131]
	at com.jpa.hibernate.demo.entity.Rating.toString(Rating.java:55) ~[classes/:na]
	at java.lang.String.valueOf(String.java:2994) ~[na:1.8.0_131]
	at java.lang.StringBuilder.append(StringBuilder.java:131) ~[na:1.8.0_131]
	at java.util.AbstractCollection.toString(AbstractCollection.java:462) ~[na:1.8.0_131]
	at org.hibernate.collection.internal.PersistentBag.toString(PersistentBag.java:510) ~[hibernate-core-5.0.12.Final.jar:5.0.12.Final]
	at java.lang.String.valueOf(String.java:2994) ~[na:1.8.0_131]
	at java.lang.StringBuilder.append(StringBuilder.java:131) ~[na:1.8.0_131]
	at com.jpa.hibernate.demo.entity.Course.toString(Course.java:105) ~[classes/:na]
	at java.lang.String.valueOf(String.java:2994) ~[na:1.8.0_131]
	at java.lang.StringBuilder.append(StringBuilder.java:131) ~[na:1.8.0_131]
	at com.jpa.hibernate.demo.entity.Rating.toString(Rating.java:55) ~[classes/:na]
	at java.lang.String.valueOf(String.java:2994) ~[na:1.8.0_131]
	at java.lang.StringBuilder.append(StringBuilder.java:131) ~[na:1.8.0_131]
	at java.util.AbstractCollection.toString(AbstractCollection.java:462) ~[na:1.8.0_131]
	at org.hibernate.collection.internal.PersistentBag.toString(PersistentBag.java:510) ~[hibernate-core-5.0.12.Final.jar:5.0.12.Final]
	at java.lang.String.valueOf(String.java:2994) ~[na:1.8.0_131]
	at java.lang.StringBuilder.append(StringBuilder.java:131) ~[na:1.8.0_131]
	at com.jpa.hibernate.demo.entity.Course.toString(Course.java:105) ~[classes/:na]
	at java.lang.String.valueOf(String.java:2994) ~[na:1.8.0_131]
	at java.lang.StringBuilder.append(StringBuilder.java:131) ~[na:1.8.0_131]
	at com.jpa.hibernate.demo.entity.Rating.toString(Rating.java:55) ~[classes/:na]
	at java.lang.String.valueOf(String.java:2994) ~[na:1.8.0_131]
	at java.lang.StringBuilder.append(StringBuilder.java:131) ~[na:1.8.0_131]
	at java.util.AbstractCollection.toString(AbstractCollection.java:462) ~[na:1.8.0_131]
	at org.hibernate.collection.internal.PersistentBag.toString(PersistentBag.java:510) ~[hibernate-core-5.0.12.Final.jar:5.0.12.Final]
	at java.lang.String.valueOf(String.java:2994) ~[na:1.8.0_131]
	at java.lang.StringBuilder.append(StringBuilder.java:131) ~[na:1.8.0_131]
	at com.jpa.hibernate.demo.entity.Course.toString(Course.java:105) ~[classes/:na]
	at java.lang.String.valueOf(String.java:2994) ~[na:1.8.0_131]
	at java.lang.StringBuilder.append(StringBuilder.java:131) ~[na:1.8.0_131]
	at com.jpa.hibernate.demo.entity.Rating.toString(Rating.java:55) ~[classes/:na]
	at java.lang.String.valueOf(String.java:2994) ~[na:1.8.0_131]
	at java.lang.StringBuilder.append(StringBuilder.java:131) ~[na:1.8.0_131]
	at java.util.AbstractCollection.toString(AbstractCollection.java:462) ~[na:1.8.0_131]
	at org.hibernate.collection.internal.PersistentBag.toString(PersistentBag.java:510) ~[hibernate-core-5.0.12.Final.jar:5.0.12.Final]
	at java.lang.String.valueOf(String.java:2994) ~[na:1.8.0_131]
	at java.lang.StringBuilder.append(StringBuilder.java:131) ~[na:1.8.0_131]
	at com.jpa.hibernate.demo.entity.Course.toString(Course.java:105) ~[classes/:na]
	at java.lang.String.valueOf(String.java:2994) ~[na:1.8.0_131]
	at java.lang.StringBuilder.append(StringBuilder.java:131) ~[na:1.8.0_131]
	at com.jpa.hibernate.demo.entity.Rating.toString(Rating.java:55) ~[classes/:na]
	at java.lang.String.valueOf(String.java:2994) ~[na:1.8.0_131]
	at java.lang.StringBuilder.append(StringBuilder.java:131) ~[na:1.8.0_131]
	at java.util.AbstractCollection.toString(AbstractCollection.java:462) ~[na:1.8.0_131]
	at org.hibernate.collection.internal.PersistentBag.toString(PersistentBag.java:510) ~[hibernate-core-5.0.12.Final.jar:5.0.12.Final]
	at java.lang.String.valueOf(String.java:2994) ~[na:1.8.0_131]
	at java.lang.StringBuilder.append(StringBuilder.java:131) ~[na:1.8.0_131]
	at com.jpa.hibernate.demo.entity.Course.toString(Course.java:105) ~[classes/:na]
	at java.lang.String.valueOf(String.java:2994) ~[na:1.8.0_131]
	at java.lang.StringBuilder.append(StringBuilder.java:131) ~[na:1.8.0_131]
	at com.jpa.hibernate.demo.entity.Rating.toString(Rating.java:55) ~[classes/:na]
	at java.lang.String.valueOf(String.java:2994) ~[na:1.8.0_131]
	at java.lang.StringBuilder.append(StringBuilder.java:131) ~[na:1.8.0_131]
	at java.util.AbstractCollection.toString(AbstractCollection.java:462) ~[na:1.8.0_131]
	at org.hibernate.collection.internal.PersistentBag.toString(PersistentBag.java:510) ~[hibernate-core-5.0.12.Final.jar:5.0.12.Final]
	at java.lang.String.valueOf(String.java:2994) ~[na:1.8.0_131]
	at java.lang.StringBuilder.append(StringBuilder.java:131) ~[na:1.8.0_131]
	at com.jpa.hibernate.demo.entity.Course.toString(Course.java:105) ~[classes/:na]
	at java.lang.String.valueOf(String.java:2994) ~[na:1.8.0_131]
	at java.lang.StringBuilder.append(StringBuilder.java:131) ~[na:1.8.0_131]
	at com.jpa.hibernate.demo.entity.Rating.toString(Rating.java:55) ~[classes/:na]
	at java.lang.String.valueOf(String.java:2994) ~[na:1.8.0_131]
	at java.lang.StringBuilder.append(StringBuilder.java:131) ~[na:1.8.0_131]
	at java.util.AbstractCollection.toString(AbstractCollection.java:462) ~[na:1.8.0_131]
	at org.hibernate.collection.internal.PersistentBag.toString(PersistentBag.java:510) ~[hibernate-core-5.0.12.Final.jar:5.0.12.Final]
	at java.lang.String.valueOf(String.java:2994) ~[na:1.8.0_131]
	at java.lang.StringBuilder.append(StringBuilder.java:131) ~[na:1.8.0_131]
	at com.jpa.hibernate.demo.entity.Course.toString(Course.java:105) ~[classes/:na]
	at java.lang.String.valueOf(String.java:2994) ~[na:1.8.0_131]
	at java.lang.StringBuilder.append(StringBuilder.java:131) ~[na:1.8.0_131]
	at com.jpa.hibernate.demo.entity.Rating.toString(Rating.java:55) ~[classes/:na]
	at java.lang.String.valueOf(String.java:2994) ~[na:1.8.0_131]
	at java.lang.StringBuilder.append(StringBuilder.java:131) ~[na:1.8.0_131]
	at java.util.AbstractCollection.toString(AbstractCollection.java:462) ~[na:1.8.0_131]
	at org.hibernate.collection.internal.PersistentBag.toString(PersistentBag.java:510) ~[hibernate-core-5.0.12.Final.jar:5.0.12.Final]
	at java.lang.String.valueOf(String.java:2994) ~[na:1.8.0_131]
	at java.lang.StringBuilder.append(StringBuilder.java:131) ~[na:1.8.0_131]
	at com.jpa.hibernate.demo.entity.Course.toString(Course.java:105) ~[classes/:na]
	at java.lang.String.valueOf(String.java:2994) ~[na:1.8.0_131]
	at java.lang.StringBuilder.append(StringBuilder.java:131) ~[na:1.8.0_131]
	at com.jpa.hibernate.demo.entity.Rating.toString(Rating.java:55) ~[classes/:na]
	at java.lang.String.valueOf(String.java:2994) ~[na:1.8.0_131]
	at java.lang.StringBuilder.append(StringBuilder.java:131) ~[na:1.8.0_131]
	at java.util.AbstractCollection.toString(AbstractCollection.java:462) ~[na:1.8.0_131]
	at org.hibernate.collection.internal.PersistentBag.toString(PersistentBag.java:510) ~[hibernate-core-5.0.12.Final.jar:5.0.12.Final]
	at java.lang.String.valueOf(String.java:2994) ~[na:1.8.0_131]
	at java.lang.StringBuilder.append(StringBuilder.java:131) ~[na:1.8.0_131]
	at com.jpa.hibernate.demo.entity.Course.toString(Course.java:105) ~[classes/:na]
	at java.lang.String.valueOf(String.java:2994) ~[na:1.8.0_131]
	at java.lang.StringBuilder.append(StringBuilder.java:131) ~[na:1.8.0_131]
	at com.jpa.hibernate.demo.entity.Rating.toString(Rating.java:55) ~[classes/:na]
	at java.lang.String.valueOf(String.java:2994) ~[na:1.8.0_131]
	at java.lang.StringBuilder.append(StringBuilder.java:131) ~[na:1.8.0_131]
	at java.util.AbstractCollection.toString(AbstractCollection.java:462) ~[na:1.8.0_131]
	at org.hibernate.collection.internal.PersistentBag.toString(PersistentBag.java:510) ~[hibernate-core-5.0.12.Final.jar:5.0.12.Final]
	at java.lang.String.valueOf(String.java:2994) ~[na:1.8.0_131]
	at java.lang.StringBuilder.append(StringBuilder.java:131) ~[na:1.8.0_131]
	at com.jpa.hibernate.demo.entity.Course.toString(Course.java:105) ~[classes/:na]
	at java.lang.String.valueOf(String.java:2994) ~[na:1.8.0_131]
	at java.lang.StringBuilder.append(StringBuilder.java:131) ~[na:1.8.0_131]
	at com.jpa.hibernate.demo.entity.Rating.toString(Rating.java:55) ~[classes/:na]
	at java.lang.String.valueOf(String.java:2994) ~[na:1.8.0_131]
	at java.lang.StringBuilder.append(StringBuilder.java:131) ~[na:1.8.0_131]
	at java.util.AbstractCollection.toString(AbstractCollection.java:462) ~[na:1.8.0_131]
	at org.hibernate.collection.internal.PersistentBag.toString(PersistentBag.java:510) ~[hibernate-core-5.0.12.Final.jar:5.0.12.Final]
	at java.lang.String.valueOf(String.java:2994) ~[na:1.8.0_131]
	at java.lang.StringBuilder.append(StringBuilder.java:131) ~[na:1.8.0_131]
	at com.jpa.hibernate.demo.entity.Course.toString(Course.java:105) ~[classes/:na]
	at java.lang.String.valueOf(String.java:2994) ~[na:1.8.0_131]
	at java.lang.StringBuilder.append(StringBuilder.java:131) ~[na:1.8.0_131]
	at com.jpa.hibernate.demo.entity.Rating.toString(Rating.java:55) ~[classes/:na]
	at java.lang.String.valueOf(String.java:2994) ~[na:1.8.0_131]
	at java.lang.StringBuilder.append(StringBuilder.java:131) ~[na:1.8.0_131]
	at java.util.AbstractCollection.toString(AbstractCollection.java:462) ~[na:1.8.0_131]
	at org.hibernate.collection.internal.PersistentBag.toString(PersistentBag.java:510) ~[hibernate-core-5.0.12.Final.jar:5.0.12.Final]
	at java.lang.String.valueOf(String.java:2994) ~[na:1.8.0_131]
	at java.lang.StringBuilder.append(StringBuilder.java:131) ~[na:1.8.0_131]
	at com.jpa.hibernate.demo.entity.Course.toString(Course.java:105) ~[classes/:na]
	at java.lang.String.valueOf(String.java:2994) ~[na:1.8.0_131]
	at java.lang.StringBuilder.append(StringBuilder.java:131) ~[na:1.8.0_131]
	at com.jpa.hibernate.demo.entity.Rating.toString(Rating.java:55) ~[classes/:na]
	at java.lang.String.valueOf(String.java:2994) ~[na:1.8.0_131]
	at java.lang.StringBuilder.append(StringBuilder.java:131) ~[na:1.8.0_131]
	at java.util.AbstractCollection.toString(AbstractCollection.java:462) ~[na:1.8.0_131]
	at org.hibernate.collection.internal.PersistentBag.toString(PersistentBag.java:510) ~[hibernate-core-5.0.12.Final.jar:5.0.12.Final]
	at java.lang.String.valueOf(String.java:2994) ~[na:1.8.0_131]
	at java.lang.StringBuilder.append(StringBuilder.java:131) ~[na:1.8.0_131]
	at com.jpa.hibernate.demo.entity.Course.toString(Course.java:105) ~[classes/:na]
	at java.lang.String.valueOf(String.java:2994) ~[na:1.8.0_131]
	at java.lang.StringBuilder.append(StringBuilder.java:131) ~[na:1.8.0_131]
	at com.jpa.hibernate.demo.entity.Rating.toString(Rating.java:55) ~[classes/:na]
	at java.lang.String.valueOf(String.java:2994) ~[na:1.8.0_131]
	at java.lang.StringBuilder.append(StringBuilder.java:131) ~[na:1.8.0_131]
	at java.util.AbstractCollection.toString(AbstractCollection.java:462) ~[na:1.8.0_131]
	at org.hibernate.collection.internal.PersistentBag.toString(PersistentBag.java:510) ~[hibernate-core-5.0.12.Final.jar:5.0.12.Final]
	at java.lang.String.valueOf(String.java:2994) ~[na:1.8.0_131]
	at java.lang.StringBuilder.append(StringBuilder.java:131) ~[na:1.8.0_131]
	at com.jpa.hibernate.demo.entity.Course.toString(Course.java:105) ~[classes/:na]
	at java.lang.String.valueOf(String.java:2994) ~[na:1.8.0_131]
	at java.lang.StringBuilder.append(StringBuilder.java:131) ~[na:1.8.0_131]
	at com.jpa.hibernate.demo.entity.Rating.toString(Rating.java:55) ~[classes/:na]
	at java.lang.String.valueOf(String.java:2994) ~[na:1.8.0_131]
	at java.lang.StringBuilder.append(StringBuilder.java:131) ~[na:1.8.0_131]
	at java.util.AbstractCollection.toString(AbstractCollection.java:462) ~[na:1.8.0_131]
	at org.hibernate.collection.internal.PersistentBag.toString(PersistentBag.java:510) ~[hibernate-core-5.0.12.Final.jar:5.0.12.Final]
	at java.lang.String.valueOf(String.java:2994) ~[na:1.8.0_131]
	at java.lang.StringBuilder.append(StringBuilder.java:131) ~[na:1.8.0_131]
	at com.jpa.hibernate.demo.entity.Course.toString(Course.java:105) ~[classes/:na]
	at java.lang.String.valueOf(String.java:2994) ~[na:1.8.0_131]
	at java.lang.StringBuilder.append(StringBuilder.java:131) ~[na:1.8.0_131]
	at com.jpa.hibernate.demo.entity.Rating.toString(Rating.java:55) ~[classes/:na]
	at java.lang.String.valueOf(String.java:2994) ~[na:1.8.0_131]
	at java.lang.StringBuilder.append(StringBuilder.java:131) ~[na:1.8.0_131]
	at java.util.AbstractCollection.toString(AbstractCollection.java:462) ~[na:1.8.0_131]
	at org.hibernate.collection.internal.PersistentBag.toString(PersistentBag.java:510) ~[hibernate-core-5.0.12.Final.jar:5.0.12.Final]
	at java.lang.String.valueOf(String.java:2994) ~[na:1.8.0_131]
	at java.lang.StringBuilder.append(StringBuilder.java:131) ~[na:1.8.0_131]
	at com.jpa.hibernate.demo.entity.Course.toString(Course.java:105) ~[classes/:na]
	at java.lang.String.valueOf(String.java:2994) ~[na:1.8.0_131]
	at java.lang.StringBuilder.append(StringBuilder.java:131) ~[na:1.8.0_131]
	at com.jpa.hibernate.demo.entity.Rating.toString(Rating.java:55) ~[classes/:na]
	at java.lang.String.valueOf(String.java:2994) ~[na:1.8.0_131]
	at java.lang.StringBuilder.append(StringBuilder.java:131) ~[na:1.8.0_131]
	at java.util.AbstractCollection.toString(AbstractCollection.java:462) ~[na:1.8.0_131]
	at org.hibernate.collection.internal.PersistentBag.toString(PersistentBag.java:510) ~[hibernate-core-5.0.12.Final.jar:5.0.12.Final]
	at java.lang.String.valueOf(String.java:2994) ~[na:1.8.0_131]
	at java.lang.StringBuilder.append(StringBuilder.java:131) ~[na:1.8.0_131]
	at com.jpa.hibernate.demo.entity.Course.toString(Course.java:105) ~[classes/:na]
	at java.lang.String.valueOf(String.java:2994) ~[na:1.8.0_131]
	at java.lang.StringBuilder.append(StringBuilder.java:131) ~[na:1.8.0_131]
	at com.jpa.hibernate.demo.entity.Rating.toString(Rating.java:55) ~[classes/:na]
	at java.lang.String.valueOf(String.java:2994) ~[na:1.8.0_131]
	at java.lang.StringBuilder.append(StringBuilder.java:131) ~[na:1.8.0_131]
	at java.util.AbstractCollection.toString(AbstractCollection.java:462) ~[na:1.8.0_131]
	at org.hibernate.collection.internal.PersistentBag.toString(PersistentBag.java:510) ~[hibernate-core-5.0.12.Final.jar:5.0.12.Final]
	at java.lang.String.valueOf(String.java:2994) ~[na:1.8.0_131]
	at java.lang.StringBuilder.append(StringBuilder.java:131) ~[na:1.8.0_131]
	at com.jpa.hibernate.demo.entity.Course.toString(Course.java:105) ~[classes/:na]
	at java.lang.String.valueOf(String.java:2994) ~[na:1.8.0_131]
	at java.lang.StringBuilder.append(StringBuilder.java:131) ~[na:1.8.0_131]
	at com.jpa.hibernate.demo.entity.Rating.toString(Rating.java:55) ~[classes/:na]
	at java.lang.String.valueOf(String.java:2994) ~[na:1.8.0_131]
	at java.lang.StringBuilder.append(StringBuilder.java:131) ~[na:1.8.0_131]
	at java.util.AbstractCollection.toString(AbstractCollection.java:462) ~[na:1.8.0_131]
	at org.hibernate.collection.internal.PersistentBag.toString(PersistentBag.java:510) ~[hibernate-core-5.0.12.Final.jar:5.0.12.Final]
	at java.lang.String.valueOf(String.java:2994) ~[na:1.8.0_131]
	at java.lang.StringBuilder.append(StringBuilder.java:131) ~[na:1.8.0_131]
	at com.jpa.hibernate.demo.entity.Course.toString(Course.java:105) ~[classes/:na]
	at java.lang.String.valueOf(String.java:2994) ~[na:1.8.0_131]
	at java.lang.StringBuilder.append(StringBuilder.java:131) ~[na:1.8.0_131]
	at com.jpa.hibernate.demo.entity.Rating.toString(Rating.java:55) ~[classes/:na]
	at java.lang.String.valueOf(String.java:2994) ~[na:1.8.0_131]
	at java.lang.StringBuilder.append(StringBuilder.java:131) ~[na:1.8.0_131]
	at java.util.AbstractCollection.toString(AbstractCollection.java:462) ~[na:1.8.0_131]
	at org.hibernate.collection.internal.PersistentBag.toString(PersistentBag.java:510) ~[hibernate-core-5.0.12.Final.jar:5.0.12.Final]
	at java.lang.String.valueOf(String.java:2994) ~[na:1.8.0_131]
	at java.lang.StringBuilder.append(StringBuilder.java:131) ~[na:1.8.0_131]
	at com.jpa.hibernate.demo.entity.Course.toString(Course.java:105) ~[classes/:na]
	at java.lang.String.valueOf(String.java:2994) ~[na:1.8.0_131]
	at java.lang.StringBuilder.append(StringBuilder.java:131) ~[na:1.8.0_131]
	at com.jpa.hibernate.demo.entity.Rating.toString(Rating.java:55) ~[classes/:na]
	at java.lang.String.valueOf(String.java:2994) ~[na:1.8.0_131]
	at java.lang.StringBuilder.append(StringBuilder.java:131) ~[na:1.8.0_131]
	at java.util.AbstractCollection.toString(AbstractCollection.java:462) ~[na:1.8.0_131]
	at org.hibernate.collection.internal.PersistentBag.toString(PersistentBag.java:510) ~[hibernate-core-5.0.12.Final.jar:5.0.12.Final]
	at java.lang.String.valueOf(String.java:2994) ~[na:1.8.0_131]
	at java.lang.StringBuilder.append(StringBuilder.java:131) ~[na:1.8.0_131]
	at com.jpa.hibernate.demo.entity.Course.toString(Course.java:105) ~[classes/:na]
	at java.lang.String.valueOf(String.java:2994) ~[na:1.8.0_131]
	at java.lang.StringBuilder.append(StringBuilder.java:131) ~[na:1.8.0_131]
	at com.jpa.hibernate.demo.entity.Rating.toString(Rating.java:55) ~[classes/:na]
	at java.lang.String.valueOf(String.java:2994) ~[na:1.8.0_131]
	at java.lang.StringBuilder.append(StringBuilder.java:131) ~[na:1.8.0_131]
	at java.util.AbstractCollection.toString(AbstractCollection.java:462) ~[na:1.8.0_131]
	at org.hibernate.collection.internal.PersistentBag.toString(PersistentBag.java:510) ~[hibernate-core-5.0.12.Final.jar:5.0.12.Final]
	at java.lang.String.valueOf(String.java:2994) ~[na:1.8.0_131]
	at java.lang.StringBuilder.append(StringBuilder.java:131) ~[na:1.8.0_131]
	at com.jpa.hibernate.demo.entity.Course.toString(Course.java:105) ~[classes/:na]
	at java.lang.String.valueOf(String.java:2994) ~[na:1.8.0_131]
	at java.lang.StringBuilder.append(StringBuilder.java:131) ~[na:1.8.0_131]
	at com.jpa.hibernate.demo.entity.Rating.toString(Rating.java:55) ~[classes/:na]
	at java.lang.String.valueOf(String.java:2994) ~[na:1.8.0_131]
	at java.lang.StringBuilder.append(StringBuilder.java:131) ~[na:1.8.0_131]
	at java.util.AbstractCollection.toString(AbstractCollection.java:462) ~[na:1.8.0_131]
	at org.hibernate.collection.internal.PersistentBag.toString(PersistentBag.java:510) ~[hibernate-core-5.0.12.Final.jar:5.0.12.Final]
	at java.lang.String.valueOf(String.java:2994) ~[na:1.8.0_131]
	at java.lang.StringBuilder.append(StringBuilder.java:131) ~[na:1.8.0_131]
	at com.jpa.hibernate.demo.entity.Course.toString(Course.java:105) ~[classes/:na]
	at java.lang.String.valueOf(String.java:2994) ~[na:1.8.0_131]
	at java.lang.StringBuilder.append(StringBuilder.java:131) ~[na:1.8.0_131]
	at com.jpa.hibernate.demo.entity.Rating.toString(Rating.java:55) ~[classes/:na]
	at java.lang.String.valueOf(String.java:2994) ~[na:1.8.0_131]
	at java.lang.StringBuilder.append(StringBuilder.java:131) ~[na:1.8.0_131]
	at java.util.AbstractCollection.toString(AbstractCollection.java:462) ~[na:1.8.0_131]
	at org.hibernate.collection.internal.PersistentBag.toString(PersistentBag.java:510) ~[hibernate-core-5.0.12.Final.jar:5.0.12.Final]
	at java.lang.String.valueOf(String.java:2994) ~[na:1.8.0_131]
	at java.lang.StringBuilder.append(StringBuilder.java:131) ~[na:1.8.0_131]
	at com.jpa.hibernate.demo.entity.Course.toString(Course.java:105) ~[classes/:na]
	at java.lang.String.valueOf(String.java:2994) ~[na:1.8.0_131]
	at java.lang.StringBuilder.append(StringBuilder.java:131) ~[na:1.8.0_131]
	at com.jpa.hibernate.demo.entity.Rating.toString(Rating.java:55) ~[classes/:na]
	at java.lang.String.valueOf(String.java:2994) ~[na:1.8.0_131]
	at java.lang.StringBuilder.append(StringBuilder.java:131) ~[na:1.8.0_131]
	at java.util.AbstractCollection.toString(AbstractCollection.java:462) ~[na:1.8.0_131]
	at org.hibernate.collection.internal.PersistentBag.toString(PersistentBag.java:510) ~[hibernate-core-5.0.12.Final.jar:5.0.12.Final]
	at java.lang.String.valueOf(String.java:2994) ~[na:1.8.0_131]
	at java.lang.StringBuilder.append(StringBuilder.java:131) ~[na:1.8.0_131]
	at com.jpa.hibernate.demo.entity.Course.toString(Course.java:105) ~[classes/:na]
	at java.lang.String.valueOf(String.java:2994) ~[na:1.8.0_131]
	at java.lang.StringBuilder.append(StringBuilder.java:131) ~[na:1.8.0_131]
	at com.jpa.hibernate.demo.entity.Rating.toString(Rating.java:55) ~[classes/:na]
	at java.lang.String.valueOf(String.java:2994) ~[na:1.8.0_131]
	at java.lang.StringBuilder.append(StringBuilder.java:131) ~[na:1.8.0_131]
	at java.util.AbstractCollection.toString(AbstractCollection.java:462) ~[na:1.8.0_131]
	at org.hibernate.collection.internal.PersistentBag.toString(PersistentBag.java:510) ~[hibernate-core-5.0.12.Final.jar:5.0.12.Final]
	at java.lang.String.valueOf(String.java:2994) ~[na:1.8.0_131]
	at java.lang.StringBuilder.append(StringBuilder.java:131) ~[na:1.8.0_131]
	at com.jpa.hibernate.demo.entity.Course.toString(Course.java:105) ~[classes/:na]
	at java.lang.String.valueOf(String.java:2994) ~[na:1.8.0_131]
	at java.lang.StringBuilder.append(StringBuilder.java:131) ~[na:1.8.0_131]
	at com.jpa.hibernate.demo.entity.Rating.toString(Rating.java:55) ~[classes/:na]
	at java.lang.String.valueOf(String.java:2994) ~[na:1.8.0_131]
	at java.lang.StringBuilder.append(StringBuilder.java:131) ~[na:1.8.0_131]
	at java.util.AbstractCollection.toString(AbstractCollection.java:462) ~[na:1.8.0_131]
	at org.hibernate.collection.internal.PersistentBag.toString(PersistentBag.java:510) ~[hibernate-core-5.0.12.Final.jar:5.0.12.Final]
	at java.lang.String.valueOf(String.java:2994) ~[na:1.8.0_131]
	at java.lang.StringBuilder.append(StringBuilder.java:131) ~[na:1.8.0_131]
	at com.jpa.hibernate.demo.entity.Course.toString(Course.java:105) ~[classes/:na]
	at java.lang.String.valueOf(String.java:2994) ~[na:1.8.0_131]
	at java.lang.StringBuilder.append(StringBuilder.java:131) ~[na:1.8.0_131]
	at com.jpa.hibernate.demo.entity.Rating.toString(Rating.java:55) ~[classes/:na]
	at java.lang.String.valueOf(String.java:2994) ~[na:1.8.0_131]
	at java.lang.StringBuilder.append(StringBuilder.java:131) ~[na:1.8.0_131]
	at java.util.AbstractCollection.toString(AbstractCollection.java:462) ~[na:1.8.0_131]
	at org.hibernate.collection.internal.PersistentBag.toString(PersistentBag.java:510) ~[hibernate-core-5.0.12.Final.jar:5.0.12.Final]
	at java.lang.String.valueOf(String.java:2994) ~[na:1.8.0_131]
	at java.lang.StringBuilder.append(StringBuilder.java:131) ~[na:1.8.0_131]
	at com.jpa.hibernate.demo.entity.Course.toString(Course.java:105) ~[classes/:na]
	at java.lang.String.valueOf(String.java:2994) ~[na:1.8.0_131]
	at java.lang.StringBuilder.append(StringBuilder.java:131) ~[na:1.8.0_131]
	at com.jpa.hibernate.demo.entity.Rating.toString(Rating.java:55) ~[classes/:na]
	at java.lang.String.valueOf(String.java:2994) ~[na:1.8.0_131]
	at java.lang.StringBuilder.append(StringBuilder.java:131) ~[na:1.8.0_131]
	at java.util.AbstractCollection.toString(AbstractCollection.java:462) ~[na:1.8.0_131]
	at org.hibernate.collection.internal.PersistentBag.toString(PersistentBag.java:510) ~[hibernate-core-5.0.12.Final.jar:5.0.12.Final]
	at java.lang.String.valueOf(String.java:2994) ~[na:1.8.0_131]
	at java.lang.StringBuilder.append(StringBuilder.java:131) ~[na:1.8.0_131]
	at com.jpa.hibernate.demo.entity.Course.toString(Course.java:105) ~[classes/:na]
	at java.lang.String.valueOf(String.java:2994) ~[na:1.8.0_131]
	at java.lang.StringBuilder.append(StringBuilder.java:131) ~[na:1.8.0_131]
	at com.jpa.hibernate.demo.entity.Rating.toString(Rating.java:55) ~[classes/:na]
	at java.lang.String.valueOf(String.java:2994) ~[na:1.8.0_131]
	at java.lang.StringBuilder.append(StringBuilder.java:131) ~[na:1.8.0_131]
	at java.util.AbstractCollection.toString(AbstractCollection.java:462) ~[na:1.8.0_131]
	at org.hibernate.collection.internal.PersistentBag.toString(PersistentBag.java:510) ~[hibernate-core-5.0.12.Final.jar:5.0.12.Final]
	at java.lang.String.valueOf(String.java:2994) ~[na:1.8.0_131]
	at java.lang.StringBuilder.append(StringBuilder.java:131) ~[na:1.8.0_131]
	at com.jpa.hibernate.demo.entity.Course.toString(Course.java:105) ~[classes/:na]
	at java.lang.String.valueOf(String.java:2994) ~[na:1.8.0_131]
	at java.lang.StringBuilder.append(StringBuilder.java:131) ~[na:1.8.0_131]
	at com.jpa.hibernate.demo.entity.Rating.toString(Rating.java:55) ~[classes/:na]
	at java.lang.String.valueOf(String.java:2994) ~[na:1.8.0_131]
	at java.lang.StringBuilder.append(StringBuilder.java:131) ~[na:1.8.0_131]
	at java.util.AbstractCollection.toString(AbstractCollection.java:462) ~[na:1.8.0_131]
	at org.hibernate.collection.internal.PersistentBag.toString(PersistentBag.java:510) ~[hibernate-core-5.0.12.Final.jar:5.0.12.Final]
	at java.lang.String.valueOf(String.java:2994) ~[na:1.8.0_131]
	at java.lang.StringBuilder.append(StringBuilder.java:131) ~[na:1.8.0_131]
	at com.jpa.hibernate.demo.entity.Course.toString(Course.java:105) ~[classes/:na]
	at java.lang.String.valueOf(String.java:2994) ~[na:1.8.0_131]
	at java.lang.StringBuilder.append(StringBuilder.java:131) ~[na:1.8.0_131]
	at com.jpa.hibernate.demo.entity.Rating.toString(Rating.java:55) ~[classes/:na]
	at java.lang.String.valueOf(String.java:2994) ~[na:1.8.0_131]
	at java.lang.StringBuilder.append(StringBuilder.java:131) ~[na:1.8.0_131]
	at java.util.AbstractCollection.toString(AbstractCollection.java:462) ~[na:1.8.0_131]
	at org.hibernate.collection.internal.PersistentBag.toString(PersistentBag.java:510) ~[hibernate-core-5.0.12.Final.jar:5.0.12.Final]
	at java.lang.String.valueOf(String.java:2994) ~[na:1.8.0_131]
	at java.lang.StringBuilder.append(StringBuilder.java:131) ~[na:1.8.0_131]
	at com.jpa.hibernate.demo.entity.Course.toString(Course.java:105) ~[classes/:na]
	at java.lang.String.valueOf(String.java:2994) ~[na:1.8.0_131]
	at java.lang.StringBuilder.append(StringBuilder.java:131) ~[na:1.8.0_131]
	at com.jpa.hibernate.demo.entity.Rating.toString(Rating.java:55) ~[classes/:na]
	at java.lang.String.valueOf(String.java:2994) ~[na:1.8.0_131]
	at java.lang.StringBuilder.append(StringBuilder.java:131) ~[na:1.8.0_131]
	at java.util.AbstractCollection.toString(AbstractCollection.java:462) ~[na:1.8.0_131]
	at org.hibernate.collection.internal.PersistentBag.toString(PersistentBag.java:510) ~[hibernate-core-5.0.12.Final.jar:5.0.12.Final]
	at java.lang.String.valueOf(String.java:2994) ~[na:1.8.0_131]
	at java.lang.StringBuilder.append(StringBuilder.java:131) ~[na:1.8.0_131]
	at com.jpa.hibernate.demo.entity.Course.toString(Course.java:105) ~[classes/:na]
	at java.lang.String.valueOf(String.java:2994) ~[na:1.8.0_131]
	at java.lang.StringBuilder.append(StringBuilder.java:131) ~[na:1.8.0_131]
	at com.jpa.hibernate.demo.entity.Rating.toString(Rating.java:55) ~[classes/:na]
	at java.lang.String.valueOf(String.java:2994) ~[na:1.8.0_131]
	at java.lang.StringBuilder.append(StringBuilder.java:131) ~[na:1.8.0_131]
	at java.util.AbstractCollection.toString(AbstractCollection.java:462) ~[na:1.8.0_131]
	at org.hibernate.collection.internal.PersistentBag.toString(PersistentBag.java:510) ~[hibernate-core-5.0.12.Final.jar:5.0.12.Final]
	at java.lang.String.valueOf(String.java:2994) ~[na:1.8.0_131]
	at java.lang.StringBuilder.append(StringBuilder.java:131) ~[na:1.8.0_131]
	at com.jpa.hibernate.demo.entity.Course.toString(Course.java:105) ~[classes/:na]
	at java.lang.String.valueOf(String.java:2994) ~[na:1.8.0_131]
	at java.lang.StringBuilder.append(StringBuilder.java:131) ~[na:1.8.0_131]
	at com.jpa.hibernate.demo.entity.Rating.toString(Rating.java:55) ~[classes/:na]
	at java.lang.String.valueOf(String.java:2994) ~[na:1.8.0_131]
	at java.lang.StringBuilder.append(StringBuilder.java:131) ~[na:1.8.0_131]
	at java.util.AbstractCollection.toString(AbstractCollection.java:462) ~[na:1.8.0_131]
	at org.hibernate.collection.internal.PersistentBag.toString(PersistentBag.java:510) ~[hibernate-core-5.0.12.Final.jar:5.0.12.Final]
	at java.lang.String.valueOf(String.java:2994) ~[na:1.8.0_131]
	at java.lang.StringBuilder.append(StringBuilder.java:131) ~[na:1.8.0_131]
	at com.jpa.hibernate.demo.entity.Course.toString(Course.java:105) ~[classes/:na]
	at java.lang.String.valueOf(String.java:2994) ~[na:1.8.0_131]
	at java.lang.StringBuilder.append(StringBuilder.java:131) ~[na:1.8.0_131]
	at com.jpa.hibernate.demo.entity.Rating.toString(Rating.java:55) ~[classes/:na]
	at java.lang.String.valueOf(String.java:2994) ~[na:1.8.0_131]
	at java.lang.StringBuilder.append(StringBuilder.java:131) ~[na:1.8.0_131]
	at java.util.AbstractCollection.toString(AbstractCollection.java:462) ~[na:1.8.0_131]
	at org.hibernate.collection.internal.PersistentBag.toString(PersistentBag.java:510) ~[hibernate-core-5.0.12.Final.jar:5.0.12.Final]
	at java.lang.String.valueOf(String.java:2994) ~[na:1.8.0_131]
	at java.lang.StringBuilder.append(StringBuilder.java:131) ~[na:1.8.0_131]
	at com.jpa.hibernate.demo.entity.Course.toString(Course.java:105) ~[classes/:na]
	at java.lang.String.valueOf(String.java:2994) ~[na:1.8.0_131]
	at java.lang.StringBuilder.append(StringBuilder.java:131) ~[na:1.8.0_131]
	at com.jpa.hibernate.demo.entity.Rating.toString(Rating.java:55) ~[classes/:na]
	at java.lang.String.valueOf(String.java:2994) ~[na:1.8.0_131]
	at java.lang.StringBuilder.append(StringBuilder.java:131) ~[na:1.8.0_131]
	at java.util.AbstractCollection.toString(AbstractCollection.java:462) ~[na:1.8.0_131]
	at org.hibernate.collection.internal.PersistentBag.toString(PersistentBag.java:510) ~[hibernate-core-5.0.12.Final.jar:5.0.12.Final]
	at java.lang.String.valueOf(String.java:2994) ~[na:1.8.0_131]
	at java.lang.StringBuilder.append(StringBuilder.java:131) ~[na:1.8.0_131]
	at com.jpa.hibernate.demo.entity.Course.toString(Course.java:105) ~[classes/:na]
	at java.lang.String.valueOf(String.java:2994) ~[na:1.8.0_131]
	at java.lang.StringBuilder.append(StringBuilder.java:131) ~[na:1.8.0_131]
	at com.jpa.hibernate.demo.entity.Rating.toString(Rating.java:55) ~[classes/:na]
	at java.lang.String.valueOf(String.java:2994) ~[na:1.8.0_131]
	at java.lang.StringBuilder.append(StringBuilder.java:131) ~[na:1.8.0_131]
	at java.util.AbstractCollection.toString(AbstractCollection.java:462) ~[na:1.8.0_131]
	at org.hibernate.collection.internal.PersistentBag.toString(PersistentBag.java:510) ~[hibernate-core-5.0.12.Final.jar:5.0.12.Final]
	at java.lang.String.valueOf(String.java:2994) ~[na:1.8.0_131]
	at java.lang.StringBuilder.append(StringBuilder.java:131) ~[na:1.8.0_131]
	at com.jpa.hibernate.demo.entity.Course.toString(Course.java:105) ~[classes/:na]
	at java.lang.String.valueOf(String.java:2994) ~[na:1.8.0_131]
	at java.lang.StringBuilder.append(StringBuilder.java:131) ~[na:1.8.0_131]
	at com.jpa.hibernate.demo.entity.Rating.toString(Rating.java:55) ~[classes/:na]
	at java.lang.String.valueOf(String.java:2994) ~[na:1.8.0_131]
	at java.lang.StringBuilder.append(StringBuilder.java:131) ~[na:1.8.0_131]
	at java.util.AbstractCollection.toString(AbstractCollection.java:462) ~[na:1.8.0_131]
	at org.hibernate.collection.internal.PersistentBag.toString(PersistentBag.java:510) ~[hibernate-core-5.0.12.Final.jar:5.0.12.Final]
	at java.lang.String.valueOf(String.java:2994) ~[na:1.8.0_131]
	at java.lang.StringBuilder.append(StringBuilder.java:131) ~[na:1.8.0_131]
	at com.jpa.hibernate.demo.entity.Course.toString(Course.java:105) ~[classes/:na]
	at java.lang.String.valueOf(String.java:2994) ~[na:1.8.0_131]
	at java.lang.StringBuilder.append(StringBuilder.java:131) ~[na:1.8.0_131]
	at com.jpa.hibernate.demo.entity.Rating.toString(Rating.java:55) ~[classes/:na]
	at java.lang.String.valueOf(String.java:2994) ~[na:1.8.0_131]
	at java.lang.StringBuilder.append(StringBuilder.java:131) ~[na:1.8.0_131]
	at java.util.AbstractCollection.toString(AbstractCollection.java:462) ~[na:1.8.0_131]
	at org.hibernate.collection.internal.PersistentBag.toString(PersistentBag.java:510) ~[hibernate-core-5.0.12.Final.jar:5.0.12.Final]
	at java.lang.String.valueOf(String.java:2994) ~[na:1.8.0_131]
	at java.lang.StringBuilder.append(StringBuilder.java:131) ~[na:1.8.0_131]
	at com.jpa.hibernate.demo.entity.Course.toString(Course.java:105) ~[classes/:na]
	at java.lang.String.valueOf(String.java:2994) ~[na:1.8.0_131]
	at java.lang.StringBuilder.append(StringBuilder.java:131) ~[na:1.8.0_131]
	at com.jpa.hibernate.demo.entity.Rating.toString(Rating.java:55) ~[classes/:na]
	at java.lang.String.valueOf(String.java:2994) ~[na:1.8.0_131]
	at java.lang.StringBuilder.append(StringBuilder.java:131) ~[na:1.8.0_131]
	at java.util.AbstractCollection.toString(AbstractCollection.java:462) ~[na:1.8.0_131]
	at org.hibernate.collection.internal.PersistentBag.toString(PersistentBag.java:510) ~[hibernate-core-5.0.12.Final.jar:5.0.12.Final]
	at java.lang.String.valueOf(String.java:2994) ~[na:1.8.0_131]
	at java.lang.StringBuilder.append(StringBuilder.java:131) ~[na:1.8.0_131]
	at com.jpa.hibernate.demo.entity.Course.toString(Course.java:105) ~[classes/:na]
	at java.lang.String.valueOf(String.java:2994) ~[na:1.8.0_131]
	at java.lang.StringBuilder.append(StringBuilder.java:131) ~[na:1.8.0_131]
	at com.jpa.hibernate.demo.entity.Rating.toString(Rating.java:55) ~[classes/:na]
	at java.lang.String.valueOf(String.java:2994) ~[na:1.8.0_131]
	at java.lang.StringBuilder.append(StringBuilder.java:131) ~[na:1.8.0_131]
	at java.util.AbstractCollection.toString(AbstractCollection.java:462) ~[na:1.8.0_131]
	at org.hibernate.collection.internal.PersistentBag.toString(PersistentBag.java:510) ~[hibernate-core-5.0.12.Final.jar:5.0.12.Final]
	at java.lang.String.valueOf(String.java:2994) ~[na:1.8.0_131]
	at java.lang.StringBuilder.append(StringBuilder.java:131) ~[na:1.8.0_131]
	at com.jpa.hibernate.demo.entity.Course.toString(Course.java:105) ~[classes/:na]
	at java.lang.String.valueOf(String.java:2994) ~[na:1.8.0_131]
	at java.lang.StringBuilder.append(StringBuilder.java:131) ~[na:1.8.0_131]
	at com.jpa.hibernate.demo.entity.Rating.toString(Rating.java:55) ~[classes/:na]
	at java.lang.String.valueOf(String.java:2994) ~[na:1.8.0_131]
	at java.lang.StringBuilder.append(StringBuilder.java:131) ~[na:1.8.0_131]
	at java.util.AbstractCollection.toString(AbstractCollection.java:462) ~[na:1.8.0_131]
	at org.hibernate.collection.internal.PersistentBag.toString(PersistentBag.java:510) ~[hibernate-core-5.0.12.Final.jar:5.0.12.Final]
	at java.lang.String.valueOf(String.java:2994) ~[na:1.8.0_131]
	at java.lang.StringBuilder.append(StringBuilder.java:131) ~[na:1.8.0_131]
	at com.jpa.hibernate.demo.entity.Course.toString(Course.java:105) ~[classes/:na]
	at java.lang.String.valueOf(String.java:2994) ~[na:1.8.0_131]
	at java.lang.StringBuilder.append(StringBuilder.java:131) ~[na:1.8.0_131]
	at com.jpa.hibernate.demo.entity.Rating.toString(Rating.java:55) ~[classes/:na]
	at java.lang.String.valueOf(String.java:2994) ~[na:1.8.0_131]
	at java.lang.StringBuilder.append(StringBuilder.java:131) ~[na:1.8.0_131]
	at java.util.AbstractCollection.toString(AbstractCollection.java:462) ~[na:1.8.0_131]
	at org.hibernate.collection.internal.PersistentBag.toString(PersistentBag.java:510) ~[hibernate-core-5.0.12.Final.jar:5.0.12.Final]
	at java.lang.String.valueOf(String.java:2994) ~[na:1.8.0_131]
	at java.lang.StringBuilder.append(StringBuilder.java:131) ~[na:1.8.0_131]
	at com.jpa.hibernate.demo.entity.Course.toString(Course.java:105) ~[classes/:na]
	at java.lang.String.valueOf(String.java:2994) ~[na:1.8.0_131]
	at java.lang.StringBuilder.append(StringBuilder.java:131) ~[na:1.8.0_131]
	at com.jpa.hibernate.demo.entity.Rating.toString(Rating.java:55) ~[classes/:na]
	at java.lang.String.valueOf(String.java:2994) ~[na:1.8.0_131]
	at java.lang.StringBuilder.append(StringBuilder.java:131) ~[na:1.8.0_131]
	at java.util.AbstractCollection.toString(AbstractCollection.java:462) ~[na:1.8.0_131]
	at org.hibernate.collection.internal.PersistentBag.toString(PersistentBag.java:510) ~[hibernate-core-5.0.12.Final.jar:5.0.12.Final]
	at java.lang.String.valueOf(String.java:2994) ~[na:1.8.0_131]
	at java.lang.StringBuilder.append(StringBuilder.java:131) ~[na:1.8.0_131]
	at com.jpa.hibernate.demo.entity.Course.toString(Course.java:105) ~[classes/:na]
	at java.lang.String.valueOf(String.java:2994) ~[na:1.8.0_131]
	at java.lang.StringBuilder.append(StringBuilder.java:131) ~[na:1.8.0_131]
	at com.jpa.hibernate.demo.entity.Rating.toString(Rating.java:55) ~[classes/:na]
	at java.lang.String.valueOf(String.java:2994) ~[na:1.8.0_131]
	at java.lang.StringBuilder.append(StringBuilder.java:131) ~[na:1.8.0_131]
	at java.util.AbstractCollection.toString(AbstractCollection.java:462) ~[na:1.8.0_131]
	at org.hibernate.collection.internal.PersistentBag.toString(PersistentBag.java:510) ~[hibernate-core-5.0.12.Final.jar:5.0.12.Final]
	at java.lang.String.valueOf(String.java:2994) ~[na:1.8.0_131]
	at java.lang.StringBuilder.append(StringBuilder.java:131) ~[na:1.8.0_131]
	at com.jpa.hibernate.demo.entity.Course.toString(Course.java:105) ~[classes/:na]
	at java.lang.String.valueOf(String.java:2994) ~[na:1.8.0_131]
	at java.lang.StringBuilder.append(StringBuilder.java:131) ~[na:1.8.0_131]
	at com.jpa.hibernate.demo.entity.Rating.toString(Rating.java:55) ~[classes/:na]
	at java.lang.String.valueOf(String.java:2994) ~[na:1.8.0_131]
	at java.lang.StringBuilder.append(StringBuilder.java:131) ~[na:1.8.0_131]
	at java.util.AbstractCollection.toString(AbstractCollection.java:462) ~[na:1.8.0_131]
	at org.hibernate.collection.internal.PersistentBag.toString(PersistentBag.java:510) ~[hibernate-core-5.0.12.Final.jar:5.0.12.Final]
	at java.lang.String.valueOf(String.java:2994) ~[na:1.8.0_131]
	at java.lang.StringBuilder.append(StringBuilder.java:131) ~[na:1.8.0_131]
	at com.jpa.hibernate.demo.entity.Course.toString(Course.java:105) ~[classes/:na]
	at java.lang.String.valueOf(String.java:2994) ~[na:1.8.0_131]
	at java.lang.StringBuilder.append(StringBuilder.java:131) ~[na:1.8.0_131]
	at com.jpa.hibernate.demo.entity.Rating.toString(Rating.java:55) ~[classes/:na]
	at java.lang.String.valueOf(String.java:2994) ~[na:1.8.0_131]
	at java.lang.StringBuilder.append(StringBuilder.java:131) ~[na:1.8.0_131]
	at java.util.AbstractCollection.toString(AbstractCollection.java:462) ~[na:1.8.0_131]
	at org.hibernate.collection.internal.PersistentBag.toString(PersistentBag.java:510) ~[hibernate-core-5.0.12.Final.jar:5.0.12.Final]
	at java.lang.String.valueOf(String.java:2994) ~[na:1.8.0_131]
	at java.lang.StringBuilder.append(StringBuilder.java:131) ~[na:1.8.0_131]
	at com.jpa.hibernate.demo.entity.Course.toString(Course.java:105) ~[classes/:na]
	at java.lang.String.valueOf(String.java:2994) ~[na:1.8.0_131]
	at java.lang.StringBuilder.append(StringBuilder.java:131) ~[na:1.8.0_131]
	at com.jpa.hibernate.demo.entity.Rating.toString(Rating.java:55) ~[classes/:na]
	at java.lang.String.valueOf(String.java:2994) ~[na:1.8.0_131]
	at java.lang.StringBuilder.append(StringBuilder.java:131) ~[na:1.8.0_131]
	at java.util.AbstractCollection.toString(AbstractCollection.java:462) ~[na:1.8.0_131]
	at org.hibernate.collection.internal.PersistentBag.toString(PersistentBag.java:510) ~[hibernate-core-5.0.12.Final.jar:5.0.12.Final]
	at java.lang.String.valueOf(String.java:2994) ~[na:1.8.0_131]
	at java.lang.StringBuilder.append(StringBuilder.java:131) ~[na:1.8.0_131]
	at com.jpa.hibernate.demo.entity.Course.toString(Course.java:105) ~[classes/:na]
	at java.lang.String.valueOf(String.java:2994) ~[na:1.8.0_131]
	at java.lang.StringBuilder.append(StringBuilder.java:131) ~[na:1.8.0_131]
	at com.jpa.hibernate.demo.entity.Rating.toString(Rating.java:55) ~[classes/:na]
	at java.lang.String.valueOf(String.java:2994) ~[na:1.8.0_131]
	at java.lang.StringBuilder.append(StringBuilder.java:131) ~[na:1.8.0_131]
	at java.util.AbstractCollection.toString(AbstractCollection.java:462) ~[na:1.8.0_131]
	at org.hibernate.collection.internal.PersistentBag.toString(PersistentBag.java:510) ~[hibernate-core-5.0.12.Final.jar:5.0.12.Final]
	at java.lang.String.valueOf(String.java:2994) ~[na:1.8.0_131]
	at java.lang.StringBuilder.append(StringBuilder.java:131) ~[na:1.8.0_131]
	at com.jpa.hibernate.demo.entity.Course.toString(Course.java:105) ~[classes/:na]
	at java.lang.String.valueOf(String.java:2994) ~[na:1.8.0_131]
	at java.lang.StringBuilder.append(StringBuilder.java:131) ~[na:1.8.0_131]
	at com.jpa.hibernate.demo.entity.Rating.toString(Rating.java:55) ~[classes/:na]
	at java.lang.String.valueOf(String.java:2994) ~[na:1.8.0_131]
	at java.lang.StringBuilder.append(StringBuilder.java:131) ~[na:1.8.0_131]
	at java.util.AbstractCollection.toString(AbstractCollection.java:462) ~[na:1.8.0_131]
	at org.hibernate.collection.internal.PersistentBag.toString(PersistentBag.java:510) ~[hibernate-core-5.0.12.Final.jar:5.0.12.Final]
	at java.lang.String.valueOf(String.java:2994) ~[na:1.8.0_131]
	at java.lang.StringBuilder.append(StringBuilder.java:131) ~[na:1.8.0_131]
	at com.jpa.hibernate.demo.entity.Course.toString(Course.java:105) ~[classes/:na]
	at java.lang.String.valueOf(String.java:2994) ~[na:1.8.0_131]
	at java.lang.StringBuilder.append(StringBuilder.java:131) ~[na:1.8.0_131]
	at com.jpa.hibernate.demo.entity.Rating.toString(Rating.java:55) ~[classes/:na]
	at java.lang.String.valueOf(String.java:2994) ~[na:1.8.0_131]
	at java.lang.StringBuilder.append(StringBuilder.java:131) ~[na:1.8.0_131]
	at java.util.AbstractCollection.toString(AbstractCollection.java:462) ~[na:1.8.0_131]
	at org.hibernate.collection.internal.PersistentBag.toString(PersistentBag.java:510) ~[hibernate-core-5.0.12.Final.jar:5.0.12.Final]
	at java.lang.String.valueOf(String.java:2994) ~[na:1.8.0_131]
	at java.lang.StringBuilder.append(StringBuilder.java:131) ~[na:1.8.0_131]
	at com.jpa.hibernate.demo.entity.Course.toString(Course.java:105) ~[classes/:na]
	at java.lang.String.valueOf(String.java:2994) ~[na:1.8.0_131]
	at java.lang.StringBuilder.append(StringBuilder.java:131) ~[na:1.8.0_131]
	at com.jpa.hibernate.demo.entity.Rating.toString(Rating.java:55) ~[classes/:na]
	at java.lang.String.valueOf(String.java:2994) ~[na:1.8.0_131]
	at java.lang.StringBuilder.append(StringBuilder.java:131) ~[na:1.8.0_131]
	at java.util.AbstractCollection.toString(AbstractCollection.java:462) ~[na:1.8.0_131]
	at org.hibernate.collection.internal.PersistentBag.toString(PersistentBag.java:510) ~[hibernate-core-5.0.12.Final.jar:5.0.12.Final]
	at java.lang.String.valueOf(String.java:2994) ~[na:1.8.0_131]
	at java.lang.StringBuilder.append(StringBuilder.java:131) ~[na:1.8.0_131]
	at com.jpa.hibernate.demo.entity.Course.toString(Course.java:105) ~[classes/:na]
	at java.lang.String.valueOf(String.java:2994) ~[na:1.8.0_131]
	at java.lang.StringBuilder.append(StringBuilder.java:131) ~[na:1.8.0_131]
	at com.jpa.hibernate.demo.entity.Rating.toString(Rating.java:55) ~[classes/:na]
	at java.lang.String.valueOf(String.java:2994) ~[na:1.8.0_131]
	at java.lang.StringBuilder.append(StringBuilder.java:131) ~[na:1.8.0_131]
	at java.util.AbstractCollection.toString(AbstractCollection.java:462) ~[na:1.8.0_131]
	at org.hibernate.collection.internal.PersistentBag.toString(PersistentBag.java:510) ~[hibernate-core-5.0.12.Final.jar:5.0.12.Final]
	at java.lang.String.valueOf(String.java:2994) ~[na:1.8.0_131]
	at java.lang.StringBuilder.append(StringBuilder.java:131) ~[na:1.8.0_131]
	at com.jpa.hibernate.demo.entity.Course.toString(Course.java:105) ~[classes/:na]
	at java.lang.String.valueOf(String.java:2994) ~[na:1.8.0_131]
	at java.lang.StringBuilder.append(StringBuilder.java:131) ~[na:1.8.0_131]
	at com.jpa.hibernate.demo.entity.Rating.toString(Rating.java:55) ~[classes/:na]
	at java.lang.String.valueOf(String.java:2994) ~[na:1.8.0_131]
	at java.lang.StringBuilder.append(StringBuilder.java:131) ~[na:1.8.0_131]
	at java.util.AbstractCollection.toString(AbstractCollection.java:462) ~[na:1.8.0_131]
	at org.hibernate.collection.internal.PersistentBag.toString(PersistentBag.java:510) ~[hibernate-core-5.0.12.Final.jar:5.0.12.Final]
	at java.lang.String.valueOf(String.java:2994) ~[na:1.8.0_131]
	at java.lang.StringBuilder.append(StringBuilder.java:131) ~[na:1.8.0_131]
	at com.jpa.hibernate.demo.entity.Course.toString(Course.java:105) ~[classes/:na]
	at java.lang.String.valueOf(String.java:2994) ~[na:1.8.0_131]
	at java.lang.StringBuilder.append(StringBuilder.java:131) ~[na:1.8.0_131]
	at com.jpa.hibernate.demo.entity.Rating.toString(Rating.java:55) ~[classes/:na]
	at java.lang.String.valueOf(String.java:2994) ~[na:1.8.0_131]
	at java.lang.StringBuilder.append(StringBuilder.java:131) ~[na:1.8.0_131]
	at java.util.AbstractCollection.toString(AbstractCollection.java:462) ~[na:1.8.0_131]
	at org.hibernate.collection.internal.PersistentBag.toString(PersistentBag.java:510) ~[hibernate-core-5.0.12.Final.jar:5.0.12.Final]
	at java.lang.String.valueOf(String.java:2994) ~[na:1.8.0_131]
	at java.lang.StringBuilder.append(StringBuilder.java:131) ~[na:1.8.0_131]
	at com.jpa.hibernate.demo.entity.Course.toString(Course.java:105) ~[classes/:na]
	at java.lang.String.valueOf(String.java:2994) ~[na:1.8.0_131]
	at java.lang.StringBuilder.append(StringBuilder.java:131) ~[na:1.8.0_131]
	at com.jpa.hibernate.demo.entity.Rating.toString(Rating.java:55) ~[classes/:na]
	at java.lang.String.valueOf(String.java:2994) ~[na:1.8.0_131]
	at java.lang.StringBuilder.append(StringBuilder.java:131) ~[na:1.8.0_131]
	at java.util.AbstractCollection.toString(AbstractCollection.java:462) ~[na:1.8.0_131]
	at org.hibernate.collection.internal.PersistentBag.toString(PersistentBag.java:510) ~[hibernate-core-5.0.12.Final.jar:5.0.12.Final]
	at java.lang.String.valueOf(String.java:2994) ~[na:1.8.0_131]
	at java.lang.StringBuilder.append(StringBuilder.java:131) ~[na:1.8.0_131]
	at com.jpa.hibernate.demo.entity.Course.toString(Course.java:105) ~[classes/:na]
	at java.lang.String.valueOf(String.java:2994) ~[na:1.8.0_131]
	at java.lang.StringBuilder.append(StringBuilder.java:131) ~[na:1.8.0_131]
	at com.jpa.hibernate.demo.entity.Rating.toString(Rating.java:55) ~[classes/:na]
	at java.lang.String.valueOf(String.java:2994) ~[na:1.8.0_131]
	at java.lang.StringBuilder.append(StringBuilder.java:131) ~[na:1.8.0_131]
	at java.util.AbstractCollection.toString(AbstractCollection.java:462) ~[na:1.8.0_131]
	at org.hibernate.collection.internal.PersistentBag.toString(PersistentBag.java:510) ~[hibernate-core-5.0.12.Final.jar:5.0.12.Final]
	at java.lang.String.valueOf(String.java:2994) ~[na:1.8.0_131]
	at java.lang.StringBuilder.append(StringBuilder.java:131) ~[na:1.8.0_131]
	at com.jpa.hibernate.demo.entity.Course.toString(Course.java:105) ~[classes/:na]
	at java.lang.String.valueOf(String.java:2994) ~[na:1.8.0_131]
	at java.lang.StringBuilder.append(StringBuilder.java:131) ~[na:1.8.0_131]
	at com.jpa.hibernate.demo.entity.Rating.toString(Rating.java:55) ~[classes/:na]
	at java.lang.String.valueOf(String.java:2994) ~[na:1.8.0_131]
	at java.lang.StringBuilder.append(StringBuilder.java:131) ~[na:1.8.0_131]
	at java.util.AbstractCollection.toString(AbstractCollection.java:462) ~[na:1.8.0_131]
	at org.hibernate.collection.internal.PersistentBag.toString(PersistentBag.java:510) ~[hibernate-core-5.0.12.Final.jar:5.0.12.Final]
	at java.lang.String.valueOf(String.java:2994) ~[na:1.8.0_131]
	at java.lang.StringBuilder.append(StringBuilder.java:131) ~[na:1.8.0_131]
	at com.jpa.hibernate.demo.entity.Course.toString(Course.java:105) ~[classes/:na]
	at java.lang.String.valueOf(String.java:2994) ~[na:1.8.0_131]
	at java.lang.StringBuilder.append(StringBuilder.java:131) ~[na:1.8.0_131]
	at com.jpa.hibernate.demo.entity.Rating.toString(Rating.java:55) ~[classes/:na]
	at java.lang.String.valueOf(String.java:2994) ~[na:1.8.0_131]
	at java.lang.StringBuilder.append(StringBuilder.java:131) ~[na:1.8.0_131]
	at java.util.AbstractCollection.toString(AbstractCollection.java:462) ~[na:1.8.0_131]
	at org.hibernate.collection.internal.PersistentBag.toString(PersistentBag.java:510) ~[hibernate-core-5.0.12.Final.jar:5.0.12.Final]
	at java.lang.String.valueOf(String.java:2994) ~[na:1.8.0_131]
	at java.lang.StringBuilder.append(StringBuilder.java:131) ~[na:1.8.0_131]
	at com.jpa.hibernate.demo.entity.Course.toString(Course.java:105) ~[classes/:na]
	at java.lang.String.valueOf(String.java:2994) ~[na:1.8.0_131]
	at java.lang.StringBuilder.append(StringBuilder.java:131) ~[na:1.8.0_131]
	at com.jpa.hibernate.demo.entity.Rating.toString(Rating.java:55) ~[classes/:na]
	at java.lang.String.valueOf(String.java:2994) ~[na:1.8.0_131]
	at java.lang.StringBuilder.append(StringBuilder.java:131) ~[na:1.8.0_131]
	at java.util.AbstractCollection.toString(AbstractCollection.java:462) ~[na:1.8.0_131]
	at org.hibernate.collection.internal.PersistentBag.toString(PersistentBag.java:510) ~[hibernate-core-5.0.12.Final.jar:5.0.12.Final]
	at java.lang.String.valueOf(String.java:2994) ~[na:1.8.0_131]
	at java.lang.StringBuilder.append(StringBuilder.java:131) ~[na:1.8.0_131]
	at com.jpa.hibernate.demo.entity.Course.toString(Course.java:105) ~[classes/:na]
	at java.lang.String.valueOf(String.java:2994) ~[na:1.8.0_131]
	at java.lang.StringBuilder.append(StringBuilder.java:131) ~[na:1.8.0_131]
	at com.jpa.hibernate.demo.entity.Rating.toString(Rating.java:55) ~[classes/:na]
	at java.lang.String.valueOf(String.java:2994) ~[na:1.8.0_131]
	at java.lang.StringBuilder.append(StringBuilder.java:131) ~[na:1.8.0_131]
	at java.util.AbstractCollection.toString(AbstractCollection.java:462) ~[na:1.8.0_131]
	at org.hibernate.collection.internal.PersistentBag.toString(PersistentBag.java:510) ~[hibernate-core-5.0.12.Final.jar:5.0.12.Final]
	at java.lang.String.valueOf(String.java:2994) ~[na:1.8.0_131]
	at java.lang.StringBuilder.append(StringBuilder.java:131) ~[na:1.8.0_131]
	at com.jpa.hibernate.demo.entity.Course.toString(Course.java:105) ~[classes/:na]
	at java.lang.String.valueOf(String.java:2994) ~[na:1.8.0_131]
	at java.lang.StringBuilder.append(StringBuilder.java:131) ~[na:1.8.0_131]
	at com.jpa.hibernate.demo.entity.Rating.toString(Rating.java:55) ~[classes/:na]
	at java.lang.String.valueOf(String.java:2994) ~[na:1.8.0_131]
	at java.lang.StringBuilder.append(StringBuilder.java:131) ~[na:1.8.0_131]
	at java.util.AbstractCollection.toString(AbstractCollection.java:462) ~[na:1.8.0_131]
	at org.hibernate.collection.internal.PersistentBag.toString(PersistentBag.java:510) ~[hibernate-core-5.0.12.Final.jar:5.0.12.Final]
	at java.lang.String.valueOf(String.java:2994) ~[na:1.8.0_131]
	at java.lang.StringBuilder.append(StringBuilder.java:131) ~[na:1.8.0_131]
	at com.jpa.hibernate.demo.entity.Course.toString(Course.java:105) ~[classes/:na]
	at java.lang.String.valueOf(String.java:2994) ~[na:1.8.0_131]
	at java.lang.StringBuilder.append(StringBuilder.java:131) ~[na:1.8.0_131]
	at com.jpa.hibernate.demo.entity.Rating.toString(Rating.java:55) ~[classes/:na]
	at java.lang.String.valueOf(String.java:2994) ~[na:1.8.0_131]
	at java.lang.StringBuilder.append(StringBuilder.java:131) ~[na:1.8.0_131]
	at java.util.AbstractCollection.toString(AbstractCollection.java:462) ~[na:1.8.0_131]
	at org.hibernate.collection.internal.PersistentBag.toString(PersistentBag.java:510) ~[hibernate-core-5.0.12.Final.jar:5.0.12.Final]
	at java.lang.String.valueOf(String.java:2994) ~[na:1.8.0_131]
	at java.lang.StringBuilder.append(StringBuilder.java:131) ~[na:1.8.0_131]
	at com.jpa.hibernate.demo.entity.Course.toString(Course.java:105) ~[classes/:na]
	at java.lang.String.valueOf(String.java:2994) ~[na:1.8.0_131]
	at java.lang.StringBuilder.append(StringBuilder.java:131) ~[na:1.8.0_131]
	at com.jpa.hibernate.demo.entity.Rating.toString(Rating.java:55) ~[classes/:na]
	at java.lang.String.valueOf(String.java:2994) ~[na:1.8.0_131]
	at java.lang.StringBuilder.append(StringBuilder.java:131) ~[na:1.8.0_131]
	at java.util.AbstractCollection.toString(AbstractCollection.java:462) ~[na:1.8.0_131]
	at org.hibernate.collection.internal.PersistentBag.toString(PersistentBag.java:510) ~[hibernate-core-5.0.12.Final.jar:5.0.12.Final]
	at java.lang.String.valueOf(String.java:2994) ~[na:1.8.0_131]
	at java.lang.StringBuilder.append(StringBuilder.java:131) ~[na:1.8.0_131]
	at com.jpa.hibernate.demo.entity.Course.toString(Course.java:105) ~[classes/:na]
	at java.lang.String.valueOf(String.java:2994) ~[na:1.8.0_131]
	at java.lang.StringBuilder.append(StringBuilder.java:131) ~[na:1.8.0_131]
	at com.jpa.hibernate.demo.entity.Rating.toString(Rating.java:55) ~[classes/:na]
	at java.lang.String.valueOf(String.java:2994) ~[na:1.8.0_131]
	at java.lang.StringBuilder.append(StringBuilder.java:131) ~[na:1.8.0_131]
	at java.util.AbstractCollection.toString(AbstractCollection.java:462) ~[na:1.8.0_131]
	at org.hibernate.collection.internal.PersistentBag.toString(PersistentBag.java:510) ~[hibernate-core-5.0.12.Final.jar:5.0.12.Final]
	at java.lang.String.valueOf(String.java:2994) ~[na:1.8.0_131]
	at java.lang.StringBuilder.append(StringBuilder.java:131) ~[na:1.8.0_131]
	at com.jpa.hibernate.demo.entity.Course.toString(Course.java:105) ~[classes/:na]
	at java.lang.String.valueOf(String.java:2994) ~[na:1.8.0_131]
	at java.lang.StringBuilder.append(StringBuilder.java:131) ~[na:1.8.0_131]
	at com.jpa.hibernate.demo.entity.Rating.toString(Rating.java:55) ~[classes/:na]
	at java.lang.String.valueOf(String.java:2994) ~[na:1.8.0_131]
	at java.lang.StringBuilder.append(StringBuilder.java:131) ~[na:1.8.0_131]
	at java.util.AbstractCollection.toString(AbstractCollection.java:462) ~[na:1.8.0_131]
	at org.hibernate.collection.internal.PersistentBag.toString(PersistentBag.java:510) ~[hibernate-core-5.0.12.Final.jar:5.0.12.Final]
	at java.lang.String.valueOf(String.java:2994) ~[na:1.8.0_131]
	at java.lang.StringBuilder.append(StringBuilder.java:131) ~[na:1.8.0_131]
	at com.jpa.hibernate.demo.entity.Course.toString(Course.java:105) ~[classes/:na]
	at java.lang.String.valueOf(String.java:2994) ~[na:1.8.0_131]
	at java.lang.StringBuilder.append(StringBuilder.java:131) ~[na:1.8.0_131]
	at com.jpa.hibernate.demo.entity.Rating.toString(Rating.java:55) ~[classes/:na]
	at java.lang.String.valueOf(String.java:2994) ~[na:1.8.0_131]
	at java.lang.StringBuilder.append(StringBuilder.java:131) ~[na:1.8.0_131]
	at java.util.AbstractCollection.toString(AbstractCollection.java:462) ~[na:1.8.0_131]
	at org.hibernate.collection.internal.PersistentBag.toString(PersistentBag.java:510) ~[hibernate-core-5.0.12.Final.jar:5.0.12.Final]
	at java.lang.String.valueOf(String.java:2994) ~[na:1.8.0_131]
	at java.lang.StringBuilder.append(StringBuilder.java:131) ~[na:1.8.0_131]
	at com.jpa.hibernate.demo.entity.Course.toString(Course.java:105) ~[classes/:na]
	at java.lang.String.valueOf(String.java:2994) ~[na:1.8.0_131]
	at java.lang.StringBuilder.append(StringBuilder.java:131) ~[na:1.8.0_131]
	at com.jpa.hibernate.demo.entity.Rating.toString(Rating.java:55) ~[classes/:na]
	at java.lang.String.valueOf(String.java:2994) ~[na:1.8.0_131]
	at java.lang.StringBuilder.append(StringBuilder.java:131) ~[na:1.8.0_131]
	at java.util.AbstractCollection.toString(AbstractCollection.java:462) ~[na:1.8.0_131]
	at org.hibernate.collection.internal.PersistentBag.toString(PersistentBag.java:510) ~[hibernate-core-5.0.12.Final.jar:5.0.12.Final]
	at java.lang.String.valueOf(String.java:2994) ~[na:1.8.0_131]
	at java.lang.StringBuilder.append(StringBuilder.java:131) ~[na:1.8.0_131]
	at com.jpa.hibernate.demo.entity.Course.toString(Course.java:105) ~[classes/:na]
	at java.lang.String.valueOf(String.java:2994) ~[na:1.8.0_131]
	at java.lang.StringBuilder.append(StringBuilder.java:131) ~[na:1.8.0_131]
	at com.jpa.hibernate.demo.entity.Rating.toString(Rating.java:55) ~[classes/:na]
	at java.lang.String.valueOf(String.java:2994) ~[na:1.8.0_131]
	at java.lang.StringBuilder.append(StringBuilder.java:131) ~[na:1.8.0_131]
	at java.util.AbstractCollection.toString(AbstractCollection.java:462) ~[na:1.8.0_131]
	at org.hibernate.collection.internal.PersistentBag.toString(PersistentBag.java:510) ~[hibernate-core-5.0.12.Final.jar:5.0.12.Final]
	at java.lang.String.valueOf(String.java:2994) ~[na:1.8.0_131]
	at java.lang.StringBuilder.append(StringBuilder.java:131) ~[na:1.8.0_131]
	at com.jpa.hibernate.demo.entity.Course.toString(Course.java:105) ~[classes/:na]
	at java.lang.String.valueOf(String.java:2994) ~[na:1.8.0_131]
	at java.lang.StringBuilder.append(StringBuilder.java:131) ~[na:1.8.0_131]
	at com.jpa.hibernate.demo.entity.Rating.toString(Rating.java:55) ~[classes/:na]
	at java.lang.String.valueOf(String.java:2994) ~[na:1.8.0_131]
	at java.lang.StringBuilder.append(StringBuilder.java:131) ~[na:1.8.0_131]
	at java.util.AbstractCollection.toString(AbstractCollection.java:462) ~[na:1.8.0_131]
	at org.hibernate.collection.internal.PersistentBag.toString(PersistentBag.java:510) ~[hibernate-core-5.0.12.Final.jar:5.0.12.Final]
	at java.lang.String.valueOf(String.java:2994) ~[na:1.8.0_131]
	at java.lang.StringBuilder.append(StringBuilder.java:131) ~[na:1.8.0_131]
	at com.jpa.hibernate.demo.entity.Course.toString(Course.java:105) ~[classes/:na]
	at java.lang.String.valueOf(String.java:2994) ~[na:1.8.0_131]
	at java.lang.StringBuilder.append(StringBuilder.java:131) ~[na:1.8.0_131]
	at com.jpa.hibernate.demo.entity.Rating.toString(Rating.java:55) ~[classes/:na]
	at java.lang.String.valueOf(String.java:2994) ~[na:1.8.0_131]
	at java.lang.StringBuilder.append(StringBuilder.java:131) ~[na:1.8.0_131]
	at java.util.AbstractCollection.toString(AbstractCollection.java:462) ~[na:1.8.0_131]
	at org.hibernate.collection.internal.PersistentBag.toString(PersistentBag.java:510) ~[hibernate-core-5.0.12.Final.jar:5.0.12.Final]
	at java.lang.String.valueOf(String.java:2994) ~[na:1.8.0_131]
	at java.lang.StringBuilder.append(StringBuilder.java:131) ~[na:1.8.0_131]
	at com.jpa.hibernate.demo.entity.Course.toString(Course.java:105) ~[classes/:na]
	at java.lang.String.valueOf(String.java:2994) ~[na:1.8.0_131]
	at java.lang.StringBuilder.append(StringBuilder.java:131) ~[na:1.8.0_131]
	at com.jpa.hibernate.demo.entity.Rating.toString(Rating.java:55) ~[classes/:na]
	at java.lang.String.valueOf(String.java:2994) ~[na:1.8.0_131]
	at java.lang.StringBuilder.append(StringBuilder.java:131) ~[na:1.8.0_131]
	at java.util.AbstractCollection.toString(AbstractCollection.java:462) ~[na:1.8.0_131]
	at org.hibernate.collection.internal.PersistentBag.toString(PersistentBag.java:510) ~[hibernate-core-5.0.12.Final.jar:5.0.12.Final]
	at java.lang.String.valueOf(String.java:2994) ~[na:1.8.0_131]
	at java.lang.StringBuilder.append(StringBuilder.java:131) ~[na:1.8.0_131]
	at com.jpa.hibernate.demo.entity.Course.toString(Course.java:105) ~[classes/:na]
	at java.lang.String.valueOf(String.java:2994) ~[na:1.8.0_131]
	at java.lang.StringBuilder.append(StringBuilder.java:131) ~[na:1.8.0_131]
	at com.jpa.hibernate.demo.entity.Rating.toString(Rating.java:55) ~[classes/:na]
	at java.lang.String.valueOf(String.java:2994) ~[na:1.8.0_131]
	at java.lang.StringBuilder.append(StringBuilder.java:131) ~[na:1.8.0_131]
	at java.util.AbstractCollection.toString(AbstractCollection.java:462) ~[na:1.8.0_131]
	at org.hibernate.collection.internal.PersistentBag.toString(PersistentBag.java:510) ~[hibernate-core-5.0.12.Final.jar:5.0.12.Final]
	at java.lang.String.valueOf(String.java:2994) ~[na:1.8.0_131]
	at java.lang.StringBuilder.append(StringBuilder.java:131) ~[na:1.8.0_131]
	at com.jpa.hibernate.demo.entity.Course.toString(Course.java:105) ~[classes/:na]
	at java.lang.String.valueOf(String.java:2994) ~[na:1.8.0_131]
	at java.lang.StringBuilder.append(StringBuilder.java:131) ~[na:1.8.0_131]
	at com.jpa.hibernate.demo.entity.Rating.toString(Rating.java:55) ~[classes/:na]
	at java.lang.String.valueOf(String.java:2994) ~[na:1.8.0_131]
	at java.lang.StringBuilder.append(StringBuilder.java:131) ~[na:1.8.0_131]
	at java.util.AbstractCollection.toString(AbstractCollection.java:462) ~[na:1.8.0_131]
	at org.hibernate.collection.internal.PersistentBag.toString(PersistentBag.java:510) ~[hibernate-core-5.0.12.Final.jar:5.0.12.Final]
	at java.lang.String.valueOf(String.java:2994) ~[na:1.8.0_131]
	at java.lang.StringBuilder.append(StringBuilder.java:131) ~[na:1.8.0_131]
	at com.jpa.hibernate.demo.entity.Course.toString(Course.java:105) ~[classes/:na]
	at java.lang.String.valueOf(String.java:2994) ~[na:1.8.0_131]
	at java.lang.StringBuilder.append(StringBuilder.java:131) ~[na:1.8.0_131]
	at com.jpa.hibernate.demo.entity.Rating.toString(Rating.java:55) ~[classes/:na]
	at java.lang.String.valueOf(String.java:2994) ~[na:1.8.0_131]
	at java.lang.StringBuilder.append(StringBuilder.java:131) ~[na:1.8.0_131]
	at java.util.AbstractCollection.toString(AbstractCollection.java:462) ~[na:1.8.0_131]
	at org.hibernate.collection.internal.PersistentBag.toString(PersistentBag.java:510) ~[hibernate-core-5.0.12.Final.jar:5.0.12.Final]
	at java.lang.String.valueOf(String.java:2994) ~[na:1.8.0_131]
	at java.lang.StringBuilder.append(StringBuilder.java:131) ~[na:1.8.0_131]
	at com.jpa.hibernate.demo.entity.Course.toString(Course.java:105) ~[classes/:na]
	at java.lang.String.valueOf(String.java:2994) ~[na:1.8.0_131]
	at java.lang.StringBuilder.append(StringBuilder.java:131) ~[na:1.8.0_131]
	at com.jpa.hibernate.demo.entity.Rating.toString(Rating.java:55) ~[classes/:na]
	at java.lang.String.valueOf(String.java:2994) ~[na:1.8.0_131]
	at java.lang.StringBuilder.append(StringBuilder.java:131) ~[na:1.8.0_131]
	at java.util.AbstractCollection.toString(AbstractCollection.java:462) ~[na:1.8.0_131]
	at org.hibernate.collection.internal.PersistentBag.toString(PersistentBag.java:510) ~[hibernate-core-5.0.12.Final.jar:5.0.12.Final]
	at java.lang.String.valueOf(String.java:2994) ~[na:1.8.0_131]
	at java.lang.StringBuilder.append(StringBuilder.java:131) ~[na:1.8.0_131]
	at com.jpa.hibernate.demo.entity.Course.toString(Course.java:105) ~[classes/:na]
	at java.lang.String.valueOf(String.java:2994) ~[na:1.8.0_131]
	at java.lang.StringBuilder.append(StringBuilder.java:131) ~[na:1.8.0_131]
	at com.jpa.hibernate.demo.entity.Rating.toString(Rating.java:55) ~[classes/:na]
	at java.lang.String.valueOf(String.java:2994) ~[na:1.8.0_131]
	at java.lang.StringBuilder.append(StringBuilder.java:131) ~[na:1.8.0_131]
	at java.util.AbstractCollection.toString(AbstractCollection.java:462) ~[na:1.8.0_131]
	at org.hibernate.collection.internal.PersistentBag.toString(PersistentBag.java:510) ~[hibernate-core-5.0.12.Final.jar:5.0.12.Final]
	at java.lang.String.valueOf(String.java:2994) ~[na:1.8.0_131]
	at java.lang.StringBuilder.append(StringBuilder.java:131) ~[na:1.8.0_131]
	at com.jpa.hibernate.demo.entity.Course.toString(Course.java:105) ~[classes/:na]
	at java.lang.String.valueOf(String.java:2994) ~[na:1.8.0_131]
	at java.lang.StringBuilder.append(StringBuilder.java:131) ~[na:1.8.0_131]
	at com.jpa.hibernate.demo.entity.Rating.toString(Rating.java:55) ~[classes/:na]
	at java.lang.String.valueOf(String.java:2994) ~[na:1.8.0_131]
	at java.lang.StringBuilder.append(StringBuilder.java:131) ~[na:1.8.0_131]
	at java.util.AbstractCollection.toString(AbstractCollection.java:462) ~[na:1.8.0_131]
	at org.hibernate.collection.internal.PersistentBag.toString(PersistentBag.java:510) ~[hibernate-core-5.0.12.Final.jar:5.0.12.Final]
	at java.lang.String.valueOf(String.java:2994) ~[na:1.8.0_131]
	at java.lang.StringBuilder.append(StringBuilder.java:131) ~[na:1.8.0_131]

2019-06-19 12:01:09.061  INFO 6732 --- [           main] o.s.w.c.s.GenericWebApplicationContext   : Closing org.springframework.web.context.support.GenericWebApplicationContext@53b7f08: startup date [Wed Jun 19 12:01:07 IST 2019]; root of context hierarchy
2019-06-19 12:01:09.062  INFO 6732 --- [           main] j.LocalContainerEntityManagerFactoryBean : Closing JPA EntityManagerFactory for persistence unit 'default'
2019-06-19 12:01:09.063 ERROR 6732 --- [           main] o.s.test.context.TestContextManager      : Caught exception while allowing TestExecutionListener [org.springframework.test.context.web.ServletTestExecutionListener@482ba4b1] to prepare test instance [com.jpa.hibernate.demo.repo.CourseRepoTest@30dd23e2]

java.lang.StackOverflowError: null
	at java.util.AbstractCollection.toString(AbstractCollection.java:454) ~[na:1.8.0_131]
	at org.hibernate.collection.internal.PersistentBag.toString(PersistentBag.java:510) ~[hibernate-core-5.0.12.Final.jar:5.0.12.Final]
	at java.lang.String.valueOf(String.java:2994) ~[na:1.8.0_131]
	at java.lang.StringBuilder.append(StringBuilder.java:131) ~[na:1.8.0_131]
	at com.jpa.hibernate.demo.entity.Course.toString(Course.java:105) ~[classes/:na]
	at java.lang.String.valueOf(String.java:2994) ~[na:1.8.0_131]
	at java.lang.StringBuilder.append(StringBuilder.java:131) ~[na:1.8.0_131]
	at com.jpa.hibernate.demo.entity.Rating.toString(Rating.java:55) ~[classes/:na]
	at java.lang.String.valueOf(String.java:2994) ~[na:1.8.0_131]
	at java.lang.StringBuilder.append(StringBuilder.java:131) ~[na:1.8.0_131]
	at java.util.AbstractCollection.toString(AbstractCollection.java:462) ~[na:1.8.0_131]
	at org.hibernate.collection.internal.PersistentBag.toString(PersistentBag.java:510) ~[hibernate-core-5.0.12.Final.jar:5.0.12.Final]
	at java.lang.String.valueOf(String.java:2994) ~[na:1.8.0_131]
	at java.lang.StringBuilder.append(StringBuilder.java:131) ~[na:1.8.0_131]
	at com.jpa.hibernate.demo.entity.Course.toString(Course.java:105) ~[classes/:na]
	at java.lang.String.valueOf(String.java:2994) ~[na:1.8.0_131]
	at java.lang.StringBuilder.append(StringBuilder.java:131) ~[na:1.8.0_131]
	at com.jpa.hibernate.demo.entity.Rating.toString(Rating.java:55) ~[classes/:na]
	at java.lang.String.valueOf(String.java:2994) ~[na:1.8.0_131]
	at java.lang.StringBuilder.append(StringBuilder.java:131) ~[na:1.8.0_131]
	at java.util.AbstractCollection.toString(AbstractCollection.java:462) ~[na:1.8.0_131]
	at org.hibernate.collection.internal.PersistentBag.toString(PersistentBag.java:510) ~[hibernate-core-5.0.12.Final.jar:5.0.12.Final]
	at java.lang.String.valueOf(String.java:2994) ~[na:1.8.0_131]
	at java.lang.StringBuilder.append(StringBuilder.java:131) ~[na:1.8.0_131]
	at com.jpa.hibernate.demo.entity.Course.toString(Course.java:105) ~[classes/:na]
	at java.lang.String.valueOf(String.java:2994) ~[na:1.8.0_131]
	at java.lang.StringBuilder.append(StringBuilder.java:131) ~[na:1.8.0_131]
	at com.jpa.hibernate.demo.entity.Rating.toString(Rating.java:55) ~[classes/:na]
	at java.lang.String.valueOf(String.java:2994) ~[na:1.8.0_131]
	at java.lang.StringBuilder.append(StringBuilder.java:131) ~[na:1.8.0_131]
	at java.util.AbstractCollection.toString(AbstractCollection.java:462) ~[na:1.8.0_131]
	at org.hibernate.collection.internal.PersistentBag.toString(PersistentBag.java:510) ~[hibernate-core-5.0.12.Final.jar:5.0.12.Final]
	at java.lang.String.valueOf(String.java:2994) ~[na:1.8.0_131]
	at java.lang.StringBuilder.append(StringBuilder.java:131) ~[na:1.8.0_131]
	at com.jpa.hibernate.demo.entity.Course.toString(Course.java:105) ~[classes/:na]
	at java.lang.String.valueOf(String.java:2994) ~[na:1.8.0_131]
	at java.lang.StringBuilder.append(StringBuilder.java:131) ~[na:1.8.0_131]
	at com.jpa.hibernate.demo.entity.Rating.toString(Rating.java:55) ~[classes/:na]
	at java.lang.String.valueOf(String.java:2994) ~[na:1.8.0_131]
	at java.lang.StringBuilder.append(StringBuilder.java:131) ~[na:1.8.0_131]
	at java.util.AbstractCollection.toString(AbstractCollection.java:462) ~[na:1.8.0_131]
	at org.hibernate.collection.internal.PersistentBag.toString(PersistentBag.java:510) ~[hibernate-core-5.0.12.Final.jar:5.0.12.Final]
	at java.lang.String.valueOf(String.java:2994) ~[na:1.8.0_131]
	at java.lang.StringBuilder.append(StringBuilder.java:131) ~[na:1.8.0_131]
	at com.jpa.hibernate.demo.entity.Course.toString(Course.java:105) ~[classes/:na]
	at java.lang.String.valueOf(String.java:2994) ~[na:1.8.0_131]
	at java.lang.StringBuilder.append(StringBuilder.java:131) ~[na:1.8.0_131]
	at com.jpa.hibernate.demo.entity.Rating.toString(Rating.java:55) ~[classes/:na]
	at java.lang.String.valueOf(String.java:2994) ~[na:1.8.0_131]
	at java.lang.StringBuilder.append(StringBuilder.java:131) ~[na:1.8.0_131]
	at java.util.AbstractCollection.toString(AbstractCollection.java:462) ~[na:1.8.0_131]
	at org.hibernate.collection.internal.PersistentBag.toString(PersistentBag.java:510) ~[hibernate-core-5.0.12.Final.jar:5.0.12.Final]
	at java.lang.String.valueOf(String.java:2994) ~[na:1.8.0_131]
	at java.lang.StringBuilder.append(StringBuilder.java:131) ~[na:1.8.0_131]
	at com.jpa.hibernate.demo.entity.Course.toString(Course.java:105) ~[classes/:na]
	at java.lang.String.valueOf(String.java:2994) ~[na:1.8.0_131]
	at java.lang.StringBuilder.append(StringBuilder.java:131) ~[na:1.8.0_131]
	at com.jpa.hibernate.demo.entity.Rating.toString(Rating.java:55) ~[classes/:na]
	at java.lang.String.valueOf(String.java:2994) ~[na:1.8.0_131]
	at java.lang.StringBuilder.append(StringBuilder.java:131) ~[na:1.8.0_131]
	at java.util.AbstractCollection.toString(AbstractCollection.java:462) ~[na:1.8.0_131]
	at org.hibernate.collection.internal.PersistentBag.toString(PersistentBag.java:510) ~[hibernate-core-5.0.12.Final.jar:5.0.12.Final]
	at java.lang.String.valueOf(String.java:2994) ~[na:1.8.0_131]
	at java.lang.StringBuilder.append(StringBuilder.java:131) ~[na:1.8.0_131]
	at com.jpa.hibernate.demo.entity.Course.toString(Course.java:105) ~[classes/:na]
	at java.lang.String.valueOf(String.java:2994) ~[na:1.8.0_131]
	at java.lang.StringBuilder.append(StringBuilder.java:131) ~[na:1.8.0_131]
	at com.jpa.hibernate.demo.entity.Rating.toString(Rating.java:55) ~[classes/:na]
	at java.lang.String.valueOf(String.java:2994) ~[na:1.8.0_131]
	at java.lang.StringBuilder.append(StringBuilder.java:131) ~[na:1.8.0_131]
	at java.util.AbstractCollection.toString(AbstractCollection.java:462) ~[na:1.8.0_131]
	at org.hibernate.collection.internal.PersistentBag.toString(PersistentBag.java:510) ~[hibernate-core-5.0.12.Final.jar:5.0.12.Final]
	at java.lang.String.valueOf(String.java:2994) ~[na:1.8.0_131]
	at java.lang.StringBuilder.append(StringBuilder.java:131) ~[na:1.8.0_131]
	at com.jpa.hibernate.demo.entity.Course.toString(Course.java:105) ~[classes/:na]
	at java.lang.String.valueOf(String.java:2994) ~[na:1.8.0_131]
	at java.lang.StringBuilder.append(StringBuilder.java:131) ~[na:1.8.0_131]
	at com.jpa.hibernate.demo.entity.Rating.toString(Rating.java:55) ~[classes/:na]
	at java.lang.String.valueOf(String.java:2994) ~[na:1.8.0_131]
	at java.lang.StringBuilder.append(StringBuilder.java:131) ~[na:1.8.0_131]
	at java.util.AbstractCollection.toString(AbstractCollection.java:462) ~[na:1.8.0_131]
	at org.hibernate.collection.internal.PersistentBag.toString(PersistentBag.java:510) ~[hibernate-core-5.0.12.Final.jar:5.0.12.Final]
	at java.lang.String.valueOf(String.java:2994) ~[na:1.8.0_131]
	at java.lang.StringBuilder.append(StringBuilder.java:131) ~[na:1.8.0_131]
	at com.jpa.hibernate.demo.entity.Course.toString(Course.java:105) ~[classes/:na]
	at java.lang.String.valueOf(String.java:2994) ~[na:1.8.0_131]
	at java.lang.StringBuilder.append(StringBuilder.java:131) ~[na:1.8.0_131]
	at com.jpa.hibernate.demo.entity.Rating.toString(Rating.java:55) ~[classes/:na]
	at java.lang.String.valueOf(String.java:2994) ~[na:1.8.0_131]
	at java.lang.StringBuilder.append(StringBuilder.java:131) ~[na:1.8.0_131]
	at java.util.AbstractCollection.toString(AbstractCollection.java:462) ~[na:1.8.0_131]
	at org.hibernate.collection.internal.PersistentBag.toString(PersistentBag.java:510) ~[hibernate-core-5.0.12.Final.jar:5.0.12.Final]
	at java.lang.String.valueOf(String.java:2994) ~[na:1.8.0_131]
	at java.lang.StringBuilder.append(StringBuilder.java:131) ~[na:1.8.0_131]
	at com.jpa.hibernate.demo.entity.Course.toString(Course.java:105) ~[classes/:na]
	at java.lang.String.valueOf(String.java:2994) ~[na:1.8.0_131]
	at java.lang.StringBuilder.append(StringBuilder.java:131) ~[na:1.8.0_131]
	at com.jpa.hibernate.demo.entity.Rating.toString(Rating.java:55) ~[classes/:na]
	at java.lang.String.valueOf(String.java:2994) ~[na:1.8.0_131]
	at java.lang.StringBuilder.append(StringBuilder.java:131) ~[na:1.8.0_131]
	at java.util.AbstractCollection.toString(AbstractCollection.java:462) ~[na:1.8.0_131]
	at org.hibernate.collection.internal.PersistentBag.toString(PersistentBag.java:510) ~[hibernate-core-5.0.12.Final.jar:5.0.12.Final]
	at java.lang.String.valueOf(String.java:2994) ~[na:1.8.0_131]
	at java.lang.StringBuilder.append(StringBuilder.java:131) ~[na:1.8.0_131]
	at com.jpa.hibernate.demo.entity.Course.toString(Course.java:105) ~[classes/:na]
	at java.lang.String.valueOf(String.java:2994) ~[na:1.8.0_131]
	at java.lang.StringBuilder.append(StringBuilder.java:131) ~[na:1.8.0_131]
	at com.jpa.hibernate.demo.entity.Rating.toString(Rating.java:55) ~[classes/:na]
	at java.lang.String.valueOf(String.java:2994) ~[na:1.8.0_131]
	at java.lang.StringBuilder.append(StringBuilder.java:131) ~[na:1.8.0_131]
	at java.util.AbstractCollection.toString(AbstractCollection.java:462) ~[na:1.8.0_131]
	at org.hibernate.collection.internal.PersistentBag.toString(PersistentBag.java:510) ~[hibernate-core-5.0.12.Final.jar:5.0.12.Final]
	at java.lang.String.valueOf(String.java:2994) ~[na:1.8.0_131]
	at java.lang.StringBuilder.append(StringBuilder.java:131) ~[na:1.8.0_131]
	at com.jpa.hibernate.demo.entity.Course.toString(Course.java:105) ~[classes/:na]
	at java.lang.String.valueOf(String.java:2994) ~[na:1.8.0_131]
	at java.lang.StringBuilder.append(StringBuilder.java:131) ~[na:1.8.0_131]
	at com.jpa.hibernate.demo.entity.Rating.toString(Rating.java:55) ~[classes/:na]
	at java.lang.String.valueOf(String.java:2994) ~[na:1.8.0_131]
	at java.lang.StringBuilder.append(StringBuilder.java:131) ~[na:1.8.0_131]
	at java.util.AbstractCollection.toString(AbstractCollection.java:462) ~[na:1.8.0_131]
	at org.hibernate.collection.internal.PersistentBag.toString(PersistentBag.java:510) ~[hibernate-core-5.0.12.Final.jar:5.0.12.Final]
	at java.lang.String.valueOf(String.java:2994) ~[na:1.8.0_131]
	at java.lang.StringBuilder.append(StringBuilder.java:131) ~[na:1.8.0_131]
	at com.jpa.hibernate.demo.entity.Course.toString(Course.java:105) ~[classes/:na]
	at java.lang.String.valueOf(String.java:2994) ~[na:1.8.0_131]
	at java.lang.StringBuilder.append(StringBuilder.java:131) ~[na:1.8.0_131]
	at com.jpa.hibernate.demo.entity.Rating.toString(Rating.java:55) ~[classes/:na]
	at java.lang.String.valueOf(String.java:2994) ~[na:1.8.0_131]
	at java.lang.StringBuilder.append(StringBuilder.java:131) ~[na:1.8.0_131]
	at java.util.AbstractCollection.toString(AbstractCollection.java:462) ~[na:1.8.0_131]
	at org.hibernate.collection.internal.PersistentBag.toString(PersistentBag.java:510) ~[hibernate-core-5.0.12.Final.jar:5.0.12.Final]
	at java.lang.String.valueOf(String.java:2994) ~[na:1.8.0_131]
	at java.lang.StringBuilder.append(StringBuilder.java:131) ~[na:1.8.0_131]
	at com.jpa.hibernate.demo.entity.Course.toString(Course.java:105) ~[classes/:na]
	at java.lang.String.valueOf(String.java:2994) ~[na:1.8.0_131]
	at java.lang.StringBuilder.append(StringBuilder.java:131) ~[na:1.8.0_131]
	at com.jpa.hibernate.demo.entity.Rating.toString(Rating.java:55) ~[classes/:na]
	at java.lang.String.valueOf(String.java:2994) ~[na:1.8.0_131]
	at java.lang.StringBuilder.append(StringBuilder.java:131) ~[na:1.8.0_131]
	at java.util.AbstractCollection.toString(AbstractCollection.java:462) ~[na:1.8.0_131]
	at org.hibernate.collection.internal.PersistentBag.toString(PersistentBag.java:510) ~[hibernate-core-5.0.12.Final.jar:5.0.12.Final]
	at java.lang.String.valueOf(String.java:2994) ~[na:1.8.0_131]
	at java.lang.StringBuilder.append(StringBuilder.java:131) ~[na:1.8.0_131]
	at com.jpa.hibernate.demo.entity.Course.toString(Course.java:105) ~[classes/:na]
	at java.lang.String.valueOf(String.java:2994) ~[na:1.8.0_131]
	at java.lang.StringBuilder.append(StringBuilder.java:131) ~[na:1.8.0_131]
	at com.jpa.hibernate.demo.entity.Rating.toString(Rating.java:55) ~[classes/:na]
	at java.lang.String.valueOf(String.java:2994) ~[na:1.8.0_131]
	at java.lang.StringBuilder.append(StringBuilder.java:131) ~[na:1.8.0_131]
	at java.util.AbstractCollection.toString(AbstractCollection.java:462) ~[na:1.8.0_131]
	at org.hibernate.collection.internal.PersistentBag.toString(PersistentBag.java:510) ~[hibernate-core-5.0.12.Final.jar:5.0.12.Final]
	at java.lang.String.valueOf(String.java:2994) ~[na:1.8.0_131]
	at java.lang.StringBuilder.append(StringBuilder.java:131) ~[na:1.8.0_131]
	at com.jpa.hibernate.demo.entity.Course.toString(Course.java:105) ~[classes/:na]
	at java.lang.String.valueOf(String.java:2994) ~[na:1.8.0_131]
	at java.lang.StringBuilder.append(StringBuilder.java:131) ~[na:1.8.0_131]
	at com.jpa.hibernate.demo.entity.Rating.toString(Rating.java:55) ~[classes/:na]
	at java.lang.String.valueOf(String.java:2994) ~[na:1.8.0_131]
	at java.lang.StringBuilder.append(StringBuilder.java:131) ~[na:1.8.0_131]
	at java.util.AbstractCollection.toString(AbstractCollection.java:462) ~[na:1.8.0_131]
	at org.hibernate.collection.internal.PersistentBag.toString(PersistentBag.java:510) ~[hibernate-core-5.0.12.Final.jar:5.0.12.Final]
	at java.lang.String.valueOf(String.java:2994) ~[na:1.8.0_131]
	at java.lang.StringBuilder.append(StringBuilder.java:131) ~[na:1.8.0_131]
	at com.jpa.hibernate.demo.entity.Course.toString(Course.java:105) ~[classes/:na]
	at java.lang.String.valueOf(String.java:2994) ~[na:1.8.0_131]
	at java.lang.StringBuilder.append(StringBuilder.java:131) ~[na:1.8.0_131]
	at com.jpa.hibernate.demo.entity.Rating.toString(Rating.java:55) ~[classes/:na]
	at java.lang.String.valueOf(String.java:2994) ~[na:1.8.0_131]
	at java.lang.StringBuilder.append(StringBuilder.java:131) ~[na:1.8.0_131]
	at java.util.AbstractCollection.toString(AbstractCollection.java:462) ~[na:1.8.0_131]
	at org.hibernate.collection.internal.PersistentBag.toString(PersistentBag.java:510) ~[hibernate-core-5.0.12.Final.jar:5.0.12.Final]
	at java.lang.String.valueOf(String.java:2994) ~[na:1.8.0_131]
	at java.lang.StringBuilder.append(StringBuilder.java:131) ~[na:1.8.0_131]
	at com.jpa.hibernate.demo.entity.Course.toString(Course.java:105) ~[classes/:na]
	at java.lang.String.valueOf(String.java:2994) ~[na:1.8.0_131]
	at java.lang.StringBuilder.append(StringBuilder.java:131) ~[na:1.8.0_131]
	at com.jpa.hibernate.demo.entity.Rating.toString(Rating.java:55) ~[classes/:na]
	at java.lang.String.valueOf(String.java:2994) ~[na:1.8.0_131]
	at java.lang.StringBuilder.append(StringBuilder.java:131) ~[na:1.8.0_131]
	at java.util.AbstractCollection.toString(AbstractCollection.java:462) ~[na:1.8.0_131]
	at org.hibernate.collection.internal.PersistentBag.toString(PersistentBag.java:510) ~[hibernate-core-5.0.12.Final.jar:5.0.12.Final]
	at java.lang.String.valueOf(String.java:2994) ~[na:1.8.0_131]
	at java.lang.StringBuilder.append(StringBuilder.java:131) ~[na:1.8.0_131]
	at com.jpa.hibernate.demo.entity.Course.toString(Course.java:105) ~[classes/:na]
	at java.lang.String.valueOf(String.java:2994) ~[na:1.8.0_131]
	at java.lang.StringBuilder.append(StringBuilder.java:131) ~[na:1.8.0_131]
	at com.jpa.hibernate.demo.entity.Rating.toString(Rating.java:55) ~[classes/:na]
	at java.lang.String.valueOf(String.java:2994) ~[na:1.8.0_131]
	at java.lang.StringBuilder.append(StringBuilder.java:131) ~[na:1.8.0_131]
	at java.util.AbstractCollection.toString(AbstractCollection.java:462) ~[na:1.8.0_131]
	at org.hibernate.collection.internal.PersistentBag.toString(PersistentBag.java:510) ~[hibernate-core-5.0.12.Final.jar:5.0.12.Final]
	at java.lang.String.valueOf(String.java:2994) ~[na:1.8.0_131]
	at java.lang.StringBuilder.append(StringBuilder.java:131) ~[na:1.8.0_131]
	at com.jpa.hibernate.demo.entity.Course.toString(Course.java:105) ~[classes/:na]
	at java.lang.String.valueOf(String.java:2994) ~[na:1.8.0_131]
	at java.lang.StringBuilder.append(StringBuilder.java:131) ~[na:1.8.0_131]
	at com.jpa.hibernate.demo.entity.Rating.toString(Rating.java:55) ~[classes/:na]
	at java.lang.String.valueOf(String.java:2994) ~[na:1.8.0_131]
	at java.lang.StringBuilder.append(StringBuilder.java:131) ~[na:1.8.0_131]
	at java.util.AbstractCollection.toString(AbstractCollection.java:462) ~[na:1.8.0_131]
	at org.hibernate.collection.internal.PersistentBag.toString(PersistentBag.java:510) ~[hibernate-core-5.0.12.Final.jar:5.0.12.Final]
	at java.lang.String.valueOf(String.java:2994) ~[na:1.8.0_131]
	at java.lang.StringBuilder.append(StringBuilder.java:131) ~[na:1.8.0_131]
	at com.jpa.hibernate.demo.entity.Course.toString(Course.java:105) ~[classes/:na]
	at java.lang.String.valueOf(String.java:2994) ~[na:1.8.0_131]
	at java.lang.StringBuilder.append(StringBuilder.java:131) ~[na:1.8.0_131]
	at com.jpa.hibernate.demo.entity.Rating.toString(Rating.java:55) ~[classes/:na]
	at java.lang.String.valueOf(String.java:2994) ~[na:1.8.0_131]
	at java.lang.StringBuilder.append(StringBuilder.java:131) ~[na:1.8.0_131]
	at java.util.AbstractCollection.toString(AbstractCollection.java:462) ~[na:1.8.0_131]
	at org.hibernate.collection.internal.PersistentBag.toString(PersistentBag.java:510) ~[hibernate-core-5.0.12.Final.jar:5.0.12.Final]
	at java.lang.String.valueOf(String.java:2994) ~[na:1.8.0_131]
	at java.lang.StringBuilder.append(StringBuilder.java:131) ~[na:1.8.0_131]
	at com.jpa.hibernate.demo.entity.Course.toString(Course.java:105) ~[classes/:na]
	at java.lang.String.valueOf(String.java:2994) ~[na:1.8.0_131]
	at java.lang.StringBuilder.append(StringBuilder.java:131) ~[na:1.8.0_131]
	at com.jpa.hibernate.demo.entity.Rating.toString(Rating.java:55) ~[classes/:na]
	at java.lang.String.valueOf(String.java:2994) ~[na:1.8.0_131]
	at java.lang.StringBuilder.append(StringBuilder.java:131) ~[na:1.8.0_131]
	at java.util.AbstractCollection.toString(AbstractCollection.java:462) ~[na:1.8.0_131]
	at org.hibernate.collection.internal.PersistentBag.toString(PersistentBag.java:510) ~[hibernate-core-5.0.12.Final.jar:5.0.12.Final]
	at java.lang.String.valueOf(String.java:2994) ~[na:1.8.0_131]
	at java.lang.StringBuilder.append(StringBuilder.java:131) ~[na:1.8.0_131]
	at com.jpa.hibernate.demo.entity.Course.toString(Course.java:105) ~[classes/:na]
	at java.lang.String.valueOf(String.java:2994) ~[na:1.8.0_131]
	at java.lang.StringBuilder.append(StringBuilder.java:131) ~[na:1.8.0_131]
	at com.jpa.hibernate.demo.entity.Rating.toString(Rating.java:55) ~[classes/:na]
	at java.lang.String.valueOf(String.java:2994) ~[na:1.8.0_131]
	at java.lang.StringBuilder.append(StringBuilder.java:131) ~[na:1.8.0_131]
	at java.util.AbstractCollection.toString(AbstractCollection.java:462) ~[na:1.8.0_131]
	at org.hibernate.collection.internal.PersistentBag.toString(PersistentBag.java:510) ~[hibernate-core-5.0.12.Final.jar:5.0.12.Final]
	at java.lang.String.valueOf(String.java:2994) ~[na:1.8.0_131]
	at java.lang.StringBuilder.append(StringBuilder.java:131) ~[na:1.8.0_131]
	at com.jpa.hibernate.demo.entity.Course.toString(Course.java:105) ~[classes/:na]
	at java.lang.String.valueOf(String.java:2994) ~[na:1.8.0_131]
	at java.lang.StringBuilder.append(StringBuilder.java:131) ~[na:1.8.0_131]
	at com.jpa.hibernate.demo.entity.Rating.toString(Rating.java:55) ~[classes/:na]
	at java.lang.String.valueOf(String.java:2994) ~[na:1.8.0_131]
	at java.lang.StringBuilder.append(StringBuilder.java:131) ~[na:1.8.0_131]
	at java.util.AbstractCollection.toString(AbstractCollection.java:462) ~[na:1.8.0_131]
	at org.hibernate.collection.internal.PersistentBag.toString(PersistentBag.java:510) ~[hibernate-core-5.0.12.Final.jar:5.0.12.Final]
	at java.lang.String.valueOf(String.java:2994) ~[na:1.8.0_131]
	at java.lang.StringBuilder.append(StringBuilder.java:131) ~[na:1.8.0_131]
	at com.jpa.hibernate.demo.entity.Course.toString(Course.java:105) ~[classes/:na]
	at java.lang.String.valueOf(String.java:2994) ~[na:1.8.0_131]
	at java.lang.StringBuilder.append(StringBuilder.java:131) ~[na:1.8.0_131]
	at com.jpa.hibernate.demo.entity.Rating.toString(Rating.java:55) ~[classes/:na]
	at java.lang.String.valueOf(String.java:2994) ~[na:1.8.0_131]
	at java.lang.StringBuilder.append(StringBuilder.java:131) ~[na:1.8.0_131]
	at java.util.AbstractCollection.toString(AbstractCollection.java:462) ~[na:1.8.0_131]
	at org.hibernate.collection.internal.PersistentBag.toString(PersistentBag.java:510) ~[hibernate-core-5.0.12.Final.jar:5.0.12.Final]
	at java.lang.String.valueOf(String.java:2994) ~[na:1.8.0_131]
	at java.lang.StringBuilder.append(StringBuilder.java:131) ~[na:1.8.0_131]
	at com.jpa.hibernate.demo.entity.Course.toString(Course.java:105) ~[classes/:na]
	at java.lang.String.valueOf(String.java:2994) ~[na:1.8.0_131]
	at java.lang.StringBuilder.append(StringBuilder.java:131) ~[na:1.8.0_131]
	at com.jpa.hibernate.demo.entity.Rating.toString(Rating.java:55) ~[classes/:na]
	at java.lang.String.valueOf(String.java:2994) ~[na:1.8.0_131]
	at java.lang.StringBuilder.append(StringBuilder.java:131) ~[na:1.8.0_131]
	at java.util.AbstractCollection.toString(AbstractCollection.java:462) ~[na:1.8.0_131]
	at org.hibernate.collection.internal.PersistentBag.toString(PersistentBag.java:510) ~[hibernate-core-5.0.12.Final.jar:5.0.12.Final]
	at java.lang.String.valueOf(String.java:2994) ~[na:1.8.0_131]
	at java.lang.StringBuilder.append(StringBuilder.java:131) ~[na:1.8.0_131]
	at com.jpa.hibernate.demo.entity.Course.toString(Course.java:105) ~[classes/:na]
	at java.lang.String.valueOf(String.java:2994) ~[na:1.8.0_131]
	at java.lang.StringBuilder.append(StringBuilder.java:131) ~[na:1.8.0_131]
	at com.jpa.hibernate.demo.entity.Rating.toString(Rating.java:55) ~[classes/:na]
	at java.lang.String.valueOf(String.java:2994) ~[na:1.8.0_131]
	at java.lang.StringBuilder.append(StringBuilder.java:131) ~[na:1.8.0_131]
	at java.util.AbstractCollection.toString(AbstractCollection.java:462) ~[na:1.8.0_131]
	at org.hibernate.collection.internal.PersistentBag.toString(PersistentBag.java:510) ~[hibernate-core-5.0.12.Final.jar:5.0.12.Final]
	at java.lang.String.valueOf(String.java:2994) ~[na:1.8.0_131]
	at java.lang.StringBuilder.append(StringBuilder.java:131) ~[na:1.8.0_131]
	at com.jpa.hibernate.demo.entity.Course.toString(Course.java:105) ~[classes/:na]
	at java.lang.String.valueOf(String.java:2994) ~[na:1.8.0_131]
	at java.lang.StringBuilder.append(StringBuilder.java:131) ~[na:1.8.0_131]
	at com.jpa.hibernate.demo.entity.Rating.toString(Rating.java:55) ~[classes/:na]
	at java.lang.String.valueOf(String.java:2994) ~[na:1.8.0_131]
	at java.lang.StringBuilder.append(StringBuilder.java:131) ~[na:1.8.0_131]
	at java.util.AbstractCollection.toString(AbstractCollection.java:462) ~[na:1.8.0_131]
	at org.hibernate.collection.internal.PersistentBag.toString(PersistentBag.java:510) ~[hibernate-core-5.0.12.Final.jar:5.0.12.Final]
	at java.lang.String.valueOf(String.java:2994) ~[na:1.8.0_131]
	at java.lang.StringBuilder.append(StringBuilder.java:131) ~[na:1.8.0_131]
	at com.jpa.hibernate.demo.entity.Course.toString(Course.java:105) ~[classes/:na]
	at java.lang.String.valueOf(String.java:2994) ~[na:1.8.0_131]
	at java.lang.StringBuilder.append(StringBuilder.java:131) ~[na:1.8.0_131]
	at com.jpa.hibernate.demo.entity.Rating.toString(Rating.java:55) ~[classes/:na]
	at java.lang.String.valueOf(String.java:2994) ~[na:1.8.0_131]
	at java.lang.StringBuilder.append(StringBuilder.java:131) ~[na:1.8.0_131]
	at java.util.AbstractCollection.toString(AbstractCollection.java:462) ~[na:1.8.0_131]
	at org.hibernate.collection.internal.PersistentBag.toString(PersistentBag.java:510) ~[hibernate-core-5.0.12.Final.jar:5.0.12.Final]
	at java.lang.String.valueOf(String.java:2994) ~[na:1.8.0_131]
	at java.lang.StringBuilder.append(StringBuilder.java:131) ~[na:1.8.0_131]
	at com.jpa.hibernate.demo.entity.Course.toString(Course.java:105) ~[classes/:na]
	at java.lang.String.valueOf(String.java:2994) ~[na:1.8.0_131]
	at java.lang.StringBuilder.append(StringBuilder.java:131) ~[na:1.8.0_131]
	at com.jpa.hibernate.demo.entity.Rating.toString(Rating.java:55) ~[classes/:na]
	at java.lang.String.valueOf(String.java:2994) ~[na:1.8.0_131]
	at java.lang.StringBuilder.append(StringBuilder.java:131) ~[na:1.8.0_131]
	at java.util.AbstractCollection.toString(AbstractCollection.java:462) ~[na:1.8.0_131]
	at org.hibernate.collection.internal.PersistentBag.toString(PersistentBag.java:510) ~[hibernate-core-5.0.12.Final.jar:5.0.12.Final]
	at java.lang.String.valueOf(String.java:2994) ~[na:1.8.0_131]
	at java.lang.StringBuilder.append(StringBuilder.java:131) ~[na:1.8.0_131]
	at com.jpa.hibernate.demo.entity.Course.toString(Course.java:105) ~[classes/:na]
	at java.lang.String.valueOf(String.java:2994) ~[na:1.8.0_131]
	at java.lang.StringBuilder.append(StringBuilder.java:131) ~[na:1.8.0_131]
	at com.jpa.hibernate.demo.entity.Rating.toString(Rating.java:55) ~[classes/:na]
	at java.lang.String.valueOf(String.java:2994) ~[na:1.8.0_131]
	at java.lang.StringBuilder.append(StringBuilder.java:131) ~[na:1.8.0_131]
	at java.util.AbstractCollection.toString(AbstractCollection.java:462) ~[na:1.8.0_131]
	at org.hibernate.collection.internal.PersistentBag.toString(PersistentBag.java:510) ~[hibernate-core-5.0.12.Final.jar:5.0.12.Final]
	at java.lang.String.valueOf(String.java:2994) ~[na:1.8.0_131]
	at java.lang.StringBuilder.append(StringBuilder.java:131) ~[na:1.8.0_131]
	at com.jpa.hibernate.demo.entity.Course.toString(Course.java:105) ~[classes/:na]
	at java.lang.String.valueOf(String.java:2994) ~[na:1.8.0_131]
	at java.lang.StringBuilder.append(StringBuilder.java:131) ~[na:1.8.0_131]
	at com.jpa.hibernate.demo.entity.Rating.toString(Rating.java:55) ~[classes/:na]
	at java.lang.String.valueOf(String.java:2994) ~[na:1.8.0_131]
	at java.lang.StringBuilder.append(StringBuilder.java:131) ~[na:1.8.0_131]
	at java.util.AbstractCollection.toString(AbstractCollection.java:462) ~[na:1.8.0_131]
	at org.hibernate.collection.internal.PersistentBag.toString(PersistentBag.java:510) ~[hibernate-core-5.0.12.Final.jar:5.0.12.Final]
	at java.lang.String.valueOf(String.java:2994) ~[na:1.8.0_131]
	at java.lang.StringBuilder.append(StringBuilder.java:131) ~[na:1.8.0_131]
	at com.jpa.hibernate.demo.entity.Course.toString(Course.java:105) ~[classes/:na]
	at java.lang.String.valueOf(String.java:2994) ~[na:1.8.0_131]
	at java.lang.StringBuilder.append(StringBuilder.java:131) ~[na:1.8.0_131]
	at com.jpa.hibernate.demo.entity.Rating.toString(Rating.java:55) ~[classes/:na]
	at java.lang.String.valueOf(String.java:2994) ~[na:1.8.0_131]
	at java.lang.StringBuilder.append(StringBuilder.java:131) ~[na:1.8.0_131]
	at java.util.AbstractCollection.toString(AbstractCollection.java:462) ~[na:1.8.0_131]
	at org.hibernate.collection.internal.PersistentBag.toString(PersistentBag.java:510) ~[hibernate-core-5.0.12.Final.jar:5.0.12.Final]
	at java.lang.String.valueOf(String.java:2994) ~[na:1.8.0_131]
	at java.lang.StringBuilder.append(StringBuilder.java:131) ~[na:1.8.0_131]
	at com.jpa.hibernate.demo.entity.Course.toString(Course.java:105) ~[classes/:na]
	at java.lang.String.valueOf(String.java:2994) ~[na:1.8.0_131]
	at java.lang.StringBuilder.append(StringBuilder.java:131) ~[na:1.8.0_131]
	at com.jpa.hibernate.demo.entity.Rating.toString(Rating.java:55) ~[classes/:na]
	at java.lang.String.valueOf(String.java:2994) ~[na:1.8.0_131]
	at java.lang.StringBuilder.append(StringBuilder.java:131) ~[na:1.8.0_131]
	at java.util.AbstractCollection.toString(AbstractCollection.java:462) ~[na:1.8.0_131]
	at org.hibernate.collection.internal.PersistentBag.toString(PersistentBag.java:510) ~[hibernate-core-5.0.12.Final.jar:5.0.12.Final]
	at java.lang.String.valueOf(String.java:2994) ~[na:1.8.0_131]
	at java.lang.StringBuilder.append(StringBuilder.java:131) ~[na:1.8.0_131]
	at com.jpa.hibernate.demo.entity.Course.toString(Course.java:105) ~[classes/:na]
	at java.lang.String.valueOf(String.java:2994) ~[na:1.8.0_131]
	at java.lang.StringBuilder.append(StringBuilder.java:131) ~[na:1.8.0_131]
	at com.jpa.hibernate.demo.entity.Rating.toString(Rating.java:55) ~[classes/:na]
	at java.lang.String.valueOf(String.java:2994) ~[na:1.8.0_131]
	at java.lang.StringBuilder.append(StringBuilder.java:131) ~[na:1.8.0_131]
	at java.util.AbstractCollection.toString(AbstractCollection.java:462) ~[na:1.8.0_131]
	at org.hibernate.collection.internal.PersistentBag.toString(PersistentBag.java:510) ~[hibernate-core-5.0.12.Final.jar:5.0.12.Final]
	at java.lang.String.valueOf(String.java:2994) ~[na:1.8.0_131]
	at java.lang.StringBuilder.append(StringBuilder.java:131) ~[na:1.8.0_131]
	at com.jpa.hibernate.demo.entity.Course.toString(Course.java:105) ~[classes/:na]
	at java.lang.String.valueOf(String.java:2994) ~[na:1.8.0_131]
	at java.lang.StringBuilder.append(StringBuilder.java:131) ~[na:1.8.0_131]
	at com.jpa.hibernate.demo.entity.Rating.toString(Rating.java:55) ~[classes/:na]
	at java.lang.String.valueOf(String.java:2994) ~[na:1.8.0_131]
	at java.lang.StringBuilder.append(StringBuilder.java:131) ~[na:1.8.0_131]
	at java.util.AbstractCollection.toString(AbstractCollection.java:462) ~[na:1.8.0_131]
	at org.hibernate.collection.internal.PersistentBag.toString(PersistentBag.java:510) ~[hibernate-core-5.0.12.Final.jar:5.0.12.Final]
	at java.lang.String.valueOf(String.java:2994) ~[na:1.8.0_131]
	at java.lang.StringBuilder.append(StringBuilder.java:131) ~[na:1.8.0_131]
	at com.jpa.hibernate.demo.entity.Course.toString(Course.java:105) ~[classes/:na]
	at java.lang.String.valueOf(String.java:2994) ~[na:1.8.0_131]
	at java.lang.StringBuilder.append(StringBuilder.java:131) ~[na:1.8.0_131]
	at com.jpa.hibernate.demo.entity.Rating.toString(Rating.java:55) ~[classes/:na]
	at java.lang.String.valueOf(String.java:2994) ~[na:1.8.0_131]
	at java.lang.StringBuilder.append(StringBuilder.java:131) ~[na:1.8.0_131]
	at java.util.AbstractCollection.toString(AbstractCollection.java:462) ~[na:1.8.0_131]
	at org.hibernate.collection.internal.PersistentBag.toString(PersistentBag.java:510) ~[hibernate-core-5.0.12.Final.jar:5.0.12.Final]
	at java.lang.String.valueOf(String.java:2994) ~[na:1.8.0_131]
	at java.lang.StringBuilder.append(StringBuilder.java:131) ~[na:1.8.0_131]
	at com.jpa.hibernate.demo.entity.Course.toString(Course.java:105) ~[classes/:na]
	at java.lang.String.valueOf(String.java:2994) ~[na:1.8.0_131]
	at java.lang.StringBuilder.append(StringBuilder.java:131) ~[na:1.8.0_131]
	at com.jpa.hibernate.demo.entity.Rating.toString(Rating.java:55) ~[classes/:na]
	at java.lang.String.valueOf(String.java:2994) ~[na:1.8.0_131]
	at java.lang.StringBuilder.append(StringBuilder.java:131) ~[na:1.8.0_131]
	at java.util.AbstractCollection.toString(AbstractCollection.java:462) ~[na:1.8.0_131]
	at org.hibernate.collection.internal.PersistentBag.toString(PersistentBag.java:510) ~[hibernate-core-5.0.12.Final.jar:5.0.12.Final]
	at java.lang.String.valueOf(String.java:2994) ~[na:1.8.0_131]
	at java.lang.StringBuilder.append(StringBuilder.java:131) ~[na:1.8.0_131]
	at com.jpa.hibernate.demo.entity.Course.toString(Course.java:105) ~[classes/:na]
	at java.lang.String.valueOf(String.java:2994) ~[na:1.8.0_131]
	at java.lang.StringBuilder.append(StringBuilder.java:131) ~[na:1.8.0_131]
	at com.jpa.hibernate.demo.entity.Rating.toString(Rating.java:55) ~[classes/:na]
	at java.lang.String.valueOf(String.java:2994) ~[na:1.8.0_131]
	at java.lang.StringBuilder.append(StringBuilder.java:131) ~[na:1.8.0_131]
	at java.util.AbstractCollection.toString(AbstractCollection.java:462) ~[na:1.8.0_131]
	at org.hibernate.collection.internal.PersistentBag.toString(PersistentBag.java:510) ~[hibernate-core-5.0.12.Final.jar:5.0.12.Final]
	at java.lang.String.valueOf(String.java:2994) ~[na:1.8.0_131]
	at java.lang.StringBuilder.append(StringBuilder.java:131) ~[na:1.8.0_131]
	at com.jpa.hibernate.demo.entity.Course.toString(Course.java:105) ~[classes/:na]
	at java.lang.String.valueOf(String.java:2994) ~[na:1.8.0_131]
	at java.lang.StringBuilder.append(StringBuilder.java:131) ~[na:1.8.0_131]
	at com.jpa.hibernate.demo.entity.Rating.toString(Rating.java:55) ~[classes/:na]
	at java.lang.String.valueOf(String.java:2994) ~[na:1.8.0_131]
	at java.lang.StringBuilder.append(StringBuilder.java:131) ~[na:1.8.0_131]
	at java.util.AbstractCollection.toString(AbstractCollection.java:462) ~[na:1.8.0_131]
	at org.hibernate.collection.internal.PersistentBag.toString(PersistentBag.java:510) ~[hibernate-core-5.0.12.Final.jar:5.0.12.Final]
	at java.lang.String.valueOf(String.java:2994) ~[na:1.8.0_131]
	at java.lang.StringBuilder.append(StringBuilder.java:131) ~[na:1.8.0_131]
	at com.jpa.hibernate.demo.entity.Course.toString(Course.java:105) ~[classes/:na]
	at java.lang.String.valueOf(String.java:2994) ~[na:1.8.0_131]
	at java.lang.StringBuilder.append(StringBuilder.java:131) ~[na:1.8.0_131]
	at com.jpa.hibernate.demo.entity.Rating.toString(Rating.java:55) ~[classes/:na]
	at java.lang.String.valueOf(String.java:2994) ~[na:1.8.0_131]
	at java.lang.StringBuilder.append(StringBuilder.java:131) ~[na:1.8.0_131]
	at java.util.AbstractCollection.toString(AbstractCollection.java:462) ~[na:1.8.0_131]
	at org.hibernate.collection.internal.PersistentBag.toString(PersistentBag.java:510) ~[hibernate-core-5.0.12.Final.jar:5.0.12.Final]
	at java.lang.String.valueOf(String.java:2994) ~[na:1.8.0_131]
	at java.lang.StringBuilder.append(StringBuilder.java:131) ~[na:1.8.0_131]
	at com.jpa.hibernate.demo.entity.Course.toString(Course.java:105) ~[classes/:na]
	at java.lang.String.valueOf(String.java:2994) ~[na:1.8.0_131]
	at java.lang.StringBuilder.append(StringBuilder.java:131) ~[na:1.8.0_131]
	at com.jpa.hibernate.demo.entity.Rating.toString(Rating.java:55) ~[classes/:na]
	at java.lang.String.valueOf(String.java:2994) ~[na:1.8.0_131]
	at java.lang.StringBuilder.append(StringBuilder.java:131) ~[na:1.8.0_131]
	at java.util.AbstractCollection.toString(AbstractCollection.java:462) ~[na:1.8.0_131]
	at org.hibernate.collection.internal.PersistentBag.toString(PersistentBag.java:510) ~[hibernate-core-5.0.12.Final.jar:5.0.12.Final]
	at java.lang.String.valueOf(String.java:2994) ~[na:1.8.0_131]
	at java.lang.StringBuilder.append(StringBuilder.java:131) ~[na:1.8.0_131]
	at com.jpa.hibernate.demo.entity.Course.toString(Course.java:105) ~[classes/:na]
	at java.lang.String.valueOf(String.java:2994) ~[na:1.8.0_131]
	at java.lang.StringBuilder.append(StringBuilder.java:131) ~[na:1.8.0_131]
	at com.jpa.hibernate.demo.entity.Rating.toString(Rating.java:55) ~[classes/:na]
	at java.lang.String.valueOf(String.java:2994) ~[na:1.8.0_131]
	at java.lang.StringBuilder.append(StringBuilder.java:131) ~[na:1.8.0_131]
	at java.util.AbstractCollection.toString(AbstractCollection.java:462) ~[na:1.8.0_131]
	at org.hibernate.collection.internal.PersistentBag.toString(PersistentBag.java:510) ~[hibernate-core-5.0.12.Final.jar:5.0.12.Final]
	at java.lang.String.valueOf(String.java:2994) ~[na:1.8.0_131]
	at java.lang.StringBuilder.append(StringBuilder.java:131) ~[na:1.8.0_131]
	at com.jpa.hibernate.demo.entity.Course.toString(Course.java:105) ~[classes/:na]
	at java.lang.String.valueOf(String.java:2994) ~[na:1.8.0_131]
	at java.lang.StringBuilder.append(StringBuilder.java:131) ~[na:1.8.0_131]
	at com.jpa.hibernate.demo.entity.Rating.toString(Rating.java:55) ~[classes/:na]
	at java.lang.String.valueOf(String.java:2994) ~[na:1.8.0_131]
	at java.lang.StringBuilder.append(StringBuilder.java:131) ~[na:1.8.0_131]
	at java.util.AbstractCollection.toString(AbstractCollection.java:462) ~[na:1.8.0_131]
	at org.hibernate.collection.internal.PersistentBag.toString(PersistentBag.java:510) ~[hibernate-core-5.0.12.Final.jar:5.0.12.Final]
	at java.lang.String.valueOf(String.java:2994) ~[na:1.8.0_131]
	at java.lang.StringBuilder.append(StringBuilder.java:131) ~[na:1.8.0_131]
	at com.jpa.hibernate.demo.entity.Course.toString(Course.java:105) ~[classes/:na]
	at java.lang.String.valueOf(String.java:2994) ~[na:1.8.0_131]
	at java.lang.StringBuilder.append(StringBuilder.java:131) ~[na:1.8.0_131]
	at com.jpa.hibernate.demo.entity.Rating.toString(Rating.java:55) ~[classes/:na]
	at java.lang.String.valueOf(String.java:2994) ~[na:1.8.0_131]
	at java.lang.StringBuilder.append(StringBuilder.java:131) ~[na:1.8.0_131]
	at java.util.AbstractCollection.toString(AbstractCollection.java:462) ~[na:1.8.0_131]
	at org.hibernate.collection.internal.PersistentBag.toString(PersistentBag.java:510) ~[hibernate-core-5.0.12.Final.jar:5.0.12.Final]
	at java.lang.String.valueOf(String.java:2994) ~[na:1.8.0_131]
	at java.lang.StringBuilder.append(StringBuilder.java:131) ~[na:1.8.0_131]
	at com.jpa.hibernate.demo.entity.Course.toString(Course.java:105) ~[classes/:na]
	at java.lang.String.valueOf(String.java:2994) ~[na:1.8.0_131]
	at java.lang.StringBuilder.append(StringBuilder.java:131) ~[na:1.8.0_131]
	at com.jpa.hibernate.demo.entity.Rating.toString(Rating.java:55) ~[classes/:na]
	at java.lang.String.valueOf(String.java:2994) ~[na:1.8.0_131]
	at java.lang.StringBuilder.append(StringBuilder.java:131) ~[na:1.8.0_131]
	at java.util.AbstractCollection.toString(AbstractCollection.java:462) ~[na:1.8.0_131]
	at org.hibernate.collection.internal.PersistentBag.toString(PersistentBag.java:510) ~[hibernate-core-5.0.12.Final.jar:5.0.12.Final]
	at java.lang.String.valueOf(String.java:2994) ~[na:1.8.0_131]
	at java.lang.StringBuilder.append(StringBuilder.java:131) ~[na:1.8.0_131]
	at com.jpa.hibernate.demo.entity.Course.toString(Course.java:105) ~[classes/:na]
	at java.lang.String.valueOf(String.java:2994) ~[na:1.8.0_131]
	at java.lang.StringBuilder.append(StringBuilder.java:131) ~[na:1.8.0_131]
	at com.jpa.hibernate.demo.entity.Rating.toString(Rating.java:55) ~[classes/:na]
	at java.lang.String.valueOf(String.java:2994) ~[na:1.8.0_131]
	at java.lang.StringBuilder.append(StringBuilder.java:131) ~[na:1.8.0_131]
	at java.util.AbstractCollection.toString(AbstractCollection.java:462) ~[na:1.8.0_131]
	at org.hibernate.collection.internal.PersistentBag.toString(PersistentBag.java:510) ~[hibernate-core-5.0.12.Final.jar:5.0.12.Final]
	at java.lang.String.valueOf(String.java:2994) ~[na:1.8.0_131]
	at java.lang.StringBuilder.append(StringBuilder.java:131) ~[na:1.8.0_131]
	at com.jpa.hibernate.demo.entity.Course.toString(Course.java:105) ~[classes/:na]
	at java.lang.String.valueOf(String.java:2994) ~[na:1.8.0_131]
	at java.lang.StringBuilder.append(StringBuilder.java:131) ~[na:1.8.0_131]
	at com.jpa.hibernate.demo.entity.Rating.toString(Rating.java:55) ~[classes/:na]
	at java.lang.String.valueOf(String.java:2994) ~[na:1.8.0_131]
	at java.lang.StringBuilder.append(StringBuilder.java:131) ~[na:1.8.0_131]
	at java.util.AbstractCollection.toString(AbstractCollection.java:462) ~[na:1.8.0_131]
	at org.hibernate.collection.internal.PersistentBag.toString(PersistentBag.java:510) ~[hibernate-core-5.0.12.Final.jar:5.0.12.Final]
	at java.lang.String.valueOf(String.java:2994) ~[na:1.8.0_131]
	at java.lang.StringBuilder.append(StringBuilder.java:131) ~[na:1.8.0_131]
	at com.jpa.hibernate.demo.entity.Course.toString(Course.java:105) ~[classes/:na]
	at java.lang.String.valueOf(String.java:2994) ~[na:1.8.0_131]
	at java.lang.StringBuilder.append(StringBuilder.java:131) ~[na:1.8.0_131]
	at com.jpa.hibernate.demo.entity.Rating.toString(Rating.java:55) ~[classes/:na]
	at java.lang.String.valueOf(String.java:2994) ~[na:1.8.0_131]
	at java.lang.StringBuilder.append(StringBuilder.java:131) ~[na:1.8.0_131]
	at java.util.AbstractCollection.toString(AbstractCollection.java:462) ~[na:1.8.0_131]
	at org.hibernate.collection.internal.PersistentBag.toString(PersistentBag.java:510) ~[hibernate-core-5.0.12.Final.jar:5.0.12.Final]
	at java.lang.String.valueOf(String.java:2994) ~[na:1.8.0_131]
	at java.lang.StringBuilder.append(StringBuilder.java:131) ~[na:1.8.0_131]
	at com.jpa.hibernate.demo.entity.Course.toString(Course.java:105) ~[classes/:na]
	at java.lang.String.valueOf(String.java:2994) ~[na:1.8.0_131]
	at java.lang.StringBuilder.append(StringBuilder.java:131) ~[na:1.8.0_131]
	at com.jpa.hibernate.demo.entity.Rating.toString(Rating.java:55) ~[classes/:na]
	at java.lang.String.valueOf(String.java:2994) ~[na:1.8.0_131]
	at java.lang.StringBuilder.append(StringBuilder.java:131) ~[na:1.8.0_131]
	at java.util.AbstractCollection.toString(AbstractCollection.java:462) ~[na:1.8.0_131]
	at org.hibernate.collection.internal.PersistentBag.toString(PersistentBag.java:510) ~[hibernate-core-5.0.12.Final.jar:5.0.12.Final]
	at java.lang.String.valueOf(String.java:2994) ~[na:1.8.0_131]
	at java.lang.StringBuilder.append(StringBuilder.java:131) ~[na:1.8.0_131]
	at com.jpa.hibernate.demo.entity.Course.toString(Course.java:105) ~[classes/:na]
	at java.lang.String.valueOf(String.java:2994) ~[na:1.8.0_131]
	at java.lang.StringBuilder.append(StringBuilder.java:131) ~[na:1.8.0_131]
	at com.jpa.hibernate.demo.entity.Rating.toString(Rating.java:55) ~[classes/:na]
	at java.lang.String.valueOf(String.java:2994) ~[na:1.8.0_131]
	at java.lang.StringBuilder.append(StringBuilder.java:131) ~[na:1.8.0_131]
	at java.util.AbstractCollection.toString(AbstractCollection.java:462) ~[na:1.8.0_131]
	at org.hibernate.collection.internal.PersistentBag.toString(PersistentBag.java:510) ~[hibernate-core-5.0.12.Final.jar:5.0.12.Final]
	at java.lang.String.valueOf(String.java:2994) ~[na:1.8.0_131]
	at java.lang.StringBuilder.append(StringBuilder.java:131) ~[na:1.8.0_131]
	at com.jpa.hibernate.demo.entity.Course.toString(Course.java:105) ~[classes/:na]
	at java.lang.String.valueOf(String.java:2994) ~[na:1.8.0_131]
	at java.lang.StringBuilder.append(StringBuilder.java:131) ~[na:1.8.0_131]
	at com.jpa.hibernate.demo.entity.Rating.toString(Rating.java:55) ~[classes/:na]
	at java.lang.String.valueOf(String.java:2994) ~[na:1.8.0_131]
	at java.lang.StringBuilder.append(StringBuilder.java:131) ~[na:1.8.0_131]
	at java.util.AbstractCollection.toString(AbstractCollection.java:462) ~[na:1.8.0_131]
	at org.hibernate.collection.internal.PersistentBag.toString(PersistentBag.java:510) ~[hibernate-core-5.0.12.Final.jar:5.0.12.Final]
	at java.lang.String.valueOf(String.java:2994) ~[na:1.8.0_131]
	at java.lang.StringBuilder.append(StringBuilder.java:131) ~[na:1.8.0_131]
	at com.jpa.hibernate.demo.entity.Course.toString(Course.java:105) ~[classes/:na]
	at java.lang.String.valueOf(String.java:2994) ~[na:1.8.0_131]
	at java.lang.StringBuilder.append(StringBuilder.java:131) ~[na:1.8.0_131]
	at com.jpa.hibernate.demo.entity.Rating.toString(Rating.java:55) ~[classes/:na]
	at java.lang.String.valueOf(String.java:2994) ~[na:1.8.0_131]
	at java.lang.StringBuilder.append(StringBuilder.java:131) ~[na:1.8.0_131]
	at java.util.AbstractCollection.toString(AbstractCollection.java:462) ~[na:1.8.0_131]
	at org.hibernate.collection.internal.PersistentBag.toString(PersistentBag.java:510) ~[hibernate-core-5.0.12.Final.jar:5.0.12.Final]
	at java.lang.String.valueOf(String.java:2994) ~[na:1.8.0_131]
	at java.lang.StringBuilder.append(StringBuilder.java:131) ~[na:1.8.0_131]
	at com.jpa.hibernate.demo.entity.Course.toString(Course.java:105) ~[classes/:na]
	at java.lang.String.valueOf(String.java:2994) ~[na:1.8.0_131]
	at java.lang.StringBuilder.append(StringBuilder.java:131) ~[na:1.8.0_131]
	at com.jpa.hibernate.demo.entity.Rating.toString(Rating.java:55) ~[classes/:na]
	at java.lang.String.valueOf(String.java:2994) ~[na:1.8.0_131]
	at java.lang.StringBuilder.append(StringBuilder.java:131) ~[na:1.8.0_131]
	at java.util.AbstractCollection.toString(AbstractCollection.java:462) ~[na:1.8.0_131]
	at org.hibernate.collection.internal.PersistentBag.toString(PersistentBag.java:510) ~[hibernate-core-5.0.12.Final.jar:5.0.12.Final]
	at java.lang.String.valueOf(String.java:2994) ~[na:1.8.0_131]
	at java.lang.StringBuilder.append(StringBuilder.java:131) ~[na:1.8.0_131]
	at com.jpa.hibernate.demo.entity.Course.toString(Course.java:105) ~[classes/:na]
	at java.lang.String.valueOf(String.java:2994) ~[na:1.8.0_131]
	at java.lang.StringBuilder.append(StringBuilder.java:131) ~[na:1.8.0_131]
	at com.jpa.hibernate.demo.entity.Rating.toString(Rating.java:55) ~[classes/:na]
	at java.lang.String.valueOf(String.java:2994) ~[na:1.8.0_131]
	at java.lang.StringBuilder.append(StringBuilder.java:131) ~[na:1.8.0_131]
	at java.util.AbstractCollection.toString(AbstractCollection.java:462) ~[na:1.8.0_131]
	at org.hibernate.collection.internal.PersistentBag.toString(PersistentBag.java:510) ~[hibernate-core-5.0.12.Final.jar:5.0.12.Final]
	at java.lang.String.valueOf(String.java:2994) ~[na:1.8.0_131]
	at java.lang.StringBuilder.append(StringBuilder.java:131) ~[na:1.8.0_131]
	at com.jpa.hibernate.demo.entity.Course.toString(Course.java:105) ~[classes/:na]
	at java.lang.String.valueOf(String.java:2994) ~[na:1.8.0_131]
	at java.lang.StringBuilder.append(StringBuilder.java:131) ~[na:1.8.0_131]
	at com.jpa.hibernate.demo.entity.Rating.toString(Rating.java:55) ~[classes/:na]
	at java.lang.String.valueOf(String.java:2994) ~[na:1.8.0_131]
	at java.lang.StringBuilder.append(StringBuilder.java:131) ~[na:1.8.0_131]
	at java.util.AbstractCollection.toString(AbstractCollection.java:462) ~[na:1.8.0_131]
	at org.hibernate.collection.internal.PersistentBag.toString(PersistentBag.java:510) ~[hibernate-core-5.0.12.Final.jar:5.0.12.Final]
	at java.lang.String.valueOf(String.java:2994) ~[na:1.8.0_131]
	at java.lang.StringBuilder.append(StringBuilder.java:131) ~[na:1.8.0_131]
	at com.jpa.hibernate.demo.entity.Course.toString(Course.java:105) ~[classes/:na]
	at java.lang.String.valueOf(String.java:2994) ~[na:1.8.0_131]
	at java.lang.StringBuilder.append(StringBuilder.java:131) ~[na:1.8.0_131]
	at com.jpa.hibernate.demo.entity.Rating.toString(Rating.java:55) ~[classes/:na]
	at java.lang.String.valueOf(String.java:2994) ~[na:1.8.0_131]
	at java.lang.StringBuilder.append(StringBuilder.java:131) ~[na:1.8.0_131]
	at java.util.AbstractCollection.toString(AbstractCollection.java:462) ~[na:1.8.0_131]
	at org.hibernate.collection.internal.PersistentBag.toString(PersistentBag.java:510) ~[hibernate-core-5.0.12.Final.jar:5.0.12.Final]
	at java.lang.String.valueOf(String.java:2994) ~[na:1.8.0_131]
	at java.lang.StringBuilder.append(StringBuilder.java:131) ~[na:1.8.0_131]
	at com.jpa.hibernate.demo.entity.Course.toString(Course.java:105) ~[classes/:na]
	at java.lang.String.valueOf(String.java:2994) ~[na:1.8.0_131]
	at java.lang.StringBuilder.append(StringBuilder.java:131) ~[na:1.8.0_131]
	at com.jpa.hibernate.demo.entity.Rating.toString(Rating.java:55) ~[classes/:na]
	at java.lang.String.valueOf(String.java:2994) ~[na:1.8.0_131]
	at java.lang.StringBuilder.append(StringBuilder.java:131) ~[na:1.8.0_131]
	at java.util.AbstractCollection.toString(AbstractCollection.java:462) ~[na:1.8.0_131]
	at org.hibernate.collection.internal.PersistentBag.toString(PersistentBag.java:510) ~[hibernate-core-5.0.12.Final.jar:5.0.12.Final]
	at java.lang.String.valueOf(String.java:2994) ~[na:1.8.0_131]
	at java.lang.StringBuilder.append(StringBuilder.java:131) ~[na:1.8.0_131]
	at com.jpa.hibernate.demo.entity.Course.toString(Course.java:105) ~[classes/:na]
	at java.lang.String.valueOf(String.java:2994) ~[na:1.8.0_131]
	at java.lang.StringBuilder.append(StringBuilder.java:131) ~[na:1.8.0_131]
	at com.jpa.hibernate.demo.entity.Rating.toString(Rating.java:55) ~[classes/:na]
	at java.lang.String.valueOf(String.java:2994) ~[na:1.8.0_131]
	at java.lang.StringBuilder.append(StringBuilder.java:131) ~[na:1.8.0_131]
	at java.util.AbstractCollection.toString(AbstractCollection.java:462) ~[na:1.8.0_131]
	at org.hibernate.collection.internal.PersistentBag.toString(PersistentBag.java:510) ~[hibernate-core-5.0.12.Final.jar:5.0.12.Final]
	at java.lang.String.valueOf(String.java:2994) ~[na:1.8.0_131]
	at java.lang.StringBuilder.append(StringBuilder.java:131) ~[na:1.8.0_131]
	at com.jpa.hibernate.demo.entity.Course.toString(Course.java:105) ~[classes/:na]
	at java.lang.String.valueOf(String.java:2994) ~[na:1.8.0_131]
	at java.lang.StringBuilder.append(StringBuilder.java:131) ~[na:1.8.0_131]
	at com.jpa.hibernate.demo.entity.Rating.toString(Rating.java:55) ~[classes/:na]
	at java.lang.String.valueOf(String.java:2994) ~[na:1.8.0_131]
	at java.lang.StringBuilder.append(StringBuilder.java:131) ~[na:1.8.0_131]
	at java.util.AbstractCollection.toString(AbstractCollection.java:462) ~[na:1.8.0_131]
	at org.hibernate.collection.internal.PersistentBag.toString(PersistentBag.java:510) ~[hibernate-core-5.0.12.Final.jar:5.0.12.Final]
	at java.lang.String.valueOf(String.java:2994) ~[na:1.8.0_131]
	at java.lang.StringBuilder.append(StringBuilder.java:131) ~[na:1.8.0_131]
	at com.jpa.hibernate.demo.entity.Course.toString(Course.java:105) ~[classes/:na]
	at java.lang.String.valueOf(String.java:2994) ~[na:1.8.0_131]
	at java.lang.StringBuilder.append(StringBuilder.java:131) ~[na:1.8.0_131]
	at com.jpa.hibernate.demo.entity.Rating.toString(Rating.java:55) ~[classes/:na]
	at java.lang.String.valueOf(String.java:2994) ~[na:1.8.0_131]
	at java.lang.StringBuilder.append(StringBuilder.java:131) ~[na:1.8.0_131]
	at java.util.AbstractCollection.toString(AbstractCollection.java:462) ~[na:1.8.0_131]
	at org.hibernate.collection.internal.PersistentBag.toString(PersistentBag.java:510) ~[hibernate-core-5.0.12.Final.jar:5.0.12.Final]
	at java.lang.String.valueOf(String.java:2994) ~[na:1.8.0_131]
	at java.lang.StringBuilder.append(StringBuilder.java:131) ~[na:1.8.0_131]
	at com.jpa.hibernate.demo.entity.Course.toString(Course.java:105) ~[classes/:na]
	at java.lang.String.valueOf(String.java:2994) ~[na:1.8.0_131]
	at java.lang.StringBuilder.append(StringBuilder.java:131) ~[na:1.8.0_131]
	at com.jpa.hibernate.demo.entity.Rating.toString(Rating.java:55) ~[classes/:na]
	at java.lang.String.valueOf(String.java:2994) ~[na:1.8.0_131]
	at java.lang.StringBuilder.append(StringBuilder.java:131) ~[na:1.8.0_131]
	at java.util.AbstractCollection.toString(AbstractCollection.java:462) ~[na:1.8.0_131]
	at org.hibernate.collection.internal.PersistentBag.toString(PersistentBag.java:510) ~[hibernate-core-5.0.12.Final.jar:5.0.12.Final]
	at java.lang.String.valueOf(String.java:2994) ~[na:1.8.0_131]
	at java.lang.StringBuilder.append(StringBuilder.java:131) ~[na:1.8.0_131]
	at com.jpa.hibernate.demo.entity.Course.toString(Course.java:105) ~[classes/:na]
	at java.lang.String.valueOf(String.java:2994) ~[na:1.8.0_131]
	at java.lang.StringBuilder.append(StringBuilder.java:131) ~[na:1.8.0_131]
	at com.jpa.hibernate.demo.entity.Rating.toString(Rating.java:55) ~[classes/:na]
	at java.lang.String.valueOf(String.java:2994) ~[na:1.8.0_131]
	at java.lang.StringBuilder.append(StringBuilder.java:131) ~[na:1.8.0_131]
	at java.util.AbstractCollection.toString(AbstractCollection.java:462) ~[na:1.8.0_131]
	at org.hibernate.collection.internal.PersistentBag.toString(PersistentBag.java:510) ~[hibernate-core-5.0.12.Final.jar:5.0.12.Final]
	at java.lang.String.valueOf(String.java:2994) ~[na:1.8.0_131]
	at java.lang.StringBuilder.append(StringBuilder.java:131) ~[na:1.8.0_131]
	at com.jpa.hibernate.demo.entity.Course.toString(Course.java:105) ~[classes/:na]
	at java.lang.String.valueOf(String.java:2994) ~[na:1.8.0_131]
	at java.lang.StringBuilder.append(StringBuilder.java:131) ~[na:1.8.0_131]
	at com.jpa.hibernate.demo.entity.Rating.toString(Rating.java:55) ~[classes/:na]
	at java.lang.String.valueOf(String.java:2994) ~[na:1.8.0_131]
	at java.lang.StringBuilder.append(StringBuilder.java:131) ~[na:1.8.0_131]
	at java.util.AbstractCollection.toString(AbstractCollection.java:462) ~[na:1.8.0_131]
	at org.hibernate.collection.internal.PersistentBag.toString(PersistentBag.java:510) ~[hibernate-core-5.0.12.Final.jar:5.0.12.Final]
	at java.lang.String.valueOf(String.java:2994) ~[na:1.8.0_131]
	at java.lang.StringBuilder.append(StringBuilder.java:131) ~[na:1.8.0_131]
	at com.jpa.hibernate.demo.entity.Course.toString(Course.java:105) ~[classes/:na]
	at java.lang.String.valueOf(String.java:2994) ~[na:1.8.0_131]
	at java.lang.StringBuilder.append(StringBuilder.java:131) ~[na:1.8.0_131]
	at com.jpa.hibernate.demo.entity.Rating.toString(Rating.java:55) ~[classes/:na]
	at java.lang.String.valueOf(String.java:2994) ~[na:1.8.0_131]
	at java.lang.StringBuilder.append(StringBuilder.java:131) ~[na:1.8.0_131]
	at java.util.AbstractCollection.toString(AbstractCollection.java:462) ~[na:1.8.0_131]
	at org.hibernate.collection.internal.PersistentBag.toString(PersistentBag.java:510) ~[hibernate-core-5.0.12.Final.jar:5.0.12.Final]
	at java.lang.String.valueOf(String.java:2994) ~[na:1.8.0_131]
	at java.lang.StringBuilder.append(StringBuilder.java:131) ~[na:1.8.0_131]
	at com.jpa.hibernate.demo.entity.Course.toString(Course.java:105) ~[classes/:na]
	at java.lang.String.valueOf(String.java:2994) ~[na:1.8.0_131]
	at java.lang.StringBuilder.append(StringBuilder.java:131) ~[na:1.8.0_131]
	at com.jpa.hibernate.demo.entity.Rating.toString(Rating.java:55) ~[classes/:na]
	at java.lang.String.valueOf(String.java:2994) ~[na:1.8.0_131]
	at java.lang.StringBuilder.append(StringBuilder.java:131) ~[na:1.8.0_131]
	at java.util.AbstractCollection.toString(AbstractCollection.java:462) ~[na:1.8.0_131]
	at org.hibernate.collection.internal.PersistentBag.toString(PersistentBag.java:510) ~[hibernate-core-5.0.12.Final.jar:5.0.12.Final]
	at java.lang.String.valueOf(String.java:2994) ~[na:1.8.0_131]
	at java.lang.StringBuilder.append(StringBuilder.java:131) ~[na:1.8.0_131]
	at com.jpa.hibernate.demo.entity.Course.toString(Course.java:105) ~[classes/:na]
	at java.lang.String.valueOf(String.java:2994) ~[na:1.8.0_131]
	at java.lang.StringBuilder.append(StringBuilder.java:131) ~[na:1.8.0_131]
	at com.jpa.hibernate.demo.entity.Rating.toString(Rating.java:55) ~[classes/:na]
	at java.lang.String.valueOf(String.java:2994) ~[na:1.8.0_131]
	at java.lang.StringBuilder.append(StringBuilder.java:131) ~[na:1.8.0_131]
	at java.util.AbstractCollection.toString(AbstractCollection.java:462) ~[na:1.8.0_131]
	at org.hibernate.collection.internal.PersistentBag.toString(PersistentBag.java:510) ~[hibernate-core-5.0.12.Final.jar:5.0.12.Final]
	at java.lang.String.valueOf(String.java:2994) ~[na:1.8.0_131]
	at java.lang.StringBuilder.append(StringBuilder.java:131) ~[na:1.8.0_131]
	at com.jpa.hibernate.demo.entity.Course.toString(Course.java:105) ~[classes/:na]
	at java.lang.String.valueOf(String.java:2994) ~[na:1.8.0_131]
	at java.lang.StringBuilder.append(StringBuilder.java:131) ~[na:1.8.0_131]
	at com.jpa.hibernate.demo.entity.Rating.toString(Rating.java:55) ~[classes/:na]
	at java.lang.String.valueOf(String.java:2994) ~[na:1.8.0_131]
	at java.lang.StringBuilder.append(StringBuilder.java:131) ~[na:1.8.0_131]
	at java.util.AbstractCollection.toString(AbstractCollection.java:462) ~[na:1.8.0_131]
	at org.hibernate.collection.internal.PersistentBag.toString(PersistentBag.java:510) ~[hibernate-core-5.0.12.Final.jar:5.0.12.Final]
	at java.lang.String.valueOf(String.java:2994) ~[na:1.8.0_131]
	at java.lang.StringBuilder.append(StringBuilder.java:131) ~[na:1.8.0_131]
	at com.jpa.hibernate.demo.entity.Course.toString(Course.java:105) ~[classes/:na]
	at java.lang.String.valueOf(String.java:2994) ~[na:1.8.0_131]
	at java.lang.StringBuilder.append(StringBuilder.java:131) ~[na:1.8.0_131]
	at com.jpa.hibernate.demo.entity.Rating.toString(Rating.java:55) ~[classes/:na]
	at java.lang.String.valueOf(String.java:2994) ~[na:1.8.0_131]
	at java.lang.StringBuilder.append(StringBuilder.java:131) ~[na:1.8.0_131]
	at java.util.AbstractCollection.toString(AbstractCollection.java:462) ~[na:1.8.0_131]
	at org.hibernate.collection.internal.PersistentBag.toString(PersistentBag.java:510) ~[hibernate-core-5.0.12.Final.jar:5.0.12.Final]
	at java.lang.String.valueOf(String.java:2994) ~[na:1.8.0_131]
	at java.lang.StringBuilder.append(StringBuilder.java:131) ~[na:1.8.0_131]
	at com.jpa.hibernate.demo.entity.Course.toString(Course.java:105) ~[classes/:na]
	at java.lang.String.valueOf(String.java:2994) ~[na:1.8.0_131]
	at java.lang.StringBuilder.append(StringBuilder.java:131) ~[na:1.8.0_131]
	at com.jpa.hibernate.demo.entity.Rating.toString(Rating.java:55) ~[classes/:na]
	at java.lang.String.valueOf(String.java:2994) ~[na:1.8.0_131]
	at java.lang.StringBuilder.append(StringBuilder.java:131) ~[na:1.8.0_131]
	at java.util.AbstractCollection.toString(AbstractCollection.java:462) ~[na:1.8.0_131]
	at org.hibernate.collection.internal.PersistentBag.toString(PersistentBag.java:510) ~[hibernate-core-5.0.12.Final.jar:5.0.12.Final]
	at java.lang.String.valueOf(String.java:2994) ~[na:1.8.0_131]
	at java.lang.StringBuilder.append(StringBuilder.java:131) ~[na:1.8.0_131]
	at com.jpa.hibernate.demo.entity.Course.toString(Course.java:105) ~[classes/:na]
	at java.lang.String.valueOf(String.java:2994) ~[na:1.8.0_131]
	at java.lang.StringBuilder.append(StringBuilder.java:131) ~[na:1.8.0_131]
	at com.jpa.hibernate.demo.entity.Rating.toString(Rating.java:55) ~[classes/:na]
	at java.lang.String.valueOf(String.java:2994) ~[na:1.8.0_131]
	at java.lang.StringBuilder.append(StringBuilder.java:131) ~[na:1.8.0_131]
	at java.util.AbstractCollection.toString(AbstractCollection.java:462) ~[na:1.8.0_131]
	at org.hibernate.collection.internal.PersistentBag.toString(PersistentBag.java:510) ~[hibernate-core-5.0.12.Final.jar:5.0.12.Final]
	at java.lang.String.valueOf(String.java:2994) ~[na:1.8.0_131]
	at java.lang.StringBuilder.append(StringBuilder.java:131) ~[na:1.8.0_131]
	at com.jpa.hibernate.demo.entity.Course.toString(Course.java:105) ~[classes/:na]
	at java.lang.String.valueOf(String.java:2994) ~[na:1.8.0_131]
	at java.lang.StringBuilder.append(StringBuilder.java:131) ~[na:1.8.0_131]
	at com.jpa.hibernate.demo.entity.Rating.toString(Rating.java:55) ~[classes/:na]
	at java.lang.String.valueOf(String.java:2994) ~[na:1.8.0_131]
	at java.lang.StringBuilder.append(StringBuilder.java:131) ~[na:1.8.0_131]
	at java.util.AbstractCollection.toString(AbstractCollection.java:462) ~[na:1.8.0_131]
	at org.hibernate.collection.internal.PersistentBag.toString(PersistentBag.java:510) ~[hibernate-core-5.0.12.Final.jar:5.0.12.Final]
	at java.lang.String.valueOf(String.java:2994) ~[na:1.8.0_131]
	at java.lang.StringBuilder.append(StringBuilder.java:131) ~[na:1.8.0_131]
	at com.jpa.hibernate.demo.entity.Course.toString(Course.java:105) ~[classes/:na]
	at java.lang.String.valueOf(String.java:2994) ~[na:1.8.0_131]
	at java.lang.StringBuilder.append(StringBuilder.java:131) ~[na:1.8.0_131]
	at com.jpa.hibernate.demo.entity.Rating.toString(Rating.java:55) ~[classes/:na]
	at java.lang.String.valueOf(String.java:2994) ~[na:1.8.0_131]
	at java.lang.StringBuilder.append(StringBuilder.java:131) ~[na:1.8.0_131]
	at java.util.AbstractCollection.toString(AbstractCollection.java:462) ~[na:1.8.0_131]
	at org.hibernate.collection.internal.PersistentBag.toString(PersistentBag.java:510) ~[hibernate-core-5.0.12.Final.jar:5.0.12.Final]
	at java.lang.String.valueOf(String.java:2994) ~[na:1.8.0_131]
	at java.lang.StringBuilder.append(StringBuilder.java:131) ~[na:1.8.0_131]
	at com.jpa.hibernate.demo.entity.Course.toString(Course.java:105) ~[classes/:na]
	at java.lang.String.valueOf(String.java:2994) ~[na:1.8.0_131]
	at java.lang.StringBuilder.append(StringBuilder.java:131) ~[na:1.8.0_131]
	at com.jpa.hibernate.demo.entity.Rating.toString(Rating.java:55) ~[classes/:na]
	at java.lang.String.valueOf(String.java:2994) ~[na:1.8.0_131]
	at java.lang.StringBuilder.append(StringBuilder.java:131) ~[na:1.8.0_131]
	at java.util.AbstractCollection.toString(AbstractCollection.java:462) ~[na:1.8.0_131]
	at org.hibernate.collection.internal.PersistentBag.toString(PersistentBag.java:510) ~[hibernate-core-5.0.12.Final.jar:5.0.12.Final]
	at java.lang.String.valueOf(String.java:2994) ~[na:1.8.0_131]
	at java.lang.StringBuilder.append(StringBuilder.java:131) ~[na:1.8.0_131]
	at com.jpa.hibernate.demo.entity.Course.toString(Course.java:105) ~[classes/:na]
	at java.lang.String.valueOf(String.java:2994) ~[na:1.8.0_131]
	at java.lang.StringBuilder.append(StringBuilder.java:131) ~[na:1.8.0_131]
	at com.jpa.hibernate.demo.entity.Rating.toString(Rating.java:55) ~[classes/:na]
	at java.lang.String.valueOf(String.java:2994) ~[na:1.8.0_131]
	at java.lang.StringBuilder.append(StringBuilder.java:131) ~[na:1.8.0_131]
	at java.util.AbstractCollection.toString(AbstractCollection.java:462) ~[na:1.8.0_131]
	at org.hibernate.collection.internal.PersistentBag.toString(PersistentBag.java:510) ~[hibernate-core-5.0.12.Final.jar:5.0.12.Final]
	at java.lang.String.valueOf(String.java:2994) ~[na:1.8.0_131]
	at java.lang.StringBuilder.append(StringBuilder.java:131) ~[na:1.8.0_131]
	at com.jpa.hibernate.demo.entity.Course.toString(Course.java:105) ~[classes/:na]
	at java.lang.String.valueOf(String.java:2994) ~[na:1.8.0_131]
	at java.lang.StringBuilder.append(StringBuilder.java:131) ~[na:1.8.0_131]
	at com.jpa.hibernate.demo.entity.Rating.toString(Rating.java:55) ~[classes/:na]
	at java.lang.String.valueOf(String.java:2994) ~[na:1.8.0_131]
	at java.lang.StringBuilder.append(StringBuilder.java:131) ~[na:1.8.0_131]
	at java.util.AbstractCollection.toString(AbstractCollection.java:462) ~[na:1.8.0_131]
	at org.hibernate.collection.internal.PersistentBag.toString(PersistentBag.java:510) ~[hibernate-core-5.0.12.Final.jar:5.0.12.Final]
	at java.lang.String.valueOf(String.java:2994) ~[na:1.8.0_131]
	at java.lang.StringBuilder.append(StringBuilder.java:131) ~[na:1.8.0_131]
	at com.jpa.hibernate.demo.entity.Course.toString(Course.java:105) ~[classes/:na]
	at java.lang.String.valueOf(String.java:2994) ~[na:1.8.0_131]
	at java.lang.StringBuilder.append(StringBuilder.java:131) ~[na:1.8.0_131]
	at com.jpa.hibernate.demo.entity.Rating.toString(Rating.java:55) ~[classes/:na]
	at java.lang.String.valueOf(String.java:2994) ~[na:1.8.0_131]
	at java.lang.StringBuilder.append(StringBuilder.java:131) ~[na:1.8.0_131]
	at java.util.AbstractCollection.toString(AbstractCollection.java:462) ~[na:1.8.0_131]
	at org.hibernate.collection.internal.PersistentBag.toString(PersistentBag.java:510) ~[hibernate-core-5.0.12.Final.jar:5.0.12.Final]
	at java.lang.String.valueOf(String.java:2994) ~[na:1.8.0_131]
	at java.lang.StringBuilder.append(StringBuilder.java:131) ~[na:1.8.0_131]
	at com.jpa.hibernate.demo.entity.Course.toString(Course.java:105) ~[classes/:na]
	at java.lang.String.valueOf(String.java:2994) ~[na:1.8.0_131]
	at java.lang.StringBuilder.append(StringBuilder.java:131) ~[na:1.8.0_131]
	at com.jpa.hibernate.demo.entity.Rating.toString(Rating.java:55) ~[classes/:na]
	at java.lang.String.valueOf(String.java:2994) ~[na:1.8.0_131]
	at java.lang.StringBuilder.append(StringBuilder.java:131) ~[na:1.8.0_131]
	at java.util.AbstractCollection.toString(AbstractCollection.java:462) ~[na:1.8.0_131]
	at org.hibernate.collection.internal.PersistentBag.toString(PersistentBag.java:510) ~[hibernate-core-5.0.12.Final.jar:5.0.12.Final]
	at java.lang.String.valueOf(String.java:2994) ~[na:1.8.0_131]
	at java.lang.StringBuilder.append(StringBuilder.java:131) ~[na:1.8.0_131]
	at com.jpa.hibernate.demo.entity.Course.toString(Course.java:105) ~[classes/:na]
	at java.lang.String.valueOf(String.java:2994) ~[na:1.8.0_131]
	at java.lang.StringBuilder.append(StringBuilder.java:131) ~[na:1.8.0_131]
	at com.jpa.hibernate.demo.entity.Rating.toString(Rating.java:55) ~[classes/:na]
	at java.lang.String.valueOf(String.java:2994) ~[na:1.8.0_131]
	at java.lang.StringBuilder.append(StringBuilder.java:131) ~[na:1.8.0_131]
	at java.util.AbstractCollection.toString(AbstractCollection.java:462) ~[na:1.8.0_131]
	at org.hibernate.collection.internal.PersistentBag.toString(PersistentBag.java:510) ~[hibernate-core-5.0.12.Final.jar:5.0.12.Final]
	at java.lang.String.valueOf(String.java:2994) ~[na:1.8.0_131]
	at java.lang.StringBuilder.append(StringBuilder.java:131) ~[na:1.8.0_131]
	at com.jpa.hibernate.demo.entity.Course.toString(Course.java:105) ~[classes/:na]
	at java.lang.String.valueOf(String.java:2994) ~[na:1.8.0_131]
	at java.lang.StringBuilder.append(StringBuilder.java:131) ~[na:1.8.0_131]
	at com.jpa.hibernate.demo.entity.Rating.toString(Rating.java:55) ~[classes/:na]
	at java.lang.String.valueOf(String.java:2994) ~[na:1.8.0_131]
	at java.lang.StringBuilder.append(StringBuilder.java:131) ~[na:1.8.0_131]
	at java.util.AbstractCollection.toString(AbstractCollection.java:462) ~[na:1.8.0_131]
	at org.hibernate.collection.internal.PersistentBag.toString(PersistentBag.java:510) ~[hibernate-core-5.0.12.Final.jar:5.0.12.Final]
	at java.lang.String.valueOf(String.java:2994) ~[na:1.8.0_131]
	at java.lang.StringBuilder.append(StringBuilder.java:131) ~[na:1.8.0_131]
	at com.jpa.hibernate.demo.entity.Course.toString(Course.java:105) ~[classes/:na]
	at java.lang.String.valueOf(String.java:2994) ~[na:1.8.0_131]
	at java.lang.StringBuilder.append(StringBuilder.java:131) ~[na:1.8.0_131]
	at com.jpa.hibernate.demo.entity.Rating.toString(Rating.java:55) ~[classes/:na]
	at java.lang.String.valueOf(String.java:2994) ~[na:1.8.0_131]
	at java.lang.StringBuilder.append(StringBuilder.java:131) ~[na:1.8.0_131]
	at java.util.AbstractCollection.toString(AbstractCollection.java:462) ~[na:1.8.0_131]
	at org.hibernate.collection.internal.PersistentBag.toString(PersistentBag.java:510) ~[hibernate-core-5.0.12.Final.jar:5.0.12.Final]
	at java.lang.String.valueOf(String.java:2994) ~[na:1.8.0_131]
	at java.lang.StringBuilder.append(StringBuilder.java:131) ~[na:1.8.0_131]
	at com.jpa.hibernate.demo.entity.Course.toString(Course.java:105) ~[classes/:na]
	at java.lang.String.valueOf(String.java:2994) ~[na:1.8.0_131]
	at java.lang.StringBuilder.append(StringBuilder.java:131) ~[na:1.8.0_131]
	at com.jpa.hibernate.demo.entity.Rating.toString(Rating.java:55) ~[classes/:na]
	at java.lang.String.valueOf(String.java:2994) ~[na:1.8.0_131]
	at java.lang.StringBuilder.append(StringBuilder.java:131) ~[na:1.8.0_131]
	at java.util.AbstractCollection.toString(AbstractCollection.java:462) ~[na:1.8.0_131]
	at org.hibernate.collection.internal.PersistentBag.toString(PersistentBag.java:510) ~[hibernate-core-5.0.12.Final.jar:5.0.12.Final]
	at java.lang.String.valueOf(String.java:2994) ~[na:1.8.0_131]
	at java.lang.StringBuilder.append(StringBuilder.java:131) ~[na:1.8.0_131]
	at com.jpa.hibernate.demo.entity.Course.toString(Course.java:105) ~[classes/:na]
	at java.lang.String.valueOf(String.java:2994) ~[na:1.8.0_131]
	at java.lang.StringBuilder.append(StringBuilder.java:131) ~[na:1.8.0_131]
	at com.jpa.hibernate.demo.entity.Rating.toString(Rating.java:55) ~[classes/:na]
	at java.lang.String.valueOf(String.java:2994) ~[na:1.8.0_131]
	at java.lang.StringBuilder.append(StringBuilder.java:131) ~[na:1.8.0_131]
	at java.util.AbstractCollection.toString(AbstractCollection.java:462) ~[na:1.8.0_131]
	at org.hibernate.collection.internal.PersistentBag.toString(PersistentBag.java:510) ~[hibernate-core-5.0.12.Final.jar:5.0.12.Final]
	at java.lang.String.valueOf(String.java:2994) ~[na:1.8.0_131]
	at java.lang.StringBuilder.append(StringBuilder.java:131) ~[na:1.8.0_131]
	at com.jpa.hibernate.demo.entity.Course.toString(Course.java:105) ~[classes/:na]
	at java.lang.String.valueOf(String.java:2994) ~[na:1.8.0_131]
	at java.lang.StringBuilder.append(StringBuilder.java:131) ~[na:1.8.0_131]
	at com.jpa.hibernate.demo.entity.Rating.toString(Rating.java:55) ~[classes/:na]
	at java.lang.String.valueOf(String.java:2994) ~[na:1.8.0_131]
	at java.lang.StringBuilder.append(StringBuilder.java:131) ~[na:1.8.0_131]
	at java.util.AbstractCollection.toString(AbstractCollection.java:462) ~[na:1.8.0_131]
	at org.hibernate.collection.internal.PersistentBag.toString(PersistentBag.java:510) ~[hibernate-core-5.0.12.Final.jar:5.0.12.Final]
	at java.lang.String.valueOf(String.java:2994) ~[na:1.8.0_131]
	at java.lang.StringBuilder.append(StringBuilder.java:131) ~[na:1.8.0_131]
	at com.jpa.hibernate.demo.entity.Course.toString(Course.java:105) ~[classes/:na]
	at java.lang.String.valueOf(String.java:2994) ~[na:1.8.0_131]
	at java.lang.StringBuilder.append(StringBuilder.java:131) ~[na:1.8.0_131]
	at com.jpa.hibernate.demo.entity.Rating.toString(Rating.java:55) ~[classes/:na]
	at java.lang.String.valueOf(String.java:2994) ~[na:1.8.0_131]
	at java.lang.StringBuilder.append(StringBuilder.java:131) ~[na:1.8.0_131]
	at java.util.AbstractCollection.toString(AbstractCollection.java:462) ~[na:1.8.0_131]
	at org.hibernate.collection.internal.PersistentBag.toString(PersistentBag.java:510) ~[hibernate-core-5.0.12.Final.jar:5.0.12.Final]
	at java.lang.String.valueOf(String.java:2994) ~[na:1.8.0_131]
	at java.lang.StringBuilder.append(StringBuilder.java:131) ~[na:1.8.0_131]
	at com.jpa.hibernate.demo.entity.Course.toString(Course.java:105) ~[classes/:na]
	at java.lang.String.valueOf(String.java:2994) ~[na:1.8.0_131]
	at java.lang.StringBuilder.append(StringBuilder.java:131) ~[na:1.8.0_131]
	at com.jpa.hibernate.demo.entity.Rating.toString(Rating.java:55) ~[classes/:na]
	at java.lang.String.valueOf(String.java:2994) ~[na:1.8.0_131]
	at java.lang.StringBuilder.append(StringBuilder.java:131) ~[na:1.8.0_131]
	at java.util.AbstractCollection.toString(AbstractCollection.java:462) ~[na:1.8.0_131]
	at org.hibernate.collection.internal.PersistentBag.toString(PersistentBag.java:510) ~[hibernate-core-5.0.12.Final.jar:5.0.12.Final]
	at java.lang.String.valueOf(String.java:2994) ~[na:1.8.0_131]
	at java.lang.StringBuilder.append(StringBuilder.java:131) ~[na:1.8.0_131]
	at com.jpa.hibernate.demo.entity.Course.toString(Course.java:105) ~[classes/:na]
	at java.lang.String.valueOf(String.java:2994) ~[na:1.8.0_131]
	at java.lang.StringBuilder.append(StringBuilder.java:131) ~[na:1.8.0_131]
	at com.jpa.hibernate.demo.entity.Rating.toString(Rating.java:55) ~[classes/:na]
	at java.lang.String.valueOf(String.java:2994) ~[na:1.8.0_131]
	at java.lang.StringBuilder.append(StringBuilder.java:131) ~[na:1.8.0_131]
	at java.util.AbstractCollection.toString(AbstractCollection.java:462) ~[na:1.8.0_131]
	at org.hibernate.collection.internal.PersistentBag.toString(PersistentBag.java:510) ~[hibernate-core-5.0.12.Final.jar:5.0.12.Final]
	at java.lang.String.valueOf(String.java:2994) ~[na:1.8.0_131]
	at java.lang.StringBuilder.append(StringBuilder.java:131) ~[na:1.8.0_131]
	at com.jpa.hibernate.demo.entity.Course.toString(Course.java:105) ~[classes/:na]
	at java.lang.String.valueOf(String.java:2994) ~[na:1.8.0_131]
	at java.lang.StringBuilder.append(StringBuilder.java:131) ~[na:1.8.0_131]
	at com.jpa.hibernate.demo.entity.Rating.toString(Rating.java:55) ~[classes/:na]
	at java.lang.String.valueOf(String.java:2994) ~[na:1.8.0_131]
	at java.lang.StringBuilder.append(StringBuilder.java:131) ~[na:1.8.0_131]
	at java.util.AbstractCollection.toString(AbstractCollection.java:462) ~[na:1.8.0_131]
	at org.hibernate.collection.internal.PersistentBag.toString(PersistentBag.java:510) ~[hibernate-core-5.0.12.Final.jar:5.0.12.Final]
	at java.lang.String.valueOf(String.java:2994) ~[na:1.8.0_131]
	at java.lang.StringBuilder.append(StringBuilder.java:131) ~[na:1.8.0_131]
	at com.jpa.hibernate.demo.entity.Course.toString(Course.java:105) ~[classes/:na]
	at java.lang.String.valueOf(String.java:2994) ~[na:1.8.0_131]
	at java.lang.StringBuilder.append(StringBuilder.java:131) ~[na:1.8.0_131]
	at com.jpa.hibernate.demo.entity.Rating.toString(Rating.java:55) ~[classes/:na]
	at java.lang.String.valueOf(String.java:2994) ~[na:1.8.0_131]
	at java.lang.StringBuilder.append(StringBuilder.java:131) ~[na:1.8.0_131]
	at java.util.AbstractCollection.toString(AbstractCollection.java:462) ~[na:1.8.0_131]
	at org.hibernate.collection.internal.PersistentBag.toString(PersistentBag.java:510) ~[hibernate-core-5.0.12.Final.jar:5.0.12.Final]
	at java.lang.String.valueOf(String.java:2994) ~[na:1.8.0_131]
	at java.lang.StringBuilder.append(StringBuilder.java:131) ~[na:1.8.0_131]
	at com.jpa.hibernate.demo.entity.Course.toString(Course.java:105) ~[classes/:na]
	at java.lang.String.valueOf(String.java:2994) ~[na:1.8.0_131]
	at java.lang.StringBuilder.append(StringBuilder.java:131) ~[na:1.8.0_131]
	at com.jpa.hibernate.demo.entity.Rating.toString(Rating.java:55) ~[classes/:na]
	at java.lang.String.valueOf(String.java:2994) ~[na:1.8.0_131]
	at java.lang.StringBuilder.append(StringBuilder.java:131) ~[na:1.8.0_131]
	at java.util.AbstractCollection.toString(AbstractCollection.java:462) ~[na:1.8.0_131]
	at org.hibernate.collection.internal.PersistentBag.toString(PersistentBag.java:510) ~[hibernate-core-5.0.12.Final.jar:5.0.12.Final]
	at java.lang.String.valueOf(String.java:2994) ~[na:1.8.0_131]
	at java.lang.StringBuilder.append(StringBuilder.java:131) ~[na:1.8.0_131]
	at com.jpa.hibernate.demo.entity.Course.toString(Course.java:105) ~[classes/:na]
	at java.lang.String.valueOf(String.java:2994) ~[na:1.8.0_131]
	at java.lang.StringBuilder.append(StringBuilder.java:131) ~[na:1.8.0_131]
	at com.jpa.hibernate.demo.entity.Rating.toString(Rating.java:55) ~[classes/:na]
	at java.lang.String.valueOf(String.java:2994) ~[na:1.8.0_131]
	at java.lang.StringBuilder.append(StringBuilder.java:131) ~[na:1.8.0_131]
	at java.util.AbstractCollection.toString(AbstractCollection.java:462) ~[na:1.8.0_131]
	at org.hibernate.collection.internal.PersistentBag.toString(PersistentBag.java:510) ~[hibernate-core-5.0.12.Final.jar:5.0.12.Final]
	at java.lang.String.valueOf(String.java:2994) ~[na:1.8.0_131]
	at java.lang.StringBuilder.append(StringBuilder.java:131) ~[na:1.8.0_131]
	at com.jpa.hibernate.demo.entity.Course.toString(Course.java:105) ~[classes/:na]
	at java.lang.String.valueOf(String.java:2994) ~[na:1.8.0_131]
	at java.lang.StringBuilder.append(StringBuilder.java:131) ~[na:1.8.0_131]
	at com.jpa.hibernate.demo.entity.Rating.toString(Rating.java:55) ~[classes/:na]
	at java.lang.String.valueOf(String.java:2994) ~[na:1.8.0_131]
	at java.lang.StringBuilder.append(StringBuilder.java:131) ~[na:1.8.0_131]
	at java.util.AbstractCollection.toString(AbstractCollection.java:462) ~[na:1.8.0_131]
	at org.hibernate.collection.internal.PersistentBag.toString(PersistentBag.java:510) ~[hibernate-core-5.0.12.Final.jar:5.0.12.Final]
	at java.lang.String.valueOf(String.java:2994) ~[na:1.8.0_131]
	at java.lang.StringBuilder.append(StringBuilder.java:131) ~[na:1.8.0_131]
	at com.jpa.hibernate.demo.entity.Course.toString(Course.java:105) ~[classes/:na]
	at java.lang.String.valueOf(String.java:2994) ~[na:1.8.0_131]
	at java.lang.StringBuilder.append(StringBuilder.java:131) ~[na:1.8.0_131]
	at com.jpa.hibernate.demo.entity.Rating.toString(Rating.java:55) ~[classes/:na]
	at java.lang.String.valueOf(String.java:2994) ~[na:1.8.0_131]
	at java.lang.StringBuilder.append(StringBuilder.java:131) ~[na:1.8.0_131]
	at java.util.AbstractCollection.toString(AbstractCollection.java:462) ~[na:1.8.0_131]
	at org.hibernate.collection.internal.PersistentBag.toString(PersistentBag.java:510) ~[hibernate-core-5.0.12.Final.jar:5.0.12.Final]
	at java.lang.String.valueOf(String.java:2994) ~[na:1.8.0_131]
	at java.lang.StringBuilder.append(StringBuilder.java:131) ~[na:1.8.0_131]
	at com.jpa.hibernate.demo.entity.Course.toString(Course.java:105) ~[classes/:na]
	at java.lang.String.valueOf(String.java:2994) ~[na:1.8.0_131]
	at java.lang.StringBuilder.append(StringBuilder.java:131) ~[na:1.8.0_131]
	at com.jpa.hibernate.demo.entity.Rating.toString(Rating.java:55) ~[classes/:na]
	at java.lang.String.valueOf(String.java:2994) ~[na:1.8.0_131]
	at java.lang.StringBuilder.append(StringBuilder.java:131) ~[na:1.8.0_131]
	at java.util.AbstractCollection.toString(AbstractCollection.java:462) ~[na:1.8.0_131]
	at org.hibernate.collection.internal.PersistentBag.toString(PersistentBag.java:510) ~[hibernate-core-5.0.12.Final.jar:5.0.12.Final]
	at java.lang.String.valueOf(String.java:2994) ~[na:1.8.0_131]
	at java.lang.StringBuilder.append(StringBuilder.java:131) ~[na:1.8.0_131]
	at com.jpa.hibernate.demo.entity.Course.toString(Course.java:105) ~[classes/:na]
	at java.lang.String.valueOf(String.java:2994) ~[na:1.8.0_131]
	at java.lang.StringBuilder.append(StringBuilder.java:131) ~[na:1.8.0_131]
	at com.jpa.hibernate.demo.entity.Rating.toString(Rating.java:55) ~[classes/:na]
	at java.lang.String.valueOf(String.java:2994) ~[na:1.8.0_131]
	at java.lang.StringBuilder.append(StringBuilder.java:131) ~[na:1.8.0_131]
	at java.util.AbstractCollection.toString(AbstractCollection.java:462) ~[na:1.8.0_131]
	at org.hibernate.collection.internal.PersistentBag.toString(PersistentBag.java:510) ~[hibernate-core-5.0.12.Final.jar:5.0.12.Final]
	at java.lang.String.valueOf(String.java:2994) ~[na:1.8.0_131]
	at java.lang.StringBuilder.append(StringBuilder.java:131) ~[na:1.8.0_131]
	at com.jpa.hibernate.demo.entity.Course.toString(Course.java:105) ~[classes/:na]
	at java.lang.String.valueOf(String.java:2994) ~[na:1.8.0_131]
	at java.lang.StringBuilder.append(StringBuilder.java:131) ~[na:1.8.0_131]
	at com.jpa.hibernate.demo.entity.Rating.toString(Rating.java:55) ~[classes/:na]
	at java.lang.String.valueOf(String.java:2994) ~[na:1.8.0_131]
	at java.lang.StringBuilder.append(StringBuilder.java:131) ~[na:1.8.0_131]
	at java.util.AbstractCollection.toString(AbstractCollection.java:462) ~[na:1.8.0_131]
	at org.hibernate.collection.internal.PersistentBag.toString(PersistentBag.java:510) ~[hibernate-core-5.0.12.Final.jar:5.0.12.Final]
	at java.lang.String.valueOf(String.java:2994) ~[na:1.8.0_131]
	at java.lang.StringBuilder.append(StringBuilder.java:131) ~[na:1.8.0_131]
	at com.jpa.hibernate.demo.entity.Course.toString(Course.java:105) ~[classes/:na]
	at java.lang.String.valueOf(String.java:2994) ~[na:1.8.0_131]
	at java.lang.StringBuilder.append(StringBuilder.java:131) ~[na:1.8.0_131]
	at com.jpa.hibernate.demo.entity.Rating.toString(Rating.java:55) ~[classes/:na]
	at java.lang.String.valueOf(String.java:2994) ~[na:1.8.0_131]
	at java.lang.StringBuilder.append(StringBuilder.java:131) ~[na:1.8.0_131]
	at java.util.AbstractCollection.toString(AbstractCollection.java:462) ~[na:1.8.0_131]
	at org.hibernate.collection.internal.PersistentBag.toString(PersistentBag.java:510) ~[hibernate-core-5.0.12.Final.jar:5.0.12.Final]
	at java.lang.String.valueOf(String.java:2994) ~[na:1.8.0_131]
	at java.lang.StringBuilder.append(StringBuilder.java:131) ~[na:1.8.0_131]
	at com.jpa.hibernate.demo.entity.Course.toString(Course.java:105) ~[classes/:na]
	at java.lang.String.valueOf(String.java:2994) ~[na:1.8.0_131]
	at java.lang.StringBuilder.append(StringBuilder.java:131) ~[na:1.8.0_131]
	at com.jpa.hibernate.demo.entity.Rating.toString(Rating.java:55) ~[classes/:na]
	at java.lang.String.valueOf(String.java:2994) ~[na:1.8.0_131]
	at java.lang.StringBuilder.append(StringBuilder.java:131) ~[na:1.8.0_131]
	at java.util.AbstractCollection.toString(AbstractCollection.java:462) ~[na:1.8.0_131]
	at org.hibernate.collection.internal.PersistentBag.toString(PersistentBag.java:510) ~[hibernate-core-5.0.12.Final.jar:5.0.12.Final]
	at java.lang.String.valueOf(String.java:2994) ~[na:1.8.0_131]
	at java.lang.StringBuilder.append(StringBuilder.java:131) ~[na:1.8.0_131]
	at com.jpa.hibernate.demo.entity.Course.toString(Course.java:105) ~[classes/:na]
	at java.lang.String.valueOf(String.java:2994) ~[na:1.8.0_131]
	at java.lang.StringBuilder.append(StringBuilder.java:131) ~[na:1.8.0_131]
	at com.jpa.hibernate.demo.entity.Rating.toString(Rating.java:55) ~[classes/:na]
	at java.lang.String.valueOf(String.java:2994) ~[na:1.8.0_131]
	at java.lang.StringBuilder.append(StringBuilder.java:131) ~[na:1.8.0_131]
	at java.util.AbstractCollection.toString(AbstractCollection.java:462) ~[na:1.8.0_131]
	at org.hibernate.collection.internal.PersistentBag.toString(PersistentBag.java:510) ~[hibernate-core-5.0.12.Final.jar:5.0.12.Final]
	at java.lang.String.valueOf(String.java:2994) ~[na:1.8.0_131]
	at java.lang.StringBuilder.append(StringBuilder.java:131) ~[na:1.8.0_131]
	at com.jpa.hibernate.demo.entity.Course.toString(Course.java:105) ~[classes/:na]
	at java.lang.String.valueOf(String.java:2994) ~[na:1.8.0_131]
	at java.lang.StringBuilder.append(StringBuilder.java:131) ~[na:1.8.0_131]
	at com.jpa.hibernate.demo.entity.Rating.toString(Rating.java:55) ~[classes/:na]
	at java.lang.String.valueOf(String.java:2994) ~[na:1.8.0_131]
	at java.lang.StringBuilder.append(StringBuilder.java:131) ~[na:1.8.0_131]
	at java.util.AbstractCollection.toString(AbstractCollection.java:462) ~[na:1.8.0_131]
	at org.hibernate.collection.internal.PersistentBag.toString(PersistentBag.java:510) ~[hibernate-core-5.0.12.Final.jar:5.0.12.Final]
	at java.lang.String.valueOf(String.java:2994) ~[na:1.8.0_131]
	at java.lang.StringBuilder.append(StringBuilder.java:131) ~[na:1.8.0_131]
	at com.jpa.hibernate.demo.entity.Course.toString(Course.java:105) ~[classes/:na]
	at java.lang.String.valueOf(String.java:2994) ~[na:1.8.0_131]
	at java.lang.StringBuilder.append(StringBuilder.java:131) ~[na:1.8.0_131]
	at com.jpa.hibernate.demo.entity.Rating.toString(Rating.java:55) ~[classes/:na]
	at java.lang.String.valueOf(String.java:2994) ~[na:1.8.0_131]
	at java.lang.StringBuilder.append(StringBuilder.java:131) ~[na:1.8.0_131]
	at java.util.AbstractCollection.toString(AbstractCollection.java:462) ~[na:1.8.0_131]
	at org.hibernate.collection.internal.PersistentBag.toString(PersistentBag.java:510) ~[hibernate-core-5.0.12.Final.jar:5.0.12.Final]
	at java.lang.String.valueOf(String.java:2994) ~[na:1.8.0_131]
	at java.lang.StringBuilder.append(StringBuilder.java:131) ~[na:1.8.0_131]
	at com.jpa.hibernate.demo.entity.Course.toString(Course.java:105) ~[classes/:na]
	at java.lang.String.valueOf(String.java:2994) ~[na:1.8.0_131]
	at java.lang.StringBuilder.append(StringBuilder.java:131) ~[na:1.8.0_131]
	at com.jpa.hibernate.demo.entity.Rating.toString(Rating.java:55) ~[classes/:na]
	at java.lang.String.valueOf(String.java:2994) ~[na:1.8.0_131]
	at java.lang.StringBuilder.append(StringBuilder.java:131) ~[na:1.8.0_131]
	at java.util.AbstractCollection.toString(AbstractCollection.java:462) ~[na:1.8.0_131]
	at org.hibernate.collection.internal.PersistentBag.toString(PersistentBag.java:510) ~[hibernate-core-5.0.12.Final.jar:5.0.12.Final]
	at java.lang.String.valueOf(String.java:2994) ~[na:1.8.0_131]
	at java.lang.StringBuilder.append(StringBuilder.java:131) ~[na:1.8.0_131]

]]></system-out>
    <system-err><![CDATA[Wed Jun 19 12:01:08 IST 2019 WARN: Establishing SSL connection without server's identity verification is not recommended. According to MySQL 5.5.45+, 5.6.26+ and 5.7.6+ requirements SSL connection must be established by default if explicit option isn't set. For compliance with existing applications not using SSL the verifyServerCertificate property is set to 'false'. You need either to explicitly disable SSL by setting useSSL=false, or set useSSL=true and provide truststore for server certificate verification.
Wed Jun 19 12:01:08 IST 2019 WARN: Establishing SSL connection without server's identity verification is not recommended. According to MySQL 5.5.45+, 5.6.26+ and 5.7.6+ requirements SSL connection must be established by default if explicit option isn't set. For compliance with existing applications not using SSL the verifyServerCertificate property is set to 'false'. You need either to explicitly disable SSL by setting useSSL=false, or set useSSL=true and provide truststore for server certificate verification.
Wed Jun 19 12:01:08 IST 2019 WARN: Establishing SSL connection without server's identity verification is not recommended. According to MySQL 5.5.45+, 5.6.26+ and 5.7.6+ requirements SSL connection must be established by default if explicit option isn't set. For compliance with existing applications not using SSL the verifyServerCertificate property is set to 'false'. You need either to explicitly disable SSL by setting useSSL=false, or set useSSL=true and provide truststore for server certificate verification.
Wed Jun 19 12:01:08 IST 2019 WARN: Establishing SSL connection without server's identity verification is not recommended. According to MySQL 5.5.45+, 5.6.26+ and 5.7.6+ requirements SSL connection must be established by default if explicit option isn't set. For compliance with existing applications not using SSL the verifyServerCertificate property is set to 'false'. You need either to explicitly disable SSL by setting useSSL=false, or set useSSL=true and provide truststore for server certificate verification.
Wed Jun 19 12:01:08 IST 2019 WARN: Establishing SSL connection without server's identity verification is not recommended. According to MySQL 5.5.45+, 5.6.26+ and 5.7.6+ requirements SSL connection must be established by default if explicit option isn't set. For compliance with existing applications not using SSL the verifyServerCertificate property is set to 'false'. You need either to explicitly disable SSL by setting useSSL=false, or set useSSL=true and provide truststore for server certificate verification.
Wed Jun 19 12:01:08 IST 2019 WARN: Establishing SSL connection without server's identity verification is not recommended. According to MySQL 5.5.45+, 5.6.26+ and 5.7.6+ requirements SSL connection must be established by default if explicit option isn't set. For compliance with existing applications not using SSL the verifyServerCertificate property is set to 'false'. You need either to explicitly disable SSL by setting useSSL=false, or set useSSL=true and provide truststore for server certificate verification.
Wed Jun 19 12:01:08 IST 2019 WARN: Establishing SSL connection without server's identity verification is not recommended. According to MySQL 5.5.45+, 5.6.26+ and 5.7.6+ requirements SSL connection must be established by default if explicit option isn't set. For compliance with existing applications not using SSL the verifyServerCertificate property is set to 'false'. You need either to explicitly disable SSL by setting useSSL=false, or set useSSL=true and provide truststore for server certificate verification.
Wed Jun 19 12:01:08 IST 2019 WARN: Establishing SSL connection without server's identity verification is not recommended. According to MySQL 5.5.45+, 5.6.26+ and 5.7.6+ requirements SSL connection must be established by default if explicit option isn't set. For compliance with existing applications not using SSL the verifyServerCertificate property is set to 'false'. You need either to explicitly disable SSL by setting useSSL=false, or set useSSL=true and provide truststore for server certificate verification.
Wed Jun 19 12:01:08 IST 2019 WARN: Establishing SSL connection without server's identity verification is not recommended. According to MySQL 5.5.45+, 5.6.26+ and 5.7.6+ requirements SSL connection must be established by default if explicit option isn't set. For compliance with existing applications not using SSL the verifyServerCertificate property is set to 'false'. You need either to explicitly disable SSL by setting useSSL=false, or set useSSL=true and provide truststore for server certificate verification.
Wed Jun 19 12:01:08 IST 2019 WARN: Establishing SSL connection without server's identity verification is not recommended. According to MySQL 5.5.45+, 5.6.26+ and 5.7.6+ requirements SSL connection must be established by default if explicit option isn't set. For compliance with existing applications not using SSL the verifyServerCertificate property is set to 'false'. You need either to explicitly disable SSL by setting useSSL=false, or set useSSL=true and provide truststore for server certificate verification.
]]></system-err>
  </testcase>
  <testcase name="deleteTest" classname="com.jpa.hibernate.demo.repo.CourseRepoTest" time="0">
    <error type="java.lang.StackOverflowError">java.lang.StackOverflowError
</error>
    <system-out><![CDATA[
  .   ____          _            __ _ _
 /\\ / ___'_ __ _ _(_)_ __  __ _ \ \ \ \
( ( )\___ | '_ | '_| | '_ \/ _` | \ \ \ \
 \\/  ___)| |_)| | | | | || (_| |  ) ) ) )
  '  |____| .__|_| |_|_| |_\__, | / / / /
 =========|_|==============|___/=/_/_/_/
 :: Spring Boot ::        (v1.5.9.RELEASE)

2019-06-19 12:01:09.133  INFO 6732 --- [           main] c.j.hibernate.demo.repo.CourseRepoTest   : Starting CourseRepoTest on Sudhir with PID 6732 (started by sudha in C:\Users\sudha\Jpa-hibernate-in-depth\jpa-hibernate)
2019-06-19 12:01:09.133  INFO 6732 --- [           main] c.j.hibernate.demo.repo.CourseRepoTest   : No active profile set, falling back to default profiles: default
2019-06-19 12:01:09.135  INFO 6732 --- [           main] o.s.w.c.s.GenericWebApplicationContext   : Refreshing org.springframework.web.context.support.GenericWebApplicationContext@7be9e9fc: startup date [Wed Jun 19 12:01:09 IST 2019]; root of context hierarchy
2019-06-19 12:01:09.648  INFO 6732 --- [           main] j.LocalContainerEntityManagerFactoryBean : Building JPA container EntityManagerFactory for persistence unit 'default'
2019-06-19 12:01:09.648  INFO 6732 --- [           main] o.hibernate.jpa.internal.util.LogHelper  : HHH000204: Processing PersistenceUnitInfo [
	name: default
	...]
2019-06-19 12:01:09.652  INFO 6732 --- [           main] org.hibernate.dialect.Dialect            : HHH000400: Using dialect: org.hibernate.dialect.MySQL5Dialect
2019-06-19 12:01:09.689  INFO 6732 --- [           main] o.h.h.i.QueryTranslatorFactoryInitiator  : HHH000397: Using ASTQueryTranslatorFactory
2019-06-19 12:01:09.694  INFO 6732 --- [           main] j.LocalContainerEntityManagerFactoryBean : Initialized JPA EntityManagerFactory for persistence unit 'default'
2019-06-19 12:01:09.948  INFO 6732 --- [           main] s.w.s.m.m.a.RequestMappingHandlerAdapter : Looking for @ControllerAdvice: org.springframework.web.context.support.GenericWebApplicationContext@7be9e9fc: startup date [Wed Jun 19 12:01:09 IST 2019]; root of context hierarchy
2019-06-19 12:01:09.966  INFO 6732 --- [           main] s.w.s.m.m.a.RequestMappingHandlerMapping : Mapped "{[/error]}" onto public org.springframework.http.ResponseEntity<java.util.Map<java.lang.String, java.lang.Object>> org.springframework.boot.autoconfigure.web.BasicErrorController.error(javax.servlet.http.HttpServletRequest)
2019-06-19 12:01:09.966  INFO 6732 --- [           main] s.w.s.m.m.a.RequestMappingHandlerMapping : Mapped "{[/error],produces=[text/html]}" onto public org.springframework.web.servlet.ModelAndView org.springframework.boot.autoconfigure.web.BasicErrorController.errorHtml(javax.servlet.http.HttpServletRequest,javax.servlet.http.HttpServletResponse)
2019-06-19 12:01:10.005  INFO 6732 --- [           main] o.s.w.s.handler.SimpleUrlHandlerMapping  : Mapped URL path [/webjars/**] onto handler of type [class org.springframework.web.servlet.resource.ResourceHttpRequestHandler]
2019-06-19 12:01:10.006  INFO 6732 --- [           main] o.s.w.s.handler.SimpleUrlHandlerMapping  : Mapped URL path [/**] onto handler of type [class org.springframework.web.servlet.resource.ResourceHttpRequestHandler]
2019-06-19 12:01:10.048  INFO 6732 --- [           main] o.s.w.s.handler.SimpleUrlHandlerMapping  : Mapped URL path [/**/favicon.ico] onto handler of type [class org.springframework.web.servlet.resource.ResourceHttpRequestHandler]
Hibernate: select course0_.id as id1_0_0_, course0_.address as address2_0_0_, course0_.contact as contact3_0_0_, course0_.email as email4_0_0_, course0_.name as name5_0_0_ from course course0_ where course0_.id=?
Hibernate: select rating0_.course_id as course_i4_3_0_, rating0_.id as id1_3_0_, rating0_.id as id1_3_1_, rating0_.course_id as course_i4_3_1_, rating0_.description as descript2_3_1_, rating0_.rating as rating3_3_1_ from review rating0_ where rating0_.course_id=?
2019-06-19 12:01:10.247  INFO 6732 --- [           main] utoConfigurationReportLoggingInitializer : 

Error starting ApplicationContext. To display the auto-configuration report re-run your application with 'debug' enabled.
2019-06-19 12:01:10.249 ERROR 6732 --- [           main] o.s.boot.SpringApplication               : Application startup failed

java.lang.StackOverflowError: null
	at java.util.AbstractCollection.toString(AbstractCollection.java:454) ~[na:1.8.0_131]
	at org.hibernate.collection.internal.PersistentBag.toString(PersistentBag.java:510) ~[hibernate-core-5.0.12.Final.jar:5.0.12.Final]
	at java.lang.String.valueOf(String.java:2994) ~[na:1.8.0_131]
	at java.lang.StringBuilder.append(StringBuilder.java:131) ~[na:1.8.0_131]
	at com.jpa.hibernate.demo.entity.Course.toString(Course.java:105) ~[classes/:na]
	at java.lang.String.valueOf(String.java:2994) ~[na:1.8.0_131]
	at java.lang.StringBuilder.append(StringBuilder.java:131) ~[na:1.8.0_131]
	at com.jpa.hibernate.demo.entity.Rating.toString(Rating.java:55) ~[classes/:na]
	at java.lang.String.valueOf(String.java:2994) ~[na:1.8.0_131]
	at java.lang.StringBuilder.append(StringBuilder.java:131) ~[na:1.8.0_131]
	at java.util.AbstractCollection.toString(AbstractCollection.java:462) ~[na:1.8.0_131]
	at org.hibernate.collection.internal.PersistentBag.toString(PersistentBag.java:510) ~[hibernate-core-5.0.12.Final.jar:5.0.12.Final]
	at java.lang.String.valueOf(String.java:2994) ~[na:1.8.0_131]
	at java.lang.StringBuilder.append(StringBuilder.java:131) ~[na:1.8.0_131]
	at com.jpa.hibernate.demo.entity.Course.toString(Course.java:105) ~[classes/:na]
	at java.lang.String.valueOf(String.java:2994) ~[na:1.8.0_131]
	at java.lang.StringBuilder.append(StringBuilder.java:131) ~[na:1.8.0_131]
	at com.jpa.hibernate.demo.entity.Rating.toString(Rating.java:55) ~[classes/:na]
	at java.lang.String.valueOf(String.java:2994) ~[na:1.8.0_131]
	at java.lang.StringBuilder.append(StringBuilder.java:131) ~[na:1.8.0_131]
	at java.util.AbstractCollection.toString(AbstractCollection.java:462) ~[na:1.8.0_131]
	at org.hibernate.collection.internal.PersistentBag.toString(PersistentBag.java:510) ~[hibernate-core-5.0.12.Final.jar:5.0.12.Final]
	at java.lang.String.valueOf(String.java:2994) ~[na:1.8.0_131]
	at java.lang.StringBuilder.append(StringBuilder.java:131) ~[na:1.8.0_131]
	at com.jpa.hibernate.demo.entity.Course.toString(Course.java:105) ~[classes/:na]
	at java.lang.String.valueOf(String.java:2994) ~[na:1.8.0_131]
	at java.lang.StringBuilder.append(StringBuilder.java:131) ~[na:1.8.0_131]
	at com.jpa.hibernate.demo.entity.Rating.toString(Rating.java:55) ~[classes/:na]
	at java.lang.String.valueOf(String.java:2994) ~[na:1.8.0_131]
	at java.lang.StringBuilder.append(StringBuilder.java:131) ~[na:1.8.0_131]
	at java.util.AbstractCollection.toString(AbstractCollection.java:462) ~[na:1.8.0_131]
	at org.hibernate.collection.internal.PersistentBag.toString(PersistentBag.java:510) ~[hibernate-core-5.0.12.Final.jar:5.0.12.Final]
	at java.lang.String.valueOf(String.java:2994) ~[na:1.8.0_131]
	at java.lang.StringBuilder.append(StringBuilder.java:131) ~[na:1.8.0_131]
	at com.jpa.hibernate.demo.entity.Course.toString(Course.java:105) ~[classes/:na]
	at java.lang.String.valueOf(String.java:2994) ~[na:1.8.0_131]
	at java.lang.StringBuilder.append(StringBuilder.java:131) ~[na:1.8.0_131]
	at com.jpa.hibernate.demo.entity.Rating.toString(Rating.java:55) ~[classes/:na]
	at java.lang.String.valueOf(String.java:2994) ~[na:1.8.0_131]
	at java.lang.StringBuilder.append(StringBuilder.java:131) ~[na:1.8.0_131]
	at java.util.AbstractCollection.toString(AbstractCollection.java:462) ~[na:1.8.0_131]
	at org.hibernate.collection.internal.PersistentBag.toString(PersistentBag.java:510) ~[hibernate-core-5.0.12.Final.jar:5.0.12.Final]
	at java.lang.String.valueOf(String.java:2994) ~[na:1.8.0_131]
	at java.lang.StringBuilder.append(StringBuilder.java:131) ~[na:1.8.0_131]
	at com.jpa.hibernate.demo.entity.Course.toString(Course.java:105) ~[classes/:na]
	at java.lang.String.valueOf(String.java:2994) ~[na:1.8.0_131]
	at java.lang.StringBuilder.append(StringBuilder.java:131) ~[na:1.8.0_131]
	at com.jpa.hibernate.demo.entity.Rating.toString(Rating.java:55) ~[classes/:na]
	at java.lang.String.valueOf(String.java:2994) ~[na:1.8.0_131]
	at java.lang.StringBuilder.append(StringBuilder.java:131) ~[na:1.8.0_131]
	at java.util.AbstractCollection.toString(AbstractCollection.java:462) ~[na:1.8.0_131]
	at org.hibernate.collection.internal.PersistentBag.toString(PersistentBag.java:510) ~[hibernate-core-5.0.12.Final.jar:5.0.12.Final]
	at java.lang.String.valueOf(String.java:2994) ~[na:1.8.0_131]
	at java.lang.StringBuilder.append(StringBuilder.java:131) ~[na:1.8.0_131]
	at com.jpa.hibernate.demo.entity.Course.toString(Course.java:105) ~[classes/:na]
	at java.lang.String.valueOf(String.java:2994) ~[na:1.8.0_131]
	at java.lang.StringBuilder.append(StringBuilder.java:131) ~[na:1.8.0_131]
	at com.jpa.hibernate.demo.entity.Rating.toString(Rating.java:55) ~[classes/:na]
	at java.lang.String.valueOf(String.java:2994) ~[na:1.8.0_131]
	at java.lang.StringBuilder.append(StringBuilder.java:131) ~[na:1.8.0_131]
	at java.util.AbstractCollection.toString(AbstractCollection.java:462) ~[na:1.8.0_131]
	at org.hibernate.collection.internal.PersistentBag.toString(PersistentBag.java:510) ~[hibernate-core-5.0.12.Final.jar:5.0.12.Final]
	at java.lang.String.valueOf(String.java:2994) ~[na:1.8.0_131]
	at java.lang.StringBuilder.append(StringBuilder.java:131) ~[na:1.8.0_131]
	at com.jpa.hibernate.demo.entity.Course.toString(Course.java:105) ~[classes/:na]
	at java.lang.String.valueOf(String.java:2994) ~[na:1.8.0_131]
	at java.lang.StringBuilder.append(StringBuilder.java:131) ~[na:1.8.0_131]
	at com.jpa.hibernate.demo.entity.Rating.toString(Rating.java:55) ~[classes/:na]
	at java.lang.String.valueOf(String.java:2994) ~[na:1.8.0_131]
	at java.lang.StringBuilder.append(StringBuilder.java:131) ~[na:1.8.0_131]
	at java.util.AbstractCollection.toString(AbstractCollection.java:462) ~[na:1.8.0_131]
	at org.hibernate.collection.internal.PersistentBag.toString(PersistentBag.java:510) ~[hibernate-core-5.0.12.Final.jar:5.0.12.Final]
	at java.lang.String.valueOf(String.java:2994) ~[na:1.8.0_131]
	at java.lang.StringBuilder.append(StringBuilder.java:131) ~[na:1.8.0_131]
	at com.jpa.hibernate.demo.entity.Course.toString(Course.java:105) ~[classes/:na]
	at java.lang.String.valueOf(String.java:2994) ~[na:1.8.0_131]
	at java.lang.StringBuilder.append(StringBuilder.java:131) ~[na:1.8.0_131]
	at com.jpa.hibernate.demo.entity.Rating.toString(Rating.java:55) ~[classes/:na]
	at java.lang.String.valueOf(String.java:2994) ~[na:1.8.0_131]
	at java.lang.StringBuilder.append(StringBuilder.java:131) ~[na:1.8.0_131]
	at java.util.AbstractCollection.toString(AbstractCollection.java:462) ~[na:1.8.0_131]
	at org.hibernate.collection.internal.PersistentBag.toString(PersistentBag.java:510) ~[hibernate-core-5.0.12.Final.jar:5.0.12.Final]
	at java.lang.String.valueOf(String.java:2994) ~[na:1.8.0_131]
	at java.lang.StringBuilder.append(StringBuilder.java:131) ~[na:1.8.0_131]
	at com.jpa.hibernate.demo.entity.Course.toString(Course.java:105) ~[classes/:na]
	at java.lang.String.valueOf(String.java:2994) ~[na:1.8.0_131]
	at java.lang.StringBuilder.append(StringBuilder.java:131) ~[na:1.8.0_131]
	at com.jpa.hibernate.demo.entity.Rating.toString(Rating.java:55) ~[classes/:na]
	at java.lang.String.valueOf(String.java:2994) ~[na:1.8.0_131]
	at java.lang.StringBuilder.append(StringBuilder.java:131) ~[na:1.8.0_131]
	at java.util.AbstractCollection.toString(AbstractCollection.java:462) ~[na:1.8.0_131]
	at org.hibernate.collection.internal.PersistentBag.toString(PersistentBag.java:510) ~[hibernate-core-5.0.12.Final.jar:5.0.12.Final]
	at java.lang.String.valueOf(String.java:2994) ~[na:1.8.0_131]
	at java.lang.StringBuilder.append(StringBuilder.java:131) ~[na:1.8.0_131]
	at com.jpa.hibernate.demo.entity.Course.toString(Course.java:105) ~[classes/:na]
	at java.lang.String.valueOf(String.java:2994) ~[na:1.8.0_131]
	at java.lang.StringBuilder.append(StringBuilder.java:131) ~[na:1.8.0_131]
	at com.jpa.hibernate.demo.entity.Rating.toString(Rating.java:55) ~[classes/:na]
	at java.lang.String.valueOf(String.java:2994) ~[na:1.8.0_131]
	at java.lang.StringBuilder.append(StringBuilder.java:131) ~[na:1.8.0_131]
	at java.util.AbstractCollection.toString(AbstractCollection.java:462) ~[na:1.8.0_131]
	at org.hibernate.collection.internal.PersistentBag.toString(PersistentBag.java:510) ~[hibernate-core-5.0.12.Final.jar:5.0.12.Final]
	at java.lang.String.valueOf(String.java:2994) ~[na:1.8.0_131]
	at java.lang.StringBuilder.append(StringBuilder.java:131) ~[na:1.8.0_131]
	at com.jpa.hibernate.demo.entity.Course.toString(Course.java:105) ~[classes/:na]
	at java.lang.String.valueOf(String.java:2994) ~[na:1.8.0_131]
	at java.lang.StringBuilder.append(StringBuilder.java:131) ~[na:1.8.0_131]
	at com.jpa.hibernate.demo.entity.Rating.toString(Rating.java:55) ~[classes/:na]
	at java.lang.String.valueOf(String.java:2994) ~[na:1.8.0_131]
	at java.lang.StringBuilder.append(StringBuilder.java:131) ~[na:1.8.0_131]
	at java.util.AbstractCollection.toString(AbstractCollection.java:462) ~[na:1.8.0_131]
	at org.hibernate.collection.internal.PersistentBag.toString(PersistentBag.java:510) ~[hibernate-core-5.0.12.Final.jar:5.0.12.Final]
	at java.lang.String.valueOf(String.java:2994) ~[na:1.8.0_131]
	at java.lang.StringBuilder.append(StringBuilder.java:131) ~[na:1.8.0_131]
	at com.jpa.hibernate.demo.entity.Course.toString(Course.java:105) ~[classes/:na]
	at java.lang.String.valueOf(String.java:2994) ~[na:1.8.0_131]
	at java.lang.StringBuilder.append(StringBuilder.java:131) ~[na:1.8.0_131]
	at com.jpa.hibernate.demo.entity.Rating.toString(Rating.java:55) ~[classes/:na]
	at java.lang.String.valueOf(String.java:2994) ~[na:1.8.0_131]
	at java.lang.StringBuilder.append(StringBuilder.java:131) ~[na:1.8.0_131]
	at java.util.AbstractCollection.toString(AbstractCollection.java:462) ~[na:1.8.0_131]
	at org.hibernate.collection.internal.PersistentBag.toString(PersistentBag.java:510) ~[hibernate-core-5.0.12.Final.jar:5.0.12.Final]
	at java.lang.String.valueOf(String.java:2994) ~[na:1.8.0_131]
	at java.lang.StringBuilder.append(StringBuilder.java:131) ~[na:1.8.0_131]
	at com.jpa.hibernate.demo.entity.Course.toString(Course.java:105) ~[classes/:na]
	at java.lang.String.valueOf(String.java:2994) ~[na:1.8.0_131]
	at java.lang.StringBuilder.append(StringBuilder.java:131) ~[na:1.8.0_131]
	at com.jpa.hibernate.demo.entity.Rating.toString(Rating.java:55) ~[classes/:na]
	at java.lang.String.valueOf(String.java:2994) ~[na:1.8.0_131]
	at java.lang.StringBuilder.append(StringBuilder.java:131) ~[na:1.8.0_131]
	at java.util.AbstractCollection.toString(AbstractCollection.java:462) ~[na:1.8.0_131]
	at org.hibernate.collection.internal.PersistentBag.toString(PersistentBag.java:510) ~[hibernate-core-5.0.12.Final.jar:5.0.12.Final]
	at java.lang.String.valueOf(String.java:2994) ~[na:1.8.0_131]
	at java.lang.StringBuilder.append(StringBuilder.java:131) ~[na:1.8.0_131]
	at com.jpa.hibernate.demo.entity.Course.toString(Course.java:105) ~[classes/:na]
	at java.lang.String.valueOf(String.java:2994) ~[na:1.8.0_131]
	at java.lang.StringBuilder.append(StringBuilder.java:131) ~[na:1.8.0_131]
	at com.jpa.hibernate.demo.entity.Rating.toString(Rating.java:55) ~[classes/:na]
	at java.lang.String.valueOf(String.java:2994) ~[na:1.8.0_131]
	at java.lang.StringBuilder.append(StringBuilder.java:131) ~[na:1.8.0_131]
	at java.util.AbstractCollection.toString(AbstractCollection.java:462) ~[na:1.8.0_131]
	at org.hibernate.collection.internal.PersistentBag.toString(PersistentBag.java:510) ~[hibernate-core-5.0.12.Final.jar:5.0.12.Final]
	at java.lang.String.valueOf(String.java:2994) ~[na:1.8.0_131]
	at java.lang.StringBuilder.append(StringBuilder.java:131) ~[na:1.8.0_131]
	at com.jpa.hibernate.demo.entity.Course.toString(Course.java:105) ~[classes/:na]
	at java.lang.String.valueOf(String.java:2994) ~[na:1.8.0_131]
	at java.lang.StringBuilder.append(StringBuilder.java:131) ~[na:1.8.0_131]
	at com.jpa.hibernate.demo.entity.Rating.toString(Rating.java:55) ~[classes/:na]
	at java.lang.String.valueOf(String.java:2994) ~[na:1.8.0_131]
	at java.lang.StringBuilder.append(StringBuilder.java:131) ~[na:1.8.0_131]
	at java.util.AbstractCollection.toString(AbstractCollection.java:462) ~[na:1.8.0_131]
	at org.hibernate.collection.internal.PersistentBag.toString(PersistentBag.java:510) ~[hibernate-core-5.0.12.Final.jar:5.0.12.Final]
	at java.lang.String.valueOf(String.java:2994) ~[na:1.8.0_131]
	at java.lang.StringBuilder.append(StringBuilder.java:131) ~[na:1.8.0_131]
	at com.jpa.hibernate.demo.entity.Course.toString(Course.java:105) ~[classes/:na]
	at java.lang.String.valueOf(String.java:2994) ~[na:1.8.0_131]
	at java.lang.StringBuilder.append(StringBuilder.java:131) ~[na:1.8.0_131]
	at com.jpa.hibernate.demo.entity.Rating.toString(Rating.java:55) ~[classes/:na]
	at java.lang.String.valueOf(String.java:2994) ~[na:1.8.0_131]
	at java.lang.StringBuilder.append(StringBuilder.java:131) ~[na:1.8.0_131]
	at java.util.AbstractCollection.toString(AbstractCollection.java:462) ~[na:1.8.0_131]
	at org.hibernate.collection.internal.PersistentBag.toString(PersistentBag.java:510) ~[hibernate-core-5.0.12.Final.jar:5.0.12.Final]
	at java.lang.String.valueOf(String.java:2994) ~[na:1.8.0_131]
	at java.lang.StringBuilder.append(StringBuilder.java:131) ~[na:1.8.0_131]
	at com.jpa.hibernate.demo.entity.Course.toString(Course.java:105) ~[classes/:na]
	at java.lang.String.valueOf(String.java:2994) ~[na:1.8.0_131]
	at java.lang.StringBuilder.append(StringBuilder.java:131) ~[na:1.8.0_131]
	at com.jpa.hibernate.demo.entity.Rating.toString(Rating.java:55) ~[classes/:na]
	at java.lang.String.valueOf(String.java:2994) ~[na:1.8.0_131]
	at java.lang.StringBuilder.append(StringBuilder.java:131) ~[na:1.8.0_131]
	at java.util.AbstractCollection.toString(AbstractCollection.java:462) ~[na:1.8.0_131]
	at org.hibernate.collection.internal.PersistentBag.toString(PersistentBag.java:510) ~[hibernate-core-5.0.12.Final.jar:5.0.12.Final]
	at java.lang.String.valueOf(String.java:2994) ~[na:1.8.0_131]
	at java.lang.StringBuilder.append(StringBuilder.java:131) ~[na:1.8.0_131]
	at com.jpa.hibernate.demo.entity.Course.toString(Course.java:105) ~[classes/:na]
	at java.lang.String.valueOf(String.java:2994) ~[na:1.8.0_131]
	at java.lang.StringBuilder.append(StringBuilder.java:131) ~[na:1.8.0_131]
	at com.jpa.hibernate.demo.entity.Rating.toString(Rating.java:55) ~[classes/:na]
	at java.lang.String.valueOf(String.java:2994) ~[na:1.8.0_131]
	at java.lang.StringBuilder.append(StringBuilder.java:131) ~[na:1.8.0_131]
	at java.util.AbstractCollection.toString(AbstractCollection.java:462) ~[na:1.8.0_131]
	at org.hibernate.collection.internal.PersistentBag.toString(PersistentBag.java:510) ~[hibernate-core-5.0.12.Final.jar:5.0.12.Final]
	at java.lang.String.valueOf(String.java:2994) ~[na:1.8.0_131]
	at java.lang.StringBuilder.append(StringBuilder.java:131) ~[na:1.8.0_131]
	at com.jpa.hibernate.demo.entity.Course.toString(Course.java:105) ~[classes/:na]
	at java.lang.String.valueOf(String.java:2994) ~[na:1.8.0_131]
	at java.lang.StringBuilder.append(StringBuilder.java:131) ~[na:1.8.0_131]
	at com.jpa.hibernate.demo.entity.Rating.toString(Rating.java:55) ~[classes/:na]
	at java.lang.String.valueOf(String.java:2994) ~[na:1.8.0_131]
	at java.lang.StringBuilder.append(StringBuilder.java:131) ~[na:1.8.0_131]
	at java.util.AbstractCollection.toString(AbstractCollection.java:462) ~[na:1.8.0_131]
	at org.hibernate.collection.internal.PersistentBag.toString(PersistentBag.java:510) ~[hibernate-core-5.0.12.Final.jar:5.0.12.Final]
	at java.lang.String.valueOf(String.java:2994) ~[na:1.8.0_131]
	at java.lang.StringBuilder.append(StringBuilder.java:131) ~[na:1.8.0_131]
	at com.jpa.hibernate.demo.entity.Course.toString(Course.java:105) ~[classes/:na]
	at java.lang.String.valueOf(String.java:2994) ~[na:1.8.0_131]
	at java.lang.StringBuilder.append(StringBuilder.java:131) ~[na:1.8.0_131]
	at com.jpa.hibernate.demo.entity.Rating.toString(Rating.java:55) ~[classes/:na]
	at java.lang.String.valueOf(String.java:2994) ~[na:1.8.0_131]
	at java.lang.StringBuilder.append(StringBuilder.java:131) ~[na:1.8.0_131]
	at java.util.AbstractCollection.toString(AbstractCollection.java:462) ~[na:1.8.0_131]
	at org.hibernate.collection.internal.PersistentBag.toString(PersistentBag.java:510) ~[hibernate-core-5.0.12.Final.jar:5.0.12.Final]
	at java.lang.String.valueOf(String.java:2994) ~[na:1.8.0_131]
	at java.lang.StringBuilder.append(StringBuilder.java:131) ~[na:1.8.0_131]
	at com.jpa.hibernate.demo.entity.Course.toString(Course.java:105) ~[classes/:na]
	at java.lang.String.valueOf(String.java:2994) ~[na:1.8.0_131]
	at java.lang.StringBuilder.append(StringBuilder.java:131) ~[na:1.8.0_131]
	at com.jpa.hibernate.demo.entity.Rating.toString(Rating.java:55) ~[classes/:na]
	at java.lang.String.valueOf(String.java:2994) ~[na:1.8.0_131]
	at java.lang.StringBuilder.append(StringBuilder.java:131) ~[na:1.8.0_131]
	at java.util.AbstractCollection.toString(AbstractCollection.java:462) ~[na:1.8.0_131]
	at org.hibernate.collection.internal.PersistentBag.toString(PersistentBag.java:510) ~[hibernate-core-5.0.12.Final.jar:5.0.12.Final]
	at java.lang.String.valueOf(String.java:2994) ~[na:1.8.0_131]
	at java.lang.StringBuilder.append(StringBuilder.java:131) ~[na:1.8.0_131]
	at com.jpa.hibernate.demo.entity.Course.toString(Course.java:105) ~[classes/:na]
	at java.lang.String.valueOf(String.java:2994) ~[na:1.8.0_131]
	at java.lang.StringBuilder.append(StringBuilder.java:131) ~[na:1.8.0_131]
	at com.jpa.hibernate.demo.entity.Rating.toString(Rating.java:55) ~[classes/:na]
	at java.lang.String.valueOf(String.java:2994) ~[na:1.8.0_131]
	at java.lang.StringBuilder.append(StringBuilder.java:131) ~[na:1.8.0_131]
	at java.util.AbstractCollection.toString(AbstractCollection.java:462) ~[na:1.8.0_131]
	at org.hibernate.collection.internal.PersistentBag.toString(PersistentBag.java:510) ~[hibernate-core-5.0.12.Final.jar:5.0.12.Final]
	at java.lang.String.valueOf(String.java:2994) ~[na:1.8.0_131]
	at java.lang.StringBuilder.append(StringBuilder.java:131) ~[na:1.8.0_131]
	at com.jpa.hibernate.demo.entity.Course.toString(Course.java:105) ~[classes/:na]
	at java.lang.String.valueOf(String.java:2994) ~[na:1.8.0_131]
	at java.lang.StringBuilder.append(StringBuilder.java:131) ~[na:1.8.0_131]
	at com.jpa.hibernate.demo.entity.Rating.toString(Rating.java:55) ~[classes/:na]
	at java.lang.String.valueOf(String.java:2994) ~[na:1.8.0_131]
	at java.lang.StringBuilder.append(StringBuilder.java:131) ~[na:1.8.0_131]
	at java.util.AbstractCollection.toString(AbstractCollection.java:462) ~[na:1.8.0_131]
	at org.hibernate.collection.internal.PersistentBag.toString(PersistentBag.java:510) ~[hibernate-core-5.0.12.Final.jar:5.0.12.Final]
	at java.lang.String.valueOf(String.java:2994) ~[na:1.8.0_131]
	at java.lang.StringBuilder.append(StringBuilder.java:131) ~[na:1.8.0_131]
	at com.jpa.hibernate.demo.entity.Course.toString(Course.java:105) ~[classes/:na]
	at java.lang.String.valueOf(String.java:2994) ~[na:1.8.0_131]
	at java.lang.StringBuilder.append(StringBuilder.java:131) ~[na:1.8.0_131]
	at com.jpa.hibernate.demo.entity.Rating.toString(Rating.java:55) ~[classes/:na]
	at java.lang.String.valueOf(String.java:2994) ~[na:1.8.0_131]
	at java.lang.StringBuilder.append(StringBuilder.java:131) ~[na:1.8.0_131]
	at java.util.AbstractCollection.toString(AbstractCollection.java:462) ~[na:1.8.0_131]
	at org.hibernate.collection.internal.PersistentBag.toString(PersistentBag.java:510) ~[hibernate-core-5.0.12.Final.jar:5.0.12.Final]
	at java.lang.String.valueOf(String.java:2994) ~[na:1.8.0_131]
	at java.lang.StringBuilder.append(StringBuilder.java:131) ~[na:1.8.0_131]
	at com.jpa.hibernate.demo.entity.Course.toString(Course.java:105) ~[classes/:na]
	at java.lang.String.valueOf(String.java:2994) ~[na:1.8.0_131]
	at java.lang.StringBuilder.append(StringBuilder.java:131) ~[na:1.8.0_131]
	at com.jpa.hibernate.demo.entity.Rating.toString(Rating.java:55) ~[classes/:na]
	at java.lang.String.valueOf(String.java:2994) ~[na:1.8.0_131]
	at java.lang.StringBuilder.append(StringBuilder.java:131) ~[na:1.8.0_131]
	at java.util.AbstractCollection.toString(AbstractCollection.java:462) ~[na:1.8.0_131]
	at org.hibernate.collection.internal.PersistentBag.toString(PersistentBag.java:510) ~[hibernate-core-5.0.12.Final.jar:5.0.12.Final]
	at java.lang.String.valueOf(String.java:2994) ~[na:1.8.0_131]
	at java.lang.StringBuilder.append(StringBuilder.java:131) ~[na:1.8.0_131]
	at com.jpa.hibernate.demo.entity.Course.toString(Course.java:105) ~[classes/:na]
	at java.lang.String.valueOf(String.java:2994) ~[na:1.8.0_131]
	at java.lang.StringBuilder.append(StringBuilder.java:131) ~[na:1.8.0_131]
	at com.jpa.hibernate.demo.entity.Rating.toString(Rating.java:55) ~[classes/:na]
	at java.lang.String.valueOf(String.java:2994) ~[na:1.8.0_131]
	at java.lang.StringBuilder.append(StringBuilder.java:131) ~[na:1.8.0_131]
	at java.util.AbstractCollection.toString(AbstractCollection.java:462) ~[na:1.8.0_131]
	at org.hibernate.collection.internal.PersistentBag.toString(PersistentBag.java:510) ~[hibernate-core-5.0.12.Final.jar:5.0.12.Final]
	at java.lang.String.valueOf(String.java:2994) ~[na:1.8.0_131]
	at java.lang.StringBuilder.append(StringBuilder.java:131) ~[na:1.8.0_131]
	at com.jpa.hibernate.demo.entity.Course.toString(Course.java:105) ~[classes/:na]
	at java.lang.String.valueOf(String.java:2994) ~[na:1.8.0_131]
	at java.lang.StringBuilder.append(StringBuilder.java:131) ~[na:1.8.0_131]
	at com.jpa.hibernate.demo.entity.Rating.toString(Rating.java:55) ~[classes/:na]
	at java.lang.String.valueOf(String.java:2994) ~[na:1.8.0_131]
	at java.lang.StringBuilder.append(StringBuilder.java:131) ~[na:1.8.0_131]
	at java.util.AbstractCollection.toString(AbstractCollection.java:462) ~[na:1.8.0_131]
	at org.hibernate.collection.internal.PersistentBag.toString(PersistentBag.java:510) ~[hibernate-core-5.0.12.Final.jar:5.0.12.Final]
	at java.lang.String.valueOf(String.java:2994) ~[na:1.8.0_131]
	at java.lang.StringBuilder.append(StringBuilder.java:131) ~[na:1.8.0_131]
	at com.jpa.hibernate.demo.entity.Course.toString(Course.java:105) ~[classes/:na]
	at java.lang.String.valueOf(String.java:2994) ~[na:1.8.0_131]
	at java.lang.StringBuilder.append(StringBuilder.java:131) ~[na:1.8.0_131]
	at com.jpa.hibernate.demo.entity.Rating.toString(Rating.java:55) ~[classes/:na]
	at java.lang.String.valueOf(String.java:2994) ~[na:1.8.0_131]
	at java.lang.StringBuilder.append(StringBuilder.java:131) ~[na:1.8.0_131]
	at java.util.AbstractCollection.toString(AbstractCollection.java:462) ~[na:1.8.0_131]
	at org.hibernate.collection.internal.PersistentBag.toString(PersistentBag.java:510) ~[hibernate-core-5.0.12.Final.jar:5.0.12.Final]
	at java.lang.String.valueOf(String.java:2994) ~[na:1.8.0_131]
	at java.lang.StringBuilder.append(StringBuilder.java:131) ~[na:1.8.0_131]
	at com.jpa.hibernate.demo.entity.Course.toString(Course.java:105) ~[classes/:na]
	at java.lang.String.valueOf(String.java:2994) ~[na:1.8.0_131]
	at java.lang.StringBuilder.append(StringBuilder.java:131) ~[na:1.8.0_131]
	at com.jpa.hibernate.demo.entity.Rating.toString(Rating.java:55) ~[classes/:na]
	at java.lang.String.valueOf(String.java:2994) ~[na:1.8.0_131]
	at java.lang.StringBuilder.append(StringBuilder.java:131) ~[na:1.8.0_131]
	at java.util.AbstractCollection.toString(AbstractCollection.java:462) ~[na:1.8.0_131]
	at org.hibernate.collection.internal.PersistentBag.toString(PersistentBag.java:510) ~[hibernate-core-5.0.12.Final.jar:5.0.12.Final]
	at java.lang.String.valueOf(String.java:2994) ~[na:1.8.0_131]
	at java.lang.StringBuilder.append(StringBuilder.java:131) ~[na:1.8.0_131]
	at com.jpa.hibernate.demo.entity.Course.toString(Course.java:105) ~[classes/:na]
	at java.lang.String.valueOf(String.java:2994) ~[na:1.8.0_131]
	at java.lang.StringBuilder.append(StringBuilder.java:131) ~[na:1.8.0_131]
	at com.jpa.hibernate.demo.entity.Rating.toString(Rating.java:55) ~[classes/:na]
	at java.lang.String.valueOf(String.java:2994) ~[na:1.8.0_131]
	at java.lang.StringBuilder.append(StringBuilder.java:131) ~[na:1.8.0_131]
	at java.util.AbstractCollection.toString(AbstractCollection.java:462) ~[na:1.8.0_131]
	at org.hibernate.collection.internal.PersistentBag.toString(PersistentBag.java:510) ~[hibernate-core-5.0.12.Final.jar:5.0.12.Final]
	at java.lang.String.valueOf(String.java:2994) ~[na:1.8.0_131]
	at java.lang.StringBuilder.append(StringBuilder.java:131) ~[na:1.8.0_131]
	at com.jpa.hibernate.demo.entity.Course.toString(Course.java:105) ~[classes/:na]
	at java.lang.String.valueOf(String.java:2994) ~[na:1.8.0_131]
	at java.lang.StringBuilder.append(StringBuilder.java:131) ~[na:1.8.0_131]
	at com.jpa.hibernate.demo.entity.Rating.toString(Rating.java:55) ~[classes/:na]
	at java.lang.String.valueOf(String.java:2994) ~[na:1.8.0_131]
	at java.lang.StringBuilder.append(StringBuilder.java:131) ~[na:1.8.0_131]
	at java.util.AbstractCollection.toString(AbstractCollection.java:462) ~[na:1.8.0_131]
	at org.hibernate.collection.internal.PersistentBag.toString(PersistentBag.java:510) ~[hibernate-core-5.0.12.Final.jar:5.0.12.Final]
	at java.lang.String.valueOf(String.java:2994) ~[na:1.8.0_131]
	at java.lang.StringBuilder.append(StringBuilder.java:131) ~[na:1.8.0_131]
	at com.jpa.hibernate.demo.entity.Course.toString(Course.java:105) ~[classes/:na]
	at java.lang.String.valueOf(String.java:2994) ~[na:1.8.0_131]
	at java.lang.StringBuilder.append(StringBuilder.java:131) ~[na:1.8.0_131]
	at com.jpa.hibernate.demo.entity.Rating.toString(Rating.java:55) ~[classes/:na]
	at java.lang.String.valueOf(String.java:2994) ~[na:1.8.0_131]
	at java.lang.StringBuilder.append(StringBuilder.java:131) ~[na:1.8.0_131]
	at java.util.AbstractCollection.toString(AbstractCollection.java:462) ~[na:1.8.0_131]
	at org.hibernate.collection.internal.PersistentBag.toString(PersistentBag.java:510) ~[hibernate-core-5.0.12.Final.jar:5.0.12.Final]
	at java.lang.String.valueOf(String.java:2994) ~[na:1.8.0_131]
	at java.lang.StringBuilder.append(StringBuilder.java:131) ~[na:1.8.0_131]
	at com.jpa.hibernate.demo.entity.Course.toString(Course.java:105) ~[classes/:na]
	at java.lang.String.valueOf(String.java:2994) ~[na:1.8.0_131]
	at java.lang.StringBuilder.append(StringBuilder.java:131) ~[na:1.8.0_131]
	at com.jpa.hibernate.demo.entity.Rating.toString(Rating.java:55) ~[classes/:na]
	at java.lang.String.valueOf(String.java:2994) ~[na:1.8.0_131]
	at java.lang.StringBuilder.append(StringBuilder.java:131) ~[na:1.8.0_131]
	at java.util.AbstractCollection.toString(AbstractCollection.java:462) ~[na:1.8.0_131]
	at org.hibernate.collection.internal.PersistentBag.toString(PersistentBag.java:510) ~[hibernate-core-5.0.12.Final.jar:5.0.12.Final]
	at java.lang.String.valueOf(String.java:2994) ~[na:1.8.0_131]
	at java.lang.StringBuilder.append(StringBuilder.java:131) ~[na:1.8.0_131]
	at com.jpa.hibernate.demo.entity.Course.toString(Course.java:105) ~[classes/:na]
	at java.lang.String.valueOf(String.java:2994) ~[na:1.8.0_131]
	at java.lang.StringBuilder.append(StringBuilder.java:131) ~[na:1.8.0_131]
	at com.jpa.hibernate.demo.entity.Rating.toString(Rating.java:55) ~[classes/:na]
	at java.lang.String.valueOf(String.java:2994) ~[na:1.8.0_131]
	at java.lang.StringBuilder.append(StringBuilder.java:131) ~[na:1.8.0_131]
	at java.util.AbstractCollection.toString(AbstractCollection.java:462) ~[na:1.8.0_131]
	at org.hibernate.collection.internal.PersistentBag.toString(PersistentBag.java:510) ~[hibernate-core-5.0.12.Final.jar:5.0.12.Final]
	at java.lang.String.valueOf(String.java:2994) ~[na:1.8.0_131]
	at java.lang.StringBuilder.append(StringBuilder.java:131) ~[na:1.8.0_131]
	at com.jpa.hibernate.demo.entity.Course.toString(Course.java:105) ~[classes/:na]
	at java.lang.String.valueOf(String.java:2994) ~[na:1.8.0_131]
	at java.lang.StringBuilder.append(StringBuilder.java:131) ~[na:1.8.0_131]
	at com.jpa.hibernate.demo.entity.Rating.toString(Rating.java:55) ~[classes/:na]
	at java.lang.String.valueOf(String.java:2994) ~[na:1.8.0_131]
	at java.lang.StringBuilder.append(StringBuilder.java:131) ~[na:1.8.0_131]
	at java.util.AbstractCollection.toString(AbstractCollection.java:462) ~[na:1.8.0_131]
	at org.hibernate.collection.internal.PersistentBag.toString(PersistentBag.java:510) ~[hibernate-core-5.0.12.Final.jar:5.0.12.Final]
	at java.lang.String.valueOf(String.java:2994) ~[na:1.8.0_131]
	at java.lang.StringBuilder.append(StringBuilder.java:131) ~[na:1.8.0_131]
	at com.jpa.hibernate.demo.entity.Course.toString(Course.java:105) ~[classes/:na]
	at java.lang.String.valueOf(String.java:2994) ~[na:1.8.0_131]
	at java.lang.StringBuilder.append(StringBuilder.java:131) ~[na:1.8.0_131]
	at com.jpa.hibernate.demo.entity.Rating.toString(Rating.java:55) ~[classes/:na]
	at java.lang.String.valueOf(String.java:2994) ~[na:1.8.0_131]
	at java.lang.StringBuilder.append(StringBuilder.java:131) ~[na:1.8.0_131]
	at java.util.AbstractCollection.toString(AbstractCollection.java:462) ~[na:1.8.0_131]
	at org.hibernate.collection.internal.PersistentBag.toString(PersistentBag.java:510) ~[hibernate-core-5.0.12.Final.jar:5.0.12.Final]
	at java.lang.String.valueOf(String.java:2994) ~[na:1.8.0_131]
	at java.lang.StringBuilder.append(StringBuilder.java:131) ~[na:1.8.0_131]
	at com.jpa.hibernate.demo.entity.Course.toString(Course.java:105) ~[classes/:na]
	at java.lang.String.valueOf(String.java:2994) ~[na:1.8.0_131]
	at java.lang.StringBuilder.append(StringBuilder.java:131) ~[na:1.8.0_131]
	at com.jpa.hibernate.demo.entity.Rating.toString(Rating.java:55) ~[classes/:na]
	at java.lang.String.valueOf(String.java:2994) ~[na:1.8.0_131]
	at java.lang.StringBuilder.append(StringBuilder.java:131) ~[na:1.8.0_131]
	at java.util.AbstractCollection.toString(AbstractCollection.java:462) ~[na:1.8.0_131]
	at org.hibernate.collection.internal.PersistentBag.toString(PersistentBag.java:510) ~[hibernate-core-5.0.12.Final.jar:5.0.12.Final]
	at java.lang.String.valueOf(String.java:2994) ~[na:1.8.0_131]
	at java.lang.StringBuilder.append(StringBuilder.java:131) ~[na:1.8.0_131]
	at com.jpa.hibernate.demo.entity.Course.toString(Course.java:105) ~[classes/:na]
	at java.lang.String.valueOf(String.java:2994) ~[na:1.8.0_131]
	at java.lang.StringBuilder.append(StringBuilder.java:131) ~[na:1.8.0_131]
	at com.jpa.hibernate.demo.entity.Rating.toString(Rating.java:55) ~[classes/:na]
	at java.lang.String.valueOf(String.java:2994) ~[na:1.8.0_131]
	at java.lang.StringBuilder.append(StringBuilder.java:131) ~[na:1.8.0_131]
	at java.util.AbstractCollection.toString(AbstractCollection.java:462) ~[na:1.8.0_131]
	at org.hibernate.collection.internal.PersistentBag.toString(PersistentBag.java:510) ~[hibernate-core-5.0.12.Final.jar:5.0.12.Final]
	at java.lang.String.valueOf(String.java:2994) ~[na:1.8.0_131]
	at java.lang.StringBuilder.append(StringBuilder.java:131) ~[na:1.8.0_131]
	at com.jpa.hibernate.demo.entity.Course.toString(Course.java:105) ~[classes/:na]
	at java.lang.String.valueOf(String.java:2994) ~[na:1.8.0_131]
	at java.lang.StringBuilder.append(StringBuilder.java:131) ~[na:1.8.0_131]
	at com.jpa.hibernate.demo.entity.Rating.toString(Rating.java:55) ~[classes/:na]
	at java.lang.String.valueOf(String.java:2994) ~[na:1.8.0_131]
	at java.lang.StringBuilder.append(StringBuilder.java:131) ~[na:1.8.0_131]
	at java.util.AbstractCollection.toString(AbstractCollection.java:462) ~[na:1.8.0_131]
	at org.hibernate.collection.internal.PersistentBag.toString(PersistentBag.java:510) ~[hibernate-core-5.0.12.Final.jar:5.0.12.Final]
	at java.lang.String.valueOf(String.java:2994) ~[na:1.8.0_131]
	at java.lang.StringBuilder.append(StringBuilder.java:131) ~[na:1.8.0_131]
	at com.jpa.hibernate.demo.entity.Course.toString(Course.java:105) ~[classes/:na]
	at java.lang.String.valueOf(String.java:2994) ~[na:1.8.0_131]
	at java.lang.StringBuilder.append(StringBuilder.java:131) ~[na:1.8.0_131]
	at com.jpa.hibernate.demo.entity.Rating.toString(Rating.java:55) ~[classes/:na]
	at java.lang.String.valueOf(String.java:2994) ~[na:1.8.0_131]
	at java.lang.StringBuilder.append(StringBuilder.java:131) ~[na:1.8.0_131]
	at java.util.AbstractCollection.toString(AbstractCollection.java:462) ~[na:1.8.0_131]
	at org.hibernate.collection.internal.PersistentBag.toString(PersistentBag.java:510) ~[hibernate-core-5.0.12.Final.jar:5.0.12.Final]
	at java.lang.String.valueOf(String.java:2994) ~[na:1.8.0_131]
	at java.lang.StringBuilder.append(StringBuilder.java:131) ~[na:1.8.0_131]
	at com.jpa.hibernate.demo.entity.Course.toString(Course.java:105) ~[classes/:na]
	at java.lang.String.valueOf(String.java:2994) ~[na:1.8.0_131]
	at java.lang.StringBuilder.append(StringBuilder.java:131) ~[na:1.8.0_131]
	at com.jpa.hibernate.demo.entity.Rating.toString(Rating.java:55) ~[classes/:na]
	at java.lang.String.valueOf(String.java:2994) ~[na:1.8.0_131]
	at java.lang.StringBuilder.append(StringBuilder.java:131) ~[na:1.8.0_131]
	at java.util.AbstractCollection.toString(AbstractCollection.java:462) ~[na:1.8.0_131]
	at org.hibernate.collection.internal.PersistentBag.toString(PersistentBag.java:510) ~[hibernate-core-5.0.12.Final.jar:5.0.12.Final]
	at java.lang.String.valueOf(String.java:2994) ~[na:1.8.0_131]
	at java.lang.StringBuilder.append(StringBuilder.java:131) ~[na:1.8.0_131]
	at com.jpa.hibernate.demo.entity.Course.toString(Course.java:105) ~[classes/:na]
	at java.lang.String.valueOf(String.java:2994) ~[na:1.8.0_131]
	at java.lang.StringBuilder.append(StringBuilder.java:131) ~[na:1.8.0_131]
	at com.jpa.hibernate.demo.entity.Rating.toString(Rating.java:55) ~[classes/:na]
	at java.lang.String.valueOf(String.java:2994) ~[na:1.8.0_131]
	at java.lang.StringBuilder.append(StringBuilder.java:131) ~[na:1.8.0_131]
	at java.util.AbstractCollection.toString(AbstractCollection.java:462) ~[na:1.8.0_131]
	at org.hibernate.collection.internal.PersistentBag.toString(PersistentBag.java:510) ~[hibernate-core-5.0.12.Final.jar:5.0.12.Final]
	at java.lang.String.valueOf(String.java:2994) ~[na:1.8.0_131]
	at java.lang.StringBuilder.append(StringBuilder.java:131) ~[na:1.8.0_131]
	at com.jpa.hibernate.demo.entity.Course.toString(Course.java:105) ~[classes/:na]
	at java.lang.String.valueOf(String.java:2994) ~[na:1.8.0_131]
	at java.lang.StringBuilder.append(StringBuilder.java:131) ~[na:1.8.0_131]
	at com.jpa.hibernate.demo.entity.Rating.toString(Rating.java:55) ~[classes/:na]
	at java.lang.String.valueOf(String.java:2994) ~[na:1.8.0_131]
	at java.lang.StringBuilder.append(StringBuilder.java:131) ~[na:1.8.0_131]
	at java.util.AbstractCollection.toString(AbstractCollection.java:462) ~[na:1.8.0_131]
	at org.hibernate.collection.internal.PersistentBag.toString(PersistentBag.java:510) ~[hibernate-core-5.0.12.Final.jar:5.0.12.Final]
	at java.lang.String.valueOf(String.java:2994) ~[na:1.8.0_131]
	at java.lang.StringBuilder.append(StringBuilder.java:131) ~[na:1.8.0_131]
	at com.jpa.hibernate.demo.entity.Course.toString(Course.java:105) ~[classes/:na]
	at java.lang.String.valueOf(String.java:2994) ~[na:1.8.0_131]
	at java.lang.StringBuilder.append(StringBuilder.java:131) ~[na:1.8.0_131]
	at com.jpa.hibernate.demo.entity.Rating.toString(Rating.java:55) ~[classes/:na]
	at java.lang.String.valueOf(String.java:2994) ~[na:1.8.0_131]
	at java.lang.StringBuilder.append(StringBuilder.java:131) ~[na:1.8.0_131]
	at java.util.AbstractCollection.toString(AbstractCollection.java:462) ~[na:1.8.0_131]
	at org.hibernate.collection.internal.PersistentBag.toString(PersistentBag.java:510) ~[hibernate-core-5.0.12.Final.jar:5.0.12.Final]
	at java.lang.String.valueOf(String.java:2994) ~[na:1.8.0_131]
	at java.lang.StringBuilder.append(StringBuilder.java:131) ~[na:1.8.0_131]
	at com.jpa.hibernate.demo.entity.Course.toString(Course.java:105) ~[classes/:na]
	at java.lang.String.valueOf(String.java:2994) ~[na:1.8.0_131]
	at java.lang.StringBuilder.append(StringBuilder.java:131) ~[na:1.8.0_131]
	at com.jpa.hibernate.demo.entity.Rating.toString(Rating.java:55) ~[classes/:na]
	at java.lang.String.valueOf(String.java:2994) ~[na:1.8.0_131]
	at java.lang.StringBuilder.append(StringBuilder.java:131) ~[na:1.8.0_131]
	at java.util.AbstractCollection.toString(AbstractCollection.java:462) ~[na:1.8.0_131]
	at org.hibernate.collection.internal.PersistentBag.toString(PersistentBag.java:510) ~[hibernate-core-5.0.12.Final.jar:5.0.12.Final]
	at java.lang.String.valueOf(String.java:2994) ~[na:1.8.0_131]
	at java.lang.StringBuilder.append(StringBuilder.java:131) ~[na:1.8.0_131]
	at com.jpa.hibernate.demo.entity.Course.toString(Course.java:105) ~[classes/:na]
	at java.lang.String.valueOf(String.java:2994) ~[na:1.8.0_131]
	at java.lang.StringBuilder.append(StringBuilder.java:131) ~[na:1.8.0_131]
	at com.jpa.hibernate.demo.entity.Rating.toString(Rating.java:55) ~[classes/:na]
	at java.lang.String.valueOf(String.java:2994) ~[na:1.8.0_131]
	at java.lang.StringBuilder.append(StringBuilder.java:131) ~[na:1.8.0_131]
	at java.util.AbstractCollection.toString(AbstractCollection.java:462) ~[na:1.8.0_131]
	at org.hibernate.collection.internal.PersistentBag.toString(PersistentBag.java:510) ~[hibernate-core-5.0.12.Final.jar:5.0.12.Final]
	at java.lang.String.valueOf(String.java:2994) ~[na:1.8.0_131]
	at java.lang.StringBuilder.append(StringBuilder.java:131) ~[na:1.8.0_131]
	at com.jpa.hibernate.demo.entity.Course.toString(Course.java:105) ~[classes/:na]
	at java.lang.String.valueOf(String.java:2994) ~[na:1.8.0_131]
	at java.lang.StringBuilder.append(StringBuilder.java:131) ~[na:1.8.0_131]
	at com.jpa.hibernate.demo.entity.Rating.toString(Rating.java:55) ~[classes/:na]
	at java.lang.String.valueOf(String.java:2994) ~[na:1.8.0_131]
	at java.lang.StringBuilder.append(StringBuilder.java:131) ~[na:1.8.0_131]
	at java.util.AbstractCollection.toString(AbstractCollection.java:462) ~[na:1.8.0_131]
	at org.hibernate.collection.internal.PersistentBag.toString(PersistentBag.java:510) ~[hibernate-core-5.0.12.Final.jar:5.0.12.Final]
	at java.lang.String.valueOf(String.java:2994) ~[na:1.8.0_131]
	at java.lang.StringBuilder.append(StringBuilder.java:131) ~[na:1.8.0_131]
	at com.jpa.hibernate.demo.entity.Course.toString(Course.java:105) ~[classes/:na]
	at java.lang.String.valueOf(String.java:2994) ~[na:1.8.0_131]
	at java.lang.StringBuilder.append(StringBuilder.java:131) ~[na:1.8.0_131]
	at com.jpa.hibernate.demo.entity.Rating.toString(Rating.java:55) ~[classes/:na]
	at java.lang.String.valueOf(String.java:2994) ~[na:1.8.0_131]
	at java.lang.StringBuilder.append(StringBuilder.java:131) ~[na:1.8.0_131]
	at java.util.AbstractCollection.toString(AbstractCollection.java:462) ~[na:1.8.0_131]
	at org.hibernate.collection.internal.PersistentBag.toString(PersistentBag.java:510) ~[hibernate-core-5.0.12.Final.jar:5.0.12.Final]
	at java.lang.String.valueOf(String.java:2994) ~[na:1.8.0_131]
	at java.lang.StringBuilder.append(StringBuilder.java:131) ~[na:1.8.0_131]
	at com.jpa.hibernate.demo.entity.Course.toString(Course.java:105) ~[classes/:na]
	at java.lang.String.valueOf(String.java:2994) ~[na:1.8.0_131]
	at java.lang.StringBuilder.append(StringBuilder.java:131) ~[na:1.8.0_131]
	at com.jpa.hibernate.demo.entity.Rating.toString(Rating.java:55) ~[classes/:na]
	at java.lang.String.valueOf(String.java:2994) ~[na:1.8.0_131]
	at java.lang.StringBuilder.append(StringBuilder.java:131) ~[na:1.8.0_131]
	at java.util.AbstractCollection.toString(AbstractCollection.java:462) ~[na:1.8.0_131]
	at org.hibernate.collection.internal.PersistentBag.toString(PersistentBag.java:510) ~[hibernate-core-5.0.12.Final.jar:5.0.12.Final]
	at java.lang.String.valueOf(String.java:2994) ~[na:1.8.0_131]
	at java.lang.StringBuilder.append(StringBuilder.java:131) ~[na:1.8.0_131]
	at com.jpa.hibernate.demo.entity.Course.toString(Course.java:105) ~[classes/:na]
	at java.lang.String.valueOf(String.java:2994) ~[na:1.8.0_131]
	at java.lang.StringBuilder.append(StringBuilder.java:131) ~[na:1.8.0_131]
	at com.jpa.hibernate.demo.entity.Rating.toString(Rating.java:55) ~[classes/:na]
	at java.lang.String.valueOf(String.java:2994) ~[na:1.8.0_131]
	at java.lang.StringBuilder.append(StringBuilder.java:131) ~[na:1.8.0_131]
	at java.util.AbstractCollection.toString(AbstractCollection.java:462) ~[na:1.8.0_131]
	at org.hibernate.collection.internal.PersistentBag.toString(PersistentBag.java:510) ~[hibernate-core-5.0.12.Final.jar:5.0.12.Final]
	at java.lang.String.valueOf(String.java:2994) ~[na:1.8.0_131]
	at java.lang.StringBuilder.append(StringBuilder.java:131) ~[na:1.8.0_131]
	at com.jpa.hibernate.demo.entity.Course.toString(Course.java:105) ~[classes/:na]
	at java.lang.String.valueOf(String.java:2994) ~[na:1.8.0_131]
	at java.lang.StringBuilder.append(StringBuilder.java:131) ~[na:1.8.0_131]
	at com.jpa.hibernate.demo.entity.Rating.toString(Rating.java:55) ~[classes/:na]
	at java.lang.String.valueOf(String.java:2994) ~[na:1.8.0_131]
	at java.lang.StringBuilder.append(StringBuilder.java:131) ~[na:1.8.0_131]
	at java.util.AbstractCollection.toString(AbstractCollection.java:462) ~[na:1.8.0_131]
	at org.hibernate.collection.internal.PersistentBag.toString(PersistentBag.java:510) ~[hibernate-core-5.0.12.Final.jar:5.0.12.Final]
	at java.lang.String.valueOf(String.java:2994) ~[na:1.8.0_131]
	at java.lang.StringBuilder.append(StringBuilder.java:131) ~[na:1.8.0_131]
	at com.jpa.hibernate.demo.entity.Course.toString(Course.java:105) ~[classes/:na]
	at java.lang.String.valueOf(String.java:2994) ~[na:1.8.0_131]
	at java.lang.StringBuilder.append(StringBuilder.java:131) ~[na:1.8.0_131]
	at com.jpa.hibernate.demo.entity.Rating.toString(Rating.java:55) ~[classes/:na]
	at java.lang.String.valueOf(String.java:2994) ~[na:1.8.0_131]
	at java.lang.StringBuilder.append(StringBuilder.java:131) ~[na:1.8.0_131]
	at java.util.AbstractCollection.toString(AbstractCollection.java:462) ~[na:1.8.0_131]
	at org.hibernate.collection.internal.PersistentBag.toString(PersistentBag.java:510) ~[hibernate-core-5.0.12.Final.jar:5.0.12.Final]
	at java.lang.String.valueOf(String.java:2994) ~[na:1.8.0_131]
	at java.lang.StringBuilder.append(StringBuilder.java:131) ~[na:1.8.0_131]
	at com.jpa.hibernate.demo.entity.Course.toString(Course.java:105) ~[classes/:na]
	at java.lang.String.valueOf(String.java:2994) ~[na:1.8.0_131]
	at java.lang.StringBuilder.append(StringBuilder.java:131) ~[na:1.8.0_131]
	at com.jpa.hibernate.demo.entity.Rating.toString(Rating.java:55) ~[classes/:na]
	at java.lang.String.valueOf(String.java:2994) ~[na:1.8.0_131]
	at java.lang.StringBuilder.append(StringBuilder.java:131) ~[na:1.8.0_131]
	at java.util.AbstractCollection.toString(AbstractCollection.java:462) ~[na:1.8.0_131]
	at org.hibernate.collection.internal.PersistentBag.toString(PersistentBag.java:510) ~[hibernate-core-5.0.12.Final.jar:5.0.12.Final]
	at java.lang.String.valueOf(String.java:2994) ~[na:1.8.0_131]
	at java.lang.StringBuilder.append(StringBuilder.java:131) ~[na:1.8.0_131]
	at com.jpa.hibernate.demo.entity.Course.toString(Course.java:105) ~[classes/:na]
	at java.lang.String.valueOf(String.java:2994) ~[na:1.8.0_131]
	at java.lang.StringBuilder.append(StringBuilder.java:131) ~[na:1.8.0_131]
	at com.jpa.hibernate.demo.entity.Rating.toString(Rating.java:55) ~[classes/:na]
	at java.lang.String.valueOf(String.java:2994) ~[na:1.8.0_131]
	at java.lang.StringBuilder.append(StringBuilder.java:131) ~[na:1.8.0_131]
	at java.util.AbstractCollection.toString(AbstractCollection.java:462) ~[na:1.8.0_131]
	at org.hibernate.collection.internal.PersistentBag.toString(PersistentBag.java:510) ~[hibernate-core-5.0.12.Final.jar:5.0.12.Final]
	at java.lang.String.valueOf(String.java:2994) ~[na:1.8.0_131]
	at java.lang.StringBuilder.append(StringBuilder.java:131) ~[na:1.8.0_131]
	at com.jpa.hibernate.demo.entity.Course.toString(Course.java:105) ~[classes/:na]
	at java.lang.String.valueOf(String.java:2994) ~[na:1.8.0_131]
	at java.lang.StringBuilder.append(StringBuilder.java:131) ~[na:1.8.0_131]
	at com.jpa.hibernate.demo.entity.Rating.toString(Rating.java:55) ~[classes/:na]
	at java.lang.String.valueOf(String.java:2994) ~[na:1.8.0_131]
	at java.lang.StringBuilder.append(StringBuilder.java:131) ~[na:1.8.0_131]
	at java.util.AbstractCollection.toString(AbstractCollection.java:462) ~[na:1.8.0_131]
	at org.hibernate.collection.internal.PersistentBag.toString(PersistentBag.java:510) ~[hibernate-core-5.0.12.Final.jar:5.0.12.Final]
	at java.lang.String.valueOf(String.java:2994) ~[na:1.8.0_131]
	at java.lang.StringBuilder.append(StringBuilder.java:131) ~[na:1.8.0_131]
	at com.jpa.hibernate.demo.entity.Course.toString(Course.java:105) ~[classes/:na]
	at java.lang.String.valueOf(String.java:2994) ~[na:1.8.0_131]
	at java.lang.StringBuilder.append(StringBuilder.java:131) ~[na:1.8.0_131]
	at com.jpa.hibernate.demo.entity.Rating.toString(Rating.java:55) ~[classes/:na]
	at java.lang.String.valueOf(String.java:2994) ~[na:1.8.0_131]
	at java.lang.StringBuilder.append(StringBuilder.java:131) ~[na:1.8.0_131]
	at java.util.AbstractCollection.toString(AbstractCollection.java:462) ~[na:1.8.0_131]
	at org.hibernate.collection.internal.PersistentBag.toString(PersistentBag.java:510) ~[hibernate-core-5.0.12.Final.jar:5.0.12.Final]
	at java.lang.String.valueOf(String.java:2994) ~[na:1.8.0_131]
	at java.lang.StringBuilder.append(StringBuilder.java:131) ~[na:1.8.0_131]
	at com.jpa.hibernate.demo.entity.Course.toString(Course.java:105) ~[classes/:na]
	at java.lang.String.valueOf(String.java:2994) ~[na:1.8.0_131]
	at java.lang.StringBuilder.append(StringBuilder.java:131) ~[na:1.8.0_131]
	at com.jpa.hibernate.demo.entity.Rating.toString(Rating.java:55) ~[classes/:na]
	at java.lang.String.valueOf(String.java:2994) ~[na:1.8.0_131]
	at java.lang.StringBuilder.append(StringBuilder.java:131) ~[na:1.8.0_131]
	at java.util.AbstractCollection.toString(AbstractCollection.java:462) ~[na:1.8.0_131]
	at org.hibernate.collection.internal.PersistentBag.toString(PersistentBag.java:510) ~[hibernate-core-5.0.12.Final.jar:5.0.12.Final]
	at java.lang.String.valueOf(String.java:2994) ~[na:1.8.0_131]
	at java.lang.StringBuilder.append(StringBuilder.java:131) ~[na:1.8.0_131]
	at com.jpa.hibernate.demo.entity.Course.toString(Course.java:105) ~[classes/:na]
	at java.lang.String.valueOf(String.java:2994) ~[na:1.8.0_131]
	at java.lang.StringBuilder.append(StringBuilder.java:131) ~[na:1.8.0_131]
	at com.jpa.hibernate.demo.entity.Rating.toString(Rating.java:55) ~[classes/:na]
	at java.lang.String.valueOf(String.java:2994) ~[na:1.8.0_131]
	at java.lang.StringBuilder.append(StringBuilder.java:131) ~[na:1.8.0_131]
	at java.util.AbstractCollection.toString(AbstractCollection.java:462) ~[na:1.8.0_131]
	at org.hibernate.collection.internal.PersistentBag.toString(PersistentBag.java:510) ~[hibernate-core-5.0.12.Final.jar:5.0.12.Final]
	at java.lang.String.valueOf(String.java:2994) ~[na:1.8.0_131]
	at java.lang.StringBuilder.append(StringBuilder.java:131) ~[na:1.8.0_131]
	at com.jpa.hibernate.demo.entity.Course.toString(Course.java:105) ~[classes/:na]
	at java.lang.String.valueOf(String.java:2994) ~[na:1.8.0_131]
	at java.lang.StringBuilder.append(StringBuilder.java:131) ~[na:1.8.0_131]
	at com.jpa.hibernate.demo.entity.Rating.toString(Rating.java:55) ~[classes/:na]
	at java.lang.String.valueOf(String.java:2994) ~[na:1.8.0_131]
	at java.lang.StringBuilder.append(StringBuilder.java:131) ~[na:1.8.0_131]
	at java.util.AbstractCollection.toString(AbstractCollection.java:462) ~[na:1.8.0_131]
	at org.hibernate.collection.internal.PersistentBag.toString(PersistentBag.java:510) ~[hibernate-core-5.0.12.Final.jar:5.0.12.Final]
	at java.lang.String.valueOf(String.java:2994) ~[na:1.8.0_131]
	at java.lang.StringBuilder.append(StringBuilder.java:131) ~[na:1.8.0_131]
	at com.jpa.hibernate.demo.entity.Course.toString(Course.java:105) ~[classes/:na]
	at java.lang.String.valueOf(String.java:2994) ~[na:1.8.0_131]
	at java.lang.StringBuilder.append(StringBuilder.java:131) ~[na:1.8.0_131]
	at com.jpa.hibernate.demo.entity.Rating.toString(Rating.java:55) ~[classes/:na]
	at java.lang.String.valueOf(String.java:2994) ~[na:1.8.0_131]
	at java.lang.StringBuilder.append(StringBuilder.java:131) ~[na:1.8.0_131]
	at java.util.AbstractCollection.toString(AbstractCollection.java:462) ~[na:1.8.0_131]
	at org.hibernate.collection.internal.PersistentBag.toString(PersistentBag.java:510) ~[hibernate-core-5.0.12.Final.jar:5.0.12.Final]
	at java.lang.String.valueOf(String.java:2994) ~[na:1.8.0_131]
	at java.lang.StringBuilder.append(StringBuilder.java:131) ~[na:1.8.0_131]
	at com.jpa.hibernate.demo.entity.Course.toString(Course.java:105) ~[classes/:na]
	at java.lang.String.valueOf(String.java:2994) ~[na:1.8.0_131]
	at java.lang.StringBuilder.append(StringBuilder.java:131) ~[na:1.8.0_131]
	at com.jpa.hibernate.demo.entity.Rating.toString(Rating.java:55) ~[classes/:na]
	at java.lang.String.valueOf(String.java:2994) ~[na:1.8.0_131]
	at java.lang.StringBuilder.append(StringBuilder.java:131) ~[na:1.8.0_131]
	at java.util.AbstractCollection.toString(AbstractCollection.java:462) ~[na:1.8.0_131]
	at org.hibernate.collection.internal.PersistentBag.toString(PersistentBag.java:510) ~[hibernate-core-5.0.12.Final.jar:5.0.12.Final]
	at java.lang.String.valueOf(String.java:2994) ~[na:1.8.0_131]
	at java.lang.StringBuilder.append(StringBuilder.java:131) ~[na:1.8.0_131]
	at com.jpa.hibernate.demo.entity.Course.toString(Course.java:105) ~[classes/:na]
	at java.lang.String.valueOf(String.java:2994) ~[na:1.8.0_131]
	at java.lang.StringBuilder.append(StringBuilder.java:131) ~[na:1.8.0_131]
	at com.jpa.hibernate.demo.entity.Rating.toString(Rating.java:55) ~[classes/:na]
	at java.lang.String.valueOf(String.java:2994) ~[na:1.8.0_131]
	at java.lang.StringBuilder.append(StringBuilder.java:131) ~[na:1.8.0_131]
	at java.util.AbstractCollection.toString(AbstractCollection.java:462) ~[na:1.8.0_131]
	at org.hibernate.collection.internal.PersistentBag.toString(PersistentBag.java:510) ~[hibernate-core-5.0.12.Final.jar:5.0.12.Final]
	at java.lang.String.valueOf(String.java:2994) ~[na:1.8.0_131]
	at java.lang.StringBuilder.append(StringBuilder.java:131) ~[na:1.8.0_131]
	at com.jpa.hibernate.demo.entity.Course.toString(Course.java:105) ~[classes/:na]
	at java.lang.String.valueOf(String.java:2994) ~[na:1.8.0_131]
	at java.lang.StringBuilder.append(StringBuilder.java:131) ~[na:1.8.0_131]
	at com.jpa.hibernate.demo.entity.Rating.toString(Rating.java:55) ~[classes/:na]
	at java.lang.String.valueOf(String.java:2994) ~[na:1.8.0_131]
	at java.lang.StringBuilder.append(StringBuilder.java:131) ~[na:1.8.0_131]
	at java.util.AbstractCollection.toString(AbstractCollection.java:462) ~[na:1.8.0_131]
	at org.hibernate.collection.internal.PersistentBag.toString(PersistentBag.java:510) ~[hibernate-core-5.0.12.Final.jar:5.0.12.Final]
	at java.lang.String.valueOf(String.java:2994) ~[na:1.8.0_131]
	at java.lang.StringBuilder.append(StringBuilder.java:131) ~[na:1.8.0_131]
	at com.jpa.hibernate.demo.entity.Course.toString(Course.java:105) ~[classes/:na]
	at java.lang.String.valueOf(String.java:2994) ~[na:1.8.0_131]
	at java.lang.StringBuilder.append(StringBuilder.java:131) ~[na:1.8.0_131]
	at com.jpa.hibernate.demo.entity.Rating.toString(Rating.java:55) ~[classes/:na]
	at java.lang.String.valueOf(String.java:2994) ~[na:1.8.0_131]
	at java.lang.StringBuilder.append(StringBuilder.java:131) ~[na:1.8.0_131]
	at java.util.AbstractCollection.toString(AbstractCollection.java:462) ~[na:1.8.0_131]
	at org.hibernate.collection.internal.PersistentBag.toString(PersistentBag.java:510) ~[hibernate-core-5.0.12.Final.jar:5.0.12.Final]
	at java.lang.String.valueOf(String.java:2994) ~[na:1.8.0_131]
	at java.lang.StringBuilder.append(StringBuilder.java:131) ~[na:1.8.0_131]
	at com.jpa.hibernate.demo.entity.Course.toString(Course.java:105) ~[classes/:na]
	at java.lang.String.valueOf(String.java:2994) ~[na:1.8.0_131]
	at java.lang.StringBuilder.append(StringBuilder.java:131) ~[na:1.8.0_131]
	at com.jpa.hibernate.demo.entity.Rating.toString(Rating.java:55) ~[classes/:na]
	at java.lang.String.valueOf(String.java:2994) ~[na:1.8.0_131]
	at java.lang.StringBuilder.append(StringBuilder.java:131) ~[na:1.8.0_131]
	at java.util.AbstractCollection.toString(AbstractCollection.java:462) ~[na:1.8.0_131]
	at org.hibernate.collection.internal.PersistentBag.toString(PersistentBag.java:510) ~[hibernate-core-5.0.12.Final.jar:5.0.12.Final]
	at java.lang.String.valueOf(String.java:2994) ~[na:1.8.0_131]
	at java.lang.StringBuilder.append(StringBuilder.java:131) ~[na:1.8.0_131]
	at com.jpa.hibernate.demo.entity.Course.toString(Course.java:105) ~[classes/:na]
	at java.lang.String.valueOf(String.java:2994) ~[na:1.8.0_131]
	at java.lang.StringBuilder.append(StringBuilder.java:131) ~[na:1.8.0_131]
	at com.jpa.hibernate.demo.entity.Rating.toString(Rating.java:55) ~[classes/:na]
	at java.lang.String.valueOf(String.java:2994) ~[na:1.8.0_131]
	at java.lang.StringBuilder.append(StringBuilder.java:131) ~[na:1.8.0_131]
	at java.util.AbstractCollection.toString(AbstractCollection.java:462) ~[na:1.8.0_131]
	at org.hibernate.collection.internal.PersistentBag.toString(PersistentBag.java:510) ~[hibernate-core-5.0.12.Final.jar:5.0.12.Final]
	at java.lang.String.valueOf(String.java:2994) ~[na:1.8.0_131]
	at java.lang.StringBuilder.append(StringBuilder.java:131) ~[na:1.8.0_131]
	at com.jpa.hibernate.demo.entity.Course.toString(Course.java:105) ~[classes/:na]
	at java.lang.String.valueOf(String.java:2994) ~[na:1.8.0_131]
	at java.lang.StringBuilder.append(StringBuilder.java:131) ~[na:1.8.0_131]
	at com.jpa.hibernate.demo.entity.Rating.toString(Rating.java:55) ~[classes/:na]
	at java.lang.String.valueOf(String.java:2994) ~[na:1.8.0_131]
	at java.lang.StringBuilder.append(StringBuilder.java:131) ~[na:1.8.0_131]
	at java.util.AbstractCollection.toString(AbstractCollection.java:462) ~[na:1.8.0_131]
	at org.hibernate.collection.internal.PersistentBag.toString(PersistentBag.java:510) ~[hibernate-core-5.0.12.Final.jar:5.0.12.Final]
	at java.lang.String.valueOf(String.java:2994) ~[na:1.8.0_131]
	at java.lang.StringBuilder.append(StringBuilder.java:131) ~[na:1.8.0_131]
	at com.jpa.hibernate.demo.entity.Course.toString(Course.java:105) ~[classes/:na]
	at java.lang.String.valueOf(String.java:2994) ~[na:1.8.0_131]
	at java.lang.StringBuilder.append(StringBuilder.java:131) ~[na:1.8.0_131]
	at com.jpa.hibernate.demo.entity.Rating.toString(Rating.java:55) ~[classes/:na]
	at java.lang.String.valueOf(String.java:2994) ~[na:1.8.0_131]
	at java.lang.StringBuilder.append(StringBuilder.java:131) ~[na:1.8.0_131]
	at java.util.AbstractCollection.toString(AbstractCollection.java:462) ~[na:1.8.0_131]
	at org.hibernate.collection.internal.PersistentBag.toString(PersistentBag.java:510) ~[hibernate-core-5.0.12.Final.jar:5.0.12.Final]
	at java.lang.String.valueOf(String.java:2994) ~[na:1.8.0_131]
	at java.lang.StringBuilder.append(StringBuilder.java:131) ~[na:1.8.0_131]
	at com.jpa.hibernate.demo.entity.Course.toString(Course.java:105) ~[classes/:na]
	at java.lang.String.valueOf(String.java:2994) ~[na:1.8.0_131]
	at java.lang.StringBuilder.append(StringBuilder.java:131) ~[na:1.8.0_131]
	at com.jpa.hibernate.demo.entity.Rating.toString(Rating.java:55) ~[classes/:na]
	at java.lang.String.valueOf(String.java:2994) ~[na:1.8.0_131]
	at java.lang.StringBuilder.append(StringBuilder.java:131) ~[na:1.8.0_131]
	at java.util.AbstractCollection.toString(AbstractCollection.java:462) ~[na:1.8.0_131]
	at org.hibernate.collection.internal.PersistentBag.toString(PersistentBag.java:510) ~[hibernate-core-5.0.12.Final.jar:5.0.12.Final]
	at java.lang.String.valueOf(String.java:2994) ~[na:1.8.0_131]
	at java.lang.StringBuilder.append(StringBuilder.java:131) ~[na:1.8.0_131]
	at com.jpa.hibernate.demo.entity.Course.toString(Course.java:105) ~[classes/:na]
	at java.lang.String.valueOf(String.java:2994) ~[na:1.8.0_131]
	at java.lang.StringBuilder.append(StringBuilder.java:131) ~[na:1.8.0_131]
	at com.jpa.hibernate.demo.entity.Rating.toString(Rating.java:55) ~[classes/:na]
	at java.lang.String.valueOf(String.java:2994) ~[na:1.8.0_131]
	at java.lang.StringBuilder.append(StringBuilder.java:131) ~[na:1.8.0_131]
	at java.util.AbstractCollection.toString(AbstractCollection.java:462) ~[na:1.8.0_131]
	at org.hibernate.collection.internal.PersistentBag.toString(PersistentBag.java:510) ~[hibernate-core-5.0.12.Final.jar:5.0.12.Final]
	at java.lang.String.valueOf(String.java:2994) ~[na:1.8.0_131]
	at java.lang.StringBuilder.append(StringBuilder.java:131) ~[na:1.8.0_131]
	at com.jpa.hibernate.demo.entity.Course.toString(Course.java:105) ~[classes/:na]
	at java.lang.String.valueOf(String.java:2994) ~[na:1.8.0_131]
	at java.lang.StringBuilder.append(StringBuilder.java:131) ~[na:1.8.0_131]
	at com.jpa.hibernate.demo.entity.Rating.toString(Rating.java:55) ~[classes/:na]
	at java.lang.String.valueOf(String.java:2994) ~[na:1.8.0_131]
	at java.lang.StringBuilder.append(StringBuilder.java:131) ~[na:1.8.0_131]
	at java.util.AbstractCollection.toString(AbstractCollection.java:462) ~[na:1.8.0_131]
	at org.hibernate.collection.internal.PersistentBag.toString(PersistentBag.java:510) ~[hibernate-core-5.0.12.Final.jar:5.0.12.Final]
	at java.lang.String.valueOf(String.java:2994) ~[na:1.8.0_131]
	at java.lang.StringBuilder.append(StringBuilder.java:131) ~[na:1.8.0_131]
	at com.jpa.hibernate.demo.entity.Course.toString(Course.java:105) ~[classes/:na]
	at java.lang.String.valueOf(String.java:2994) ~[na:1.8.0_131]
	at java.lang.StringBuilder.append(StringBuilder.java:131) ~[na:1.8.0_131]
	at com.jpa.hibernate.demo.entity.Rating.toString(Rating.java:55) ~[classes/:na]
	at java.lang.String.valueOf(String.java:2994) ~[na:1.8.0_131]
	at java.lang.StringBuilder.append(StringBuilder.java:131) ~[na:1.8.0_131]
	at java.util.AbstractCollection.toString(AbstractCollection.java:462) ~[na:1.8.0_131]
	at org.hibernate.collection.internal.PersistentBag.toString(PersistentBag.java:510) ~[hibernate-core-5.0.12.Final.jar:5.0.12.Final]
	at java.lang.String.valueOf(String.java:2994) ~[na:1.8.0_131]
	at java.lang.StringBuilder.append(StringBuilder.java:131) ~[na:1.8.0_131]
	at com.jpa.hibernate.demo.entity.Course.toString(Course.java:105) ~[classes/:na]
	at java.lang.String.valueOf(String.java:2994) ~[na:1.8.0_131]
	at java.lang.StringBuilder.append(StringBuilder.java:131) ~[na:1.8.0_131]
	at com.jpa.hibernate.demo.entity.Rating.toString(Rating.java:55) ~[classes/:na]
	at java.lang.String.valueOf(String.java:2994) ~[na:1.8.0_131]
	at java.lang.StringBuilder.append(StringBuilder.java:131) ~[na:1.8.0_131]
	at java.util.AbstractCollection.toString(AbstractCollection.java:462) ~[na:1.8.0_131]
	at org.hibernate.collection.internal.PersistentBag.toString(PersistentBag.java:510) ~[hibernate-core-5.0.12.Final.jar:5.0.12.Final]
	at java.lang.String.valueOf(String.java:2994) ~[na:1.8.0_131]
	at java.lang.StringBuilder.append(StringBuilder.java:131) ~[na:1.8.0_131]
	at com.jpa.hibernate.demo.entity.Course.toString(Course.java:105) ~[classes/:na]
	at java.lang.String.valueOf(String.java:2994) ~[na:1.8.0_131]
	at java.lang.StringBuilder.append(StringBuilder.java:131) ~[na:1.8.0_131]
	at com.jpa.hibernate.demo.entity.Rating.toString(Rating.java:55) ~[classes/:na]
	at java.lang.String.valueOf(String.java:2994) ~[na:1.8.0_131]
	at java.lang.StringBuilder.append(StringBuilder.java:131) ~[na:1.8.0_131]
	at java.util.AbstractCollection.toString(AbstractCollection.java:462) ~[na:1.8.0_131]
	at org.hibernate.collection.internal.PersistentBag.toString(PersistentBag.java:510) ~[hibernate-core-5.0.12.Final.jar:5.0.12.Final]
	at java.lang.String.valueOf(String.java:2994) ~[na:1.8.0_131]
	at java.lang.StringBuilder.append(StringBuilder.java:131) ~[na:1.8.0_131]
	at com.jpa.hibernate.demo.entity.Course.toString(Course.java:105) ~[classes/:na]
	at java.lang.String.valueOf(String.java:2994) ~[na:1.8.0_131]
	at java.lang.StringBuilder.append(StringBuilder.java:131) ~[na:1.8.0_131]
	at com.jpa.hibernate.demo.entity.Rating.toString(Rating.java:55) ~[classes/:na]
	at java.lang.String.valueOf(String.java:2994) ~[na:1.8.0_131]
	at java.lang.StringBuilder.append(StringBuilder.java:131) ~[na:1.8.0_131]
	at java.util.AbstractCollection.toString(AbstractCollection.java:462) ~[na:1.8.0_131]
	at org.hibernate.collection.internal.PersistentBag.toString(PersistentBag.java:510) ~[hibernate-core-5.0.12.Final.jar:5.0.12.Final]
	at java.lang.String.valueOf(String.java:2994) ~[na:1.8.0_131]
	at java.lang.StringBuilder.append(StringBuilder.java:131) ~[na:1.8.0_131]
	at com.jpa.hibernate.demo.entity.Course.toString(Course.java:105) ~[classes/:na]
	at java.lang.String.valueOf(String.java:2994) ~[na:1.8.0_131]
	at java.lang.StringBuilder.append(StringBuilder.java:131) ~[na:1.8.0_131]
	at com.jpa.hibernate.demo.entity.Rating.toString(Rating.java:55) ~[classes/:na]
	at java.lang.String.valueOf(String.java:2994) ~[na:1.8.0_131]
	at java.lang.StringBuilder.append(StringBuilder.java:131) ~[na:1.8.0_131]
	at java.util.AbstractCollection.toString(AbstractCollection.java:462) ~[na:1.8.0_131]
	at org.hibernate.collection.internal.PersistentBag.toString(PersistentBag.java:510) ~[hibernate-core-5.0.12.Final.jar:5.0.12.Final]
	at java.lang.String.valueOf(String.java:2994) ~[na:1.8.0_131]
	at java.lang.StringBuilder.append(StringBuilder.java:131) ~[na:1.8.0_131]
	at com.jpa.hibernate.demo.entity.Course.toString(Course.java:105) ~[classes/:na]
	at java.lang.String.valueOf(String.java:2994) ~[na:1.8.0_131]
	at java.lang.StringBuilder.append(StringBuilder.java:131) ~[na:1.8.0_131]
	at com.jpa.hibernate.demo.entity.Rating.toString(Rating.java:55) ~[classes/:na]
	at java.lang.String.valueOf(String.java:2994) ~[na:1.8.0_131]
	at java.lang.StringBuilder.append(StringBuilder.java:131) ~[na:1.8.0_131]
	at java.util.AbstractCollection.toString(AbstractCollection.java:462) ~[na:1.8.0_131]
	at org.hibernate.collection.internal.PersistentBag.toString(PersistentBag.java:510) ~[hibernate-core-5.0.12.Final.jar:5.0.12.Final]
	at java.lang.String.valueOf(String.java:2994) ~[na:1.8.0_131]
	at java.lang.StringBuilder.append(StringBuilder.java:131) ~[na:1.8.0_131]
	at com.jpa.hibernate.demo.entity.Course.toString(Course.java:105) ~[classes/:na]
	at java.lang.String.valueOf(String.java:2994) ~[na:1.8.0_131]
	at java.lang.StringBuilder.append(StringBuilder.java:131) ~[na:1.8.0_131]
	at com.jpa.hibernate.demo.entity.Rating.toString(Rating.java:55) ~[classes/:na]
	at java.lang.String.valueOf(String.java:2994) ~[na:1.8.0_131]
	at java.lang.StringBuilder.append(StringBuilder.java:131) ~[na:1.8.0_131]
	at java.util.AbstractCollection.toString(AbstractCollection.java:462) ~[na:1.8.0_131]
	at org.hibernate.collection.internal.PersistentBag.toString(PersistentBag.java:510) ~[hibernate-core-5.0.12.Final.jar:5.0.12.Final]
	at java.lang.String.valueOf(String.java:2994) ~[na:1.8.0_131]
	at java.lang.StringBuilder.append(StringBuilder.java:131) ~[na:1.8.0_131]
	at com.jpa.hibernate.demo.entity.Course.toString(Course.java:105) ~[classes/:na]
	at java.lang.String.valueOf(String.java:2994) ~[na:1.8.0_131]
	at java.lang.StringBuilder.append(StringBuilder.java:131) ~[na:1.8.0_131]
	at com.jpa.hibernate.demo.entity.Rating.toString(Rating.java:55) ~[classes/:na]
	at java.lang.String.valueOf(String.java:2994) ~[na:1.8.0_131]
	at java.lang.StringBuilder.append(StringBuilder.java:131) ~[na:1.8.0_131]
	at java.util.AbstractCollection.toString(AbstractCollection.java:462) ~[na:1.8.0_131]
	at org.hibernate.collection.internal.PersistentBag.toString(PersistentBag.java:510) ~[hibernate-core-5.0.12.Final.jar:5.0.12.Final]
	at java.lang.String.valueOf(String.java:2994) ~[na:1.8.0_131]
	at java.lang.StringBuilder.append(StringBuilder.java:131) ~[na:1.8.0_131]
	at com.jpa.hibernate.demo.entity.Course.toString(Course.java:105) ~[classes/:na]
	at java.lang.String.valueOf(String.java:2994) ~[na:1.8.0_131]
	at java.lang.StringBuilder.append(StringBuilder.java:131) ~[na:1.8.0_131]
	at com.jpa.hibernate.demo.entity.Rating.toString(Rating.java:55) ~[classes/:na]
	at java.lang.String.valueOf(String.java:2994) ~[na:1.8.0_131]
	at java.lang.StringBuilder.append(StringBuilder.java:131) ~[na:1.8.0_131]
	at java.util.AbstractCollection.toString(AbstractCollection.java:462) ~[na:1.8.0_131]
	at org.hibernate.collection.internal.PersistentBag.toString(PersistentBag.java:510) ~[hibernate-core-5.0.12.Final.jar:5.0.12.Final]
	at java.lang.String.valueOf(String.java:2994) ~[na:1.8.0_131]
	at java.lang.StringBuilder.append(StringBuilder.java:131) ~[na:1.8.0_131]
	at com.jpa.hibernate.demo.entity.Course.toString(Course.java:105) ~[classes/:na]
	at java.lang.String.valueOf(String.java:2994) ~[na:1.8.0_131]
	at java.lang.StringBuilder.append(StringBuilder.java:131) ~[na:1.8.0_131]
	at com.jpa.hibernate.demo.entity.Rating.toString(Rating.java:55) ~[classes/:na]
	at java.lang.String.valueOf(String.java:2994) ~[na:1.8.0_131]
	at java.lang.StringBuilder.append(StringBuilder.java:131) ~[na:1.8.0_131]
	at java.util.AbstractCollection.toString(AbstractCollection.java:462) ~[na:1.8.0_131]
	at org.hibernate.collection.internal.PersistentBag.toString(PersistentBag.java:510) ~[hibernate-core-5.0.12.Final.jar:5.0.12.Final]
	at java.lang.String.valueOf(String.java:2994) ~[na:1.8.0_131]
	at java.lang.StringBuilder.append(StringBuilder.java:131) ~[na:1.8.0_131]
	at com.jpa.hibernate.demo.entity.Course.toString(Course.java:105) ~[classes/:na]
	at java.lang.String.valueOf(String.java:2994) ~[na:1.8.0_131]
	at java.lang.StringBuilder.append(StringBuilder.java:131) ~[na:1.8.0_131]
	at com.jpa.hibernate.demo.entity.Rating.toString(Rating.java:55) ~[classes/:na]
	at java.lang.String.valueOf(String.java:2994) ~[na:1.8.0_131]
	at java.lang.StringBuilder.append(StringBuilder.java:131) ~[na:1.8.0_131]
	at java.util.AbstractCollection.toString(AbstractCollection.java:462) ~[na:1.8.0_131]
	at org.hibernate.collection.internal.PersistentBag.toString(PersistentBag.java:510) ~[hibernate-core-5.0.12.Final.jar:5.0.12.Final]
	at java.lang.String.valueOf(String.java:2994) ~[na:1.8.0_131]
	at java.lang.StringBuilder.append(StringBuilder.java:131) ~[na:1.8.0_131]
	at com.jpa.hibernate.demo.entity.Course.toString(Course.java:105) ~[classes/:na]
	at java.lang.String.valueOf(String.java:2994) ~[na:1.8.0_131]
	at java.lang.StringBuilder.append(StringBuilder.java:131) ~[na:1.8.0_131]
	at com.jpa.hibernate.demo.entity.Rating.toString(Rating.java:55) ~[classes/:na]
	at java.lang.String.valueOf(String.java:2994) ~[na:1.8.0_131]
	at java.lang.StringBuilder.append(StringBuilder.java:131) ~[na:1.8.0_131]
	at java.util.AbstractCollection.toString(AbstractCollection.java:462) ~[na:1.8.0_131]
	at org.hibernate.collection.internal.PersistentBag.toString(PersistentBag.java:510) ~[hibernate-core-5.0.12.Final.jar:5.0.12.Final]
	at java.lang.String.valueOf(String.java:2994) ~[na:1.8.0_131]
	at java.lang.StringBuilder.append(StringBuilder.java:131) ~[na:1.8.0_131]
	at com.jpa.hibernate.demo.entity.Course.toString(Course.java:105) ~[classes/:na]
	at java.lang.String.valueOf(String.java:2994) ~[na:1.8.0_131]
	at java.lang.StringBuilder.append(StringBuilder.java:131) ~[na:1.8.0_131]
	at com.jpa.hibernate.demo.entity.Rating.toString(Rating.java:55) ~[classes/:na]
	at java.lang.String.valueOf(String.java:2994) ~[na:1.8.0_131]
	at java.lang.StringBuilder.append(StringBuilder.java:131) ~[na:1.8.0_131]
	at java.util.AbstractCollection.toString(AbstractCollection.java:462) ~[na:1.8.0_131]
	at org.hibernate.collection.internal.PersistentBag.toString(PersistentBag.java:510) ~[hibernate-core-5.0.12.Final.jar:5.0.12.Final]
	at java.lang.String.valueOf(String.java:2994) ~[na:1.8.0_131]
	at java.lang.StringBuilder.append(StringBuilder.java:131) ~[na:1.8.0_131]
	at com.jpa.hibernate.demo.entity.Course.toString(Course.java:105) ~[classes/:na]
	at java.lang.String.valueOf(String.java:2994) ~[na:1.8.0_131]
	at java.lang.StringBuilder.append(StringBuilder.java:131) ~[na:1.8.0_131]
	at com.jpa.hibernate.demo.entity.Rating.toString(Rating.java:55) ~[classes/:na]
	at java.lang.String.valueOf(String.java:2994) ~[na:1.8.0_131]
	at java.lang.StringBuilder.append(StringBuilder.java:131) ~[na:1.8.0_131]
	at java.util.AbstractCollection.toString(AbstractCollection.java:462) ~[na:1.8.0_131]
	at org.hibernate.collection.internal.PersistentBag.toString(PersistentBag.java:510) ~[hibernate-core-5.0.12.Final.jar:5.0.12.Final]
	at java.lang.String.valueOf(String.java:2994) ~[na:1.8.0_131]
	at java.lang.StringBuilder.append(StringBuilder.java:131) ~[na:1.8.0_131]
	at com.jpa.hibernate.demo.entity.Course.toString(Course.java:105) ~[classes/:na]
	at java.lang.String.valueOf(String.java:2994) ~[na:1.8.0_131]
	at java.lang.StringBuilder.append(StringBuilder.java:131) ~[na:1.8.0_131]
	at com.jpa.hibernate.demo.entity.Rating.toString(Rating.java:55) ~[classes/:na]
	at java.lang.String.valueOf(String.java:2994) ~[na:1.8.0_131]
	at java.lang.StringBuilder.append(StringBuilder.java:131) ~[na:1.8.0_131]
	at java.util.AbstractCollection.toString(AbstractCollection.java:462) ~[na:1.8.0_131]
	at org.hibernate.collection.internal.PersistentBag.toString(PersistentBag.java:510) ~[hibernate-core-5.0.12.Final.jar:5.0.12.Final]
	at java.lang.String.valueOf(String.java:2994) ~[na:1.8.0_131]
	at java.lang.StringBuilder.append(StringBuilder.java:131) ~[na:1.8.0_131]
	at com.jpa.hibernate.demo.entity.Course.toString(Course.java:105) ~[classes/:na]
	at java.lang.String.valueOf(String.java:2994) ~[na:1.8.0_131]
	at java.lang.StringBuilder.append(StringBuilder.java:131) ~[na:1.8.0_131]
	at com.jpa.hibernate.demo.entity.Rating.toString(Rating.java:55) ~[classes/:na]
	at java.lang.String.valueOf(String.java:2994) ~[na:1.8.0_131]
	at java.lang.StringBuilder.append(StringBuilder.java:131) ~[na:1.8.0_131]
	at java.util.AbstractCollection.toString(AbstractCollection.java:462) ~[na:1.8.0_131]
	at org.hibernate.collection.internal.PersistentBag.toString(PersistentBag.java:510) ~[hibernate-core-5.0.12.Final.jar:5.0.12.Final]
	at java.lang.String.valueOf(String.java:2994) ~[na:1.8.0_131]
	at java.lang.StringBuilder.append(StringBuilder.java:131) ~[na:1.8.0_131]
	at com.jpa.hibernate.demo.entity.Course.toString(Course.java:105) ~[classes/:na]
	at java.lang.String.valueOf(String.java:2994) ~[na:1.8.0_131]
	at java.lang.StringBuilder.append(StringBuilder.java:131) ~[na:1.8.0_131]
	at com.jpa.hibernate.demo.entity.Rating.toString(Rating.java:55) ~[classes/:na]
	at java.lang.String.valueOf(String.java:2994) ~[na:1.8.0_131]
	at java.lang.StringBuilder.append(StringBuilder.java:131) ~[na:1.8.0_131]
	at java.util.AbstractCollection.toString(AbstractCollection.java:462) ~[na:1.8.0_131]
	at org.hibernate.collection.internal.PersistentBag.toString(PersistentBag.java:510) ~[hibernate-core-5.0.12.Final.jar:5.0.12.Final]
	at java.lang.String.valueOf(String.java:2994) ~[na:1.8.0_131]
	at java.lang.StringBuilder.append(StringBuilder.java:131) ~[na:1.8.0_131]
	at com.jpa.hibernate.demo.entity.Course.toString(Course.java:105) ~[classes/:na]
	at java.lang.String.valueOf(String.java:2994) ~[na:1.8.0_131]
	at java.lang.StringBuilder.append(StringBuilder.java:131) ~[na:1.8.0_131]
	at com.jpa.hibernate.demo.entity.Rating.toString(Rating.java:55) ~[classes/:na]
	at java.lang.String.valueOf(String.java:2994) ~[na:1.8.0_131]
	at java.lang.StringBuilder.append(StringBuilder.java:131) ~[na:1.8.0_131]
	at java.util.AbstractCollection.toString(AbstractCollection.java:462) ~[na:1.8.0_131]
	at org.hibernate.collection.internal.PersistentBag.toString(PersistentBag.java:510) ~[hibernate-core-5.0.12.Final.jar:5.0.12.Final]
	at java.lang.String.valueOf(String.java:2994) ~[na:1.8.0_131]
	at java.lang.StringBuilder.append(StringBuilder.java:131) ~[na:1.8.0_131]
	at com.jpa.hibernate.demo.entity.Course.toString(Course.java:105) ~[classes/:na]
	at java.lang.String.valueOf(String.java:2994) ~[na:1.8.0_131]
	at java.lang.StringBuilder.append(StringBuilder.java:131) ~[na:1.8.0_131]
	at com.jpa.hibernate.demo.entity.Rating.toString(Rating.java:55) ~[classes/:na]
	at java.lang.String.valueOf(String.java:2994) ~[na:1.8.0_131]
	at java.lang.StringBuilder.append(StringBuilder.java:131) ~[na:1.8.0_131]
	at java.util.AbstractCollection.toString(AbstractCollection.java:462) ~[na:1.8.0_131]
	at org.hibernate.collection.internal.PersistentBag.toString(PersistentBag.java:510) ~[hibernate-core-5.0.12.Final.jar:5.0.12.Final]
	at java.lang.String.valueOf(String.java:2994) ~[na:1.8.0_131]
	at java.lang.StringBuilder.append(StringBuilder.java:131) ~[na:1.8.0_131]
	at com.jpa.hibernate.demo.entity.Course.toString(Course.java:105) ~[classes/:na]
	at java.lang.String.valueOf(String.java:2994) ~[na:1.8.0_131]
	at java.lang.StringBuilder.append(StringBuilder.java:131) ~[na:1.8.0_131]
	at com.jpa.hibernate.demo.entity.Rating.toString(Rating.java:55) ~[classes/:na]
	at java.lang.String.valueOf(String.java:2994) ~[na:1.8.0_131]
	at java.lang.StringBuilder.append(StringBuilder.java:131) ~[na:1.8.0_131]
	at java.util.AbstractCollection.toString(AbstractCollection.java:462) ~[na:1.8.0_131]
	at org.hibernate.collection.internal.PersistentBag.toString(PersistentBag.java:510) ~[hibernate-core-5.0.12.Final.jar:5.0.12.Final]
	at java.lang.String.valueOf(String.java:2994) ~[na:1.8.0_131]
	at java.lang.StringBuilder.append(StringBuilder.java:131) ~[na:1.8.0_131]
	at com.jpa.hibernate.demo.entity.Course.toString(Course.java:105) ~[classes/:na]
	at java.lang.String.valueOf(String.java:2994) ~[na:1.8.0_131]
	at java.lang.StringBuilder.append(StringBuilder.java:131) ~[na:1.8.0_131]
	at com.jpa.hibernate.demo.entity.Rating.toString(Rating.java:55) ~[classes/:na]
	at java.lang.String.valueOf(String.java:2994) ~[na:1.8.0_131]
	at java.lang.StringBuilder.append(StringBuilder.java:131) ~[na:1.8.0_131]
	at java.util.AbstractCollection.toString(AbstractCollection.java:462) ~[na:1.8.0_131]
	at org.hibernate.collection.internal.PersistentBag.toString(PersistentBag.java:510) ~[hibernate-core-5.0.12.Final.jar:5.0.12.Final]
	at java.lang.String.valueOf(String.java:2994) ~[na:1.8.0_131]
	at java.lang.StringBuilder.append(StringBuilder.java:131) ~[na:1.8.0_131]
	at com.jpa.hibernate.demo.entity.Course.toString(Course.java:105) ~[classes/:na]
	at java.lang.String.valueOf(String.java:2994) ~[na:1.8.0_131]
	at java.lang.StringBuilder.append(StringBuilder.java:131) ~[na:1.8.0_131]
	at com.jpa.hibernate.demo.entity.Rating.toString(Rating.java:55) ~[classes/:na]
	at java.lang.String.valueOf(String.java:2994) ~[na:1.8.0_131]
	at java.lang.StringBuilder.append(StringBuilder.java:131) ~[na:1.8.0_131]
	at java.util.AbstractCollection.toString(AbstractCollection.java:462) ~[na:1.8.0_131]
	at org.hibernate.collection.internal.PersistentBag.toString(PersistentBag.java:510) ~[hibernate-core-5.0.12.Final.jar:5.0.12.Final]
	at java.lang.String.valueOf(String.java:2994) ~[na:1.8.0_131]
	at java.lang.StringBuilder.append(StringBuilder.java:131) ~[na:1.8.0_131]
	at com.jpa.hibernate.demo.entity.Course.toString(Course.java:105) ~[classes/:na]
	at java.lang.String.valueOf(String.java:2994) ~[na:1.8.0_131]
	at java.lang.StringBuilder.append(StringBuilder.java:131) ~[na:1.8.0_131]
	at com.jpa.hibernate.demo.entity.Rating.toString(Rating.java:55) ~[classes/:na]
	at java.lang.String.valueOf(String.java:2994) ~[na:1.8.0_131]
	at java.lang.StringBuilder.append(StringBuilder.java:131) ~[na:1.8.0_131]
	at java.util.AbstractCollection.toString(AbstractCollection.java:462) ~[na:1.8.0_131]
	at org.hibernate.collection.internal.PersistentBag.toString(PersistentBag.java:510) ~[hibernate-core-5.0.12.Final.jar:5.0.12.Final]
	at java.lang.String.valueOf(String.java:2994) ~[na:1.8.0_131]
	at java.lang.StringBuilder.append(StringBuilder.java:131) ~[na:1.8.0_131]
	at com.jpa.hibernate.demo.entity.Course.toString(Course.java:105) ~[classes/:na]
	at java.lang.String.valueOf(String.java:2994) ~[na:1.8.0_131]
	at java.lang.StringBuilder.append(StringBuilder.java:131) ~[na:1.8.0_131]
	at com.jpa.hibernate.demo.entity.Rating.toString(Rating.java:55) ~[classes/:na]
	at java.lang.String.valueOf(String.java:2994) ~[na:1.8.0_131]
	at java.lang.StringBuilder.append(StringBuilder.java:131) ~[na:1.8.0_131]
	at java.util.AbstractCollection.toString(AbstractCollection.java:462) ~[na:1.8.0_131]
	at org.hibernate.collection.internal.PersistentBag.toString(PersistentBag.java:510) ~[hibernate-core-5.0.12.Final.jar:5.0.12.Final]
	at java.lang.String.valueOf(String.java:2994) ~[na:1.8.0_131]
	at java.lang.StringBuilder.append(StringBuilder.java:131) ~[na:1.8.0_131]
	at com.jpa.hibernate.demo.entity.Course.toString(Course.java:105) ~[classes/:na]
	at java.lang.String.valueOf(String.java:2994) ~[na:1.8.0_131]
	at java.lang.StringBuilder.append(StringBuilder.java:131) ~[na:1.8.0_131]
	at com.jpa.hibernate.demo.entity.Rating.toString(Rating.java:55) ~[classes/:na]
	at java.lang.String.valueOf(String.java:2994) ~[na:1.8.0_131]
	at java.lang.StringBuilder.append(StringBuilder.java:131) ~[na:1.8.0_131]
	at java.util.AbstractCollection.toString(AbstractCollection.java:462) ~[na:1.8.0_131]
	at org.hibernate.collection.internal.PersistentBag.toString(PersistentBag.java:510) ~[hibernate-core-5.0.12.Final.jar:5.0.12.Final]
	at java.lang.String.valueOf(String.java:2994) ~[na:1.8.0_131]
	at java.lang.StringBuilder.append(StringBuilder.java:131) ~[na:1.8.0_131]
	at com.jpa.hibernate.demo.entity.Course.toString(Course.java:105) ~[classes/:na]
	at java.lang.String.valueOf(String.java:2994) ~[na:1.8.0_131]
	at java.lang.StringBuilder.append(StringBuilder.java:131) ~[na:1.8.0_131]
	at com.jpa.hibernate.demo.entity.Rating.toString(Rating.java:55) ~[classes/:na]
	at java.lang.String.valueOf(String.java:2994) ~[na:1.8.0_131]
	at java.lang.StringBuilder.append(StringBuilder.java:131) ~[na:1.8.0_131]
	at java.util.AbstractCollection.toString(AbstractCollection.java:462) ~[na:1.8.0_131]
	at org.hibernate.collection.internal.PersistentBag.toString(PersistentBag.java:510) ~[hibernate-core-5.0.12.Final.jar:5.0.12.Final]
	at java.lang.String.valueOf(String.java:2994) ~[na:1.8.0_131]
	at java.lang.StringBuilder.append(StringBuilder.java:131) ~[na:1.8.0_131]
	at com.jpa.hibernate.demo.entity.Course.toString(Course.java:105) ~[classes/:na]
	at java.lang.String.valueOf(String.java:2994) ~[na:1.8.0_131]
	at java.lang.StringBuilder.append(StringBuilder.java:131) ~[na:1.8.0_131]
	at com.jpa.hibernate.demo.entity.Rating.toString(Rating.java:55) ~[classes/:na]
	at java.lang.String.valueOf(String.java:2994) ~[na:1.8.0_131]
	at java.lang.StringBuilder.append(StringBuilder.java:131) ~[na:1.8.0_131]
	at java.util.AbstractCollection.toString(AbstractCollection.java:462) ~[na:1.8.0_131]
	at org.hibernate.collection.internal.PersistentBag.toString(PersistentBag.java:510) ~[hibernate-core-5.0.12.Final.jar:5.0.12.Final]
	at java.lang.String.valueOf(String.java:2994) ~[na:1.8.0_131]
	at java.lang.StringBuilder.append(StringBuilder.java:131) ~[na:1.8.0_131]
	at com.jpa.hibernate.demo.entity.Course.toString(Course.java:105) ~[classes/:na]
	at java.lang.String.valueOf(String.java:2994) ~[na:1.8.0_131]
	at java.lang.StringBuilder.append(StringBuilder.java:131) ~[na:1.8.0_131]
	at com.jpa.hibernate.demo.entity.Rating.toString(Rating.java:55) ~[classes/:na]
	at java.lang.String.valueOf(String.java:2994) ~[na:1.8.0_131]
	at java.lang.StringBuilder.append(StringBuilder.java:131) ~[na:1.8.0_131]
	at java.util.AbstractCollection.toString(AbstractCollection.java:462) ~[na:1.8.0_131]
	at org.hibernate.collection.internal.PersistentBag.toString(PersistentBag.java:510) ~[hibernate-core-5.0.12.Final.jar:5.0.12.Final]
	at java.lang.String.valueOf(String.java:2994) ~[na:1.8.0_131]
	at java.lang.StringBuilder.append(StringBuilder.java:131) ~[na:1.8.0_131]
	at com.jpa.hibernate.demo.entity.Course.toString(Course.java:105) ~[classes/:na]
	at java.lang.String.valueOf(String.java:2994) ~[na:1.8.0_131]
	at java.lang.StringBuilder.append(StringBuilder.java:131) ~[na:1.8.0_131]
	at com.jpa.hibernate.demo.entity.Rating.toString(Rating.java:55) ~[classes/:na]
	at java.lang.String.valueOf(String.java:2994) ~[na:1.8.0_131]
	at java.lang.StringBuilder.append(StringBuilder.java:131) ~[na:1.8.0_131]
	at java.util.AbstractCollection.toString(AbstractCollection.java:462) ~[na:1.8.0_131]
	at org.hibernate.collection.internal.PersistentBag.toString(PersistentBag.java:510) ~[hibernate-core-5.0.12.Final.jar:5.0.12.Final]
	at java.lang.String.valueOf(String.java:2994) ~[na:1.8.0_131]
	at java.lang.StringBuilder.append(StringBuilder.java:131) ~[na:1.8.0_131]
	at com.jpa.hibernate.demo.entity.Course.toString(Course.java:105) ~[classes/:na]
	at java.lang.String.valueOf(String.java:2994) ~[na:1.8.0_131]
	at java.lang.StringBuilder.append(StringBuilder.java:131) ~[na:1.8.0_131]
	at com.jpa.hibernate.demo.entity.Rating.toString(Rating.java:55) ~[classes/:na]
	at java.lang.String.valueOf(String.java:2994) ~[na:1.8.0_131]
	at java.lang.StringBuilder.append(StringBuilder.java:131) ~[na:1.8.0_131]
	at java.util.AbstractCollection.toString(AbstractCollection.java:462) ~[na:1.8.0_131]
	at org.hibernate.collection.internal.PersistentBag.toString(PersistentBag.java:510) ~[hibernate-core-5.0.12.Final.jar:5.0.12.Final]
	at java.lang.String.valueOf(String.java:2994) ~[na:1.8.0_131]
	at java.lang.StringBuilder.append(StringBuilder.java:131) ~[na:1.8.0_131]
	at com.jpa.hibernate.demo.entity.Course.toString(Course.java:105) ~[classes/:na]
	at java.lang.String.valueOf(String.java:2994) ~[na:1.8.0_131]
	at java.lang.StringBuilder.append(StringBuilder.java:131) ~[na:1.8.0_131]
	at com.jpa.hibernate.demo.entity.Rating.toString(Rating.java:55) ~[classes/:na]
	at java.lang.String.valueOf(String.java:2994) ~[na:1.8.0_131]
	at java.lang.StringBuilder.append(StringBuilder.java:131) ~[na:1.8.0_131]
	at java.util.AbstractCollection.toString(AbstractCollection.java:462) ~[na:1.8.0_131]
	at org.hibernate.collection.internal.PersistentBag.toString(PersistentBag.java:510) ~[hibernate-core-5.0.12.Final.jar:5.0.12.Final]
	at java.lang.String.valueOf(String.java:2994) ~[na:1.8.0_131]
	at java.lang.StringBuilder.append(StringBuilder.java:131) ~[na:1.8.0_131]

2019-06-19 12:01:10.251  INFO 6732 --- [           main] o.s.w.c.s.GenericWebApplicationContext   : Closing org.springframework.web.context.support.GenericWebApplicationContext@7be9e9fc: startup date [Wed Jun 19 12:01:09 IST 2019]; root of context hierarchy
2019-06-19 12:01:10.252  INFO 6732 --- [           main] j.LocalContainerEntityManagerFactoryBean : Closing JPA EntityManagerFactory for persistence unit 'default'
2019-06-19 12:01:10.253 ERROR 6732 --- [           main] o.s.test.context.TestContextManager      : Caught exception while allowing TestExecutionListener [org.springframework.test.context.web.ServletTestExecutionListener@482ba4b1] to prepare test instance [com.jpa.hibernate.demo.repo.CourseRepoTest@6ec9f664]

java.lang.StackOverflowError: null
	at java.util.AbstractCollection.toString(AbstractCollection.java:454) ~[na:1.8.0_131]
	at org.hibernate.collection.internal.PersistentBag.toString(PersistentBag.java:510) ~[hibernate-core-5.0.12.Final.jar:5.0.12.Final]
	at java.lang.String.valueOf(String.java:2994) ~[na:1.8.0_131]
	at java.lang.StringBuilder.append(StringBuilder.java:131) ~[na:1.8.0_131]
	at com.jpa.hibernate.demo.entity.Course.toString(Course.java:105) ~[classes/:na]
	at java.lang.String.valueOf(String.java:2994) ~[na:1.8.0_131]
	at java.lang.StringBuilder.append(StringBuilder.java:131) ~[na:1.8.0_131]
	at com.jpa.hibernate.demo.entity.Rating.toString(Rating.java:55) ~[classes/:na]
	at java.lang.String.valueOf(String.java:2994) ~[na:1.8.0_131]
	at java.lang.StringBuilder.append(StringBuilder.java:131) ~[na:1.8.0_131]
	at java.util.AbstractCollection.toString(AbstractCollection.java:462) ~[na:1.8.0_131]
	at org.hibernate.collection.internal.PersistentBag.toString(PersistentBag.java:510) ~[hibernate-core-5.0.12.Final.jar:5.0.12.Final]
	at java.lang.String.valueOf(String.java:2994) ~[na:1.8.0_131]
	at java.lang.StringBuilder.append(StringBuilder.java:131) ~[na:1.8.0_131]
	at com.jpa.hibernate.demo.entity.Course.toString(Course.java:105) ~[classes/:na]
	at java.lang.String.valueOf(String.java:2994) ~[na:1.8.0_131]
	at java.lang.StringBuilder.append(StringBuilder.java:131) ~[na:1.8.0_131]
	at com.jpa.hibernate.demo.entity.Rating.toString(Rating.java:55) ~[classes/:na]
	at java.lang.String.valueOf(String.java:2994) ~[na:1.8.0_131]
	at java.lang.StringBuilder.append(StringBuilder.java:131) ~[na:1.8.0_131]
	at java.util.AbstractCollection.toString(AbstractCollection.java:462) ~[na:1.8.0_131]
	at org.hibernate.collection.internal.PersistentBag.toString(PersistentBag.java:510) ~[hibernate-core-5.0.12.Final.jar:5.0.12.Final]
	at java.lang.String.valueOf(String.java:2994) ~[na:1.8.0_131]
	at java.lang.StringBuilder.append(StringBuilder.java:131) ~[na:1.8.0_131]
	at com.jpa.hibernate.demo.entity.Course.toString(Course.java:105) ~[classes/:na]
	at java.lang.String.valueOf(String.java:2994) ~[na:1.8.0_131]
	at java.lang.StringBuilder.append(StringBuilder.java:131) ~[na:1.8.0_131]
	at com.jpa.hibernate.demo.entity.Rating.toString(Rating.java:55) ~[classes/:na]
	at java.lang.String.valueOf(String.java:2994) ~[na:1.8.0_131]
	at java.lang.StringBuilder.append(StringBuilder.java:131) ~[na:1.8.0_131]
	at java.util.AbstractCollection.toString(AbstractCollection.java:462) ~[na:1.8.0_131]
	at org.hibernate.collection.internal.PersistentBag.toString(PersistentBag.java:510) ~[hibernate-core-5.0.12.Final.jar:5.0.12.Final]
	at java.lang.String.valueOf(String.java:2994) ~[na:1.8.0_131]
	at java.lang.StringBuilder.append(StringBuilder.java:131) ~[na:1.8.0_131]
	at com.jpa.hibernate.demo.entity.Course.toString(Course.java:105) ~[classes/:na]
	at java.lang.String.valueOf(String.java:2994) ~[na:1.8.0_131]
	at java.lang.StringBuilder.append(StringBuilder.java:131) ~[na:1.8.0_131]
	at com.jpa.hibernate.demo.entity.Rating.toString(Rating.java:55) ~[classes/:na]
	at java.lang.String.valueOf(String.java:2994) ~[na:1.8.0_131]
	at java.lang.StringBuilder.append(StringBuilder.java:131) ~[na:1.8.0_131]
	at java.util.AbstractCollection.toString(AbstractCollection.java:462) ~[na:1.8.0_131]
	at org.hibernate.collection.internal.PersistentBag.toString(PersistentBag.java:510) ~[hibernate-core-5.0.12.Final.jar:5.0.12.Final]
	at java.lang.String.valueOf(String.java:2994) ~[na:1.8.0_131]
	at java.lang.StringBuilder.append(StringBuilder.java:131) ~[na:1.8.0_131]
	at com.jpa.hibernate.demo.entity.Course.toString(Course.java:105) ~[classes/:na]
	at java.lang.String.valueOf(String.java:2994) ~[na:1.8.0_131]
	at java.lang.StringBuilder.append(StringBuilder.java:131) ~[na:1.8.0_131]
	at com.jpa.hibernate.demo.entity.Rating.toString(Rating.java:55) ~[classes/:na]
	at java.lang.String.valueOf(String.java:2994) ~[na:1.8.0_131]
	at java.lang.StringBuilder.append(StringBuilder.java:131) ~[na:1.8.0_131]
	at java.util.AbstractCollection.toString(AbstractCollection.java:462) ~[na:1.8.0_131]
	at org.hibernate.collection.internal.PersistentBag.toString(PersistentBag.java:510) ~[hibernate-core-5.0.12.Final.jar:5.0.12.Final]
	at java.lang.String.valueOf(String.java:2994) ~[na:1.8.0_131]
	at java.lang.StringBuilder.append(StringBuilder.java:131) ~[na:1.8.0_131]
	at com.jpa.hibernate.demo.entity.Course.toString(Course.java:105) ~[classes/:na]
	at java.lang.String.valueOf(String.java:2994) ~[na:1.8.0_131]
	at java.lang.StringBuilder.append(StringBuilder.java:131) ~[na:1.8.0_131]
	at com.jpa.hibernate.demo.entity.Rating.toString(Rating.java:55) ~[classes/:na]
	at java.lang.String.valueOf(String.java:2994) ~[na:1.8.0_131]
	at java.lang.StringBuilder.append(StringBuilder.java:131) ~[na:1.8.0_131]
	at java.util.AbstractCollection.toString(AbstractCollection.java:462) ~[na:1.8.0_131]
	at org.hibernate.collection.internal.PersistentBag.toString(PersistentBag.java:510) ~[hibernate-core-5.0.12.Final.jar:5.0.12.Final]
	at java.lang.String.valueOf(String.java:2994) ~[na:1.8.0_131]
	at java.lang.StringBuilder.append(StringBuilder.java:131) ~[na:1.8.0_131]
	at com.jpa.hibernate.demo.entity.Course.toString(Course.java:105) ~[classes/:na]
	at java.lang.String.valueOf(String.java:2994) ~[na:1.8.0_131]
	at java.lang.StringBuilder.append(StringBuilder.java:131) ~[na:1.8.0_131]
	at com.jpa.hibernate.demo.entity.Rating.toString(Rating.java:55) ~[classes/:na]
	at java.lang.String.valueOf(String.java:2994) ~[na:1.8.0_131]
	at java.lang.StringBuilder.append(StringBuilder.java:131) ~[na:1.8.0_131]
	at java.util.AbstractCollection.toString(AbstractCollection.java:462) ~[na:1.8.0_131]
	at org.hibernate.collection.internal.PersistentBag.toString(PersistentBag.java:510) ~[hibernate-core-5.0.12.Final.jar:5.0.12.Final]
	at java.lang.String.valueOf(String.java:2994) ~[na:1.8.0_131]
	at java.lang.StringBuilder.append(StringBuilder.java:131) ~[na:1.8.0_131]
	at com.jpa.hibernate.demo.entity.Course.toString(Course.java:105) ~[classes/:na]
	at java.lang.String.valueOf(String.java:2994) ~[na:1.8.0_131]
	at java.lang.StringBuilder.append(StringBuilder.java:131) ~[na:1.8.0_131]
	at com.jpa.hibernate.demo.entity.Rating.toString(Rating.java:55) ~[classes/:na]
	at java.lang.String.valueOf(String.java:2994) ~[na:1.8.0_131]
	at java.lang.StringBuilder.append(StringBuilder.java:131) ~[na:1.8.0_131]
	at java.util.AbstractCollection.toString(AbstractCollection.java:462) ~[na:1.8.0_131]
	at org.hibernate.collection.internal.PersistentBag.toString(PersistentBag.java:510) ~[hibernate-core-5.0.12.Final.jar:5.0.12.Final]
	at java.lang.String.valueOf(String.java:2994) ~[na:1.8.0_131]
	at java.lang.StringBuilder.append(StringBuilder.java:131) ~[na:1.8.0_131]
	at com.jpa.hibernate.demo.entity.Course.toString(Course.java:105) ~[classes/:na]
	at java.lang.String.valueOf(String.java:2994) ~[na:1.8.0_131]
	at java.lang.StringBuilder.append(StringBuilder.java:131) ~[na:1.8.0_131]
	at com.jpa.hibernate.demo.entity.Rating.toString(Rating.java:55) ~[classes/:na]
	at java.lang.String.valueOf(String.java:2994) ~[na:1.8.0_131]
	at java.lang.StringBuilder.append(StringBuilder.java:131) ~[na:1.8.0_131]
	at java.util.AbstractCollection.toString(AbstractCollection.java:462) ~[na:1.8.0_131]
	at org.hibernate.collection.internal.PersistentBag.toString(PersistentBag.java:510) ~[hibernate-core-5.0.12.Final.jar:5.0.12.Final]
	at java.lang.String.valueOf(String.java:2994) ~[na:1.8.0_131]
	at java.lang.StringBuilder.append(StringBuilder.java:131) ~[na:1.8.0_131]
	at com.jpa.hibernate.demo.entity.Course.toString(Course.java:105) ~[classes/:na]
	at java.lang.String.valueOf(String.java:2994) ~[na:1.8.0_131]
	at java.lang.StringBuilder.append(StringBuilder.java:131) ~[na:1.8.0_131]
	at com.jpa.hibernate.demo.entity.Rating.toString(Rating.java:55) ~[classes/:na]
	at java.lang.String.valueOf(String.java:2994) ~[na:1.8.0_131]
	at java.lang.StringBuilder.append(StringBuilder.java:131) ~[na:1.8.0_131]
	at java.util.AbstractCollection.toString(AbstractCollection.java:462) ~[na:1.8.0_131]
	at org.hibernate.collection.internal.PersistentBag.toString(PersistentBag.java:510) ~[hibernate-core-5.0.12.Final.jar:5.0.12.Final]
	at java.lang.String.valueOf(String.java:2994) ~[na:1.8.0_131]
	at java.lang.StringBuilder.append(StringBuilder.java:131) ~[na:1.8.0_131]
	at com.jpa.hibernate.demo.entity.Course.toString(Course.java:105) ~[classes/:na]
	at java.lang.String.valueOf(String.java:2994) ~[na:1.8.0_131]
	at java.lang.StringBuilder.append(StringBuilder.java:131) ~[na:1.8.0_131]
	at com.jpa.hibernate.demo.entity.Rating.toString(Rating.java:55) ~[classes/:na]
	at java.lang.String.valueOf(String.java:2994) ~[na:1.8.0_131]
	at java.lang.StringBuilder.append(StringBuilder.java:131) ~[na:1.8.0_131]
	at java.util.AbstractCollection.toString(AbstractCollection.java:462) ~[na:1.8.0_131]
	at org.hibernate.collection.internal.PersistentBag.toString(PersistentBag.java:510) ~[hibernate-core-5.0.12.Final.jar:5.0.12.Final]
	at java.lang.String.valueOf(String.java:2994) ~[na:1.8.0_131]
	at java.lang.StringBuilder.append(StringBuilder.java:131) ~[na:1.8.0_131]
	at com.jpa.hibernate.demo.entity.Course.toString(Course.java:105) ~[classes/:na]
	at java.lang.String.valueOf(String.java:2994) ~[na:1.8.0_131]
	at java.lang.StringBuilder.append(StringBuilder.java:131) ~[na:1.8.0_131]
	at com.jpa.hibernate.demo.entity.Rating.toString(Rating.java:55) ~[classes/:na]
	at java.lang.String.valueOf(String.java:2994) ~[na:1.8.0_131]
	at java.lang.StringBuilder.append(StringBuilder.java:131) ~[na:1.8.0_131]
	at java.util.AbstractCollection.toString(AbstractCollection.java:462) ~[na:1.8.0_131]
	at org.hibernate.collection.internal.PersistentBag.toString(PersistentBag.java:510) ~[hibernate-core-5.0.12.Final.jar:5.0.12.Final]
	at java.lang.String.valueOf(String.java:2994) ~[na:1.8.0_131]
	at java.lang.StringBuilder.append(StringBuilder.java:131) ~[na:1.8.0_131]
	at com.jpa.hibernate.demo.entity.Course.toString(Course.java:105) ~[classes/:na]
	at java.lang.String.valueOf(String.java:2994) ~[na:1.8.0_131]
	at java.lang.StringBuilder.append(StringBuilder.java:131) ~[na:1.8.0_131]
	at com.jpa.hibernate.demo.entity.Rating.toString(Rating.java:55) ~[classes/:na]
	at java.lang.String.valueOf(String.java:2994) ~[na:1.8.0_131]
	at java.lang.StringBuilder.append(StringBuilder.java:131) ~[na:1.8.0_131]
	at java.util.AbstractCollection.toString(AbstractCollection.java:462) ~[na:1.8.0_131]
	at org.hibernate.collection.internal.PersistentBag.toString(PersistentBag.java:510) ~[hibernate-core-5.0.12.Final.jar:5.0.12.Final]
	at java.lang.String.valueOf(String.java:2994) ~[na:1.8.0_131]
	at java.lang.StringBuilder.append(StringBuilder.java:131) ~[na:1.8.0_131]
	at com.jpa.hibernate.demo.entity.Course.toString(Course.java:105) ~[classes/:na]
	at java.lang.String.valueOf(String.java:2994) ~[na:1.8.0_131]
	at java.lang.StringBuilder.append(StringBuilder.java:131) ~[na:1.8.0_131]
	at com.jpa.hibernate.demo.entity.Rating.toString(Rating.java:55) ~[classes/:na]
	at java.lang.String.valueOf(String.java:2994) ~[na:1.8.0_131]
	at java.lang.StringBuilder.append(StringBuilder.java:131) ~[na:1.8.0_131]
	at java.util.AbstractCollection.toString(AbstractCollection.java:462) ~[na:1.8.0_131]
	at org.hibernate.collection.internal.PersistentBag.toString(PersistentBag.java:510) ~[hibernate-core-5.0.12.Final.jar:5.0.12.Final]
	at java.lang.String.valueOf(String.java:2994) ~[na:1.8.0_131]
	at java.lang.StringBuilder.append(StringBuilder.java:131) ~[na:1.8.0_131]
	at com.jpa.hibernate.demo.entity.Course.toString(Course.java:105) ~[classes/:na]
	at java.lang.String.valueOf(String.java:2994) ~[na:1.8.0_131]
	at java.lang.StringBuilder.append(StringBuilder.java:131) ~[na:1.8.0_131]
	at com.jpa.hibernate.demo.entity.Rating.toString(Rating.java:55) ~[classes/:na]
	at java.lang.String.valueOf(String.java:2994) ~[na:1.8.0_131]
	at java.lang.StringBuilder.append(StringBuilder.java:131) ~[na:1.8.0_131]
	at java.util.AbstractCollection.toString(AbstractCollection.java:462) ~[na:1.8.0_131]
	at org.hibernate.collection.internal.PersistentBag.toString(PersistentBag.java:510) ~[hibernate-core-5.0.12.Final.jar:5.0.12.Final]
	at java.lang.String.valueOf(String.java:2994) ~[na:1.8.0_131]
	at java.lang.StringBuilder.append(StringBuilder.java:131) ~[na:1.8.0_131]
	at com.jpa.hibernate.demo.entity.Course.toString(Course.java:105) ~[classes/:na]
	at java.lang.String.valueOf(String.java:2994) ~[na:1.8.0_131]
	at java.lang.StringBuilder.append(StringBuilder.java:131) ~[na:1.8.0_131]
	at com.jpa.hibernate.demo.entity.Rating.toString(Rating.java:55) ~[classes/:na]
	at java.lang.String.valueOf(String.java:2994) ~[na:1.8.0_131]
	at java.lang.StringBuilder.append(StringBuilder.java:131) ~[na:1.8.0_131]
	at java.util.AbstractCollection.toString(AbstractCollection.java:462) ~[na:1.8.0_131]
	at org.hibernate.collection.internal.PersistentBag.toString(PersistentBag.java:510) ~[hibernate-core-5.0.12.Final.jar:5.0.12.Final]
	at java.lang.String.valueOf(String.java:2994) ~[na:1.8.0_131]
	at java.lang.StringBuilder.append(StringBuilder.java:131) ~[na:1.8.0_131]
	at com.jpa.hibernate.demo.entity.Course.toString(Course.java:105) ~[classes/:na]
	at java.lang.String.valueOf(String.java:2994) ~[na:1.8.0_131]
	at java.lang.StringBuilder.append(StringBuilder.java:131) ~[na:1.8.0_131]
	at com.jpa.hibernate.demo.entity.Rating.toString(Rating.java:55) ~[classes/:na]
	at java.lang.String.valueOf(String.java:2994) ~[na:1.8.0_131]
	at java.lang.StringBuilder.append(StringBuilder.java:131) ~[na:1.8.0_131]
	at java.util.AbstractCollection.toString(AbstractCollection.java:462) ~[na:1.8.0_131]
	at org.hibernate.collection.internal.PersistentBag.toString(PersistentBag.java:510) ~[hibernate-core-5.0.12.Final.jar:5.0.12.Final]
	at java.lang.String.valueOf(String.java:2994) ~[na:1.8.0_131]
	at java.lang.StringBuilder.append(StringBuilder.java:131) ~[na:1.8.0_131]
	at com.jpa.hibernate.demo.entity.Course.toString(Course.java:105) ~[classes/:na]
	at java.lang.String.valueOf(String.java:2994) ~[na:1.8.0_131]
	at java.lang.StringBuilder.append(StringBuilder.java:131) ~[na:1.8.0_131]
	at com.jpa.hibernate.demo.entity.Rating.toString(Rating.java:55) ~[classes/:na]
	at java.lang.String.valueOf(String.java:2994) ~[na:1.8.0_131]
	at java.lang.StringBuilder.append(StringBuilder.java:131) ~[na:1.8.0_131]
	at java.util.AbstractCollection.toString(AbstractCollection.java:462) ~[na:1.8.0_131]
	at org.hibernate.collection.internal.PersistentBag.toString(PersistentBag.java:510) ~[hibernate-core-5.0.12.Final.jar:5.0.12.Final]
	at java.lang.String.valueOf(String.java:2994) ~[na:1.8.0_131]
	at java.lang.StringBuilder.append(StringBuilder.java:131) ~[na:1.8.0_131]
	at com.jpa.hibernate.demo.entity.Course.toString(Course.java:105) ~[classes/:na]
	at java.lang.String.valueOf(String.java:2994) ~[na:1.8.0_131]
	at java.lang.StringBuilder.append(StringBuilder.java:131) ~[na:1.8.0_131]
	at com.jpa.hibernate.demo.entity.Rating.toString(Rating.java:55) ~[classes/:na]
	at java.lang.String.valueOf(String.java:2994) ~[na:1.8.0_131]
	at java.lang.StringBuilder.append(StringBuilder.java:131) ~[na:1.8.0_131]
	at java.util.AbstractCollection.toString(AbstractCollection.java:462) ~[na:1.8.0_131]
	at org.hibernate.collection.internal.PersistentBag.toString(PersistentBag.java:510) ~[hibernate-core-5.0.12.Final.jar:5.0.12.Final]
	at java.lang.String.valueOf(String.java:2994) ~[na:1.8.0_131]
	at java.lang.StringBuilder.append(StringBuilder.java:131) ~[na:1.8.0_131]
	at com.jpa.hibernate.demo.entity.Course.toString(Course.java:105) ~[classes/:na]
	at java.lang.String.valueOf(String.java:2994) ~[na:1.8.0_131]
	at java.lang.StringBuilder.append(StringBuilder.java:131) ~[na:1.8.0_131]
	at com.jpa.hibernate.demo.entity.Rating.toString(Rating.java:55) ~[classes/:na]
	at java.lang.String.valueOf(String.java:2994) ~[na:1.8.0_131]
	at java.lang.StringBuilder.append(StringBuilder.java:131) ~[na:1.8.0_131]
	at java.util.AbstractCollection.toString(AbstractCollection.java:462) ~[na:1.8.0_131]
	at org.hibernate.collection.internal.PersistentBag.toString(PersistentBag.java:510) ~[hibernate-core-5.0.12.Final.jar:5.0.12.Final]
	at java.lang.String.valueOf(String.java:2994) ~[na:1.8.0_131]
	at java.lang.StringBuilder.append(StringBuilder.java:131) ~[na:1.8.0_131]
	at com.jpa.hibernate.demo.entity.Course.toString(Course.java:105) ~[classes/:na]
	at java.lang.String.valueOf(String.java:2994) ~[na:1.8.0_131]
	at java.lang.StringBuilder.append(StringBuilder.java:131) ~[na:1.8.0_131]
	at com.jpa.hibernate.demo.entity.Rating.toString(Rating.java:55) ~[classes/:na]
	at java.lang.String.valueOf(String.java:2994) ~[na:1.8.0_131]
	at java.lang.StringBuilder.append(StringBuilder.java:131) ~[na:1.8.0_131]
	at java.util.AbstractCollection.toString(AbstractCollection.java:462) ~[na:1.8.0_131]
	at org.hibernate.collection.internal.PersistentBag.toString(PersistentBag.java:510) ~[hibernate-core-5.0.12.Final.jar:5.0.12.Final]
	at java.lang.String.valueOf(String.java:2994) ~[na:1.8.0_131]
	at java.lang.StringBuilder.append(StringBuilder.java:131) ~[na:1.8.0_131]
	at com.jpa.hibernate.demo.entity.Course.toString(Course.java:105) ~[classes/:na]
	at java.lang.String.valueOf(String.java:2994) ~[na:1.8.0_131]
	at java.lang.StringBuilder.append(StringBuilder.java:131) ~[na:1.8.0_131]
	at com.jpa.hibernate.demo.entity.Rating.toString(Rating.java:55) ~[classes/:na]
	at java.lang.String.valueOf(String.java:2994) ~[na:1.8.0_131]
	at java.lang.StringBuilder.append(StringBuilder.java:131) ~[na:1.8.0_131]
	at java.util.AbstractCollection.toString(AbstractCollection.java:462) ~[na:1.8.0_131]
	at org.hibernate.collection.internal.PersistentBag.toString(PersistentBag.java:510) ~[hibernate-core-5.0.12.Final.jar:5.0.12.Final]
	at java.lang.String.valueOf(String.java:2994) ~[na:1.8.0_131]
	at java.lang.StringBuilder.append(StringBuilder.java:131) ~[na:1.8.0_131]
	at com.jpa.hibernate.demo.entity.Course.toString(Course.java:105) ~[classes/:na]
	at java.lang.String.valueOf(String.java:2994) ~[na:1.8.0_131]
	at java.lang.StringBuilder.append(StringBuilder.java:131) ~[na:1.8.0_131]
	at com.jpa.hibernate.demo.entity.Rating.toString(Rating.java:55) ~[classes/:na]
	at java.lang.String.valueOf(String.java:2994) ~[na:1.8.0_131]
	at java.lang.StringBuilder.append(StringBuilder.java:131) ~[na:1.8.0_131]
	at java.util.AbstractCollection.toString(AbstractCollection.java:462) ~[na:1.8.0_131]
	at org.hibernate.collection.internal.PersistentBag.toString(PersistentBag.java:510) ~[hibernate-core-5.0.12.Final.jar:5.0.12.Final]
	at java.lang.String.valueOf(String.java:2994) ~[na:1.8.0_131]
	at java.lang.StringBuilder.append(StringBuilder.java:131) ~[na:1.8.0_131]
	at com.jpa.hibernate.demo.entity.Course.toString(Course.java:105) ~[classes/:na]
	at java.lang.String.valueOf(String.java:2994) ~[na:1.8.0_131]
	at java.lang.StringBuilder.append(StringBuilder.java:131) ~[na:1.8.0_131]
	at com.jpa.hibernate.demo.entity.Rating.toString(Rating.java:55) ~[classes/:na]
	at java.lang.String.valueOf(String.java:2994) ~[na:1.8.0_131]
	at java.lang.StringBuilder.append(StringBuilder.java:131) ~[na:1.8.0_131]
	at java.util.AbstractCollection.toString(AbstractCollection.java:462) ~[na:1.8.0_131]
	at org.hibernate.collection.internal.PersistentBag.toString(PersistentBag.java:510) ~[hibernate-core-5.0.12.Final.jar:5.0.12.Final]
	at java.lang.String.valueOf(String.java:2994) ~[na:1.8.0_131]
	at java.lang.StringBuilder.append(StringBuilder.java:131) ~[na:1.8.0_131]
	at com.jpa.hibernate.demo.entity.Course.toString(Course.java:105) ~[classes/:na]
	at java.lang.String.valueOf(String.java:2994) ~[na:1.8.0_131]
	at java.lang.StringBuilder.append(StringBuilder.java:131) ~[na:1.8.0_131]
	at com.jpa.hibernate.demo.entity.Rating.toString(Rating.java:55) ~[classes/:na]
	at java.lang.String.valueOf(String.java:2994) ~[na:1.8.0_131]
	at java.lang.StringBuilder.append(StringBuilder.java:131) ~[na:1.8.0_131]
	at java.util.AbstractCollection.toString(AbstractCollection.java:462) ~[na:1.8.0_131]
	at org.hibernate.collection.internal.PersistentBag.toString(PersistentBag.java:510) ~[hibernate-core-5.0.12.Final.jar:5.0.12.Final]
	at java.lang.String.valueOf(String.java:2994) ~[na:1.8.0_131]
	at java.lang.StringBuilder.append(StringBuilder.java:131) ~[na:1.8.0_131]
	at com.jpa.hibernate.demo.entity.Course.toString(Course.java:105) ~[classes/:na]
	at java.lang.String.valueOf(String.java:2994) ~[na:1.8.0_131]
	at java.lang.StringBuilder.append(StringBuilder.java:131) ~[na:1.8.0_131]
	at com.jpa.hibernate.demo.entity.Rating.toString(Rating.java:55) ~[classes/:na]
	at java.lang.String.valueOf(String.java:2994) ~[na:1.8.0_131]
	at java.lang.StringBuilder.append(StringBuilder.java:131) ~[na:1.8.0_131]
	at java.util.AbstractCollection.toString(AbstractCollection.java:462) ~[na:1.8.0_131]
	at org.hibernate.collection.internal.PersistentBag.toString(PersistentBag.java:510) ~[hibernate-core-5.0.12.Final.jar:5.0.12.Final]
	at java.lang.String.valueOf(String.java:2994) ~[na:1.8.0_131]
	at java.lang.StringBuilder.append(StringBuilder.java:131) ~[na:1.8.0_131]
	at com.jpa.hibernate.demo.entity.Course.toString(Course.java:105) ~[classes/:na]
	at java.lang.String.valueOf(String.java:2994) ~[na:1.8.0_131]
	at java.lang.StringBuilder.append(StringBuilder.java:131) ~[na:1.8.0_131]
	at com.jpa.hibernate.demo.entity.Rating.toString(Rating.java:55) ~[classes/:na]
	at java.lang.String.valueOf(String.java:2994) ~[na:1.8.0_131]
	at java.lang.StringBuilder.append(StringBuilder.java:131) ~[na:1.8.0_131]
	at java.util.AbstractCollection.toString(AbstractCollection.java:462) ~[na:1.8.0_131]
	at org.hibernate.collection.internal.PersistentBag.toString(PersistentBag.java:510) ~[hibernate-core-5.0.12.Final.jar:5.0.12.Final]
	at java.lang.String.valueOf(String.java:2994) ~[na:1.8.0_131]
	at java.lang.StringBuilder.append(StringBuilder.java:131) ~[na:1.8.0_131]
	at com.jpa.hibernate.demo.entity.Course.toString(Course.java:105) ~[classes/:na]
	at java.lang.String.valueOf(String.java:2994) ~[na:1.8.0_131]
	at java.lang.StringBuilder.append(StringBuilder.java:131) ~[na:1.8.0_131]
	at com.jpa.hibernate.demo.entity.Rating.toString(Rating.java:55) ~[classes/:na]
	at java.lang.String.valueOf(String.java:2994) ~[na:1.8.0_131]
	at java.lang.StringBuilder.append(StringBuilder.java:131) ~[na:1.8.0_131]
	at java.util.AbstractCollection.toString(AbstractCollection.java:462) ~[na:1.8.0_131]
	at org.hibernate.collection.internal.PersistentBag.toString(PersistentBag.java:510) ~[hibernate-core-5.0.12.Final.jar:5.0.12.Final]
	at java.lang.String.valueOf(String.java:2994) ~[na:1.8.0_131]
	at java.lang.StringBuilder.append(StringBuilder.java:131) ~[na:1.8.0_131]
	at com.jpa.hibernate.demo.entity.Course.toString(Course.java:105) ~[classes/:na]
	at java.lang.String.valueOf(String.java:2994) ~[na:1.8.0_131]
	at java.lang.StringBuilder.append(StringBuilder.java:131) ~[na:1.8.0_131]
	at com.jpa.hibernate.demo.entity.Rating.toString(Rating.java:55) ~[classes/:na]
	at java.lang.String.valueOf(String.java:2994) ~[na:1.8.0_131]
	at java.lang.StringBuilder.append(StringBuilder.java:131) ~[na:1.8.0_131]
	at java.util.AbstractCollection.toString(AbstractCollection.java:462) ~[na:1.8.0_131]
	at org.hibernate.collection.internal.PersistentBag.toString(PersistentBag.java:510) ~[hibernate-core-5.0.12.Final.jar:5.0.12.Final]
	at java.lang.String.valueOf(String.java:2994) ~[na:1.8.0_131]
	at java.lang.StringBuilder.append(StringBuilder.java:131) ~[na:1.8.0_131]
	at com.jpa.hibernate.demo.entity.Course.toString(Course.java:105) ~[classes/:na]
	at java.lang.String.valueOf(String.java:2994) ~[na:1.8.0_131]
	at java.lang.StringBuilder.append(StringBuilder.java:131) ~[na:1.8.0_131]
	at com.jpa.hibernate.demo.entity.Rating.toString(Rating.java:55) ~[classes/:na]
	at java.lang.String.valueOf(String.java:2994) ~[na:1.8.0_131]
	at java.lang.StringBuilder.append(StringBuilder.java:131) ~[na:1.8.0_131]
	at java.util.AbstractCollection.toString(AbstractCollection.java:462) ~[na:1.8.0_131]
	at org.hibernate.collection.internal.PersistentBag.toString(PersistentBag.java:510) ~[hibernate-core-5.0.12.Final.jar:5.0.12.Final]
	at java.lang.String.valueOf(String.java:2994) ~[na:1.8.0_131]
	at java.lang.StringBuilder.append(StringBuilder.java:131) ~[na:1.8.0_131]
	at com.jpa.hibernate.demo.entity.Course.toString(Course.java:105) ~[classes/:na]
	at java.lang.String.valueOf(String.java:2994) ~[na:1.8.0_131]
	at java.lang.StringBuilder.append(StringBuilder.java:131) ~[na:1.8.0_131]
	at com.jpa.hibernate.demo.entity.Rating.toString(Rating.java:55) ~[classes/:na]
	at java.lang.String.valueOf(String.java:2994) ~[na:1.8.0_131]
	at java.lang.StringBuilder.append(StringBuilder.java:131) ~[na:1.8.0_131]
	at java.util.AbstractCollection.toString(AbstractCollection.java:462) ~[na:1.8.0_131]
	at org.hibernate.collection.internal.PersistentBag.toString(PersistentBag.java:510) ~[hibernate-core-5.0.12.Final.jar:5.0.12.Final]
	at java.lang.String.valueOf(String.java:2994) ~[na:1.8.0_131]
	at java.lang.StringBuilder.append(StringBuilder.java:131) ~[na:1.8.0_131]
	at com.jpa.hibernate.demo.entity.Course.toString(Course.java:105) ~[classes/:na]
	at java.lang.String.valueOf(String.java:2994) ~[na:1.8.0_131]
	at java.lang.StringBuilder.append(StringBuilder.java:131) ~[na:1.8.0_131]
	at com.jpa.hibernate.demo.entity.Rating.toString(Rating.java:55) ~[classes/:na]
	at java.lang.String.valueOf(String.java:2994) ~[na:1.8.0_131]
	at java.lang.StringBuilder.append(StringBuilder.java:131) ~[na:1.8.0_131]
	at java.util.AbstractCollection.toString(AbstractCollection.java:462) ~[na:1.8.0_131]
	at org.hibernate.collection.internal.PersistentBag.toString(PersistentBag.java:510) ~[hibernate-core-5.0.12.Final.jar:5.0.12.Final]
	at java.lang.String.valueOf(String.java:2994) ~[na:1.8.0_131]
	at java.lang.StringBuilder.append(StringBuilder.java:131) ~[na:1.8.0_131]
	at com.jpa.hibernate.demo.entity.Course.toString(Course.java:105) ~[classes/:na]
	at java.lang.String.valueOf(String.java:2994) ~[na:1.8.0_131]
	at java.lang.StringBuilder.append(StringBuilder.java:131) ~[na:1.8.0_131]
	at com.jpa.hibernate.demo.entity.Rating.toString(Rating.java:55) ~[classes/:na]
	at java.lang.String.valueOf(String.java:2994) ~[na:1.8.0_131]
	at java.lang.StringBuilder.append(StringBuilder.java:131) ~[na:1.8.0_131]
	at java.util.AbstractCollection.toString(AbstractCollection.java:462) ~[na:1.8.0_131]
	at org.hibernate.collection.internal.PersistentBag.toString(PersistentBag.java:510) ~[hibernate-core-5.0.12.Final.jar:5.0.12.Final]
	at java.lang.String.valueOf(String.java:2994) ~[na:1.8.0_131]
	at java.lang.StringBuilder.append(StringBuilder.java:131) ~[na:1.8.0_131]
	at com.jpa.hibernate.demo.entity.Course.toString(Course.java:105) ~[classes/:na]
	at java.lang.String.valueOf(String.java:2994) ~[na:1.8.0_131]
	at java.lang.StringBuilder.append(StringBuilder.java:131) ~[na:1.8.0_131]
	at com.jpa.hibernate.demo.entity.Rating.toString(Rating.java:55) ~[classes/:na]
	at java.lang.String.valueOf(String.java:2994) ~[na:1.8.0_131]
	at java.lang.StringBuilder.append(StringBuilder.java:131) ~[na:1.8.0_131]
	at java.util.AbstractCollection.toString(AbstractCollection.java:462) ~[na:1.8.0_131]
	at org.hibernate.collection.internal.PersistentBag.toString(PersistentBag.java:510) ~[hibernate-core-5.0.12.Final.jar:5.0.12.Final]
	at java.lang.String.valueOf(String.java:2994) ~[na:1.8.0_131]
	at java.lang.StringBuilder.append(StringBuilder.java:131) ~[na:1.8.0_131]
	at com.jpa.hibernate.demo.entity.Course.toString(Course.java:105) ~[classes/:na]
	at java.lang.String.valueOf(String.java:2994) ~[na:1.8.0_131]
	at java.lang.StringBuilder.append(StringBuilder.java:131) ~[na:1.8.0_131]
	at com.jpa.hibernate.demo.entity.Rating.toString(Rating.java:55) ~[classes/:na]
	at java.lang.String.valueOf(String.java:2994) ~[na:1.8.0_131]
	at java.lang.StringBuilder.append(StringBuilder.java:131) ~[na:1.8.0_131]
	at java.util.AbstractCollection.toString(AbstractCollection.java:462) ~[na:1.8.0_131]
	at org.hibernate.collection.internal.PersistentBag.toString(PersistentBag.java:510) ~[hibernate-core-5.0.12.Final.jar:5.0.12.Final]
	at java.lang.String.valueOf(String.java:2994) ~[na:1.8.0_131]
	at java.lang.StringBuilder.append(StringBuilder.java:131) ~[na:1.8.0_131]
	at com.jpa.hibernate.demo.entity.Course.toString(Course.java:105) ~[classes/:na]
	at java.lang.String.valueOf(String.java:2994) ~[na:1.8.0_131]
	at java.lang.StringBuilder.append(StringBuilder.java:131) ~[na:1.8.0_131]
	at com.jpa.hibernate.demo.entity.Rating.toString(Rating.java:55) ~[classes/:na]
	at java.lang.String.valueOf(String.java:2994) ~[na:1.8.0_131]
	at java.lang.StringBuilder.append(StringBuilder.java:131) ~[na:1.8.0_131]
	at java.util.AbstractCollection.toString(AbstractCollection.java:462) ~[na:1.8.0_131]
	at org.hibernate.collection.internal.PersistentBag.toString(PersistentBag.java:510) ~[hibernate-core-5.0.12.Final.jar:5.0.12.Final]
	at java.lang.String.valueOf(String.java:2994) ~[na:1.8.0_131]
	at java.lang.StringBuilder.append(StringBuilder.java:131) ~[na:1.8.0_131]
	at com.jpa.hibernate.demo.entity.Course.toString(Course.java:105) ~[classes/:na]
	at java.lang.String.valueOf(String.java:2994) ~[na:1.8.0_131]
	at java.lang.StringBuilder.append(StringBuilder.java:131) ~[na:1.8.0_131]
	at com.jpa.hibernate.demo.entity.Rating.toString(Rating.java:55) ~[classes/:na]
	at java.lang.String.valueOf(String.java:2994) ~[na:1.8.0_131]
	at java.lang.StringBuilder.append(StringBuilder.java:131) ~[na:1.8.0_131]
	at java.util.AbstractCollection.toString(AbstractCollection.java:462) ~[na:1.8.0_131]
	at org.hibernate.collection.internal.PersistentBag.toString(PersistentBag.java:510) ~[hibernate-core-5.0.12.Final.jar:5.0.12.Final]
	at java.lang.String.valueOf(String.java:2994) ~[na:1.8.0_131]
	at java.lang.StringBuilder.append(StringBuilder.java:131) ~[na:1.8.0_131]
	at com.jpa.hibernate.demo.entity.Course.toString(Course.java:105) ~[classes/:na]
	at java.lang.String.valueOf(String.java:2994) ~[na:1.8.0_131]
	at java.lang.StringBuilder.append(StringBuilder.java:131) ~[na:1.8.0_131]
	at com.jpa.hibernate.demo.entity.Rating.toString(Rating.java:55) ~[classes/:na]
	at java.lang.String.valueOf(String.java:2994) ~[na:1.8.0_131]
	at java.lang.StringBuilder.append(StringBuilder.java:131) ~[na:1.8.0_131]
	at java.util.AbstractCollection.toString(AbstractCollection.java:462) ~[na:1.8.0_131]
	at org.hibernate.collection.internal.PersistentBag.toString(PersistentBag.java:510) ~[hibernate-core-5.0.12.Final.jar:5.0.12.Final]
	at java.lang.String.valueOf(String.java:2994) ~[na:1.8.0_131]
	at java.lang.StringBuilder.append(StringBuilder.java:131) ~[na:1.8.0_131]
	at com.jpa.hibernate.demo.entity.Course.toString(Course.java:105) ~[classes/:na]
	at java.lang.String.valueOf(String.java:2994) ~[na:1.8.0_131]
	at java.lang.StringBuilder.append(StringBuilder.java:131) ~[na:1.8.0_131]
	at com.jpa.hibernate.demo.entity.Rating.toString(Rating.java:55) ~[classes/:na]
	at java.lang.String.valueOf(String.java:2994) ~[na:1.8.0_131]
	at java.lang.StringBuilder.append(StringBuilder.java:131) ~[na:1.8.0_131]
	at java.util.AbstractCollection.toString(AbstractCollection.java:462) ~[na:1.8.0_131]
	at org.hibernate.collection.internal.PersistentBag.toString(PersistentBag.java:510) ~[hibernate-core-5.0.12.Final.jar:5.0.12.Final]
	at java.lang.String.valueOf(String.java:2994) ~[na:1.8.0_131]
	at java.lang.StringBuilder.append(StringBuilder.java:131) ~[na:1.8.0_131]
	at com.jpa.hibernate.demo.entity.Course.toString(Course.java:105) ~[classes/:na]
	at java.lang.String.valueOf(String.java:2994) ~[na:1.8.0_131]
	at java.lang.StringBuilder.append(StringBuilder.java:131) ~[na:1.8.0_131]
	at com.jpa.hibernate.demo.entity.Rating.toString(Rating.java:55) ~[classes/:na]
	at java.lang.String.valueOf(String.java:2994) ~[na:1.8.0_131]
	at java.lang.StringBuilder.append(StringBuilder.java:131) ~[na:1.8.0_131]
	at java.util.AbstractCollection.toString(AbstractCollection.java:462) ~[na:1.8.0_131]
	at org.hibernate.collection.internal.PersistentBag.toString(PersistentBag.java:510) ~[hibernate-core-5.0.12.Final.jar:5.0.12.Final]
	at java.lang.String.valueOf(String.java:2994) ~[na:1.8.0_131]
	at java.lang.StringBuilder.append(StringBuilder.java:131) ~[na:1.8.0_131]
	at com.jpa.hibernate.demo.entity.Course.toString(Course.java:105) ~[classes/:na]
	at java.lang.String.valueOf(String.java:2994) ~[na:1.8.0_131]
	at java.lang.StringBuilder.append(StringBuilder.java:131) ~[na:1.8.0_131]
	at com.jpa.hibernate.demo.entity.Rating.toString(Rating.java:55) ~[classes/:na]
	at java.lang.String.valueOf(String.java:2994) ~[na:1.8.0_131]
	at java.lang.StringBuilder.append(StringBuilder.java:131) ~[na:1.8.0_131]
	at java.util.AbstractCollection.toString(AbstractCollection.java:462) ~[na:1.8.0_131]
	at org.hibernate.collection.internal.PersistentBag.toString(PersistentBag.java:510) ~[hibernate-core-5.0.12.Final.jar:5.0.12.Final]
	at java.lang.String.valueOf(String.java:2994) ~[na:1.8.0_131]
	at java.lang.StringBuilder.append(StringBuilder.java:131) ~[na:1.8.0_131]
	at com.jpa.hibernate.demo.entity.Course.toString(Course.java:105) ~[classes/:na]
	at java.lang.String.valueOf(String.java:2994) ~[na:1.8.0_131]
	at java.lang.StringBuilder.append(StringBuilder.java:131) ~[na:1.8.0_131]
	at com.jpa.hibernate.demo.entity.Rating.toString(Rating.java:55) ~[classes/:na]
	at java.lang.String.valueOf(String.java:2994) ~[na:1.8.0_131]
	at java.lang.StringBuilder.append(StringBuilder.java:131) ~[na:1.8.0_131]
	at java.util.AbstractCollection.toString(AbstractCollection.java:462) ~[na:1.8.0_131]
	at org.hibernate.collection.internal.PersistentBag.toString(PersistentBag.java:510) ~[hibernate-core-5.0.12.Final.jar:5.0.12.Final]
	at java.lang.String.valueOf(String.java:2994) ~[na:1.8.0_131]
	at java.lang.StringBuilder.append(StringBuilder.java:131) ~[na:1.8.0_131]
	at com.jpa.hibernate.demo.entity.Course.toString(Course.java:105) ~[classes/:na]
	at java.lang.String.valueOf(String.java:2994) ~[na:1.8.0_131]
	at java.lang.StringBuilder.append(StringBuilder.java:131) ~[na:1.8.0_131]
	at com.jpa.hibernate.demo.entity.Rating.toString(Rating.java:55) ~[classes/:na]
	at java.lang.String.valueOf(String.java:2994) ~[na:1.8.0_131]
	at java.lang.StringBuilder.append(StringBuilder.java:131) ~[na:1.8.0_131]
	at java.util.AbstractCollection.toString(AbstractCollection.java:462) ~[na:1.8.0_131]
	at org.hibernate.collection.internal.PersistentBag.toString(PersistentBag.java:510) ~[hibernate-core-5.0.12.Final.jar:5.0.12.Final]
	at java.lang.String.valueOf(String.java:2994) ~[na:1.8.0_131]
	at java.lang.StringBuilder.append(StringBuilder.java:131) ~[na:1.8.0_131]
	at com.jpa.hibernate.demo.entity.Course.toString(Course.java:105) ~[classes/:na]
	at java.lang.String.valueOf(String.java:2994) ~[na:1.8.0_131]
	at java.lang.StringBuilder.append(StringBuilder.java:131) ~[na:1.8.0_131]
	at com.jpa.hibernate.demo.entity.Rating.toString(Rating.java:55) ~[classes/:na]
	at java.lang.String.valueOf(String.java:2994) ~[na:1.8.0_131]
	at java.lang.StringBuilder.append(StringBuilder.java:131) ~[na:1.8.0_131]
	at java.util.AbstractCollection.toString(AbstractCollection.java:462) ~[na:1.8.0_131]
	at org.hibernate.collection.internal.PersistentBag.toString(PersistentBag.java:510) ~[hibernate-core-5.0.12.Final.jar:5.0.12.Final]
	at java.lang.String.valueOf(String.java:2994) ~[na:1.8.0_131]
	at java.lang.StringBuilder.append(StringBuilder.java:131) ~[na:1.8.0_131]
	at com.jpa.hibernate.demo.entity.Course.toString(Course.java:105) ~[classes/:na]
	at java.lang.String.valueOf(String.java:2994) ~[na:1.8.0_131]
	at java.lang.StringBuilder.append(StringBuilder.java:131) ~[na:1.8.0_131]
	at com.jpa.hibernate.demo.entity.Rating.toString(Rating.java:55) ~[classes/:na]
	at java.lang.String.valueOf(String.java:2994) ~[na:1.8.0_131]
	at java.lang.StringBuilder.append(StringBuilder.java:131) ~[na:1.8.0_131]
	at java.util.AbstractCollection.toString(AbstractCollection.java:462) ~[na:1.8.0_131]
	at org.hibernate.collection.internal.PersistentBag.toString(PersistentBag.java:510) ~[hibernate-core-5.0.12.Final.jar:5.0.12.Final]
	at java.lang.String.valueOf(String.java:2994) ~[na:1.8.0_131]
	at java.lang.StringBuilder.append(StringBuilder.java:131) ~[na:1.8.0_131]
	at com.jpa.hibernate.demo.entity.Course.toString(Course.java:105) ~[classes/:na]
	at java.lang.String.valueOf(String.java:2994) ~[na:1.8.0_131]
	at java.lang.StringBuilder.append(StringBuilder.java:131) ~[na:1.8.0_131]
	at com.jpa.hibernate.demo.entity.Rating.toString(Rating.java:55) ~[classes/:na]
	at java.lang.String.valueOf(String.java:2994) ~[na:1.8.0_131]
	at java.lang.StringBuilder.append(StringBuilder.java:131) ~[na:1.8.0_131]
	at java.util.AbstractCollection.toString(AbstractCollection.java:462) ~[na:1.8.0_131]
	at org.hibernate.collection.internal.PersistentBag.toString(PersistentBag.java:510) ~[hibernate-core-5.0.12.Final.jar:5.0.12.Final]
	at java.lang.String.valueOf(String.java:2994) ~[na:1.8.0_131]
	at java.lang.StringBuilder.append(StringBuilder.java:131) ~[na:1.8.0_131]
	at com.jpa.hibernate.demo.entity.Course.toString(Course.java:105) ~[classes/:na]
	at java.lang.String.valueOf(String.java:2994) ~[na:1.8.0_131]
	at java.lang.StringBuilder.append(StringBuilder.java:131) ~[na:1.8.0_131]
	at com.jpa.hibernate.demo.entity.Rating.toString(Rating.java:55) ~[classes/:na]
	at java.lang.String.valueOf(String.java:2994) ~[na:1.8.0_131]
	at java.lang.StringBuilder.append(StringBuilder.java:131) ~[na:1.8.0_131]
	at java.util.AbstractCollection.toString(AbstractCollection.java:462) ~[na:1.8.0_131]
	at org.hibernate.collection.internal.PersistentBag.toString(PersistentBag.java:510) ~[hibernate-core-5.0.12.Final.jar:5.0.12.Final]
	at java.lang.String.valueOf(String.java:2994) ~[na:1.8.0_131]
	at java.lang.StringBuilder.append(StringBuilder.java:131) ~[na:1.8.0_131]
	at com.jpa.hibernate.demo.entity.Course.toString(Course.java:105) ~[classes/:na]
	at java.lang.String.valueOf(String.java:2994) ~[na:1.8.0_131]
	at java.lang.StringBuilder.append(StringBuilder.java:131) ~[na:1.8.0_131]
	at com.jpa.hibernate.demo.entity.Rating.toString(Rating.java:55) ~[classes/:na]
	at java.lang.String.valueOf(String.java:2994) ~[na:1.8.0_131]
	at java.lang.StringBuilder.append(StringBuilder.java:131) ~[na:1.8.0_131]
	at java.util.AbstractCollection.toString(AbstractCollection.java:462) ~[na:1.8.0_131]
	at org.hibernate.collection.internal.PersistentBag.toString(PersistentBag.java:510) ~[hibernate-core-5.0.12.Final.jar:5.0.12.Final]
	at java.lang.String.valueOf(String.java:2994) ~[na:1.8.0_131]
	at java.lang.StringBuilder.append(StringBuilder.java:131) ~[na:1.8.0_131]
	at com.jpa.hibernate.demo.entity.Course.toString(Course.java:105) ~[classes/:na]
	at java.lang.String.valueOf(String.java:2994) ~[na:1.8.0_131]
	at java.lang.StringBuilder.append(StringBuilder.java:131) ~[na:1.8.0_131]
	at com.jpa.hibernate.demo.entity.Rating.toString(Rating.java:55) ~[classes/:na]
	at java.lang.String.valueOf(String.java:2994) ~[na:1.8.0_131]
	at java.lang.StringBuilder.append(StringBuilder.java:131) ~[na:1.8.0_131]
	at java.util.AbstractCollection.toString(AbstractCollection.java:462) ~[na:1.8.0_131]
	at org.hibernate.collection.internal.PersistentBag.toString(PersistentBag.java:510) ~[hibernate-core-5.0.12.Final.jar:5.0.12.Final]
	at java.lang.String.valueOf(String.java:2994) ~[na:1.8.0_131]
	at java.lang.StringBuilder.append(StringBuilder.java:131) ~[na:1.8.0_131]
	at com.jpa.hibernate.demo.entity.Course.toString(Course.java:105) ~[classes/:na]
	at java.lang.String.valueOf(String.java:2994) ~[na:1.8.0_131]
	at java.lang.StringBuilder.append(StringBuilder.java:131) ~[na:1.8.0_131]
	at com.jpa.hibernate.demo.entity.Rating.toString(Rating.java:55) ~[classes/:na]
	at java.lang.String.valueOf(String.java:2994) ~[na:1.8.0_131]
	at java.lang.StringBuilder.append(StringBuilder.java:131) ~[na:1.8.0_131]
	at java.util.AbstractCollection.toString(AbstractCollection.java:462) ~[na:1.8.0_131]
	at org.hibernate.collection.internal.PersistentBag.toString(PersistentBag.java:510) ~[hibernate-core-5.0.12.Final.jar:5.0.12.Final]
	at java.lang.String.valueOf(String.java:2994) ~[na:1.8.0_131]
	at java.lang.StringBuilder.append(StringBuilder.java:131) ~[na:1.8.0_131]
	at com.jpa.hibernate.demo.entity.Course.toString(Course.java:105) ~[classes/:na]
	at java.lang.String.valueOf(String.java:2994) ~[na:1.8.0_131]
	at java.lang.StringBuilder.append(StringBuilder.java:131) ~[na:1.8.0_131]
	at com.jpa.hibernate.demo.entity.Rating.toString(Rating.java:55) ~[classes/:na]
	at java.lang.String.valueOf(String.java:2994) ~[na:1.8.0_131]
	at java.lang.StringBuilder.append(StringBuilder.java:131) ~[na:1.8.0_131]
	at java.util.AbstractCollection.toString(AbstractCollection.java:462) ~[na:1.8.0_131]
	at org.hibernate.collection.internal.PersistentBag.toString(PersistentBag.java:510) ~[hibernate-core-5.0.12.Final.jar:5.0.12.Final]
	at java.lang.String.valueOf(String.java:2994) ~[na:1.8.0_131]
	at java.lang.StringBuilder.append(StringBuilder.java:131) ~[na:1.8.0_131]
	at com.jpa.hibernate.demo.entity.Course.toString(Course.java:105) ~[classes/:na]
	at java.lang.String.valueOf(String.java:2994) ~[na:1.8.0_131]
	at java.lang.StringBuilder.append(StringBuilder.java:131) ~[na:1.8.0_131]
	at com.jpa.hibernate.demo.entity.Rating.toString(Rating.java:55) ~[classes/:na]
	at java.lang.String.valueOf(String.java:2994) ~[na:1.8.0_131]
	at java.lang.StringBuilder.append(StringBuilder.java:131) ~[na:1.8.0_131]
	at java.util.AbstractCollection.toString(AbstractCollection.java:462) ~[na:1.8.0_131]
	at org.hibernate.collection.internal.PersistentBag.toString(PersistentBag.java:510) ~[hibernate-core-5.0.12.Final.jar:5.0.12.Final]
	at java.lang.String.valueOf(String.java:2994) ~[na:1.8.0_131]
	at java.lang.StringBuilder.append(StringBuilder.java:131) ~[na:1.8.0_131]
	at com.jpa.hibernate.demo.entity.Course.toString(Course.java:105) ~[classes/:na]
	at java.lang.String.valueOf(String.java:2994) ~[na:1.8.0_131]
	at java.lang.StringBuilder.append(StringBuilder.java:131) ~[na:1.8.0_131]
	at com.jpa.hibernate.demo.entity.Rating.toString(Rating.java:55) ~[classes/:na]
	at java.lang.String.valueOf(String.java:2994) ~[na:1.8.0_131]
	at java.lang.StringBuilder.append(StringBuilder.java:131) ~[na:1.8.0_131]
	at java.util.AbstractCollection.toString(AbstractCollection.java:462) ~[na:1.8.0_131]
	at org.hibernate.collection.internal.PersistentBag.toString(PersistentBag.java:510) ~[hibernate-core-5.0.12.Final.jar:5.0.12.Final]
	at java.lang.String.valueOf(String.java:2994) ~[na:1.8.0_131]
	at java.lang.StringBuilder.append(StringBuilder.java:131) ~[na:1.8.0_131]
	at com.jpa.hibernate.demo.entity.Course.toString(Course.java:105) ~[classes/:na]
	at java.lang.String.valueOf(String.java:2994) ~[na:1.8.0_131]
	at java.lang.StringBuilder.append(StringBuilder.java:131) ~[na:1.8.0_131]
	at com.jpa.hibernate.demo.entity.Rating.toString(Rating.java:55) ~[classes/:na]
	at java.lang.String.valueOf(String.java:2994) ~[na:1.8.0_131]
	at java.lang.StringBuilder.append(StringBuilder.java:131) ~[na:1.8.0_131]
	at java.util.AbstractCollection.toString(AbstractCollection.java:462) ~[na:1.8.0_131]
	at org.hibernate.collection.internal.PersistentBag.toString(PersistentBag.java:510) ~[hibernate-core-5.0.12.Final.jar:5.0.12.Final]
	at java.lang.String.valueOf(String.java:2994) ~[na:1.8.0_131]
	at java.lang.StringBuilder.append(StringBuilder.java:131) ~[na:1.8.0_131]
	at com.jpa.hibernate.demo.entity.Course.toString(Course.java:105) ~[classes/:na]
	at java.lang.String.valueOf(String.java:2994) ~[na:1.8.0_131]
	at java.lang.StringBuilder.append(StringBuilder.java:131) ~[na:1.8.0_131]
	at com.jpa.hibernate.demo.entity.Rating.toString(Rating.java:55) ~[classes/:na]
	at java.lang.String.valueOf(String.java:2994) ~[na:1.8.0_131]
	at java.lang.StringBuilder.append(StringBuilder.java:131) ~[na:1.8.0_131]
	at java.util.AbstractCollection.toString(AbstractCollection.java:462) ~[na:1.8.0_131]
	at org.hibernate.collection.internal.PersistentBag.toString(PersistentBag.java:510) ~[hibernate-core-5.0.12.Final.jar:5.0.12.Final]
	at java.lang.String.valueOf(String.java:2994) ~[na:1.8.0_131]
	at java.lang.StringBuilder.append(StringBuilder.java:131) ~[na:1.8.0_131]
	at com.jpa.hibernate.demo.entity.Course.toString(Course.java:105) ~[classes/:na]
	at java.lang.String.valueOf(String.java:2994) ~[na:1.8.0_131]
	at java.lang.StringBuilder.append(StringBuilder.java:131) ~[na:1.8.0_131]
	at com.jpa.hibernate.demo.entity.Rating.toString(Rating.java:55) ~[classes/:na]
	at java.lang.String.valueOf(String.java:2994) ~[na:1.8.0_131]
	at java.lang.StringBuilder.append(StringBuilder.java:131) ~[na:1.8.0_131]
	at java.util.AbstractCollection.toString(AbstractCollection.java:462) ~[na:1.8.0_131]
	at org.hibernate.collection.internal.PersistentBag.toString(PersistentBag.java:510) ~[hibernate-core-5.0.12.Final.jar:5.0.12.Final]
	at java.lang.String.valueOf(String.java:2994) ~[na:1.8.0_131]
	at java.lang.StringBuilder.append(StringBuilder.java:131) ~[na:1.8.0_131]
	at com.jpa.hibernate.demo.entity.Course.toString(Course.java:105) ~[classes/:na]
	at java.lang.String.valueOf(String.java:2994) ~[na:1.8.0_131]
	at java.lang.StringBuilder.append(StringBuilder.java:131) ~[na:1.8.0_131]
	at com.jpa.hibernate.demo.entity.Rating.toString(Rating.java:55) ~[classes/:na]
	at java.lang.String.valueOf(String.java:2994) ~[na:1.8.0_131]
	at java.lang.StringBuilder.append(StringBuilder.java:131) ~[na:1.8.0_131]
	at java.util.AbstractCollection.toString(AbstractCollection.java:462) ~[na:1.8.0_131]
	at org.hibernate.collection.internal.PersistentBag.toString(PersistentBag.java:510) ~[hibernate-core-5.0.12.Final.jar:5.0.12.Final]
	at java.lang.String.valueOf(String.java:2994) ~[na:1.8.0_131]
	at java.lang.StringBuilder.append(StringBuilder.java:131) ~[na:1.8.0_131]
	at com.jpa.hibernate.demo.entity.Course.toString(Course.java:105) ~[classes/:na]
	at java.lang.String.valueOf(String.java:2994) ~[na:1.8.0_131]
	at java.lang.StringBuilder.append(StringBuilder.java:131) ~[na:1.8.0_131]
	at com.jpa.hibernate.demo.entity.Rating.toString(Rating.java:55) ~[classes/:na]
	at java.lang.String.valueOf(String.java:2994) ~[na:1.8.0_131]
	at java.lang.StringBuilder.append(StringBuilder.java:131) ~[na:1.8.0_131]
	at java.util.AbstractCollection.toString(AbstractCollection.java:462) ~[na:1.8.0_131]
	at org.hibernate.collection.internal.PersistentBag.toString(PersistentBag.java:510) ~[hibernate-core-5.0.12.Final.jar:5.0.12.Final]
	at java.lang.String.valueOf(String.java:2994) ~[na:1.8.0_131]
	at java.lang.StringBuilder.append(StringBuilder.java:131) ~[na:1.8.0_131]
	at com.jpa.hibernate.demo.entity.Course.toString(Course.java:105) ~[classes/:na]
	at java.lang.String.valueOf(String.java:2994) ~[na:1.8.0_131]
	at java.lang.StringBuilder.append(StringBuilder.java:131) ~[na:1.8.0_131]
	at com.jpa.hibernate.demo.entity.Rating.toString(Rating.java:55) ~[classes/:na]
	at java.lang.String.valueOf(String.java:2994) ~[na:1.8.0_131]
	at java.lang.StringBuilder.append(StringBuilder.java:131) ~[na:1.8.0_131]
	at java.util.AbstractCollection.toString(AbstractCollection.java:462) ~[na:1.8.0_131]
	at org.hibernate.collection.internal.PersistentBag.toString(PersistentBag.java:510) ~[hibernate-core-5.0.12.Final.jar:5.0.12.Final]
	at java.lang.String.valueOf(String.java:2994) ~[na:1.8.0_131]
	at java.lang.StringBuilder.append(StringBuilder.java:131) ~[na:1.8.0_131]
	at com.jpa.hibernate.demo.entity.Course.toString(Course.java:105) ~[classes/:na]
	at java.lang.String.valueOf(String.java:2994) ~[na:1.8.0_131]
	at java.lang.StringBuilder.append(StringBuilder.java:131) ~[na:1.8.0_131]
	at com.jpa.hibernate.demo.entity.Rating.toString(Rating.java:55) ~[classes/:na]
	at java.lang.String.valueOf(String.java:2994) ~[na:1.8.0_131]
	at java.lang.StringBuilder.append(StringBuilder.java:131) ~[na:1.8.0_131]
	at java.util.AbstractCollection.toString(AbstractCollection.java:462) ~[na:1.8.0_131]
	at org.hibernate.collection.internal.PersistentBag.toString(PersistentBag.java:510) ~[hibernate-core-5.0.12.Final.jar:5.0.12.Final]
	at java.lang.String.valueOf(String.java:2994) ~[na:1.8.0_131]
	at java.lang.StringBuilder.append(StringBuilder.java:131) ~[na:1.8.0_131]
	at com.jpa.hibernate.demo.entity.Course.toString(Course.java:105) ~[classes/:na]
	at java.lang.String.valueOf(String.java:2994) ~[na:1.8.0_131]
	at java.lang.StringBuilder.append(StringBuilder.java:131) ~[na:1.8.0_131]
	at com.jpa.hibernate.demo.entity.Rating.toString(Rating.java:55) ~[classes/:na]
	at java.lang.String.valueOf(String.java:2994) ~[na:1.8.0_131]
	at java.lang.StringBuilder.append(StringBuilder.java:131) ~[na:1.8.0_131]
	at java.util.AbstractCollection.toString(AbstractCollection.java:462) ~[na:1.8.0_131]
	at org.hibernate.collection.internal.PersistentBag.toString(PersistentBag.java:510) ~[hibernate-core-5.0.12.Final.jar:5.0.12.Final]
	at java.lang.String.valueOf(String.java:2994) ~[na:1.8.0_131]
	at java.lang.StringBuilder.append(StringBuilder.java:131) ~[na:1.8.0_131]
	at com.jpa.hibernate.demo.entity.Course.toString(Course.java:105) ~[classes/:na]
	at java.lang.String.valueOf(String.java:2994) ~[na:1.8.0_131]
	at java.lang.StringBuilder.append(StringBuilder.java:131) ~[na:1.8.0_131]
	at com.jpa.hibernate.demo.entity.Rating.toString(Rating.java:55) ~[classes/:na]
	at java.lang.String.valueOf(String.java:2994) ~[na:1.8.0_131]
	at java.lang.StringBuilder.append(StringBuilder.java:131) ~[na:1.8.0_131]
	at java.util.AbstractCollection.toString(AbstractCollection.java:462) ~[na:1.8.0_131]
	at org.hibernate.collection.internal.PersistentBag.toString(PersistentBag.java:510) ~[hibernate-core-5.0.12.Final.jar:5.0.12.Final]
	at java.lang.String.valueOf(String.java:2994) ~[na:1.8.0_131]
	at java.lang.StringBuilder.append(StringBuilder.java:131) ~[na:1.8.0_131]
	at com.jpa.hibernate.demo.entity.Course.toString(Course.java:105) ~[classes/:na]
	at java.lang.String.valueOf(String.java:2994) ~[na:1.8.0_131]
	at java.lang.StringBuilder.append(StringBuilder.java:131) ~[na:1.8.0_131]
	at com.jpa.hibernate.demo.entity.Rating.toString(Rating.java:55) ~[classes/:na]
	at java.lang.String.valueOf(String.java:2994) ~[na:1.8.0_131]
	at java.lang.StringBuilder.append(StringBuilder.java:131) ~[na:1.8.0_131]
	at java.util.AbstractCollection.toString(AbstractCollection.java:462) ~[na:1.8.0_131]
	at org.hibernate.collection.internal.PersistentBag.toString(PersistentBag.java:510) ~[hibernate-core-5.0.12.Final.jar:5.0.12.Final]
	at java.lang.String.valueOf(String.java:2994) ~[na:1.8.0_131]
	at java.lang.StringBuilder.append(StringBuilder.java:131) ~[na:1.8.0_131]
	at com.jpa.hibernate.demo.entity.Course.toString(Course.java:105) ~[classes/:na]
	at java.lang.String.valueOf(String.java:2994) ~[na:1.8.0_131]
	at java.lang.StringBuilder.append(StringBuilder.java:131) ~[na:1.8.0_131]
	at com.jpa.hibernate.demo.entity.Rating.toString(Rating.java:55) ~[classes/:na]
	at java.lang.String.valueOf(String.java:2994) ~[na:1.8.0_131]
	at java.lang.StringBuilder.append(StringBuilder.java:131) ~[na:1.8.0_131]
	at java.util.AbstractCollection.toString(AbstractCollection.java:462) ~[na:1.8.0_131]
	at org.hibernate.collection.internal.PersistentBag.toString(PersistentBag.java:510) ~[hibernate-core-5.0.12.Final.jar:5.0.12.Final]
	at java.lang.String.valueOf(String.java:2994) ~[na:1.8.0_131]
	at java.lang.StringBuilder.append(StringBuilder.java:131) ~[na:1.8.0_131]
	at com.jpa.hibernate.demo.entity.Course.toString(Course.java:105) ~[classes/:na]
	at java.lang.String.valueOf(String.java:2994) ~[na:1.8.0_131]
	at java.lang.StringBuilder.append(StringBuilder.java:131) ~[na:1.8.0_131]
	at com.jpa.hibernate.demo.entity.Rating.toString(Rating.java:55) ~[classes/:na]
	at java.lang.String.valueOf(String.java:2994) ~[na:1.8.0_131]
	at java.lang.StringBuilder.append(StringBuilder.java:131) ~[na:1.8.0_131]
	at java.util.AbstractCollection.toString(AbstractCollection.java:462) ~[na:1.8.0_131]
	at org.hibernate.collection.internal.PersistentBag.toString(PersistentBag.java:510) ~[hibernate-core-5.0.12.Final.jar:5.0.12.Final]
	at java.lang.String.valueOf(String.java:2994) ~[na:1.8.0_131]
	at java.lang.StringBuilder.append(StringBuilder.java:131) ~[na:1.8.0_131]
	at com.jpa.hibernate.demo.entity.Course.toString(Course.java:105) ~[classes/:na]
	at java.lang.String.valueOf(String.java:2994) ~[na:1.8.0_131]
	at java.lang.StringBuilder.append(StringBuilder.java:131) ~[na:1.8.0_131]
	at com.jpa.hibernate.demo.entity.Rating.toString(Rating.java:55) ~[classes/:na]
	at java.lang.String.valueOf(String.java:2994) ~[na:1.8.0_131]
	at java.lang.StringBuilder.append(StringBuilder.java:131) ~[na:1.8.0_131]
	at java.util.AbstractCollection.toString(AbstractCollection.java:462) ~[na:1.8.0_131]
	at org.hibernate.collection.internal.PersistentBag.toString(PersistentBag.java:510) ~[hibernate-core-5.0.12.Final.jar:5.0.12.Final]
	at java.lang.String.valueOf(String.java:2994) ~[na:1.8.0_131]
	at java.lang.StringBuilder.append(StringBuilder.java:131) ~[na:1.8.0_131]
	at com.jpa.hibernate.demo.entity.Course.toString(Course.java:105) ~[classes/:na]
	at java.lang.String.valueOf(String.java:2994) ~[na:1.8.0_131]
	at java.lang.StringBuilder.append(StringBuilder.java:131) ~[na:1.8.0_131]
	at com.jpa.hibernate.demo.entity.Rating.toString(Rating.java:55) ~[classes/:na]
	at java.lang.String.valueOf(String.java:2994) ~[na:1.8.0_131]
	at java.lang.StringBuilder.append(StringBuilder.java:131) ~[na:1.8.0_131]
	at java.util.AbstractCollection.toString(AbstractCollection.java:462) ~[na:1.8.0_131]
	at org.hibernate.collection.internal.PersistentBag.toString(PersistentBag.java:510) ~[hibernate-core-5.0.12.Final.jar:5.0.12.Final]
	at java.lang.String.valueOf(String.java:2994) ~[na:1.8.0_131]
	at java.lang.StringBuilder.append(StringBuilder.java:131) ~[na:1.8.0_131]
	at com.jpa.hibernate.demo.entity.Course.toString(Course.java:105) ~[classes/:na]
	at java.lang.String.valueOf(String.java:2994) ~[na:1.8.0_131]
	at java.lang.StringBuilder.append(StringBuilder.java:131) ~[na:1.8.0_131]
	at com.jpa.hibernate.demo.entity.Rating.toString(Rating.java:55) ~[classes/:na]
	at java.lang.String.valueOf(String.java:2994) ~[na:1.8.0_131]
	at java.lang.StringBuilder.append(StringBuilder.java:131) ~[na:1.8.0_131]
	at java.util.AbstractCollection.toString(AbstractCollection.java:462) ~[na:1.8.0_131]
	at org.hibernate.collection.internal.PersistentBag.toString(PersistentBag.java:510) ~[hibernate-core-5.0.12.Final.jar:5.0.12.Final]
	at java.lang.String.valueOf(String.java:2994) ~[na:1.8.0_131]
	at java.lang.StringBuilder.append(StringBuilder.java:131) ~[na:1.8.0_131]
	at com.jpa.hibernate.demo.entity.Course.toString(Course.java:105) ~[classes/:na]
	at java.lang.String.valueOf(String.java:2994) ~[na:1.8.0_131]
	at java.lang.StringBuilder.append(StringBuilder.java:131) ~[na:1.8.0_131]
	at com.jpa.hibernate.demo.entity.Rating.toString(Rating.java:55) ~[classes/:na]
	at java.lang.String.valueOf(String.java:2994) ~[na:1.8.0_131]
	at java.lang.StringBuilder.append(StringBuilder.java:131) ~[na:1.8.0_131]
	at java.util.AbstractCollection.toString(AbstractCollection.java:462) ~[na:1.8.0_131]
	at org.hibernate.collection.internal.PersistentBag.toString(PersistentBag.java:510) ~[hibernate-core-5.0.12.Final.jar:5.0.12.Final]
	at java.lang.String.valueOf(String.java:2994) ~[na:1.8.0_131]
	at java.lang.StringBuilder.append(StringBuilder.java:131) ~[na:1.8.0_131]
	at com.jpa.hibernate.demo.entity.Course.toString(Course.java:105) ~[classes/:na]
	at java.lang.String.valueOf(String.java:2994) ~[na:1.8.0_131]
	at java.lang.StringBuilder.append(StringBuilder.java:131) ~[na:1.8.0_131]
	at com.jpa.hibernate.demo.entity.Rating.toString(Rating.java:55) ~[classes/:na]
	at java.lang.String.valueOf(String.java:2994) ~[na:1.8.0_131]
	at java.lang.StringBuilder.append(StringBuilder.java:131) ~[na:1.8.0_131]
	at java.util.AbstractCollection.toString(AbstractCollection.java:462) ~[na:1.8.0_131]
	at org.hibernate.collection.internal.PersistentBag.toString(PersistentBag.java:510) ~[hibernate-core-5.0.12.Final.jar:5.0.12.Final]
	at java.lang.String.valueOf(String.java:2994) ~[na:1.8.0_131]
	at java.lang.StringBuilder.append(StringBuilder.java:131) ~[na:1.8.0_131]
	at com.jpa.hibernate.demo.entity.Course.toString(Course.java:105) ~[classes/:na]
	at java.lang.String.valueOf(String.java:2994) ~[na:1.8.0_131]
	at java.lang.StringBuilder.append(StringBuilder.java:131) ~[na:1.8.0_131]
	at com.jpa.hibernate.demo.entity.Rating.toString(Rating.java:55) ~[classes/:na]
	at java.lang.String.valueOf(String.java:2994) ~[na:1.8.0_131]
	at java.lang.StringBuilder.append(StringBuilder.java:131) ~[na:1.8.0_131]
	at java.util.AbstractCollection.toString(AbstractCollection.java:462) ~[na:1.8.0_131]
	at org.hibernate.collection.internal.PersistentBag.toString(PersistentBag.java:510) ~[hibernate-core-5.0.12.Final.jar:5.0.12.Final]
	at java.lang.String.valueOf(String.java:2994) ~[na:1.8.0_131]
	at java.lang.StringBuilder.append(StringBuilder.java:131) ~[na:1.8.0_131]
	at com.jpa.hibernate.demo.entity.Course.toString(Course.java:105) ~[classes/:na]
	at java.lang.String.valueOf(String.java:2994) ~[na:1.8.0_131]
	at java.lang.StringBuilder.append(StringBuilder.java:131) ~[na:1.8.0_131]
	at com.jpa.hibernate.demo.entity.Rating.toString(Rating.java:55) ~[classes/:na]
	at java.lang.String.valueOf(String.java:2994) ~[na:1.8.0_131]
	at java.lang.StringBuilder.append(StringBuilder.java:131) ~[na:1.8.0_131]
	at java.util.AbstractCollection.toString(AbstractCollection.java:462) ~[na:1.8.0_131]
	at org.hibernate.collection.internal.PersistentBag.toString(PersistentBag.java:510) ~[hibernate-core-5.0.12.Final.jar:5.0.12.Final]
	at java.lang.String.valueOf(String.java:2994) ~[na:1.8.0_131]
	at java.lang.StringBuilder.append(StringBuilder.java:131) ~[na:1.8.0_131]
	at com.jpa.hibernate.demo.entity.Course.toString(Course.java:105) ~[classes/:na]
	at java.lang.String.valueOf(String.java:2994) ~[na:1.8.0_131]
	at java.lang.StringBuilder.append(StringBuilder.java:131) ~[na:1.8.0_131]
	at com.jpa.hibernate.demo.entity.Rating.toString(Rating.java:55) ~[classes/:na]
	at java.lang.String.valueOf(String.java:2994) ~[na:1.8.0_131]
	at java.lang.StringBuilder.append(StringBuilder.java:131) ~[na:1.8.0_131]
	at java.util.AbstractCollection.toString(AbstractCollection.java:462) ~[na:1.8.0_131]
	at org.hibernate.collection.internal.PersistentBag.toString(PersistentBag.java:510) ~[hibernate-core-5.0.12.Final.jar:5.0.12.Final]
	at java.lang.String.valueOf(String.java:2994) ~[na:1.8.0_131]
	at java.lang.StringBuilder.append(StringBuilder.java:131) ~[na:1.8.0_131]
	at com.jpa.hibernate.demo.entity.Course.toString(Course.java:105) ~[classes/:na]
	at java.lang.String.valueOf(String.java:2994) ~[na:1.8.0_131]
	at java.lang.StringBuilder.append(StringBuilder.java:131) ~[na:1.8.0_131]
	at com.jpa.hibernate.demo.entity.Rating.toString(Rating.java:55) ~[classes/:na]
	at java.lang.String.valueOf(String.java:2994) ~[na:1.8.0_131]
	at java.lang.StringBuilder.append(StringBuilder.java:131) ~[na:1.8.0_131]
	at java.util.AbstractCollection.toString(AbstractCollection.java:462) ~[na:1.8.0_131]
	at org.hibernate.collection.internal.PersistentBag.toString(PersistentBag.java:510) ~[hibernate-core-5.0.12.Final.jar:5.0.12.Final]
	at java.lang.String.valueOf(String.java:2994) ~[na:1.8.0_131]
	at java.lang.StringBuilder.append(StringBuilder.java:131) ~[na:1.8.0_131]
	at com.jpa.hibernate.demo.entity.Course.toString(Course.java:105) ~[classes/:na]
	at java.lang.String.valueOf(String.java:2994) ~[na:1.8.0_131]
	at java.lang.StringBuilder.append(StringBuilder.java:131) ~[na:1.8.0_131]
	at com.jpa.hibernate.demo.entity.Rating.toString(Rating.java:55) ~[classes/:na]
	at java.lang.String.valueOf(String.java:2994) ~[na:1.8.0_131]
	at java.lang.StringBuilder.append(StringBuilder.java:131) ~[na:1.8.0_131]
	at java.util.AbstractCollection.toString(AbstractCollection.java:462) ~[na:1.8.0_131]
	at org.hibernate.collection.internal.PersistentBag.toString(PersistentBag.java:510) ~[hibernate-core-5.0.12.Final.jar:5.0.12.Final]
	at java.lang.String.valueOf(String.java:2994) ~[na:1.8.0_131]
	at java.lang.StringBuilder.append(StringBuilder.java:131) ~[na:1.8.0_131]
	at com.jpa.hibernate.demo.entity.Course.toString(Course.java:105) ~[classes/:na]
	at java.lang.String.valueOf(String.java:2994) ~[na:1.8.0_131]
	at java.lang.StringBuilder.append(StringBuilder.java:131) ~[na:1.8.0_131]
	at com.jpa.hibernate.demo.entity.Rating.toString(Rating.java:55) ~[classes/:na]
	at java.lang.String.valueOf(String.java:2994) ~[na:1.8.0_131]
	at java.lang.StringBuilder.append(StringBuilder.java:131) ~[na:1.8.0_131]
	at java.util.AbstractCollection.toString(AbstractCollection.java:462) ~[na:1.8.0_131]
	at org.hibernate.collection.internal.PersistentBag.toString(PersistentBag.java:510) ~[hibernate-core-5.0.12.Final.jar:5.0.12.Final]
	at java.lang.String.valueOf(String.java:2994) ~[na:1.8.0_131]
	at java.lang.StringBuilder.append(StringBuilder.java:131) ~[na:1.8.0_131]
	at com.jpa.hibernate.demo.entity.Course.toString(Course.java:105) ~[classes/:na]
	at java.lang.String.valueOf(String.java:2994) ~[na:1.8.0_131]
	at java.lang.StringBuilder.append(StringBuilder.java:131) ~[na:1.8.0_131]
	at com.jpa.hibernate.demo.entity.Rating.toString(Rating.java:55) ~[classes/:na]
	at java.lang.String.valueOf(String.java:2994) ~[na:1.8.0_131]
	at java.lang.StringBuilder.append(StringBuilder.java:131) ~[na:1.8.0_131]
	at java.util.AbstractCollection.toString(AbstractCollection.java:462) ~[na:1.8.0_131]
	at org.hibernate.collection.internal.PersistentBag.toString(PersistentBag.java:510) ~[hibernate-core-5.0.12.Final.jar:5.0.12.Final]
	at java.lang.String.valueOf(String.java:2994) ~[na:1.8.0_131]
	at java.lang.StringBuilder.append(StringBuilder.java:131) ~[na:1.8.0_131]
	at com.jpa.hibernate.demo.entity.Course.toString(Course.java:105) ~[classes/:na]
	at java.lang.String.valueOf(String.java:2994) ~[na:1.8.0_131]
	at java.lang.StringBuilder.append(StringBuilder.java:131) ~[na:1.8.0_131]
	at com.jpa.hibernate.demo.entity.Rating.toString(Rating.java:55) ~[classes/:na]
	at java.lang.String.valueOf(String.java:2994) ~[na:1.8.0_131]
	at java.lang.StringBuilder.append(StringBuilder.java:131) ~[na:1.8.0_131]
	at java.util.AbstractCollection.toString(AbstractCollection.java:462) ~[na:1.8.0_131]
	at org.hibernate.collection.internal.PersistentBag.toString(PersistentBag.java:510) ~[hibernate-core-5.0.12.Final.jar:5.0.12.Final]
	at java.lang.String.valueOf(String.java:2994) ~[na:1.8.0_131]
	at java.lang.StringBuilder.append(StringBuilder.java:131) ~[na:1.8.0_131]
	at com.jpa.hibernate.demo.entity.Course.toString(Course.java:105) ~[classes/:na]
	at java.lang.String.valueOf(String.java:2994) ~[na:1.8.0_131]
	at java.lang.StringBuilder.append(StringBuilder.java:131) ~[na:1.8.0_131]
	at com.jpa.hibernate.demo.entity.Rating.toString(Rating.java:55) ~[classes/:na]
	at java.lang.String.valueOf(String.java:2994) ~[na:1.8.0_131]
	at java.lang.StringBuilder.append(StringBuilder.java:131) ~[na:1.8.0_131]
	at java.util.AbstractCollection.toString(AbstractCollection.java:462) ~[na:1.8.0_131]
	at org.hibernate.collection.internal.PersistentBag.toString(PersistentBag.java:510) ~[hibernate-core-5.0.12.Final.jar:5.0.12.Final]
	at java.lang.String.valueOf(String.java:2994) ~[na:1.8.0_131]
	at java.lang.StringBuilder.append(StringBuilder.java:131) ~[na:1.8.0_131]
	at com.jpa.hibernate.demo.entity.Course.toString(Course.java:105) ~[classes/:na]
	at java.lang.String.valueOf(String.java:2994) ~[na:1.8.0_131]
	at java.lang.StringBuilder.append(StringBuilder.java:131) ~[na:1.8.0_131]
	at com.jpa.hibernate.demo.entity.Rating.toString(Rating.java:55) ~[classes/:na]
	at java.lang.String.valueOf(String.java:2994) ~[na:1.8.0_131]
	at java.lang.StringBuilder.append(StringBuilder.java:131) ~[na:1.8.0_131]
	at java.util.AbstractCollection.toString(AbstractCollection.java:462) ~[na:1.8.0_131]
	at org.hibernate.collection.internal.PersistentBag.toString(PersistentBag.java:510) ~[hibernate-core-5.0.12.Final.jar:5.0.12.Final]
	at java.lang.String.valueOf(String.java:2994) ~[na:1.8.0_131]
	at java.lang.StringBuilder.append(StringBuilder.java:131) ~[na:1.8.0_131]
	at com.jpa.hibernate.demo.entity.Course.toString(Course.java:105) ~[classes/:na]
	at java.lang.String.valueOf(String.java:2994) ~[na:1.8.0_131]
	at java.lang.StringBuilder.append(StringBuilder.java:131) ~[na:1.8.0_131]
	at com.jpa.hibernate.demo.entity.Rating.toString(Rating.java:55) ~[classes/:na]
	at java.lang.String.valueOf(String.java:2994) ~[na:1.8.0_131]
	at java.lang.StringBuilder.append(StringBuilder.java:131) ~[na:1.8.0_131]
	at java.util.AbstractCollection.toString(AbstractCollection.java:462) ~[na:1.8.0_131]
	at org.hibernate.collection.internal.PersistentBag.toString(PersistentBag.java:510) ~[hibernate-core-5.0.12.Final.jar:5.0.12.Final]
	at java.lang.String.valueOf(String.java:2994) ~[na:1.8.0_131]
	at java.lang.StringBuilder.append(StringBuilder.java:131) ~[na:1.8.0_131]
	at com.jpa.hibernate.demo.entity.Course.toString(Course.java:105) ~[classes/:na]
	at java.lang.String.valueOf(String.java:2994) ~[na:1.8.0_131]
	at java.lang.StringBuilder.append(StringBuilder.java:131) ~[na:1.8.0_131]
	at com.jpa.hibernate.demo.entity.Rating.toString(Rating.java:55) ~[classes/:na]
	at java.lang.String.valueOf(String.java:2994) ~[na:1.8.0_131]
	at java.lang.StringBuilder.append(StringBuilder.java:131) ~[na:1.8.0_131]
	at java.util.AbstractCollection.toString(AbstractCollection.java:462) ~[na:1.8.0_131]
	at org.hibernate.collection.internal.PersistentBag.toString(PersistentBag.java:510) ~[hibernate-core-5.0.12.Final.jar:5.0.12.Final]
	at java.lang.String.valueOf(String.java:2994) ~[na:1.8.0_131]
	at java.lang.StringBuilder.append(StringBuilder.java:131) ~[na:1.8.0_131]
	at com.jpa.hibernate.demo.entity.Course.toString(Course.java:105) ~[classes/:na]
	at java.lang.String.valueOf(String.java:2994) ~[na:1.8.0_131]
	at java.lang.StringBuilder.append(StringBuilder.java:131) ~[na:1.8.0_131]
	at com.jpa.hibernate.demo.entity.Rating.toString(Rating.java:55) ~[classes/:na]
	at java.lang.String.valueOf(String.java:2994) ~[na:1.8.0_131]
	at java.lang.StringBuilder.append(StringBuilder.java:131) ~[na:1.8.0_131]
	at java.util.AbstractCollection.toString(AbstractCollection.java:462) ~[na:1.8.0_131]
	at org.hibernate.collection.internal.PersistentBag.toString(PersistentBag.java:510) ~[hibernate-core-5.0.12.Final.jar:5.0.12.Final]
	at java.lang.String.valueOf(String.java:2994) ~[na:1.8.0_131]
	at java.lang.StringBuilder.append(StringBuilder.java:131) ~[na:1.8.0_131]
	at com.jpa.hibernate.demo.entity.Course.toString(Course.java:105) ~[classes/:na]
	at java.lang.String.valueOf(String.java:2994) ~[na:1.8.0_131]
	at java.lang.StringBuilder.append(StringBuilder.java:131) ~[na:1.8.0_131]
	at com.jpa.hibernate.demo.entity.Rating.toString(Rating.java:55) ~[classes/:na]
	at java.lang.String.valueOf(String.java:2994) ~[na:1.8.0_131]
	at java.lang.StringBuilder.append(StringBuilder.java:131) ~[na:1.8.0_131]
	at java.util.AbstractCollection.toString(AbstractCollection.java:462) ~[na:1.8.0_131]
	at org.hibernate.collection.internal.PersistentBag.toString(PersistentBag.java:510) ~[hibernate-core-5.0.12.Final.jar:5.0.12.Final]
	at java.lang.String.valueOf(String.java:2994) ~[na:1.8.0_131]
	at java.lang.StringBuilder.append(StringBuilder.java:131) ~[na:1.8.0_131]
	at com.jpa.hibernate.demo.entity.Course.toString(Course.java:105) ~[classes/:na]
	at java.lang.String.valueOf(String.java:2994) ~[na:1.8.0_131]
	at java.lang.StringBuilder.append(StringBuilder.java:131) ~[na:1.8.0_131]
	at com.jpa.hibernate.demo.entity.Rating.toString(Rating.java:55) ~[classes/:na]
	at java.lang.String.valueOf(String.java:2994) ~[na:1.8.0_131]
	at java.lang.StringBuilder.append(StringBuilder.java:131) ~[na:1.8.0_131]
	at java.util.AbstractCollection.toString(AbstractCollection.java:462) ~[na:1.8.0_131]
	at org.hibernate.collection.internal.PersistentBag.toString(PersistentBag.java:510) ~[hibernate-core-5.0.12.Final.jar:5.0.12.Final]
	at java.lang.String.valueOf(String.java:2994) ~[na:1.8.0_131]
	at java.lang.StringBuilder.append(StringBuilder.java:131) ~[na:1.8.0_131]
	at com.jpa.hibernate.demo.entity.Course.toString(Course.java:105) ~[classes/:na]
	at java.lang.String.valueOf(String.java:2994) ~[na:1.8.0_131]
	at java.lang.StringBuilder.append(StringBuilder.java:131) ~[na:1.8.0_131]
	at com.jpa.hibernate.demo.entity.Rating.toString(Rating.java:55) ~[classes/:na]
	at java.lang.String.valueOf(String.java:2994) ~[na:1.8.0_131]
	at java.lang.StringBuilder.append(StringBuilder.java:131) ~[na:1.8.0_131]
	at java.util.AbstractCollection.toString(AbstractCollection.java:462) ~[na:1.8.0_131]
	at org.hibernate.collection.internal.PersistentBag.toString(PersistentBag.java:510) ~[hibernate-core-5.0.12.Final.jar:5.0.12.Final]
	at java.lang.String.valueOf(String.java:2994) ~[na:1.8.0_131]
	at java.lang.StringBuilder.append(StringBuilder.java:131) ~[na:1.8.0_131]
	at com.jpa.hibernate.demo.entity.Course.toString(Course.java:105) ~[classes/:na]
	at java.lang.String.valueOf(String.java:2994) ~[na:1.8.0_131]
	at java.lang.StringBuilder.append(StringBuilder.java:131) ~[na:1.8.0_131]
	at com.jpa.hibernate.demo.entity.Rating.toString(Rating.java:55) ~[classes/:na]
	at java.lang.String.valueOf(String.java:2994) ~[na:1.8.0_131]
	at java.lang.StringBuilder.append(StringBuilder.java:131) ~[na:1.8.0_131]
	at java.util.AbstractCollection.toString(AbstractCollection.java:462) ~[na:1.8.0_131]
	at org.hibernate.collection.internal.PersistentBag.toString(PersistentBag.java:510) ~[hibernate-core-5.0.12.Final.jar:5.0.12.Final]
	at java.lang.String.valueOf(String.java:2994) ~[na:1.8.0_131]
	at java.lang.StringBuilder.append(StringBuilder.java:131) ~[na:1.8.0_131]
	at com.jpa.hibernate.demo.entity.Course.toString(Course.java:105) ~[classes/:na]
	at java.lang.String.valueOf(String.java:2994) ~[na:1.8.0_131]
	at java.lang.StringBuilder.append(StringBuilder.java:131) ~[na:1.8.0_131]
	at com.jpa.hibernate.demo.entity.Rating.toString(Rating.java:55) ~[classes/:na]
	at java.lang.String.valueOf(String.java:2994) ~[na:1.8.0_131]
	at java.lang.StringBuilder.append(StringBuilder.java:131) ~[na:1.8.0_131]
	at java.util.AbstractCollection.toString(AbstractCollection.java:462) ~[na:1.8.0_131]
	at org.hibernate.collection.internal.PersistentBag.toString(PersistentBag.java:510) ~[hibernate-core-5.0.12.Final.jar:5.0.12.Final]
	at java.lang.String.valueOf(String.java:2994) ~[na:1.8.0_131]
	at java.lang.StringBuilder.append(StringBuilder.java:131) ~[na:1.8.0_131]
	at com.jpa.hibernate.demo.entity.Course.toString(Course.java:105) ~[classes/:na]
	at java.lang.String.valueOf(String.java:2994) ~[na:1.8.0_131]
	at java.lang.StringBuilder.append(StringBuilder.java:131) ~[na:1.8.0_131]
	at com.jpa.hibernate.demo.entity.Rating.toString(Rating.java:55) ~[classes/:na]
	at java.lang.String.valueOf(String.java:2994) ~[na:1.8.0_131]
	at java.lang.StringBuilder.append(StringBuilder.java:131) ~[na:1.8.0_131]
	at java.util.AbstractCollection.toString(AbstractCollection.java:462) ~[na:1.8.0_131]
	at org.hibernate.collection.internal.PersistentBag.toString(PersistentBag.java:510) ~[hibernate-core-5.0.12.Final.jar:5.0.12.Final]
	at java.lang.String.valueOf(String.java:2994) ~[na:1.8.0_131]
	at java.lang.StringBuilder.append(StringBuilder.java:131) ~[na:1.8.0_131]
	at com.jpa.hibernate.demo.entity.Course.toString(Course.java:105) ~[classes/:na]
	at java.lang.String.valueOf(String.java:2994) ~[na:1.8.0_131]
	at java.lang.StringBuilder.append(StringBuilder.java:131) ~[na:1.8.0_131]
	at com.jpa.hibernate.demo.entity.Rating.toString(Rating.java:55) ~[classes/:na]
	at java.lang.String.valueOf(String.java:2994) ~[na:1.8.0_131]
	at java.lang.StringBuilder.append(StringBuilder.java:131) ~[na:1.8.0_131]
	at java.util.AbstractCollection.toString(AbstractCollection.java:462) ~[na:1.8.0_131]
	at org.hibernate.collection.internal.PersistentBag.toString(PersistentBag.java:510) ~[hibernate-core-5.0.12.Final.jar:5.0.12.Final]
	at java.lang.String.valueOf(String.java:2994) ~[na:1.8.0_131]
	at java.lang.StringBuilder.append(StringBuilder.java:131) ~[na:1.8.0_131]
	at com.jpa.hibernate.demo.entity.Course.toString(Course.java:105) ~[classes/:na]
	at java.lang.String.valueOf(String.java:2994) ~[na:1.8.0_131]
	at java.lang.StringBuilder.append(StringBuilder.java:131) ~[na:1.8.0_131]
	at com.jpa.hibernate.demo.entity.Rating.toString(Rating.java:55) ~[classes/:na]
	at java.lang.String.valueOf(String.java:2994) ~[na:1.8.0_131]
	at java.lang.StringBuilder.append(StringBuilder.java:131) ~[na:1.8.0_131]
	at java.util.AbstractCollection.toString(AbstractCollection.java:462) ~[na:1.8.0_131]
	at org.hibernate.collection.internal.PersistentBag.toString(PersistentBag.java:510) ~[hibernate-core-5.0.12.Final.jar:5.0.12.Final]
	at java.lang.String.valueOf(String.java:2994) ~[na:1.8.0_131]
	at java.lang.StringBuilder.append(StringBuilder.java:131) ~[na:1.8.0_131]
	at com.jpa.hibernate.demo.entity.Course.toString(Course.java:105) ~[classes/:na]
	at java.lang.String.valueOf(String.java:2994) ~[na:1.8.0_131]
	at java.lang.StringBuilder.append(StringBuilder.java:131) ~[na:1.8.0_131]
	at com.jpa.hibernate.demo.entity.Rating.toString(Rating.java:55) ~[classes/:na]
	at java.lang.String.valueOf(String.java:2994) ~[na:1.8.0_131]
	at java.lang.StringBuilder.append(StringBuilder.java:131) ~[na:1.8.0_131]
	at java.util.AbstractCollection.toString(AbstractCollection.java:462) ~[na:1.8.0_131]
	at org.hibernate.collection.internal.PersistentBag.toString(PersistentBag.java:510) ~[hibernate-core-5.0.12.Final.jar:5.0.12.Final]
	at java.lang.String.valueOf(String.java:2994) ~[na:1.8.0_131]
	at java.lang.StringBuilder.append(StringBuilder.java:131) ~[na:1.8.0_131]
	at com.jpa.hibernate.demo.entity.Course.toString(Course.java:105) ~[classes/:na]
	at java.lang.String.valueOf(String.java:2994) ~[na:1.8.0_131]
	at java.lang.StringBuilder.append(StringBuilder.java:131) ~[na:1.8.0_131]
	at com.jpa.hibernate.demo.entity.Rating.toString(Rating.java:55) ~[classes/:na]
	at java.lang.String.valueOf(String.java:2994) ~[na:1.8.0_131]
	at java.lang.StringBuilder.append(StringBuilder.java:131) ~[na:1.8.0_131]
	at java.util.AbstractCollection.toString(AbstractCollection.java:462) ~[na:1.8.0_131]
	at org.hibernate.collection.internal.PersistentBag.toString(PersistentBag.java:510) ~[hibernate-core-5.0.12.Final.jar:5.0.12.Final]
	at java.lang.String.valueOf(String.java:2994) ~[na:1.8.0_131]
	at java.lang.StringBuilder.append(StringBuilder.java:131) ~[na:1.8.0_131]
	at com.jpa.hibernate.demo.entity.Course.toString(Course.java:105) ~[classes/:na]
	at java.lang.String.valueOf(String.java:2994) ~[na:1.8.0_131]
	at java.lang.StringBuilder.append(StringBuilder.java:131) ~[na:1.8.0_131]
	at com.jpa.hibernate.demo.entity.Rating.toString(Rating.java:55) ~[classes/:na]
	at java.lang.String.valueOf(String.java:2994) ~[na:1.8.0_131]
	at java.lang.StringBuilder.append(StringBuilder.java:131) ~[na:1.8.0_131]
	at java.util.AbstractCollection.toString(AbstractCollection.java:462) ~[na:1.8.0_131]
	at org.hibernate.collection.internal.PersistentBag.toString(PersistentBag.java:510) ~[hibernate-core-5.0.12.Final.jar:5.0.12.Final]
	at java.lang.String.valueOf(String.java:2994) ~[na:1.8.0_131]
	at java.lang.StringBuilder.append(StringBuilder.java:131) ~[na:1.8.0_131]
	at com.jpa.hibernate.demo.entity.Course.toString(Course.java:105) ~[classes/:na]
	at java.lang.String.valueOf(String.java:2994) ~[na:1.8.0_131]
	at java.lang.StringBuilder.append(StringBuilder.java:131) ~[na:1.8.0_131]
	at com.jpa.hibernate.demo.entity.Rating.toString(Rating.java:55) ~[classes/:na]
	at java.lang.String.valueOf(String.java:2994) ~[na:1.8.0_131]
	at java.lang.StringBuilder.append(StringBuilder.java:131) ~[na:1.8.0_131]
	at java.util.AbstractCollection.toString(AbstractCollection.java:462) ~[na:1.8.0_131]
	at org.hibernate.collection.internal.PersistentBag.toString(PersistentBag.java:510) ~[hibernate-core-5.0.12.Final.jar:5.0.12.Final]
	at java.lang.String.valueOf(String.java:2994) ~[na:1.8.0_131]
	at java.lang.StringBuilder.append(StringBuilder.java:131) ~[na:1.8.0_131]
	at com.jpa.hibernate.demo.entity.Course.toString(Course.java:105) ~[classes/:na]
	at java.lang.String.valueOf(String.java:2994) ~[na:1.8.0_131]
	at java.lang.StringBuilder.append(StringBuilder.java:131) ~[na:1.8.0_131]
	at com.jpa.hibernate.demo.entity.Rating.toString(Rating.java:55) ~[classes/:na]
	at java.lang.String.valueOf(String.java:2994) ~[na:1.8.0_131]
	at java.lang.StringBuilder.append(StringBuilder.java:131) ~[na:1.8.0_131]
	at java.util.AbstractCollection.toString(AbstractCollection.java:462) ~[na:1.8.0_131]
	at org.hibernate.collection.internal.PersistentBag.toString(PersistentBag.java:510) ~[hibernate-core-5.0.12.Final.jar:5.0.12.Final]
	at java.lang.String.valueOf(String.java:2994) ~[na:1.8.0_131]
	at java.lang.StringBuilder.append(StringBuilder.java:131) ~[na:1.8.0_131]
	at com.jpa.hibernate.demo.entity.Course.toString(Course.java:105) ~[classes/:na]
	at java.lang.String.valueOf(String.java:2994) ~[na:1.8.0_131]
	at java.lang.StringBuilder.append(StringBuilder.java:131) ~[na:1.8.0_131]
	at com.jpa.hibernate.demo.entity.Rating.toString(Rating.java:55) ~[classes/:na]
	at java.lang.String.valueOf(String.java:2994) ~[na:1.8.0_131]
	at java.lang.StringBuilder.append(StringBuilder.java:131) ~[na:1.8.0_131]
	at java.util.AbstractCollection.toString(AbstractCollection.java:462) ~[na:1.8.0_131]
	at org.hibernate.collection.internal.PersistentBag.toString(PersistentBag.java:510) ~[hibernate-core-5.0.12.Final.jar:5.0.12.Final]
	at java.lang.String.valueOf(String.java:2994) ~[na:1.8.0_131]
	at java.lang.StringBuilder.append(StringBuilder.java:131) ~[na:1.8.0_131]
	at com.jpa.hibernate.demo.entity.Course.toString(Course.java:105) ~[classes/:na]
	at java.lang.String.valueOf(String.java:2994) ~[na:1.8.0_131]
	at java.lang.StringBuilder.append(StringBuilder.java:131) ~[na:1.8.0_131]
	at com.jpa.hibernate.demo.entity.Rating.toString(Rating.java:55) ~[classes/:na]
	at java.lang.String.valueOf(String.java:2994) ~[na:1.8.0_131]
	at java.lang.StringBuilder.append(StringBuilder.java:131) ~[na:1.8.0_131]
	at java.util.AbstractCollection.toString(AbstractCollection.java:462) ~[na:1.8.0_131]
	at org.hibernate.collection.internal.PersistentBag.toString(PersistentBag.java:510) ~[hibernate-core-5.0.12.Final.jar:5.0.12.Final]
	at java.lang.String.valueOf(String.java:2994) ~[na:1.8.0_131]
	at java.lang.StringBuilder.append(StringBuilder.java:131) ~[na:1.8.0_131]
	at com.jpa.hibernate.demo.entity.Course.toString(Course.java:105) ~[classes/:na]
	at java.lang.String.valueOf(String.java:2994) ~[na:1.8.0_131]
	at java.lang.StringBuilder.append(StringBuilder.java:131) ~[na:1.8.0_131]
	at com.jpa.hibernate.demo.entity.Rating.toString(Rating.java:55) ~[classes/:na]
	at java.lang.String.valueOf(String.java:2994) ~[na:1.8.0_131]
	at java.lang.StringBuilder.append(StringBuilder.java:131) ~[na:1.8.0_131]
	at java.util.AbstractCollection.toString(AbstractCollection.java:462) ~[na:1.8.0_131]
	at org.hibernate.collection.internal.PersistentBag.toString(PersistentBag.java:510) ~[hibernate-core-5.0.12.Final.jar:5.0.12.Final]
	at java.lang.String.valueOf(String.java:2994) ~[na:1.8.0_131]
	at java.lang.StringBuilder.append(StringBuilder.java:131) ~[na:1.8.0_131]
	at com.jpa.hibernate.demo.entity.Course.toString(Course.java:105) ~[classes/:na]
	at java.lang.String.valueOf(String.java:2994) ~[na:1.8.0_131]
	at java.lang.StringBuilder.append(StringBuilder.java:131) ~[na:1.8.0_131]
	at com.jpa.hibernate.demo.entity.Rating.toString(Rating.java:55) ~[classes/:na]
	at java.lang.String.valueOf(String.java:2994) ~[na:1.8.0_131]
	at java.lang.StringBuilder.append(StringBuilder.java:131) ~[na:1.8.0_131]
	at java.util.AbstractCollection.toString(AbstractCollection.java:462) ~[na:1.8.0_131]
	at org.hibernate.collection.internal.PersistentBag.toString(PersistentBag.java:510) ~[hibernate-core-5.0.12.Final.jar:5.0.12.Final]
	at java.lang.String.valueOf(String.java:2994) ~[na:1.8.0_131]
	at java.lang.StringBuilder.append(StringBuilder.java:131) ~[na:1.8.0_131]
	at com.jpa.hibernate.demo.entity.Course.toString(Course.java:105) ~[classes/:na]
	at java.lang.String.valueOf(String.java:2994) ~[na:1.8.0_131]
	at java.lang.StringBuilder.append(StringBuilder.java:131) ~[na:1.8.0_131]
	at com.jpa.hibernate.demo.entity.Rating.toString(Rating.java:55) ~[classes/:na]
	at java.lang.String.valueOf(String.java:2994) ~[na:1.8.0_131]
	at java.lang.StringBuilder.append(StringBuilder.java:131) ~[na:1.8.0_131]
	at java.util.AbstractCollection.toString(AbstractCollection.java:462) ~[na:1.8.0_131]
	at org.hibernate.collection.internal.PersistentBag.toString(PersistentBag.java:510) ~[hibernate-core-5.0.12.Final.jar:5.0.12.Final]
	at java.lang.String.valueOf(String.java:2994) ~[na:1.8.0_131]
	at java.lang.StringBuilder.append(StringBuilder.java:131) ~[na:1.8.0_131]
	at com.jpa.hibernate.demo.entity.Course.toString(Course.java:105) ~[classes/:na]
	at java.lang.String.valueOf(String.java:2994) ~[na:1.8.0_131]
	at java.lang.StringBuilder.append(StringBuilder.java:131) ~[na:1.8.0_131]
	at com.jpa.hibernate.demo.entity.Rating.toString(Rating.java:55) ~[classes/:na]
	at java.lang.String.valueOf(String.java:2994) ~[na:1.8.0_131]
	at java.lang.StringBuilder.append(StringBuilder.java:131) ~[na:1.8.0_131]
	at java.util.AbstractCollection.toString(AbstractCollection.java:462) ~[na:1.8.0_131]
	at org.hibernate.collection.internal.PersistentBag.toString(PersistentBag.java:510) ~[hibernate-core-5.0.12.Final.jar:5.0.12.Final]
	at java.lang.String.valueOf(String.java:2994) ~[na:1.8.0_131]
	at java.lang.StringBuilder.append(StringBuilder.java:131) ~[na:1.8.0_131]

]]></system-out>
    <system-err><![CDATA[Wed Jun 19 12:01:09 IST 2019 WARN: Establishing SSL connection without server's identity verification is not recommended. According to MySQL 5.5.45+, 5.6.26+ and 5.7.6+ requirements SSL connection must be established by default if explicit option isn't set. For compliance with existing applications not using SSL the verifyServerCertificate property is set to 'false'. You need either to explicitly disable SSL by setting useSSL=false, or set useSSL=true and provide truststore for server certificate verification.
Wed Jun 19 12:01:09 IST 2019 WARN: Establishing SSL connection without server's identity verification is not recommended. According to MySQL 5.5.45+, 5.6.26+ and 5.7.6+ requirements SSL connection must be established by default if explicit option isn't set. For compliance with existing applications not using SSL the verifyServerCertificate property is set to 'false'. You need either to explicitly disable SSL by setting useSSL=false, or set useSSL=true and provide truststore for server certificate verification.
Wed Jun 19 12:01:09 IST 2019 WARN: Establishing SSL connection without server's identity verification is not recommended. According to MySQL 5.5.45+, 5.6.26+ and 5.7.6+ requirements SSL connection must be established by default if explicit option isn't set. For compliance with existing applications not using SSL the verifyServerCertificate property is set to 'false'. You need either to explicitly disable SSL by setting useSSL=false, or set useSSL=true and provide truststore for server certificate verification.
Wed Jun 19 12:01:09 IST 2019 WARN: Establishing SSL connection without server's identity verification is not recommended. According to MySQL 5.5.45+, 5.6.26+ and 5.7.6+ requirements SSL connection must be established by default if explicit option isn't set. For compliance with existing applications not using SSL the verifyServerCertificate property is set to 'false'. You need either to explicitly disable SSL by setting useSSL=false, or set useSSL=true and provide truststore for server certificate verification.
Wed Jun 19 12:01:09 IST 2019 WARN: Establishing SSL connection without server's identity verification is not recommended. According to MySQL 5.5.45+, 5.6.26+ and 5.7.6+ requirements SSL connection must be established by default if explicit option isn't set. For compliance with existing applications not using SSL the verifyServerCertificate property is set to 'false'. You need either to explicitly disable SSL by setting useSSL=false, or set useSSL=true and provide truststore for server certificate verification.
Wed Jun 19 12:01:09 IST 2019 WARN: Establishing SSL connection without server's identity verification is not recommended. According to MySQL 5.5.45+, 5.6.26+ and 5.7.6+ requirements SSL connection must be established by default if explicit option isn't set. For compliance with existing applications not using SSL the verifyServerCertificate property is set to 'false'. You need either to explicitly disable SSL by setting useSSL=false, or set useSSL=true and provide truststore for server certificate verification.
Wed Jun 19 12:01:09 IST 2019 WARN: Establishing SSL connection without server's identity verification is not recommended. According to MySQL 5.5.45+, 5.6.26+ and 5.7.6+ requirements SSL connection must be established by default if explicit option isn't set. For compliance with existing applications not using SSL the verifyServerCertificate property is set to 'false'. You need either to explicitly disable SSL by setting useSSL=false, or set useSSL=true and provide truststore for server certificate verification.
Wed Jun 19 12:01:09 IST 2019 WARN: Establishing SSL connection without server's identity verification is not recommended. According to MySQL 5.5.45+, 5.6.26+ and 5.7.6+ requirements SSL connection must be established by default if explicit option isn't set. For compliance with existing applications not using SSL the verifyServerCertificate property is set to 'false'. You need either to explicitly disable SSL by setting useSSL=false, or set useSSL=true and provide truststore for server certificate verification.
Wed Jun 19 12:01:09 IST 2019 WARN: Establishing SSL connection without server's identity verification is not recommended. According to MySQL 5.5.45+, 5.6.26+ and 5.7.6+ requirements SSL connection must be established by default if explicit option isn't set. For compliance with existing applications not using SSL the verifyServerCertificate property is set to 'false'. You need either to explicitly disable SSL by setting useSSL=false, or set useSSL=true and provide truststore for server certificate verification.
Wed Jun 19 12:01:09 IST 2019 WARN: Establishing SSL connection without server's identity verification is not recommended. According to MySQL 5.5.45+, 5.6.26+ and 5.7.6+ requirements SSL connection must be established by default if explicit option isn't set. For compliance with existing applications not using SSL the verifyServerCertificate property is set to 'false'. You need either to explicitly disable SSL by setting useSSL=false, or set useSSL=true and provide truststore for server certificate verification.
]]></system-err>
  </testcase>
</testsuite>