<?xml version="1.0" encoding="UTF-8"?>
<testsuite xmlns:xsi="http://www.w3.org/2001/XMLSchema-instance" xsi:noNamespaceSchemaLocation="https://maven.apache.org/surefire/maven-surefire-plugin/xsd/surefire-test-report.xsd" name="com.jpa.hibernate.demo.JpaDemoApplicationTests" time="5.857" tests="1" errors="1" skipped="0" failures="0">
  <properties>
    <property name="sun.desktop" value="windows"/>
    <property name="awt.toolkit" value="sun.awt.windows.WToolkit"/>
    <property name="file.encoding.pkg" value="sun.io"/>
    <property name="java.specification.version" value="1.8"/>
    <property name="sun.cpu.isalist" value="amd64"/>
    <property name="sun.jnu.encoding" value="Cp1252"/>
    <property name="java.class.path" value="C:\Users\sudha\.m2\repository\org\apache\maven\surefire\surefire-booter\2.22.1\surefire-booter-2.22.1.jar;C:\Users\sudha\.m2\repository\org\apache\maven\surefire\surefire-api\2.22.1\surefire-api-2.22.1.jar;C:\Users\sudha\.m2\repository\org\apache\maven\surefire\surefire-logger-api\2.22.1\surefire-logger-api-2.22.1.jar;C:\Users\sudha\Jpa-hibernate-in-depth\jpa-hibernate\target\test-classes;C:\Users\sudha\Jpa-hibernate-in-depth\jpa-hibernate\target\classes;C:\Users\sudha\.m2\repository\org\springframework\boot\spring-boot-starter-data-jpa\1.5.9.RELEASE\spring-boot-starter-data-jpa-1.5.9.RELEASE.jar;C:\Users\sudha\.m2\repository\org\springframework\boot\spring-boot-starter\1.5.9.RELEASE\spring-boot-starter-1.5.9.RELEASE.jar;C:\Users\sudha\.m2\repository\org\springframework\boot\spring-boot\1.5.9.RELEASE\spring-boot-1.5.9.RELEASE.jar;C:\Users\sudha\.m2\repository\org\springframework\boot\spring-boot-autoconfigure\1.5.9.RELEASE\spring-boot-autoconfigure-1.5.9.RELEASE.jar;C:\Users\sudha\.m2\repository\org\springframework\boot\spring-boot-starter-logging\1.5.9.RELEASE\spring-boot-starter-logging-1.5.9.RELEASE.jar;C:\Users\sudha\.m2\repository\ch\qos\logback\logback-classic\1.1.11\logback-classic-1.1.11.jar;C:\Users\sudha\.m2\repository\ch\qos\logback\logback-core\1.1.11\logback-core-1.1.11.jar;C:\Users\sudha\.m2\repository\org\slf4j\jul-to-slf4j\1.7.25\jul-to-slf4j-1.7.25.jar;C:\Users\sudha\.m2\repository\org\slf4j\log4j-over-slf4j\1.7.25\log4j-over-slf4j-1.7.25.jar;C:\Users\sudha\.m2\repository\org\yaml\snakeyaml\1.17\snakeyaml-1.17.jar;C:\Users\sudha\.m2\repository\org\springframework\boot\spring-boot-starter-aop\1.5.9.RELEASE\spring-boot-starter-aop-1.5.9.RELEASE.jar;C:\Users\sudha\.m2\repository\org\springframework\spring-aop\4.3.13.RELEASE\spring-aop-4.3.13.RELEASE.jar;C:\Users\sudha\.m2\repository\org\aspectj\aspectjweaver\1.8.13\aspectjweaver-1.8.13.jar;C:\Users\sudha\.m2\repository\org\hibernate\hibernate-core\5.0.12.Final\hibernate-core-5.0.12.Final.jar;C:\Users\sudha\.m2\repository\org\jboss\logging\jboss-logging\3.3.1.Final\jboss-logging-3.3.1.Final.jar;C:\Users\sudha\.m2\repository\org\hibernate\javax\persistence\hibernate-jpa-2.1-api\1.0.0.Final\hibernate-jpa-2.1-api-1.0.0.Final.jar;C:\Users\sudha\.m2\repository\org\javassist\javassist\3.21.0-GA\javassist-3.21.0-GA.jar;C:\Users\sudha\.m2\repository\antlr\antlr\2.7.7\antlr-2.7.7.jar;C:\Users\sudha\.m2\repository\org\jboss\jandex\2.0.0.Final\jandex-2.0.0.Final.jar;C:\Users\sudha\.m2\repository\dom4j\dom4j\1.6.1\dom4j-1.6.1.jar;C:\Users\sudha\.m2\repository\org\hibernate\common\hibernate-commons-annotations\5.0.1.Final\hibernate-commons-annotations-5.0.1.Final.jar;C:\Users\sudha\.m2\repository\org\hibernate\hibernate-entitymanager\5.0.12.Final\hibernate-entitymanager-5.0.12.Final.jar;C:\Users\sudha\.m2\repository\javax\transaction\javax.transaction-api\1.2\javax.transaction-api-1.2.jar;C:\Users\sudha\.m2\repository\org\springframework\data\spring-data-jpa\1.11.9.RELEASE\spring-data-jpa-1.11.9.RELEASE.jar;C:\Users\sudha\.m2\repository\org\springframework\data\spring-data-commons\1.13.9.RELEASE\spring-data-commons-1.13.9.RELEASE.jar;C:\Users\sudha\.m2\repository\org\springframework\spring-orm\4.3.13.RELEASE\spring-orm-4.3.13.RELEASE.jar;C:\Users\sudha\.m2\repository\org\springframework\spring-context\4.3.13.RELEASE\spring-context-4.3.13.RELEASE.jar;C:\Users\sudha\.m2\repository\org\springframework\spring-tx\4.3.13.RELEASE\spring-tx-4.3.13.RELEASE.jar;C:\Users\sudha\.m2\repository\org\springframework\spring-beans\4.3.13.RELEASE\spring-beans-4.3.13.RELEASE.jar;C:\Users\sudha\.m2\repository\org\slf4j\slf4j-api\1.7.25\slf4j-api-1.7.25.jar;C:\Users\sudha\.m2\repository\org\slf4j\jcl-over-slf4j\1.7.25\jcl-over-slf4j-1.7.25.jar;C:\Users\sudha\.m2\repository\org\springframework\spring-aspects\4.3.13.RELEASE\spring-aspects-4.3.13.RELEASE.jar;C:\Users\sudha\.m2\repository\org\springframework\boot\spring-boot-starter-web\1.5.9.RELEASE\spring-boot-starter-web-1.5.9.RELEASE.jar;C:\Users\sudha\.m2\repository\org\springframework\boot\spring-boot-starter-tomcat\1.5.9.RELEASE\spring-boot-starter-tomcat-1.5.9.RELEASE.jar;C:\Users\sudha\.m2\repository\org\apache\tomcat\embed\tomcat-embed-core\8.5.23\tomcat-embed-core-8.5.23.jar;C:\Users\sudha\.m2\repository\org\apache\tomcat\tomcat-annotations-api\8.5.23\tomcat-annotations-api-8.5.23.jar;C:\Users\sudha\.m2\repository\org\apache\tomcat\embed\tomcat-embed-el\8.5.23\tomcat-embed-el-8.5.23.jar;C:\Users\sudha\.m2\repository\org\apache\tomcat\embed\tomcat-embed-websocket\8.5.23\tomcat-embed-websocket-8.5.23.jar;C:\Users\sudha\.m2\repository\org\hibernate\hibernate-validator\5.3.6.Final\hibernate-validator-5.3.6.Final.jar;C:\Users\sudha\.m2\repository\javax\validation\validation-api\1.1.0.Final\validation-api-1.1.0.Final.jar;C:\Users\sudha\.m2\repository\com\fasterxml\classmate\1.3.4\classmate-1.3.4.jar;C:\Users\sudha\.m2\repository\org\springframework\spring-web\4.3.13.RELEASE\spring-web-4.3.13.RELEASE.jar;C:\Users\sudha\.m2\repository\org\springframework\spring-webmvc\4.3.13.RELEASE\spring-webmvc-4.3.13.RELEASE.jar;C:\Users\sudha\.m2\repository\org\springframework\spring-expression\4.3.13.RELEASE\spring-expression-4.3.13.RELEASE.jar;C:\Users\sudha\.m2\repository\org\springframework\boot\spring-boot-starter-test\1.5.9.RELEASE\spring-boot-starter-test-1.5.9.RELEASE.jar;C:\Users\sudha\.m2\repository\org\springframework\boot\spring-boot-test\1.5.9.RELEASE\spring-boot-test-1.5.9.RELEASE.jar;C:\Users\sudha\.m2\repository\org\springframework\boot\spring-boot-test-autoconfigure\1.5.9.RELEASE\spring-boot-test-autoconfigure-1.5.9.RELEASE.jar;C:\Users\sudha\.m2\repository\com\jayway\jsonpath\json-path\2.2.0\json-path-2.2.0.jar;C:\Users\sudha\.m2\repository\net\minidev\json-smart\2.2.1\json-smart-2.2.1.jar;C:\Users\sudha\.m2\repository\net\minidev\accessors-smart\1.1\accessors-smart-1.1.jar;C:\Users\sudha\.m2\repository\org\ow2\asm\asm\5.0.3\asm-5.0.3.jar;C:\Users\sudha\.m2\repository\junit\junit\4.12\junit-4.12.jar;C:\Users\sudha\.m2\repository\org\assertj\assertj-core\2.6.0\assertj-core-2.6.0.jar;C:\Users\sudha\.m2\repository\org\mockito\mockito-core\1.10.19\mockito-core-1.10.19.jar;C:\Users\sudha\.m2\repository\org\objenesis\objenesis\2.1\objenesis-2.1.jar;C:\Users\sudha\.m2\repository\org\hamcrest\hamcrest-core\1.3\hamcrest-core-1.3.jar;C:\Users\sudha\.m2\repository\org\hamcrest\hamcrest-library\1.3\hamcrest-library-1.3.jar;C:\Users\sudha\.m2\repository\org\skyscreamer\jsonassert\1.4.0\jsonassert-1.4.0.jar;C:\Users\sudha\.m2\repository\com\vaadin\external\google\android-json\0.0.20131108.vaadin1\android-json-0.0.20131108.vaadin1.jar;C:\Users\sudha\.m2\repository\org\springframework\spring-core\4.3.13.RELEASE\spring-core-4.3.13.RELEASE.jar;C:\Users\sudha\.m2\repository\org\springframework\spring-test\4.3.13.RELEASE\spring-test-4.3.13.RELEASE.jar;C:\Users\sudha\.m2\repository\org\springframework\boot\spring-boot-starter-jdbc\1.5.9.RELEASE\spring-boot-starter-jdbc-1.5.9.RELEASE.jar;C:\Users\sudha\.m2\repository\org\apache\tomcat\tomcat-jdbc\8.5.23\tomcat-jdbc-8.5.23.jar;C:\Users\sudha\.m2\repository\org\apache\tomcat\tomcat-juli\8.5.23\tomcat-juli-8.5.23.jar;C:\Users\sudha\.m2\repository\org\springframework\spring-jdbc\4.3.13.RELEASE\spring-jdbc-4.3.13.RELEASE.jar;C:\Users\sudha\.m2\repository\com\fasterxml\jackson\core\jackson-databind\2.8.10\jackson-databind-2.8.10.jar;C:\Users\sudha\.m2\repository\com\fasterxml\jackson\core\jackson-annotations\2.8.0\jackson-annotations-2.8.0.jar;C:\Users\sudha\.m2\repository\com\fasterxml\jackson\core\jackson-core\2.8.10\jackson-core-2.8.10.jar;C:\Users\sudha\.m2\repository\mysql\mysql-connector-java\5.1.44\mysql-connector-java-5.1.44.jar;C:\Users\sudha\.m2\repository\org\apache\maven\surefire\surefire-junit4\2.22.1\surefire-junit4-2.22.1.jar"/>
    <property name="java.vm.vendor" value="Oracle Corporation"/>
    <property name="sun.arch.data.model" value="64"/>
    <property name="user.variant" value=""/>
    <property name="java.vendor.url" value="http://java.oracle.com/"/>
    <property name="user.timezone" value="Asia/Calcutta"/>
    <property name="java.vm.specification.version" value="1.8"/>
    <property name="os.name" value="Windows 10"/>
    <property name="user.country" value="IN"/>
    <property name="sun.java.launcher" value="SUN_STANDARD"/>
    <property name="sun.boot.library.path" value="C:\Program Files\Java\jdk1.8.0_131\jre\bin"/>
    <property name="sun.java.command" value="org.apache.maven.surefire.booter.ForkedBooter C:\Users\sudha\AppData\Local\Temp\surefire8645342015551571428 2019-06-19T12-00-56_939-jvmRun1 surefire4430288178686466579tmp surefire_05352894487465382123tmp"/>
    <property name="surefire.test.class.path" value="C:\Users\sudha\Jpa-hibernate-in-depth\jpa-hibernate\target\test-classes;C:\Users\sudha\Jpa-hibernate-in-depth\jpa-hibernate\target\classes;C:\Users\sudha\.m2\repository\org\springframework\boot\spring-boot-starter-data-jpa\1.5.9.RELEASE\spring-boot-starter-data-jpa-1.5.9.RELEASE.jar;C:\Users\sudha\.m2\repository\org\springframework\boot\spring-boot-starter\1.5.9.RELEASE\spring-boot-starter-1.5.9.RELEASE.jar;C:\Users\sudha\.m2\repository\org\springframework\boot\spring-boot\1.5.9.RELEASE\spring-boot-1.5.9.RELEASE.jar;C:\Users\sudha\.m2\repository\org\springframework\boot\spring-boot-autoconfigure\1.5.9.RELEASE\spring-boot-autoconfigure-1.5.9.RELEASE.jar;C:\Users\sudha\.m2\repository\org\springframework\boot\spring-boot-starter-logging\1.5.9.RELEASE\spring-boot-starter-logging-1.5.9.RELEASE.jar;C:\Users\sudha\.m2\repository\ch\qos\logback\logback-classic\1.1.11\logback-classic-1.1.11.jar;C:\Users\sudha\.m2\repository\ch\qos\logback\logback-core\1.1.11\logback-core-1.1.11.jar;C:\Users\sudha\.m2\repository\org\slf4j\jul-to-slf4j\1.7.25\jul-to-slf4j-1.7.25.jar;C:\Users\sudha\.m2\repository\org\slf4j\log4j-over-slf4j\1.7.25\log4j-over-slf4j-1.7.25.jar;C:\Users\sudha\.m2\repository\org\yaml\snakeyaml\1.17\snakeyaml-1.17.jar;C:\Users\sudha\.m2\repository\org\springframework\boot\spring-boot-starter-aop\1.5.9.RELEASE\spring-boot-starter-aop-1.5.9.RELEASE.jar;C:\Users\sudha\.m2\repository\org\springframework\spring-aop\4.3.13.RELEASE\spring-aop-4.3.13.RELEASE.jar;C:\Users\sudha\.m2\repository\org\aspectj\aspectjweaver\1.8.13\aspectjweaver-1.8.13.jar;C:\Users\sudha\.m2\repository\org\hibernate\hibernate-core\5.0.12.Final\hibernate-core-5.0.12.Final.jar;C:\Users\sudha\.m2\repository\org\jboss\logging\jboss-logging\3.3.1.Final\jboss-logging-3.3.1.Final.jar;C:\Users\sudha\.m2\repository\org\hibernate\javax\persistence\hibernate-jpa-2.1-api\1.0.0.Final\hibernate-jpa-2.1-api-1.0.0.Final.jar;C:\Users\sudha\.m2\repository\org\javassist\javassist\3.21.0-GA\javassist-3.21.0-GA.jar;C:\Users\sudha\.m2\repository\antlr\antlr\2.7.7\antlr-2.7.7.jar;C:\Users\sudha\.m2\repository\org\jboss\jandex\2.0.0.Final\jandex-2.0.0.Final.jar;C:\Users\sudha\.m2\repository\dom4j\dom4j\1.6.1\dom4j-1.6.1.jar;C:\Users\sudha\.m2\repository\org\hibernate\common\hibernate-commons-annotations\5.0.1.Final\hibernate-commons-annotations-5.0.1.Final.jar;C:\Users\sudha\.m2\repository\org\hibernate\hibernate-entitymanager\5.0.12.Final\hibernate-entitymanager-5.0.12.Final.jar;C:\Users\sudha\.m2\repository\javax\transaction\javax.transaction-api\1.2\javax.transaction-api-1.2.jar;C:\Users\sudha\.m2\repository\org\springframework\data\spring-data-jpa\1.11.9.RELEASE\spring-data-jpa-1.11.9.RELEASE.jar;C:\Users\sudha\.m2\repository\org\springframework\data\spring-data-commons\1.13.9.RELEASE\spring-data-commons-1.13.9.RELEASE.jar;C:\Users\sudha\.m2\repository\org\springframework\spring-orm\4.3.13.RELEASE\spring-orm-4.3.13.RELEASE.jar;C:\Users\sudha\.m2\repository\org\springframework\spring-context\4.3.13.RELEASE\spring-context-4.3.13.RELEASE.jar;C:\Users\sudha\.m2\repository\org\springframework\spring-tx\4.3.13.RELEASE\spring-tx-4.3.13.RELEASE.jar;C:\Users\sudha\.m2\repository\org\springframework\spring-beans\4.3.13.RELEASE\spring-beans-4.3.13.RELEASE.jar;C:\Users\sudha\.m2\repository\org\slf4j\slf4j-api\1.7.25\slf4j-api-1.7.25.jar;C:\Users\sudha\.m2\repository\org\slf4j\jcl-over-slf4j\1.7.25\jcl-over-slf4j-1.7.25.jar;C:\Users\sudha\.m2\repository\org\springframework\spring-aspects\4.3.13.RELEASE\spring-aspects-4.3.13.RELEASE.jar;C:\Users\sudha\.m2\repository\org\springframework\boot\spring-boot-starter-web\1.5.9.RELEASE\spring-boot-starter-web-1.5.9.RELEASE.jar;C:\Users\sudha\.m2\repository\org\springframework\boot\spring-boot-starter-tomcat\1.5.9.RELEASE\spring-boot-starter-tomcat-1.5.9.RELEASE.jar;C:\Users\sudha\.m2\repository\org\apache\tomcat\embed\tomcat-embed-core\8.5.23\tomcat-embed-core-8.5.23.jar;C:\Users\sudha\.m2\repository\org\apache\tomcat\tomcat-annotations-api\8.5.23\tomcat-annotations-api-8.5.23.jar;C:\Users\sudha\.m2\repository\org\apache\tomcat\embed\tomcat-embed-el\8.5.23\tomcat-embed-el-8.5.23.jar;C:\Users\sudha\.m2\repository\org\apache\tomcat\embed\tomcat-embed-websocket\8.5.23\tomcat-embed-websocket-8.5.23.jar;C:\Users\sudha\.m2\repository\org\hibernate\hibernate-validator\5.3.6.Final\hibernate-validator-5.3.6.Final.jar;C:\Users\sudha\.m2\repository\javax\validation\validation-api\1.1.0.Final\validation-api-1.1.0.Final.jar;C:\Users\sudha\.m2\repository\com\fasterxml\classmate\1.3.4\classmate-1.3.4.jar;C:\Users\sudha\.m2\repository\org\springframework\spring-web\4.3.13.RELEASE\spring-web-4.3.13.RELEASE.jar;C:\Users\sudha\.m2\repository\org\springframework\spring-webmvc\4.3.13.RELEASE\spring-webmvc-4.3.13.RELEASE.jar;C:\Users\sudha\.m2\repository\org\springframework\spring-expression\4.3.13.RELEASE\spring-expression-4.3.13.RELEASE.jar;C:\Users\sudha\.m2\repository\org\springframework\boot\spring-boot-starter-test\1.5.9.RELEASE\spring-boot-starter-test-1.5.9.RELEASE.jar;C:\Users\sudha\.m2\repository\org\springframework\boot\spring-boot-test\1.5.9.RELEASE\spring-boot-test-1.5.9.RELEASE.jar;C:\Users\sudha\.m2\repository\org\springframework\boot\spring-boot-test-autoconfigure\1.5.9.RELEASE\spring-boot-test-autoconfigure-1.5.9.RELEASE.jar;C:\Users\sudha\.m2\repository\com\jayway\jsonpath\json-path\2.2.0\json-path-2.2.0.jar;C:\Users\sudha\.m2\repository\net\minidev\json-smart\2.2.1\json-smart-2.2.1.jar;C:\Users\sudha\.m2\repository\net\minidev\accessors-smart\1.1\accessors-smart-1.1.jar;C:\Users\sudha\.m2\repository\org\ow2\asm\asm\5.0.3\asm-5.0.3.jar;C:\Users\sudha\.m2\repository\junit\junit\4.12\junit-4.12.jar;C:\Users\sudha\.m2\repository\org\assertj\assertj-core\2.6.0\assertj-core-2.6.0.jar;C:\Users\sudha\.m2\repository\org\mockito\mockito-core\1.10.19\mockito-core-1.10.19.jar;C:\Users\sudha\.m2\repository\org\objenesis\objenesis\2.1\objenesis-2.1.jar;C:\Users\sudha\.m2\repository\org\hamcrest\hamcrest-core\1.3\hamcrest-core-1.3.jar;C:\Users\sudha\.m2\repository\org\hamcrest\hamcrest-library\1.3\hamcrest-library-1.3.jar;C:\Users\sudha\.m2\repository\org\skyscreamer\jsonassert\1.4.0\jsonassert-1.4.0.jar;C:\Users\sudha\.m2\repository\com\vaadin\external\google\android-json\0.0.20131108.vaadin1\android-json-0.0.20131108.vaadin1.jar;C:\Users\sudha\.m2\repository\org\springframework\spring-core\4.3.13.RELEASE\spring-core-4.3.13.RELEASE.jar;C:\Users\sudha\.m2\repository\org\springframework\spring-test\4.3.13.RELEASE\spring-test-4.3.13.RELEASE.jar;C:\Users\sudha\.m2\repository\org\springframework\boot\spring-boot-starter-jdbc\1.5.9.RELEASE\spring-boot-starter-jdbc-1.5.9.RELEASE.jar;C:\Users\sudha\.m2\repository\org\apache\tomcat\tomcat-jdbc\8.5.23\tomcat-jdbc-8.5.23.jar;C:\Users\sudha\.m2\repository\org\apache\tomcat\tomcat-juli\8.5.23\tomcat-juli-8.5.23.jar;C:\Users\sudha\.m2\repository\org\springframework\spring-jdbc\4.3.13.RELEASE\spring-jdbc-4.3.13.RELEASE.jar;C:\Users\sudha\.m2\repository\com\fasterxml\jackson\core\jackson-databind\2.8.10\jackson-databind-2.8.10.jar;C:\Users\sudha\.m2\repository\com\fasterxml\jackson\core\jackson-annotations\2.8.0\jackson-annotations-2.8.0.jar;C:\Users\sudha\.m2\repository\com\fasterxml\jackson\core\jackson-core\2.8.10\jackson-core-2.8.10.jar;C:\Users\sudha\.m2\repository\mysql\mysql-connector-java\5.1.44\mysql-connector-java-5.1.44.jar;"/>
    <property name="sun.cpu.endian" value="little"/>
    <property name="user.home" value="C:\Users\sudha"/>
    <property name="user.language" value="en"/>
    <property name="java.specification.vendor" value="Oracle Corporation"/>
    <property name="java.home" value="C:\Program Files\Java\jdk1.8.0_131\jre"/>
    <property name="basedir" value="C:\Users\sudha\Jpa-hibernate-in-depth\jpa-hibernate"/>
    <property name="file.separator" value="\"/>
    <property name="line.separator" value="&#10;"/>
    <property name="java.vm.specification.vendor" value="Oracle Corporation"/>
    <property name="java.specification.name" value="Java Platform API Specification"/>
    <property name="java.awt.graphicsenv" value="sun.awt.Win32GraphicsEnvironment"/>
    <property name="sun.boot.class.path" value="C:\Program Files\Java\jdk1.8.0_131\jre\lib\resources.jar;C:\Program Files\Java\jdk1.8.0_131\jre\lib\rt.jar;C:\Program Files\Java\jdk1.8.0_131\jre\lib\sunrsasign.jar;C:\Program Files\Java\jdk1.8.0_131\jre\lib\jsse.jar;C:\Program Files\Java\jdk1.8.0_131\jre\lib\jce.jar;C:\Program Files\Java\jdk1.8.0_131\jre\lib\charsets.jar;C:\Program Files\Java\jdk1.8.0_131\jre\lib\jfr.jar;C:\Program Files\Java\jdk1.8.0_131\jre\classes"/>
    <property name="user.script" value=""/>
    <property name="sun.management.compiler" value="HotSpot 64-Bit Tiered Compilers"/>
    <property name="java.runtime.version" value="1.8.0_131-b11"/>
    <property name="user.name" value="sudha"/>
    <property name="path.separator" value=";"/>
    <property name="os.version" value="10.0"/>
    <property name="java.endorsed.dirs" value="C:\Program Files\Java\jdk1.8.0_131\jre\lib\endorsed"/>
    <property name="java.runtime.name" value="Java(TM) SE Runtime Environment"/>
    <property name="file.encoding" value="Cp1252"/>
    <property name="java.vm.name" value="Java HotSpot(TM) 64-Bit Server VM"/>
    <property name="localRepository" value="C:\Users\sudha\.m2\repository"/>
    <property name="java.vendor.url.bug" value="http://bugreport.sun.com/bugreport/"/>
    <property name="java.io.tmpdir" value="C:\Users\sudha\AppData\Local\Temp\"/>
    <property name="java.version" value="1.8.0_131"/>
    <property name="user.dir" value="C:\Users\sudha\Jpa-hibernate-in-depth\jpa-hibernate"/>
    <property name="os.arch" value="amd64"/>
    <property name="java.vm.specification.name" value="Java Virtual Machine Specification"/>
    <property name="java.awt.printerjob" value="sun.awt.windows.WPrinterJob"/>
    <property name="sun.os.patch.level" value=""/>
    <property name="java.library.path" value="C:\Program Files\Java\jdk1.8.0_131\jre\bin;C:\WINDOWS\Sun\Java\bin;C:\WINDOWS\system32;C:\WINDOWS;C:/Program Files/Java/jre1.8.0_151/bin/server;C:/Program Files/Java/jre1.8.0_151/bin;C:/Program Files/Java/jre1.8.0_151/lib/amd64;C:\ProgramData\Oracle\Java\javapath;C:\Program Files\Java\jdk1.8.0_131\bin;C:\MVN\apache-maven-3.3.9\bin;C:\Users\sudha\AppData\Roaming\npm;C:\Program Files\PuTTY\;C:\WINDOWS\system32;C:\WINDOWS;C:\WINDOWS\System32\Wbem;C:\WINDOWS\System32\WindowsPowerShell\v1.0\;C:\Program Files\MySQL\MySQL Utilities 1.6\;F:\xampp\php;C:\Users\sudha\AppData\Local\Programs\Python\Python36-32;C:\WINDOWS\System32\OpenSSH\;C:\Program Files\Microsoft VS Code\bin;C:\Program Files\Git\cmd;C:\Users\sudha\.windows-build-tools\python27\;C:\Program Files\nodejs\node_modules\npm\node_modules\npm-lifecycle\node-gyp-bin;C:\Users\sudha\AppData\Roaming\npm\node_modules\windows-build-tools\node_modules\.bin;C:\Users\sudha\AppData\Roaming\npm\node_modules\.bin;C:\ProgramData\Oracle\Java\javapath;C:\Program Files\Java\jdk1.8.0_131\bin;C:\MVN\apache-maven-3.3.9\bin;C:\Program Files\Git\cmd;C:\Program Files\PuTTY\;C:\WINDOWS\system32;C:\WINDOWS;C:\WINDOWS\System32\Wbem;C:\WINDOWS\System32\WindowsPowerShell\v1.0\;C:\Program Files\MySQL\MySQL Utilities 1.6\;F:\xampp\php;C:\ProgramData\ComposerSetup\bin;C:\Users\sudha\AppData\Local\Programs\Python\Python36-32;;C:\WINDOWS\System32\OpenSSH\;C:\Program Files\nodejs\;C:\Program Files\Microsoft VS Code\bin;C:\Users\sudha\AppData\Local\Microsoft\WindowsApps;C:\Program Files\Heroku\bin;C:\Users\sudha\AppData\Local\atom\bin;C:\Users\sudha\AppData\Local\Microsoft\WindowsApps;C:\Users\sudha\Downloads\sts-bundle\sts-3.9.8.RELEASE;;."/>
    <property name="java.vm.info" value="mixed mode"/>
    <property name="java.vendor" value="Oracle Corporation"/>
    <property name="java.vm.version" value="25.131-b11"/>
    <property name="java.ext.dirs" value="C:\Program Files\Java\jdk1.8.0_131\jre\lib\ext;C:\WINDOWS\Sun\Java\lib\ext"/>
    <property name="sun.io.unicode.encoding" value="UnicodeLittle"/>
    <property name="java.class.version" value="52.0"/>
  </properties>
  <testcase name="contextLoads" classname="com.jpa.hibernate.demo.JpaDemoApplicationTests" time="0.002">
    <error type="java.lang.StackOverflowError">java.lang.StackOverflowError
</error>
    <system-out><![CDATA[12:00:57.866 [main] DEBUG org.springframework.test.context.junit4.SpringJUnit4ClassRunner - SpringJUnit4ClassRunner constructor called with [class com.jpa.hibernate.demo.JpaDemoApplicationTests]
12:00:57.874 [main] DEBUG org.springframework.test.context.BootstrapUtils - Instantiating CacheAwareContextLoaderDelegate from class [org.springframework.test.context.cache.DefaultCacheAwareContextLoaderDelegate]
12:00:57.881 [main] DEBUG org.springframework.test.context.BootstrapUtils - Instantiating BootstrapContext using constructor [public org.springframework.test.context.support.DefaultBootstrapContext(java.lang.Class,org.springframework.test.context.CacheAwareContextLoaderDelegate)]
12:00:57.895 [main] DEBUG org.springframework.test.context.BootstrapUtils - Instantiating TestContextBootstrapper for test class [com.jpa.hibernate.demo.JpaDemoApplicationTests] from class [org.springframework.boot.test.context.SpringBootTestContextBootstrapper]
12:00:57.908 [main] INFO org.springframework.boot.test.context.SpringBootTestContextBootstrapper - Neither @ContextConfiguration nor @ContextHierarchy found for test class [com.jpa.hibernate.demo.JpaDemoApplicationTests], using SpringBootContextLoader
12:00:57.912 [main] DEBUG org.springframework.test.context.support.AbstractContextLoader - Did not detect default resource location for test class [com.jpa.hibernate.demo.JpaDemoApplicationTests]: class path resource [com/jpa/hibernate/demo/JpaDemoApplicationTests-context.xml] does not exist
12:00:57.912 [main] DEBUG org.springframework.test.context.support.AbstractContextLoader - Did not detect default resource location for test class [com.jpa.hibernate.demo.JpaDemoApplicationTests]: class path resource [com/jpa/hibernate/demo/JpaDemoApplicationTestsContext.groovy] does not exist
12:00:57.913 [main] INFO org.springframework.test.context.support.AbstractContextLoader - Could not detect default resource locations for test class [com.jpa.hibernate.demo.JpaDemoApplicationTests]: no resource found for suffixes {-context.xml, Context.groovy}.
12:00:57.913 [main] INFO org.springframework.test.context.support.AnnotationConfigContextLoaderUtils - Could not detect default configuration classes for test class [com.jpa.hibernate.demo.JpaDemoApplicationTests]: JpaDemoApplicationTests does not declare any static, non-private, non-final, nested classes annotated with @Configuration.
12:00:57.963 [main] DEBUG org.springframework.test.context.support.ActiveProfilesUtils - Could not find an 'annotation declaring class' for annotation type [org.springframework.test.context.ActiveProfiles] and class [com.jpa.hibernate.demo.JpaDemoApplicationTests]
12:00:57.973 [main] DEBUG org.springframework.core.env.StandardEnvironment - Adding PropertySource 'systemProperties' with lowest search precedence
12:00:57.973 [main] DEBUG org.springframework.core.env.StandardEnvironment - Adding PropertySource 'systemEnvironment' with lowest search precedence
12:00:57.975 [main] DEBUG org.springframework.core.env.StandardEnvironment - Initialized StandardEnvironment with PropertySources [MapPropertySource@1897115967 {name='systemProperties', properties={java.runtime.name=Java(TM) SE Runtime Environment, sun.boot.library.path=C:\Program Files\Java\jdk1.8.0_131\jre\bin, java.vm.version=25.131-b11, java.vm.vendor=Oracle Corporation, java.vendor.url=http://java.oracle.com/, path.separator=;, java.vm.name=Java HotSpot(TM) 64-Bit Server VM, file.encoding.pkg=sun.io, user.country=IN, user.script=, sun.java.launcher=SUN_STANDARD, sun.os.patch.level=, java.vm.specification.name=Java Virtual Machine Specification, user.dir=C:\Users\sudha\Jpa-hibernate-in-depth\jpa-hibernate, java.runtime.version=1.8.0_131-b11, basedir=C:\Users\sudha\Jpa-hibernate-in-depth\jpa-hibernate, java.awt.graphicsenv=sun.awt.Win32GraphicsEnvironment, java.endorsed.dirs=C:\Program Files\Java\jdk1.8.0_131\jre\lib\endorsed, os.arch=amd64, java.io.tmpdir=C:\Users\sudha\AppData\Local\Temp\, line.separator=
, java.vm.specification.vendor=Oracle Corporation, user.variant=, os.name=Windows 10, sun.jnu.encoding=Cp1252, java.library.path=C:\Program Files\Java\jdk1.8.0_131\jre\bin;C:\WINDOWS\Sun\Java\bin;C:\WINDOWS\system32;C:\WINDOWS;C:/Program Files/Java/jre1.8.0_151/bin/server;C:/Program Files/Java/jre1.8.0_151/bin;C:/Program Files/Java/jre1.8.0_151/lib/amd64;C:\ProgramData\Oracle\Java\javapath;C:\Program Files\Java\jdk1.8.0_131\bin;C:\MVN\apache-maven-3.3.9\bin;C:\Users\sudha\AppData\Roaming\npm;C:\Program Files\PuTTY\;C:\WINDOWS\system32;C:\WINDOWS;C:\WINDOWS\System32\Wbem;C:\WINDOWS\System32\WindowsPowerShell\v1.0\;C:\Program Files\MySQL\MySQL Utilities 1.6\;F:\xampp\php;C:\Users\sudha\AppData\Local\Programs\Python\Python36-32;C:\WINDOWS\System32\OpenSSH\;C:\Program Files\Microsoft VS Code\bin;C:\Program Files\Git\cmd;C:\Users\sudha\.windows-build-tools\python27\;C:\Program Files\nodejs\node_modules\npm\node_modules\npm-lifecycle\node-gyp-bin;C:\Users\sudha\AppData\Roaming\npm\node_modules\windows-build-tools\node_modules\.bin;C:\Users\sudha\AppData\Roaming\npm\node_modules\.bin;C:\ProgramData\Oracle\Java\javapath;C:\Program Files\Java\jdk1.8.0_131\bin;C:\MVN\apache-maven-3.3.9\bin;C:\Program Files\Git\cmd;C:\Program Files\PuTTY\;C:\WINDOWS\system32;C:\WINDOWS;C:\WINDOWS\System32\Wbem;C:\WINDOWS\System32\WindowsPowerShell\v1.0\;C:\Program Files\MySQL\MySQL Utilities 1.6\;F:\xampp\php;C:\ProgramData\ComposerSetup\bin;C:\Users\sudha\AppData\Local\Programs\Python\Python36-32;;C:\WINDOWS\System32\OpenSSH\;C:\Program Files\nodejs\;C:\Program Files\Microsoft VS Code\bin;C:\Users\sudha\AppData\Local\Microsoft\WindowsApps;C:\Program Files\Heroku\bin;C:\Users\sudha\AppData\Local\atom\bin;C:\Users\sudha\AppData\Local\Microsoft\WindowsApps;C:\Users\sudha\Downloads\sts-bundle\sts-3.9.8.RELEASE;;., surefire.test.class.path=C:\Users\sudha\Jpa-hibernate-in-depth\jpa-hibernate\target\test-classes;C:\Users\sudha\Jpa-hibernate-in-depth\jpa-hibernate\target\classes;C:\Users\sudha\.m2\repository\org\springframework\boot\spring-boot-starter-data-jpa\1.5.9.RELEASE\spring-boot-starter-data-jpa-1.5.9.RELEASE.jar;C:\Users\sudha\.m2\repository\org\springframework\boot\spring-boot-starter\1.5.9.RELEASE\spring-boot-starter-1.5.9.RELEASE.jar;C:\Users\sudha\.m2\repository\org\springframework\boot\spring-boot\1.5.9.RELEASE\spring-boot-1.5.9.RELEASE.jar;C:\Users\sudha\.m2\repository\org\springframework\boot\spring-boot-autoconfigure\1.5.9.RELEASE\spring-boot-autoconfigure-1.5.9.RELEASE.jar;C:\Users\sudha\.m2\repository\org\springframework\boot\spring-boot-starter-logging\1.5.9.RELEASE\spring-boot-starter-logging-1.5.9.RELEASE.jar;C:\Users\sudha\.m2\repository\ch\qos\logback\logback-classic\1.1.11\logback-classic-1.1.11.jar;C:\Users\sudha\.m2\repository\ch\qos\logback\logback-core\1.1.11\logback-core-1.1.11.jar;C:\Users\sudha\.m2\repository\org\slf4j\jul-to-slf4j\1.7.25\jul-to-slf4j-1.7.25.jar;C:\Users\sudha\.m2\repository\org\slf4j\log4j-over-slf4j\1.7.25\log4j-over-slf4j-1.7.25.jar;C:\Users\sudha\.m2\repository\org\yaml\snakeyaml\1.17\snakeyaml-1.17.jar;C:\Users\sudha\.m2\repository\org\springframework\boot\spring-boot-starter-aop\1.5.9.RELEASE\spring-boot-starter-aop-1.5.9.RELEASE.jar;C:\Users\sudha\.m2\repository\org\springframework\spring-aop\4.3.13.RELEASE\spring-aop-4.3.13.RELEASE.jar;C:\Users\sudha\.m2\repository\org\aspectj\aspectjweaver\1.8.13\aspectjweaver-1.8.13.jar;C:\Users\sudha\.m2\repository\org\hibernate\hibernate-core\5.0.12.Final\hibernate-core-5.0.12.Final.jar;C:\Users\sudha\.m2\repository\org\jboss\logging\jboss-logging\3.3.1.Final\jboss-logging-3.3.1.Final.jar;C:\Users\sudha\.m2\repository\org\hibernate\javax\persistence\hibernate-jpa-2.1-api\1.0.0.Final\hibernate-jpa-2.1-api-1.0.0.Final.jar;C:\Users\sudha\.m2\repository\org\javassist\javassist\3.21.0-GA\javassist-3.21.0-GA.jar;C:\Users\sudha\.m2\repository\antlr\antlr\2.7.7\antlr-2.7.7.jar;C:\Users\sudha\.m2\repository\org\jboss\jandex\2.0.0.Final\jandex-2.0.0.Final.jar;C:\Users\sudha\.m2\repository\dom4j\dom4j\1.6.1\dom4j-1.6.1.jar;C:\Users\sudha\.m2\repository\org\hibernate\common\hibernate-commons-annotations\5.0.1.Final\hibernate-commons-annotations-5.0.1.Final.jar;C:\Users\sudha\.m2\repository\org\hibernate\hibernate-entitymanager\5.0.12.Final\hibernate-entitymanager-5.0.12.Final.jar;C:\Users\sudha\.m2\repository\javax\transaction\javax.transaction-api\1.2\javax.transaction-api-1.2.jar;C:\Users\sudha\.m2\repository\org\springframework\data\spring-data-jpa\1.11.9.RELEASE\spring-data-jpa-1.11.9.RELEASE.jar;C:\Users\sudha\.m2\repository\org\springframework\data\spring-data-commons\1.13.9.RELEASE\spring-data-commons-1.13.9.RELEASE.jar;C:\Users\sudha\.m2\repository\org\springframework\spring-orm\4.3.13.RELEASE\spring-orm-4.3.13.RELEASE.jar;C:\Users\sudha\.m2\repository\org\springframework\spring-context\4.3.13.RELEASE\spring-context-4.3.13.RELEASE.jar;C:\Users\sudha\.m2\repository\org\springframework\spring-tx\4.3.13.RELEASE\spring-tx-4.3.13.RELEASE.jar;C:\Users\sudha\.m2\repository\org\springframework\spring-beans\4.3.13.RELEASE\spring-beans-4.3.13.RELEASE.jar;C:\Users\sudha\.m2\repository\org\slf4j\slf4j-api\1.7.25\slf4j-api-1.7.25.jar;C:\Users\sudha\.m2\repository\org\slf4j\jcl-over-slf4j\1.7.25\jcl-over-slf4j-1.7.25.jar;C:\Users\sudha\.m2\repository\org\springframework\spring-aspects\4.3.13.RELEASE\spring-aspects-4.3.13.RELEASE.jar;C:\Users\sudha\.m2\repository\org\springframework\boot\spring-boot-starter-web\1.5.9.RELEASE\spring-boot-starter-web-1.5.9.RELEASE.jar;C:\Users\sudha\.m2\repository\org\springframework\boot\spring-boot-starter-tomcat\1.5.9.RELEASE\spring-boot-starter-tomcat-1.5.9.RELEASE.jar;C:\Users\sudha\.m2\repository\org\apache\tomcat\embed\tomcat-embed-core\8.5.23\tomcat-embed-core-8.5.23.jar;C:\Users\sudha\.m2\repository\org\apache\tomcat\tomcat-annotations-api\8.5.23\tomcat-annotations-api-8.5.23.jar;C:\Users\sudha\.m2\repository\org\apache\tomcat\embed\tomcat-embed-el\8.5.23\tomcat-embed-el-8.5.23.jar;C:\Users\sudha\.m2\repository\org\apache\tomcat\embed\tomcat-embed-websocket\8.5.23\tomcat-embed-websocket-8.5.23.jar;C:\Users\sudha\.m2\repository\org\hibernate\hibernate-validator\5.3.6.Final\hibernate-validator-5.3.6.Final.jar;C:\Users\sudha\.m2\repository\javax\validation\validation-api\1.1.0.Final\validation-api-1.1.0.Final.jar;C:\Users\sudha\.m2\repository\com\fasterxml\classmate\1.3.4\classmate-1.3.4.jar;C:\Users\sudha\.m2\repository\org\springframework\spring-web\4.3.13.RELEASE\spring-web-4.3.13.RELEASE.jar;C:\Users\sudha\.m2\repository\org\springframework\spring-webmvc\4.3.13.RELEASE\spring-webmvc-4.3.13.RELEASE.jar;C:\Users\sudha\.m2\repository\org\springframework\spring-expression\4.3.13.RELEASE\spring-expression-4.3.13.RELEASE.jar;C:\Users\sudha\.m2\repository\org\springframework\boot\spring-boot-starter-test\1.5.9.RELEASE\spring-boot-starter-test-1.5.9.RELEASE.jar;C:\Users\sudha\.m2\repository\org\springframework\boot\spring-boot-test\1.5.9.RELEASE\spring-boot-test-1.5.9.RELEASE.jar;C:\Users\sudha\.m2\repository\org\springframework\boot\spring-boot-test-autoconfigure\1.5.9.RELEASE\spring-boot-test-autoconfigure-1.5.9.RELEASE.jar;C:\Users\sudha\.m2\repository\com\jayway\jsonpath\json-path\2.2.0\json-path-2.2.0.jar;C:\Users\sudha\.m2\repository\net\minidev\json-smart\2.2.1\json-smart-2.2.1.jar;C:\Users\sudha\.m2\repository\net\minidev\accessors-smart\1.1\accessors-smart-1.1.jar;C:\Users\sudha\.m2\repository\org\ow2\asm\asm\5.0.3\asm-5.0.3.jar;C:\Users\sudha\.m2\repository\junit\junit\4.12\junit-4.12.jar;C:\Users\sudha\.m2\repository\org\assertj\assertj-core\2.6.0\assertj-core-2.6.0.jar;C:\Users\sudha\.m2\repository\org\mockito\mockito-core\1.10.19\mockito-core-1.10.19.jar;C:\Users\sudha\.m2\repository\org\objenesis\objenesis\2.1\objenesis-2.1.jar;C:\Users\sudha\.m2\repository\org\hamcrest\hamcrest-core\1.3\hamcrest-core-1.3.jar;C:\Users\sudha\.m2\repository\org\hamcrest\hamcrest-library\1.3\hamcrest-library-1.3.jar;C:\Users\sudha\.m2\repository\org\skyscreamer\jsonassert\1.4.0\jsonassert-1.4.0.jar;C:\Users\sudha\.m2\repository\com\vaadin\external\google\android-json\0.0.20131108.vaadin1\android-json-0.0.20131108.vaadin1.jar;C:\Users\sudha\.m2\repository\org\springframework\spring-core\4.3.13.RELEASE\spring-core-4.3.13.RELEASE.jar;C:\Users\sudha\.m2\repository\org\springframework\spring-test\4.3.13.RELEASE\spring-test-4.3.13.RELEASE.jar;C:\Users\sudha\.m2\repository\org\springframework\boot\spring-boot-starter-jdbc\1.5.9.RELEASE\spring-boot-starter-jdbc-1.5.9.RELEASE.jar;C:\Users\sudha\.m2\repository\org\apache\tomcat\tomcat-jdbc\8.5.23\tomcat-jdbc-8.5.23.jar;C:\Users\sudha\.m2\repository\org\apache\tomcat\tomcat-juli\8.5.23\tomcat-juli-8.5.23.jar;C:\Users\sudha\.m2\repository\org\springframework\spring-jdbc\4.3.13.RELEASE\spring-jdbc-4.3.13.RELEASE.jar;C:\Users\sudha\.m2\repository\com\fasterxml\jackson\core\jackson-databind\2.8.10\jackson-databind-2.8.10.jar;C:\Users\sudha\.m2\repository\com\fasterxml\jackson\core\jackson-annotations\2.8.0\jackson-annotations-2.8.0.jar;C:\Users\sudha\.m2\repository\com\fasterxml\jackson\core\jackson-core\2.8.10\jackson-core-2.8.10.jar;C:\Users\sudha\.m2\repository\mysql\mysql-connector-java\5.1.44\mysql-connector-java-5.1.44.jar;, java.specification.name=Java Platform API Specification, java.class.version=52.0, sun.management.compiler=HotSpot 64-Bit Tiered Compilers, os.version=10.0, user.home=C:\Users\sudha, user.timezone=Asia/Calcutta, java.awt.printerjob=sun.awt.windows.WPrinterJob, file.encoding=Cp1252, java.specification.version=1.8, java.class.path=C:\Users\sudha\.m2\repository\org\apache\maven\surefire\surefire-booter\2.22.1\surefire-booter-2.22.1.jar;C:\Users\sudha\.m2\repository\org\apache\maven\surefire\surefire-api\2.22.1\surefire-api-2.22.1.jar;C:\Users\sudha\.m2\repository\org\apache\maven\surefire\surefire-logger-api\2.22.1\surefire-logger-api-2.22.1.jar;C:\Users\sudha\Jpa-hibernate-in-depth\jpa-hibernate\target\test-classes;C:\Users\sudha\Jpa-hibernate-in-depth\jpa-hibernate\target\classes;C:\Users\sudha\.m2\repository\org\springframework\boot\spring-boot-starter-data-jpa\1.5.9.RELEASE\spring-boot-starter-data-jpa-1.5.9.RELEASE.jar;C:\Users\sudha\.m2\repository\org\springframework\boot\spring-boot-starter\1.5.9.RELEASE\spring-boot-starter-1.5.9.RELEASE.jar;C:\Users\sudha\.m2\repository\org\springframework\boot\spring-boot\1.5.9.RELEASE\spring-boot-1.5.9.RELEASE.jar;C:\Users\sudha\.m2\repository\org\springframework\boot\spring-boot-autoconfigure\1.5.9.RELEASE\spring-boot-autoconfigure-1.5.9.RELEASE.jar;C:\Users\sudha\.m2\repository\org\springframework\boot\spring-boot-starter-logging\1.5.9.RELEASE\spring-boot-starter-logging-1.5.9.RELEASE.jar;C:\Users\sudha\.m2\repository\ch\qos\logback\logback-classic\1.1.11\logback-classic-1.1.11.jar;C:\Users\sudha\.m2\repository\ch\qos\logback\logback-core\1.1.11\logback-core-1.1.11.jar;C:\Users\sudha\.m2\repository\org\slf4j\jul-to-slf4j\1.7.25\jul-to-slf4j-1.7.25.jar;C:\Users\sudha\.m2\repository\org\slf4j\log4j-over-slf4j\1.7.25\log4j-over-slf4j-1.7.25.jar;C:\Users\sudha\.m2\repository\org\yaml\snakeyaml\1.17\snakeyaml-1.17.jar;C:\Users\sudha\.m2\repository\org\springframework\boot\spring-boot-starter-aop\1.5.9.RELEASE\spring-boot-starter-aop-1.5.9.RELEASE.jar;C:\Users\sudha\.m2\repository\org\springframework\spring-aop\4.3.13.RELEASE\spring-aop-4.3.13.RELEASE.jar;C:\Users\sudha\.m2\repository\org\aspectj\aspectjweaver\1.8.13\aspectjweaver-1.8.13.jar;C:\Users\sudha\.m2\repository\org\hibernate\hibernate-core\5.0.12.Final\hibernate-core-5.0.12.Final.jar;C:\Users\sudha\.m2\repository\org\jboss\logging\jboss-logging\3.3.1.Final\jboss-logging-3.3.1.Final.jar;C:\Users\sudha\.m2\repository\org\hibernate\javax\persistence\hibernate-jpa-2.1-api\1.0.0.Final\hibernate-jpa-2.1-api-1.0.0.Final.jar;C:\Users\sudha\.m2\repository\org\javassist\javassist\3.21.0-GA\javassist-3.21.0-GA.jar;C:\Users\sudha\.m2\repository\antlr\antlr\2.7.7\antlr-2.7.7.jar;C:\Users\sudha\.m2\repository\org\jboss\jandex\2.0.0.Final\jandex-2.0.0.Final.jar;C:\Users\sudha\.m2\repository\dom4j\dom4j\1.6.1\dom4j-1.6.1.jar;C:\Users\sudha\.m2\repository\org\hibernate\common\hibernate-commons-annotations\5.0.1.Final\hibernate-commons-annotations-5.0.1.Final.jar;C:\Users\sudha\.m2\repository\org\hibernate\hibernate-entitymanager\5.0.12.Final\hibernate-entitymanager-5.0.12.Final.jar;C:\Users\sudha\.m2\repository\javax\transaction\javax.transaction-api\1.2\javax.transaction-api-1.2.jar;C:\Users\sudha\.m2\repository\org\springframework\data\spring-data-jpa\1.11.9.RELEASE\spring-data-jpa-1.11.9.RELEASE.jar;C:\Users\sudha\.m2\repository\org\springframework\data\spring-data-commons\1.13.9.RELEASE\spring-data-commons-1.13.9.RELEASE.jar;C:\Users\sudha\.m2\repository\org\springframework\spring-orm\4.3.13.RELEASE\spring-orm-4.3.13.RELEASE.jar;C:\Users\sudha\.m2\repository\org\springframework\spring-context\4.3.13.RELEASE\spring-context-4.3.13.RELEASE.jar;C:\Users\sudha\.m2\repository\org\springframework\spring-tx\4.3.13.RELEASE\spring-tx-4.3.13.RELEASE.jar;C:\Users\sudha\.m2\repository\org\springframework\spring-beans\4.3.13.RELEASE\spring-beans-4.3.13.RELEASE.jar;C:\Users\sudha\.m2\repository\org\slf4j\slf4j-api\1.7.25\slf4j-api-1.7.25.jar;C:\Users\sudha\.m2\repository\org\slf4j\jcl-over-slf4j\1.7.25\jcl-over-slf4j-1.7.25.jar;C:\Users\sudha\.m2\repository\org\springframework\spring-aspects\4.3.13.RELEASE\spring-aspects-4.3.13.RELEASE.jar;C:\Users\sudha\.m2\repository\org\springframework\boot\spring-boot-starter-web\1.5.9.RELEASE\spring-boot-starter-web-1.5.9.RELEASE.jar;C:\Users\sudha\.m2\repository\org\springframework\boot\spring-boot-starter-tomcat\1.5.9.RELEASE\spring-boot-starter-tomcat-1.5.9.RELEASE.jar;C:\Users\sudha\.m2\repository\org\apache\tomcat\embed\tomcat-embed-core\8.5.23\tomcat-embed-core-8.5.23.jar;C:\Users\sudha\.m2\repository\org\apache\tomcat\tomcat-annotations-api\8.5.23\tomcat-annotations-api-8.5.23.jar;C:\Users\sudha\.m2\repository\org\apache\tomcat\embed\tomcat-embed-el\8.5.23\tomcat-embed-el-8.5.23.jar;C:\Users\sudha\.m2\repository\org\apache\tomcat\embed\tomcat-embed-websocket\8.5.23\tomcat-embed-websocket-8.5.23.jar;C:\Users\sudha\.m2\repository\org\hibernate\hibernate-validator\5.3.6.Final\hibernate-validator-5.3.6.Final.jar;C:\Users\sudha\.m2\repository\javax\validation\validation-api\1.1.0.Final\validation-api-1.1.0.Final.jar;C:\Users\sudha\.m2\repository\com\fasterxml\classmate\1.3.4\classmate-1.3.4.jar;C:\Users\sudha\.m2\repository\org\springframework\spring-web\4.3.13.RELEASE\spring-web-4.3.13.RELEASE.jar;C:\Users\sudha\.m2\repository\org\springframework\spring-webmvc\4.3.13.RELEASE\spring-webmvc-4.3.13.RELEASE.jar;C:\Users\sudha\.m2\repository\org\springframework\spring-expression\4.3.13.RELEASE\spring-expression-4.3.13.RELEASE.jar;C:\Users\sudha\.m2\repository\org\springframework\boot\spring-boot-starter-test\1.5.9.RELEASE\spring-boot-starter-test-1.5.9.RELEASE.jar;C:\Users\sudha\.m2\repository\org\springframework\boot\spring-boot-test\1.5.9.RELEASE\spring-boot-test-1.5.9.RELEASE.jar;C:\Users\sudha\.m2\repository\org\springframework\boot\spring-boot-test-autoconfigure\1.5.9.RELEASE\spring-boot-test-autoconfigure-1.5.9.RELEASE.jar;C:\Users\sudha\.m2\repository\com\jayway\jsonpath\json-path\2.2.0\json-path-2.2.0.jar;C:\Users\sudha\.m2\repository\net\minidev\json-smart\2.2.1\json-smart-2.2.1.jar;C:\Users\sudha\.m2\repository\net\minidev\accessors-smart\1.1\accessors-smart-1.1.jar;C:\Users\sudha\.m2\repository\org\ow2\asm\asm\5.0.3\asm-5.0.3.jar;C:\Users\sudha\.m2\repository\junit\junit\4.12\junit-4.12.jar;C:\Users\sudha\.m2\repository\org\assertj\assertj-core\2.6.0\assertj-core-2.6.0.jar;C:\Users\sudha\.m2\repository\org\mockito\mockito-core\1.10.19\mockito-core-1.10.19.jar;C:\Users\sudha\.m2\repository\org\objenesis\objenesis\2.1\objenesis-2.1.jar;C:\Users\sudha\.m2\repository\org\hamcrest\hamcrest-core\1.3\hamcrest-core-1.3.jar;C:\Users\sudha\.m2\repository\org\hamcrest\hamcrest-library\1.3\hamcrest-library-1.3.jar;C:\Users\sudha\.m2\repository\org\skyscreamer\jsonassert\1.4.0\jsonassert-1.4.0.jar;C:\Users\sudha\.m2\repository\com\vaadin\external\google\android-json\0.0.20131108.vaadin1\android-json-0.0.20131108.vaadin1.jar;C:\Users\sudha\.m2\repository\org\springframework\spring-core\4.3.13.RELEASE\spring-core-4.3.13.RELEASE.jar;C:\Users\sudha\.m2\repository\org\springframework\spring-test\4.3.13.RELEASE\spring-test-4.3.13.RELEASE.jar;C:\Users\sudha\.m2\repository\org\springframework\boot\spring-boot-starter-jdbc\1.5.9.RELEASE\spring-boot-starter-jdbc-1.5.9.RELEASE.jar;C:\Users\sudha\.m2\repository\org\apache\tomcat\tomcat-jdbc\8.5.23\tomcat-jdbc-8.5.23.jar;C:\Users\sudha\.m2\repository\org\apache\tomcat\tomcat-juli\8.5.23\tomcat-juli-8.5.23.jar;C:\Users\sudha\.m2\repository\org\springframework\spring-jdbc\4.3.13.RELEASE\spring-jdbc-4.3.13.RELEASE.jar;C:\Users\sudha\.m2\repository\com\fasterxml\jackson\core\jackson-databind\2.8.10\jackson-databind-2.8.10.jar;C:\Users\sudha\.m2\repository\com\fasterxml\jackson\core\jackson-annotations\2.8.0\jackson-annotations-2.8.0.jar;C:\Users\sudha\.m2\repository\com\fasterxml\jackson\core\jackson-core\2.8.10\jackson-core-2.8.10.jar;C:\Users\sudha\.m2\repository\mysql\mysql-connector-java\5.1.44\mysql-connector-java-5.1.44.jar;C:\Users\sudha\.m2\repository\org\apache\maven\surefire\surefire-junit4\2.22.1\surefire-junit4-2.22.1.jar, user.name=sudha, java.vm.specification.version=1.8, sun.java.command=org.apache.maven.surefire.booter.ForkedBooter C:\Users\sudha\AppData\Local\Temp\surefire8645342015551571428 2019-06-19T12-00-56_939-jvmRun1 surefire4430288178686466579tmp surefire_05352894487465382123tmp, java.home=C:\Program Files\Java\jdk1.8.0_131\jre, sun.arch.data.model=64, user.language=en, java.specification.vendor=Oracle Corporation, awt.toolkit=sun.awt.windows.WToolkit, java.vm.info=mixed mode, java.version=1.8.0_131, java.ext.dirs=C:\Program Files\Java\jdk1.8.0_131\jre\lib\ext;C:\WINDOWS\Sun\Java\lib\ext, sun.boot.class.path=C:\Program Files\Java\jdk1.8.0_131\jre\lib\resources.jar;C:\Program Files\Java\jdk1.8.0_131\jre\lib\rt.jar;C:\Program Files\Java\jdk1.8.0_131\jre\lib\sunrsasign.jar;C:\Program Files\Java\jdk1.8.0_131\jre\lib\jsse.jar;C:\Program Files\Java\jdk1.8.0_131\jre\lib\jce.jar;C:\Program Files\Java\jdk1.8.0_131\jre\lib\charsets.jar;C:\Program Files\Java\jdk1.8.0_131\jre\lib\jfr.jar;C:\Program Files\Java\jdk1.8.0_131\jre\classes, java.vendor=Oracle Corporation, localRepository=C:\Users\sudha\.m2\repository, file.separator=\, java.vendor.url.bug=http://bugreport.sun.com/bugreport/, sun.io.unicode.encoding=UnicodeLittle, sun.cpu.endian=little, sun.desktop=windows, sun.cpu.isalist=amd64}}, SystemEnvironmentPropertySource@1166151249 {name='systemEnvironment', properties={PATH=C:/Program Files/Java/jre1.8.0_151/bin/server;C:/Program Files/Java/jre1.8.0_151/bin;C:/Program Files/Java/jre1.8.0_151/lib/amd64;C:\ProgramData\Oracle\Java\javapath;C:\Program Files\Java\jdk1.8.0_131\bin;C:\MVN\apache-maven-3.3.9\bin;C:\Users\sudha\AppData\Roaming\npm;C:\Program Files\PuTTY\;C:\WINDOWS\system32;C:\WINDOWS;C:\WINDOWS\System32\Wbem;C:\WINDOWS\System32\WindowsPowerShell\v1.0\;C:\Program Files\MySQL\MySQL Utilities 1.6\;F:\xampp\php;C:\Users\sudha\AppData\Local\Programs\Python\Python36-32;C:\WINDOWS\System32\OpenSSH\;C:\Program Files\Microsoft VS Code\bin;C:\Program Files\Git\cmd;C:\Users\sudha\.windows-build-tools\python27\;C:\Program Files\nodejs\node_modules\npm\node_modules\npm-lifecycle\node-gyp-bin;C:\Users\sudha\AppData\Roaming\npm\node_modules\windows-build-tools\node_modules\.bin;C:\Users\sudha\AppData\Roaming\npm\node_modules\.bin;C:\ProgramData\Oracle\Java\javapath;C:\Program Files\Java\jdk1.8.0_131\bin;C:\MVN\apache-maven-3.3.9\bin;C:\Program Files\Git\cmd;C:\Program Files\PuTTY\;C:\WINDOWS\system32;C:\WINDOWS;C:\WINDOWS\System32\Wbem;C:\WINDOWS\System32\WindowsPowerShell\v1.0\;C:\Program Files\MySQL\MySQL Utilities 1.6\;F:\xampp\php;C:\ProgramData\ComposerSetup\bin;C:\Users\sudha\AppData\Local\Programs\Python\Python36-32;;C:\WINDOWS\System32\OpenSSH\;C:\Program Files\nodejs\;C:\Program Files\Microsoft VS Code\bin;C:\Users\sudha\AppData\Local\Microsoft\WindowsApps;C:\Program Files\Heroku\bin;C:\Users\sudha\AppData\Local\atom\bin;C:\Users\sudha\AppData\Local\Microsoft\WindowsApps;C:\Users\sudha\Downloads\sts-bundle\sts-3.9.8.RELEASE;, USERDOMAIN_ROAMINGPROFILE=SUDHIR, LOCALAPPDATA=C:\Users\sudha\AppData\Local, PROCESSOR_LEVEL=6, SYSTEMDRIVE=C:, COMMONPROGRAMFILES(X86)=C:\Program Files (x86)\Common Files, USERDOMAIN=SUDHIR, FPS_BROWSER_APP_PROFILE_STRING=Internet Explorer, LOGONSERVER=\\SUDHIR, PROMPT=$P$G, SESSIONNAME=Console, ALLUSERSPROFILE=C:\ProgramData, PROGRAMFILES(X86)=C:\Program Files (x86), PROCESSOR_ARCHITECTURE=AMD64, DRIVERDATA=C:\Windows\System32\Drivers\DriverData, PROGRAMFILES=C:\Program Files, =C:=C:\Users\sudha\Jpa-hibernate-in-depth\jpa-hibernate, APPDATA=C:\Users\sudha\AppData\Roaming, PSMODULEPATH=C:\Program Files\WindowsPowerShell\Modules;C:\WINDOWS\system32\WindowsPowerShell\v1.0\Modules, PROGRAMW6432=C:\Program Files, PROGRAMDATA=C:\ProgramData, SYSTEMROOT=C:\WINDOWS, USERNAME=sudha, FPS_BROWSER_USER_PROFILE_STRING=Default, ONEDRIVE=C:\Users\sudha\OneDrive, PATHEXT=.COM;.EXE;.BAT;.CMD;.VBS;.VBE;.JS;.JSE;.WSF;.WSH;.MSC, OS=Windows_NT, COMMONPROGRAMW6432=C:\Program Files\Common Files, COMPUTERNAME=SUDHIR, ONEDRIVECONSUMER=C:\Users\sudha\OneDrive, COMMONPROGRAMFILES=C:\Program Files\Common Files, COMSPEC=C:\WINDOWS\system32\cmd.exe, PROCESSOR_REVISION=5e03, CLASSPATH=C:\Users\sudha\.m2\repository\org\apache\maven\surefire\surefire-booter\2.22.1\surefire-booter-2.22.1.jar;C:\Users\sudha\.m2\repository\org\apache\maven\surefire\surefire-api\2.22.1\surefire-api-2.22.1.jar;C:\Users\sudha\.m2\repository\org\apache\maven\surefire\surefire-logger-api\2.22.1\surefire-logger-api-2.22.1.jar;C:\Users\sudha\Jpa-hibernate-in-depth\jpa-hibernate\target\test-classes;C:\Users\sudha\Jpa-hibernate-in-depth\jpa-hibernate\target\classes;C:\Users\sudha\.m2\repository\org\springframework\boot\spring-boot-starter-data-jpa\1.5.9.RELEASE\spring-boot-starter-data-jpa-1.5.9.RELEASE.jar;C:\Users\sudha\.m2\repository\org\springframework\boot\spring-boot-starter\1.5.9.RELEASE\spring-boot-starter-1.5.9.RELEASE.jar;C:\Users\sudha\.m2\repository\org\springframework\boot\spring-boot\1.5.9.RELEASE\spring-boot-1.5.9.RELEASE.jar;C:\Users\sudha\.m2\repository\org\springframework\boot\spring-boot-autoconfigure\1.5.9.RELEASE\spring-boot-autoconfigure-1.5.9.RELEASE.jar;C:\Users\sudha\.m2\repository\org\springframework\boot\spring-boot-starter-logging\1.5.9.RELEASE\spring-boot-starter-logging-1.5.9.RELEASE.jar;C:\Users\sudha\.m2\repository\ch\qos\logback\logback-classic\1.1.11\logback-classic-1.1.11.jar;C:\Users\sudha\.m2\repository\ch\qos\logback\logback-core\1.1.11\logback-core-1.1.11.jar;C:\Users\sudha\.m2\repository\org\slf4j\jul-to-slf4j\1.7.25\jul-to-slf4j-1.7.25.jar;C:\Users\sudha\.m2\repository\org\slf4j\log4j-over-slf4j\1.7.25\log4j-over-slf4j-1.7.25.jar;C:\Users\sudha\.m2\repository\org\yaml\snakeyaml\1.17\snakeyaml-1.17.jar;C:\Users\sudha\.m2\repository\org\springframework\boot\spring-boot-starter-aop\1.5.9.RELEASE\spring-boot-starter-aop-1.5.9.RELEASE.jar;C:\Users\sudha\.m2\repository\org\springframework\spring-aop\4.3.13.RELEASE\spring-aop-4.3.13.RELEASE.jar;C:\Users\sudha\.m2\repository\org\aspectj\aspectjweaver\1.8.13\aspectjweaver-1.8.13.jar;C:\Users\sudha\.m2\repository\org\hibernate\hibernate-core\5.0.12.Final\hibernate-core-5.0.12.Final.jar;C:\Users\sudha\.m2\repository\org\jboss\logging\jboss-logging\3.3.1.Final\jboss-logging-3.3.1.Final.jar;C:\Users\sudha\.m2\repository\org\hibernate\javax\persistence\hibernate-jpa-2.1-api\1.0.0.Final\hibernate-jpa-2.1-api-1.0.0.Final.jar;C:\Users\sudha\.m2\repository\org\javassist\javassist\3.21.0-GA\javassist-3.21.0-GA.jar;C:\Users\sudha\.m2\repository\antlr\antlr\2.7.7\antlr-2.7.7.jar;C:\Users\sudha\.m2\repository\org\jboss\jandex\2.0.0.Final\jandex-2.0.0.Final.jar;C:\Users\sudha\.m2\repository\dom4j\dom4j\1.6.1\dom4j-1.6.1.jar;C:\Users\sudha\.m2\repository\org\hibernate\common\hibernate-commons-annotations\5.0.1.Final\hibernate-commons-annotations-5.0.1.Final.jar;C:\Users\sudha\.m2\repository\org\hibernate\hibernate-entitymanager\5.0.12.Final\hibernate-entitymanager-5.0.12.Final.jar;C:\Users\sudha\.m2\repository\javax\transaction\javax.transaction-api\1.2\javax.transaction-api-1.2.jar;C:\Users\sudha\.m2\repository\org\springframework\data\spring-data-jpa\1.11.9.RELEASE\spring-data-jpa-1.11.9.RELEASE.jar;C:\Users\sudha\.m2\repository\org\springframework\data\spring-data-commons\1.13.9.RELEASE\spring-data-commons-1.13.9.RELEASE.jar;C:\Users\sudha\.m2\repository\org\springframework\spring-orm\4.3.13.RELEASE\spring-orm-4.3.13.RELEASE.jar;C:\Users\sudha\.m2\repository\org\springframework\spring-context\4.3.13.RELEASE\spring-context-4.3.13.RELEASE.jar;C:\Users\sudha\.m2\repository\org\springframework\spring-tx\4.3.13.RELEASE\spring-tx-4.3.13.RELEASE.jar;C:\Users\sudha\.m2\repository\org\springframework\spring-beans\4.3.13.RELEASE\spring-beans-4.3.13.RELEASE.jar;C:\Users\sudha\.m2\repository\org\slf4j\slf4j-api\1.7.25\slf4j-api-1.7.25.jar;C:\Users\sudha\.m2\repository\org\slf4j\jcl-over-slf4j\1.7.25\jcl-over-slf4j-1.7.25.jar;C:\Users\sudha\.m2\repository\org\springframework\spring-aspects\4.3.13.RELEASE\spring-aspects-4.3.13.RELEASE.jar;C:\Users\sudha\.m2\repository\org\springframework\boot\spring-boot-starter-web\1.5.9.RELEASE\spring-boot-starter-web-1.5.9.RELEASE.jar;C:\Users\sudha\.m2\repository\org\springframework\boot\spring-boot-starter-tomcat\1.5.9.RELEASE\spring-boot-starter-tomcat-1.5.9.RELEASE.jar;C:\Users\sudha\.m2\repository\org\apache\tomcat\embed\tomcat-embed-core\8.5.23\tomcat-embed-core-8.5.23.jar;C:\Users\sudha\.m2\repository\org\apache\tomcat\tomcat-annotations-api\8.5.23\tomcat-annotations-api-8.5.23.jar;C:\Users\sudha\.m2\repository\org\apache\tomcat\embed\tomcat-embed-el\8.5.23\tomcat-embed-el-8.5.23.jar;C:\Users\sudha\.m2\repository\org\apache\tomcat\embed\tomcat-embed-websocket\8.5.23\tomcat-embed-websocket-8.5.23.jar;C:\Users\sudha\.m2\repository\org\hibernate\hibernate-validator\5.3.6.Final\hibernate-validator-5.3.6.Final.jar;C:\Users\sudha\.m2\repository\javax\validation\validation-api\1.1.0.Final\validation-api-1.1.0.Final.jar;C:\Users\sudha\.m2\repository\com\fasterxml\classmate\1.3.4\classmate-1.3.4.jar;C:\Users\sudha\.m2\repository\org\springframework\spring-web\4.3.13.RELEASE\spring-web-4.3.13.RELEASE.jar;C:\Users\sudha\.m2\repository\org\springframework\spring-webmvc\4.3.13.RELEASE\spring-webmvc-4.3.13.RELEASE.jar;C:\Users\sudha\.m2\repository\org\springframework\spring-expression\4.3.13.RELEASE\spring-expression-4.3.13.RELEASE.jar;C:\Users\sudha\.m2\repository\org\springframework\boot\spring-boot-starter-test\1.5.9.RELEASE\spring-boot-starter-test-1.5.9.RELEASE.jar;C:\Users\sudha\.m2\repository\org\springframework\boot\spring-boot-test\1.5.9.RELEASE\spring-boot-test-1.5.9.RELEASE.jar;C:\Users\sudha\.m2\repository\org\springframework\boot\spring-boot-test-autoconfigure\1.5.9.RELEASE\spring-boot-test-autoconfigure-1.5.9.RELEASE.jar;C:\Users\sudha\.m2\repository\com\jayway\jsonpath\json-path\2.2.0\json-path-2.2.0.jar;C:\Users\sudha\.m2\repository\net\minidev\json-smart\2.2.1\json-smart-2.2.1.jar;C:\Users\sudha\.m2\repository\net\minidev\accessors-smart\1.1\accessors-smart-1.1.jar;C:\Users\sudha\.m2\repository\org\ow2\asm\asm\5.0.3\asm-5.0.3.jar;C:\Users\sudha\.m2\repository\junit\junit\4.12\junit-4.12.jar;C:\Users\sudha\.m2\repository\org\assertj\assertj-core\2.6.0\assertj-core-2.6.0.jar;C:\Users\sudha\.m2\repository\org\mockito\mockito-core\1.10.19\mockito-core-1.10.19.jar;C:\Users\sudha\.m2\repository\org\objenesis\objenesis\2.1\objenesis-2.1.jar;C:\Users\sudha\.m2\repository\org\hamcrest\hamcrest-core\1.3\hamcrest-core-1.3.jar;C:\Users\sudha\.m2\repository\org\hamcrest\hamcrest-library\1.3\hamcrest-library-1.3.jar;C:\Users\sudha\.m2\repository\org\skyscreamer\jsonassert\1.4.0\jsonassert-1.4.0.jar;C:\Users\sudha\.m2\repository\com\vaadin\external\google\android-json\0.0.20131108.vaadin1\android-json-0.0.20131108.vaadin1.jar;C:\Users\sudha\.m2\repository\org\springframework\spring-core\4.3.13.RELEASE\spring-core-4.3.13.RELEASE.jar;C:\Users\sudha\.m2\repository\org\springframework\spring-test\4.3.13.RELEASE\spring-test-4.3.13.RELEASE.jar;C:\Users\sudha\.m2\repository\org\springframework\boot\spring-boot-starter-jdbc\1.5.9.RELEASE\spring-boot-starter-jdbc-1.5.9.RELEASE.jar;C:\Users\sudha\.m2\repository\org\apache\tomcat\tomcat-jdbc\8.5.23\tomcat-jdbc-8.5.23.jar;C:\Users\sudha\.m2\repository\org\apache\tomcat\tomcat-juli\8.5.23\tomcat-juli-8.5.23.jar;C:\Users\sudha\.m2\repository\org\springframework\spring-jdbc\4.3.13.RELEASE\spring-jdbc-4.3.13.RELEASE.jar;C:\Users\sudha\.m2\repository\com\fasterxml\jackson\core\jackson-databind\2.8.10\jackson-databind-2.8.10.jar;C:\Users\sudha\.m2\repository\com\fasterxml\jackson\core\jackson-annotations\2.8.0\jackson-annotations-2.8.0.jar;C:\Users\sudha\.m2\repository\com\fasterxml\jackson\core\jackson-core\2.8.10\jackson-core-2.8.10.jar;C:\Users\sudha\.m2\repository\mysql\mysql-connector-java\5.1.44\mysql-connector-java-5.1.44.jar;C:\Users\sudha\.m2\repository\org\apache\maven\surefire\surefire-junit4\2.22.1\surefire-junit4-2.22.1.jar, WINDIR=C:\WINDOWS, HOMEPATH=\Users\sudha, TEMP=C:\Users\sudha\AppData\Local\Temp, HOMEDRIVE=C:, PROCESSOR_IDENTIFIER=Intel64 Family 6 Model 94 Stepping 3, GenuineIntel, USERPROFILE=C:\Users\sudha, TMP=C:\Users\sudha\AppData\Local\Temp, PUBLIC=C:\Users\Public, NUMBER_OF_PROCESSORS=4, =::=::\}}]
12:00:57.988 [main] DEBUG org.springframework.core.io.support.PathMatchingResourcePatternResolver - Resolved classpath location [com/jpa/hibernate/demo/] to resources [URL [file:/C:/Users/sudha/Jpa-hibernate-in-depth/jpa-hibernate/target/test-classes/com/jpa/hibernate/demo/], URL [file:/C:/Users/sudha/Jpa-hibernate-in-depth/jpa-hibernate/target/classes/com/jpa/hibernate/demo/]]
12:00:57.988 [main] DEBUG org.springframework.core.io.support.PathMatchingResourcePatternResolver - Looking for matching resources in directory tree [C:\Users\sudha\Jpa-hibernate-in-depth\jpa-hibernate\target\test-classes\com\jpa\hibernate\demo]
12:00:57.989 [main] DEBUG org.springframework.core.io.support.PathMatchingResourcePatternResolver - Searching directory [C:\Users\sudha\Jpa-hibernate-in-depth\jpa-hibernate\target\test-classes\com\jpa\hibernate\demo] for files matching pattern [C:/Users/sudha/Jpa-hibernate-in-depth/jpa-hibernate/target/test-classes/com/jpa/hibernate/demo/*.class]
12:00:57.991 [main] DEBUG org.springframework.core.io.support.PathMatchingResourcePatternResolver - Looking for matching resources in directory tree [C:\Users\sudha\Jpa-hibernate-in-depth\jpa-hibernate\target\classes\com\jpa\hibernate\demo]
12:00:57.992 [main] DEBUG org.springframework.core.io.support.PathMatchingResourcePatternResolver - Searching directory [C:\Users\sudha\Jpa-hibernate-in-depth\jpa-hibernate\target\classes\com\jpa\hibernate\demo] for files matching pattern [C:/Users/sudha/Jpa-hibernate-in-depth/jpa-hibernate/target/classes/com/jpa/hibernate/demo/*.class]
12:00:57.992 [main] DEBUG org.springframework.core.io.support.PathMatchingResourcePatternResolver - Resolved location pattern [classpath*:com/jpa/hibernate/demo/*.class] to resources [file [C:\Users\sudha\Jpa-hibernate-in-depth\jpa-hibernate\target\test-classes\com\jpa\hibernate\demo\JpaDemoApplicationTests.class], file [C:\Users\sudha\Jpa-hibernate-in-depth\jpa-hibernate\target\classes\com\jpa\hibernate\demo\JpaDemoApplication.class]]
12:00:58.111 [main] DEBUG org.springframework.context.annotation.ClassPathScanningCandidateComponentProvider - Identified candidate component class: file [C:\Users\sudha\Jpa-hibernate-in-depth\jpa-hibernate\target\classes\com\jpa\hibernate\demo\JpaDemoApplication.class]
12:00:58.113 [main] INFO org.springframework.boot.test.context.SpringBootTestContextBootstrapper - Found @SpringBootConfiguration com.jpa.hibernate.demo.JpaDemoApplication for test class com.jpa.hibernate.demo.JpaDemoApplicationTests
12:00:58.119 [main] DEBUG org.springframework.boot.test.context.SpringBootTestContextBootstrapper - @TestExecutionListeners is not present for class [com.jpa.hibernate.demo.JpaDemoApplicationTests]: using defaults.
12:00:58.150 [main] INFO org.springframework.boot.test.context.SpringBootTestContextBootstrapper - Loaded default TestExecutionListener class names from location [META-INF/spring.factories]: [org.springframework.boot.test.mock.mockito.MockitoTestExecutionListener, org.springframework.boot.test.mock.mockito.ResetMocksTestExecutionListener, org.springframework.boot.test.autoconfigure.restdocs.RestDocsTestExecutionListener, org.springframework.boot.test.autoconfigure.web.client.MockRestServiceServerResetTestExecutionListener, org.springframework.boot.test.autoconfigure.web.servlet.MockMvcPrintOnlyOnFailureTestExecutionListener, org.springframework.boot.test.autoconfigure.web.servlet.WebDriverTestExecutionListener, org.springframework.test.context.web.ServletTestExecutionListener, org.springframework.test.context.support.DirtiesContextBeforeModesTestExecutionListener, org.springframework.test.context.support.DependencyInjectionTestExecutionListener, org.springframework.test.context.support.DirtiesContextTestExecutionListener, org.springframework.test.context.transaction.TransactionalTestExecutionListener, org.springframework.test.context.jdbc.SqlScriptsTestExecutionListener]
12:00:58.179 [main] INFO org.springframework.boot.test.context.SpringBootTestContextBootstrapper - Using TestExecutionListeners: [org.springframework.test.context.web.ServletTestExecutionListener@64d2d351, org.springframework.test.context.support.DirtiesContextBeforeModesTestExecutionListener@1b68b9a4, org.springframework.boot.test.autoconfigure.SpringBootDependencyInjectionTestExecutionListener@4f9a3314, org.springframework.test.context.support.DirtiesContextTestExecutionListener@3b2c72c2, org.springframework.test.context.transaction.TransactionalTestExecutionListener@491666ad, org.springframework.test.context.jdbc.SqlScriptsTestExecutionListener@176d53b2, org.springframework.boot.test.mock.mockito.ResetMocksTestExecutionListener@971d0d8, org.springframework.boot.test.mock.mockito.MockitoTestExecutionListener@51931956, org.springframework.boot.test.autoconfigure.restdocs.RestDocsTestExecutionListener@2b4a2ec7, org.springframework.boot.test.autoconfigure.web.servlet.MockMvcPrintOnlyOnFailureTestExecutionListener@564718df, org.springframework.boot.test.autoconfigure.web.client.MockRestServiceServerResetTestExecutionListener@51b7e5df, org.springframework.boot.test.autoconfigure.web.servlet.WebDriverTestExecutionListener@18a70f16]
12:00:58.181 [main] DEBUG org.springframework.test.annotation.ProfileValueUtils - Retrieved @ProfileValueSourceConfiguration [null] for test class [com.jpa.hibernate.demo.JpaDemoApplicationTests]
12:00:58.182 [main] DEBUG org.springframework.test.annotation.ProfileValueUtils - Retrieved ProfileValueSource type [class org.springframework.test.annotation.SystemProfileValueSource] for class [com.jpa.hibernate.demo.JpaDemoApplicationTests]
12:00:58.183 [main] DEBUG org.springframework.test.annotation.ProfileValueUtils - Retrieved @ProfileValueSourceConfiguration [null] for test class [com.jpa.hibernate.demo.JpaDemoApplicationTests]
12:00:58.183 [main] DEBUG org.springframework.test.annotation.ProfileValueUtils - Retrieved ProfileValueSource type [class org.springframework.test.annotation.SystemProfileValueSource] for class [com.jpa.hibernate.demo.JpaDemoApplicationTests]
12:00:58.187 [main] DEBUG org.springframework.test.annotation.ProfileValueUtils - Retrieved @ProfileValueSourceConfiguration [null] for test class [com.jpa.hibernate.demo.JpaDemoApplicationTests]
12:00:58.190 [main] DEBUG org.springframework.test.annotation.ProfileValueUtils - Retrieved ProfileValueSource type [class org.springframework.test.annotation.SystemProfileValueSource] for class [com.jpa.hibernate.demo.JpaDemoApplicationTests]
12:00:58.193 [main] DEBUG org.springframework.test.context.support.AbstractDirtiesContextTestExecutionListener - Before test class: context [DefaultTestContext@400cff1a testClass = JpaDemoApplicationTests, testInstance = [null], testMethod = [null], testException = [null], mergedContextConfiguration = [WebMergedContextConfiguration@275710fc testClass = JpaDemoApplicationTests, locations = '{}', classes = '{class com.jpa.hibernate.demo.JpaDemoApplication}', contextInitializerClasses = '[]', activeProfiles = '{}', propertySourceLocations = '{}', propertySourceProperties = '{org.springframework.boot.test.context.SpringBootTestContextBootstrapper=true}', contextCustomizers = set[org.springframework.boot.test.context.SpringBootTestContextCustomizer@6895a785, org.springframework.boot.test.context.filter.ExcludeFilterContextCustomizer@1f7030a6, org.springframework.boot.test.json.DuplicateJsonObjectContextCustomizerFactory$DuplicateJsonObjectContextCustomizer@394e1a0f, org.springframework.boot.test.mock.mockito.MockitoContextCustomizer@0, org.springframework.boot.test.autoconfigure.properties.PropertyMappingContextCustomizer@0, org.springframework.boot.test.autoconfigure.web.servlet.WebDriverContextCustomizerFactory$Customizer@30a3107a], resourceBasePath = 'src/main/webapp', contextLoader = 'org.springframework.boot.test.context.SpringBootContextLoader', parent = [null]]], class annotated with @DirtiesContext [false] with mode [null].
12:00:58.194 [main] DEBUG org.springframework.test.annotation.ProfileValueUtils - Retrieved @ProfileValueSourceConfiguration [null] for test class [com.jpa.hibernate.demo.JpaDemoApplicationTests]
12:00:58.199 [main] DEBUG org.springframework.test.annotation.ProfileValueUtils - Retrieved ProfileValueSource type [class org.springframework.test.annotation.SystemProfileValueSource] for class [com.jpa.hibernate.demo.JpaDemoApplicationTests]
12:00:58.264 [main] DEBUG org.springframework.core.env.StandardEnvironment - Adding PropertySource 'systemProperties' with lowest search precedence
12:00:58.264 [main] DEBUG org.springframework.core.env.StandardEnvironment - Adding PropertySource 'systemEnvironment' with lowest search precedence
12:00:58.266 [main] DEBUG org.springframework.core.env.StandardEnvironment - Initialized StandardEnvironment with PropertySources [MapPropertySource@1238959340 {name='systemProperties', properties={java.runtime.name=Java(TM) SE Runtime Environment, sun.boot.library.path=C:\Program Files\Java\jdk1.8.0_131\jre\bin, java.vm.version=25.131-b11, java.vm.vendor=Oracle Corporation, java.vendor.url=http://java.oracle.com/, path.separator=;, java.vm.name=Java HotSpot(TM) 64-Bit Server VM, file.encoding.pkg=sun.io, user.country=IN, user.script=, sun.java.launcher=SUN_STANDARD, sun.os.patch.level=, java.vm.specification.name=Java Virtual Machine Specification, user.dir=C:\Users\sudha\Jpa-hibernate-in-depth\jpa-hibernate, java.runtime.version=1.8.0_131-b11, basedir=C:\Users\sudha\Jpa-hibernate-in-depth\jpa-hibernate, java.awt.graphicsenv=sun.awt.Win32GraphicsEnvironment, java.endorsed.dirs=C:\Program Files\Java\jdk1.8.0_131\jre\lib\endorsed, os.arch=amd64, java.io.tmpdir=C:\Users\sudha\AppData\Local\Temp\, line.separator=
, java.vm.specification.vendor=Oracle Corporation, user.variant=, os.name=Windows 10, sun.jnu.encoding=Cp1252, java.library.path=C:\Program Files\Java\jdk1.8.0_131\jre\bin;C:\WINDOWS\Sun\Java\bin;C:\WINDOWS\system32;C:\WINDOWS;C:/Program Files/Java/jre1.8.0_151/bin/server;C:/Program Files/Java/jre1.8.0_151/bin;C:/Program Files/Java/jre1.8.0_151/lib/amd64;C:\ProgramData\Oracle\Java\javapath;C:\Program Files\Java\jdk1.8.0_131\bin;C:\MVN\apache-maven-3.3.9\bin;C:\Users\sudha\AppData\Roaming\npm;C:\Program Files\PuTTY\;C:\WINDOWS\system32;C:\WINDOWS;C:\WINDOWS\System32\Wbem;C:\WINDOWS\System32\WindowsPowerShell\v1.0\;C:\Program Files\MySQL\MySQL Utilities 1.6\;F:\xampp\php;C:\Users\sudha\AppData\Local\Programs\Python\Python36-32;C:\WINDOWS\System32\OpenSSH\;C:\Program Files\Microsoft VS Code\bin;C:\Program Files\Git\cmd;C:\Users\sudha\.windows-build-tools\python27\;C:\Program Files\nodejs\node_modules\npm\node_modules\npm-lifecycle\node-gyp-bin;C:\Users\sudha\AppData\Roaming\npm\node_modules\windows-build-tools\node_modules\.bin;C:\Users\sudha\AppData\Roaming\npm\node_modules\.bin;C:\ProgramData\Oracle\Java\javapath;C:\Program Files\Java\jdk1.8.0_131\bin;C:\MVN\apache-maven-3.3.9\bin;C:\Program Files\Git\cmd;C:\Program Files\PuTTY\;C:\WINDOWS\system32;C:\WINDOWS;C:\WINDOWS\System32\Wbem;C:\WINDOWS\System32\WindowsPowerShell\v1.0\;C:\Program Files\MySQL\MySQL Utilities 1.6\;F:\xampp\php;C:\ProgramData\ComposerSetup\bin;C:\Users\sudha\AppData\Local\Programs\Python\Python36-32;;C:\WINDOWS\System32\OpenSSH\;C:\Program Files\nodejs\;C:\Program Files\Microsoft VS Code\bin;C:\Users\sudha\AppData\Local\Microsoft\WindowsApps;C:\Program Files\Heroku\bin;C:\Users\sudha\AppData\Local\atom\bin;C:\Users\sudha\AppData\Local\Microsoft\WindowsApps;C:\Users\sudha\Downloads\sts-bundle\sts-3.9.8.RELEASE;;., surefire.test.class.path=C:\Users\sudha\Jpa-hibernate-in-depth\jpa-hibernate\target\test-classes;C:\Users\sudha\Jpa-hibernate-in-depth\jpa-hibernate\target\classes;C:\Users\sudha\.m2\repository\org\springframework\boot\spring-boot-starter-data-jpa\1.5.9.RELEASE\spring-boot-starter-data-jpa-1.5.9.RELEASE.jar;C:\Users\sudha\.m2\repository\org\springframework\boot\spring-boot-starter\1.5.9.RELEASE\spring-boot-starter-1.5.9.RELEASE.jar;C:\Users\sudha\.m2\repository\org\springframework\boot\spring-boot\1.5.9.RELEASE\spring-boot-1.5.9.RELEASE.jar;C:\Users\sudha\.m2\repository\org\springframework\boot\spring-boot-autoconfigure\1.5.9.RELEASE\spring-boot-autoconfigure-1.5.9.RELEASE.jar;C:\Users\sudha\.m2\repository\org\springframework\boot\spring-boot-starter-logging\1.5.9.RELEASE\spring-boot-starter-logging-1.5.9.RELEASE.jar;C:\Users\sudha\.m2\repository\ch\qos\logback\logback-classic\1.1.11\logback-classic-1.1.11.jar;C:\Users\sudha\.m2\repository\ch\qos\logback\logback-core\1.1.11\logback-core-1.1.11.jar;C:\Users\sudha\.m2\repository\org\slf4j\jul-to-slf4j\1.7.25\jul-to-slf4j-1.7.25.jar;C:\Users\sudha\.m2\repository\org\slf4j\log4j-over-slf4j\1.7.25\log4j-over-slf4j-1.7.25.jar;C:\Users\sudha\.m2\repository\org\yaml\snakeyaml\1.17\snakeyaml-1.17.jar;C:\Users\sudha\.m2\repository\org\springframework\boot\spring-boot-starter-aop\1.5.9.RELEASE\spring-boot-starter-aop-1.5.9.RELEASE.jar;C:\Users\sudha\.m2\repository\org\springframework\spring-aop\4.3.13.RELEASE\spring-aop-4.3.13.RELEASE.jar;C:\Users\sudha\.m2\repository\org\aspectj\aspectjweaver\1.8.13\aspectjweaver-1.8.13.jar;C:\Users\sudha\.m2\repository\org\hibernate\hibernate-core\5.0.12.Final\hibernate-core-5.0.12.Final.jar;C:\Users\sudha\.m2\repository\org\jboss\logging\jboss-logging\3.3.1.Final\jboss-logging-3.3.1.Final.jar;C:\Users\sudha\.m2\repository\org\hibernate\javax\persistence\hibernate-jpa-2.1-api\1.0.0.Final\hibernate-jpa-2.1-api-1.0.0.Final.jar;C:\Users\sudha\.m2\repository\org\javassist\javassist\3.21.0-GA\javassist-3.21.0-GA.jar;C:\Users\sudha\.m2\repository\antlr\antlr\2.7.7\antlr-2.7.7.jar;C:\Users\sudha\.m2\repository\org\jboss\jandex\2.0.0.Final\jandex-2.0.0.Final.jar;C:\Users\sudha\.m2\repository\dom4j\dom4j\1.6.1\dom4j-1.6.1.jar;C:\Users\sudha\.m2\repository\org\hibernate\common\hibernate-commons-annotations\5.0.1.Final\hibernate-commons-annotations-5.0.1.Final.jar;C:\Users\sudha\.m2\repository\org\hibernate\hibernate-entitymanager\5.0.12.Final\hibernate-entitymanager-5.0.12.Final.jar;C:\Users\sudha\.m2\repository\javax\transaction\javax.transaction-api\1.2\javax.transaction-api-1.2.jar;C:\Users\sudha\.m2\repository\org\springframework\data\spring-data-jpa\1.11.9.RELEASE\spring-data-jpa-1.11.9.RELEASE.jar;C:\Users\sudha\.m2\repository\org\springframework\data\spring-data-commons\1.13.9.RELEASE\spring-data-commons-1.13.9.RELEASE.jar;C:\Users\sudha\.m2\repository\org\springframework\spring-orm\4.3.13.RELEASE\spring-orm-4.3.13.RELEASE.jar;C:\Users\sudha\.m2\repository\org\springframework\spring-context\4.3.13.RELEASE\spring-context-4.3.13.RELEASE.jar;C:\Users\sudha\.m2\repository\org\springframework\spring-tx\4.3.13.RELEASE\spring-tx-4.3.13.RELEASE.jar;C:\Users\sudha\.m2\repository\org\springframework\spring-beans\4.3.13.RELEASE\spring-beans-4.3.13.RELEASE.jar;C:\Users\sudha\.m2\repository\org\slf4j\slf4j-api\1.7.25\slf4j-api-1.7.25.jar;C:\Users\sudha\.m2\repository\org\slf4j\jcl-over-slf4j\1.7.25\jcl-over-slf4j-1.7.25.jar;C:\Users\sudha\.m2\repository\org\springframework\spring-aspects\4.3.13.RELEASE\spring-aspects-4.3.13.RELEASE.jar;C:\Users\sudha\.m2\repository\org\springframework\boot\spring-boot-starter-web\1.5.9.RELEASE\spring-boot-starter-web-1.5.9.RELEASE.jar;C:\Users\sudha\.m2\repository\org\springframework\boot\spring-boot-starter-tomcat\1.5.9.RELEASE\spring-boot-starter-tomcat-1.5.9.RELEASE.jar;C:\Users\sudha\.m2\repository\org\apache\tomcat\embed\tomcat-embed-core\8.5.23\tomcat-embed-core-8.5.23.jar;C:\Users\sudha\.m2\repository\org\apache\tomcat\tomcat-annotations-api\8.5.23\tomcat-annotations-api-8.5.23.jar;C:\Users\sudha\.m2\repository\org\apache\tomcat\embed\tomcat-embed-el\8.5.23\tomcat-embed-el-8.5.23.jar;C:\Users\sudha\.m2\repository\org\apache\tomcat\embed\tomcat-embed-websocket\8.5.23\tomcat-embed-websocket-8.5.23.jar;C:\Users\sudha\.m2\repository\org\hibernate\hibernate-validator\5.3.6.Final\hibernate-validator-5.3.6.Final.jar;C:\Users\sudha\.m2\repository\javax\validation\validation-api\1.1.0.Final\validation-api-1.1.0.Final.jar;C:\Users\sudha\.m2\repository\com\fasterxml\classmate\1.3.4\classmate-1.3.4.jar;C:\Users\sudha\.m2\repository\org\springframework\spring-web\4.3.13.RELEASE\spring-web-4.3.13.RELEASE.jar;C:\Users\sudha\.m2\repository\org\springframework\spring-webmvc\4.3.13.RELEASE\spring-webmvc-4.3.13.RELEASE.jar;C:\Users\sudha\.m2\repository\org\springframework\spring-expression\4.3.13.RELEASE\spring-expression-4.3.13.RELEASE.jar;C:\Users\sudha\.m2\repository\org\springframework\boot\spring-boot-starter-test\1.5.9.RELEASE\spring-boot-starter-test-1.5.9.RELEASE.jar;C:\Users\sudha\.m2\repository\org\springframework\boot\spring-boot-test\1.5.9.RELEASE\spring-boot-test-1.5.9.RELEASE.jar;C:\Users\sudha\.m2\repository\org\springframework\boot\spring-boot-test-autoconfigure\1.5.9.RELEASE\spring-boot-test-autoconfigure-1.5.9.RELEASE.jar;C:\Users\sudha\.m2\repository\com\jayway\jsonpath\json-path\2.2.0\json-path-2.2.0.jar;C:\Users\sudha\.m2\repository\net\minidev\json-smart\2.2.1\json-smart-2.2.1.jar;C:\Users\sudha\.m2\repository\net\minidev\accessors-smart\1.1\accessors-smart-1.1.jar;C:\Users\sudha\.m2\repository\org\ow2\asm\asm\5.0.3\asm-5.0.3.jar;C:\Users\sudha\.m2\repository\junit\junit\4.12\junit-4.12.jar;C:\Users\sudha\.m2\repository\org\assertj\assertj-core\2.6.0\assertj-core-2.6.0.jar;C:\Users\sudha\.m2\repository\org\mockito\mockito-core\1.10.19\mockito-core-1.10.19.jar;C:\Users\sudha\.m2\repository\org\objenesis\objenesis\2.1\objenesis-2.1.jar;C:\Users\sudha\.m2\repository\org\hamcrest\hamcrest-core\1.3\hamcrest-core-1.3.jar;C:\Users\sudha\.m2\repository\org\hamcrest\hamcrest-library\1.3\hamcrest-library-1.3.jar;C:\Users\sudha\.m2\repository\org\skyscreamer\jsonassert\1.4.0\jsonassert-1.4.0.jar;C:\Users\sudha\.m2\repository\com\vaadin\external\google\android-json\0.0.20131108.vaadin1\android-json-0.0.20131108.vaadin1.jar;C:\Users\sudha\.m2\repository\org\springframework\spring-core\4.3.13.RELEASE\spring-core-4.3.13.RELEASE.jar;C:\Users\sudha\.m2\repository\org\springframework\spring-test\4.3.13.RELEASE\spring-test-4.3.13.RELEASE.jar;C:\Users\sudha\.m2\repository\org\springframework\boot\spring-boot-starter-jdbc\1.5.9.RELEASE\spring-boot-starter-jdbc-1.5.9.RELEASE.jar;C:\Users\sudha\.m2\repository\org\apache\tomcat\tomcat-jdbc\8.5.23\tomcat-jdbc-8.5.23.jar;C:\Users\sudha\.m2\repository\org\apache\tomcat\tomcat-juli\8.5.23\tomcat-juli-8.5.23.jar;C:\Users\sudha\.m2\repository\org\springframework\spring-jdbc\4.3.13.RELEASE\spring-jdbc-4.3.13.RELEASE.jar;C:\Users\sudha\.m2\repository\com\fasterxml\jackson\core\jackson-databind\2.8.10\jackson-databind-2.8.10.jar;C:\Users\sudha\.m2\repository\com\fasterxml\jackson\core\jackson-annotations\2.8.0\jackson-annotations-2.8.0.jar;C:\Users\sudha\.m2\repository\com\fasterxml\jackson\core\jackson-core\2.8.10\jackson-core-2.8.10.jar;C:\Users\sudha\.m2\repository\mysql\mysql-connector-java\5.1.44\mysql-connector-java-5.1.44.jar;, java.specification.name=Java Platform API Specification, java.class.version=52.0, sun.management.compiler=HotSpot 64-Bit Tiered Compilers, os.version=10.0, user.home=C:\Users\sudha, user.timezone=Asia/Calcutta, java.awt.printerjob=sun.awt.windows.WPrinterJob, file.encoding=Cp1252, java.specification.version=1.8, java.class.path=C:\Users\sudha\.m2\repository\org\apache\maven\surefire\surefire-booter\2.22.1\surefire-booter-2.22.1.jar;C:\Users\sudha\.m2\repository\org\apache\maven\surefire\surefire-api\2.22.1\surefire-api-2.22.1.jar;C:\Users\sudha\.m2\repository\org\apache\maven\surefire\surefire-logger-api\2.22.1\surefire-logger-api-2.22.1.jar;C:\Users\sudha\Jpa-hibernate-in-depth\jpa-hibernate\target\test-classes;C:\Users\sudha\Jpa-hibernate-in-depth\jpa-hibernate\target\classes;C:\Users\sudha\.m2\repository\org\springframework\boot\spring-boot-starter-data-jpa\1.5.9.RELEASE\spring-boot-starter-data-jpa-1.5.9.RELEASE.jar;C:\Users\sudha\.m2\repository\org\springframework\boot\spring-boot-starter\1.5.9.RELEASE\spring-boot-starter-1.5.9.RELEASE.jar;C:\Users\sudha\.m2\repository\org\springframework\boot\spring-boot\1.5.9.RELEASE\spring-boot-1.5.9.RELEASE.jar;C:\Users\sudha\.m2\repository\org\springframework\boot\spring-boot-autoconfigure\1.5.9.RELEASE\spring-boot-autoconfigure-1.5.9.RELEASE.jar;C:\Users\sudha\.m2\repository\org\springframework\boot\spring-boot-starter-logging\1.5.9.RELEASE\spring-boot-starter-logging-1.5.9.RELEASE.jar;C:\Users\sudha\.m2\repository\ch\qos\logback\logback-classic\1.1.11\logback-classic-1.1.11.jar;C:\Users\sudha\.m2\repository\ch\qos\logback\logback-core\1.1.11\logback-core-1.1.11.jar;C:\Users\sudha\.m2\repository\org\slf4j\jul-to-slf4j\1.7.25\jul-to-slf4j-1.7.25.jar;C:\Users\sudha\.m2\repository\org\slf4j\log4j-over-slf4j\1.7.25\log4j-over-slf4j-1.7.25.jar;C:\Users\sudha\.m2\repository\org\yaml\snakeyaml\1.17\snakeyaml-1.17.jar;C:\Users\sudha\.m2\repository\org\springframework\boot\spring-boot-starter-aop\1.5.9.RELEASE\spring-boot-starter-aop-1.5.9.RELEASE.jar;C:\Users\sudha\.m2\repository\org\springframework\spring-aop\4.3.13.RELEASE\spring-aop-4.3.13.RELEASE.jar;C:\Users\sudha\.m2\repository\org\aspectj\aspectjweaver\1.8.13\aspectjweaver-1.8.13.jar;C:\Users\sudha\.m2\repository\org\hibernate\hibernate-core\5.0.12.Final\hibernate-core-5.0.12.Final.jar;C:\Users\sudha\.m2\repository\org\jboss\logging\jboss-logging\3.3.1.Final\jboss-logging-3.3.1.Final.jar;C:\Users\sudha\.m2\repository\org\hibernate\javax\persistence\hibernate-jpa-2.1-api\1.0.0.Final\hibernate-jpa-2.1-api-1.0.0.Final.jar;C:\Users\sudha\.m2\repository\org\javassist\javassist\3.21.0-GA\javassist-3.21.0-GA.jar;C:\Users\sudha\.m2\repository\antlr\antlr\2.7.7\antlr-2.7.7.jar;C:\Users\sudha\.m2\repository\org\jboss\jandex\2.0.0.Final\jandex-2.0.0.Final.jar;C:\Users\sudha\.m2\repository\dom4j\dom4j\1.6.1\dom4j-1.6.1.jar;C:\Users\sudha\.m2\repository\org\hibernate\common\hibernate-commons-annotations\5.0.1.Final\hibernate-commons-annotations-5.0.1.Final.jar;C:\Users\sudha\.m2\repository\org\hibernate\hibernate-entitymanager\5.0.12.Final\hibernate-entitymanager-5.0.12.Final.jar;C:\Users\sudha\.m2\repository\javax\transaction\javax.transaction-api\1.2\javax.transaction-api-1.2.jar;C:\Users\sudha\.m2\repository\org\springframework\data\spring-data-jpa\1.11.9.RELEASE\spring-data-jpa-1.11.9.RELEASE.jar;C:\Users\sudha\.m2\repository\org\springframework\data\spring-data-commons\1.13.9.RELEASE\spring-data-commons-1.13.9.RELEASE.jar;C:\Users\sudha\.m2\repository\org\springframework\spring-orm\4.3.13.RELEASE\spring-orm-4.3.13.RELEASE.jar;C:\Users\sudha\.m2\repository\org\springframework\spring-context\4.3.13.RELEASE\spring-context-4.3.13.RELEASE.jar;C:\Users\sudha\.m2\repository\org\springframework\spring-tx\4.3.13.RELEASE\spring-tx-4.3.13.RELEASE.jar;C:\Users\sudha\.m2\repository\org\springframework\spring-beans\4.3.13.RELEASE\spring-beans-4.3.13.RELEASE.jar;C:\Users\sudha\.m2\repository\org\slf4j\slf4j-api\1.7.25\slf4j-api-1.7.25.jar;C:\Users\sudha\.m2\repository\org\slf4j\jcl-over-slf4j\1.7.25\jcl-over-slf4j-1.7.25.jar;C:\Users\sudha\.m2\repository\org\springframework\spring-aspects\4.3.13.RELEASE\spring-aspects-4.3.13.RELEASE.jar;C:\Users\sudha\.m2\repository\org\springframework\boot\spring-boot-starter-web\1.5.9.RELEASE\spring-boot-starter-web-1.5.9.RELEASE.jar;C:\Users\sudha\.m2\repository\org\springframework\boot\spring-boot-starter-tomcat\1.5.9.RELEASE\spring-boot-starter-tomcat-1.5.9.RELEASE.jar;C:\Users\sudha\.m2\repository\org\apache\tomcat\embed\tomcat-embed-core\8.5.23\tomcat-embed-core-8.5.23.jar;C:\Users\sudha\.m2\repository\org\apache\tomcat\tomcat-annotations-api\8.5.23\tomcat-annotations-api-8.5.23.jar;C:\Users\sudha\.m2\repository\org\apache\tomcat\embed\tomcat-embed-el\8.5.23\tomcat-embed-el-8.5.23.jar;C:\Users\sudha\.m2\repository\org\apache\tomcat\embed\tomcat-embed-websocket\8.5.23\tomcat-embed-websocket-8.5.23.jar;C:\Users\sudha\.m2\repository\org\hibernate\hibernate-validator\5.3.6.Final\hibernate-validator-5.3.6.Final.jar;C:\Users\sudha\.m2\repository\javax\validation\validation-api\1.1.0.Final\validation-api-1.1.0.Final.jar;C:\Users\sudha\.m2\repository\com\fasterxml\classmate\1.3.4\classmate-1.3.4.jar;C:\Users\sudha\.m2\repository\org\springframework\spring-web\4.3.13.RELEASE\spring-web-4.3.13.RELEASE.jar;C:\Users\sudha\.m2\repository\org\springframework\spring-webmvc\4.3.13.RELEASE\spring-webmvc-4.3.13.RELEASE.jar;C:\Users\sudha\.m2\repository\org\springframework\spring-expression\4.3.13.RELEASE\spring-expression-4.3.13.RELEASE.jar;C:\Users\sudha\.m2\repository\org\springframework\boot\spring-boot-starter-test\1.5.9.RELEASE\spring-boot-starter-test-1.5.9.RELEASE.jar;C:\Users\sudha\.m2\repository\org\springframework\boot\spring-boot-test\1.5.9.RELEASE\spring-boot-test-1.5.9.RELEASE.jar;C:\Users\sudha\.m2\repository\org\springframework\boot\spring-boot-test-autoconfigure\1.5.9.RELEASE\spring-boot-test-autoconfigure-1.5.9.RELEASE.jar;C:\Users\sudha\.m2\repository\com\jayway\jsonpath\json-path\2.2.0\json-path-2.2.0.jar;C:\Users\sudha\.m2\repository\net\minidev\json-smart\2.2.1\json-smart-2.2.1.jar;C:\Users\sudha\.m2\repository\net\minidev\accessors-smart\1.1\accessors-smart-1.1.jar;C:\Users\sudha\.m2\repository\org\ow2\asm\asm\5.0.3\asm-5.0.3.jar;C:\Users\sudha\.m2\repository\junit\junit\4.12\junit-4.12.jar;C:\Users\sudha\.m2\repository\org\assertj\assertj-core\2.6.0\assertj-core-2.6.0.jar;C:\Users\sudha\.m2\repository\org\mockito\mockito-core\1.10.19\mockito-core-1.10.19.jar;C:\Users\sudha\.m2\repository\org\objenesis\objenesis\2.1\objenesis-2.1.jar;C:\Users\sudha\.m2\repository\org\hamcrest\hamcrest-core\1.3\hamcrest-core-1.3.jar;C:\Users\sudha\.m2\repository\org\hamcrest\hamcrest-library\1.3\hamcrest-library-1.3.jar;C:\Users\sudha\.m2\repository\org\skyscreamer\jsonassert\1.4.0\jsonassert-1.4.0.jar;C:\Users\sudha\.m2\repository\com\vaadin\external\google\android-json\0.0.20131108.vaadin1\android-json-0.0.20131108.vaadin1.jar;C:\Users\sudha\.m2\repository\org\springframework\spring-core\4.3.13.RELEASE\spring-core-4.3.13.RELEASE.jar;C:\Users\sudha\.m2\repository\org\springframework\spring-test\4.3.13.RELEASE\spring-test-4.3.13.RELEASE.jar;C:\Users\sudha\.m2\repository\org\springframework\boot\spring-boot-starter-jdbc\1.5.9.RELEASE\spring-boot-starter-jdbc-1.5.9.RELEASE.jar;C:\Users\sudha\.m2\repository\org\apache\tomcat\tomcat-jdbc\8.5.23\tomcat-jdbc-8.5.23.jar;C:\Users\sudha\.m2\repository\org\apache\tomcat\tomcat-juli\8.5.23\tomcat-juli-8.5.23.jar;C:\Users\sudha\.m2\repository\org\springframework\spring-jdbc\4.3.13.RELEASE\spring-jdbc-4.3.13.RELEASE.jar;C:\Users\sudha\.m2\repository\com\fasterxml\jackson\core\jackson-databind\2.8.10\jackson-databind-2.8.10.jar;C:\Users\sudha\.m2\repository\com\fasterxml\jackson\core\jackson-annotations\2.8.0\jackson-annotations-2.8.0.jar;C:\Users\sudha\.m2\repository\com\fasterxml\jackson\core\jackson-core\2.8.10\jackson-core-2.8.10.jar;C:\Users\sudha\.m2\repository\mysql\mysql-connector-java\5.1.44\mysql-connector-java-5.1.44.jar;C:\Users\sudha\.m2\repository\org\apache\maven\surefire\surefire-junit4\2.22.1\surefire-junit4-2.22.1.jar, user.name=sudha, java.vm.specification.version=1.8, sun.java.command=org.apache.maven.surefire.booter.ForkedBooter C:\Users\sudha\AppData\Local\Temp\surefire8645342015551571428 2019-06-19T12-00-56_939-jvmRun1 surefire4430288178686466579tmp surefire_05352894487465382123tmp, java.home=C:\Program Files\Java\jdk1.8.0_131\jre, sun.arch.data.model=64, user.language=en, java.specification.vendor=Oracle Corporation, awt.toolkit=sun.awt.windows.WToolkit, java.vm.info=mixed mode, java.version=1.8.0_131, java.ext.dirs=C:\Program Files\Java\jdk1.8.0_131\jre\lib\ext;C:\WINDOWS\Sun\Java\lib\ext, sun.boot.class.path=C:\Program Files\Java\jdk1.8.0_131\jre\lib\resources.jar;C:\Program Files\Java\jdk1.8.0_131\jre\lib\rt.jar;C:\Program Files\Java\jdk1.8.0_131\jre\lib\sunrsasign.jar;C:\Program Files\Java\jdk1.8.0_131\jre\lib\jsse.jar;C:\Program Files\Java\jdk1.8.0_131\jre\lib\jce.jar;C:\Program Files\Java\jdk1.8.0_131\jre\lib\charsets.jar;C:\Program Files\Java\jdk1.8.0_131\jre\lib\jfr.jar;C:\Program Files\Java\jdk1.8.0_131\jre\classes, java.vendor=Oracle Corporation, localRepository=C:\Users\sudha\.m2\repository, file.separator=\, java.vendor.url.bug=http://bugreport.sun.com/bugreport/, sun.io.unicode.encoding=UnicodeLittle, sun.cpu.endian=little, sun.desktop=windows, sun.cpu.isalist=amd64}}, SystemEnvironmentPropertySource@76432244 {name='systemEnvironment', properties={PATH=C:/Program Files/Java/jre1.8.0_151/bin/server;C:/Program Files/Java/jre1.8.0_151/bin;C:/Program Files/Java/jre1.8.0_151/lib/amd64;C:\ProgramData\Oracle\Java\javapath;C:\Program Files\Java\jdk1.8.0_131\bin;C:\MVN\apache-maven-3.3.9\bin;C:\Users\sudha\AppData\Roaming\npm;C:\Program Files\PuTTY\;C:\WINDOWS\system32;C:\WINDOWS;C:\WINDOWS\System32\Wbem;C:\WINDOWS\System32\WindowsPowerShell\v1.0\;C:\Program Files\MySQL\MySQL Utilities 1.6\;F:\xampp\php;C:\Users\sudha\AppData\Local\Programs\Python\Python36-32;C:\WINDOWS\System32\OpenSSH\;C:\Program Files\Microsoft VS Code\bin;C:\Program Files\Git\cmd;C:\Users\sudha\.windows-build-tools\python27\;C:\Program Files\nodejs\node_modules\npm\node_modules\npm-lifecycle\node-gyp-bin;C:\Users\sudha\AppData\Roaming\npm\node_modules\windows-build-tools\node_modules\.bin;C:\Users\sudha\AppData\Roaming\npm\node_modules\.bin;C:\ProgramData\Oracle\Java\javapath;C:\Program Files\Java\jdk1.8.0_131\bin;C:\MVN\apache-maven-3.3.9\bin;C:\Program Files\Git\cmd;C:\Program Files\PuTTY\;C:\WINDOWS\system32;C:\WINDOWS;C:\WINDOWS\System32\Wbem;C:\WINDOWS\System32\WindowsPowerShell\v1.0\;C:\Program Files\MySQL\MySQL Utilities 1.6\;F:\xampp\php;C:\ProgramData\ComposerSetup\bin;C:\Users\sudha\AppData\Local\Programs\Python\Python36-32;;C:\WINDOWS\System32\OpenSSH\;C:\Program Files\nodejs\;C:\Program Files\Microsoft VS Code\bin;C:\Users\sudha\AppData\Local\Microsoft\WindowsApps;C:\Program Files\Heroku\bin;C:\Users\sudha\AppData\Local\atom\bin;C:\Users\sudha\AppData\Local\Microsoft\WindowsApps;C:\Users\sudha\Downloads\sts-bundle\sts-3.9.8.RELEASE;, USERDOMAIN_ROAMINGPROFILE=SUDHIR, LOCALAPPDATA=C:\Users\sudha\AppData\Local, PROCESSOR_LEVEL=6, SYSTEMDRIVE=C:, COMMONPROGRAMFILES(X86)=C:\Program Files (x86)\Common Files, USERDOMAIN=SUDHIR, FPS_BROWSER_APP_PROFILE_STRING=Internet Explorer, LOGONSERVER=\\SUDHIR, PROMPT=$P$G, SESSIONNAME=Console, ALLUSERSPROFILE=C:\ProgramData, PROGRAMFILES(X86)=C:\Program Files (x86), PROCESSOR_ARCHITECTURE=AMD64, DRIVERDATA=C:\Windows\System32\Drivers\DriverData, PROGRAMFILES=C:\Program Files, =C:=C:\Users\sudha\Jpa-hibernate-in-depth\jpa-hibernate, APPDATA=C:\Users\sudha\AppData\Roaming, PSMODULEPATH=C:\Program Files\WindowsPowerShell\Modules;C:\WINDOWS\system32\WindowsPowerShell\v1.0\Modules, PROGRAMW6432=C:\Program Files, PROGRAMDATA=C:\ProgramData, SYSTEMROOT=C:\WINDOWS, USERNAME=sudha, FPS_BROWSER_USER_PROFILE_STRING=Default, ONEDRIVE=C:\Users\sudha\OneDrive, PATHEXT=.COM;.EXE;.BAT;.CMD;.VBS;.VBE;.JS;.JSE;.WSF;.WSH;.MSC, OS=Windows_NT, COMMONPROGRAMW6432=C:\Program Files\Common Files, COMPUTERNAME=SUDHIR, ONEDRIVECONSUMER=C:\Users\sudha\OneDrive, COMMONPROGRAMFILES=C:\Program Files\Common Files, COMSPEC=C:\WINDOWS\system32\cmd.exe, PROCESSOR_REVISION=5e03, CLASSPATH=C:\Users\sudha\.m2\repository\org\apache\maven\surefire\surefire-booter\2.22.1\surefire-booter-2.22.1.jar;C:\Users\sudha\.m2\repository\org\apache\maven\surefire\surefire-api\2.22.1\surefire-api-2.22.1.jar;C:\Users\sudha\.m2\repository\org\apache\maven\surefire\surefire-logger-api\2.22.1\surefire-logger-api-2.22.1.jar;C:\Users\sudha\Jpa-hibernate-in-depth\jpa-hibernate\target\test-classes;C:\Users\sudha\Jpa-hibernate-in-depth\jpa-hibernate\target\classes;C:\Users\sudha\.m2\repository\org\springframework\boot\spring-boot-starter-data-jpa\1.5.9.RELEASE\spring-boot-starter-data-jpa-1.5.9.RELEASE.jar;C:\Users\sudha\.m2\repository\org\springframework\boot\spring-boot-starter\1.5.9.RELEASE\spring-boot-starter-1.5.9.RELEASE.jar;C:\Users\sudha\.m2\repository\org\springframework\boot\spring-boot\1.5.9.RELEASE\spring-boot-1.5.9.RELEASE.jar;C:\Users\sudha\.m2\repository\org\springframework\boot\spring-boot-autoconfigure\1.5.9.RELEASE\spring-boot-autoconfigure-1.5.9.RELEASE.jar;C:\Users\sudha\.m2\repository\org\springframework\boot\spring-boot-starter-logging\1.5.9.RELEASE\spring-boot-starter-logging-1.5.9.RELEASE.jar;C:\Users\sudha\.m2\repository\ch\qos\logback\logback-classic\1.1.11\logback-classic-1.1.11.jar;C:\Users\sudha\.m2\repository\ch\qos\logback\logback-core\1.1.11\logback-core-1.1.11.jar;C:\Users\sudha\.m2\repository\org\slf4j\jul-to-slf4j\1.7.25\jul-to-slf4j-1.7.25.jar;C:\Users\sudha\.m2\repository\org\slf4j\log4j-over-slf4j\1.7.25\log4j-over-slf4j-1.7.25.jar;C:\Users\sudha\.m2\repository\org\yaml\snakeyaml\1.17\snakeyaml-1.17.jar;C:\Users\sudha\.m2\repository\org\springframework\boot\spring-boot-starter-aop\1.5.9.RELEASE\spring-boot-starter-aop-1.5.9.RELEASE.jar;C:\Users\sudha\.m2\repository\org\springframework\spring-aop\4.3.13.RELEASE\spring-aop-4.3.13.RELEASE.jar;C:\Users\sudha\.m2\repository\org\aspectj\aspectjweaver\1.8.13\aspectjweaver-1.8.13.jar;C:\Users\sudha\.m2\repository\org\hibernate\hibernate-core\5.0.12.Final\hibernate-core-5.0.12.Final.jar;C:\Users\sudha\.m2\repository\org\jboss\logging\jboss-logging\3.3.1.Final\jboss-logging-3.3.1.Final.jar;C:\Users\sudha\.m2\repository\org\hibernate\javax\persistence\hibernate-jpa-2.1-api\1.0.0.Final\hibernate-jpa-2.1-api-1.0.0.Final.jar;C:\Users\sudha\.m2\repository\org\javassist\javassist\3.21.0-GA\javassist-3.21.0-GA.jar;C:\Users\sudha\.m2\repository\antlr\antlr\2.7.7\antlr-2.7.7.jar;C:\Users\sudha\.m2\repository\org\jboss\jandex\2.0.0.Final\jandex-2.0.0.Final.jar;C:\Users\sudha\.m2\repository\dom4j\dom4j\1.6.1\dom4j-1.6.1.jar;C:\Users\sudha\.m2\repository\org\hibernate\common\hibernate-commons-annotations\5.0.1.Final\hibernate-commons-annotations-5.0.1.Final.jar;C:\Users\sudha\.m2\repository\org\hibernate\hibernate-entitymanager\5.0.12.Final\hibernate-entitymanager-5.0.12.Final.jar;C:\Users\sudha\.m2\repository\javax\transaction\javax.transaction-api\1.2\javax.transaction-api-1.2.jar;C:\Users\sudha\.m2\repository\org\springframework\data\spring-data-jpa\1.11.9.RELEASE\spring-data-jpa-1.11.9.RELEASE.jar;C:\Users\sudha\.m2\repository\org\springframework\data\spring-data-commons\1.13.9.RELEASE\spring-data-commons-1.13.9.RELEASE.jar;C:\Users\sudha\.m2\repository\org\springframework\spring-orm\4.3.13.RELEASE\spring-orm-4.3.13.RELEASE.jar;C:\Users\sudha\.m2\repository\org\springframework\spring-context\4.3.13.RELEASE\spring-context-4.3.13.RELEASE.jar;C:\Users\sudha\.m2\repository\org\springframework\spring-tx\4.3.13.RELEASE\spring-tx-4.3.13.RELEASE.jar;C:\Users\sudha\.m2\repository\org\springframework\spring-beans\4.3.13.RELEASE\spring-beans-4.3.13.RELEASE.jar;C:\Users\sudha\.m2\repository\org\slf4j\slf4j-api\1.7.25\slf4j-api-1.7.25.jar;C:\Users\sudha\.m2\repository\org\slf4j\jcl-over-slf4j\1.7.25\jcl-over-slf4j-1.7.25.jar;C:\Users\sudha\.m2\repository\org\springframework\spring-aspects\4.3.13.RELEASE\spring-aspects-4.3.13.RELEASE.jar;C:\Users\sudha\.m2\repository\org\springframework\boot\spring-boot-starter-web\1.5.9.RELEASE\spring-boot-starter-web-1.5.9.RELEASE.jar;C:\Users\sudha\.m2\repository\org\springframework\boot\spring-boot-starter-tomcat\1.5.9.RELEASE\spring-boot-starter-tomcat-1.5.9.RELEASE.jar;C:\Users\sudha\.m2\repository\org\apache\tomcat\embed\tomcat-embed-core\8.5.23\tomcat-embed-core-8.5.23.jar;C:\Users\sudha\.m2\repository\org\apache\tomcat\tomcat-annotations-api\8.5.23\tomcat-annotations-api-8.5.23.jar;C:\Users\sudha\.m2\repository\org\apache\tomcat\embed\tomcat-embed-el\8.5.23\tomcat-embed-el-8.5.23.jar;C:\Users\sudha\.m2\repository\org\apache\tomcat\embed\tomcat-embed-websocket\8.5.23\tomcat-embed-websocket-8.5.23.jar;C:\Users\sudha\.m2\repository\org\hibernate\hibernate-validator\5.3.6.Final\hibernate-validator-5.3.6.Final.jar;C:\Users\sudha\.m2\repository\javax\validation\validation-api\1.1.0.Final\validation-api-1.1.0.Final.jar;C:\Users\sudha\.m2\repository\com\fasterxml\classmate\1.3.4\classmate-1.3.4.jar;C:\Users\sudha\.m2\repository\org\springframework\spring-web\4.3.13.RELEASE\spring-web-4.3.13.RELEASE.jar;C:\Users\sudha\.m2\repository\org\springframework\spring-webmvc\4.3.13.RELEASE\spring-webmvc-4.3.13.RELEASE.jar;C:\Users\sudha\.m2\repository\org\springframework\spring-expression\4.3.13.RELEASE\spring-expression-4.3.13.RELEASE.jar;C:\Users\sudha\.m2\repository\org\springframework\boot\spring-boot-starter-test\1.5.9.RELEASE\spring-boot-starter-test-1.5.9.RELEASE.jar;C:\Users\sudha\.m2\repository\org\springframework\boot\spring-boot-test\1.5.9.RELEASE\spring-boot-test-1.5.9.RELEASE.jar;C:\Users\sudha\.m2\repository\org\springframework\boot\spring-boot-test-autoconfigure\1.5.9.RELEASE\spring-boot-test-autoconfigure-1.5.9.RELEASE.jar;C:\Users\sudha\.m2\repository\com\jayway\jsonpath\json-path\2.2.0\json-path-2.2.0.jar;C:\Users\sudha\.m2\repository\net\minidev\json-smart\2.2.1\json-smart-2.2.1.jar;C:\Users\sudha\.m2\repository\net\minidev\accessors-smart\1.1\accessors-smart-1.1.jar;C:\Users\sudha\.m2\repository\org\ow2\asm\asm\5.0.3\asm-5.0.3.jar;C:\Users\sudha\.m2\repository\junit\junit\4.12\junit-4.12.jar;C:\Users\sudha\.m2\repository\org\assertj\assertj-core\2.6.0\assertj-core-2.6.0.jar;C:\Users\sudha\.m2\repository\org\mockito\mockito-core\1.10.19\mockito-core-1.10.19.jar;C:\Users\sudha\.m2\repository\org\objenesis\objenesis\2.1\objenesis-2.1.jar;C:\Users\sudha\.m2\repository\org\hamcrest\hamcrest-core\1.3\hamcrest-core-1.3.jar;C:\Users\sudha\.m2\repository\org\hamcrest\hamcrest-library\1.3\hamcrest-library-1.3.jar;C:\Users\sudha\.m2\repository\org\skyscreamer\jsonassert\1.4.0\jsonassert-1.4.0.jar;C:\Users\sudha\.m2\repository\com\vaadin\external\google\android-json\0.0.20131108.vaadin1\android-json-0.0.20131108.vaadin1.jar;C:\Users\sudha\.m2\repository\org\springframework\spring-core\4.3.13.RELEASE\spring-core-4.3.13.RELEASE.jar;C:\Users\sudha\.m2\repository\org\springframework\spring-test\4.3.13.RELEASE\spring-test-4.3.13.RELEASE.jar;C:\Users\sudha\.m2\repository\org\springframework\boot\spring-boot-starter-jdbc\1.5.9.RELEASE\spring-boot-starter-jdbc-1.5.9.RELEASE.jar;C:\Users\sudha\.m2\repository\org\apache\tomcat\tomcat-jdbc\8.5.23\tomcat-jdbc-8.5.23.jar;C:\Users\sudha\.m2\repository\org\apache\tomcat\tomcat-juli\8.5.23\tomcat-juli-8.5.23.jar;C:\Users\sudha\.m2\repository\org\springframework\spring-jdbc\4.3.13.RELEASE\spring-jdbc-4.3.13.RELEASE.jar;C:\Users\sudha\.m2\repository\com\fasterxml\jackson\core\jackson-databind\2.8.10\jackson-databind-2.8.10.jar;C:\Users\sudha\.m2\repository\com\fasterxml\jackson\core\jackson-annotations\2.8.0\jackson-annotations-2.8.0.jar;C:\Users\sudha\.m2\repository\com\fasterxml\jackson\core\jackson-core\2.8.10\jackson-core-2.8.10.jar;C:\Users\sudha\.m2\repository\mysql\mysql-connector-java\5.1.44\mysql-connector-java-5.1.44.jar;C:\Users\sudha\.m2\repository\org\apache\maven\surefire\surefire-junit4\2.22.1\surefire-junit4-2.22.1.jar, WINDIR=C:\WINDOWS, HOMEPATH=\Users\sudha, TEMP=C:\Users\sudha\AppData\Local\Temp, HOMEDRIVE=C:, PROCESSOR_IDENTIFIER=Intel64 Family 6 Model 94 Stepping 3, GenuineIntel, USERPROFILE=C:\Users\sudha, TMP=C:\Users\sudha\AppData\Local\Temp, PUBLIC=C:\Users\Public, NUMBER_OF_PROCESSORS=4, =::=::\}}]
12:00:58.270 [main] DEBUG org.springframework.core.env.MutablePropertySources - Adding PropertySource 'inline' with highest search precedence
12:00:58.275 [main] DEBUG org.springframework.test.context.support.TestPropertySourceUtils - Adding inlined properties to environment: {spring.jmx.enabled=false, org.springframework.boot.test.context.SpringBootTestContextBootstrapper=true, server.port=-1}
12:00:58.275 [main] DEBUG org.springframework.core.env.StandardEnvironment - Adding PropertySource 'Inlined Test Properties' with highest search precedence

  .   ____          _            __ _ _
 /\\ / ___'_ __ _ _(_)_ __  __ _ \ \ \ \
( ( )\___ | '_ | '_| | '_ \/ _` | \ \ \ \
 \\/  ___)| |_)| | | | | || (_| |  ) ) ) )
  '  |____| .__|_| |_|_| |_\__, | / / / /
 =========|_|==============|___/=/_/_/_/
 :: Spring Boot ::        (v1.5.9.RELEASE)

2019-06-19 12:00:58.610  INFO 6732 --- [           main] c.j.h.demo.JpaDemoApplicationTests       : Starting JpaDemoApplicationTests on Sudhir with PID 6732 (started by sudha in C:\Users\sudha\Jpa-hibernate-in-depth\jpa-hibernate)
2019-06-19 12:00:58.632  INFO 6732 --- [           main] c.j.h.demo.JpaDemoApplicationTests       : No active profile set, falling back to default profiles: default
2019-06-19 12:00:58.666  INFO 6732 --- [           main] o.s.w.c.s.GenericWebApplicationContext   : Refreshing org.springframework.web.context.support.GenericWebApplicationContext@693fe6c9: startup date [Wed Jun 19 12:00:58 IST 2019]; root of context hierarchy
2019-06-19 12:01:00.580  INFO 6732 --- [           main] j.LocalContainerEntityManagerFactoryBean : Building JPA container EntityManagerFactory for persistence unit 'default'
2019-06-19 12:01:00.600  INFO 6732 --- [           main] o.hibernate.jpa.internal.util.LogHelper  : HHH000204: Processing PersistenceUnitInfo [
	name: default
	...]
2019-06-19 12:01:00.681  INFO 6732 --- [           main] org.hibernate.Version                    : HHH000412: Hibernate Core {5.0.12.Final}
2019-06-19 12:01:00.682  INFO 6732 --- [           main] org.hibernate.cfg.Environment            : HHH000206: hibernate.properties not found
2019-06-19 12:01:00.683  INFO 6732 --- [           main] org.hibernate.cfg.Environment            : HHH000021: Bytecode provider name : javassist
2019-06-19 12:01:00.733  INFO 6732 --- [           main] o.hibernate.annotations.common.Version   : HCANN000001: Hibernate Commons Annotations {5.0.1.Final}
2019-06-19 12:01:00.876  INFO 6732 --- [           main] org.hibernate.dialect.Dialect            : HHH000400: Using dialect: org.hibernate.dialect.MySQL5Dialect
2019-06-19 12:01:01.544  INFO 6732 --- [           main] o.h.h.i.QueryTranslatorFactoryInitiator  : HHH000397: Using ASTQueryTranslatorFactory
2019-06-19 12:01:01.705  INFO 6732 --- [           main] j.LocalContainerEntityManagerFactoryBean : Initialized JPA EntityManagerFactory for persistence unit 'default'
2019-06-19 12:01:02.296  INFO 6732 --- [           main] s.w.s.m.m.a.RequestMappingHandlerAdapter : Looking for @ControllerAdvice: org.springframework.web.context.support.GenericWebApplicationContext@693fe6c9: startup date [Wed Jun 19 12:00:58 IST 2019]; root of context hierarchy
2019-06-19 12:01:02.383  INFO 6732 --- [           main] s.w.s.m.m.a.RequestMappingHandlerMapping : Mapped "{[/error]}" onto public org.springframework.http.ResponseEntity<java.util.Map<java.lang.String, java.lang.Object>> org.springframework.boot.autoconfigure.web.BasicErrorController.error(javax.servlet.http.HttpServletRequest)
2019-06-19 12:01:02.387  INFO 6732 --- [           main] s.w.s.m.m.a.RequestMappingHandlerMapping : Mapped "{[/error],produces=[text/html]}" onto public org.springframework.web.servlet.ModelAndView org.springframework.boot.autoconfigure.web.BasicErrorController.errorHtml(javax.servlet.http.HttpServletRequest,javax.servlet.http.HttpServletResponse)
2019-06-19 12:01:02.422  INFO 6732 --- [           main] o.s.w.s.handler.SimpleUrlHandlerMapping  : Mapped URL path [/webjars/**] onto handler of type [class org.springframework.web.servlet.resource.ResourceHttpRequestHandler]
2019-06-19 12:01:02.422  INFO 6732 --- [           main] o.s.w.s.handler.SimpleUrlHandlerMapping  : Mapped URL path [/**] onto handler of type [class org.springframework.web.servlet.resource.ResourceHttpRequestHandler]
2019-06-19 12:01:02.465  INFO 6732 --- [           main] o.s.w.s.handler.SimpleUrlHandlerMapping  : Mapped URL path [/**/favicon.ico] onto handler of type [class org.springframework.web.servlet.resource.ResourceHttpRequestHandler]
Hibernate: select course0_.id as id1_0_0_, course0_.address as address2_0_0_, course0_.contact as contact3_0_0_, course0_.email as email4_0_0_, course0_.name as name5_0_0_ from course course0_ where course0_.id=?
Hibernate: select rating0_.course_id as course_i4_3_0_, rating0_.id as id1_3_0_, rating0_.id as id1_3_1_, rating0_.course_id as course_i4_3_1_, rating0_.description as descript2_3_1_, rating0_.rating as rating3_3_1_ from review rating0_ where rating0_.course_id=?
2019-06-19 12:01:02.952  INFO 6732 --- [           main] utoConfigurationReportLoggingInitializer : 

Error starting ApplicationContext. To display the auto-configuration report re-run your application with 'debug' enabled.
2019-06-19 12:01:02.960 ERROR 6732 --- [           main] o.s.boot.SpringApplication               : Application startup failed

java.lang.StackOverflowError: null
	at com.jpa.hibernate.demo.entity.Rating.toString(Rating.java:55) ~[classes/:na]
	at java.lang.String.valueOf(String.java:2994) ~[na:1.8.0_131]
	at java.lang.StringBuilder.append(StringBuilder.java:131) ~[na:1.8.0_131]
	at java.util.AbstractCollection.toString(AbstractCollection.java:462) ~[na:1.8.0_131]
	at org.hibernate.collection.internal.PersistentBag.toString(PersistentBag.java:510) ~[hibernate-core-5.0.12.Final.jar:5.0.12.Final]
	at java.lang.String.valueOf(String.java:2994) ~[na:1.8.0_131]
	at java.lang.StringBuilder.append(StringBuilder.java:131) ~[na:1.8.0_131]
	at com.jpa.hibernate.demo.entity.Course.toString(Course.java:105) ~[classes/:na]
	at java.lang.String.valueOf(String.java:2994) ~[na:1.8.0_131]
	at java.lang.StringBuilder.append(StringBuilder.java:131) ~[na:1.8.0_131]
	at com.jpa.hibernate.demo.entity.Rating.toString(Rating.java:55) ~[classes/:na]
	at java.lang.String.valueOf(String.java:2994) ~[na:1.8.0_131]
	at java.lang.StringBuilder.append(StringBuilder.java:131) ~[na:1.8.0_131]
	at java.util.AbstractCollection.toString(AbstractCollection.java:462) ~[na:1.8.0_131]
	at org.hibernate.collection.internal.PersistentBag.toString(PersistentBag.java:510) ~[hibernate-core-5.0.12.Final.jar:5.0.12.Final]
	at java.lang.String.valueOf(String.java:2994) ~[na:1.8.0_131]
	at java.lang.StringBuilder.append(StringBuilder.java:131) ~[na:1.8.0_131]
	at com.jpa.hibernate.demo.entity.Course.toString(Course.java:105) ~[classes/:na]
	at java.lang.String.valueOf(String.java:2994) ~[na:1.8.0_131]
	at java.lang.StringBuilder.append(StringBuilder.java:131) ~[na:1.8.0_131]
	at com.jpa.hibernate.demo.entity.Rating.toString(Rating.java:55) ~[classes/:na]
	at java.lang.String.valueOf(String.java:2994) ~[na:1.8.0_131]
	at java.lang.StringBuilder.append(StringBuilder.java:131) ~[na:1.8.0_131]
	at java.util.AbstractCollection.toString(AbstractCollection.java:462) ~[na:1.8.0_131]
	at org.hibernate.collection.internal.PersistentBag.toString(PersistentBag.java:510) ~[hibernate-core-5.0.12.Final.jar:5.0.12.Final]
	at java.lang.String.valueOf(String.java:2994) ~[na:1.8.0_131]
	at java.lang.StringBuilder.append(StringBuilder.java:131) ~[na:1.8.0_131]
	at com.jpa.hibernate.demo.entity.Course.toString(Course.java:105) ~[classes/:na]
	at java.lang.String.valueOf(String.java:2994) ~[na:1.8.0_131]
	at java.lang.StringBuilder.append(StringBuilder.java:131) ~[na:1.8.0_131]
	at com.jpa.hibernate.demo.entity.Rating.toString(Rating.java:55) ~[classes/:na]
	at java.lang.String.valueOf(String.java:2994) ~[na:1.8.0_131]
	at java.lang.StringBuilder.append(StringBuilder.java:131) ~[na:1.8.0_131]
	at java.util.AbstractCollection.toString(AbstractCollection.java:462) ~[na:1.8.0_131]
	at org.hibernate.collection.internal.PersistentBag.toString(PersistentBag.java:510) ~[hibernate-core-5.0.12.Final.jar:5.0.12.Final]
	at java.lang.String.valueOf(String.java:2994) ~[na:1.8.0_131]
	at java.lang.StringBuilder.append(StringBuilder.java:131) ~[na:1.8.0_131]
	at com.jpa.hibernate.demo.entity.Course.toString(Course.java:105) ~[classes/:na]
	at java.lang.String.valueOf(String.java:2994) ~[na:1.8.0_131]
	at java.lang.StringBuilder.append(StringBuilder.java:131) ~[na:1.8.0_131]
	at com.jpa.hibernate.demo.entity.Rating.toString(Rating.java:55) ~[classes/:na]
	at java.lang.String.valueOf(String.java:2994) ~[na:1.8.0_131]
	at java.lang.StringBuilder.append(StringBuilder.java:131) ~[na:1.8.0_131]
	at java.util.AbstractCollection.toString(AbstractCollection.java:462) ~[na:1.8.0_131]
	at org.hibernate.collection.internal.PersistentBag.toString(PersistentBag.java:510) ~[hibernate-core-5.0.12.Final.jar:5.0.12.Final]
	at java.lang.String.valueOf(String.java:2994) ~[na:1.8.0_131]
	at java.lang.StringBuilder.append(StringBuilder.java:131) ~[na:1.8.0_131]
	at com.jpa.hibernate.demo.entity.Course.toString(Course.java:105) ~[classes/:na]
	at java.lang.String.valueOf(String.java:2994) ~[na:1.8.0_131]
	at java.lang.StringBuilder.append(StringBuilder.java:131) ~[na:1.8.0_131]
	at com.jpa.hibernate.demo.entity.Rating.toString(Rating.java:55) ~[classes/:na]
	at java.lang.String.valueOf(String.java:2994) ~[na:1.8.0_131]
	at java.lang.StringBuilder.append(StringBuilder.java:131) ~[na:1.8.0_131]
	at java.util.AbstractCollection.toString(AbstractCollection.java:462) ~[na:1.8.0_131]
	at org.hibernate.collection.internal.PersistentBag.toString(PersistentBag.java:510) ~[hibernate-core-5.0.12.Final.jar:5.0.12.Final]
	at java.lang.String.valueOf(String.java:2994) ~[na:1.8.0_131]
	at java.lang.StringBuilder.append(StringBuilder.java:131) ~[na:1.8.0_131]
	at com.jpa.hibernate.demo.entity.Course.toString(Course.java:105) ~[classes/:na]
	at java.lang.String.valueOf(String.java:2994) ~[na:1.8.0_131]
	at java.lang.StringBuilder.append(StringBuilder.java:131) ~[na:1.8.0_131]
	at com.jpa.hibernate.demo.entity.Rating.toString(Rating.java:55) ~[classes/:na]
	at java.lang.String.valueOf(String.java:2994) ~[na:1.8.0_131]
	at java.lang.StringBuilder.append(StringBuilder.java:131) ~[na:1.8.0_131]
	at java.util.AbstractCollection.toString(AbstractCollection.java:462) ~[na:1.8.0_131]
	at org.hibernate.collection.internal.PersistentBag.toString(PersistentBag.java:510) ~[hibernate-core-5.0.12.Final.jar:5.0.12.Final]
	at java.lang.String.valueOf(String.java:2994) ~[na:1.8.0_131]
	at java.lang.StringBuilder.append(StringBuilder.java:131) ~[na:1.8.0_131]
	at com.jpa.hibernate.demo.entity.Course.toString(Course.java:105) ~[classes/:na]
	at java.lang.String.valueOf(String.java:2994) ~[na:1.8.0_131]
	at java.lang.StringBuilder.append(StringBuilder.java:131) ~[na:1.8.0_131]
	at com.jpa.hibernate.demo.entity.Rating.toString(Rating.java:55) ~[classes/:na]
	at java.lang.String.valueOf(String.java:2994) ~[na:1.8.0_131]
	at java.lang.StringBuilder.append(StringBuilder.java:131) ~[na:1.8.0_131]
	at java.util.AbstractCollection.toString(AbstractCollection.java:462) ~[na:1.8.0_131]
	at org.hibernate.collection.internal.PersistentBag.toString(PersistentBag.java:510) ~[hibernate-core-5.0.12.Final.jar:5.0.12.Final]
	at java.lang.String.valueOf(String.java:2994) ~[na:1.8.0_131]
	at java.lang.StringBuilder.append(StringBuilder.java:131) ~[na:1.8.0_131]
	at com.jpa.hibernate.demo.entity.Course.toString(Course.java:105) ~[classes/:na]
	at java.lang.String.valueOf(String.java:2994) ~[na:1.8.0_131]
	at java.lang.StringBuilder.append(StringBuilder.java:131) ~[na:1.8.0_131]
	at com.jpa.hibernate.demo.entity.Rating.toString(Rating.java:55) ~[classes/:na]
	at java.lang.String.valueOf(String.java:2994) ~[na:1.8.0_131]
	at java.lang.StringBuilder.append(StringBuilder.java:131) ~[na:1.8.0_131]
	at java.util.AbstractCollection.toString(AbstractCollection.java:462) ~[na:1.8.0_131]
	at org.hibernate.collection.internal.PersistentBag.toString(PersistentBag.java:510) ~[hibernate-core-5.0.12.Final.jar:5.0.12.Final]
	at java.lang.String.valueOf(String.java:2994) ~[na:1.8.0_131]
	at java.lang.StringBuilder.append(StringBuilder.java:131) ~[na:1.8.0_131]
	at com.jpa.hibernate.demo.entity.Course.toString(Course.java:105) ~[classes/:na]
	at java.lang.String.valueOf(String.java:2994) ~[na:1.8.0_131]
	at java.lang.StringBuilder.append(StringBuilder.java:131) ~[na:1.8.0_131]
	at com.jpa.hibernate.demo.entity.Rating.toString(Rating.java:55) ~[classes/:na]
	at java.lang.String.valueOf(String.java:2994) ~[na:1.8.0_131]
	at java.lang.StringBuilder.append(StringBuilder.java:131) ~[na:1.8.0_131]
	at java.util.AbstractCollection.toString(AbstractCollection.java:462) ~[na:1.8.0_131]
	at org.hibernate.collection.internal.PersistentBag.toString(PersistentBag.java:510) ~[hibernate-core-5.0.12.Final.jar:5.0.12.Final]
	at java.lang.String.valueOf(String.java:2994) ~[na:1.8.0_131]
	at java.lang.StringBuilder.append(StringBuilder.java:131) ~[na:1.8.0_131]
	at com.jpa.hibernate.demo.entity.Course.toString(Course.java:105) ~[classes/:na]
	at java.lang.String.valueOf(String.java:2994) ~[na:1.8.0_131]
	at java.lang.StringBuilder.append(StringBuilder.java:131) ~[na:1.8.0_131]
	at com.jpa.hibernate.demo.entity.Rating.toString(Rating.java:55) ~[classes/:na]
	at java.lang.String.valueOf(String.java:2994) ~[na:1.8.0_131]
	at java.lang.StringBuilder.append(StringBuilder.java:131) ~[na:1.8.0_131]
	at java.util.AbstractCollection.toString(AbstractCollection.java:462) ~[na:1.8.0_131]
	at org.hibernate.collection.internal.PersistentBag.toString(PersistentBag.java:510) ~[hibernate-core-5.0.12.Final.jar:5.0.12.Final]
	at java.lang.String.valueOf(String.java:2994) ~[na:1.8.0_131]
	at java.lang.StringBuilder.append(StringBuilder.java:131) ~[na:1.8.0_131]
	at com.jpa.hibernate.demo.entity.Course.toString(Course.java:105) ~[classes/:na]
	at java.lang.String.valueOf(String.java:2994) ~[na:1.8.0_131]
	at java.lang.StringBuilder.append(StringBuilder.java:131) ~[na:1.8.0_131]
	at com.jpa.hibernate.demo.entity.Rating.toString(Rating.java:55) ~[classes/:na]
	at java.lang.String.valueOf(String.java:2994) ~[na:1.8.0_131]
	at java.lang.StringBuilder.append(StringBuilder.java:131) ~[na:1.8.0_131]
	at java.util.AbstractCollection.toString(AbstractCollection.java:462) ~[na:1.8.0_131]
	at org.hibernate.collection.internal.PersistentBag.toString(PersistentBag.java:510) ~[hibernate-core-5.0.12.Final.jar:5.0.12.Final]
	at java.lang.String.valueOf(String.java:2994) ~[na:1.8.0_131]
	at java.lang.StringBuilder.append(StringBuilder.java:131) ~[na:1.8.0_131]
	at com.jpa.hibernate.demo.entity.Course.toString(Course.java:105) ~[classes/:na]
	at java.lang.String.valueOf(String.java:2994) ~[na:1.8.0_131]
	at java.lang.StringBuilder.append(StringBuilder.java:131) ~[na:1.8.0_131]
	at com.jpa.hibernate.demo.entity.Rating.toString(Rating.java:55) ~[classes/:na]
	at java.lang.String.valueOf(String.java:2994) ~[na:1.8.0_131]
	at java.lang.StringBuilder.append(StringBuilder.java:131) ~[na:1.8.0_131]
	at java.util.AbstractCollection.toString(AbstractCollection.java:462) ~[na:1.8.0_131]
	at org.hibernate.collection.internal.PersistentBag.toString(PersistentBag.java:510) ~[hibernate-core-5.0.12.Final.jar:5.0.12.Final]
	at java.lang.String.valueOf(String.java:2994) ~[na:1.8.0_131]
	at java.lang.StringBuilder.append(StringBuilder.java:131) ~[na:1.8.0_131]
	at com.jpa.hibernate.demo.entity.Course.toString(Course.java:105) ~[classes/:na]
	at java.lang.String.valueOf(String.java:2994) ~[na:1.8.0_131]
	at java.lang.StringBuilder.append(StringBuilder.java:131) ~[na:1.8.0_131]
	at com.jpa.hibernate.demo.entity.Rating.toString(Rating.java:55) ~[classes/:na]
	at java.lang.String.valueOf(String.java:2994) ~[na:1.8.0_131]
	at java.lang.StringBuilder.append(StringBuilder.java:131) ~[na:1.8.0_131]
	at java.util.AbstractCollection.toString(AbstractCollection.java:462) ~[na:1.8.0_131]
	at org.hibernate.collection.internal.PersistentBag.toString(PersistentBag.java:510) ~[hibernate-core-5.0.12.Final.jar:5.0.12.Final]
	at java.lang.String.valueOf(String.java:2994) ~[na:1.8.0_131]
	at java.lang.StringBuilder.append(StringBuilder.java:131) ~[na:1.8.0_131]
	at com.jpa.hibernate.demo.entity.Course.toString(Course.java:105) ~[classes/:na]
	at java.lang.String.valueOf(String.java:2994) ~[na:1.8.0_131]
	at java.lang.StringBuilder.append(StringBuilder.java:131) ~[na:1.8.0_131]
	at com.jpa.hibernate.demo.entity.Rating.toString(Rating.java:55) ~[classes/:na]
	at java.lang.String.valueOf(String.java:2994) ~[na:1.8.0_131]
	at java.lang.StringBuilder.append(StringBuilder.java:131) ~[na:1.8.0_131]
	at java.util.AbstractCollection.toString(AbstractCollection.java:462) ~[na:1.8.0_131]
	at org.hibernate.collection.internal.PersistentBag.toString(PersistentBag.java:510) ~[hibernate-core-5.0.12.Final.jar:5.0.12.Final]
	at java.lang.String.valueOf(String.java:2994) ~[na:1.8.0_131]
	at java.lang.StringBuilder.append(StringBuilder.java:131) ~[na:1.8.0_131]
	at com.jpa.hibernate.demo.entity.Course.toString(Course.java:105) ~[classes/:na]
	at java.lang.String.valueOf(String.java:2994) ~[na:1.8.0_131]
	at java.lang.StringBuilder.append(StringBuilder.java:131) ~[na:1.8.0_131]
	at com.jpa.hibernate.demo.entity.Rating.toString(Rating.java:55) ~[classes/:na]
	at java.lang.String.valueOf(String.java:2994) ~[na:1.8.0_131]
	at java.lang.StringBuilder.append(StringBuilder.java:131) ~[na:1.8.0_131]
	at java.util.AbstractCollection.toString(AbstractCollection.java:462) ~[na:1.8.0_131]
	at org.hibernate.collection.internal.PersistentBag.toString(PersistentBag.java:510) ~[hibernate-core-5.0.12.Final.jar:5.0.12.Final]
	at java.lang.String.valueOf(String.java:2994) ~[na:1.8.0_131]
	at java.lang.StringBuilder.append(StringBuilder.java:131) ~[na:1.8.0_131]
	at com.jpa.hibernate.demo.entity.Course.toString(Course.java:105) ~[classes/:na]
	at java.lang.String.valueOf(String.java:2994) ~[na:1.8.0_131]
	at java.lang.StringBuilder.append(StringBuilder.java:131) ~[na:1.8.0_131]
	at com.jpa.hibernate.demo.entity.Rating.toString(Rating.java:55) ~[classes/:na]
	at java.lang.String.valueOf(String.java:2994) ~[na:1.8.0_131]
	at java.lang.StringBuilder.append(StringBuilder.java:131) ~[na:1.8.0_131]
	at java.util.AbstractCollection.toString(AbstractCollection.java:462) ~[na:1.8.0_131]
	at org.hibernate.collection.internal.PersistentBag.toString(PersistentBag.java:510) ~[hibernate-core-5.0.12.Final.jar:5.0.12.Final]
	at java.lang.String.valueOf(String.java:2994) ~[na:1.8.0_131]
	at java.lang.StringBuilder.append(StringBuilder.java:131) ~[na:1.8.0_131]
	at com.jpa.hibernate.demo.entity.Course.toString(Course.java:105) ~[classes/:na]
	at java.lang.String.valueOf(String.java:2994) ~[na:1.8.0_131]
	at java.lang.StringBuilder.append(StringBuilder.java:131) ~[na:1.8.0_131]
	at com.jpa.hibernate.demo.entity.Rating.toString(Rating.java:55) ~[classes/:na]
	at java.lang.String.valueOf(String.java:2994) ~[na:1.8.0_131]
	at java.lang.StringBuilder.append(StringBuilder.java:131) ~[na:1.8.0_131]
	at java.util.AbstractCollection.toString(AbstractCollection.java:462) ~[na:1.8.0_131]
	at org.hibernate.collection.internal.PersistentBag.toString(PersistentBag.java:510) ~[hibernate-core-5.0.12.Final.jar:5.0.12.Final]
	at java.lang.String.valueOf(String.java:2994) ~[na:1.8.0_131]
	at java.lang.StringBuilder.append(StringBuilder.java:131) ~[na:1.8.0_131]
	at com.jpa.hibernate.demo.entity.Course.toString(Course.java:105) ~[classes/:na]
	at java.lang.String.valueOf(String.java:2994) ~[na:1.8.0_131]
	at java.lang.StringBuilder.append(StringBuilder.java:131) ~[na:1.8.0_131]
	at com.jpa.hibernate.demo.entity.Rating.toString(Rating.java:55) ~[classes/:na]
	at java.lang.String.valueOf(String.java:2994) ~[na:1.8.0_131]
	at java.lang.StringBuilder.append(StringBuilder.java:131) ~[na:1.8.0_131]
	at java.util.AbstractCollection.toString(AbstractCollection.java:462) ~[na:1.8.0_131]
	at org.hibernate.collection.internal.PersistentBag.toString(PersistentBag.java:510) ~[hibernate-core-5.0.12.Final.jar:5.0.12.Final]
	at java.lang.String.valueOf(String.java:2994) ~[na:1.8.0_131]
	at java.lang.StringBuilder.append(StringBuilder.java:131) ~[na:1.8.0_131]
	at com.jpa.hibernate.demo.entity.Course.toString(Course.java:105) ~[classes/:na]
	at java.lang.String.valueOf(String.java:2994) ~[na:1.8.0_131]
	at java.lang.StringBuilder.append(StringBuilder.java:131) ~[na:1.8.0_131]
	at com.jpa.hibernate.demo.entity.Rating.toString(Rating.java:55) ~[classes/:na]
	at java.lang.String.valueOf(String.java:2994) ~[na:1.8.0_131]
	at java.lang.StringBuilder.append(StringBuilder.java:131) ~[na:1.8.0_131]
	at java.util.AbstractCollection.toString(AbstractCollection.java:462) ~[na:1.8.0_131]
	at org.hibernate.collection.internal.PersistentBag.toString(PersistentBag.java:510) ~[hibernate-core-5.0.12.Final.jar:5.0.12.Final]
	at java.lang.String.valueOf(String.java:2994) ~[na:1.8.0_131]
	at java.lang.StringBuilder.append(StringBuilder.java:131) ~[na:1.8.0_131]
	at com.jpa.hibernate.demo.entity.Course.toString(Course.java:105) ~[classes/:na]
	at java.lang.String.valueOf(String.java:2994) ~[na:1.8.0_131]
	at java.lang.StringBuilder.append(StringBuilder.java:131) ~[na:1.8.0_131]
	at com.jpa.hibernate.demo.entity.Rating.toString(Rating.java:55) ~[classes/:na]
	at java.lang.String.valueOf(String.java:2994) ~[na:1.8.0_131]
	at java.lang.StringBuilder.append(StringBuilder.java:131) ~[na:1.8.0_131]
	at java.util.AbstractCollection.toString(AbstractCollection.java:462) ~[na:1.8.0_131]
	at org.hibernate.collection.internal.PersistentBag.toString(PersistentBag.java:510) ~[hibernate-core-5.0.12.Final.jar:5.0.12.Final]
	at java.lang.String.valueOf(String.java:2994) ~[na:1.8.0_131]
	at java.lang.StringBuilder.append(StringBuilder.java:131) ~[na:1.8.0_131]
	at com.jpa.hibernate.demo.entity.Course.toString(Course.java:105) ~[classes/:na]
	at java.lang.String.valueOf(String.java:2994) ~[na:1.8.0_131]
	at java.lang.StringBuilder.append(StringBuilder.java:131) ~[na:1.8.0_131]
	at com.jpa.hibernate.demo.entity.Rating.toString(Rating.java:55) ~[classes/:na]
	at java.lang.String.valueOf(String.java:2994) ~[na:1.8.0_131]
	at java.lang.StringBuilder.append(StringBuilder.java:131) ~[na:1.8.0_131]
	at java.util.AbstractCollection.toString(AbstractCollection.java:462) ~[na:1.8.0_131]
	at org.hibernate.collection.internal.PersistentBag.toString(PersistentBag.java:510) ~[hibernate-core-5.0.12.Final.jar:5.0.12.Final]
	at java.lang.String.valueOf(String.java:2994) ~[na:1.8.0_131]
	at java.lang.StringBuilder.append(StringBuilder.java:131) ~[na:1.8.0_131]
	at com.jpa.hibernate.demo.entity.Course.toString(Course.java:105) ~[classes/:na]
	at java.lang.String.valueOf(String.java:2994) ~[na:1.8.0_131]
	at java.lang.StringBuilder.append(StringBuilder.java:131) ~[na:1.8.0_131]
	at com.jpa.hibernate.demo.entity.Rating.toString(Rating.java:55) ~[classes/:na]
	at java.lang.String.valueOf(String.java:2994) ~[na:1.8.0_131]
	at java.lang.StringBuilder.append(StringBuilder.java:131) ~[na:1.8.0_131]
	at java.util.AbstractCollection.toString(AbstractCollection.java:462) ~[na:1.8.0_131]
	at org.hibernate.collection.internal.PersistentBag.toString(PersistentBag.java:510) ~[hibernate-core-5.0.12.Final.jar:5.0.12.Final]
	at java.lang.String.valueOf(String.java:2994) ~[na:1.8.0_131]
	at java.lang.StringBuilder.append(StringBuilder.java:131) ~[na:1.8.0_131]
	at com.jpa.hibernate.demo.entity.Course.toString(Course.java:105) ~[classes/:na]
	at java.lang.String.valueOf(String.java:2994) ~[na:1.8.0_131]
	at java.lang.StringBuilder.append(StringBuilder.java:131) ~[na:1.8.0_131]
	at com.jpa.hibernate.demo.entity.Rating.toString(Rating.java:55) ~[classes/:na]
	at java.lang.String.valueOf(String.java:2994) ~[na:1.8.0_131]
	at java.lang.StringBuilder.append(StringBuilder.java:131) ~[na:1.8.0_131]
	at java.util.AbstractCollection.toString(AbstractCollection.java:462) ~[na:1.8.0_131]
	at org.hibernate.collection.internal.PersistentBag.toString(PersistentBag.java:510) ~[hibernate-core-5.0.12.Final.jar:5.0.12.Final]
	at java.lang.String.valueOf(String.java:2994) ~[na:1.8.0_131]
	at java.lang.StringBuilder.append(StringBuilder.java:131) ~[na:1.8.0_131]
	at com.jpa.hibernate.demo.entity.Course.toString(Course.java:105) ~[classes/:na]
	at java.lang.String.valueOf(String.java:2994) ~[na:1.8.0_131]
	at java.lang.StringBuilder.append(StringBuilder.java:131) ~[na:1.8.0_131]
	at com.jpa.hibernate.demo.entity.Rating.toString(Rating.java:55) ~[classes/:na]
	at java.lang.String.valueOf(String.java:2994) ~[na:1.8.0_131]
	at java.lang.StringBuilder.append(StringBuilder.java:131) ~[na:1.8.0_131]
	at java.util.AbstractCollection.toString(AbstractCollection.java:462) ~[na:1.8.0_131]
	at org.hibernate.collection.internal.PersistentBag.toString(PersistentBag.java:510) ~[hibernate-core-5.0.12.Final.jar:5.0.12.Final]
	at java.lang.String.valueOf(String.java:2994) ~[na:1.8.0_131]
	at java.lang.StringBuilder.append(StringBuilder.java:131) ~[na:1.8.0_131]
	at com.jpa.hibernate.demo.entity.Course.toString(Course.java:105) ~[classes/:na]
	at java.lang.String.valueOf(String.java:2994) ~[na:1.8.0_131]
	at java.lang.StringBuilder.append(StringBuilder.java:131) ~[na:1.8.0_131]
	at com.jpa.hibernate.demo.entity.Rating.toString(Rating.java:55) ~[classes/:na]
	at java.lang.String.valueOf(String.java:2994) ~[na:1.8.0_131]
	at java.lang.StringBuilder.append(StringBuilder.java:131) ~[na:1.8.0_131]
	at java.util.AbstractCollection.toString(AbstractCollection.java:462) ~[na:1.8.0_131]
	at org.hibernate.collection.internal.PersistentBag.toString(PersistentBag.java:510) ~[hibernate-core-5.0.12.Final.jar:5.0.12.Final]
	at java.lang.String.valueOf(String.java:2994) ~[na:1.8.0_131]
	at java.lang.StringBuilder.append(StringBuilder.java:131) ~[na:1.8.0_131]
	at com.jpa.hibernate.demo.entity.Course.toString(Course.java:105) ~[classes/:na]
	at java.lang.String.valueOf(String.java:2994) ~[na:1.8.0_131]
	at java.lang.StringBuilder.append(StringBuilder.java:131) ~[na:1.8.0_131]
	at com.jpa.hibernate.demo.entity.Rating.toString(Rating.java:55) ~[classes/:na]
	at java.lang.String.valueOf(String.java:2994) ~[na:1.8.0_131]
	at java.lang.StringBuilder.append(StringBuilder.java:131) ~[na:1.8.0_131]
	at java.util.AbstractCollection.toString(AbstractCollection.java:462) ~[na:1.8.0_131]
	at org.hibernate.collection.internal.PersistentBag.toString(PersistentBag.java:510) ~[hibernate-core-5.0.12.Final.jar:5.0.12.Final]
	at java.lang.String.valueOf(String.java:2994) ~[na:1.8.0_131]
	at java.lang.StringBuilder.append(StringBuilder.java:131) ~[na:1.8.0_131]
	at com.jpa.hibernate.demo.entity.Course.toString(Course.java:105) ~[classes/:na]
	at java.lang.String.valueOf(String.java:2994) ~[na:1.8.0_131]
	at java.lang.StringBuilder.append(StringBuilder.java:131) ~[na:1.8.0_131]
	at com.jpa.hibernate.demo.entity.Rating.toString(Rating.java:55) ~[classes/:na]
	at java.lang.String.valueOf(String.java:2994) ~[na:1.8.0_131]
	at java.lang.StringBuilder.append(StringBuilder.java:131) ~[na:1.8.0_131]
	at java.util.AbstractCollection.toString(AbstractCollection.java:462) ~[na:1.8.0_131]
	at org.hibernate.collection.internal.PersistentBag.toString(PersistentBag.java:510) ~[hibernate-core-5.0.12.Final.jar:5.0.12.Final]
	at java.lang.String.valueOf(String.java:2994) ~[na:1.8.0_131]
	at java.lang.StringBuilder.append(StringBuilder.java:131) ~[na:1.8.0_131]
	at com.jpa.hibernate.demo.entity.Course.toString(Course.java:105) ~[classes/:na]
	at java.lang.String.valueOf(String.java:2994) ~[na:1.8.0_131]
	at java.lang.StringBuilder.append(StringBuilder.java:131) ~[na:1.8.0_131]
	at com.jpa.hibernate.demo.entity.Rating.toString(Rating.java:55) ~[classes/:na]
	at java.lang.String.valueOf(String.java:2994) ~[na:1.8.0_131]
	at java.lang.StringBuilder.append(StringBuilder.java:131) ~[na:1.8.0_131]
	at java.util.AbstractCollection.toString(AbstractCollection.java:462) ~[na:1.8.0_131]
	at org.hibernate.collection.internal.PersistentBag.toString(PersistentBag.java:510) ~[hibernate-core-5.0.12.Final.jar:5.0.12.Final]
	at java.lang.String.valueOf(String.java:2994) ~[na:1.8.0_131]
	at java.lang.StringBuilder.append(StringBuilder.java:131) ~[na:1.8.0_131]
	at com.jpa.hibernate.demo.entity.Course.toString(Course.java:105) ~[classes/:na]
	at java.lang.String.valueOf(String.java:2994) ~[na:1.8.0_131]
	at java.lang.StringBuilder.append(StringBuilder.java:131) ~[na:1.8.0_131]
	at com.jpa.hibernate.demo.entity.Rating.toString(Rating.java:55) ~[classes/:na]
	at java.lang.String.valueOf(String.java:2994) ~[na:1.8.0_131]
	at java.lang.StringBuilder.append(StringBuilder.java:131) ~[na:1.8.0_131]
	at java.util.AbstractCollection.toString(AbstractCollection.java:462) ~[na:1.8.0_131]
	at org.hibernate.collection.internal.PersistentBag.toString(PersistentBag.java:510) ~[hibernate-core-5.0.12.Final.jar:5.0.12.Final]
	at java.lang.String.valueOf(String.java:2994) ~[na:1.8.0_131]
	at java.lang.StringBuilder.append(StringBuilder.java:131) ~[na:1.8.0_131]
	at com.jpa.hibernate.demo.entity.Course.toString(Course.java:105) ~[classes/:na]
	at java.lang.String.valueOf(String.java:2994) ~[na:1.8.0_131]
	at java.lang.StringBuilder.append(StringBuilder.java:131) ~[na:1.8.0_131]
	at com.jpa.hibernate.demo.entity.Rating.toString(Rating.java:55) ~[classes/:na]
	at java.lang.String.valueOf(String.java:2994) ~[na:1.8.0_131]
	at java.lang.StringBuilder.append(StringBuilder.java:131) ~[na:1.8.0_131]
	at java.util.AbstractCollection.toString(AbstractCollection.java:462) ~[na:1.8.0_131]
	at org.hibernate.collection.internal.PersistentBag.toString(PersistentBag.java:510) ~[hibernate-core-5.0.12.Final.jar:5.0.12.Final]
	at java.lang.String.valueOf(String.java:2994) ~[na:1.8.0_131]
	at java.lang.StringBuilder.append(StringBuilder.java:131) ~[na:1.8.0_131]
	at com.jpa.hibernate.demo.entity.Course.toString(Course.java:105) ~[classes/:na]
	at java.lang.String.valueOf(String.java:2994) ~[na:1.8.0_131]
	at java.lang.StringBuilder.append(StringBuilder.java:131) ~[na:1.8.0_131]
	at com.jpa.hibernate.demo.entity.Rating.toString(Rating.java:55) ~[classes/:na]
	at java.lang.String.valueOf(String.java:2994) ~[na:1.8.0_131]
	at java.lang.StringBuilder.append(StringBuilder.java:131) ~[na:1.8.0_131]
	at java.util.AbstractCollection.toString(AbstractCollection.java:462) ~[na:1.8.0_131]
	at org.hibernate.collection.internal.PersistentBag.toString(PersistentBag.java:510) ~[hibernate-core-5.0.12.Final.jar:5.0.12.Final]
	at java.lang.String.valueOf(String.java:2994) ~[na:1.8.0_131]
	at java.lang.StringBuilder.append(StringBuilder.java:131) ~[na:1.8.0_131]
	at com.jpa.hibernate.demo.entity.Course.toString(Course.java:105) ~[classes/:na]
	at java.lang.String.valueOf(String.java:2994) ~[na:1.8.0_131]
	at java.lang.StringBuilder.append(StringBuilder.java:131) ~[na:1.8.0_131]
	at com.jpa.hibernate.demo.entity.Rating.toString(Rating.java:55) ~[classes/:na]
	at java.lang.String.valueOf(String.java:2994) ~[na:1.8.0_131]
	at java.lang.StringBuilder.append(StringBuilder.java:131) ~[na:1.8.0_131]
	at java.util.AbstractCollection.toString(AbstractCollection.java:462) ~[na:1.8.0_131]
	at org.hibernate.collection.internal.PersistentBag.toString(PersistentBag.java:510) ~[hibernate-core-5.0.12.Final.jar:5.0.12.Final]
	at java.lang.String.valueOf(String.java:2994) ~[na:1.8.0_131]
	at java.lang.StringBuilder.append(StringBuilder.java:131) ~[na:1.8.0_131]
	at com.jpa.hibernate.demo.entity.Course.toString(Course.java:105) ~[classes/:na]
	at java.lang.String.valueOf(String.java:2994) ~[na:1.8.0_131]
	at java.lang.StringBuilder.append(StringBuilder.java:131) ~[na:1.8.0_131]
	at com.jpa.hibernate.demo.entity.Rating.toString(Rating.java:55) ~[classes/:na]
	at java.lang.String.valueOf(String.java:2994) ~[na:1.8.0_131]
	at java.lang.StringBuilder.append(StringBuilder.java:131) ~[na:1.8.0_131]
	at java.util.AbstractCollection.toString(AbstractCollection.java:462) ~[na:1.8.0_131]
	at org.hibernate.collection.internal.PersistentBag.toString(PersistentBag.java:510) ~[hibernate-core-5.0.12.Final.jar:5.0.12.Final]
	at java.lang.String.valueOf(String.java:2994) ~[na:1.8.0_131]
	at java.lang.StringBuilder.append(StringBuilder.java:131) ~[na:1.8.0_131]
	at com.jpa.hibernate.demo.entity.Course.toString(Course.java:105) ~[classes/:na]
	at java.lang.String.valueOf(String.java:2994) ~[na:1.8.0_131]
	at java.lang.StringBuilder.append(StringBuilder.java:131) ~[na:1.8.0_131]
	at com.jpa.hibernate.demo.entity.Rating.toString(Rating.java:55) ~[classes/:na]
	at java.lang.String.valueOf(String.java:2994) ~[na:1.8.0_131]
	at java.lang.StringBuilder.append(StringBuilder.java:131) ~[na:1.8.0_131]
	at java.util.AbstractCollection.toString(AbstractCollection.java:462) ~[na:1.8.0_131]
	at org.hibernate.collection.internal.PersistentBag.toString(PersistentBag.java:510) ~[hibernate-core-5.0.12.Final.jar:5.0.12.Final]
	at java.lang.String.valueOf(String.java:2994) ~[na:1.8.0_131]
	at java.lang.StringBuilder.append(StringBuilder.java:131) ~[na:1.8.0_131]
	at com.jpa.hibernate.demo.entity.Course.toString(Course.java:105) ~[classes/:na]
	at java.lang.String.valueOf(String.java:2994) ~[na:1.8.0_131]
	at java.lang.StringBuilder.append(StringBuilder.java:131) ~[na:1.8.0_131]
	at com.jpa.hibernate.demo.entity.Rating.toString(Rating.java:55) ~[classes/:na]
	at java.lang.String.valueOf(String.java:2994) ~[na:1.8.0_131]
	at java.lang.StringBuilder.append(StringBuilder.java:131) ~[na:1.8.0_131]
	at java.util.AbstractCollection.toString(AbstractCollection.java:462) ~[na:1.8.0_131]
	at org.hibernate.collection.internal.PersistentBag.toString(PersistentBag.java:510) ~[hibernate-core-5.0.12.Final.jar:5.0.12.Final]
	at java.lang.String.valueOf(String.java:2994) ~[na:1.8.0_131]
	at java.lang.StringBuilder.append(StringBuilder.java:131) ~[na:1.8.0_131]
	at com.jpa.hibernate.demo.entity.Course.toString(Course.java:105) ~[classes/:na]
	at java.lang.String.valueOf(String.java:2994) ~[na:1.8.0_131]
	at java.lang.StringBuilder.append(StringBuilder.java:131) ~[na:1.8.0_131]
	at com.jpa.hibernate.demo.entity.Rating.toString(Rating.java:55) ~[classes/:na]
	at java.lang.String.valueOf(String.java:2994) ~[na:1.8.0_131]
	at java.lang.StringBuilder.append(StringBuilder.java:131) ~[na:1.8.0_131]
	at java.util.AbstractCollection.toString(AbstractCollection.java:462) ~[na:1.8.0_131]
	at org.hibernate.collection.internal.PersistentBag.toString(PersistentBag.java:510) ~[hibernate-core-5.0.12.Final.jar:5.0.12.Final]
	at java.lang.String.valueOf(String.java:2994) ~[na:1.8.0_131]
	at java.lang.StringBuilder.append(StringBuilder.java:131) ~[na:1.8.0_131]
	at com.jpa.hibernate.demo.entity.Course.toString(Course.java:105) ~[classes/:na]
	at java.lang.String.valueOf(String.java:2994) ~[na:1.8.0_131]
	at java.lang.StringBuilder.append(StringBuilder.java:131) ~[na:1.8.0_131]
	at com.jpa.hibernate.demo.entity.Rating.toString(Rating.java:55) ~[classes/:na]
	at java.lang.String.valueOf(String.java:2994) ~[na:1.8.0_131]
	at java.lang.StringBuilder.append(StringBuilder.java:131) ~[na:1.8.0_131]
	at java.util.AbstractCollection.toString(AbstractCollection.java:462) ~[na:1.8.0_131]
	at org.hibernate.collection.internal.PersistentBag.toString(PersistentBag.java:510) ~[hibernate-core-5.0.12.Final.jar:5.0.12.Final]
	at java.lang.String.valueOf(String.java:2994) ~[na:1.8.0_131]
	at java.lang.StringBuilder.append(StringBuilder.java:131) ~[na:1.8.0_131]
	at com.jpa.hibernate.demo.entity.Course.toString(Course.java:105) ~[classes/:na]
	at java.lang.String.valueOf(String.java:2994) ~[na:1.8.0_131]
	at java.lang.StringBuilder.append(StringBuilder.java:131) ~[na:1.8.0_131]
	at com.jpa.hibernate.demo.entity.Rating.toString(Rating.java:55) ~[classes/:na]
	at java.lang.String.valueOf(String.java:2994) ~[na:1.8.0_131]
	at java.lang.StringBuilder.append(StringBuilder.java:131) ~[na:1.8.0_131]
	at java.util.AbstractCollection.toString(AbstractCollection.java:462) ~[na:1.8.0_131]
	at org.hibernate.collection.internal.PersistentBag.toString(PersistentBag.java:510) ~[hibernate-core-5.0.12.Final.jar:5.0.12.Final]
	at java.lang.String.valueOf(String.java:2994) ~[na:1.8.0_131]
	at java.lang.StringBuilder.append(StringBuilder.java:131) ~[na:1.8.0_131]
	at com.jpa.hibernate.demo.entity.Course.toString(Course.java:105) ~[classes/:na]
	at java.lang.String.valueOf(String.java:2994) ~[na:1.8.0_131]
	at java.lang.StringBuilder.append(StringBuilder.java:131) ~[na:1.8.0_131]
	at com.jpa.hibernate.demo.entity.Rating.toString(Rating.java:55) ~[classes/:na]
	at java.lang.String.valueOf(String.java:2994) ~[na:1.8.0_131]
	at java.lang.StringBuilder.append(StringBuilder.java:131) ~[na:1.8.0_131]
	at java.util.AbstractCollection.toString(AbstractCollection.java:462) ~[na:1.8.0_131]
	at org.hibernate.collection.internal.PersistentBag.toString(PersistentBag.java:510) ~[hibernate-core-5.0.12.Final.jar:5.0.12.Final]
	at java.lang.String.valueOf(String.java:2994) ~[na:1.8.0_131]
	at java.lang.StringBuilder.append(StringBuilder.java:131) ~[na:1.8.0_131]
	at com.jpa.hibernate.demo.entity.Course.toString(Course.java:105) ~[classes/:na]
	at java.lang.String.valueOf(String.java:2994) ~[na:1.8.0_131]
	at java.lang.StringBuilder.append(StringBuilder.java:131) ~[na:1.8.0_131]
	at com.jpa.hibernate.demo.entity.Rating.toString(Rating.java:55) ~[classes/:na]
	at java.lang.String.valueOf(String.java:2994) ~[na:1.8.0_131]
	at java.lang.StringBuilder.append(StringBuilder.java:131) ~[na:1.8.0_131]
	at java.util.AbstractCollection.toString(AbstractCollection.java:462) ~[na:1.8.0_131]
	at org.hibernate.collection.internal.PersistentBag.toString(PersistentBag.java:510) ~[hibernate-core-5.0.12.Final.jar:5.0.12.Final]
	at java.lang.String.valueOf(String.java:2994) ~[na:1.8.0_131]
	at java.lang.StringBuilder.append(StringBuilder.java:131) ~[na:1.8.0_131]
	at com.jpa.hibernate.demo.entity.Course.toString(Course.java:105) ~[classes/:na]
	at java.lang.String.valueOf(String.java:2994) ~[na:1.8.0_131]
	at java.lang.StringBuilder.append(StringBuilder.java:131) ~[na:1.8.0_131]
	at com.jpa.hibernate.demo.entity.Rating.toString(Rating.java:55) ~[classes/:na]
	at java.lang.String.valueOf(String.java:2994) ~[na:1.8.0_131]
	at java.lang.StringBuilder.append(StringBuilder.java:131) ~[na:1.8.0_131]
	at java.util.AbstractCollection.toString(AbstractCollection.java:462) ~[na:1.8.0_131]
	at org.hibernate.collection.internal.PersistentBag.toString(PersistentBag.java:510) ~[hibernate-core-5.0.12.Final.jar:5.0.12.Final]
	at java.lang.String.valueOf(String.java:2994) ~[na:1.8.0_131]
	at java.lang.StringBuilder.append(StringBuilder.java:131) ~[na:1.8.0_131]
	at com.jpa.hibernate.demo.entity.Course.toString(Course.java:105) ~[classes/:na]
	at java.lang.String.valueOf(String.java:2994) ~[na:1.8.0_131]
	at java.lang.StringBuilder.append(StringBuilder.java:131) ~[na:1.8.0_131]
	at com.jpa.hibernate.demo.entity.Rating.toString(Rating.java:55) ~[classes/:na]
	at java.lang.String.valueOf(String.java:2994) ~[na:1.8.0_131]
	at java.lang.StringBuilder.append(StringBuilder.java:131) ~[na:1.8.0_131]
	at java.util.AbstractCollection.toString(AbstractCollection.java:462) ~[na:1.8.0_131]
	at org.hibernate.collection.internal.PersistentBag.toString(PersistentBag.java:510) ~[hibernate-core-5.0.12.Final.jar:5.0.12.Final]
	at java.lang.String.valueOf(String.java:2994) ~[na:1.8.0_131]
	at java.lang.StringBuilder.append(StringBuilder.java:131) ~[na:1.8.0_131]
	at com.jpa.hibernate.demo.entity.Course.toString(Course.java:105) ~[classes/:na]
	at java.lang.String.valueOf(String.java:2994) ~[na:1.8.0_131]
	at java.lang.StringBuilder.append(StringBuilder.java:131) ~[na:1.8.0_131]
	at com.jpa.hibernate.demo.entity.Rating.toString(Rating.java:55) ~[classes/:na]
	at java.lang.String.valueOf(String.java:2994) ~[na:1.8.0_131]
	at java.lang.StringBuilder.append(StringBuilder.java:131) ~[na:1.8.0_131]
	at java.util.AbstractCollection.toString(AbstractCollection.java:462) ~[na:1.8.0_131]
	at org.hibernate.collection.internal.PersistentBag.toString(PersistentBag.java:510) ~[hibernate-core-5.0.12.Final.jar:5.0.12.Final]
	at java.lang.String.valueOf(String.java:2994) ~[na:1.8.0_131]
	at java.lang.StringBuilder.append(StringBuilder.java:131) ~[na:1.8.0_131]
	at com.jpa.hibernate.demo.entity.Course.toString(Course.java:105) ~[classes/:na]
	at java.lang.String.valueOf(String.java:2994) ~[na:1.8.0_131]
	at java.lang.StringBuilder.append(StringBuilder.java:131) ~[na:1.8.0_131]
	at com.jpa.hibernate.demo.entity.Rating.toString(Rating.java:55) ~[classes/:na]
	at java.lang.String.valueOf(String.java:2994) ~[na:1.8.0_131]
	at java.lang.StringBuilder.append(StringBuilder.java:131) ~[na:1.8.0_131]
	at java.util.AbstractCollection.toString(AbstractCollection.java:462) ~[na:1.8.0_131]
	at org.hibernate.collection.internal.PersistentBag.toString(PersistentBag.java:510) ~[hibernate-core-5.0.12.Final.jar:5.0.12.Final]
	at java.lang.String.valueOf(String.java:2994) ~[na:1.8.0_131]
	at java.lang.StringBuilder.append(StringBuilder.java:131) ~[na:1.8.0_131]
	at com.jpa.hibernate.demo.entity.Course.toString(Course.java:105) ~[classes/:na]
	at java.lang.String.valueOf(String.java:2994) ~[na:1.8.0_131]
	at java.lang.StringBuilder.append(StringBuilder.java:131) ~[na:1.8.0_131]
	at com.jpa.hibernate.demo.entity.Rating.toString(Rating.java:55) ~[classes/:na]
	at java.lang.String.valueOf(String.java:2994) ~[na:1.8.0_131]
	at java.lang.StringBuilder.append(StringBuilder.java:131) ~[na:1.8.0_131]
	at java.util.AbstractCollection.toString(AbstractCollection.java:462) ~[na:1.8.0_131]
	at org.hibernate.collection.internal.PersistentBag.toString(PersistentBag.java:510) ~[hibernate-core-5.0.12.Final.jar:5.0.12.Final]
	at java.lang.String.valueOf(String.java:2994) ~[na:1.8.0_131]
	at java.lang.StringBuilder.append(StringBuilder.java:131) ~[na:1.8.0_131]
	at com.jpa.hibernate.demo.entity.Course.toString(Course.java:105) ~[classes/:na]
	at java.lang.String.valueOf(String.java:2994) ~[na:1.8.0_131]
	at java.lang.StringBuilder.append(StringBuilder.java:131) ~[na:1.8.0_131]
	at com.jpa.hibernate.demo.entity.Rating.toString(Rating.java:55) ~[classes/:na]
	at java.lang.String.valueOf(String.java:2994) ~[na:1.8.0_131]
	at java.lang.StringBuilder.append(StringBuilder.java:131) ~[na:1.8.0_131]
	at java.util.AbstractCollection.toString(AbstractCollection.java:462) ~[na:1.8.0_131]
	at org.hibernate.collection.internal.PersistentBag.toString(PersistentBag.java:510) ~[hibernate-core-5.0.12.Final.jar:5.0.12.Final]
	at java.lang.String.valueOf(String.java:2994) ~[na:1.8.0_131]
	at java.lang.StringBuilder.append(StringBuilder.java:131) ~[na:1.8.0_131]
	at com.jpa.hibernate.demo.entity.Course.toString(Course.java:105) ~[classes/:na]
	at java.lang.String.valueOf(String.java:2994) ~[na:1.8.0_131]
	at java.lang.StringBuilder.append(StringBuilder.java:131) ~[na:1.8.0_131]
	at com.jpa.hibernate.demo.entity.Rating.toString(Rating.java:55) ~[classes/:na]
	at java.lang.String.valueOf(String.java:2994) ~[na:1.8.0_131]
	at java.lang.StringBuilder.append(StringBuilder.java:131) ~[na:1.8.0_131]
	at java.util.AbstractCollection.toString(AbstractCollection.java:462) ~[na:1.8.0_131]
	at org.hibernate.collection.internal.PersistentBag.toString(PersistentBag.java:510) ~[hibernate-core-5.0.12.Final.jar:5.0.12.Final]
	at java.lang.String.valueOf(String.java:2994) ~[na:1.8.0_131]
	at java.lang.StringBuilder.append(StringBuilder.java:131) ~[na:1.8.0_131]
	at com.jpa.hibernate.demo.entity.Course.toString(Course.java:105) ~[classes/:na]
	at java.lang.String.valueOf(String.java:2994) ~[na:1.8.0_131]
	at java.lang.StringBuilder.append(StringBuilder.java:131) ~[na:1.8.0_131]
	at com.jpa.hibernate.demo.entity.Rating.toString(Rating.java:55) ~[classes/:na]
	at java.lang.String.valueOf(String.java:2994) ~[na:1.8.0_131]
	at java.lang.StringBuilder.append(StringBuilder.java:131) ~[na:1.8.0_131]
	at java.util.AbstractCollection.toString(AbstractCollection.java:462) ~[na:1.8.0_131]
	at org.hibernate.collection.internal.PersistentBag.toString(PersistentBag.java:510) ~[hibernate-core-5.0.12.Final.jar:5.0.12.Final]
	at java.lang.String.valueOf(String.java:2994) ~[na:1.8.0_131]
	at java.lang.StringBuilder.append(StringBuilder.java:131) ~[na:1.8.0_131]
	at com.jpa.hibernate.demo.entity.Course.toString(Course.java:105) ~[classes/:na]
	at java.lang.String.valueOf(String.java:2994) ~[na:1.8.0_131]
	at java.lang.StringBuilder.append(StringBuilder.java:131) ~[na:1.8.0_131]
	at com.jpa.hibernate.demo.entity.Rating.toString(Rating.java:55) ~[classes/:na]
	at java.lang.String.valueOf(String.java:2994) ~[na:1.8.0_131]
	at java.lang.StringBuilder.append(StringBuilder.java:131) ~[na:1.8.0_131]
	at java.util.AbstractCollection.toString(AbstractCollection.java:462) ~[na:1.8.0_131]
	at org.hibernate.collection.internal.PersistentBag.toString(PersistentBag.java:510) ~[hibernate-core-5.0.12.Final.jar:5.0.12.Final]
	at java.lang.String.valueOf(String.java:2994) ~[na:1.8.0_131]
	at java.lang.StringBuilder.append(StringBuilder.java:131) ~[na:1.8.0_131]
	at com.jpa.hibernate.demo.entity.Course.toString(Course.java:105) ~[classes/:na]
	at java.lang.String.valueOf(String.java:2994) ~[na:1.8.0_131]
	at java.lang.StringBuilder.append(StringBuilder.java:131) ~[na:1.8.0_131]
	at com.jpa.hibernate.demo.entity.Rating.toString(Rating.java:55) ~[classes/:na]
	at java.lang.String.valueOf(String.java:2994) ~[na:1.8.0_131]
	at java.lang.StringBuilder.append(StringBuilder.java:131) ~[na:1.8.0_131]
	at java.util.AbstractCollection.toString(AbstractCollection.java:462) ~[na:1.8.0_131]
	at org.hibernate.collection.internal.PersistentBag.toString(PersistentBag.java:510) ~[hibernate-core-5.0.12.Final.jar:5.0.12.Final]
	at java.lang.String.valueOf(String.java:2994) ~[na:1.8.0_131]
	at java.lang.StringBuilder.append(StringBuilder.java:131) ~[na:1.8.0_131]
	at com.jpa.hibernate.demo.entity.Course.toString(Course.java:105) ~[classes/:na]
	at java.lang.String.valueOf(String.java:2994) ~[na:1.8.0_131]
	at java.lang.StringBuilder.append(StringBuilder.java:131) ~[na:1.8.0_131]
	at com.jpa.hibernate.demo.entity.Rating.toString(Rating.java:55) ~[classes/:na]
	at java.lang.String.valueOf(String.java:2994) ~[na:1.8.0_131]
	at java.lang.StringBuilder.append(StringBuilder.java:131) ~[na:1.8.0_131]
	at java.util.AbstractCollection.toString(AbstractCollection.java:462) ~[na:1.8.0_131]
	at org.hibernate.collection.internal.PersistentBag.toString(PersistentBag.java:510) ~[hibernate-core-5.0.12.Final.jar:5.0.12.Final]
	at java.lang.String.valueOf(String.java:2994) ~[na:1.8.0_131]
	at java.lang.StringBuilder.append(StringBuilder.java:131) ~[na:1.8.0_131]
	at com.jpa.hibernate.demo.entity.Course.toString(Course.java:105) ~[classes/:na]
	at java.lang.String.valueOf(String.java:2994) ~[na:1.8.0_131]
	at java.lang.StringBuilder.append(StringBuilder.java:131) ~[na:1.8.0_131]
	at com.jpa.hibernate.demo.entity.Rating.toString(Rating.java:55) ~[classes/:na]
	at java.lang.String.valueOf(String.java:2994) ~[na:1.8.0_131]
	at java.lang.StringBuilder.append(StringBuilder.java:131) ~[na:1.8.0_131]
	at java.util.AbstractCollection.toString(AbstractCollection.java:462) ~[na:1.8.0_131]
	at org.hibernate.collection.internal.PersistentBag.toString(PersistentBag.java:510) ~[hibernate-core-5.0.12.Final.jar:5.0.12.Final]
	at java.lang.String.valueOf(String.java:2994) ~[na:1.8.0_131]
	at java.lang.StringBuilder.append(StringBuilder.java:131) ~[na:1.8.0_131]
	at com.jpa.hibernate.demo.entity.Course.toString(Course.java:105) ~[classes/:na]
	at java.lang.String.valueOf(String.java:2994) ~[na:1.8.0_131]
	at java.lang.StringBuilder.append(StringBuilder.java:131) ~[na:1.8.0_131]
	at com.jpa.hibernate.demo.entity.Rating.toString(Rating.java:55) ~[classes/:na]
	at java.lang.String.valueOf(String.java:2994) ~[na:1.8.0_131]
	at java.lang.StringBuilder.append(StringBuilder.java:131) ~[na:1.8.0_131]
	at java.util.AbstractCollection.toString(AbstractCollection.java:462) ~[na:1.8.0_131]
	at org.hibernate.collection.internal.PersistentBag.toString(PersistentBag.java:510) ~[hibernate-core-5.0.12.Final.jar:5.0.12.Final]
	at java.lang.String.valueOf(String.java:2994) ~[na:1.8.0_131]
	at java.lang.StringBuilder.append(StringBuilder.java:131) ~[na:1.8.0_131]
	at com.jpa.hibernate.demo.entity.Course.toString(Course.java:105) ~[classes/:na]
	at java.lang.String.valueOf(String.java:2994) ~[na:1.8.0_131]
	at java.lang.StringBuilder.append(StringBuilder.java:131) ~[na:1.8.0_131]
	at com.jpa.hibernate.demo.entity.Rating.toString(Rating.java:55) ~[classes/:na]
	at java.lang.String.valueOf(String.java:2994) ~[na:1.8.0_131]
	at java.lang.StringBuilder.append(StringBuilder.java:131) ~[na:1.8.0_131]
	at java.util.AbstractCollection.toString(AbstractCollection.java:462) ~[na:1.8.0_131]
	at org.hibernate.collection.internal.PersistentBag.toString(PersistentBag.java:510) ~[hibernate-core-5.0.12.Final.jar:5.0.12.Final]
	at java.lang.String.valueOf(String.java:2994) ~[na:1.8.0_131]
	at java.lang.StringBuilder.append(StringBuilder.java:131) ~[na:1.8.0_131]
	at com.jpa.hibernate.demo.entity.Course.toString(Course.java:105) ~[classes/:na]
	at java.lang.String.valueOf(String.java:2994) ~[na:1.8.0_131]
	at java.lang.StringBuilder.append(StringBuilder.java:131) ~[na:1.8.0_131]
	at com.jpa.hibernate.demo.entity.Rating.toString(Rating.java:55) ~[classes/:na]
	at java.lang.String.valueOf(String.java:2994) ~[na:1.8.0_131]
	at java.lang.StringBuilder.append(StringBuilder.java:131) ~[na:1.8.0_131]
	at java.util.AbstractCollection.toString(AbstractCollection.java:462) ~[na:1.8.0_131]
	at org.hibernate.collection.internal.PersistentBag.toString(PersistentBag.java:510) ~[hibernate-core-5.0.12.Final.jar:5.0.12.Final]
	at java.lang.String.valueOf(String.java:2994) ~[na:1.8.0_131]
	at java.lang.StringBuilder.append(StringBuilder.java:131) ~[na:1.8.0_131]
	at com.jpa.hibernate.demo.entity.Course.toString(Course.java:105) ~[classes/:na]
	at java.lang.String.valueOf(String.java:2994) ~[na:1.8.0_131]
	at java.lang.StringBuilder.append(StringBuilder.java:131) ~[na:1.8.0_131]
	at com.jpa.hibernate.demo.entity.Rating.toString(Rating.java:55) ~[classes/:na]
	at java.lang.String.valueOf(String.java:2994) ~[na:1.8.0_131]
	at java.lang.StringBuilder.append(StringBuilder.java:131) ~[na:1.8.0_131]
	at java.util.AbstractCollection.toString(AbstractCollection.java:462) ~[na:1.8.0_131]
	at org.hibernate.collection.internal.PersistentBag.toString(PersistentBag.java:510) ~[hibernate-core-5.0.12.Final.jar:5.0.12.Final]
	at java.lang.String.valueOf(String.java:2994) ~[na:1.8.0_131]
	at java.lang.StringBuilder.append(StringBuilder.java:131) ~[na:1.8.0_131]
	at com.jpa.hibernate.demo.entity.Course.toString(Course.java:105) ~[classes/:na]
	at java.lang.String.valueOf(String.java:2994) ~[na:1.8.0_131]
	at java.lang.StringBuilder.append(StringBuilder.java:131) ~[na:1.8.0_131]
	at com.jpa.hibernate.demo.entity.Rating.toString(Rating.java:55) ~[classes/:na]
	at java.lang.String.valueOf(String.java:2994) ~[na:1.8.0_131]
	at java.lang.StringBuilder.append(StringBuilder.java:131) ~[na:1.8.0_131]
	at java.util.AbstractCollection.toString(AbstractCollection.java:462) ~[na:1.8.0_131]
	at org.hibernate.collection.internal.PersistentBag.toString(PersistentBag.java:510) ~[hibernate-core-5.0.12.Final.jar:5.0.12.Final]
	at java.lang.String.valueOf(String.java:2994) ~[na:1.8.0_131]
	at java.lang.StringBuilder.append(StringBuilder.java:131) ~[na:1.8.0_131]
	at com.jpa.hibernate.demo.entity.Course.toString(Course.java:105) ~[classes/:na]
	at java.lang.String.valueOf(String.java:2994) ~[na:1.8.0_131]
	at java.lang.StringBuilder.append(StringBuilder.java:131) ~[na:1.8.0_131]
	at com.jpa.hibernate.demo.entity.Rating.toString(Rating.java:55) ~[classes/:na]
	at java.lang.String.valueOf(String.java:2994) ~[na:1.8.0_131]
	at java.lang.StringBuilder.append(StringBuilder.java:131) ~[na:1.8.0_131]
	at java.util.AbstractCollection.toString(AbstractCollection.java:462) ~[na:1.8.0_131]
	at org.hibernate.collection.internal.PersistentBag.toString(PersistentBag.java:510) ~[hibernate-core-5.0.12.Final.jar:5.0.12.Final]
	at java.lang.String.valueOf(String.java:2994) ~[na:1.8.0_131]
	at java.lang.StringBuilder.append(StringBuilder.java:131) ~[na:1.8.0_131]
	at com.jpa.hibernate.demo.entity.Course.toString(Course.java:105) ~[classes/:na]
	at java.lang.String.valueOf(String.java:2994) ~[na:1.8.0_131]
	at java.lang.StringBuilder.append(StringBuilder.java:131) ~[na:1.8.0_131]
	at com.jpa.hibernate.demo.entity.Rating.toString(Rating.java:55) ~[classes/:na]
	at java.lang.String.valueOf(String.java:2994) ~[na:1.8.0_131]
	at java.lang.StringBuilder.append(StringBuilder.java:131) ~[na:1.8.0_131]
	at java.util.AbstractCollection.toString(AbstractCollection.java:462) ~[na:1.8.0_131]
	at org.hibernate.collection.internal.PersistentBag.toString(PersistentBag.java:510) ~[hibernate-core-5.0.12.Final.jar:5.0.12.Final]
	at java.lang.String.valueOf(String.java:2994) ~[na:1.8.0_131]
	at java.lang.StringBuilder.append(StringBuilder.java:131) ~[na:1.8.0_131]
	at com.jpa.hibernate.demo.entity.Course.toString(Course.java:105) ~[classes/:na]
	at java.lang.String.valueOf(String.java:2994) ~[na:1.8.0_131]
	at java.lang.StringBuilder.append(StringBuilder.java:131) ~[na:1.8.0_131]
	at com.jpa.hibernate.demo.entity.Rating.toString(Rating.java:55) ~[classes/:na]
	at java.lang.String.valueOf(String.java:2994) ~[na:1.8.0_131]
	at java.lang.StringBuilder.append(StringBuilder.java:131) ~[na:1.8.0_131]
	at java.util.AbstractCollection.toString(AbstractCollection.java:462) ~[na:1.8.0_131]
	at org.hibernate.collection.internal.PersistentBag.toString(PersistentBag.java:510) ~[hibernate-core-5.0.12.Final.jar:5.0.12.Final]
	at java.lang.String.valueOf(String.java:2994) ~[na:1.8.0_131]
	at java.lang.StringBuilder.append(StringBuilder.java:131) ~[na:1.8.0_131]
	at com.jpa.hibernate.demo.entity.Course.toString(Course.java:105) ~[classes/:na]
	at java.lang.String.valueOf(String.java:2994) ~[na:1.8.0_131]
	at java.lang.StringBuilder.append(StringBuilder.java:131) ~[na:1.8.0_131]
	at com.jpa.hibernate.demo.entity.Rating.toString(Rating.java:55) ~[classes/:na]
	at java.lang.String.valueOf(String.java:2994) ~[na:1.8.0_131]
	at java.lang.StringBuilder.append(StringBuilder.java:131) ~[na:1.8.0_131]
	at java.util.AbstractCollection.toString(AbstractCollection.java:462) ~[na:1.8.0_131]
	at org.hibernate.collection.internal.PersistentBag.toString(PersistentBag.java:510) ~[hibernate-core-5.0.12.Final.jar:5.0.12.Final]
	at java.lang.String.valueOf(String.java:2994) ~[na:1.8.0_131]
	at java.lang.StringBuilder.append(StringBuilder.java:131) ~[na:1.8.0_131]
	at com.jpa.hibernate.demo.entity.Course.toString(Course.java:105) ~[classes/:na]
	at java.lang.String.valueOf(String.java:2994) ~[na:1.8.0_131]
	at java.lang.StringBuilder.append(StringBuilder.java:131) ~[na:1.8.0_131]
	at com.jpa.hibernate.demo.entity.Rating.toString(Rating.java:55) ~[classes/:na]
	at java.lang.String.valueOf(String.java:2994) ~[na:1.8.0_131]
	at java.lang.StringBuilder.append(StringBuilder.java:131) ~[na:1.8.0_131]
	at java.util.AbstractCollection.toString(AbstractCollection.java:462) ~[na:1.8.0_131]
	at org.hibernate.collection.internal.PersistentBag.toString(PersistentBag.java:510) ~[hibernate-core-5.0.12.Final.jar:5.0.12.Final]
	at java.lang.String.valueOf(String.java:2994) ~[na:1.8.0_131]
	at java.lang.StringBuilder.append(StringBuilder.java:131) ~[na:1.8.0_131]
	at com.jpa.hibernate.demo.entity.Course.toString(Course.java:105) ~[classes/:na]
	at java.lang.String.valueOf(String.java:2994) ~[na:1.8.0_131]
	at java.lang.StringBuilder.append(StringBuilder.java:131) ~[na:1.8.0_131]
	at com.jpa.hibernate.demo.entity.Rating.toString(Rating.java:55) ~[classes/:na]
	at java.lang.String.valueOf(String.java:2994) ~[na:1.8.0_131]
	at java.lang.StringBuilder.append(StringBuilder.java:131) ~[na:1.8.0_131]
	at java.util.AbstractCollection.toString(AbstractCollection.java:462) ~[na:1.8.0_131]
	at org.hibernate.collection.internal.PersistentBag.toString(PersistentBag.java:510) ~[hibernate-core-5.0.12.Final.jar:5.0.12.Final]
	at java.lang.String.valueOf(String.java:2994) ~[na:1.8.0_131]
	at java.lang.StringBuilder.append(StringBuilder.java:131) ~[na:1.8.0_131]
	at com.jpa.hibernate.demo.entity.Course.toString(Course.java:105) ~[classes/:na]
	at java.lang.String.valueOf(String.java:2994) ~[na:1.8.0_131]
	at java.lang.StringBuilder.append(StringBuilder.java:131) ~[na:1.8.0_131]
	at com.jpa.hibernate.demo.entity.Rating.toString(Rating.java:55) ~[classes/:na]
	at java.lang.String.valueOf(String.java:2994) ~[na:1.8.0_131]
	at java.lang.StringBuilder.append(StringBuilder.java:131) ~[na:1.8.0_131]
	at java.util.AbstractCollection.toString(AbstractCollection.java:462) ~[na:1.8.0_131]
	at org.hibernate.collection.internal.PersistentBag.toString(PersistentBag.java:510) ~[hibernate-core-5.0.12.Final.jar:5.0.12.Final]
	at java.lang.String.valueOf(String.java:2994) ~[na:1.8.0_131]
	at java.lang.StringBuilder.append(StringBuilder.java:131) ~[na:1.8.0_131]
	at com.jpa.hibernate.demo.entity.Course.toString(Course.java:105) ~[classes/:na]
	at java.lang.String.valueOf(String.java:2994) ~[na:1.8.0_131]
	at java.lang.StringBuilder.append(StringBuilder.java:131) ~[na:1.8.0_131]
	at com.jpa.hibernate.demo.entity.Rating.toString(Rating.java:55) ~[classes/:na]
	at java.lang.String.valueOf(String.java:2994) ~[na:1.8.0_131]
	at java.lang.StringBuilder.append(StringBuilder.java:131) ~[na:1.8.0_131]
	at java.util.AbstractCollection.toString(AbstractCollection.java:462) ~[na:1.8.0_131]
	at org.hibernate.collection.internal.PersistentBag.toString(PersistentBag.java:510) ~[hibernate-core-5.0.12.Final.jar:5.0.12.Final]
	at java.lang.String.valueOf(String.java:2994) ~[na:1.8.0_131]
	at java.lang.StringBuilder.append(StringBuilder.java:131) ~[na:1.8.0_131]
	at com.jpa.hibernate.demo.entity.Course.toString(Course.java:105) ~[classes/:na]
	at java.lang.String.valueOf(String.java:2994) ~[na:1.8.0_131]
	at java.lang.StringBuilder.append(StringBuilder.java:131) ~[na:1.8.0_131]
	at com.jpa.hibernate.demo.entity.Rating.toString(Rating.java:55) ~[classes/:na]
	at java.lang.String.valueOf(String.java:2994) ~[na:1.8.0_131]
	at java.lang.StringBuilder.append(StringBuilder.java:131) ~[na:1.8.0_131]
	at java.util.AbstractCollection.toString(AbstractCollection.java:462) ~[na:1.8.0_131]
	at org.hibernate.collection.internal.PersistentBag.toString(PersistentBag.java:510) ~[hibernate-core-5.0.12.Final.jar:5.0.12.Final]
	at java.lang.String.valueOf(String.java:2994) ~[na:1.8.0_131]
	at java.lang.StringBuilder.append(StringBuilder.java:131) ~[na:1.8.0_131]
	at com.jpa.hibernate.demo.entity.Course.toString(Course.java:105) ~[classes/:na]
	at java.lang.String.valueOf(String.java:2994) ~[na:1.8.0_131]
	at java.lang.StringBuilder.append(StringBuilder.java:131) ~[na:1.8.0_131]
	at com.jpa.hibernate.demo.entity.Rating.toString(Rating.java:55) ~[classes/:na]
	at java.lang.String.valueOf(String.java:2994) ~[na:1.8.0_131]
	at java.lang.StringBuilder.append(StringBuilder.java:131) ~[na:1.8.0_131]
	at java.util.AbstractCollection.toString(AbstractCollection.java:462) ~[na:1.8.0_131]
	at org.hibernate.collection.internal.PersistentBag.toString(PersistentBag.java:510) ~[hibernate-core-5.0.12.Final.jar:5.0.12.Final]
	at java.lang.String.valueOf(String.java:2994) ~[na:1.8.0_131]
	at java.lang.StringBuilder.append(StringBuilder.java:131) ~[na:1.8.0_131]
	at com.jpa.hibernate.demo.entity.Course.toString(Course.java:105) ~[classes/:na]
	at java.lang.String.valueOf(String.java:2994) ~[na:1.8.0_131]
	at java.lang.StringBuilder.append(StringBuilder.java:131) ~[na:1.8.0_131]
	at com.jpa.hibernate.demo.entity.Rating.toString(Rating.java:55) ~[classes/:na]
	at java.lang.String.valueOf(String.java:2994) ~[na:1.8.0_131]
	at java.lang.StringBuilder.append(StringBuilder.java:131) ~[na:1.8.0_131]
	at java.util.AbstractCollection.toString(AbstractCollection.java:462) ~[na:1.8.0_131]
	at org.hibernate.collection.internal.PersistentBag.toString(PersistentBag.java:510) ~[hibernate-core-5.0.12.Final.jar:5.0.12.Final]
	at java.lang.String.valueOf(String.java:2994) ~[na:1.8.0_131]
	at java.lang.StringBuilder.append(StringBuilder.java:131) ~[na:1.8.0_131]
	at com.jpa.hibernate.demo.entity.Course.toString(Course.java:105) ~[classes/:na]
	at java.lang.String.valueOf(String.java:2994) ~[na:1.8.0_131]
	at java.lang.StringBuilder.append(StringBuilder.java:131) ~[na:1.8.0_131]
	at com.jpa.hibernate.demo.entity.Rating.toString(Rating.java:55) ~[classes/:na]
	at java.lang.String.valueOf(String.java:2994) ~[na:1.8.0_131]
	at java.lang.StringBuilder.append(StringBuilder.java:131) ~[na:1.8.0_131]
	at java.util.AbstractCollection.toString(AbstractCollection.java:462) ~[na:1.8.0_131]
	at org.hibernate.collection.internal.PersistentBag.toString(PersistentBag.java:510) ~[hibernate-core-5.0.12.Final.jar:5.0.12.Final]
	at java.lang.String.valueOf(String.java:2994) ~[na:1.8.0_131]
	at java.lang.StringBuilder.append(StringBuilder.java:131) ~[na:1.8.0_131]
	at com.jpa.hibernate.demo.entity.Course.toString(Course.java:105) ~[classes/:na]
	at java.lang.String.valueOf(String.java:2994) ~[na:1.8.0_131]
	at java.lang.StringBuilder.append(StringBuilder.java:131) ~[na:1.8.0_131]
	at com.jpa.hibernate.demo.entity.Rating.toString(Rating.java:55) ~[classes/:na]
	at java.lang.String.valueOf(String.java:2994) ~[na:1.8.0_131]
	at java.lang.StringBuilder.append(StringBuilder.java:131) ~[na:1.8.0_131]
	at java.util.AbstractCollection.toString(AbstractCollection.java:462) ~[na:1.8.0_131]
	at org.hibernate.collection.internal.PersistentBag.toString(PersistentBag.java:510) ~[hibernate-core-5.0.12.Final.jar:5.0.12.Final]
	at java.lang.String.valueOf(String.java:2994) ~[na:1.8.0_131]
	at java.lang.StringBuilder.append(StringBuilder.java:131) ~[na:1.8.0_131]
	at com.jpa.hibernate.demo.entity.Course.toString(Course.java:105) ~[classes/:na]
	at java.lang.String.valueOf(String.java:2994) ~[na:1.8.0_131]
	at java.lang.StringBuilder.append(StringBuilder.java:131) ~[na:1.8.0_131]
	at com.jpa.hibernate.demo.entity.Rating.toString(Rating.java:55) ~[classes/:na]
	at java.lang.String.valueOf(String.java:2994) ~[na:1.8.0_131]
	at java.lang.StringBuilder.append(StringBuilder.java:131) ~[na:1.8.0_131]
	at java.util.AbstractCollection.toString(AbstractCollection.java:462) ~[na:1.8.0_131]
	at org.hibernate.collection.internal.PersistentBag.toString(PersistentBag.java:510) ~[hibernate-core-5.0.12.Final.jar:5.0.12.Final]
	at java.lang.String.valueOf(String.java:2994) ~[na:1.8.0_131]
	at java.lang.StringBuilder.append(StringBuilder.java:131) ~[na:1.8.0_131]
	at com.jpa.hibernate.demo.entity.Course.toString(Course.java:105) ~[classes/:na]
	at java.lang.String.valueOf(String.java:2994) ~[na:1.8.0_131]
	at java.lang.StringBuilder.append(StringBuilder.java:131) ~[na:1.8.0_131]
	at com.jpa.hibernate.demo.entity.Rating.toString(Rating.java:55) ~[classes/:na]
	at java.lang.String.valueOf(String.java:2994) ~[na:1.8.0_131]
	at java.lang.StringBuilder.append(StringBuilder.java:131) ~[na:1.8.0_131]
	at java.util.AbstractCollection.toString(AbstractCollection.java:462) ~[na:1.8.0_131]
	at org.hibernate.collection.internal.PersistentBag.toString(PersistentBag.java:510) ~[hibernate-core-5.0.12.Final.jar:5.0.12.Final]
	at java.lang.String.valueOf(String.java:2994) ~[na:1.8.0_131]
	at java.lang.StringBuilder.append(StringBuilder.java:131) ~[na:1.8.0_131]
	at com.jpa.hibernate.demo.entity.Course.toString(Course.java:105) ~[classes/:na]
	at java.lang.String.valueOf(String.java:2994) ~[na:1.8.0_131]
	at java.lang.StringBuilder.append(StringBuilder.java:131) ~[na:1.8.0_131]
	at com.jpa.hibernate.demo.entity.Rating.toString(Rating.java:55) ~[classes/:na]
	at java.lang.String.valueOf(String.java:2994) ~[na:1.8.0_131]
	at java.lang.StringBuilder.append(StringBuilder.java:131) ~[na:1.8.0_131]
	at java.util.AbstractCollection.toString(AbstractCollection.java:462) ~[na:1.8.0_131]
	at org.hibernate.collection.internal.PersistentBag.toString(PersistentBag.java:510) ~[hibernate-core-5.0.12.Final.jar:5.0.12.Final]
	at java.lang.String.valueOf(String.java:2994) ~[na:1.8.0_131]
	at java.lang.StringBuilder.append(StringBuilder.java:131) ~[na:1.8.0_131]
	at com.jpa.hibernate.demo.entity.Course.toString(Course.java:105) ~[classes/:na]
	at java.lang.String.valueOf(String.java:2994) ~[na:1.8.0_131]
	at java.lang.StringBuilder.append(StringBuilder.java:131) ~[na:1.8.0_131]
	at com.jpa.hibernate.demo.entity.Rating.toString(Rating.java:55) ~[classes/:na]
	at java.lang.String.valueOf(String.java:2994) ~[na:1.8.0_131]
	at java.lang.StringBuilder.append(StringBuilder.java:131) ~[na:1.8.0_131]
	at java.util.AbstractCollection.toString(AbstractCollection.java:462) ~[na:1.8.0_131]
	at org.hibernate.collection.internal.PersistentBag.toString(PersistentBag.java:510) ~[hibernate-core-5.0.12.Final.jar:5.0.12.Final]
	at java.lang.String.valueOf(String.java:2994) ~[na:1.8.0_131]
	at java.lang.StringBuilder.append(StringBuilder.java:131) ~[na:1.8.0_131]
	at com.jpa.hibernate.demo.entity.Course.toString(Course.java:105) ~[classes/:na]
	at java.lang.String.valueOf(String.java:2994) ~[na:1.8.0_131]
	at java.lang.StringBuilder.append(StringBuilder.java:131) ~[na:1.8.0_131]
	at com.jpa.hibernate.demo.entity.Rating.toString(Rating.java:55) ~[classes/:na]
	at java.lang.String.valueOf(String.java:2994) ~[na:1.8.0_131]
	at java.lang.StringBuilder.append(StringBuilder.java:131) ~[na:1.8.0_131]
	at java.util.AbstractCollection.toString(AbstractCollection.java:462) ~[na:1.8.0_131]
	at org.hibernate.collection.internal.PersistentBag.toString(PersistentBag.java:510) ~[hibernate-core-5.0.12.Final.jar:5.0.12.Final]
	at java.lang.String.valueOf(String.java:2994) ~[na:1.8.0_131]
	at java.lang.StringBuilder.append(StringBuilder.java:131) ~[na:1.8.0_131]
	at com.jpa.hibernate.demo.entity.Course.toString(Course.java:105) ~[classes/:na]
	at java.lang.String.valueOf(String.java:2994) ~[na:1.8.0_131]
	at java.lang.StringBuilder.append(StringBuilder.java:131) ~[na:1.8.0_131]
	at com.jpa.hibernate.demo.entity.Rating.toString(Rating.java:55) ~[classes/:na]
	at java.lang.String.valueOf(String.java:2994) ~[na:1.8.0_131]
	at java.lang.StringBuilder.append(StringBuilder.java:131) ~[na:1.8.0_131]
	at java.util.AbstractCollection.toString(AbstractCollection.java:462) ~[na:1.8.0_131]
	at org.hibernate.collection.internal.PersistentBag.toString(PersistentBag.java:510) ~[hibernate-core-5.0.12.Final.jar:5.0.12.Final]
	at java.lang.String.valueOf(String.java:2994) ~[na:1.8.0_131]
	at java.lang.StringBuilder.append(StringBuilder.java:131) ~[na:1.8.0_131]
	at com.jpa.hibernate.demo.entity.Course.toString(Course.java:105) ~[classes/:na]
	at java.lang.String.valueOf(String.java:2994) ~[na:1.8.0_131]
	at java.lang.StringBuilder.append(StringBuilder.java:131) ~[na:1.8.0_131]
	at com.jpa.hibernate.demo.entity.Rating.toString(Rating.java:55) ~[classes/:na]
	at java.lang.String.valueOf(String.java:2994) ~[na:1.8.0_131]
	at java.lang.StringBuilder.append(StringBuilder.java:131) ~[na:1.8.0_131]
	at java.util.AbstractCollection.toString(AbstractCollection.java:462) ~[na:1.8.0_131]
	at org.hibernate.collection.internal.PersistentBag.toString(PersistentBag.java:510) ~[hibernate-core-5.0.12.Final.jar:5.0.12.Final]
	at java.lang.String.valueOf(String.java:2994) ~[na:1.8.0_131]
	at java.lang.StringBuilder.append(StringBuilder.java:131) ~[na:1.8.0_131]
	at com.jpa.hibernate.demo.entity.Course.toString(Course.java:105) ~[classes/:na]
	at java.lang.String.valueOf(String.java:2994) ~[na:1.8.0_131]
	at java.lang.StringBuilder.append(StringBuilder.java:131) ~[na:1.8.0_131]
	at com.jpa.hibernate.demo.entity.Rating.toString(Rating.java:55) ~[classes/:na]
	at java.lang.String.valueOf(String.java:2994) ~[na:1.8.0_131]
	at java.lang.StringBuilder.append(StringBuilder.java:131) ~[na:1.8.0_131]
	at java.util.AbstractCollection.toString(AbstractCollection.java:462) ~[na:1.8.0_131]
	at org.hibernate.collection.internal.PersistentBag.toString(PersistentBag.java:510) ~[hibernate-core-5.0.12.Final.jar:5.0.12.Final]
	at java.lang.String.valueOf(String.java:2994) ~[na:1.8.0_131]
	at java.lang.StringBuilder.append(StringBuilder.java:131) ~[na:1.8.0_131]
	at com.jpa.hibernate.demo.entity.Course.toString(Course.java:105) ~[classes/:na]
	at java.lang.String.valueOf(String.java:2994) ~[na:1.8.0_131]
	at java.lang.StringBuilder.append(StringBuilder.java:131) ~[na:1.8.0_131]
	at com.jpa.hibernate.demo.entity.Rating.toString(Rating.java:55) ~[classes/:na]
	at java.lang.String.valueOf(String.java:2994) ~[na:1.8.0_131]
	at java.lang.StringBuilder.append(StringBuilder.java:131) ~[na:1.8.0_131]
	at java.util.AbstractCollection.toString(AbstractCollection.java:462) ~[na:1.8.0_131]
	at org.hibernate.collection.internal.PersistentBag.toString(PersistentBag.java:510) ~[hibernate-core-5.0.12.Final.jar:5.0.12.Final]
	at java.lang.String.valueOf(String.java:2994) ~[na:1.8.0_131]
	at java.lang.StringBuilder.append(StringBuilder.java:131) ~[na:1.8.0_131]
	at com.jpa.hibernate.demo.entity.Course.toString(Course.java:105) ~[classes/:na]
	at java.lang.String.valueOf(String.java:2994) ~[na:1.8.0_131]
	at java.lang.StringBuilder.append(StringBuilder.java:131) ~[na:1.8.0_131]
	at com.jpa.hibernate.demo.entity.Rating.toString(Rating.java:55) ~[classes/:na]
	at java.lang.String.valueOf(String.java:2994) ~[na:1.8.0_131]
	at java.lang.StringBuilder.append(StringBuilder.java:131) ~[na:1.8.0_131]
	at java.util.AbstractCollection.toString(AbstractCollection.java:462) ~[na:1.8.0_131]
	at org.hibernate.collection.internal.PersistentBag.toString(PersistentBag.java:510) ~[hibernate-core-5.0.12.Final.jar:5.0.12.Final]
	at java.lang.String.valueOf(String.java:2994) ~[na:1.8.0_131]
	at java.lang.StringBuilder.append(StringBuilder.java:131) ~[na:1.8.0_131]
	at com.jpa.hibernate.demo.entity.Course.toString(Course.java:105) ~[classes/:na]
	at java.lang.String.valueOf(String.java:2994) ~[na:1.8.0_131]
	at java.lang.StringBuilder.append(StringBuilder.java:131) ~[na:1.8.0_131]
	at com.jpa.hibernate.demo.entity.Rating.toString(Rating.java:55) ~[classes/:na]
	at java.lang.String.valueOf(String.java:2994) ~[na:1.8.0_131]
	at java.lang.StringBuilder.append(StringBuilder.java:131) ~[na:1.8.0_131]
	at java.util.AbstractCollection.toString(AbstractCollection.java:462) ~[na:1.8.0_131]
	at org.hibernate.collection.internal.PersistentBag.toString(PersistentBag.java:510) ~[hibernate-core-5.0.12.Final.jar:5.0.12.Final]
	at java.lang.String.valueOf(String.java:2994) ~[na:1.8.0_131]
	at java.lang.StringBuilder.append(StringBuilder.java:131) ~[na:1.8.0_131]
	at com.jpa.hibernate.demo.entity.Course.toString(Course.java:105) ~[classes/:na]
	at java.lang.String.valueOf(String.java:2994) ~[na:1.8.0_131]
	at java.lang.StringBuilder.append(StringBuilder.java:131) ~[na:1.8.0_131]
	at com.jpa.hibernate.demo.entity.Rating.toString(Rating.java:55) ~[classes/:na]
	at java.lang.String.valueOf(String.java:2994) ~[na:1.8.0_131]
	at java.lang.StringBuilder.append(StringBuilder.java:131) ~[na:1.8.0_131]
	at java.util.AbstractCollection.toString(AbstractCollection.java:462) ~[na:1.8.0_131]
	at org.hibernate.collection.internal.PersistentBag.toString(PersistentBag.java:510) ~[hibernate-core-5.0.12.Final.jar:5.0.12.Final]
	at java.lang.String.valueOf(String.java:2994) ~[na:1.8.0_131]
	at java.lang.StringBuilder.append(StringBuilder.java:131) ~[na:1.8.0_131]
	at com.jpa.hibernate.demo.entity.Course.toString(Course.java:105) ~[classes/:na]
	at java.lang.String.valueOf(String.java:2994) ~[na:1.8.0_131]
	at java.lang.StringBuilder.append(StringBuilder.java:131) ~[na:1.8.0_131]
	at com.jpa.hibernate.demo.entity.Rating.toString(Rating.java:55) ~[classes/:na]
	at java.lang.String.valueOf(String.java:2994) ~[na:1.8.0_131]
	at java.lang.StringBuilder.append(StringBuilder.java:131) ~[na:1.8.0_131]
	at java.util.AbstractCollection.toString(AbstractCollection.java:462) ~[na:1.8.0_131]
	at org.hibernate.collection.internal.PersistentBag.toString(PersistentBag.java:510) ~[hibernate-core-5.0.12.Final.jar:5.0.12.Final]
	at java.lang.String.valueOf(String.java:2994) ~[na:1.8.0_131]
	at java.lang.StringBuilder.append(StringBuilder.java:131) ~[na:1.8.0_131]
	at com.jpa.hibernate.demo.entity.Course.toString(Course.java:105) ~[classes/:na]
	at java.lang.String.valueOf(String.java:2994) ~[na:1.8.0_131]
	at java.lang.StringBuilder.append(StringBuilder.java:131) ~[na:1.8.0_131]
	at com.jpa.hibernate.demo.entity.Rating.toString(Rating.java:55) ~[classes/:na]
	at java.lang.String.valueOf(String.java:2994) ~[na:1.8.0_131]
	at java.lang.StringBuilder.append(StringBuilder.java:131) ~[na:1.8.0_131]
	at java.util.AbstractCollection.toString(AbstractCollection.java:462) ~[na:1.8.0_131]
	at org.hibernate.collection.internal.PersistentBag.toString(PersistentBag.java:510) ~[hibernate-core-5.0.12.Final.jar:5.0.12.Final]
	at java.lang.String.valueOf(String.java:2994) ~[na:1.8.0_131]
	at java.lang.StringBuilder.append(StringBuilder.java:131) ~[na:1.8.0_131]
	at com.jpa.hibernate.demo.entity.Course.toString(Course.java:105) ~[classes/:na]
	at java.lang.String.valueOf(String.java:2994) ~[na:1.8.0_131]
	at java.lang.StringBuilder.append(StringBuilder.java:131) ~[na:1.8.0_131]
	at com.jpa.hibernate.demo.entity.Rating.toString(Rating.java:55) ~[classes/:na]
	at java.lang.String.valueOf(String.java:2994) ~[na:1.8.0_131]
	at java.lang.StringBuilder.append(StringBuilder.java:131) ~[na:1.8.0_131]
	at java.util.AbstractCollection.toString(AbstractCollection.java:462) ~[na:1.8.0_131]
	at org.hibernate.collection.internal.PersistentBag.toString(PersistentBag.java:510) ~[hibernate-core-5.0.12.Final.jar:5.0.12.Final]
	at java.lang.String.valueOf(String.java:2994) ~[na:1.8.0_131]
	at java.lang.StringBuilder.append(StringBuilder.java:131) ~[na:1.8.0_131]
	at com.jpa.hibernate.demo.entity.Course.toString(Course.java:105) ~[classes/:na]
	at java.lang.String.valueOf(String.java:2994) ~[na:1.8.0_131]
	at java.lang.StringBuilder.append(StringBuilder.java:131) ~[na:1.8.0_131]
	at com.jpa.hibernate.demo.entity.Rating.toString(Rating.java:55) ~[classes/:na]
	at java.lang.String.valueOf(String.java:2994) ~[na:1.8.0_131]
	at java.lang.StringBuilder.append(StringBuilder.java:131) ~[na:1.8.0_131]
	at java.util.AbstractCollection.toString(AbstractCollection.java:462) ~[na:1.8.0_131]
	at org.hibernate.collection.internal.PersistentBag.toString(PersistentBag.java:510) ~[hibernate-core-5.0.12.Final.jar:5.0.12.Final]
	at java.lang.String.valueOf(String.java:2994) ~[na:1.8.0_131]
	at java.lang.StringBuilder.append(StringBuilder.java:131) ~[na:1.8.0_131]
	at com.jpa.hibernate.demo.entity.Course.toString(Course.java:105) ~[classes/:na]
	at java.lang.String.valueOf(String.java:2994) ~[na:1.8.0_131]
	at java.lang.StringBuilder.append(StringBuilder.java:131) ~[na:1.8.0_131]
	at com.jpa.hibernate.demo.entity.Rating.toString(Rating.java:55) ~[classes/:na]
	at java.lang.String.valueOf(String.java:2994) ~[na:1.8.0_131]
	at java.lang.StringBuilder.append(StringBuilder.java:131) ~[na:1.8.0_131]
	at java.util.AbstractCollection.toString(AbstractCollection.java:462) ~[na:1.8.0_131]
	at org.hibernate.collection.internal.PersistentBag.toString(PersistentBag.java:510) ~[hibernate-core-5.0.12.Final.jar:5.0.12.Final]
	at java.lang.String.valueOf(String.java:2994) ~[na:1.8.0_131]
	at java.lang.StringBuilder.append(StringBuilder.java:131) ~[na:1.8.0_131]
	at com.jpa.hibernate.demo.entity.Course.toString(Course.java:105) ~[classes/:na]
	at java.lang.String.valueOf(String.java:2994) ~[na:1.8.0_131]
	at java.lang.StringBuilder.append(StringBuilder.java:131) ~[na:1.8.0_131]
	at com.jpa.hibernate.demo.entity.Rating.toString(Rating.java:55) ~[classes/:na]
	at java.lang.String.valueOf(String.java:2994) ~[na:1.8.0_131]
	at java.lang.StringBuilder.append(StringBuilder.java:131) ~[na:1.8.0_131]
	at java.util.AbstractCollection.toString(AbstractCollection.java:462) ~[na:1.8.0_131]
	at org.hibernate.collection.internal.PersistentBag.toString(PersistentBag.java:510) ~[hibernate-core-5.0.12.Final.jar:5.0.12.Final]
	at java.lang.String.valueOf(String.java:2994) ~[na:1.8.0_131]
	at java.lang.StringBuilder.append(StringBuilder.java:131) ~[na:1.8.0_131]
	at com.jpa.hibernate.demo.entity.Course.toString(Course.java:105) ~[classes/:na]
	at java.lang.String.valueOf(String.java:2994) ~[na:1.8.0_131]
	at java.lang.StringBuilder.append(StringBuilder.java:131) ~[na:1.8.0_131]
	at com.jpa.hibernate.demo.entity.Rating.toString(Rating.java:55) ~[classes/:na]
	at java.lang.String.valueOf(String.java:2994) ~[na:1.8.0_131]
	at java.lang.StringBuilder.append(StringBuilder.java:131) ~[na:1.8.0_131]
	at java.util.AbstractCollection.toString(AbstractCollection.java:462) ~[na:1.8.0_131]
	at org.hibernate.collection.internal.PersistentBag.toString(PersistentBag.java:510) ~[hibernate-core-5.0.12.Final.jar:5.0.12.Final]
	at java.lang.String.valueOf(String.java:2994) ~[na:1.8.0_131]
	at java.lang.StringBuilder.append(StringBuilder.java:131) ~[na:1.8.0_131]
	at com.jpa.hibernate.demo.entity.Course.toString(Course.java:105) ~[classes/:na]
	at java.lang.String.valueOf(String.java:2994) ~[na:1.8.0_131]
	at java.lang.StringBuilder.append(StringBuilder.java:131) ~[na:1.8.0_131]
	at com.jpa.hibernate.demo.entity.Rating.toString(Rating.java:55) ~[classes/:na]
	at java.lang.String.valueOf(String.java:2994) ~[na:1.8.0_131]
	at java.lang.StringBuilder.append(StringBuilder.java:131) ~[na:1.8.0_131]
	at java.util.AbstractCollection.toString(AbstractCollection.java:462) ~[na:1.8.0_131]
	at org.hibernate.collection.internal.PersistentBag.toString(PersistentBag.java:510) ~[hibernate-core-5.0.12.Final.jar:5.0.12.Final]
	at java.lang.String.valueOf(String.java:2994) ~[na:1.8.0_131]
	at java.lang.StringBuilder.append(StringBuilder.java:131) ~[na:1.8.0_131]
	at com.jpa.hibernate.demo.entity.Course.toString(Course.java:105) ~[classes/:na]
	at java.lang.String.valueOf(String.java:2994) ~[na:1.8.0_131]
	at java.lang.StringBuilder.append(StringBuilder.java:131) ~[na:1.8.0_131]
	at com.jpa.hibernate.demo.entity.Rating.toString(Rating.java:55) ~[classes/:na]
	at java.lang.String.valueOf(String.java:2994) ~[na:1.8.0_131]
	at java.lang.StringBuilder.append(StringBuilder.java:131) ~[na:1.8.0_131]
	at java.util.AbstractCollection.toString(AbstractCollection.java:462) ~[na:1.8.0_131]
	at org.hibernate.collection.internal.PersistentBag.toString(PersistentBag.java:510) ~[hibernate-core-5.0.12.Final.jar:5.0.12.Final]
	at java.lang.String.valueOf(String.java:2994) ~[na:1.8.0_131]
	at java.lang.StringBuilder.append(StringBuilder.java:131) ~[na:1.8.0_131]
	at com.jpa.hibernate.demo.entity.Course.toString(Course.java:105) ~[classes/:na]
	at java.lang.String.valueOf(String.java:2994) ~[na:1.8.0_131]
	at java.lang.StringBuilder.append(StringBuilder.java:131) ~[na:1.8.0_131]
	at com.jpa.hibernate.demo.entity.Rating.toString(Rating.java:55) ~[classes/:na]
	at java.lang.String.valueOf(String.java:2994) ~[na:1.8.0_131]
	at java.lang.StringBuilder.append(StringBuilder.java:131) ~[na:1.8.0_131]
	at java.util.AbstractCollection.toString(AbstractCollection.java:462) ~[na:1.8.0_131]
	at org.hibernate.collection.internal.PersistentBag.toString(PersistentBag.java:510) ~[hibernate-core-5.0.12.Final.jar:5.0.12.Final]
	at java.lang.String.valueOf(String.java:2994) ~[na:1.8.0_131]
	at java.lang.StringBuilder.append(StringBuilder.java:131) ~[na:1.8.0_131]
	at com.jpa.hibernate.demo.entity.Course.toString(Course.java:105) ~[classes/:na]
	at java.lang.String.valueOf(String.java:2994) ~[na:1.8.0_131]
	at java.lang.StringBuilder.append(StringBuilder.java:131) ~[na:1.8.0_131]
	at com.jpa.hibernate.demo.entity.Rating.toString(Rating.java:55) ~[classes/:na]
	at java.lang.String.valueOf(String.java:2994) ~[na:1.8.0_131]
	at java.lang.StringBuilder.append(StringBuilder.java:131) ~[na:1.8.0_131]
	at java.util.AbstractCollection.toString(AbstractCollection.java:462) ~[na:1.8.0_131]
	at org.hibernate.collection.internal.PersistentBag.toString(PersistentBag.java:510) ~[hibernate-core-5.0.12.Final.jar:5.0.12.Final]
	at java.lang.String.valueOf(String.java:2994) ~[na:1.8.0_131]
	at java.lang.StringBuilder.append(StringBuilder.java:131) ~[na:1.8.0_131]
	at com.jpa.hibernate.demo.entity.Course.toString(Course.java:105) ~[classes/:na]
	at java.lang.String.valueOf(String.java:2994) ~[na:1.8.0_131]
	at java.lang.StringBuilder.append(StringBuilder.java:131) ~[na:1.8.0_131]
	at com.jpa.hibernate.demo.entity.Rating.toString(Rating.java:55) ~[classes/:na]
	at java.lang.String.valueOf(String.java:2994) ~[na:1.8.0_131]
	at java.lang.StringBuilder.append(StringBuilder.java:131) ~[na:1.8.0_131]
	at java.util.AbstractCollection.toString(AbstractCollection.java:462) ~[na:1.8.0_131]
	at org.hibernate.collection.internal.PersistentBag.toString(PersistentBag.java:510) ~[hibernate-core-5.0.12.Final.jar:5.0.12.Final]
	at java.lang.String.valueOf(String.java:2994) ~[na:1.8.0_131]
	at java.lang.StringBuilder.append(StringBuilder.java:131) ~[na:1.8.0_131]
	at com.jpa.hibernate.demo.entity.Course.toString(Course.java:105) ~[classes/:na]
	at java.lang.String.valueOf(String.java:2994) ~[na:1.8.0_131]
	at java.lang.StringBuilder.append(StringBuilder.java:131) ~[na:1.8.0_131]
	at com.jpa.hibernate.demo.entity.Rating.toString(Rating.java:55) ~[classes/:na]
	at java.lang.String.valueOf(String.java:2994) ~[na:1.8.0_131]
	at java.lang.StringBuilder.append(StringBuilder.java:131) ~[na:1.8.0_131]
	at java.util.AbstractCollection.toString(AbstractCollection.java:462) ~[na:1.8.0_131]
	at org.hibernate.collection.internal.PersistentBag.toString(PersistentBag.java:510) ~[hibernate-core-5.0.12.Final.jar:5.0.12.Final]
	at java.lang.String.valueOf(String.java:2994) ~[na:1.8.0_131]
	at java.lang.StringBuilder.append(StringBuilder.java:131) ~[na:1.8.0_131]
	at com.jpa.hibernate.demo.entity.Course.toString(Course.java:105) ~[classes/:na]
	at java.lang.String.valueOf(String.java:2994) ~[na:1.8.0_131]
	at java.lang.StringBuilder.append(StringBuilder.java:131) ~[na:1.8.0_131]
	at com.jpa.hibernate.demo.entity.Rating.toString(Rating.java:55) ~[classes/:na]
	at java.lang.String.valueOf(String.java:2994) ~[na:1.8.0_131]
	at java.lang.StringBuilder.append(StringBuilder.java:131) ~[na:1.8.0_131]
	at java.util.AbstractCollection.toString(AbstractCollection.java:462) ~[na:1.8.0_131]
	at org.hibernate.collection.internal.PersistentBag.toString(PersistentBag.java:510) ~[hibernate-core-5.0.12.Final.jar:5.0.12.Final]
	at java.lang.String.valueOf(String.java:2994) ~[na:1.8.0_131]
	at java.lang.StringBuilder.append(StringBuilder.java:131) ~[na:1.8.0_131]
	at com.jpa.hibernate.demo.entity.Course.toString(Course.java:105) ~[classes/:na]
	at java.lang.String.valueOf(String.java:2994) ~[na:1.8.0_131]
	at java.lang.StringBuilder.append(StringBuilder.java:131) ~[na:1.8.0_131]
	at com.jpa.hibernate.demo.entity.Rating.toString(Rating.java:55) ~[classes/:na]
	at java.lang.String.valueOf(String.java:2994) ~[na:1.8.0_131]
	at java.lang.StringBuilder.append(StringBuilder.java:131) ~[na:1.8.0_131]
	at java.util.AbstractCollection.toString(AbstractCollection.java:462) ~[na:1.8.0_131]
	at org.hibernate.collection.internal.PersistentBag.toString(PersistentBag.java:510) ~[hibernate-core-5.0.12.Final.jar:5.0.12.Final]
	at java.lang.String.valueOf(String.java:2994) ~[na:1.8.0_131]
	at java.lang.StringBuilder.append(StringBuilder.java:131) ~[na:1.8.0_131]
	at com.jpa.hibernate.demo.entity.Course.toString(Course.java:105) ~[classes/:na]
	at java.lang.String.valueOf(String.java:2994) ~[na:1.8.0_131]
	at java.lang.StringBuilder.append(StringBuilder.java:131) ~[na:1.8.0_131]
	at com.jpa.hibernate.demo.entity.Rating.toString(Rating.java:55) ~[classes/:na]
	at java.lang.String.valueOf(String.java:2994) ~[na:1.8.0_131]
	at java.lang.StringBuilder.append(StringBuilder.java:131) ~[na:1.8.0_131]
	at java.util.AbstractCollection.toString(AbstractCollection.java:462) ~[na:1.8.0_131]
	at org.hibernate.collection.internal.PersistentBag.toString(PersistentBag.java:510) ~[hibernate-core-5.0.12.Final.jar:5.0.12.Final]
	at java.lang.String.valueOf(String.java:2994) ~[na:1.8.0_131]
	at java.lang.StringBuilder.append(StringBuilder.java:131) ~[na:1.8.0_131]
	at com.jpa.hibernate.demo.entity.Course.toString(Course.java:105) ~[classes/:na]
	at java.lang.String.valueOf(String.java:2994) ~[na:1.8.0_131]
	at java.lang.StringBuilder.append(StringBuilder.java:131) ~[na:1.8.0_131]
	at com.jpa.hibernate.demo.entity.Rating.toString(Rating.java:55) ~[classes/:na]
	at java.lang.String.valueOf(String.java:2994) ~[na:1.8.0_131]
	at java.lang.StringBuilder.append(StringBuilder.java:131) ~[na:1.8.0_131]
	at java.util.AbstractCollection.toString(AbstractCollection.java:462) ~[na:1.8.0_131]
	at org.hibernate.collection.internal.PersistentBag.toString(PersistentBag.java:510) ~[hibernate-core-5.0.12.Final.jar:5.0.12.Final]
	at java.lang.String.valueOf(String.java:2994) ~[na:1.8.0_131]
	at java.lang.StringBuilder.append(StringBuilder.java:131) ~[na:1.8.0_131]
	at com.jpa.hibernate.demo.entity.Course.toString(Course.java:105) ~[classes/:na]
	at java.lang.String.valueOf(String.java:2994) ~[na:1.8.0_131]
	at java.lang.StringBuilder.append(StringBuilder.java:131) ~[na:1.8.0_131]
	at com.jpa.hibernate.demo.entity.Rating.toString(Rating.java:55) ~[classes/:na]
	at java.lang.String.valueOf(String.java:2994) ~[na:1.8.0_131]
	at java.lang.StringBuilder.append(StringBuilder.java:131) ~[na:1.8.0_131]
	at java.util.AbstractCollection.toString(AbstractCollection.java:462) ~[na:1.8.0_131]
	at org.hibernate.collection.internal.PersistentBag.toString(PersistentBag.java:510) ~[hibernate-core-5.0.12.Final.jar:5.0.12.Final]
	at java.lang.String.valueOf(String.java:2994) ~[na:1.8.0_131]
	at java.lang.StringBuilder.append(StringBuilder.java:131) ~[na:1.8.0_131]
	at com.jpa.hibernate.demo.entity.Course.toString(Course.java:105) ~[classes/:na]
	at java.lang.String.valueOf(String.java:2994) ~[na:1.8.0_131]
	at java.lang.StringBuilder.append(StringBuilder.java:131) ~[na:1.8.0_131]
	at com.jpa.hibernate.demo.entity.Rating.toString(Rating.java:55) ~[classes/:na]
	at java.lang.String.valueOf(String.java:2994) ~[na:1.8.0_131]
	at java.lang.StringBuilder.append(StringBuilder.java:131) ~[na:1.8.0_131]
	at java.util.AbstractCollection.toString(AbstractCollection.java:462) ~[na:1.8.0_131]
	at org.hibernate.collection.internal.PersistentBag.toString(PersistentBag.java:510) ~[hibernate-core-5.0.12.Final.jar:5.0.12.Final]
	at java.lang.String.valueOf(String.java:2994) ~[na:1.8.0_131]
	at java.lang.StringBuilder.append(StringBuilder.java:131) ~[na:1.8.0_131]
	at com.jpa.hibernate.demo.entity.Course.toString(Course.java:105) ~[classes/:na]
	at java.lang.String.valueOf(String.java:2994) ~[na:1.8.0_131]
	at java.lang.StringBuilder.append(StringBuilder.java:131) ~[na:1.8.0_131]
	at com.jpa.hibernate.demo.entity.Rating.toString(Rating.java:55) ~[classes/:na]
	at java.lang.String.valueOf(String.java:2994) ~[na:1.8.0_131]
	at java.lang.StringBuilder.append(StringBuilder.java:131) ~[na:1.8.0_131]
	at java.util.AbstractCollection.toString(AbstractCollection.java:462) ~[na:1.8.0_131]

2019-06-19 12:01:02.964  INFO 6732 --- [           main] o.s.w.c.s.GenericWebApplicationContext   : Closing org.springframework.web.context.support.GenericWebApplicationContext@693fe6c9: startup date [Wed Jun 19 12:00:58 IST 2019]; root of context hierarchy
2019-06-19 12:01:02.965  INFO 6732 --- [           main] j.LocalContainerEntityManagerFactoryBean : Closing JPA EntityManagerFactory for persistence unit 'default'
2019-06-19 12:01:02.968 ERROR 6732 --- [           main] o.s.test.context.TestContextManager      : Caught exception while allowing TestExecutionListener [org.springframework.test.context.web.ServletTestExecutionListener@64d2d351] to prepare test instance [com.jpa.hibernate.demo.JpaDemoApplicationTests@17fbfb02]

java.lang.StackOverflowError: null
	at com.jpa.hibernate.demo.entity.Rating.toString(Rating.java:55) ~[classes/:na]
	at java.lang.String.valueOf(String.java:2994) ~[na:1.8.0_131]
	at java.lang.StringBuilder.append(StringBuilder.java:131) ~[na:1.8.0_131]
	at java.util.AbstractCollection.toString(AbstractCollection.java:462) ~[na:1.8.0_131]
	at org.hibernate.collection.internal.PersistentBag.toString(PersistentBag.java:510) ~[hibernate-core-5.0.12.Final.jar:5.0.12.Final]
	at java.lang.String.valueOf(String.java:2994) ~[na:1.8.0_131]
	at java.lang.StringBuilder.append(StringBuilder.java:131) ~[na:1.8.0_131]
	at com.jpa.hibernate.demo.entity.Course.toString(Course.java:105) ~[classes/:na]
	at java.lang.String.valueOf(String.java:2994) ~[na:1.8.0_131]
	at java.lang.StringBuilder.append(StringBuilder.java:131) ~[na:1.8.0_131]
	at com.jpa.hibernate.demo.entity.Rating.toString(Rating.java:55) ~[classes/:na]
	at java.lang.String.valueOf(String.java:2994) ~[na:1.8.0_131]
	at java.lang.StringBuilder.append(StringBuilder.java:131) ~[na:1.8.0_131]
	at java.util.AbstractCollection.toString(AbstractCollection.java:462) ~[na:1.8.0_131]
	at org.hibernate.collection.internal.PersistentBag.toString(PersistentBag.java:510) ~[hibernate-core-5.0.12.Final.jar:5.0.12.Final]
	at java.lang.String.valueOf(String.java:2994) ~[na:1.8.0_131]
	at java.lang.StringBuilder.append(StringBuilder.java:131) ~[na:1.8.0_131]
	at com.jpa.hibernate.demo.entity.Course.toString(Course.java:105) ~[classes/:na]
	at java.lang.String.valueOf(String.java:2994) ~[na:1.8.0_131]
	at java.lang.StringBuilder.append(StringBuilder.java:131) ~[na:1.8.0_131]
	at com.jpa.hibernate.demo.entity.Rating.toString(Rating.java:55) ~[classes/:na]
	at java.lang.String.valueOf(String.java:2994) ~[na:1.8.0_131]
	at java.lang.StringBuilder.append(StringBuilder.java:131) ~[na:1.8.0_131]
	at java.util.AbstractCollection.toString(AbstractCollection.java:462) ~[na:1.8.0_131]
	at org.hibernate.collection.internal.PersistentBag.toString(PersistentBag.java:510) ~[hibernate-core-5.0.12.Final.jar:5.0.12.Final]
	at java.lang.String.valueOf(String.java:2994) ~[na:1.8.0_131]
	at java.lang.StringBuilder.append(StringBuilder.java:131) ~[na:1.8.0_131]
	at com.jpa.hibernate.demo.entity.Course.toString(Course.java:105) ~[classes/:na]
	at java.lang.String.valueOf(String.java:2994) ~[na:1.8.0_131]
	at java.lang.StringBuilder.append(StringBuilder.java:131) ~[na:1.8.0_131]
	at com.jpa.hibernate.demo.entity.Rating.toString(Rating.java:55) ~[classes/:na]
	at java.lang.String.valueOf(String.java:2994) ~[na:1.8.0_131]
	at java.lang.StringBuilder.append(StringBuilder.java:131) ~[na:1.8.0_131]
	at java.util.AbstractCollection.toString(AbstractCollection.java:462) ~[na:1.8.0_131]
	at org.hibernate.collection.internal.PersistentBag.toString(PersistentBag.java:510) ~[hibernate-core-5.0.12.Final.jar:5.0.12.Final]
	at java.lang.String.valueOf(String.java:2994) ~[na:1.8.0_131]
	at java.lang.StringBuilder.append(StringBuilder.java:131) ~[na:1.8.0_131]
	at com.jpa.hibernate.demo.entity.Course.toString(Course.java:105) ~[classes/:na]
	at java.lang.String.valueOf(String.java:2994) ~[na:1.8.0_131]
	at java.lang.StringBuilder.append(StringBuilder.java:131) ~[na:1.8.0_131]
	at com.jpa.hibernate.demo.entity.Rating.toString(Rating.java:55) ~[classes/:na]
	at java.lang.String.valueOf(String.java:2994) ~[na:1.8.0_131]
	at java.lang.StringBuilder.append(StringBuilder.java:131) ~[na:1.8.0_131]
	at java.util.AbstractCollection.toString(AbstractCollection.java:462) ~[na:1.8.0_131]
	at org.hibernate.collection.internal.PersistentBag.toString(PersistentBag.java:510) ~[hibernate-core-5.0.12.Final.jar:5.0.12.Final]
	at java.lang.String.valueOf(String.java:2994) ~[na:1.8.0_131]
	at java.lang.StringBuilder.append(StringBuilder.java:131) ~[na:1.8.0_131]
	at com.jpa.hibernate.demo.entity.Course.toString(Course.java:105) ~[classes/:na]
	at java.lang.String.valueOf(String.java:2994) ~[na:1.8.0_131]
	at java.lang.StringBuilder.append(StringBuilder.java:131) ~[na:1.8.0_131]
	at com.jpa.hibernate.demo.entity.Rating.toString(Rating.java:55) ~[classes/:na]
	at java.lang.String.valueOf(String.java:2994) ~[na:1.8.0_131]
	at java.lang.StringBuilder.append(StringBuilder.java:131) ~[na:1.8.0_131]
	at java.util.AbstractCollection.toString(AbstractCollection.java:462) ~[na:1.8.0_131]
	at org.hibernate.collection.internal.PersistentBag.toString(PersistentBag.java:510) ~[hibernate-core-5.0.12.Final.jar:5.0.12.Final]
	at java.lang.String.valueOf(String.java:2994) ~[na:1.8.0_131]
	at java.lang.StringBuilder.append(StringBuilder.java:131) ~[na:1.8.0_131]
	at com.jpa.hibernate.demo.entity.Course.toString(Course.java:105) ~[classes/:na]
	at java.lang.String.valueOf(String.java:2994) ~[na:1.8.0_131]
	at java.lang.StringBuilder.append(StringBuilder.java:131) ~[na:1.8.0_131]
	at com.jpa.hibernate.demo.entity.Rating.toString(Rating.java:55) ~[classes/:na]
	at java.lang.String.valueOf(String.java:2994) ~[na:1.8.0_131]
	at java.lang.StringBuilder.append(StringBuilder.java:131) ~[na:1.8.0_131]
	at java.util.AbstractCollection.toString(AbstractCollection.java:462) ~[na:1.8.0_131]
	at org.hibernate.collection.internal.PersistentBag.toString(PersistentBag.java:510) ~[hibernate-core-5.0.12.Final.jar:5.0.12.Final]
	at java.lang.String.valueOf(String.java:2994) ~[na:1.8.0_131]
	at java.lang.StringBuilder.append(StringBuilder.java:131) ~[na:1.8.0_131]
	at com.jpa.hibernate.demo.entity.Course.toString(Course.java:105) ~[classes/:na]
	at java.lang.String.valueOf(String.java:2994) ~[na:1.8.0_131]
	at java.lang.StringBuilder.append(StringBuilder.java:131) ~[na:1.8.0_131]
	at com.jpa.hibernate.demo.entity.Rating.toString(Rating.java:55) ~[classes/:na]
	at java.lang.String.valueOf(String.java:2994) ~[na:1.8.0_131]
	at java.lang.StringBuilder.append(StringBuilder.java:131) ~[na:1.8.0_131]
	at java.util.AbstractCollection.toString(AbstractCollection.java:462) ~[na:1.8.0_131]
	at org.hibernate.collection.internal.PersistentBag.toString(PersistentBag.java:510) ~[hibernate-core-5.0.12.Final.jar:5.0.12.Final]
	at java.lang.String.valueOf(String.java:2994) ~[na:1.8.0_131]
	at java.lang.StringBuilder.append(StringBuilder.java:131) ~[na:1.8.0_131]
	at com.jpa.hibernate.demo.entity.Course.toString(Course.java:105) ~[classes/:na]
	at java.lang.String.valueOf(String.java:2994) ~[na:1.8.0_131]
	at java.lang.StringBuilder.append(StringBuilder.java:131) ~[na:1.8.0_131]
	at com.jpa.hibernate.demo.entity.Rating.toString(Rating.java:55) ~[classes/:na]
	at java.lang.String.valueOf(String.java:2994) ~[na:1.8.0_131]
	at java.lang.StringBuilder.append(StringBuilder.java:131) ~[na:1.8.0_131]
	at java.util.AbstractCollection.toString(AbstractCollection.java:462) ~[na:1.8.0_131]
	at org.hibernate.collection.internal.PersistentBag.toString(PersistentBag.java:510) ~[hibernate-core-5.0.12.Final.jar:5.0.12.Final]
	at java.lang.String.valueOf(String.java:2994) ~[na:1.8.0_131]
	at java.lang.StringBuilder.append(StringBuilder.java:131) ~[na:1.8.0_131]
	at com.jpa.hibernate.demo.entity.Course.toString(Course.java:105) ~[classes/:na]
	at java.lang.String.valueOf(String.java:2994) ~[na:1.8.0_131]
	at java.lang.StringBuilder.append(StringBuilder.java:131) ~[na:1.8.0_131]
	at com.jpa.hibernate.demo.entity.Rating.toString(Rating.java:55) ~[classes/:na]
	at java.lang.String.valueOf(String.java:2994) ~[na:1.8.0_131]
	at java.lang.StringBuilder.append(StringBuilder.java:131) ~[na:1.8.0_131]
	at java.util.AbstractCollection.toString(AbstractCollection.java:462) ~[na:1.8.0_131]
	at org.hibernate.collection.internal.PersistentBag.toString(PersistentBag.java:510) ~[hibernate-core-5.0.12.Final.jar:5.0.12.Final]
	at java.lang.String.valueOf(String.java:2994) ~[na:1.8.0_131]
	at java.lang.StringBuilder.append(StringBuilder.java:131) ~[na:1.8.0_131]
	at com.jpa.hibernate.demo.entity.Course.toString(Course.java:105) ~[classes/:na]
	at java.lang.String.valueOf(String.java:2994) ~[na:1.8.0_131]
	at java.lang.StringBuilder.append(StringBuilder.java:131) ~[na:1.8.0_131]
	at com.jpa.hibernate.demo.entity.Rating.toString(Rating.java:55) ~[classes/:na]
	at java.lang.String.valueOf(String.java:2994) ~[na:1.8.0_131]
	at java.lang.StringBuilder.append(StringBuilder.java:131) ~[na:1.8.0_131]
	at java.util.AbstractCollection.toString(AbstractCollection.java:462) ~[na:1.8.0_131]
	at org.hibernate.collection.internal.PersistentBag.toString(PersistentBag.java:510) ~[hibernate-core-5.0.12.Final.jar:5.0.12.Final]
	at java.lang.String.valueOf(String.java:2994) ~[na:1.8.0_131]
	at java.lang.StringBuilder.append(StringBuilder.java:131) ~[na:1.8.0_131]
	at com.jpa.hibernate.demo.entity.Course.toString(Course.java:105) ~[classes/:na]
	at java.lang.String.valueOf(String.java:2994) ~[na:1.8.0_131]
	at java.lang.StringBuilder.append(StringBuilder.java:131) ~[na:1.8.0_131]
	at com.jpa.hibernate.demo.entity.Rating.toString(Rating.java:55) ~[classes/:na]
	at java.lang.String.valueOf(String.java:2994) ~[na:1.8.0_131]
	at java.lang.StringBuilder.append(StringBuilder.java:131) ~[na:1.8.0_131]
	at java.util.AbstractCollection.toString(AbstractCollection.java:462) ~[na:1.8.0_131]
	at org.hibernate.collection.internal.PersistentBag.toString(PersistentBag.java:510) ~[hibernate-core-5.0.12.Final.jar:5.0.12.Final]
	at java.lang.String.valueOf(String.java:2994) ~[na:1.8.0_131]
	at java.lang.StringBuilder.append(StringBuilder.java:131) ~[na:1.8.0_131]
	at com.jpa.hibernate.demo.entity.Course.toString(Course.java:105) ~[classes/:na]
	at java.lang.String.valueOf(String.java:2994) ~[na:1.8.0_131]
	at java.lang.StringBuilder.append(StringBuilder.java:131) ~[na:1.8.0_131]
	at com.jpa.hibernate.demo.entity.Rating.toString(Rating.java:55) ~[classes/:na]
	at java.lang.String.valueOf(String.java:2994) ~[na:1.8.0_131]
	at java.lang.StringBuilder.append(StringBuilder.java:131) ~[na:1.8.0_131]
	at java.util.AbstractCollection.toString(AbstractCollection.java:462) ~[na:1.8.0_131]
	at org.hibernate.collection.internal.PersistentBag.toString(PersistentBag.java:510) ~[hibernate-core-5.0.12.Final.jar:5.0.12.Final]
	at java.lang.String.valueOf(String.java:2994) ~[na:1.8.0_131]
	at java.lang.StringBuilder.append(StringBuilder.java:131) ~[na:1.8.0_131]
	at com.jpa.hibernate.demo.entity.Course.toString(Course.java:105) ~[classes/:na]
	at java.lang.String.valueOf(String.java:2994) ~[na:1.8.0_131]
	at java.lang.StringBuilder.append(StringBuilder.java:131) ~[na:1.8.0_131]
	at com.jpa.hibernate.demo.entity.Rating.toString(Rating.java:55) ~[classes/:na]
	at java.lang.String.valueOf(String.java:2994) ~[na:1.8.0_131]
	at java.lang.StringBuilder.append(StringBuilder.java:131) ~[na:1.8.0_131]
	at java.util.AbstractCollection.toString(AbstractCollection.java:462) ~[na:1.8.0_131]
	at org.hibernate.collection.internal.PersistentBag.toString(PersistentBag.java:510) ~[hibernate-core-5.0.12.Final.jar:5.0.12.Final]
	at java.lang.String.valueOf(String.java:2994) ~[na:1.8.0_131]
	at java.lang.StringBuilder.append(StringBuilder.java:131) ~[na:1.8.0_131]
	at com.jpa.hibernate.demo.entity.Course.toString(Course.java:105) ~[classes/:na]
	at java.lang.String.valueOf(String.java:2994) ~[na:1.8.0_131]
	at java.lang.StringBuilder.append(StringBuilder.java:131) ~[na:1.8.0_131]
	at com.jpa.hibernate.demo.entity.Rating.toString(Rating.java:55) ~[classes/:na]
	at java.lang.String.valueOf(String.java:2994) ~[na:1.8.0_131]
	at java.lang.StringBuilder.append(StringBuilder.java:131) ~[na:1.8.0_131]
	at java.util.AbstractCollection.toString(AbstractCollection.java:462) ~[na:1.8.0_131]
	at org.hibernate.collection.internal.PersistentBag.toString(PersistentBag.java:510) ~[hibernate-core-5.0.12.Final.jar:5.0.12.Final]
	at java.lang.String.valueOf(String.java:2994) ~[na:1.8.0_131]
	at java.lang.StringBuilder.append(StringBuilder.java:131) ~[na:1.8.0_131]
	at com.jpa.hibernate.demo.entity.Course.toString(Course.java:105) ~[classes/:na]
	at java.lang.String.valueOf(String.java:2994) ~[na:1.8.0_131]
	at java.lang.StringBuilder.append(StringBuilder.java:131) ~[na:1.8.0_131]
	at com.jpa.hibernate.demo.entity.Rating.toString(Rating.java:55) ~[classes/:na]
	at java.lang.String.valueOf(String.java:2994) ~[na:1.8.0_131]
	at java.lang.StringBuilder.append(StringBuilder.java:131) ~[na:1.8.0_131]
	at java.util.AbstractCollection.toString(AbstractCollection.java:462) ~[na:1.8.0_131]
	at org.hibernate.collection.internal.PersistentBag.toString(PersistentBag.java:510) ~[hibernate-core-5.0.12.Final.jar:5.0.12.Final]
	at java.lang.String.valueOf(String.java:2994) ~[na:1.8.0_131]
	at java.lang.StringBuilder.append(StringBuilder.java:131) ~[na:1.8.0_131]
	at com.jpa.hibernate.demo.entity.Course.toString(Course.java:105) ~[classes/:na]
	at java.lang.String.valueOf(String.java:2994) ~[na:1.8.0_131]
	at java.lang.StringBuilder.append(StringBuilder.java:131) ~[na:1.8.0_131]
	at com.jpa.hibernate.demo.entity.Rating.toString(Rating.java:55) ~[classes/:na]
	at java.lang.String.valueOf(String.java:2994) ~[na:1.8.0_131]
	at java.lang.StringBuilder.append(StringBuilder.java:131) ~[na:1.8.0_131]
	at java.util.AbstractCollection.toString(AbstractCollection.java:462) ~[na:1.8.0_131]
	at org.hibernate.collection.internal.PersistentBag.toString(PersistentBag.java:510) ~[hibernate-core-5.0.12.Final.jar:5.0.12.Final]
	at java.lang.String.valueOf(String.java:2994) ~[na:1.8.0_131]
	at java.lang.StringBuilder.append(StringBuilder.java:131) ~[na:1.8.0_131]
	at com.jpa.hibernate.demo.entity.Course.toString(Course.java:105) ~[classes/:na]
	at java.lang.String.valueOf(String.java:2994) ~[na:1.8.0_131]
	at java.lang.StringBuilder.append(StringBuilder.java:131) ~[na:1.8.0_131]
	at com.jpa.hibernate.demo.entity.Rating.toString(Rating.java:55) ~[classes/:na]
	at java.lang.String.valueOf(String.java:2994) ~[na:1.8.0_131]
	at java.lang.StringBuilder.append(StringBuilder.java:131) ~[na:1.8.0_131]
	at java.util.AbstractCollection.toString(AbstractCollection.java:462) ~[na:1.8.0_131]
	at org.hibernate.collection.internal.PersistentBag.toString(PersistentBag.java:510) ~[hibernate-core-5.0.12.Final.jar:5.0.12.Final]
	at java.lang.String.valueOf(String.java:2994) ~[na:1.8.0_131]
	at java.lang.StringBuilder.append(StringBuilder.java:131) ~[na:1.8.0_131]
	at com.jpa.hibernate.demo.entity.Course.toString(Course.java:105) ~[classes/:na]
	at java.lang.String.valueOf(String.java:2994) ~[na:1.8.0_131]
	at java.lang.StringBuilder.append(StringBuilder.java:131) ~[na:1.8.0_131]
	at com.jpa.hibernate.demo.entity.Rating.toString(Rating.java:55) ~[classes/:na]
	at java.lang.String.valueOf(String.java:2994) ~[na:1.8.0_131]
	at java.lang.StringBuilder.append(StringBuilder.java:131) ~[na:1.8.0_131]
	at java.util.AbstractCollection.toString(AbstractCollection.java:462) ~[na:1.8.0_131]
	at org.hibernate.collection.internal.PersistentBag.toString(PersistentBag.java:510) ~[hibernate-core-5.0.12.Final.jar:5.0.12.Final]
	at java.lang.String.valueOf(String.java:2994) ~[na:1.8.0_131]
	at java.lang.StringBuilder.append(StringBuilder.java:131) ~[na:1.8.0_131]
	at com.jpa.hibernate.demo.entity.Course.toString(Course.java:105) ~[classes/:na]
	at java.lang.String.valueOf(String.java:2994) ~[na:1.8.0_131]
	at java.lang.StringBuilder.append(StringBuilder.java:131) ~[na:1.8.0_131]
	at com.jpa.hibernate.demo.entity.Rating.toString(Rating.java:55) ~[classes/:na]
	at java.lang.String.valueOf(String.java:2994) ~[na:1.8.0_131]
	at java.lang.StringBuilder.append(StringBuilder.java:131) ~[na:1.8.0_131]
	at java.util.AbstractCollection.toString(AbstractCollection.java:462) ~[na:1.8.0_131]
	at org.hibernate.collection.internal.PersistentBag.toString(PersistentBag.java:510) ~[hibernate-core-5.0.12.Final.jar:5.0.12.Final]
	at java.lang.String.valueOf(String.java:2994) ~[na:1.8.0_131]
	at java.lang.StringBuilder.append(StringBuilder.java:131) ~[na:1.8.0_131]
	at com.jpa.hibernate.demo.entity.Course.toString(Course.java:105) ~[classes/:na]
	at java.lang.String.valueOf(String.java:2994) ~[na:1.8.0_131]
	at java.lang.StringBuilder.append(StringBuilder.java:131) ~[na:1.8.0_131]
	at com.jpa.hibernate.demo.entity.Rating.toString(Rating.java:55) ~[classes/:na]
	at java.lang.String.valueOf(String.java:2994) ~[na:1.8.0_131]
	at java.lang.StringBuilder.append(StringBuilder.java:131) ~[na:1.8.0_131]
	at java.util.AbstractCollection.toString(AbstractCollection.java:462) ~[na:1.8.0_131]
	at org.hibernate.collection.internal.PersistentBag.toString(PersistentBag.java:510) ~[hibernate-core-5.0.12.Final.jar:5.0.12.Final]
	at java.lang.String.valueOf(String.java:2994) ~[na:1.8.0_131]
	at java.lang.StringBuilder.append(StringBuilder.java:131) ~[na:1.8.0_131]
	at com.jpa.hibernate.demo.entity.Course.toString(Course.java:105) ~[classes/:na]
	at java.lang.String.valueOf(String.java:2994) ~[na:1.8.0_131]
	at java.lang.StringBuilder.append(StringBuilder.java:131) ~[na:1.8.0_131]
	at com.jpa.hibernate.demo.entity.Rating.toString(Rating.java:55) ~[classes/:na]
	at java.lang.String.valueOf(String.java:2994) ~[na:1.8.0_131]
	at java.lang.StringBuilder.append(StringBuilder.java:131) ~[na:1.8.0_131]
	at java.util.AbstractCollection.toString(AbstractCollection.java:462) ~[na:1.8.0_131]
	at org.hibernate.collection.internal.PersistentBag.toString(PersistentBag.java:510) ~[hibernate-core-5.0.12.Final.jar:5.0.12.Final]
	at java.lang.String.valueOf(String.java:2994) ~[na:1.8.0_131]
	at java.lang.StringBuilder.append(StringBuilder.java:131) ~[na:1.8.0_131]
	at com.jpa.hibernate.demo.entity.Course.toString(Course.java:105) ~[classes/:na]
	at java.lang.String.valueOf(String.java:2994) ~[na:1.8.0_131]
	at java.lang.StringBuilder.append(StringBuilder.java:131) ~[na:1.8.0_131]
	at com.jpa.hibernate.demo.entity.Rating.toString(Rating.java:55) ~[classes/:na]
	at java.lang.String.valueOf(String.java:2994) ~[na:1.8.0_131]
	at java.lang.StringBuilder.append(StringBuilder.java:131) ~[na:1.8.0_131]
	at java.util.AbstractCollection.toString(AbstractCollection.java:462) ~[na:1.8.0_131]
	at org.hibernate.collection.internal.PersistentBag.toString(PersistentBag.java:510) ~[hibernate-core-5.0.12.Final.jar:5.0.12.Final]
	at java.lang.String.valueOf(String.java:2994) ~[na:1.8.0_131]
	at java.lang.StringBuilder.append(StringBuilder.java:131) ~[na:1.8.0_131]
	at com.jpa.hibernate.demo.entity.Course.toString(Course.java:105) ~[classes/:na]
	at java.lang.String.valueOf(String.java:2994) ~[na:1.8.0_131]
	at java.lang.StringBuilder.append(StringBuilder.java:131) ~[na:1.8.0_131]
	at com.jpa.hibernate.demo.entity.Rating.toString(Rating.java:55) ~[classes/:na]
	at java.lang.String.valueOf(String.java:2994) ~[na:1.8.0_131]
	at java.lang.StringBuilder.append(StringBuilder.java:131) ~[na:1.8.0_131]
	at java.util.AbstractCollection.toString(AbstractCollection.java:462) ~[na:1.8.0_131]
	at org.hibernate.collection.internal.PersistentBag.toString(PersistentBag.java:510) ~[hibernate-core-5.0.12.Final.jar:5.0.12.Final]
	at java.lang.String.valueOf(String.java:2994) ~[na:1.8.0_131]
	at java.lang.StringBuilder.append(StringBuilder.java:131) ~[na:1.8.0_131]
	at com.jpa.hibernate.demo.entity.Course.toString(Course.java:105) ~[classes/:na]
	at java.lang.String.valueOf(String.java:2994) ~[na:1.8.0_131]
	at java.lang.StringBuilder.append(StringBuilder.java:131) ~[na:1.8.0_131]
	at com.jpa.hibernate.demo.entity.Rating.toString(Rating.java:55) ~[classes/:na]
	at java.lang.String.valueOf(String.java:2994) ~[na:1.8.0_131]
	at java.lang.StringBuilder.append(StringBuilder.java:131) ~[na:1.8.0_131]
	at java.util.AbstractCollection.toString(AbstractCollection.java:462) ~[na:1.8.0_131]
	at org.hibernate.collection.internal.PersistentBag.toString(PersistentBag.java:510) ~[hibernate-core-5.0.12.Final.jar:5.0.12.Final]
	at java.lang.String.valueOf(String.java:2994) ~[na:1.8.0_131]
	at java.lang.StringBuilder.append(StringBuilder.java:131) ~[na:1.8.0_131]
	at com.jpa.hibernate.demo.entity.Course.toString(Course.java:105) ~[classes/:na]
	at java.lang.String.valueOf(String.java:2994) ~[na:1.8.0_131]
	at java.lang.StringBuilder.append(StringBuilder.java:131) ~[na:1.8.0_131]
	at com.jpa.hibernate.demo.entity.Rating.toString(Rating.java:55) ~[classes/:na]
	at java.lang.String.valueOf(String.java:2994) ~[na:1.8.0_131]
	at java.lang.StringBuilder.append(StringBuilder.java:131) ~[na:1.8.0_131]
	at java.util.AbstractCollection.toString(AbstractCollection.java:462) ~[na:1.8.0_131]
	at org.hibernate.collection.internal.PersistentBag.toString(PersistentBag.java:510) ~[hibernate-core-5.0.12.Final.jar:5.0.12.Final]
	at java.lang.String.valueOf(String.java:2994) ~[na:1.8.0_131]
	at java.lang.StringBuilder.append(StringBuilder.java:131) ~[na:1.8.0_131]
	at com.jpa.hibernate.demo.entity.Course.toString(Course.java:105) ~[classes/:na]
	at java.lang.String.valueOf(String.java:2994) ~[na:1.8.0_131]
	at java.lang.StringBuilder.append(StringBuilder.java:131) ~[na:1.8.0_131]
	at com.jpa.hibernate.demo.entity.Rating.toString(Rating.java:55) ~[classes/:na]
	at java.lang.String.valueOf(String.java:2994) ~[na:1.8.0_131]
	at java.lang.StringBuilder.append(StringBuilder.java:131) ~[na:1.8.0_131]
	at java.util.AbstractCollection.toString(AbstractCollection.java:462) ~[na:1.8.0_131]
	at org.hibernate.collection.internal.PersistentBag.toString(PersistentBag.java:510) ~[hibernate-core-5.0.12.Final.jar:5.0.12.Final]
	at java.lang.String.valueOf(String.java:2994) ~[na:1.8.0_131]
	at java.lang.StringBuilder.append(StringBuilder.java:131) ~[na:1.8.0_131]
	at com.jpa.hibernate.demo.entity.Course.toString(Course.java:105) ~[classes/:na]
	at java.lang.String.valueOf(String.java:2994) ~[na:1.8.0_131]
	at java.lang.StringBuilder.append(StringBuilder.java:131) ~[na:1.8.0_131]
	at com.jpa.hibernate.demo.entity.Rating.toString(Rating.java:55) ~[classes/:na]
	at java.lang.String.valueOf(String.java:2994) ~[na:1.8.0_131]
	at java.lang.StringBuilder.append(StringBuilder.java:131) ~[na:1.8.0_131]
	at java.util.AbstractCollection.toString(AbstractCollection.java:462) ~[na:1.8.0_131]
	at org.hibernate.collection.internal.PersistentBag.toString(PersistentBag.java:510) ~[hibernate-core-5.0.12.Final.jar:5.0.12.Final]
	at java.lang.String.valueOf(String.java:2994) ~[na:1.8.0_131]
	at java.lang.StringBuilder.append(StringBuilder.java:131) ~[na:1.8.0_131]
	at com.jpa.hibernate.demo.entity.Course.toString(Course.java:105) ~[classes/:na]
	at java.lang.String.valueOf(String.java:2994) ~[na:1.8.0_131]
	at java.lang.StringBuilder.append(StringBuilder.java:131) ~[na:1.8.0_131]
	at com.jpa.hibernate.demo.entity.Rating.toString(Rating.java:55) ~[classes/:na]
	at java.lang.String.valueOf(String.java:2994) ~[na:1.8.0_131]
	at java.lang.StringBuilder.append(StringBuilder.java:131) ~[na:1.8.0_131]
	at java.util.AbstractCollection.toString(AbstractCollection.java:462) ~[na:1.8.0_131]
	at org.hibernate.collection.internal.PersistentBag.toString(PersistentBag.java:510) ~[hibernate-core-5.0.12.Final.jar:5.0.12.Final]
	at java.lang.String.valueOf(String.java:2994) ~[na:1.8.0_131]
	at java.lang.StringBuilder.append(StringBuilder.java:131) ~[na:1.8.0_131]
	at com.jpa.hibernate.demo.entity.Course.toString(Course.java:105) ~[classes/:na]
	at java.lang.String.valueOf(String.java:2994) ~[na:1.8.0_131]
	at java.lang.StringBuilder.append(StringBuilder.java:131) ~[na:1.8.0_131]
	at com.jpa.hibernate.demo.entity.Rating.toString(Rating.java:55) ~[classes/:na]
	at java.lang.String.valueOf(String.java:2994) ~[na:1.8.0_131]
	at java.lang.StringBuilder.append(StringBuilder.java:131) ~[na:1.8.0_131]
	at java.util.AbstractCollection.toString(AbstractCollection.java:462) ~[na:1.8.0_131]
	at org.hibernate.collection.internal.PersistentBag.toString(PersistentBag.java:510) ~[hibernate-core-5.0.12.Final.jar:5.0.12.Final]
	at java.lang.String.valueOf(String.java:2994) ~[na:1.8.0_131]
	at java.lang.StringBuilder.append(StringBuilder.java:131) ~[na:1.8.0_131]
	at com.jpa.hibernate.demo.entity.Course.toString(Course.java:105) ~[classes/:na]
	at java.lang.String.valueOf(String.java:2994) ~[na:1.8.0_131]
	at java.lang.StringBuilder.append(StringBuilder.java:131) ~[na:1.8.0_131]
	at com.jpa.hibernate.demo.entity.Rating.toString(Rating.java:55) ~[classes/:na]
	at java.lang.String.valueOf(String.java:2994) ~[na:1.8.0_131]
	at java.lang.StringBuilder.append(StringBuilder.java:131) ~[na:1.8.0_131]
	at java.util.AbstractCollection.toString(AbstractCollection.java:462) ~[na:1.8.0_131]
	at org.hibernate.collection.internal.PersistentBag.toString(PersistentBag.java:510) ~[hibernate-core-5.0.12.Final.jar:5.0.12.Final]
	at java.lang.String.valueOf(String.java:2994) ~[na:1.8.0_131]
	at java.lang.StringBuilder.append(StringBuilder.java:131) ~[na:1.8.0_131]
	at com.jpa.hibernate.demo.entity.Course.toString(Course.java:105) ~[classes/:na]
	at java.lang.String.valueOf(String.java:2994) ~[na:1.8.0_131]
	at java.lang.StringBuilder.append(StringBuilder.java:131) ~[na:1.8.0_131]
	at com.jpa.hibernate.demo.entity.Rating.toString(Rating.java:55) ~[classes/:na]
	at java.lang.String.valueOf(String.java:2994) ~[na:1.8.0_131]
	at java.lang.StringBuilder.append(StringBuilder.java:131) ~[na:1.8.0_131]
	at java.util.AbstractCollection.toString(AbstractCollection.java:462) ~[na:1.8.0_131]
	at org.hibernate.collection.internal.PersistentBag.toString(PersistentBag.java:510) ~[hibernate-core-5.0.12.Final.jar:5.0.12.Final]
	at java.lang.String.valueOf(String.java:2994) ~[na:1.8.0_131]
	at java.lang.StringBuilder.append(StringBuilder.java:131) ~[na:1.8.0_131]
	at com.jpa.hibernate.demo.entity.Course.toString(Course.java:105) ~[classes/:na]
	at java.lang.String.valueOf(String.java:2994) ~[na:1.8.0_131]
	at java.lang.StringBuilder.append(StringBuilder.java:131) ~[na:1.8.0_131]
	at com.jpa.hibernate.demo.entity.Rating.toString(Rating.java:55) ~[classes/:na]
	at java.lang.String.valueOf(String.java:2994) ~[na:1.8.0_131]
	at java.lang.StringBuilder.append(StringBuilder.java:131) ~[na:1.8.0_131]
	at java.util.AbstractCollection.toString(AbstractCollection.java:462) ~[na:1.8.0_131]
	at org.hibernate.collection.internal.PersistentBag.toString(PersistentBag.java:510) ~[hibernate-core-5.0.12.Final.jar:5.0.12.Final]
	at java.lang.String.valueOf(String.java:2994) ~[na:1.8.0_131]
	at java.lang.StringBuilder.append(StringBuilder.java:131) ~[na:1.8.0_131]
	at com.jpa.hibernate.demo.entity.Course.toString(Course.java:105) ~[classes/:na]
	at java.lang.String.valueOf(String.java:2994) ~[na:1.8.0_131]
	at java.lang.StringBuilder.append(StringBuilder.java:131) ~[na:1.8.0_131]
	at com.jpa.hibernate.demo.entity.Rating.toString(Rating.java:55) ~[classes/:na]
	at java.lang.String.valueOf(String.java:2994) ~[na:1.8.0_131]
	at java.lang.StringBuilder.append(StringBuilder.java:131) ~[na:1.8.0_131]
	at java.util.AbstractCollection.toString(AbstractCollection.java:462) ~[na:1.8.0_131]
	at org.hibernate.collection.internal.PersistentBag.toString(PersistentBag.java:510) ~[hibernate-core-5.0.12.Final.jar:5.0.12.Final]
	at java.lang.String.valueOf(String.java:2994) ~[na:1.8.0_131]
	at java.lang.StringBuilder.append(StringBuilder.java:131) ~[na:1.8.0_131]
	at com.jpa.hibernate.demo.entity.Course.toString(Course.java:105) ~[classes/:na]
	at java.lang.String.valueOf(String.java:2994) ~[na:1.8.0_131]
	at java.lang.StringBuilder.append(StringBuilder.java:131) ~[na:1.8.0_131]
	at com.jpa.hibernate.demo.entity.Rating.toString(Rating.java:55) ~[classes/:na]
	at java.lang.String.valueOf(String.java:2994) ~[na:1.8.0_131]
	at java.lang.StringBuilder.append(StringBuilder.java:131) ~[na:1.8.0_131]
	at java.util.AbstractCollection.toString(AbstractCollection.java:462) ~[na:1.8.0_131]
	at org.hibernate.collection.internal.PersistentBag.toString(PersistentBag.java:510) ~[hibernate-core-5.0.12.Final.jar:5.0.12.Final]
	at java.lang.String.valueOf(String.java:2994) ~[na:1.8.0_131]
	at java.lang.StringBuilder.append(StringBuilder.java:131) ~[na:1.8.0_131]
	at com.jpa.hibernate.demo.entity.Course.toString(Course.java:105) ~[classes/:na]
	at java.lang.String.valueOf(String.java:2994) ~[na:1.8.0_131]
	at java.lang.StringBuilder.append(StringBuilder.java:131) ~[na:1.8.0_131]
	at com.jpa.hibernate.demo.entity.Rating.toString(Rating.java:55) ~[classes/:na]
	at java.lang.String.valueOf(String.java:2994) ~[na:1.8.0_131]
	at java.lang.StringBuilder.append(StringBuilder.java:131) ~[na:1.8.0_131]
	at java.util.AbstractCollection.toString(AbstractCollection.java:462) ~[na:1.8.0_131]
	at org.hibernate.collection.internal.PersistentBag.toString(PersistentBag.java:510) ~[hibernate-core-5.0.12.Final.jar:5.0.12.Final]
	at java.lang.String.valueOf(String.java:2994) ~[na:1.8.0_131]
	at java.lang.StringBuilder.append(StringBuilder.java:131) ~[na:1.8.0_131]
	at com.jpa.hibernate.demo.entity.Course.toString(Course.java:105) ~[classes/:na]
	at java.lang.String.valueOf(String.java:2994) ~[na:1.8.0_131]
	at java.lang.StringBuilder.append(StringBuilder.java:131) ~[na:1.8.0_131]
	at com.jpa.hibernate.demo.entity.Rating.toString(Rating.java:55) ~[classes/:na]
	at java.lang.String.valueOf(String.java:2994) ~[na:1.8.0_131]
	at java.lang.StringBuilder.append(StringBuilder.java:131) ~[na:1.8.0_131]
	at java.util.AbstractCollection.toString(AbstractCollection.java:462) ~[na:1.8.0_131]
	at org.hibernate.collection.internal.PersistentBag.toString(PersistentBag.java:510) ~[hibernate-core-5.0.12.Final.jar:5.0.12.Final]
	at java.lang.String.valueOf(String.java:2994) ~[na:1.8.0_131]
	at java.lang.StringBuilder.append(StringBuilder.java:131) ~[na:1.8.0_131]
	at com.jpa.hibernate.demo.entity.Course.toString(Course.java:105) ~[classes/:na]
	at java.lang.String.valueOf(String.java:2994) ~[na:1.8.0_131]
	at java.lang.StringBuilder.append(StringBuilder.java:131) ~[na:1.8.0_131]
	at com.jpa.hibernate.demo.entity.Rating.toString(Rating.java:55) ~[classes/:na]
	at java.lang.String.valueOf(String.java:2994) ~[na:1.8.0_131]
	at java.lang.StringBuilder.append(StringBuilder.java:131) ~[na:1.8.0_131]
	at java.util.AbstractCollection.toString(AbstractCollection.java:462) ~[na:1.8.0_131]
	at org.hibernate.collection.internal.PersistentBag.toString(PersistentBag.java:510) ~[hibernate-core-5.0.12.Final.jar:5.0.12.Final]
	at java.lang.String.valueOf(String.java:2994) ~[na:1.8.0_131]
	at java.lang.StringBuilder.append(StringBuilder.java:131) ~[na:1.8.0_131]
	at com.jpa.hibernate.demo.entity.Course.toString(Course.java:105) ~[classes/:na]
	at java.lang.String.valueOf(String.java:2994) ~[na:1.8.0_131]
	at java.lang.StringBuilder.append(StringBuilder.java:131) ~[na:1.8.0_131]
	at com.jpa.hibernate.demo.entity.Rating.toString(Rating.java:55) ~[classes/:na]
	at java.lang.String.valueOf(String.java:2994) ~[na:1.8.0_131]
	at java.lang.StringBuilder.append(StringBuilder.java:131) ~[na:1.8.0_131]
	at java.util.AbstractCollection.toString(AbstractCollection.java:462) ~[na:1.8.0_131]
	at org.hibernate.collection.internal.PersistentBag.toString(PersistentBag.java:510) ~[hibernate-core-5.0.12.Final.jar:5.0.12.Final]
	at java.lang.String.valueOf(String.java:2994) ~[na:1.8.0_131]
	at java.lang.StringBuilder.append(StringBuilder.java:131) ~[na:1.8.0_131]
	at com.jpa.hibernate.demo.entity.Course.toString(Course.java:105) ~[classes/:na]
	at java.lang.String.valueOf(String.java:2994) ~[na:1.8.0_131]
	at java.lang.StringBuilder.append(StringBuilder.java:131) ~[na:1.8.0_131]
	at com.jpa.hibernate.demo.entity.Rating.toString(Rating.java:55) ~[classes/:na]
	at java.lang.String.valueOf(String.java:2994) ~[na:1.8.0_131]
	at java.lang.StringBuilder.append(StringBuilder.java:131) ~[na:1.8.0_131]
	at java.util.AbstractCollection.toString(AbstractCollection.java:462) ~[na:1.8.0_131]
	at org.hibernate.collection.internal.PersistentBag.toString(PersistentBag.java:510) ~[hibernate-core-5.0.12.Final.jar:5.0.12.Final]
	at java.lang.String.valueOf(String.java:2994) ~[na:1.8.0_131]
	at java.lang.StringBuilder.append(StringBuilder.java:131) ~[na:1.8.0_131]
	at com.jpa.hibernate.demo.entity.Course.toString(Course.java:105) ~[classes/:na]
	at java.lang.String.valueOf(String.java:2994) ~[na:1.8.0_131]
	at java.lang.StringBuilder.append(StringBuilder.java:131) ~[na:1.8.0_131]
	at com.jpa.hibernate.demo.entity.Rating.toString(Rating.java:55) ~[classes/:na]
	at java.lang.String.valueOf(String.java:2994) ~[na:1.8.0_131]
	at java.lang.StringBuilder.append(StringBuilder.java:131) ~[na:1.8.0_131]
	at java.util.AbstractCollection.toString(AbstractCollection.java:462) ~[na:1.8.0_131]
	at org.hibernate.collection.internal.PersistentBag.toString(PersistentBag.java:510) ~[hibernate-core-5.0.12.Final.jar:5.0.12.Final]
	at java.lang.String.valueOf(String.java:2994) ~[na:1.8.0_131]
	at java.lang.StringBuilder.append(StringBuilder.java:131) ~[na:1.8.0_131]
	at com.jpa.hibernate.demo.entity.Course.toString(Course.java:105) ~[classes/:na]
	at java.lang.String.valueOf(String.java:2994) ~[na:1.8.0_131]
	at java.lang.StringBuilder.append(StringBuilder.java:131) ~[na:1.8.0_131]
	at com.jpa.hibernate.demo.entity.Rating.toString(Rating.java:55) ~[classes/:na]
	at java.lang.String.valueOf(String.java:2994) ~[na:1.8.0_131]
	at java.lang.StringBuilder.append(StringBuilder.java:131) ~[na:1.8.0_131]
	at java.util.AbstractCollection.toString(AbstractCollection.java:462) ~[na:1.8.0_131]
	at org.hibernate.collection.internal.PersistentBag.toString(PersistentBag.java:510) ~[hibernate-core-5.0.12.Final.jar:5.0.12.Final]
	at java.lang.String.valueOf(String.java:2994) ~[na:1.8.0_131]
	at java.lang.StringBuilder.append(StringBuilder.java:131) ~[na:1.8.0_131]
	at com.jpa.hibernate.demo.entity.Course.toString(Course.java:105) ~[classes/:na]
	at java.lang.String.valueOf(String.java:2994) ~[na:1.8.0_131]
	at java.lang.StringBuilder.append(StringBuilder.java:131) ~[na:1.8.0_131]
	at com.jpa.hibernate.demo.entity.Rating.toString(Rating.java:55) ~[classes/:na]
	at java.lang.String.valueOf(String.java:2994) ~[na:1.8.0_131]
	at java.lang.StringBuilder.append(StringBuilder.java:131) ~[na:1.8.0_131]
	at java.util.AbstractCollection.toString(AbstractCollection.java:462) ~[na:1.8.0_131]
	at org.hibernate.collection.internal.PersistentBag.toString(PersistentBag.java:510) ~[hibernate-core-5.0.12.Final.jar:5.0.12.Final]
	at java.lang.String.valueOf(String.java:2994) ~[na:1.8.0_131]
	at java.lang.StringBuilder.append(StringBuilder.java:131) ~[na:1.8.0_131]
	at com.jpa.hibernate.demo.entity.Course.toString(Course.java:105) ~[classes/:na]
	at java.lang.String.valueOf(String.java:2994) ~[na:1.8.0_131]
	at java.lang.StringBuilder.append(StringBuilder.java:131) ~[na:1.8.0_131]
	at com.jpa.hibernate.demo.entity.Rating.toString(Rating.java:55) ~[classes/:na]
	at java.lang.String.valueOf(String.java:2994) ~[na:1.8.0_131]
	at java.lang.StringBuilder.append(StringBuilder.java:131) ~[na:1.8.0_131]
	at java.util.AbstractCollection.toString(AbstractCollection.java:462) ~[na:1.8.0_131]
	at org.hibernate.collection.internal.PersistentBag.toString(PersistentBag.java:510) ~[hibernate-core-5.0.12.Final.jar:5.0.12.Final]
	at java.lang.String.valueOf(String.java:2994) ~[na:1.8.0_131]
	at java.lang.StringBuilder.append(StringBuilder.java:131) ~[na:1.8.0_131]
	at com.jpa.hibernate.demo.entity.Course.toString(Course.java:105) ~[classes/:na]
	at java.lang.String.valueOf(String.java:2994) ~[na:1.8.0_131]
	at java.lang.StringBuilder.append(StringBuilder.java:131) ~[na:1.8.0_131]
	at com.jpa.hibernate.demo.entity.Rating.toString(Rating.java:55) ~[classes/:na]
	at java.lang.String.valueOf(String.java:2994) ~[na:1.8.0_131]
	at java.lang.StringBuilder.append(StringBuilder.java:131) ~[na:1.8.0_131]
	at java.util.AbstractCollection.toString(AbstractCollection.java:462) ~[na:1.8.0_131]
	at org.hibernate.collection.internal.PersistentBag.toString(PersistentBag.java:510) ~[hibernate-core-5.0.12.Final.jar:5.0.12.Final]
	at java.lang.String.valueOf(String.java:2994) ~[na:1.8.0_131]
	at java.lang.StringBuilder.append(StringBuilder.java:131) ~[na:1.8.0_131]
	at com.jpa.hibernate.demo.entity.Course.toString(Course.java:105) ~[classes/:na]
	at java.lang.String.valueOf(String.java:2994) ~[na:1.8.0_131]
	at java.lang.StringBuilder.append(StringBuilder.java:131) ~[na:1.8.0_131]
	at com.jpa.hibernate.demo.entity.Rating.toString(Rating.java:55) ~[classes/:na]
	at java.lang.String.valueOf(String.java:2994) ~[na:1.8.0_131]
	at java.lang.StringBuilder.append(StringBuilder.java:131) ~[na:1.8.0_131]
	at java.util.AbstractCollection.toString(AbstractCollection.java:462) ~[na:1.8.0_131]
	at org.hibernate.collection.internal.PersistentBag.toString(PersistentBag.java:510) ~[hibernate-core-5.0.12.Final.jar:5.0.12.Final]
	at java.lang.String.valueOf(String.java:2994) ~[na:1.8.0_131]
	at java.lang.StringBuilder.append(StringBuilder.java:131) ~[na:1.8.0_131]
	at com.jpa.hibernate.demo.entity.Course.toString(Course.java:105) ~[classes/:na]
	at java.lang.String.valueOf(String.java:2994) ~[na:1.8.0_131]
	at java.lang.StringBuilder.append(StringBuilder.java:131) ~[na:1.8.0_131]
	at com.jpa.hibernate.demo.entity.Rating.toString(Rating.java:55) ~[classes/:na]
	at java.lang.String.valueOf(String.java:2994) ~[na:1.8.0_131]
	at java.lang.StringBuilder.append(StringBuilder.java:131) ~[na:1.8.0_131]
	at java.util.AbstractCollection.toString(AbstractCollection.java:462) ~[na:1.8.0_131]
	at org.hibernate.collection.internal.PersistentBag.toString(PersistentBag.java:510) ~[hibernate-core-5.0.12.Final.jar:5.0.12.Final]
	at java.lang.String.valueOf(String.java:2994) ~[na:1.8.0_131]
	at java.lang.StringBuilder.append(StringBuilder.java:131) ~[na:1.8.0_131]
	at com.jpa.hibernate.demo.entity.Course.toString(Course.java:105) ~[classes/:na]
	at java.lang.String.valueOf(String.java:2994) ~[na:1.8.0_131]
	at java.lang.StringBuilder.append(StringBuilder.java:131) ~[na:1.8.0_131]
	at com.jpa.hibernate.demo.entity.Rating.toString(Rating.java:55) ~[classes/:na]
	at java.lang.String.valueOf(String.java:2994) ~[na:1.8.0_131]
	at java.lang.StringBuilder.append(StringBuilder.java:131) ~[na:1.8.0_131]
	at java.util.AbstractCollection.toString(AbstractCollection.java:462) ~[na:1.8.0_131]
	at org.hibernate.collection.internal.PersistentBag.toString(PersistentBag.java:510) ~[hibernate-core-5.0.12.Final.jar:5.0.12.Final]
	at java.lang.String.valueOf(String.java:2994) ~[na:1.8.0_131]
	at java.lang.StringBuilder.append(StringBuilder.java:131) ~[na:1.8.0_131]
	at com.jpa.hibernate.demo.entity.Course.toString(Course.java:105) ~[classes/:na]
	at java.lang.String.valueOf(String.java:2994) ~[na:1.8.0_131]
	at java.lang.StringBuilder.append(StringBuilder.java:131) ~[na:1.8.0_131]
	at com.jpa.hibernate.demo.entity.Rating.toString(Rating.java:55) ~[classes/:na]
	at java.lang.String.valueOf(String.java:2994) ~[na:1.8.0_131]
	at java.lang.StringBuilder.append(StringBuilder.java:131) ~[na:1.8.0_131]
	at java.util.AbstractCollection.toString(AbstractCollection.java:462) ~[na:1.8.0_131]
	at org.hibernate.collection.internal.PersistentBag.toString(PersistentBag.java:510) ~[hibernate-core-5.0.12.Final.jar:5.0.12.Final]
	at java.lang.String.valueOf(String.java:2994) ~[na:1.8.0_131]
	at java.lang.StringBuilder.append(StringBuilder.java:131) ~[na:1.8.0_131]
	at com.jpa.hibernate.demo.entity.Course.toString(Course.java:105) ~[classes/:na]
	at java.lang.String.valueOf(String.java:2994) ~[na:1.8.0_131]
	at java.lang.StringBuilder.append(StringBuilder.java:131) ~[na:1.8.0_131]
	at com.jpa.hibernate.demo.entity.Rating.toString(Rating.java:55) ~[classes/:na]
	at java.lang.String.valueOf(String.java:2994) ~[na:1.8.0_131]
	at java.lang.StringBuilder.append(StringBuilder.java:131) ~[na:1.8.0_131]
	at java.util.AbstractCollection.toString(AbstractCollection.java:462) ~[na:1.8.0_131]
	at org.hibernate.collection.internal.PersistentBag.toString(PersistentBag.java:510) ~[hibernate-core-5.0.12.Final.jar:5.0.12.Final]
	at java.lang.String.valueOf(String.java:2994) ~[na:1.8.0_131]
	at java.lang.StringBuilder.append(StringBuilder.java:131) ~[na:1.8.0_131]
	at com.jpa.hibernate.demo.entity.Course.toString(Course.java:105) ~[classes/:na]
	at java.lang.String.valueOf(String.java:2994) ~[na:1.8.0_131]
	at java.lang.StringBuilder.append(StringBuilder.java:131) ~[na:1.8.0_131]
	at com.jpa.hibernate.demo.entity.Rating.toString(Rating.java:55) ~[classes/:na]
	at java.lang.String.valueOf(String.java:2994) ~[na:1.8.0_131]
	at java.lang.StringBuilder.append(StringBuilder.java:131) ~[na:1.8.0_131]
	at java.util.AbstractCollection.toString(AbstractCollection.java:462) ~[na:1.8.0_131]
	at org.hibernate.collection.internal.PersistentBag.toString(PersistentBag.java:510) ~[hibernate-core-5.0.12.Final.jar:5.0.12.Final]
	at java.lang.String.valueOf(String.java:2994) ~[na:1.8.0_131]
	at java.lang.StringBuilder.append(StringBuilder.java:131) ~[na:1.8.0_131]
	at com.jpa.hibernate.demo.entity.Course.toString(Course.java:105) ~[classes/:na]
	at java.lang.String.valueOf(String.java:2994) ~[na:1.8.0_131]
	at java.lang.StringBuilder.append(StringBuilder.java:131) ~[na:1.8.0_131]
	at com.jpa.hibernate.demo.entity.Rating.toString(Rating.java:55) ~[classes/:na]
	at java.lang.String.valueOf(String.java:2994) ~[na:1.8.0_131]
	at java.lang.StringBuilder.append(StringBuilder.java:131) ~[na:1.8.0_131]
	at java.util.AbstractCollection.toString(AbstractCollection.java:462) ~[na:1.8.0_131]
	at org.hibernate.collection.internal.PersistentBag.toString(PersistentBag.java:510) ~[hibernate-core-5.0.12.Final.jar:5.0.12.Final]
	at java.lang.String.valueOf(String.java:2994) ~[na:1.8.0_131]
	at java.lang.StringBuilder.append(StringBuilder.java:131) ~[na:1.8.0_131]
	at com.jpa.hibernate.demo.entity.Course.toString(Course.java:105) ~[classes/:na]
	at java.lang.String.valueOf(String.java:2994) ~[na:1.8.0_131]
	at java.lang.StringBuilder.append(StringBuilder.java:131) ~[na:1.8.0_131]
	at com.jpa.hibernate.demo.entity.Rating.toString(Rating.java:55) ~[classes/:na]
	at java.lang.String.valueOf(String.java:2994) ~[na:1.8.0_131]
	at java.lang.StringBuilder.append(StringBuilder.java:131) ~[na:1.8.0_131]
	at java.util.AbstractCollection.toString(AbstractCollection.java:462) ~[na:1.8.0_131]
	at org.hibernate.collection.internal.PersistentBag.toString(PersistentBag.java:510) ~[hibernate-core-5.0.12.Final.jar:5.0.12.Final]
	at java.lang.String.valueOf(String.java:2994) ~[na:1.8.0_131]
	at java.lang.StringBuilder.append(StringBuilder.java:131) ~[na:1.8.0_131]
	at com.jpa.hibernate.demo.entity.Course.toString(Course.java:105) ~[classes/:na]
	at java.lang.String.valueOf(String.java:2994) ~[na:1.8.0_131]
	at java.lang.StringBuilder.append(StringBuilder.java:131) ~[na:1.8.0_131]
	at com.jpa.hibernate.demo.entity.Rating.toString(Rating.java:55) ~[classes/:na]
	at java.lang.String.valueOf(String.java:2994) ~[na:1.8.0_131]
	at java.lang.StringBuilder.append(StringBuilder.java:131) ~[na:1.8.0_131]
	at java.util.AbstractCollection.toString(AbstractCollection.java:462) ~[na:1.8.0_131]
	at org.hibernate.collection.internal.PersistentBag.toString(PersistentBag.java:510) ~[hibernate-core-5.0.12.Final.jar:5.0.12.Final]
	at java.lang.String.valueOf(String.java:2994) ~[na:1.8.0_131]
	at java.lang.StringBuilder.append(StringBuilder.java:131) ~[na:1.8.0_131]
	at com.jpa.hibernate.demo.entity.Course.toString(Course.java:105) ~[classes/:na]
	at java.lang.String.valueOf(String.java:2994) ~[na:1.8.0_131]
	at java.lang.StringBuilder.append(StringBuilder.java:131) ~[na:1.8.0_131]
	at com.jpa.hibernate.demo.entity.Rating.toString(Rating.java:55) ~[classes/:na]
	at java.lang.String.valueOf(String.java:2994) ~[na:1.8.0_131]
	at java.lang.StringBuilder.append(StringBuilder.java:131) ~[na:1.8.0_131]
	at java.util.AbstractCollection.toString(AbstractCollection.java:462) ~[na:1.8.0_131]
	at org.hibernate.collection.internal.PersistentBag.toString(PersistentBag.java:510) ~[hibernate-core-5.0.12.Final.jar:5.0.12.Final]
	at java.lang.String.valueOf(String.java:2994) ~[na:1.8.0_131]
	at java.lang.StringBuilder.append(StringBuilder.java:131) ~[na:1.8.0_131]
	at com.jpa.hibernate.demo.entity.Course.toString(Course.java:105) ~[classes/:na]
	at java.lang.String.valueOf(String.java:2994) ~[na:1.8.0_131]
	at java.lang.StringBuilder.append(StringBuilder.java:131) ~[na:1.8.0_131]
	at com.jpa.hibernate.demo.entity.Rating.toString(Rating.java:55) ~[classes/:na]
	at java.lang.String.valueOf(String.java:2994) ~[na:1.8.0_131]
	at java.lang.StringBuilder.append(StringBuilder.java:131) ~[na:1.8.0_131]
	at java.util.AbstractCollection.toString(AbstractCollection.java:462) ~[na:1.8.0_131]
	at org.hibernate.collection.internal.PersistentBag.toString(PersistentBag.java:510) ~[hibernate-core-5.0.12.Final.jar:5.0.12.Final]
	at java.lang.String.valueOf(String.java:2994) ~[na:1.8.0_131]
	at java.lang.StringBuilder.append(StringBuilder.java:131) ~[na:1.8.0_131]
	at com.jpa.hibernate.demo.entity.Course.toString(Course.java:105) ~[classes/:na]
	at java.lang.String.valueOf(String.java:2994) ~[na:1.8.0_131]
	at java.lang.StringBuilder.append(StringBuilder.java:131) ~[na:1.8.0_131]
	at com.jpa.hibernate.demo.entity.Rating.toString(Rating.java:55) ~[classes/:na]
	at java.lang.String.valueOf(String.java:2994) ~[na:1.8.0_131]
	at java.lang.StringBuilder.append(StringBuilder.java:131) ~[na:1.8.0_131]
	at java.util.AbstractCollection.toString(AbstractCollection.java:462) ~[na:1.8.0_131]
	at org.hibernate.collection.internal.PersistentBag.toString(PersistentBag.java:510) ~[hibernate-core-5.0.12.Final.jar:5.0.12.Final]
	at java.lang.String.valueOf(String.java:2994) ~[na:1.8.0_131]
	at java.lang.StringBuilder.append(StringBuilder.java:131) ~[na:1.8.0_131]
	at com.jpa.hibernate.demo.entity.Course.toString(Course.java:105) ~[classes/:na]
	at java.lang.String.valueOf(String.java:2994) ~[na:1.8.0_131]
	at java.lang.StringBuilder.append(StringBuilder.java:131) ~[na:1.8.0_131]
	at com.jpa.hibernate.demo.entity.Rating.toString(Rating.java:55) ~[classes/:na]
	at java.lang.String.valueOf(String.java:2994) ~[na:1.8.0_131]
	at java.lang.StringBuilder.append(StringBuilder.java:131) ~[na:1.8.0_131]
	at java.util.AbstractCollection.toString(AbstractCollection.java:462) ~[na:1.8.0_131]
	at org.hibernate.collection.internal.PersistentBag.toString(PersistentBag.java:510) ~[hibernate-core-5.0.12.Final.jar:5.0.12.Final]
	at java.lang.String.valueOf(String.java:2994) ~[na:1.8.0_131]
	at java.lang.StringBuilder.append(StringBuilder.java:131) ~[na:1.8.0_131]
	at com.jpa.hibernate.demo.entity.Course.toString(Course.java:105) ~[classes/:na]
	at java.lang.String.valueOf(String.java:2994) ~[na:1.8.0_131]
	at java.lang.StringBuilder.append(StringBuilder.java:131) ~[na:1.8.0_131]
	at com.jpa.hibernate.demo.entity.Rating.toString(Rating.java:55) ~[classes/:na]
	at java.lang.String.valueOf(String.java:2994) ~[na:1.8.0_131]
	at java.lang.StringBuilder.append(StringBuilder.java:131) ~[na:1.8.0_131]
	at java.util.AbstractCollection.toString(AbstractCollection.java:462) ~[na:1.8.0_131]
	at org.hibernate.collection.internal.PersistentBag.toString(PersistentBag.java:510) ~[hibernate-core-5.0.12.Final.jar:5.0.12.Final]
	at java.lang.String.valueOf(String.java:2994) ~[na:1.8.0_131]
	at java.lang.StringBuilder.append(StringBuilder.java:131) ~[na:1.8.0_131]
	at com.jpa.hibernate.demo.entity.Course.toString(Course.java:105) ~[classes/:na]
	at java.lang.String.valueOf(String.java:2994) ~[na:1.8.0_131]
	at java.lang.StringBuilder.append(StringBuilder.java:131) ~[na:1.8.0_131]
	at com.jpa.hibernate.demo.entity.Rating.toString(Rating.java:55) ~[classes/:na]
	at java.lang.String.valueOf(String.java:2994) ~[na:1.8.0_131]
	at java.lang.StringBuilder.append(StringBuilder.java:131) ~[na:1.8.0_131]
	at java.util.AbstractCollection.toString(AbstractCollection.java:462) ~[na:1.8.0_131]
	at org.hibernate.collection.internal.PersistentBag.toString(PersistentBag.java:510) ~[hibernate-core-5.0.12.Final.jar:5.0.12.Final]
	at java.lang.String.valueOf(String.java:2994) ~[na:1.8.0_131]
	at java.lang.StringBuilder.append(StringBuilder.java:131) ~[na:1.8.0_131]
	at com.jpa.hibernate.demo.entity.Course.toString(Course.java:105) ~[classes/:na]
	at java.lang.String.valueOf(String.java:2994) ~[na:1.8.0_131]
	at java.lang.StringBuilder.append(StringBuilder.java:131) ~[na:1.8.0_131]
	at com.jpa.hibernate.demo.entity.Rating.toString(Rating.java:55) ~[classes/:na]
	at java.lang.String.valueOf(String.java:2994) ~[na:1.8.0_131]
	at java.lang.StringBuilder.append(StringBuilder.java:131) ~[na:1.8.0_131]
	at java.util.AbstractCollection.toString(AbstractCollection.java:462) ~[na:1.8.0_131]
	at org.hibernate.collection.internal.PersistentBag.toString(PersistentBag.java:510) ~[hibernate-core-5.0.12.Final.jar:5.0.12.Final]
	at java.lang.String.valueOf(String.java:2994) ~[na:1.8.0_131]
	at java.lang.StringBuilder.append(StringBuilder.java:131) ~[na:1.8.0_131]
	at com.jpa.hibernate.demo.entity.Course.toString(Course.java:105) ~[classes/:na]
	at java.lang.String.valueOf(String.java:2994) ~[na:1.8.0_131]
	at java.lang.StringBuilder.append(StringBuilder.java:131) ~[na:1.8.0_131]
	at com.jpa.hibernate.demo.entity.Rating.toString(Rating.java:55) ~[classes/:na]
	at java.lang.String.valueOf(String.java:2994) ~[na:1.8.0_131]
	at java.lang.StringBuilder.append(StringBuilder.java:131) ~[na:1.8.0_131]
	at java.util.AbstractCollection.toString(AbstractCollection.java:462) ~[na:1.8.0_131]
	at org.hibernate.collection.internal.PersistentBag.toString(PersistentBag.java:510) ~[hibernate-core-5.0.12.Final.jar:5.0.12.Final]
	at java.lang.String.valueOf(String.java:2994) ~[na:1.8.0_131]
	at java.lang.StringBuilder.append(StringBuilder.java:131) ~[na:1.8.0_131]
	at com.jpa.hibernate.demo.entity.Course.toString(Course.java:105) ~[classes/:na]
	at java.lang.String.valueOf(String.java:2994) ~[na:1.8.0_131]
	at java.lang.StringBuilder.append(StringBuilder.java:131) ~[na:1.8.0_131]
	at com.jpa.hibernate.demo.entity.Rating.toString(Rating.java:55) ~[classes/:na]
	at java.lang.String.valueOf(String.java:2994) ~[na:1.8.0_131]
	at java.lang.StringBuilder.append(StringBuilder.java:131) ~[na:1.8.0_131]
	at java.util.AbstractCollection.toString(AbstractCollection.java:462) ~[na:1.8.0_131]
	at org.hibernate.collection.internal.PersistentBag.toString(PersistentBag.java:510) ~[hibernate-core-5.0.12.Final.jar:5.0.12.Final]
	at java.lang.String.valueOf(String.java:2994) ~[na:1.8.0_131]
	at java.lang.StringBuilder.append(StringBuilder.java:131) ~[na:1.8.0_131]
	at com.jpa.hibernate.demo.entity.Course.toString(Course.java:105) ~[classes/:na]
	at java.lang.String.valueOf(String.java:2994) ~[na:1.8.0_131]
	at java.lang.StringBuilder.append(StringBuilder.java:131) ~[na:1.8.0_131]
	at com.jpa.hibernate.demo.entity.Rating.toString(Rating.java:55) ~[classes/:na]
	at java.lang.String.valueOf(String.java:2994) ~[na:1.8.0_131]
	at java.lang.StringBuilder.append(StringBuilder.java:131) ~[na:1.8.0_131]
	at java.util.AbstractCollection.toString(AbstractCollection.java:462) ~[na:1.8.0_131]
	at org.hibernate.collection.internal.PersistentBag.toString(PersistentBag.java:510) ~[hibernate-core-5.0.12.Final.jar:5.0.12.Final]
	at java.lang.String.valueOf(String.java:2994) ~[na:1.8.0_131]
	at java.lang.StringBuilder.append(StringBuilder.java:131) ~[na:1.8.0_131]
	at com.jpa.hibernate.demo.entity.Course.toString(Course.java:105) ~[classes/:na]
	at java.lang.String.valueOf(String.java:2994) ~[na:1.8.0_131]
	at java.lang.StringBuilder.append(StringBuilder.java:131) ~[na:1.8.0_131]
	at com.jpa.hibernate.demo.entity.Rating.toString(Rating.java:55) ~[classes/:na]
	at java.lang.String.valueOf(String.java:2994) ~[na:1.8.0_131]
	at java.lang.StringBuilder.append(StringBuilder.java:131) ~[na:1.8.0_131]
	at java.util.AbstractCollection.toString(AbstractCollection.java:462) ~[na:1.8.0_131]
	at org.hibernate.collection.internal.PersistentBag.toString(PersistentBag.java:510) ~[hibernate-core-5.0.12.Final.jar:5.0.12.Final]
	at java.lang.String.valueOf(String.java:2994) ~[na:1.8.0_131]
	at java.lang.StringBuilder.append(StringBuilder.java:131) ~[na:1.8.0_131]
	at com.jpa.hibernate.demo.entity.Course.toString(Course.java:105) ~[classes/:na]
	at java.lang.String.valueOf(String.java:2994) ~[na:1.8.0_131]
	at java.lang.StringBuilder.append(StringBuilder.java:131) ~[na:1.8.0_131]
	at com.jpa.hibernate.demo.entity.Rating.toString(Rating.java:55) ~[classes/:na]
	at java.lang.String.valueOf(String.java:2994) ~[na:1.8.0_131]
	at java.lang.StringBuilder.append(StringBuilder.java:131) ~[na:1.8.0_131]
	at java.util.AbstractCollection.toString(AbstractCollection.java:462) ~[na:1.8.0_131]
	at org.hibernate.collection.internal.PersistentBag.toString(PersistentBag.java:510) ~[hibernate-core-5.0.12.Final.jar:5.0.12.Final]
	at java.lang.String.valueOf(String.java:2994) ~[na:1.8.0_131]
	at java.lang.StringBuilder.append(StringBuilder.java:131) ~[na:1.8.0_131]
	at com.jpa.hibernate.demo.entity.Course.toString(Course.java:105) ~[classes/:na]
	at java.lang.String.valueOf(String.java:2994) ~[na:1.8.0_131]
	at java.lang.StringBuilder.append(StringBuilder.java:131) ~[na:1.8.0_131]
	at com.jpa.hibernate.demo.entity.Rating.toString(Rating.java:55) ~[classes/:na]
	at java.lang.String.valueOf(String.java:2994) ~[na:1.8.0_131]
	at java.lang.StringBuilder.append(StringBuilder.java:131) ~[na:1.8.0_131]
	at java.util.AbstractCollection.toString(AbstractCollection.java:462) ~[na:1.8.0_131]
	at org.hibernate.collection.internal.PersistentBag.toString(PersistentBag.java:510) ~[hibernate-core-5.0.12.Final.jar:5.0.12.Final]
	at java.lang.String.valueOf(String.java:2994) ~[na:1.8.0_131]
	at java.lang.StringBuilder.append(StringBuilder.java:131) ~[na:1.8.0_131]
	at com.jpa.hibernate.demo.entity.Course.toString(Course.java:105) ~[classes/:na]
	at java.lang.String.valueOf(String.java:2994) ~[na:1.8.0_131]
	at java.lang.StringBuilder.append(StringBuilder.java:131) ~[na:1.8.0_131]
	at com.jpa.hibernate.demo.entity.Rating.toString(Rating.java:55) ~[classes/:na]
	at java.lang.String.valueOf(String.java:2994) ~[na:1.8.0_131]
	at java.lang.StringBuilder.append(StringBuilder.java:131) ~[na:1.8.0_131]
	at java.util.AbstractCollection.toString(AbstractCollection.java:462) ~[na:1.8.0_131]
	at org.hibernate.collection.internal.PersistentBag.toString(PersistentBag.java:510) ~[hibernate-core-5.0.12.Final.jar:5.0.12.Final]
	at java.lang.String.valueOf(String.java:2994) ~[na:1.8.0_131]
	at java.lang.StringBuilder.append(StringBuilder.java:131) ~[na:1.8.0_131]
	at com.jpa.hibernate.demo.entity.Course.toString(Course.java:105) ~[classes/:na]
	at java.lang.String.valueOf(String.java:2994) ~[na:1.8.0_131]
	at java.lang.StringBuilder.append(StringBuilder.java:131) ~[na:1.8.0_131]
	at com.jpa.hibernate.demo.entity.Rating.toString(Rating.java:55) ~[classes/:na]
	at java.lang.String.valueOf(String.java:2994) ~[na:1.8.0_131]
	at java.lang.StringBuilder.append(StringBuilder.java:131) ~[na:1.8.0_131]
	at java.util.AbstractCollection.toString(AbstractCollection.java:462) ~[na:1.8.0_131]
	at org.hibernate.collection.internal.PersistentBag.toString(PersistentBag.java:510) ~[hibernate-core-5.0.12.Final.jar:5.0.12.Final]
	at java.lang.String.valueOf(String.java:2994) ~[na:1.8.0_131]
	at java.lang.StringBuilder.append(StringBuilder.java:131) ~[na:1.8.0_131]
	at com.jpa.hibernate.demo.entity.Course.toString(Course.java:105) ~[classes/:na]
	at java.lang.String.valueOf(String.java:2994) ~[na:1.8.0_131]
	at java.lang.StringBuilder.append(StringBuilder.java:131) ~[na:1.8.0_131]
	at com.jpa.hibernate.demo.entity.Rating.toString(Rating.java:55) ~[classes/:na]
	at java.lang.String.valueOf(String.java:2994) ~[na:1.8.0_131]
	at java.lang.StringBuilder.append(StringBuilder.java:131) ~[na:1.8.0_131]
	at java.util.AbstractCollection.toString(AbstractCollection.java:462) ~[na:1.8.0_131]
	at org.hibernate.collection.internal.PersistentBag.toString(PersistentBag.java:510) ~[hibernate-core-5.0.12.Final.jar:5.0.12.Final]
	at java.lang.String.valueOf(String.java:2994) ~[na:1.8.0_131]
	at java.lang.StringBuilder.append(StringBuilder.java:131) ~[na:1.8.0_131]
	at com.jpa.hibernate.demo.entity.Course.toString(Course.java:105) ~[classes/:na]
	at java.lang.String.valueOf(String.java:2994) ~[na:1.8.0_131]
	at java.lang.StringBuilder.append(StringBuilder.java:131) ~[na:1.8.0_131]
	at com.jpa.hibernate.demo.entity.Rating.toString(Rating.java:55) ~[classes/:na]
	at java.lang.String.valueOf(String.java:2994) ~[na:1.8.0_131]
	at java.lang.StringBuilder.append(StringBuilder.java:131) ~[na:1.8.0_131]
	at java.util.AbstractCollection.toString(AbstractCollection.java:462) ~[na:1.8.0_131]
	at org.hibernate.collection.internal.PersistentBag.toString(PersistentBag.java:510) ~[hibernate-core-5.0.12.Final.jar:5.0.12.Final]
	at java.lang.String.valueOf(String.java:2994) ~[na:1.8.0_131]
	at java.lang.StringBuilder.append(StringBuilder.java:131) ~[na:1.8.0_131]
	at com.jpa.hibernate.demo.entity.Course.toString(Course.java:105) ~[classes/:na]
	at java.lang.String.valueOf(String.java:2994) ~[na:1.8.0_131]
	at java.lang.StringBuilder.append(StringBuilder.java:131) ~[na:1.8.0_131]
	at com.jpa.hibernate.demo.entity.Rating.toString(Rating.java:55) ~[classes/:na]
	at java.lang.String.valueOf(String.java:2994) ~[na:1.8.0_131]
	at java.lang.StringBuilder.append(StringBuilder.java:131) ~[na:1.8.0_131]
	at java.util.AbstractCollection.toString(AbstractCollection.java:462) ~[na:1.8.0_131]
	at org.hibernate.collection.internal.PersistentBag.toString(PersistentBag.java:510) ~[hibernate-core-5.0.12.Final.jar:5.0.12.Final]
	at java.lang.String.valueOf(String.java:2994) ~[na:1.8.0_131]
	at java.lang.StringBuilder.append(StringBuilder.java:131) ~[na:1.8.0_131]
	at com.jpa.hibernate.demo.entity.Course.toString(Course.java:105) ~[classes/:na]
	at java.lang.String.valueOf(String.java:2994) ~[na:1.8.0_131]
	at java.lang.StringBuilder.append(StringBuilder.java:131) ~[na:1.8.0_131]
	at com.jpa.hibernate.demo.entity.Rating.toString(Rating.java:55) ~[classes/:na]
	at java.lang.String.valueOf(String.java:2994) ~[na:1.8.0_131]
	at java.lang.StringBuilder.append(StringBuilder.java:131) ~[na:1.8.0_131]
	at java.util.AbstractCollection.toString(AbstractCollection.java:462) ~[na:1.8.0_131]
	at org.hibernate.collection.internal.PersistentBag.toString(PersistentBag.java:510) ~[hibernate-core-5.0.12.Final.jar:5.0.12.Final]
	at java.lang.String.valueOf(String.java:2994) ~[na:1.8.0_131]
	at java.lang.StringBuilder.append(StringBuilder.java:131) ~[na:1.8.0_131]
	at com.jpa.hibernate.demo.entity.Course.toString(Course.java:105) ~[classes/:na]
	at java.lang.String.valueOf(String.java:2994) ~[na:1.8.0_131]
	at java.lang.StringBuilder.append(StringBuilder.java:131) ~[na:1.8.0_131]
	at com.jpa.hibernate.demo.entity.Rating.toString(Rating.java:55) ~[classes/:na]
	at java.lang.String.valueOf(String.java:2994) ~[na:1.8.0_131]
	at java.lang.StringBuilder.append(StringBuilder.java:131) ~[na:1.8.0_131]
	at java.util.AbstractCollection.toString(AbstractCollection.java:462) ~[na:1.8.0_131]
	at org.hibernate.collection.internal.PersistentBag.toString(PersistentBag.java:510) ~[hibernate-core-5.0.12.Final.jar:5.0.12.Final]
	at java.lang.String.valueOf(String.java:2994) ~[na:1.8.0_131]
	at java.lang.StringBuilder.append(StringBuilder.java:131) ~[na:1.8.0_131]
	at com.jpa.hibernate.demo.entity.Course.toString(Course.java:105) ~[classes/:na]
	at java.lang.String.valueOf(String.java:2994) ~[na:1.8.0_131]
	at java.lang.StringBuilder.append(StringBuilder.java:131) ~[na:1.8.0_131]
	at com.jpa.hibernate.demo.entity.Rating.toString(Rating.java:55) ~[classes/:na]
	at java.lang.String.valueOf(String.java:2994) ~[na:1.8.0_131]
	at java.lang.StringBuilder.append(StringBuilder.java:131) ~[na:1.8.0_131]
	at java.util.AbstractCollection.toString(AbstractCollection.java:462) ~[na:1.8.0_131]
	at org.hibernate.collection.internal.PersistentBag.toString(PersistentBag.java:510) ~[hibernate-core-5.0.12.Final.jar:5.0.12.Final]
	at java.lang.String.valueOf(String.java:2994) ~[na:1.8.0_131]
	at java.lang.StringBuilder.append(StringBuilder.java:131) ~[na:1.8.0_131]
	at com.jpa.hibernate.demo.entity.Course.toString(Course.java:105) ~[classes/:na]
	at java.lang.String.valueOf(String.java:2994) ~[na:1.8.0_131]
	at java.lang.StringBuilder.append(StringBuilder.java:131) ~[na:1.8.0_131]
	at com.jpa.hibernate.demo.entity.Rating.toString(Rating.java:55) ~[classes/:na]
	at java.lang.String.valueOf(String.java:2994) ~[na:1.8.0_131]
	at java.lang.StringBuilder.append(StringBuilder.java:131) ~[na:1.8.0_131]
	at java.util.AbstractCollection.toString(AbstractCollection.java:462) ~[na:1.8.0_131]
	at org.hibernate.collection.internal.PersistentBag.toString(PersistentBag.java:510) ~[hibernate-core-5.0.12.Final.jar:5.0.12.Final]
	at java.lang.String.valueOf(String.java:2994) ~[na:1.8.0_131]
	at java.lang.StringBuilder.append(StringBuilder.java:131) ~[na:1.8.0_131]
	at com.jpa.hibernate.demo.entity.Course.toString(Course.java:105) ~[classes/:na]
	at java.lang.String.valueOf(String.java:2994) ~[na:1.8.0_131]
	at java.lang.StringBuilder.append(StringBuilder.java:131) ~[na:1.8.0_131]
	at com.jpa.hibernate.demo.entity.Rating.toString(Rating.java:55) ~[classes/:na]
	at java.lang.String.valueOf(String.java:2994) ~[na:1.8.0_131]
	at java.lang.StringBuilder.append(StringBuilder.java:131) ~[na:1.8.0_131]
	at java.util.AbstractCollection.toString(AbstractCollection.java:462) ~[na:1.8.0_131]
	at org.hibernate.collection.internal.PersistentBag.toString(PersistentBag.java:510) ~[hibernate-core-5.0.12.Final.jar:5.0.12.Final]
	at java.lang.String.valueOf(String.java:2994) ~[na:1.8.0_131]
	at java.lang.StringBuilder.append(StringBuilder.java:131) ~[na:1.8.0_131]
	at com.jpa.hibernate.demo.entity.Course.toString(Course.java:105) ~[classes/:na]
	at java.lang.String.valueOf(String.java:2994) ~[na:1.8.0_131]
	at java.lang.StringBuilder.append(StringBuilder.java:131) ~[na:1.8.0_131]
	at com.jpa.hibernate.demo.entity.Rating.toString(Rating.java:55) ~[classes/:na]
	at java.lang.String.valueOf(String.java:2994) ~[na:1.8.0_131]
	at java.lang.StringBuilder.append(StringBuilder.java:131) ~[na:1.8.0_131]
	at java.util.AbstractCollection.toString(AbstractCollection.java:462) ~[na:1.8.0_131]
	at org.hibernate.collection.internal.PersistentBag.toString(PersistentBag.java:510) ~[hibernate-core-5.0.12.Final.jar:5.0.12.Final]
	at java.lang.String.valueOf(String.java:2994) ~[na:1.8.0_131]
	at java.lang.StringBuilder.append(StringBuilder.java:131) ~[na:1.8.0_131]
	at com.jpa.hibernate.demo.entity.Course.toString(Course.java:105) ~[classes/:na]
	at java.lang.String.valueOf(String.java:2994) ~[na:1.8.0_131]
	at java.lang.StringBuilder.append(StringBuilder.java:131) ~[na:1.8.0_131]
	at com.jpa.hibernate.demo.entity.Rating.toString(Rating.java:55) ~[classes/:na]
	at java.lang.String.valueOf(String.java:2994) ~[na:1.8.0_131]
	at java.lang.StringBuilder.append(StringBuilder.java:131) ~[na:1.8.0_131]
	at java.util.AbstractCollection.toString(AbstractCollection.java:462) ~[na:1.8.0_131]
	at org.hibernate.collection.internal.PersistentBag.toString(PersistentBag.java:510) ~[hibernate-core-5.0.12.Final.jar:5.0.12.Final]
	at java.lang.String.valueOf(String.java:2994) ~[na:1.8.0_131]
	at java.lang.StringBuilder.append(StringBuilder.java:131) ~[na:1.8.0_131]
	at com.jpa.hibernate.demo.entity.Course.toString(Course.java:105) ~[classes/:na]
	at java.lang.String.valueOf(String.java:2994) ~[na:1.8.0_131]
	at java.lang.StringBuilder.append(StringBuilder.java:131) ~[na:1.8.0_131]
	at com.jpa.hibernate.demo.entity.Rating.toString(Rating.java:55) ~[classes/:na]
	at java.lang.String.valueOf(String.java:2994) ~[na:1.8.0_131]
	at java.lang.StringBuilder.append(StringBuilder.java:131) ~[na:1.8.0_131]
	at java.util.AbstractCollection.toString(AbstractCollection.java:462) ~[na:1.8.0_131]
	at org.hibernate.collection.internal.PersistentBag.toString(PersistentBag.java:510) ~[hibernate-core-5.0.12.Final.jar:5.0.12.Final]
	at java.lang.String.valueOf(String.java:2994) ~[na:1.8.0_131]
	at java.lang.StringBuilder.append(StringBuilder.java:131) ~[na:1.8.0_131]
	at com.jpa.hibernate.demo.entity.Course.toString(Course.java:105) ~[classes/:na]
	at java.lang.String.valueOf(String.java:2994) ~[na:1.8.0_131]
	at java.lang.StringBuilder.append(StringBuilder.java:131) ~[na:1.8.0_131]
	at com.jpa.hibernate.demo.entity.Rating.toString(Rating.java:55) ~[classes/:na]
	at java.lang.String.valueOf(String.java:2994) ~[na:1.8.0_131]
	at java.lang.StringBuilder.append(StringBuilder.java:131) ~[na:1.8.0_131]
	at java.util.AbstractCollection.toString(AbstractCollection.java:462) ~[na:1.8.0_131]
	at org.hibernate.collection.internal.PersistentBag.toString(PersistentBag.java:510) ~[hibernate-core-5.0.12.Final.jar:5.0.12.Final]
	at java.lang.String.valueOf(String.java:2994) ~[na:1.8.0_131]
	at java.lang.StringBuilder.append(StringBuilder.java:131) ~[na:1.8.0_131]
	at com.jpa.hibernate.demo.entity.Course.toString(Course.java:105) ~[classes/:na]
	at java.lang.String.valueOf(String.java:2994) ~[na:1.8.0_131]
	at java.lang.StringBuilder.append(StringBuilder.java:131) ~[na:1.8.0_131]
	at com.jpa.hibernate.demo.entity.Rating.toString(Rating.java:55) ~[classes/:na]
	at java.lang.String.valueOf(String.java:2994) ~[na:1.8.0_131]
	at java.lang.StringBuilder.append(StringBuilder.java:131) ~[na:1.8.0_131]
	at java.util.AbstractCollection.toString(AbstractCollection.java:462) ~[na:1.8.0_131]
	at org.hibernate.collection.internal.PersistentBag.toString(PersistentBag.java:510) ~[hibernate-core-5.0.12.Final.jar:5.0.12.Final]
	at java.lang.String.valueOf(String.java:2994) ~[na:1.8.0_131]
	at java.lang.StringBuilder.append(StringBuilder.java:131) ~[na:1.8.0_131]
	at com.jpa.hibernate.demo.entity.Course.toString(Course.java:105) ~[classes/:na]
	at java.lang.String.valueOf(String.java:2994) ~[na:1.8.0_131]
	at java.lang.StringBuilder.append(StringBuilder.java:131) ~[na:1.8.0_131]
	at com.jpa.hibernate.demo.entity.Rating.toString(Rating.java:55) ~[classes/:na]
	at java.lang.String.valueOf(String.java:2994) ~[na:1.8.0_131]
	at java.lang.StringBuilder.append(StringBuilder.java:131) ~[na:1.8.0_131]
	at java.util.AbstractCollection.toString(AbstractCollection.java:462) ~[na:1.8.0_131]
	at org.hibernate.collection.internal.PersistentBag.toString(PersistentBag.java:510) ~[hibernate-core-5.0.12.Final.jar:5.0.12.Final]
	at java.lang.String.valueOf(String.java:2994) ~[na:1.8.0_131]
	at java.lang.StringBuilder.append(StringBuilder.java:131) ~[na:1.8.0_131]
	at com.jpa.hibernate.demo.entity.Course.toString(Course.java:105) ~[classes/:na]
	at java.lang.String.valueOf(String.java:2994) ~[na:1.8.0_131]
	at java.lang.StringBuilder.append(StringBuilder.java:131) ~[na:1.8.0_131]
	at com.jpa.hibernate.demo.entity.Rating.toString(Rating.java:55) ~[classes/:na]
	at java.lang.String.valueOf(String.java:2994) ~[na:1.8.0_131]
	at java.lang.StringBuilder.append(StringBuilder.java:131) ~[na:1.8.0_131]
	at java.util.AbstractCollection.toString(AbstractCollection.java:462) ~[na:1.8.0_131]
	at org.hibernate.collection.internal.PersistentBag.toString(PersistentBag.java:510) ~[hibernate-core-5.0.12.Final.jar:5.0.12.Final]
	at java.lang.String.valueOf(String.java:2994) ~[na:1.8.0_131]
	at java.lang.StringBuilder.append(StringBuilder.java:131) ~[na:1.8.0_131]
	at com.jpa.hibernate.demo.entity.Course.toString(Course.java:105) ~[classes/:na]
	at java.lang.String.valueOf(String.java:2994) ~[na:1.8.0_131]
	at java.lang.StringBuilder.append(StringBuilder.java:131) ~[na:1.8.0_131]
	at com.jpa.hibernate.demo.entity.Rating.toString(Rating.java:55) ~[classes/:na]
	at java.lang.String.valueOf(String.java:2994) ~[na:1.8.0_131]
	at java.lang.StringBuilder.append(StringBuilder.java:131) ~[na:1.8.0_131]
	at java.util.AbstractCollection.toString(AbstractCollection.java:462) ~[na:1.8.0_131]
	at org.hibernate.collection.internal.PersistentBag.toString(PersistentBag.java:510) ~[hibernate-core-5.0.12.Final.jar:5.0.12.Final]
	at java.lang.String.valueOf(String.java:2994) ~[na:1.8.0_131]
	at java.lang.StringBuilder.append(StringBuilder.java:131) ~[na:1.8.0_131]
	at com.jpa.hibernate.demo.entity.Course.toString(Course.java:105) ~[classes/:na]
	at java.lang.String.valueOf(String.java:2994) ~[na:1.8.0_131]
	at java.lang.StringBuilder.append(StringBuilder.java:131) ~[na:1.8.0_131]
	at com.jpa.hibernate.demo.entity.Rating.toString(Rating.java:55) ~[classes/:na]
	at java.lang.String.valueOf(String.java:2994) ~[na:1.8.0_131]
	at java.lang.StringBuilder.append(StringBuilder.java:131) ~[na:1.8.0_131]
	at java.util.AbstractCollection.toString(AbstractCollection.java:462) ~[na:1.8.0_131]
	at org.hibernate.collection.internal.PersistentBag.toString(PersistentBag.java:510) ~[hibernate-core-5.0.12.Final.jar:5.0.12.Final]
	at java.lang.String.valueOf(String.java:2994) ~[na:1.8.0_131]
	at java.lang.StringBuilder.append(StringBuilder.java:131) ~[na:1.8.0_131]
	at com.jpa.hibernate.demo.entity.Course.toString(Course.java:105) ~[classes/:na]
	at java.lang.String.valueOf(String.java:2994) ~[na:1.8.0_131]
	at java.lang.StringBuilder.append(StringBuilder.java:131) ~[na:1.8.0_131]
	at com.jpa.hibernate.demo.entity.Rating.toString(Rating.java:55) ~[classes/:na]
	at java.lang.String.valueOf(String.java:2994) ~[na:1.8.0_131]
	at java.lang.StringBuilder.append(StringBuilder.java:131) ~[na:1.8.0_131]
	at java.util.AbstractCollection.toString(AbstractCollection.java:462) ~[na:1.8.0_131]
	at org.hibernate.collection.internal.PersistentBag.toString(PersistentBag.java:510) ~[hibernate-core-5.0.12.Final.jar:5.0.12.Final]
	at java.lang.String.valueOf(String.java:2994) ~[na:1.8.0_131]
	at java.lang.StringBuilder.append(StringBuilder.java:131) ~[na:1.8.0_131]
	at com.jpa.hibernate.demo.entity.Course.toString(Course.java:105) ~[classes/:na]
	at java.lang.String.valueOf(String.java:2994) ~[na:1.8.0_131]
	at java.lang.StringBuilder.append(StringBuilder.java:131) ~[na:1.8.0_131]
	at com.jpa.hibernate.demo.entity.Rating.toString(Rating.java:55) ~[classes/:na]
	at java.lang.String.valueOf(String.java:2994) ~[na:1.8.0_131]
	at java.lang.StringBuilder.append(StringBuilder.java:131) ~[na:1.8.0_131]
	at java.util.AbstractCollection.toString(AbstractCollection.java:462) ~[na:1.8.0_131]
	at org.hibernate.collection.internal.PersistentBag.toString(PersistentBag.java:510) ~[hibernate-core-5.0.12.Final.jar:5.0.12.Final]
	at java.lang.String.valueOf(String.java:2994) ~[na:1.8.0_131]
	at java.lang.StringBuilder.append(StringBuilder.java:131) ~[na:1.8.0_131]
	at com.jpa.hibernate.demo.entity.Course.toString(Course.java:105) ~[classes/:na]
	at java.lang.String.valueOf(String.java:2994) ~[na:1.8.0_131]
	at java.lang.StringBuilder.append(StringBuilder.java:131) ~[na:1.8.0_131]
	at com.jpa.hibernate.demo.entity.Rating.toString(Rating.java:55) ~[classes/:na]
	at java.lang.String.valueOf(String.java:2994) ~[na:1.8.0_131]
	at java.lang.StringBuilder.append(StringBuilder.java:131) ~[na:1.8.0_131]
	at java.util.AbstractCollection.toString(AbstractCollection.java:462) ~[na:1.8.0_131]
	at org.hibernate.collection.internal.PersistentBag.toString(PersistentBag.java:510) ~[hibernate-core-5.0.12.Final.jar:5.0.12.Final]
	at java.lang.String.valueOf(String.java:2994) ~[na:1.8.0_131]
	at java.lang.StringBuilder.append(StringBuilder.java:131) ~[na:1.8.0_131]
	at com.jpa.hibernate.demo.entity.Course.toString(Course.java:105) ~[classes/:na]
	at java.lang.String.valueOf(String.java:2994) ~[na:1.8.0_131]
	at java.lang.StringBuilder.append(StringBuilder.java:131) ~[na:1.8.0_131]
	at com.jpa.hibernate.demo.entity.Rating.toString(Rating.java:55) ~[classes/:na]
	at java.lang.String.valueOf(String.java:2994) ~[na:1.8.0_131]
	at java.lang.StringBuilder.append(StringBuilder.java:131) ~[na:1.8.0_131]
	at java.util.AbstractCollection.toString(AbstractCollection.java:462) ~[na:1.8.0_131]
	at org.hibernate.collection.internal.PersistentBag.toString(PersistentBag.java:510) ~[hibernate-core-5.0.12.Final.jar:5.0.12.Final]
	at java.lang.String.valueOf(String.java:2994) ~[na:1.8.0_131]
	at java.lang.StringBuilder.append(StringBuilder.java:131) ~[na:1.8.0_131]
	at com.jpa.hibernate.demo.entity.Course.toString(Course.java:105) ~[classes/:na]
	at java.lang.String.valueOf(String.java:2994) ~[na:1.8.0_131]
	at java.lang.StringBuilder.append(StringBuilder.java:131) ~[na:1.8.0_131]
	at com.jpa.hibernate.demo.entity.Rating.toString(Rating.java:55) ~[classes/:na]
	at java.lang.String.valueOf(String.java:2994) ~[na:1.8.0_131]
	at java.lang.StringBuilder.append(StringBuilder.java:131) ~[na:1.8.0_131]
	at java.util.AbstractCollection.toString(AbstractCollection.java:462) ~[na:1.8.0_131]
	at org.hibernate.collection.internal.PersistentBag.toString(PersistentBag.java:510) ~[hibernate-core-5.0.12.Final.jar:5.0.12.Final]
	at java.lang.String.valueOf(String.java:2994) ~[na:1.8.0_131]
	at java.lang.StringBuilder.append(StringBuilder.java:131) ~[na:1.8.0_131]
	at com.jpa.hibernate.demo.entity.Course.toString(Course.java:105) ~[classes/:na]
	at java.lang.String.valueOf(String.java:2994) ~[na:1.8.0_131]
	at java.lang.StringBuilder.append(StringBuilder.java:131) ~[na:1.8.0_131]
	at com.jpa.hibernate.demo.entity.Rating.toString(Rating.java:55) ~[classes/:na]
	at java.lang.String.valueOf(String.java:2994) ~[na:1.8.0_131]
	at java.lang.StringBuilder.append(StringBuilder.java:131) ~[na:1.8.0_131]
	at java.util.AbstractCollection.toString(AbstractCollection.java:462) ~[na:1.8.0_131]
	at org.hibernate.collection.internal.PersistentBag.toString(PersistentBag.java:510) ~[hibernate-core-5.0.12.Final.jar:5.0.12.Final]
	at java.lang.String.valueOf(String.java:2994) ~[na:1.8.0_131]
	at java.lang.StringBuilder.append(StringBuilder.java:131) ~[na:1.8.0_131]
	at com.jpa.hibernate.demo.entity.Course.toString(Course.java:105) ~[classes/:na]
	at java.lang.String.valueOf(String.java:2994) ~[na:1.8.0_131]
	at java.lang.StringBuilder.append(StringBuilder.java:131) ~[na:1.8.0_131]
	at com.jpa.hibernate.demo.entity.Rating.toString(Rating.java:55) ~[classes/:na]
	at java.lang.String.valueOf(String.java:2994) ~[na:1.8.0_131]
	at java.lang.StringBuilder.append(StringBuilder.java:131) ~[na:1.8.0_131]
	at java.util.AbstractCollection.toString(AbstractCollection.java:462) ~[na:1.8.0_131]
	at org.hibernate.collection.internal.PersistentBag.toString(PersistentBag.java:510) ~[hibernate-core-5.0.12.Final.jar:5.0.12.Final]
	at java.lang.String.valueOf(String.java:2994) ~[na:1.8.0_131]
	at java.lang.StringBuilder.append(StringBuilder.java:131) ~[na:1.8.0_131]
	at com.jpa.hibernate.demo.entity.Course.toString(Course.java:105) ~[classes/:na]
	at java.lang.String.valueOf(String.java:2994) ~[na:1.8.0_131]
	at java.lang.StringBuilder.append(StringBuilder.java:131) ~[na:1.8.0_131]
	at com.jpa.hibernate.demo.entity.Rating.toString(Rating.java:55) ~[classes/:na]
	at java.lang.String.valueOf(String.java:2994) ~[na:1.8.0_131]
	at java.lang.StringBuilder.append(StringBuilder.java:131) ~[na:1.8.0_131]
	at java.util.AbstractCollection.toString(AbstractCollection.java:462) ~[na:1.8.0_131]
	at org.hibernate.collection.internal.PersistentBag.toString(PersistentBag.java:510) ~[hibernate-core-5.0.12.Final.jar:5.0.12.Final]
	at java.lang.String.valueOf(String.java:2994) ~[na:1.8.0_131]
	at java.lang.StringBuilder.append(StringBuilder.java:131) ~[na:1.8.0_131]
	at com.jpa.hibernate.demo.entity.Course.toString(Course.java:105) ~[classes/:na]
	at java.lang.String.valueOf(String.java:2994) ~[na:1.8.0_131]
	at java.lang.StringBuilder.append(StringBuilder.java:131) ~[na:1.8.0_131]
	at com.jpa.hibernate.demo.entity.Rating.toString(Rating.java:55) ~[classes/:na]
	at java.lang.String.valueOf(String.java:2994) ~[na:1.8.0_131]
	at java.lang.StringBuilder.append(StringBuilder.java:131) ~[na:1.8.0_131]
	at java.util.AbstractCollection.toString(AbstractCollection.java:462) ~[na:1.8.0_131]
	at org.hibernate.collection.internal.PersistentBag.toString(PersistentBag.java:510) ~[hibernate-core-5.0.12.Final.jar:5.0.12.Final]
	at java.lang.String.valueOf(String.java:2994) ~[na:1.8.0_131]
	at java.lang.StringBuilder.append(StringBuilder.java:131) ~[na:1.8.0_131]
	at com.jpa.hibernate.demo.entity.Course.toString(Course.java:105) ~[classes/:na]
	at java.lang.String.valueOf(String.java:2994) ~[na:1.8.0_131]
	at java.lang.StringBuilder.append(StringBuilder.java:131) ~[na:1.8.0_131]
	at com.jpa.hibernate.demo.entity.Rating.toString(Rating.java:55) ~[classes/:na]
	at java.lang.String.valueOf(String.java:2994) ~[na:1.8.0_131]
	at java.lang.StringBuilder.append(StringBuilder.java:131) ~[na:1.8.0_131]
	at java.util.AbstractCollection.toString(AbstractCollection.java:462) ~[na:1.8.0_131]
	at org.hibernate.collection.internal.PersistentBag.toString(PersistentBag.java:510) ~[hibernate-core-5.0.12.Final.jar:5.0.12.Final]
	at java.lang.String.valueOf(String.java:2994) ~[na:1.8.0_131]
	at java.lang.StringBuilder.append(StringBuilder.java:131) ~[na:1.8.0_131]
	at com.jpa.hibernate.demo.entity.Course.toString(Course.java:105) ~[classes/:na]
	at java.lang.String.valueOf(String.java:2994) ~[na:1.8.0_131]
	at java.lang.StringBuilder.append(StringBuilder.java:131) ~[na:1.8.0_131]
	at com.jpa.hibernate.demo.entity.Rating.toString(Rating.java:55) ~[classes/:na]
	at java.lang.String.valueOf(String.java:2994) ~[na:1.8.0_131]
	at java.lang.StringBuilder.append(StringBuilder.java:131) ~[na:1.8.0_131]
	at java.util.AbstractCollection.toString(AbstractCollection.java:462) ~[na:1.8.0_131]
	at org.hibernate.collection.internal.PersistentBag.toString(PersistentBag.java:510) ~[hibernate-core-5.0.12.Final.jar:5.0.12.Final]
	at java.lang.String.valueOf(String.java:2994) ~[na:1.8.0_131]
	at java.lang.StringBuilder.append(StringBuilder.java:131) ~[na:1.8.0_131]
	at com.jpa.hibernate.demo.entity.Course.toString(Course.java:105) ~[classes/:na]
	at java.lang.String.valueOf(String.java:2994) ~[na:1.8.0_131]
	at java.lang.StringBuilder.append(StringBuilder.java:131) ~[na:1.8.0_131]
	at com.jpa.hibernate.demo.entity.Rating.toString(Rating.java:55) ~[classes/:na]
	at java.lang.String.valueOf(String.java:2994) ~[na:1.8.0_131]
	at java.lang.StringBuilder.append(StringBuilder.java:131) ~[na:1.8.0_131]
	at java.util.AbstractCollection.toString(AbstractCollection.java:462) ~[na:1.8.0_131]
	at org.hibernate.collection.internal.PersistentBag.toString(PersistentBag.java:510) ~[hibernate-core-5.0.12.Final.jar:5.0.12.Final]
	at java.lang.String.valueOf(String.java:2994) ~[na:1.8.0_131]
	at java.lang.StringBuilder.append(StringBuilder.java:131) ~[na:1.8.0_131]
	at com.jpa.hibernate.demo.entity.Course.toString(Course.java:105) ~[classes/:na]
	at java.lang.String.valueOf(String.java:2994) ~[na:1.8.0_131]
	at java.lang.StringBuilder.append(StringBuilder.java:131) ~[na:1.8.0_131]
	at com.jpa.hibernate.demo.entity.Rating.toString(Rating.java:55) ~[classes/:na]
	at java.lang.String.valueOf(String.java:2994) ~[na:1.8.0_131]
	at java.lang.StringBuilder.append(StringBuilder.java:131) ~[na:1.8.0_131]
	at java.util.AbstractCollection.toString(AbstractCollection.java:462) ~[na:1.8.0_131]
	at org.hibernate.collection.internal.PersistentBag.toString(PersistentBag.java:510) ~[hibernate-core-5.0.12.Final.jar:5.0.12.Final]
	at java.lang.String.valueOf(String.java:2994) ~[na:1.8.0_131]
	at java.lang.StringBuilder.append(StringBuilder.java:131) ~[na:1.8.0_131]
	at com.jpa.hibernate.demo.entity.Course.toString(Course.java:105) ~[classes/:na]
	at java.lang.String.valueOf(String.java:2994) ~[na:1.8.0_131]
	at java.lang.StringBuilder.append(StringBuilder.java:131) ~[na:1.8.0_131]
	at com.jpa.hibernate.demo.entity.Rating.toString(Rating.java:55) ~[classes/:na]
	at java.lang.String.valueOf(String.java:2994) ~[na:1.8.0_131]
	at java.lang.StringBuilder.append(StringBuilder.java:131) ~[na:1.8.0_131]
	at java.util.AbstractCollection.toString(AbstractCollection.java:462) ~[na:1.8.0_131]
	at org.hibernate.collection.internal.PersistentBag.toString(PersistentBag.java:510) ~[hibernate-core-5.0.12.Final.jar:5.0.12.Final]
	at java.lang.String.valueOf(String.java:2994) ~[na:1.8.0_131]
	at java.lang.StringBuilder.append(StringBuilder.java:131) ~[na:1.8.0_131]
	at com.jpa.hibernate.demo.entity.Course.toString(Course.java:105) ~[classes/:na]
	at java.lang.String.valueOf(String.java:2994) ~[na:1.8.0_131]
	at java.lang.StringBuilder.append(StringBuilder.java:131) ~[na:1.8.0_131]
	at com.jpa.hibernate.demo.entity.Rating.toString(Rating.java:55) ~[classes/:na]
	at java.lang.String.valueOf(String.java:2994) ~[na:1.8.0_131]
	at java.lang.StringBuilder.append(StringBuilder.java:131) ~[na:1.8.0_131]
	at java.util.AbstractCollection.toString(AbstractCollection.java:462) ~[na:1.8.0_131]
	at org.hibernate.collection.internal.PersistentBag.toString(PersistentBag.java:510) ~[hibernate-core-5.0.12.Final.jar:5.0.12.Final]
	at java.lang.String.valueOf(String.java:2994) ~[na:1.8.0_131]
	at java.lang.StringBuilder.append(StringBuilder.java:131) ~[na:1.8.0_131]
	at com.jpa.hibernate.demo.entity.Course.toString(Course.java:105) ~[classes/:na]
	at java.lang.String.valueOf(String.java:2994) ~[na:1.8.0_131]
	at java.lang.StringBuilder.append(StringBuilder.java:131) ~[na:1.8.0_131]
	at com.jpa.hibernate.demo.entity.Rating.toString(Rating.java:55) ~[classes/:na]
	at java.lang.String.valueOf(String.java:2994) ~[na:1.8.0_131]
	at java.lang.StringBuilder.append(StringBuilder.java:131) ~[na:1.8.0_131]
	at java.util.AbstractCollection.toString(AbstractCollection.java:462) ~[na:1.8.0_131]
	at org.hibernate.collection.internal.PersistentBag.toString(PersistentBag.java:510) ~[hibernate-core-5.0.12.Final.jar:5.0.12.Final]
	at java.lang.String.valueOf(String.java:2994) ~[na:1.8.0_131]
	at java.lang.StringBuilder.append(StringBuilder.java:131) ~[na:1.8.0_131]
	at com.jpa.hibernate.demo.entity.Course.toString(Course.java:105) ~[classes/:na]
	at java.lang.String.valueOf(String.java:2994) ~[na:1.8.0_131]
	at java.lang.StringBuilder.append(StringBuilder.java:131) ~[na:1.8.0_131]
	at com.jpa.hibernate.demo.entity.Rating.toString(Rating.java:55) ~[classes/:na]
	at java.lang.String.valueOf(String.java:2994) ~[na:1.8.0_131]
	at java.lang.StringBuilder.append(StringBuilder.java:131) ~[na:1.8.0_131]
	at java.util.AbstractCollection.toString(AbstractCollection.java:462) ~[na:1.8.0_131]

]]></system-out>
    <system-err><![CDATA[Wed Jun 19 12:01:00 IST 2019 WARN: Establishing SSL connection without server's identity verification is not recommended. According to MySQL 5.5.45+, 5.6.26+ and 5.7.6+ requirements SSL connection must be established by default if explicit option isn't set. For compliance with existing applications not using SSL the verifyServerCertificate property is set to 'false'. You need either to explicitly disable SSL by setting useSSL=false, or set useSSL=true and provide truststore for server certificate verification.
Wed Jun 19 12:01:00 IST 2019 WARN: Establishing SSL connection without server's identity verification is not recommended. According to MySQL 5.5.45+, 5.6.26+ and 5.7.6+ requirements SSL connection must be established by default if explicit option isn't set. For compliance with existing applications not using SSL the verifyServerCertificate property is set to 'false'. You need either to explicitly disable SSL by setting useSSL=false, or set useSSL=true and provide truststore for server certificate verification.
Wed Jun 19 12:01:00 IST 2019 WARN: Establishing SSL connection without server's identity verification is not recommended. According to MySQL 5.5.45+, 5.6.26+ and 5.7.6+ requirements SSL connection must be established by default if explicit option isn't set. For compliance with existing applications not using SSL the verifyServerCertificate property is set to 'false'. You need either to explicitly disable SSL by setting useSSL=false, or set useSSL=true and provide truststore for server certificate verification.
Wed Jun 19 12:01:00 IST 2019 WARN: Establishing SSL connection without server's identity verification is not recommended. According to MySQL 5.5.45+, 5.6.26+ and 5.7.6+ requirements SSL connection must be established by default if explicit option isn't set. For compliance with existing applications not using SSL the verifyServerCertificate property is set to 'false'. You need either to explicitly disable SSL by setting useSSL=false, or set useSSL=true and provide truststore for server certificate verification.
Wed Jun 19 12:01:00 IST 2019 WARN: Establishing SSL connection without server's identity verification is not recommended. According to MySQL 5.5.45+, 5.6.26+ and 5.7.6+ requirements SSL connection must be established by default if explicit option isn't set. For compliance with existing applications not using SSL the verifyServerCertificate property is set to 'false'. You need either to explicitly disable SSL by setting useSSL=false, or set useSSL=true and provide truststore for server certificate verification.
Wed Jun 19 12:01:00 IST 2019 WARN: Establishing SSL connection without server's identity verification is not recommended. According to MySQL 5.5.45+, 5.6.26+ and 5.7.6+ requirements SSL connection must be established by default if explicit option isn't set. For compliance with existing applications not using SSL the verifyServerCertificate property is set to 'false'. You need either to explicitly disable SSL by setting useSSL=false, or set useSSL=true and provide truststore for server certificate verification.
Wed Jun 19 12:01:00 IST 2019 WARN: Establishing SSL connection without server's identity verification is not recommended. According to MySQL 5.5.45+, 5.6.26+ and 5.7.6+ requirements SSL connection must be established by default if explicit option isn't set. For compliance with existing applications not using SSL the verifyServerCertificate property is set to 'false'. You need either to explicitly disable SSL by setting useSSL=false, or set useSSL=true and provide truststore for server certificate verification.
Wed Jun 19 12:01:00 IST 2019 WARN: Establishing SSL connection without server's identity verification is not recommended. According to MySQL 5.5.45+, 5.6.26+ and 5.7.6+ requirements SSL connection must be established by default if explicit option isn't set. For compliance with existing applications not using SSL the verifyServerCertificate property is set to 'false'. You need either to explicitly disable SSL by setting useSSL=false, or set useSSL=true and provide truststore for server certificate verification.
Wed Jun 19 12:01:00 IST 2019 WARN: Establishing SSL connection without server's identity verification is not recommended. According to MySQL 5.5.45+, 5.6.26+ and 5.7.6+ requirements SSL connection must be established by default if explicit option isn't set. For compliance with existing applications not using SSL the verifyServerCertificate property is set to 'false'. You need either to explicitly disable SSL by setting useSSL=false, or set useSSL=true and provide truststore for server certificate verification.
Wed Jun 19 12:01:00 IST 2019 WARN: Establishing SSL connection without server's identity verification is not recommended. According to MySQL 5.5.45+, 5.6.26+ and 5.7.6+ requirements SSL connection must be established by default if explicit option isn't set. For compliance with existing applications not using SSL the verifyServerCertificate property is set to 'false'. You need either to explicitly disable SSL by setting useSSL=false, or set useSSL=true and provide truststore for server certificate verification.
]]></system-err>
  </testcase>
</testsuite>